[2025-02-27T11:28:23.436+0000] {taskinstance.py:1125} INFO - Dependencies all met for dep_context=non-requeueable deps ti=<TaskInstance: api_to_db_dag.spark_join_task manual__2025-02-27T11:28:22.237693+00:00 [queued]>
[2025-02-27T11:28:23.441+0000] {taskinstance.py:1125} INFO - Dependencies all met for dep_context=requeueable deps ti=<TaskInstance: api_to_db_dag.spark_join_task manual__2025-02-27T11:28:22.237693+00:00 [queued]>
[2025-02-27T11:28:23.442+0000] {taskinstance.py:1331} INFO - Starting attempt 1 of 1
[2025-02-27T11:28:23.452+0000] {taskinstance.py:1350} INFO - Executing <Task(SparkSubmitOperator): spark_join_task> on 2025-02-27 11:28:22.237693+00:00
[2025-02-27T11:28:23.455+0000] {standard_task_runner.py:57} INFO - Started process 408 to run task
[2025-02-27T11:28:23.457+0000] {standard_task_runner.py:84} INFO - Running: ['***', 'tasks', 'run', 'api_to_db_dag', 'spark_join_task', 'manual__2025-02-27T11:28:22.237693+00:00', '--job-id', '14', '--raw', '--subdir', 'DAGS_FOLDER/dag.py', '--cfg-path', '/tmp/tmpeym3xgko']
[2025-02-27T11:28:23.459+0000] {standard_task_runner.py:85} INFO - Job 14: Subtask spark_join_task
[2025-02-27T11:28:23.504+0000] {task_command.py:410} INFO - Running <TaskInstance: api_to_db_dag.spark_join_task manual__2025-02-27T11:28:22.237693+00:00 [running]> on host 4e453fff3cdd
[2025-02-27T11:28:23.558+0000] {taskinstance.py:1570} INFO - Exporting env vars: AIRFLOW_CTX_DAG_OWNER='***' AIRFLOW_CTX_DAG_ID='api_to_db_dag' AIRFLOW_CTX_TASK_ID='spark_join_task' AIRFLOW_CTX_EXECUTION_DATE='2025-02-27T11:28:22.237693+00:00' AIRFLOW_CTX_TRY_NUMBER='1' AIRFLOW_CTX_DAG_RUN_ID='manual__2025-02-27T11:28:22.237693+00:00'
[2025-02-27T11:28:23.564+0000] {base.py:73} INFO - Using connection ID 'spark_default' for task execution.
[2025-02-27T11:28:23.565+0000] {spark_submit.py:339} INFO - Spark-Submit cmd: spark-submit --master spark-master:7077 --conf spark.master=spark://spark-master:7077 --name spark_join --verbose /opt/***/dags/spark_join.py
[2025-02-27T11:28:23.658+0000] {spark_submit.py:490} INFO - /home/***/.local/lib/python3.7/site-packages/pyspark/bin/spark-class: line 71: /usr/lib/jvm/java-11-openjdk-amd64/bin/java: No such file or directory
[2025-02-27T11:28:23.659+0000] {spark_submit.py:490} INFO - /home/***/.local/lib/python3.7/site-packages/pyspark/bin/spark-class: line 97: CMD: bad array subscript
[2025-02-27T11:28:23.668+0000] {taskinstance.py:1847} ERROR - Task failed with exception
Traceback (most recent call last):
  File "/home/airflow/.local/lib/python3.7/site-packages/airflow/providers/apache/spark/operators/spark_submit.py", line 157, in execute
    self._hook.submit(self._application)
  File "/home/airflow/.local/lib/python3.7/site-packages/airflow/providers/apache/spark/hooks/spark_submit.py", line 422, in submit
    f"Cannot execute: {self._mask_cmd(spark_submit_cmd)}. Error code is: {returncode}."
airflow.exceptions.AirflowException: Cannot execute: spark-submit --master spark-master:7077 --conf spark.master=spark://spark-master:7077 --name spark_join --verbose /opt/***/dags/spark_join.py. Error code is: 1.
[2025-02-27T11:28:23.672+0000] {taskinstance.py:1373} INFO - Marking task as FAILED. dag_id=api_to_db_dag, task_id=spark_join_task, execution_date=20250227T112822, start_date=20250227T112823, end_date=20250227T112823
[2025-02-27T11:28:23.679+0000] {standard_task_runner.py:109} ERROR - Failed to execute job 14 for task spark_join_task (Cannot execute: spark-submit --master spark-master:7077 --conf spark.master=spark://spark-master:7077 --name spark_join --verbose /opt/***/dags/spark_join.py. Error code is: 1.; 408)
[2025-02-27T11:28:23.723+0000] {local_task_job_runner.py:232} INFO - Task exited with return code 1
[2025-02-27T11:28:23.735+0000] {taskinstance.py:2674} INFO - 0 downstream tasks scheduled from follow-on schedule check
