[2025-02-27T20:55:21.365+0000] {taskinstance.py:1125} INFO - Dependencies all met for dep_context=non-requeueable deps ti=<TaskInstance: api_to_db_dag.spark_join_task manual__2025-02-27T20:55:20.045932+00:00 [queued]>
[2025-02-27T20:55:21.374+0000] {taskinstance.py:1125} INFO - Dependencies all met for dep_context=requeueable deps ti=<TaskInstance: api_to_db_dag.spark_join_task manual__2025-02-27T20:55:20.045932+00:00 [queued]>
[2025-02-27T20:55:21.374+0000] {taskinstance.py:1331} INFO - Starting attempt 1 of 1
[2025-02-27T20:55:21.385+0000] {taskinstance.py:1350} INFO - Executing <Task(SparkSubmitOperator): spark_join_task> on 2025-02-27 20:55:20.045932+00:00
[2025-02-27T20:55:21.393+0000] {standard_task_runner.py:57} INFO - Started process 270 to run task
[2025-02-27T20:55:21.396+0000] {standard_task_runner.py:84} INFO - Running: ['***', 'tasks', 'run', 'api_to_db_dag', 'spark_join_task', 'manual__2025-02-27T20:55:20.045932+00:00', '--job-id', '8', '--raw', '--subdir', 'DAGS_FOLDER/dag.py', '--cfg-path', '/tmp/tmp2k7xirx6']
[2025-02-27T20:55:21.406+0000] {standard_task_runner.py:85} INFO - Job 8: Subtask spark_join_task
[2025-02-27T20:55:21.493+0000] {task_command.py:410} INFO - Running <TaskInstance: api_to_db_dag.spark_join_task manual__2025-02-27T20:55:20.045932+00:00 [running]> on host 53fdc8261bae
[2025-02-27T20:55:21.931+0000] {taskinstance.py:1570} INFO - Exporting env vars: AIRFLOW_CTX_DAG_OWNER='***' AIRFLOW_CTX_DAG_ID='api_to_db_dag' AIRFLOW_CTX_TASK_ID='spark_join_task' AIRFLOW_CTX_EXECUTION_DATE='2025-02-27T20:55:20.045932+00:00' AIRFLOW_CTX_TRY_NUMBER='1' AIRFLOW_CTX_DAG_RUN_ID='manual__2025-02-27T20:55:20.045932+00:00'
[2025-02-27T20:55:21.946+0000] {base.py:73} INFO - Using connection ID 'spark_default' for task execution.
[2025-02-27T20:55:21.947+0000] {spark_submit.py:339} INFO - Spark-Submit cmd: spark-submit --master spark-master:7077 --conf spark.master=spark://spark-master:7077 --conf spark.driver.extraClassPath=/opt/bitnami/spark/jars/postgresql-42.7.5.jar --conf spark.executor.extraClassPath=/opt/bitnami/spark/jars/postgresql-42.7.5.jar --conf spark.jars=/opt/bitnami/spark/jars/postgresql-42.7.5.jar --name spark_join --verbose /opt/***/dags/spark_join.py
[2025-02-27T20:55:23.194+0000] {spark_submit.py:490} INFO - Using properties file: null
[2025-02-27T20:55:23.273+0000] {spark_submit.py:490} INFO - Parsed arguments:
[2025-02-27T20:55:23.273+0000] {spark_submit.py:490} INFO - master                  spark-master:7077
[2025-02-27T20:55:23.273+0000] {spark_submit.py:490} INFO - remote                  null
[2025-02-27T20:55:23.277+0000] {spark_submit.py:490} INFO - deployMode              null
[2025-02-27T20:55:23.277+0000] {spark_submit.py:490} INFO - executorMemory          null
[2025-02-27T20:55:23.277+0000] {spark_submit.py:490} INFO - executorCores           null
[2025-02-27T20:55:23.277+0000] {spark_submit.py:490} INFO - totalExecutorCores      null
[2025-02-27T20:55:23.278+0000] {spark_submit.py:490} INFO - propertiesFile          null
[2025-02-27T20:55:23.278+0000] {spark_submit.py:490} INFO - driverMemory            null
[2025-02-27T20:55:23.278+0000] {spark_submit.py:490} INFO - driverCores             null
[2025-02-27T20:55:23.279+0000] {spark_submit.py:490} INFO - driverExtraClassPath    /opt/bitnami/spark/jars/postgresql-42.7.5.jar
[2025-02-27T20:55:23.279+0000] {spark_submit.py:490} INFO - driverExtraLibraryPath  null
[2025-02-27T20:55:23.279+0000] {spark_submit.py:490} INFO - driverExtraJavaOptions  null
[2025-02-27T20:55:23.279+0000] {spark_submit.py:490} INFO - supervise               false
[2025-02-27T20:55:23.280+0000] {spark_submit.py:490} INFO - queue                   null
[2025-02-27T20:55:23.280+0000] {spark_submit.py:490} INFO - numExecutors            null
[2025-02-27T20:55:23.280+0000] {spark_submit.py:490} INFO - files                   null
[2025-02-27T20:55:23.280+0000] {spark_submit.py:490} INFO - pyFiles                 null
[2025-02-27T20:55:23.280+0000] {spark_submit.py:490} INFO - archives                null
[2025-02-27T20:55:23.281+0000] {spark_submit.py:490} INFO - mainClass               null
[2025-02-27T20:55:23.281+0000] {spark_submit.py:490} INFO - primaryResource         file:/opt/***/dags/spark_join.py
[2025-02-27T20:55:23.281+0000] {spark_submit.py:490} INFO - name                    spark_join
[2025-02-27T20:55:23.281+0000] {spark_submit.py:490} INFO - childArgs               []
[2025-02-27T20:55:23.281+0000] {spark_submit.py:490} INFO - jars                    /opt/bitnami/spark/jars/postgresql-42.7.5.jar
[2025-02-27T20:55:23.282+0000] {spark_submit.py:490} INFO - packages                null
[2025-02-27T20:55:23.282+0000] {spark_submit.py:490} INFO - packagesExclusions      null
[2025-02-27T20:55:23.282+0000] {spark_submit.py:490} INFO - repositories            null
[2025-02-27T20:55:23.282+0000] {spark_submit.py:490} INFO - verbose                 true
[2025-02-27T20:55:23.283+0000] {spark_submit.py:490} INFO - 
[2025-02-27T20:55:23.283+0000] {spark_submit.py:490} INFO - Spark properties used, including those specified through
[2025-02-27T20:55:23.283+0000] {spark_submit.py:490} INFO - --conf and those from the properties file null:
[2025-02-27T20:55:23.283+0000] {spark_submit.py:490} INFO - (spark.driver.extraClassPath,/opt/bitnami/spark/jars/postgresql-42.7.5.jar)
[2025-02-27T20:55:23.283+0000] {spark_submit.py:490} INFO - (spark.executor.extraClassPath,/opt/bitnami/spark/jars/postgresql-42.7.5.jar)
[2025-02-27T20:55:23.283+0000] {spark_submit.py:490} INFO - (spark.jars,/opt/bitnami/spark/jars/postgresql-42.7.5.jar)
[2025-02-27T20:55:23.284+0000] {spark_submit.py:490} INFO - (spark.master,spark://spark-master:7077)
[2025-02-27T20:55:23.284+0000] {spark_submit.py:490} INFO - 
[2025-02-27T20:55:23.284+0000] {spark_submit.py:490} INFO - 
[2025-02-27T20:55:23.763+0000] {spark_submit.py:490} INFO - 25/02/27 20:55:23 WARN NativeCodeLoader: Unable to load native-hadoop library for your platform... using builtin-java classes where applicable
[2025-02-27T20:55:23.969+0000] {spark_submit.py:490} INFO - Main class:
[2025-02-27T20:55:23.970+0000] {spark_submit.py:490} INFO - org.apache.spark.deploy.PythonRunner
[2025-02-27T20:55:23.974+0000] {spark_submit.py:490} INFO - Arguments:
[2025-02-27T20:55:23.976+0000] {spark_submit.py:490} INFO - file:/opt/***/dags/spark_join.py
[2025-02-27T20:55:23.977+0000] {spark_submit.py:490} INFO - null
[2025-02-27T20:55:23.980+0000] {spark_submit.py:490} INFO - Spark config:
[2025-02-27T20:55:23.982+0000] {spark_submit.py:490} INFO - (spark.app.name,spark_join)
[2025-02-27T20:55:23.983+0000] {spark_submit.py:490} INFO - (spark.app.submitTime,1740689723954)
[2025-02-27T20:55:23.984+0000] {spark_submit.py:490} INFO - (spark.driver.extraClassPath,/opt/bitnami/spark/jars/postgresql-42.7.5.jar)
[2025-02-27T20:55:23.984+0000] {spark_submit.py:490} INFO - (spark.executor.extraClassPath,/opt/bitnami/spark/jars/postgresql-42.7.5.jar)
[2025-02-27T20:55:23.986+0000] {spark_submit.py:490} INFO - (spark.jars,file:///opt/bitnami/spark/jars/postgresql-42.7.5.jar)
[2025-02-27T20:55:23.986+0000] {spark_submit.py:490} INFO - (spark.master,spark-master:7077)
[2025-02-27T20:55:23.986+0000] {spark_submit.py:490} INFO - (spark.repl.local.jars,file:///opt/bitnami/spark/jars/postgresql-42.7.5.jar)
[2025-02-27T20:55:23.987+0000] {spark_submit.py:490} INFO - (spark.submit.deployMode,client)
[2025-02-27T20:55:23.987+0000] {spark_submit.py:490} INFO - (spark.submit.pyFiles,)
[2025-02-27T20:55:23.987+0000] {spark_submit.py:490} INFO - Classpath elements:
[2025-02-27T20:55:23.988+0000] {spark_submit.py:490} INFO - file:///opt/bitnami/spark/jars/postgresql-42.7.5.jar
[2025-02-27T20:55:23.988+0000] {spark_submit.py:490} INFO - 
[2025-02-27T20:55:23.989+0000] {spark_submit.py:490} INFO - 
[2025-02-27T20:55:24.920+0000] {spark_submit.py:490} INFO - 25/02/27 20:55:24 INFO SparkContext: Running Spark version 3.4.4
[2025-02-27T20:55:24.936+0000] {spark_submit.py:490} INFO - 25/02/27 20:55:24 INFO ResourceUtils: ==============================================================
[2025-02-27T20:55:24.936+0000] {spark_submit.py:490} INFO - 25/02/27 20:55:24 INFO ResourceUtils: No custom resources configured for spark.driver.
[2025-02-27T20:55:24.936+0000] {spark_submit.py:490} INFO - 25/02/27 20:55:24 INFO ResourceUtils: ==============================================================
[2025-02-27T20:55:24.936+0000] {spark_submit.py:490} INFO - 25/02/27 20:55:24 INFO SparkContext: Submitted application: JoinVelibTables
[2025-02-27T20:55:24.948+0000] {spark_submit.py:490} INFO - 25/02/27 20:55:24 INFO ResourceProfile: Default ResourceProfile created, executor resources: Map(cores -> name: cores, amount: 4, script: , vendor: , memory -> name: memory, amount: 4096, script: , vendor: , offHeap -> name: offHeap, amount: 0, script: , vendor: ), task resources: Map(cpus -> name: cpus, amount: 1.0)
[2025-02-27T20:55:24.955+0000] {spark_submit.py:490} INFO - 25/02/27 20:55:24 INFO ResourceProfile: Limiting resource is cpus at 4 tasks per executor
[2025-02-27T20:55:24.956+0000] {spark_submit.py:490} INFO - 25/02/27 20:55:24 INFO ResourceProfileManager: Added ResourceProfile id: 0
[2025-02-27T20:55:24.999+0000] {spark_submit.py:490} INFO - 25/02/27 20:55:24 INFO SecurityManager: Changing view acls to: ***
[2025-02-27T20:55:24.999+0000] {spark_submit.py:490} INFO - 25/02/27 20:55:24 INFO SecurityManager: Changing modify acls to: ***
[2025-02-27T20:55:24.999+0000] {spark_submit.py:490} INFO - 25/02/27 20:55:24 INFO SecurityManager: Changing view acls groups to:
[2025-02-27T20:55:25.000+0000] {spark_submit.py:490} INFO - 25/02/27 20:55:24 INFO SecurityManager: Changing modify acls groups to:
[2025-02-27T20:55:25.000+0000] {spark_submit.py:490} INFO - 25/02/27 20:55:25 INFO SecurityManager: SecurityManager: authentication disabled; ui acls disabled; users with view permissions: ***; groups with view permissions: EMPTY; users with modify permissions: ***; groups with modify permissions: EMPTY
[2025-02-27T20:55:25.149+0000] {spark_submit.py:490} INFO - 25/02/27 20:55:25 INFO Utils: Successfully started service 'sparkDriver' on port 42257.
[2025-02-27T20:55:25.171+0000] {spark_submit.py:490} INFO - 25/02/27 20:55:25 INFO SparkEnv: Registering MapOutputTracker
[2025-02-27T20:55:25.195+0000] {spark_submit.py:490} INFO - 25/02/27 20:55:25 INFO SparkEnv: Registering BlockManagerMaster
[2025-02-27T20:55:25.209+0000] {spark_submit.py:490} INFO - 25/02/27 20:55:25 INFO BlockManagerMasterEndpoint: Using org.apache.spark.storage.DefaultTopologyMapper for getting topology information
[2025-02-27T20:55:25.209+0000] {spark_submit.py:490} INFO - 25/02/27 20:55:25 INFO BlockManagerMasterEndpoint: BlockManagerMasterEndpoint up
[2025-02-27T20:55:25.212+0000] {spark_submit.py:490} INFO - 25/02/27 20:55:25 INFO SparkEnv: Registering BlockManagerMasterHeartbeat
[2025-02-27T20:55:25.225+0000] {spark_submit.py:490} INFO - 25/02/27 20:55:25 INFO DiskBlockManager: Created local directory at /tmp/blockmgr-2d7a3d8a-ae9a-4601-82a9-285a6d581edf
[2025-02-27T20:55:25.235+0000] {spark_submit.py:490} INFO - 25/02/27 20:55:25 INFO MemoryStore: MemoryStore started with capacity 434.4 MiB
[2025-02-27T20:55:25.244+0000] {spark_submit.py:490} INFO - 25/02/27 20:55:25 INFO SparkEnv: Registering OutputCommitCoordinator
[2025-02-27T20:55:25.324+0000] {spark_submit.py:490} INFO - 25/02/27 20:55:25 INFO JettyUtils: Start Jetty 0.0.0.0:4040 for SparkUI
[2025-02-27T20:55:25.367+0000] {spark_submit.py:490} INFO - 25/02/27 20:55:25 WARN Utils: Service 'SparkUI' could not bind on port 4040. Attempting port 4041.
[2025-02-27T20:55:25.372+0000] {spark_submit.py:490} INFO - 25/02/27 20:55:25 INFO Utils: Successfully started service 'SparkUI' on port 4041.
[2025-02-27T20:55:25.400+0000] {spark_submit.py:490} INFO - 25/02/27 20:55:25 INFO SparkContext: Added JAR file:///opt/bitnami/spark/jars/postgresql-42.7.5.jar at spark://53fdc8261bae:42257/jars/postgresql-42.7.5.jar with timestamp 1740689724914
[2025-02-27T20:55:25.527+0000] {spark_submit.py:490} INFO - 25/02/27 20:55:25 INFO StandaloneAppClient$ClientEndpoint: Connecting to master spark://spark-master:7077...
[2025-02-27T20:55:25.601+0000] {spark_submit.py:490} INFO - 25/02/27 20:55:25 INFO TransportClientFactory: Successfully created connection to spark-master/172.18.0.3:7077 after 46 ms (0 ms spent in bootstraps)
[2025-02-27T20:55:25.800+0000] {spark_submit.py:490} INFO - 25/02/27 20:55:25 INFO StandaloneSchedulerBackend: Connected to Spark cluster with app ID app-20250227205525-0001
[2025-02-27T20:55:25.823+0000] {spark_submit.py:490} INFO - 25/02/27 20:55:25 INFO Utils: Successfully started service 'org.apache.spark.network.netty.NettyBlockTransferService' on port 35639.
[2025-02-27T20:55:25.824+0000] {spark_submit.py:490} INFO - 25/02/27 20:55:25 INFO NettyBlockTransferService: Server created on 53fdc8261bae:35639
[2025-02-27T20:55:25.828+0000] {spark_submit.py:490} INFO - 25/02/27 20:55:25 INFO BlockManager: Using org.apache.spark.storage.RandomBlockReplicationPolicy for block replication policy
[2025-02-27T20:55:25.836+0000] {spark_submit.py:490} INFO - 25/02/27 20:55:25 INFO BlockManagerMaster: Registering BlockManager BlockManagerId(driver, 53fdc8261bae, 35639, None)
[2025-02-27T20:55:25.841+0000] {spark_submit.py:490} INFO - 25/02/27 20:55:25 INFO BlockManagerMasterEndpoint: Registering block manager 53fdc8261bae:35639 with 434.4 MiB RAM, BlockManagerId(driver, 53fdc8261bae, 35639, None)
[2025-02-27T20:55:25.848+0000] {spark_submit.py:490} INFO - 25/02/27 20:55:25 INFO BlockManagerMaster: Registered BlockManager BlockManagerId(driver, 53fdc8261bae, 35639, None)
[2025-02-27T20:55:25.850+0000] {spark_submit.py:490} INFO - 25/02/27 20:55:25 INFO BlockManager: Initialized BlockManager: BlockManagerId(driver, 53fdc8261bae, 35639, None)
[2025-02-27T20:55:26.281+0000] {spark_submit.py:490} INFO - 25/02/27 20:55:26 INFO StandaloneSchedulerBackend: SchedulerBackend is ready for scheduling beginning after reached minRegisteredResourcesRatio: 0.0
[2025-02-27T20:55:26.326+0000] {spark_submit.py:490} INFO - /home/***/.local/lib/python3.7/site-packages/pyspark/python/lib/pyspark.zip/pyspark/context.py:317: FutureWarning: Python 3.7 support is deprecated in Spark 3.4.
[2025-02-27T20:55:26.329+0000] {spark_submit.py:490} INFO - warnings.warn("Python 3.7 support is deprecated in Spark 3.4.", FutureWarning)
[2025-02-27T20:55:26.566+0000] {spark_submit.py:490} INFO - 25/02/27 20:55:26 INFO SharedState: Setting hive.metastore.warehouse.dir ('null') to the value of spark.sql.warehouse.dir.
[2025-02-27T20:55:26.570+0000] {spark_submit.py:490} INFO - 25/02/27 20:55:26 INFO SharedState: Warehouse path is 'file:/opt/***/spark-warehouse'.
[2025-02-27T20:55:28.527+0000] {spark_submit.py:490} INFO - 25/02/27 20:55:28 INFO StandaloneAppClient$ClientEndpoint: Executor added: app-20250227205525-0001/0 on worker-20250227203627-172.18.0.4-43141 (172.18.0.4:43141) with 4 core(s)
[2025-02-27T20:55:28.531+0000] {spark_submit.py:490} INFO - 25/02/27 20:55:28 INFO StandaloneSchedulerBackend: Granted executor ID app-20250227205525-0001/0 on hostPort 172.18.0.4:43141 with 4 core(s), 4.0 GiB RAM
[2025-02-27T20:55:28.633+0000] {spark_submit.py:490} INFO - 25/02/27 20:55:28 INFO StandaloneAppClient$ClientEndpoint: Executor updated: app-20250227205525-0001/0 is now RUNNING
[2025-02-27T20:55:28.683+0000] {spark_submit.py:490} INFO - Traceback (most recent call last):
[2025-02-27T20:55:28.684+0000] {spark_submit.py:490} INFO - File "/opt/***/dags/spark_join.py", line 41, in <module>
[2025-02-27T20:55:28.685+0000] {spark_submit.py:490} INFO - main()
[2025-02-27T20:55:28.685+0000] {spark_submit.py:490} INFO - File "/opt/***/dags/spark_join.py", line 22, in main
[2025-02-27T20:55:28.686+0000] {spark_submit.py:490} INFO - stations_df = spark.read.jdbc(url=jdbc_url, table="velib_stations", properties=connection_properties)
[2025-02-27T20:55:28.686+0000] {spark_submit.py:490} INFO - File "/home/***/.local/lib/python3.7/site-packages/pyspark/python/lib/pyspark.zip/pyspark/sql/readwriter.py", line 927, in jdbc
[2025-02-27T20:55:28.687+0000] {spark_submit.py:490} INFO - File "/home/***/.local/lib/python3.7/site-packages/pyspark/python/lib/py4j-0.10.9.7-src.zip/py4j/java_gateway.py", line 1323, in __call__
[2025-02-27T20:55:28.688+0000] {spark_submit.py:490} INFO - File "/home/***/.local/lib/python3.7/site-packages/pyspark/python/lib/pyspark.zip/pyspark/errors/exceptions/captured.py", line 169, in deco
[2025-02-27T20:55:28.689+0000] {spark_submit.py:490} INFO - File "/home/***/.local/lib/python3.7/site-packages/pyspark/python/lib/py4j-0.10.9.7-src.zip/py4j/protocol.py", line 328, in get_return_value
[2025-02-27T20:55:28.690+0000] {spark_submit.py:490} INFO - py4j.protocol.Py4JJavaError: An error occurred while calling o35.jdbc.
[2025-02-27T20:55:28.691+0000] {spark_submit.py:490} INFO - : org.postgresql.util.PSQLException: ERROR: relation "velib_stations" does not exist
[2025-02-27T20:55:28.692+0000] {spark_submit.py:490} INFO - Position: 15
[2025-02-27T20:55:28.692+0000] {spark_submit.py:490} INFO - at org.postgresql.core.v3.QueryExecutorImpl.receiveErrorResponse(QueryExecutorImpl.java:2733)
[2025-02-27T20:55:28.693+0000] {spark_submit.py:490} INFO - at org.postgresql.core.v3.QueryExecutorImpl.processResults(QueryExecutorImpl.java:2420)
[2025-02-27T20:55:28.693+0000] {spark_submit.py:490} INFO - at org.postgresql.core.v3.QueryExecutorImpl.execute(QueryExecutorImpl.java:372)
[2025-02-27T20:55:28.693+0000] {spark_submit.py:490} INFO - at org.postgresql.jdbc.PgStatement.executeInternal(PgStatement.java:517)
[2025-02-27T20:55:28.694+0000] {spark_submit.py:490} INFO - at org.postgresql.jdbc.PgStatement.execute(PgStatement.java:434)
[2025-02-27T20:55:28.694+0000] {spark_submit.py:490} INFO - at org.postgresql.jdbc.PgPreparedStatement.executeWithFlags(PgPreparedStatement.java:194)
[2025-02-27T20:55:28.695+0000] {spark_submit.py:490} INFO - at org.postgresql.jdbc.PgPreparedStatement.executeQuery(PgPreparedStatement.java:137)
[2025-02-27T20:55:28.695+0000] {spark_submit.py:490} INFO - at org.apache.spark.sql.execution.datasources.jdbc.JDBCRDD$.getQueryOutputSchema(JDBCRDD.scala:68)
[2025-02-27T20:55:28.695+0000] {spark_submit.py:490} INFO - at org.apache.spark.sql.execution.datasources.jdbc.JDBCRDD$.resolveTable(JDBCRDD.scala:58)
[2025-02-27T20:55:28.696+0000] {spark_submit.py:490} INFO - at org.apache.spark.sql.execution.datasources.jdbc.JDBCRelation$.getSchema(JDBCRelation.scala:241)
[2025-02-27T20:55:28.697+0000] {spark_submit.py:490} INFO - at org.apache.spark.sql.execution.datasources.jdbc.JdbcRelationProvider.createRelation(JdbcRelationProvider.scala:37)
[2025-02-27T20:55:28.697+0000] {spark_submit.py:490} INFO - at org.apache.spark.sql.execution.datasources.DataSource.resolveRelation(DataSource.scala:346)
[2025-02-27T20:55:28.697+0000] {spark_submit.py:490} INFO - at org.apache.spark.sql.DataFrameReader.loadV1Source(DataFrameReader.scala:229)
[2025-02-27T20:55:28.698+0000] {spark_submit.py:490} INFO - at org.apache.spark.sql.DataFrameReader.$anonfun$load$2(DataFrameReader.scala:211)
[2025-02-27T20:55:28.698+0000] {spark_submit.py:490} INFO - at scala.Option.getOrElse(Option.scala:189)
[2025-02-27T20:55:28.700+0000] {spark_submit.py:490} INFO - at org.apache.spark.sql.DataFrameReader.load(DataFrameReader.scala:211)
[2025-02-27T20:55:28.701+0000] {spark_submit.py:490} INFO - at org.apache.spark.sql.DataFrameReader.load(DataFrameReader.scala:172)
[2025-02-27T20:55:28.701+0000] {spark_submit.py:490} INFO - at org.apache.spark.sql.DataFrameReader.jdbc(DataFrameReader.scala:249)
[2025-02-27T20:55:28.702+0000] {spark_submit.py:490} INFO - at java.base/jdk.internal.reflect.NativeMethodAccessorImpl.invoke0(Native Method)
[2025-02-27T20:55:28.702+0000] {spark_submit.py:490} INFO - at java.base/jdk.internal.reflect.NativeMethodAccessorImpl.invoke(NativeMethodAccessorImpl.java:62)
[2025-02-27T20:55:28.702+0000] {spark_submit.py:490} INFO - at java.base/jdk.internal.reflect.DelegatingMethodAccessorImpl.invoke(DelegatingMethodAccessorImpl.java:43)
[2025-02-27T20:55:28.702+0000] {spark_submit.py:490} INFO - at java.base/java.lang.reflect.Method.invoke(Method.java:566)
[2025-02-27T20:55:28.702+0000] {spark_submit.py:490} INFO - at py4j.reflection.MethodInvoker.invoke(MethodInvoker.java:244)
[2025-02-27T20:55:28.703+0000] {spark_submit.py:490} INFO - at py4j.reflection.ReflectionEngine.invoke(ReflectionEngine.java:374)
[2025-02-27T20:55:28.706+0000] {spark_submit.py:490} INFO - at py4j.Gateway.invoke(Gateway.java:282)
[2025-02-27T20:55:28.706+0000] {spark_submit.py:490} INFO - at py4j.commands.AbstractCommand.invokeMethod(AbstractCommand.java:132)
[2025-02-27T20:55:28.706+0000] {spark_submit.py:490} INFO - at py4j.commands.CallCommand.execute(CallCommand.java:79)
[2025-02-27T20:55:28.707+0000] {spark_submit.py:490} INFO - at py4j.ClientServerConnection.waitForCommands(ClientServerConnection.java:182)
[2025-02-27T20:55:28.707+0000] {spark_submit.py:490} INFO - at py4j.ClientServerConnection.run(ClientServerConnection.java:106)
[2025-02-27T20:55:28.707+0000] {spark_submit.py:490} INFO - at java.base/java.lang.Thread.run(Thread.java:829)
[2025-02-27T20:55:28.707+0000] {spark_submit.py:490} INFO - 
[2025-02-27T20:55:28.740+0000] {spark_submit.py:490} INFO - 25/02/27 20:55:28 INFO SparkContext: Invoking stop() from shutdown hook
[2025-02-27T20:55:28.740+0000] {spark_submit.py:490} INFO - 25/02/27 20:55:28 INFO SparkContext: SparkContext is stopping with exitCode 0.
[2025-02-27T20:55:28.749+0000] {spark_submit.py:490} INFO - 25/02/27 20:55:28 INFO SparkUI: Stopped Spark web UI at http://53fdc8261bae:4041
[2025-02-27T20:55:28.753+0000] {spark_submit.py:490} INFO - 25/02/27 20:55:28 INFO StandaloneSchedulerBackend: Shutting down all executors
[2025-02-27T20:55:28.755+0000] {spark_submit.py:490} INFO - 25/02/27 20:55:28 INFO StandaloneSchedulerBackend$StandaloneDriverEndpoint: Asking each executor to shut down
[2025-02-27T20:55:28.769+0000] {spark_submit.py:490} INFO - 25/02/27 20:55:28 INFO MapOutputTrackerMasterEndpoint: MapOutputTrackerMasterEndpoint stopped!
[2025-02-27T20:55:28.780+0000] {spark_submit.py:490} INFO - 25/02/27 20:55:28 INFO MemoryStore: MemoryStore cleared
[2025-02-27T20:55:28.780+0000] {spark_submit.py:490} INFO - 25/02/27 20:55:28 INFO BlockManager: BlockManager stopped
[2025-02-27T20:55:28.785+0000] {spark_submit.py:490} INFO - 25/02/27 20:55:28 INFO BlockManagerMaster: BlockManagerMaster stopped
[2025-02-27T20:55:28.787+0000] {spark_submit.py:490} INFO - 25/02/27 20:55:28 INFO OutputCommitCoordinator$OutputCommitCoordinatorEndpoint: OutputCommitCoordinator stopped!
[2025-02-27T20:55:28.801+0000] {spark_submit.py:490} INFO - 25/02/27 20:55:28 INFO SparkContext: Successfully stopped SparkContext
[2025-02-27T20:55:28.801+0000] {spark_submit.py:490} INFO - 25/02/27 20:55:28 INFO ShutdownHookManager: Shutdown hook called
[2025-02-27T20:55:28.801+0000] {spark_submit.py:490} INFO - 25/02/27 20:55:28 INFO ShutdownHookManager: Deleting directory /tmp/spark-c67a2671-f62c-420e-9cc0-0d3e018ac5ae/pyspark-b4510f0b-264e-4ec5-a0be-c1bb3d6788bf
[2025-02-27T20:55:28.801+0000] {spark_submit.py:490} INFO - 25/02/27 20:55:28 INFO ShutdownHookManager: Deleting directory /tmp/spark-f05f95e8-8e3a-45b0-b402-ac0a03d07b2d
[2025-02-27T20:55:28.806+0000] {spark_submit.py:490} INFO - 25/02/27 20:55:28 INFO ShutdownHookManager: Deleting directory /tmp/spark-c67a2671-f62c-420e-9cc0-0d3e018ac5ae
[2025-02-27T20:55:28.863+0000] {taskinstance.py:1847} ERROR - Task failed with exception
Traceback (most recent call last):
  File "/home/airflow/.local/lib/python3.7/site-packages/airflow/providers/apache/spark/operators/spark_submit.py", line 157, in execute
    self._hook.submit(self._application)
  File "/home/airflow/.local/lib/python3.7/site-packages/airflow/providers/apache/spark/hooks/spark_submit.py", line 422, in submit
    f"Cannot execute: {self._mask_cmd(spark_submit_cmd)}. Error code is: {returncode}."
airflow.exceptions.AirflowException: Cannot execute: spark-submit --master spark-master:7077 --conf spark.master=spark://spark-master:7077 --conf spark.driver.extraClassPath=/opt/bitnami/spark/jars/postgresql-42.7.5.jar --conf spark.executor.extraClassPath=/opt/bitnami/spark/jars/postgresql-42.7.5.jar --conf spark.jars=/opt/bitnami/spark/jars/postgresql-42.7.5.jar --name spark_join --verbose /opt/***/dags/spark_join.py. Error code is: 1.
[2025-02-27T20:55:28.868+0000] {taskinstance.py:1373} INFO - Marking task as FAILED. dag_id=api_to_db_dag, task_id=spark_join_task, execution_date=20250227T205520, start_date=20250227T205521, end_date=20250227T205528
[2025-02-27T20:55:28.877+0000] {standard_task_runner.py:109} ERROR - Failed to execute job 8 for task spark_join_task (Cannot execute: spark-submit --master spark-master:7077 --conf spark.master=spark://spark-master:7077 --conf spark.driver.extraClassPath=/opt/bitnami/spark/jars/postgresql-42.7.5.jar --conf spark.executor.extraClassPath=/opt/bitnami/spark/jars/postgresql-42.7.5.jar --conf spark.jars=/opt/bitnami/spark/jars/postgresql-42.7.5.jar --name spark_join --verbose /opt/***/dags/spark_join.py. Error code is: 1.; 270)
[2025-02-27T20:55:28.888+0000] {local_task_job_runner.py:232} INFO - Task exited with return code 1
[2025-02-27T20:55:28.902+0000] {taskinstance.py:2674} INFO - 0 downstream tasks scheduled from follow-on schedule check
