[2025-02-27T22:53:33.979+0000] {taskinstance.py:1125} INFO - Dependencies all met for dep_context=non-requeueable deps ti=<TaskInstance: api_to_db_dag.process_raw_station_information manual__2025-02-27T22:53:21.541806+00:00 [queued]>
[2025-02-27T22:53:33.985+0000] {taskinstance.py:1125} INFO - Dependencies all met for dep_context=requeueable deps ti=<TaskInstance: api_to_db_dag.process_raw_station_information manual__2025-02-27T22:53:21.541806+00:00 [queued]>
[2025-02-27T22:53:33.985+0000] {taskinstance.py:1331} INFO - Starting attempt 1 of 1
[2025-02-27T22:53:33.994+0000] {taskinstance.py:1350} INFO - Executing <Task(PythonOperator): process_raw_station_information> on 2025-02-27 22:53:21.541806+00:00
[2025-02-27T22:53:34.000+0000] {clientserver.py:543} INFO - Closing down clientserver connection
[2025-02-27T22:53:34.000+0000] {standard_task_runner.py:57} INFO - Started process 14178 to run task
[2025-02-27T22:53:34.004+0000] {standard_task_runner.py:84} INFO - Running: ['***', 'tasks', 'run', 'api_to_db_dag', 'process_raw_station_information', 'manual__2025-02-27T22:53:21.541806+00:00', '--job-id', '111', '--raw', '--subdir', 'DAGS_FOLDER/dag.py', '--cfg-path', '/tmp/tmps_3w6g9l']
[2025-02-27T22:53:34.005+0000] {standard_task_runner.py:85} INFO - Job 111: Subtask process_raw_station_information
[2025-02-27T22:53:34.040+0000] {task_command.py:410} INFO - Running <TaskInstance: api_to_db_dag.process_raw_station_information manual__2025-02-27T22:53:21.541806+00:00 [running]> on host 53fdc8261bae
[2025-02-27T22:53:34.095+0000] {taskinstance.py:1570} INFO - Exporting env vars: AIRFLOW_CTX_DAG_OWNER='***' AIRFLOW_CTX_DAG_ID='api_to_db_dag' AIRFLOW_CTX_TASK_ID='process_raw_station_information' AIRFLOW_CTX_EXECUTION_DATE='2025-02-27T22:53:21.541806+00:00' AIRFLOW_CTX_TRY_NUMBER='1' AIRFLOW_CTX_DAG_RUN_ID='manual__2025-02-27T22:53:21.541806+00:00'
[2025-02-27T22:53:34.208+0000] {clientserver.py:505} INFO - Error while sending or receiving.
Traceback (most recent call last):
  File "/home/airflow/.local/lib/python3.7/site-packages/py4j/clientserver.py", line 503, in send_command
    self.socket.sendall(command.encode("utf-8"))
ConnectionResetError: [Errno 104] Connection reset by peer
[2025-02-27T22:53:34.210+0000] {clientserver.py:543} INFO - Closing down clientserver connection
[2025-02-27T22:53:34.211+0000] {java_gateway.py:1052} INFO - Exception while sending command.
Traceback (most recent call last):
  File "/home/airflow/.local/lib/python3.7/site-packages/py4j/clientserver.py", line 503, in send_command
    self.socket.sendall(command.encode("utf-8"))
ConnectionResetError: [Errno 104] Connection reset by peer

During handling of the above exception, another exception occurred:

Traceback (most recent call last):
  File "/home/airflow/.local/lib/python3.7/site-packages/py4j/java_gateway.py", line 1038, in send_command
    response = connection.send_command(command)
  File "/home/airflow/.local/lib/python3.7/site-packages/py4j/clientserver.py", line 507, in send_command
    "Error while sending", e, proto.ERROR_ON_SEND)
py4j.protocol.Py4JNetworkError: Error while sending
[2025-02-27T22:53:34.217+0000] {clientserver.py:543} INFO - Closing down clientserver connection
[2025-02-27T22:53:34.265+0000] {python.py:183} INFO - Done. Returned value was: None
[2025-02-27T22:53:34.272+0000] {taskinstance.py:1373} INFO - Marking task as SUCCESS. dag_id=api_to_db_dag, task_id=process_raw_station_information, execution_date=20250227T225321, start_date=20250227T225333, end_date=20250227T225334
[2025-02-27T22:53:34.309+0000] {local_task_job_runner.py:232} INFO - Task exited with return code 0
[2025-02-27T22:53:34.328+0000] {taskinstance.py:2674} INFO - 1 downstream tasks scheduled from follow-on schedule check
