[2025-02-27T22:42:08.419+0000] {taskinstance.py:1125} INFO - Dependencies all met for dep_context=non-requeueable deps ti=<TaskInstance: api_to_db_dag.spark_join_task manual__2025-02-27T22:42:04.234785+00:00 [queued]>
[2025-02-27T22:42:08.428+0000] {taskinstance.py:1125} INFO - Dependencies all met for dep_context=requeueable deps ti=<TaskInstance: api_to_db_dag.spark_join_task manual__2025-02-27T22:42:04.234785+00:00 [queued]>
[2025-02-27T22:42:08.428+0000] {taskinstance.py:1331} INFO - Starting attempt 1 of 1
[2025-02-27T22:42:08.438+0000] {taskinstance.py:1350} INFO - Executing <Task(SparkSubmitOperator): spark_join_task> on 2025-02-27 22:42:04.234785+00:00
[2025-02-27T22:42:08.441+0000] {standard_task_runner.py:57} INFO - Started process 6015 to run task
[2025-02-27T22:42:08.442+0000] {clientserver.py:543} INFO - Closing down clientserver connection
[2025-02-27T22:42:08.447+0000] {standard_task_runner.py:84} INFO - Running: ['***', 'tasks', 'run', 'api_to_db_dag', 'spark_join_task', 'manual__2025-02-27T22:42:04.234785+00:00', '--job-id', '85', '--raw', '--subdir', 'DAGS_FOLDER/dag.py', '--cfg-path', '/tmp/tmp_kht50q5']
[2025-02-27T22:42:08.448+0000] {standard_task_runner.py:85} INFO - Job 85: Subtask spark_join_task
[2025-02-27T22:42:08.483+0000] {task_command.py:410} INFO - Running <TaskInstance: api_to_db_dag.spark_join_task manual__2025-02-27T22:42:04.234785+00:00 [running]> on host 53fdc8261bae
[2025-02-27T22:42:08.547+0000] {taskinstance.py:1570} INFO - Exporting env vars: AIRFLOW_CTX_DAG_OWNER='***' AIRFLOW_CTX_DAG_ID='api_to_db_dag' AIRFLOW_CTX_TASK_ID='spark_join_task' AIRFLOW_CTX_EXECUTION_DATE='2025-02-27T22:42:04.234785+00:00' AIRFLOW_CTX_TRY_NUMBER='1' AIRFLOW_CTX_DAG_RUN_ID='manual__2025-02-27T22:42:04.234785+00:00'
[2025-02-27T22:42:08.553+0000] {base.py:73} INFO - Using connection ID 'spark_default' for task execution.
[2025-02-27T22:42:08.555+0000] {spark_submit.py:339} INFO - Spark-Submit cmd: spark-submit --master spark-master:7077 --conf spark.master=spark://spark-master:7077 --conf spark.driver.extraClassPath=/opt/bitnami/spark/jars/postgresql-42.7.5.jar --conf spark.executor.extraClassPath=/opt/bitnami/spark/jars/postgresql-42.7.5.jar --conf spark.jars=/opt/bitnami/spark/jars/postgresql-42.7.5.jar --name spark_join --verbose /opt/***/dags/spark_join.py
[2025-02-27T22:42:08.934+0000] {clientserver.py:505} INFO - Error while sending or receiving.
Traceback (most recent call last):
  File "/home/airflow/.local/lib/python3.7/site-packages/py4j/clientserver.py", line 503, in send_command
    self.socket.sendall(command.encode("utf-8"))
ConnectionResetError: [Errno 104] Connection reset by peer
[2025-02-27T22:42:08.936+0000] {clientserver.py:543} INFO - Closing down clientserver connection
[2025-02-27T22:42:08.937+0000] {java_gateway.py:1052} INFO - Exception while sending command.
Traceback (most recent call last):
  File "/home/airflow/.local/lib/python3.7/site-packages/py4j/clientserver.py", line 503, in send_command
    self.socket.sendall(command.encode("utf-8"))
ConnectionResetError: [Errno 104] Connection reset by peer

During handling of the above exception, another exception occurred:

Traceback (most recent call last):
  File "/home/airflow/.local/lib/python3.7/site-packages/py4j/java_gateway.py", line 1038, in send_command
    response = connection.send_command(command)
  File "/home/airflow/.local/lib/python3.7/site-packages/py4j/clientserver.py", line 507, in send_command
    "Error while sending", e, proto.ERROR_ON_SEND)
py4j.protocol.Py4JNetworkError: Error while sending
[2025-02-27T22:42:08.940+0000] {clientserver.py:543} INFO - Closing down clientserver connection
[2025-02-27T22:42:09.515+0000] {spark_submit.py:490} INFO - Using properties file: null
[2025-02-27T22:42:09.568+0000] {spark_submit.py:490} INFO - Parsed arguments:
[2025-02-27T22:42:09.568+0000] {spark_submit.py:490} INFO - master                  spark-master:7077
[2025-02-27T22:42:09.568+0000] {spark_submit.py:490} INFO - remote                  null
[2025-02-27T22:42:09.568+0000] {spark_submit.py:490} INFO - deployMode              null
[2025-02-27T22:42:09.568+0000] {spark_submit.py:490} INFO - executorMemory          null
[2025-02-27T22:42:09.569+0000] {spark_submit.py:490} INFO - executorCores           null
[2025-02-27T22:42:09.569+0000] {spark_submit.py:490} INFO - totalExecutorCores      null
[2025-02-27T22:42:09.569+0000] {spark_submit.py:490} INFO - propertiesFile          null
[2025-02-27T22:42:09.569+0000] {spark_submit.py:490} INFO - driverMemory            null
[2025-02-27T22:42:09.569+0000] {spark_submit.py:490} INFO - driverCores             null
[2025-02-27T22:42:09.569+0000] {spark_submit.py:490} INFO - driverExtraClassPath    /opt/bitnami/spark/jars/postgresql-42.7.5.jar
[2025-02-27T22:42:09.569+0000] {spark_submit.py:490} INFO - driverExtraLibraryPath  null
[2025-02-27T22:42:09.569+0000] {spark_submit.py:490} INFO - driverExtraJavaOptions  null
[2025-02-27T22:42:09.569+0000] {spark_submit.py:490} INFO - supervise               false
[2025-02-27T22:42:09.569+0000] {spark_submit.py:490} INFO - queue                   null
[2025-02-27T22:42:09.569+0000] {spark_submit.py:490} INFO - numExecutors            null
[2025-02-27T22:42:09.569+0000] {spark_submit.py:490} INFO - files                   null
[2025-02-27T22:42:09.569+0000] {spark_submit.py:490} INFO - pyFiles                 null
[2025-02-27T22:42:09.569+0000] {spark_submit.py:490} INFO - archives                null
[2025-02-27T22:42:09.569+0000] {spark_submit.py:490} INFO - mainClass               null
[2025-02-27T22:42:09.570+0000] {spark_submit.py:490} INFO - primaryResource         file:/opt/***/dags/spark_join.py
[2025-02-27T22:42:09.570+0000] {spark_submit.py:490} INFO - name                    spark_join
[2025-02-27T22:42:09.570+0000] {spark_submit.py:490} INFO - childArgs               []
[2025-02-27T22:42:09.570+0000] {spark_submit.py:490} INFO - jars                    /opt/bitnami/spark/jars/postgresql-42.7.5.jar
[2025-02-27T22:42:09.570+0000] {spark_submit.py:490} INFO - packages                null
[2025-02-27T22:42:09.570+0000] {spark_submit.py:490} INFO - packagesExclusions      null
[2025-02-27T22:42:09.570+0000] {spark_submit.py:490} INFO - repositories            null
[2025-02-27T22:42:09.570+0000] {spark_submit.py:490} INFO - verbose                 true
[2025-02-27T22:42:09.570+0000] {spark_submit.py:490} INFO - 
[2025-02-27T22:42:09.570+0000] {spark_submit.py:490} INFO - Spark properties used, including those specified through
[2025-02-27T22:42:09.570+0000] {spark_submit.py:490} INFO - --conf and those from the properties file null:
[2025-02-27T22:42:09.570+0000] {spark_submit.py:490} INFO - (spark.driver.extraClassPath,/opt/bitnami/spark/jars/postgresql-42.7.5.jar)
[2025-02-27T22:42:09.570+0000] {spark_submit.py:490} INFO - (spark.executor.extraClassPath,/opt/bitnami/spark/jars/postgresql-42.7.5.jar)
[2025-02-27T22:42:09.570+0000] {spark_submit.py:490} INFO - (spark.jars,/opt/bitnami/spark/jars/postgresql-42.7.5.jar)
[2025-02-27T22:42:09.570+0000] {spark_submit.py:490} INFO - (spark.master,spark://spark-master:7077)
[2025-02-27T22:42:09.571+0000] {spark_submit.py:490} INFO - 
[2025-02-27T22:42:09.571+0000] {spark_submit.py:490} INFO - 
[2025-02-27T22:42:09.763+0000] {spark_submit.py:490} INFO - 25/02/27 22:42:09 WARN NativeCodeLoader: Unable to load native-hadoop library for your platform... using builtin-java classes where applicable
[2025-02-27T22:42:09.890+0000] {spark_submit.py:490} INFO - Main class:
[2025-02-27T22:42:09.890+0000] {spark_submit.py:490} INFO - org.apache.spark.deploy.PythonRunner
[2025-02-27T22:42:09.892+0000] {spark_submit.py:490} INFO - Arguments:
[2025-02-27T22:42:09.892+0000] {spark_submit.py:490} INFO - file:/opt/***/dags/spark_join.py
[2025-02-27T22:42:09.892+0000] {spark_submit.py:490} INFO - null
[2025-02-27T22:42:09.892+0000] {spark_submit.py:490} INFO - Spark config:
[2025-02-27T22:42:09.893+0000] {spark_submit.py:490} INFO - (spark.app.name,spark_join)
[2025-02-27T22:42:09.893+0000] {spark_submit.py:490} INFO - (spark.app.submitTime,1740696129878)
[2025-02-27T22:42:09.893+0000] {spark_submit.py:490} INFO - (spark.driver.extraClassPath,/opt/bitnami/spark/jars/postgresql-42.7.5.jar)
[2025-02-27T22:42:09.894+0000] {spark_submit.py:490} INFO - (spark.executor.extraClassPath,/opt/bitnami/spark/jars/postgresql-42.7.5.jar)
[2025-02-27T22:42:09.894+0000] {spark_submit.py:490} INFO - (spark.jars,file:///opt/bitnami/spark/jars/postgresql-42.7.5.jar)
[2025-02-27T22:42:09.894+0000] {spark_submit.py:490} INFO - (spark.master,spark-master:7077)
[2025-02-27T22:42:09.894+0000] {spark_submit.py:490} INFO - (spark.repl.local.jars,file:///opt/bitnami/spark/jars/postgresql-42.7.5.jar)
[2025-02-27T22:42:09.895+0000] {spark_submit.py:490} INFO - (spark.submit.deployMode,client)
[2025-02-27T22:42:09.895+0000] {spark_submit.py:490} INFO - (spark.submit.pyFiles,)
[2025-02-27T22:42:09.896+0000] {spark_submit.py:490} INFO - Classpath elements:
[2025-02-27T22:42:09.897+0000] {spark_submit.py:490} INFO - file:///opt/bitnami/spark/jars/postgresql-42.7.5.jar
[2025-02-27T22:42:09.897+0000] {spark_submit.py:490} INFO - 
[2025-02-27T22:42:09.897+0000] {spark_submit.py:490} INFO - 
[2025-02-27T22:42:10.443+0000] {spark_submit.py:490} INFO - 25/02/27 22:42:10 INFO SparkContext: Running Spark version 3.4.4
[2025-02-27T22:42:10.461+0000] {spark_submit.py:490} INFO - 25/02/27 22:42:10 INFO ResourceUtils: ==============================================================
[2025-02-27T22:42:10.461+0000] {spark_submit.py:490} INFO - 25/02/27 22:42:10 INFO ResourceUtils: No custom resources configured for spark.driver.
[2025-02-27T22:42:10.462+0000] {spark_submit.py:490} INFO - 25/02/27 22:42:10 INFO ResourceUtils: ==============================================================
[2025-02-27T22:42:10.462+0000] {spark_submit.py:490} INFO - 25/02/27 22:42:10 INFO SparkContext: Submitted application: JoinVelibTables
[2025-02-27T22:42:10.495+0000] {spark_submit.py:490} INFO - 25/02/27 22:42:10 INFO ResourceProfile: Default ResourceProfile created, executor resources: Map(cores -> name: cores, amount: 4, script: , vendor: , memory -> name: memory, amount: 4096, script: , vendor: , offHeap -> name: offHeap, amount: 0, script: , vendor: ), task resources: Map(cpus -> name: cpus, amount: 1.0)
[2025-02-27T22:42:10.505+0000] {spark_submit.py:490} INFO - 25/02/27 22:42:10 INFO ResourceProfile: Limiting resource is cpus at 4 tasks per executor
[2025-02-27T22:42:10.510+0000] {spark_submit.py:490} INFO - 25/02/27 22:42:10 INFO ResourceProfileManager: Added ResourceProfile id: 0
[2025-02-27T22:42:10.573+0000] {spark_submit.py:490} INFO - 25/02/27 22:42:10 INFO SecurityManager: Changing view acls to: ***
[2025-02-27T22:42:10.574+0000] {spark_submit.py:490} INFO - 25/02/27 22:42:10 INFO SecurityManager: Changing modify acls to: ***
[2025-02-27T22:42:10.574+0000] {spark_submit.py:490} INFO - 25/02/27 22:42:10 INFO SecurityManager: Changing view acls groups to:
[2025-02-27T22:42:10.574+0000] {spark_submit.py:490} INFO - 25/02/27 22:42:10 INFO SecurityManager: Changing modify acls groups to:
[2025-02-27T22:42:10.574+0000] {spark_submit.py:490} INFO - 25/02/27 22:42:10 INFO SecurityManager: SecurityManager: authentication disabled; ui acls disabled; users with view permissions: ***; groups with view permissions: EMPTY; users with modify permissions: ***; groups with modify permissions: EMPTY
[2025-02-27T22:42:10.735+0000] {spark_submit.py:490} INFO - 25/02/27 22:42:10 INFO Utils: Successfully started service 'sparkDriver' on port 44627.
[2025-02-27T22:42:10.757+0000] {spark_submit.py:490} INFO - 25/02/27 22:42:10 INFO SparkEnv: Registering MapOutputTracker
[2025-02-27T22:42:10.776+0000] {spark_submit.py:490} INFO - 25/02/27 22:42:10 INFO SparkEnv: Registering BlockManagerMaster
[2025-02-27T22:42:10.787+0000] {spark_submit.py:490} INFO - 25/02/27 22:42:10 INFO BlockManagerMasterEndpoint: Using org.apache.spark.storage.DefaultTopologyMapper for getting topology information
[2025-02-27T22:42:10.789+0000] {spark_submit.py:490} INFO - 25/02/27 22:42:10 INFO BlockManagerMasterEndpoint: BlockManagerMasterEndpoint up
[2025-02-27T22:42:10.790+0000] {spark_submit.py:490} INFO - 25/02/27 22:42:10 INFO SparkEnv: Registering BlockManagerMasterHeartbeat
[2025-02-27T22:42:10.807+0000] {spark_submit.py:490} INFO - 25/02/27 22:42:10 INFO DiskBlockManager: Created local directory at /tmp/blockmgr-8aeedd6f-e863-4258-a0ce-8f07e697a24e
[2025-02-27T22:42:10.817+0000] {spark_submit.py:490} INFO - 25/02/27 22:42:10 INFO MemoryStore: MemoryStore started with capacity 434.4 MiB
[2025-02-27T22:42:10.833+0000] {spark_submit.py:490} INFO - 25/02/27 22:42:10 INFO SparkEnv: Registering OutputCommitCoordinator
[2025-02-27T22:42:10.922+0000] {spark_submit.py:490} INFO - 25/02/27 22:42:10 INFO JettyUtils: Start Jetty 0.0.0.0:4040 for SparkUI
[2025-02-27T22:42:10.965+0000] {spark_submit.py:490} INFO - 25/02/27 22:42:10 INFO Utils: Successfully started service 'SparkUI' on port 4040.
[2025-02-27T22:42:10.994+0000] {spark_submit.py:490} INFO - 25/02/27 22:42:10 INFO SparkContext: Added JAR file:///opt/bitnami/spark/jars/postgresql-42.7.5.jar at spark://53fdc8261bae:44627/jars/postgresql-42.7.5.jar with timestamp 1740696130438
[2025-02-27T22:42:11.053+0000] {spark_submit.py:490} INFO - 25/02/27 22:42:11 INFO StandaloneAppClient$ClientEndpoint: Connecting to master spark://spark-master:7077...
[2025-02-27T22:42:11.090+0000] {spark_submit.py:490} INFO - 25/02/27 22:42:11 INFO TransportClientFactory: Successfully created connection to spark-master/172.18.0.3:7077 after 21 ms (0 ms spent in bootstraps)
[2025-02-27T22:42:11.174+0000] {spark_submit.py:490} INFO - 25/02/27 22:42:11 INFO StandaloneSchedulerBackend: Connected to Spark cluster with app ID app-20250227224211-0011
[2025-02-27T22:42:11.186+0000] {spark_submit.py:490} INFO - 25/02/27 22:42:11 INFO StandaloneAppClient$ClientEndpoint: Executor added: app-20250227224211-0011/0 on worker-20250227203627-172.18.0.4-43141 (172.18.0.4:43141) with 4 core(s)
[2025-02-27T22:42:11.188+0000] {spark_submit.py:490} INFO - 25/02/27 22:42:11 INFO StandaloneSchedulerBackend: Granted executor ID app-20250227224211-0011/0 on hostPort 172.18.0.4:43141 with 4 core(s), 4.0 GiB RAM
[2025-02-27T22:42:11.193+0000] {spark_submit.py:490} INFO - 25/02/27 22:42:11 INFO Utils: Successfully started service 'org.apache.spark.network.netty.NettyBlockTransferService' on port 41841.
[2025-02-27T22:42:11.194+0000] {spark_submit.py:490} INFO - 25/02/27 22:42:11 INFO NettyBlockTransferService: Server created on 53fdc8261bae:41841
[2025-02-27T22:42:11.196+0000] {spark_submit.py:490} INFO - 25/02/27 22:42:11 INFO BlockManager: Using org.apache.spark.storage.RandomBlockReplicationPolicy for block replication policy
[2025-02-27T22:42:11.198+0000] {spark_submit.py:490} INFO - 25/02/27 22:42:11 INFO BlockManagerMaster: Registering BlockManager BlockManagerId(driver, 53fdc8261bae, 41841, None)
[2025-02-27T22:42:11.200+0000] {spark_submit.py:490} INFO - 25/02/27 22:42:11 INFO BlockManagerMasterEndpoint: Registering block manager 53fdc8261bae:41841 with 434.4 MiB RAM, BlockManagerId(driver, 53fdc8261bae, 41841, None)
[2025-02-27T22:42:11.207+0000] {spark_submit.py:490} INFO - 25/02/27 22:42:11 INFO BlockManagerMaster: Registered BlockManager BlockManagerId(driver, 53fdc8261bae, 41841, None)
[2025-02-27T22:42:11.210+0000] {spark_submit.py:490} INFO - 25/02/27 22:42:11 INFO BlockManager: Initialized BlockManager: BlockManagerId(driver, 53fdc8261bae, 41841, None)
[2025-02-27T22:42:11.392+0000] {spark_submit.py:490} INFO - 25/02/27 22:42:11 INFO StandaloneAppClient$ClientEndpoint: Executor updated: app-20250227224211-0011/0 is now RUNNING
[2025-02-27T22:42:11.517+0000] {spark_submit.py:490} INFO - 25/02/27 22:42:11 INFO StandaloneSchedulerBackend: SchedulerBackend is ready for scheduling beginning after reached minRegisteredResourcesRatio: 0.0
[2025-02-27T22:42:11.550+0000] {spark_submit.py:490} INFO - /home/***/.local/lib/python3.7/site-packages/pyspark/python/lib/pyspark.zip/pyspark/context.py:317: FutureWarning: Python 3.7 support is deprecated in Spark 3.4.
[2025-02-27T22:42:11.550+0000] {spark_submit.py:490} INFO - warnings.warn("Python 3.7 support is deprecated in Spark 3.4.", FutureWarning)
[2025-02-27T22:42:11.703+0000] {spark_submit.py:490} INFO - 25/02/27 22:42:11 INFO SharedState: Setting hive.metastore.warehouse.dir ('null') to the value of spark.sql.warehouse.dir.
[2025-02-27T22:42:11.709+0000] {spark_submit.py:490} INFO - 25/02/27 22:42:11 INFO SharedState: Warehouse path is 'file:/opt/***/spark-warehouse'.
[2025-02-27T22:42:12.778+0000] {spark_submit.py:490} INFO - Traceback (most recent call last):
[2025-02-27T22:42:12.779+0000] {spark_submit.py:490} INFO - File "/opt/***/dags/spark_join.py", line 41, in <module>
[2025-02-27T22:42:12.779+0000] {spark_submit.py:490} INFO - main()
[2025-02-27T22:42:12.779+0000] {spark_submit.py:490} INFO - File "/opt/***/dags/spark_join.py", line 22, in main
[2025-02-27T22:42:12.779+0000] {spark_submit.py:490} INFO - stations_df = spark.read.jdbc(url=jdbc_url, table="velib_stations", properties=connection_properties)
[2025-02-27T22:42:12.780+0000] {spark_submit.py:490} INFO - File "/home/***/.local/lib/python3.7/site-packages/pyspark/python/lib/pyspark.zip/pyspark/sql/readwriter.py", line 927, in jdbc
[2025-02-27T22:42:12.780+0000] {spark_submit.py:490} INFO - File "/home/***/.local/lib/python3.7/site-packages/pyspark/python/lib/py4j-0.10.9.7-src.zip/py4j/java_gateway.py", line 1323, in __call__
[2025-02-27T22:42:12.780+0000] {spark_submit.py:490} INFO - File "/home/***/.local/lib/python3.7/site-packages/pyspark/python/lib/pyspark.zip/pyspark/errors/exceptions/captured.py", line 169, in deco
[2025-02-27T22:42:12.781+0000] {spark_submit.py:490} INFO - File "/home/***/.local/lib/python3.7/site-packages/pyspark/python/lib/py4j-0.10.9.7-src.zip/py4j/protocol.py", line 328, in get_return_value
[2025-02-27T22:42:12.781+0000] {spark_submit.py:490} INFO - py4j.protocol.Py4JJavaError: An error occurred while calling o35.jdbc.
[2025-02-27T22:42:12.782+0000] {spark_submit.py:490} INFO - : org.postgresql.util.PSQLException: ERROR: relation "velib_stations" does not exist
[2025-02-27T22:42:12.785+0000] {spark_submit.py:490} INFO - Position: 15
[2025-02-27T22:42:12.785+0000] {spark_submit.py:490} INFO - at org.postgresql.core.v3.QueryExecutorImpl.receiveErrorResponse(QueryExecutorImpl.java:2733)
[2025-02-27T22:42:12.786+0000] {spark_submit.py:490} INFO - at org.postgresql.core.v3.QueryExecutorImpl.processResults(QueryExecutorImpl.java:2420)
[2025-02-27T22:42:12.786+0000] {spark_submit.py:490} INFO - at org.postgresql.core.v3.QueryExecutorImpl.execute(QueryExecutorImpl.java:372)
[2025-02-27T22:42:12.786+0000] {spark_submit.py:490} INFO - at org.postgresql.jdbc.PgStatement.executeInternal(PgStatement.java:517)
[2025-02-27T22:42:12.786+0000] {spark_submit.py:490} INFO - at org.postgresql.jdbc.PgStatement.execute(PgStatement.java:434)
[2025-02-27T22:42:12.786+0000] {spark_submit.py:490} INFO - at org.postgresql.jdbc.PgPreparedStatement.executeWithFlags(PgPreparedStatement.java:194)
[2025-02-27T22:42:12.786+0000] {spark_submit.py:490} INFO - at org.postgresql.jdbc.PgPreparedStatement.executeQuery(PgPreparedStatement.java:137)
[2025-02-27T22:42:12.787+0000] {spark_submit.py:490} INFO - at org.apache.spark.sql.execution.datasources.jdbc.JDBCRDD$.getQueryOutputSchema(JDBCRDD.scala:68)
[2025-02-27T22:42:12.787+0000] {spark_submit.py:490} INFO - at org.apache.spark.sql.execution.datasources.jdbc.JDBCRDD$.resolveTable(JDBCRDD.scala:58)
[2025-02-27T22:42:12.787+0000] {spark_submit.py:490} INFO - at org.apache.spark.sql.execution.datasources.jdbc.JDBCRelation$.getSchema(JDBCRelation.scala:241)
[2025-02-27T22:42:12.787+0000] {spark_submit.py:490} INFO - at org.apache.spark.sql.execution.datasources.jdbc.JdbcRelationProvider.createRelation(JdbcRelationProvider.scala:37)
[2025-02-27T22:42:12.787+0000] {spark_submit.py:490} INFO - at org.apache.spark.sql.execution.datasources.DataSource.resolveRelation(DataSource.scala:346)
[2025-02-27T22:42:12.787+0000] {spark_submit.py:490} INFO - at org.apache.spark.sql.DataFrameReader.loadV1Source(DataFrameReader.scala:229)
[2025-02-27T22:42:12.787+0000] {spark_submit.py:490} INFO - at org.apache.spark.sql.DataFrameReader.$anonfun$load$2(DataFrameReader.scala:211)
[2025-02-27T22:42:12.788+0000] {spark_submit.py:490} INFO - at scala.Option.getOrElse(Option.scala:189)
[2025-02-27T22:42:12.788+0000] {spark_submit.py:490} INFO - at org.apache.spark.sql.DataFrameReader.load(DataFrameReader.scala:211)
[2025-02-27T22:42:12.788+0000] {spark_submit.py:490} INFO - at org.apache.spark.sql.DataFrameReader.load(DataFrameReader.scala:172)
[2025-02-27T22:42:12.788+0000] {spark_submit.py:490} INFO - at org.apache.spark.sql.DataFrameReader.jdbc(DataFrameReader.scala:249)
[2025-02-27T22:42:12.789+0000] {spark_submit.py:490} INFO - at java.base/jdk.internal.reflect.NativeMethodAccessorImpl.invoke0(Native Method)
[2025-02-27T22:42:12.789+0000] {spark_submit.py:490} INFO - at java.base/jdk.internal.reflect.NativeMethodAccessorImpl.invoke(NativeMethodAccessorImpl.java:62)
[2025-02-27T22:42:12.789+0000] {spark_submit.py:490} INFO - at java.base/jdk.internal.reflect.DelegatingMethodAccessorImpl.invoke(DelegatingMethodAccessorImpl.java:43)
[2025-02-27T22:42:12.789+0000] {spark_submit.py:490} INFO - at java.base/java.lang.reflect.Method.invoke(Method.java:566)
[2025-02-27T22:42:12.789+0000] {spark_submit.py:490} INFO - at py4j.reflection.MethodInvoker.invoke(MethodInvoker.java:244)
[2025-02-27T22:42:12.789+0000] {spark_submit.py:490} INFO - at py4j.reflection.ReflectionEngine.invoke(ReflectionEngine.java:374)
[2025-02-27T22:42:12.790+0000] {spark_submit.py:490} INFO - at py4j.Gateway.invoke(Gateway.java:282)
[2025-02-27T22:42:12.790+0000] {spark_submit.py:490} INFO - at py4j.commands.AbstractCommand.invokeMethod(AbstractCommand.java:132)
[2025-02-27T22:42:12.790+0000] {spark_submit.py:490} INFO - at py4j.commands.CallCommand.execute(CallCommand.java:79)
[2025-02-27T22:42:12.790+0000] {spark_submit.py:490} INFO - at py4j.ClientServerConnection.waitForCommands(ClientServerConnection.java:182)
[2025-02-27T22:42:12.790+0000] {spark_submit.py:490} INFO - at py4j.ClientServerConnection.run(ClientServerConnection.java:106)
[2025-02-27T22:42:12.791+0000] {spark_submit.py:490} INFO - at java.base/java.lang.Thread.run(Thread.java:829)
[2025-02-27T22:42:12.791+0000] {spark_submit.py:490} INFO - 
[2025-02-27T22:42:12.825+0000] {spark_submit.py:490} INFO - 25/02/27 22:42:12 INFO SparkContext: Invoking stop() from shutdown hook
[2025-02-27T22:42:12.826+0000] {spark_submit.py:490} INFO - 25/02/27 22:42:12 INFO SparkContext: SparkContext is stopping with exitCode 0.
[2025-02-27T22:42:12.845+0000] {spark_submit.py:490} INFO - 25/02/27 22:42:12 INFO SparkUI: Stopped Spark web UI at http://53fdc8261bae:4040
[2025-02-27T22:42:12.853+0000] {spark_submit.py:490} INFO - 25/02/27 22:42:12 INFO StandaloneSchedulerBackend: Shutting down all executors
[2025-02-27T22:42:12.857+0000] {spark_submit.py:490} INFO - 25/02/27 22:42:12 INFO StandaloneSchedulerBackend$StandaloneDriverEndpoint: Asking each executor to shut down
[2025-02-27T22:42:12.914+0000] {spark_submit.py:490} INFO - 25/02/27 22:42:12 INFO MapOutputTrackerMasterEndpoint: MapOutputTrackerMasterEndpoint stopped!
[2025-02-27T22:42:12.995+0000] {spark_submit.py:490} INFO - 25/02/27 22:42:12 INFO MemoryStore: MemoryStore cleared
[2025-02-27T22:42:12.996+0000] {spark_submit.py:490} INFO - 25/02/27 22:42:12 INFO BlockManager: BlockManager stopped
[2025-02-27T22:42:13.001+0000] {spark_submit.py:490} INFO - 25/02/27 22:42:13 INFO BlockManagerMaster: BlockManagerMaster stopped
[2025-02-27T22:42:13.006+0000] {spark_submit.py:490} INFO - 25/02/27 22:42:13 INFO OutputCommitCoordinator$OutputCommitCoordinatorEndpoint: OutputCommitCoordinator stopped!
[2025-02-27T22:42:13.019+0000] {spark_submit.py:490} INFO - 25/02/27 22:42:13 INFO SparkContext: Successfully stopped SparkContext
[2025-02-27T22:42:13.020+0000] {spark_submit.py:490} INFO - 25/02/27 22:42:13 INFO ShutdownHookManager: Shutdown hook called
[2025-02-27T22:42:13.020+0000] {spark_submit.py:490} INFO - 25/02/27 22:42:13 INFO ShutdownHookManager: Deleting directory /tmp/spark-fcf978a7-62b8-4594-af17-ea5fa050a96b
[2025-02-27T22:42:13.027+0000] {spark_submit.py:490} INFO - 25/02/27 22:42:13 INFO ShutdownHookManager: Deleting directory /tmp/spark-95673139-b37e-4c7d-8e5b-7121f8077c84
[2025-02-27T22:42:13.059+0000] {spark_submit.py:490} INFO - 25/02/27 22:42:13 INFO ShutdownHookManager: Deleting directory /tmp/spark-fcf978a7-62b8-4594-af17-ea5fa050a96b/pyspark-36a4c7fe-2d1e-43c1-893a-61877d399c89
[2025-02-27T22:42:13.148+0000] {taskinstance.py:1847} ERROR - Task failed with exception
Traceback (most recent call last):
  File "/home/airflow/.local/lib/python3.7/site-packages/airflow/providers/apache/spark/operators/spark_submit.py", line 157, in execute
    self._hook.submit(self._application)
  File "/home/airflow/.local/lib/python3.7/site-packages/airflow/providers/apache/spark/hooks/spark_submit.py", line 422, in submit
    f"Cannot execute: {self._mask_cmd(spark_submit_cmd)}. Error code is: {returncode}."
airflow.exceptions.AirflowException: Cannot execute: spark-submit --master spark-master:7077 --conf spark.master=spark://spark-master:7077 --conf spark.driver.extraClassPath=/opt/bitnami/spark/jars/postgresql-42.7.5.jar --conf spark.executor.extraClassPath=/opt/bitnami/spark/jars/postgresql-42.7.5.jar --conf spark.jars=/opt/bitnami/spark/jars/postgresql-42.7.5.jar --name spark_join --verbose /opt/***/dags/spark_join.py. Error code is: 1.
[2025-02-27T22:42:13.157+0000] {taskinstance.py:1373} INFO - Marking task as FAILED. dag_id=api_to_db_dag, task_id=spark_join_task, execution_date=20250227T224204, start_date=20250227T224208, end_date=20250227T224213
[2025-02-27T22:42:13.175+0000] {standard_task_runner.py:109} ERROR - Failed to execute job 85 for task spark_join_task (Cannot execute: spark-submit --master spark-master:7077 --conf spark.master=spark://spark-master:7077 --conf spark.driver.extraClassPath=/opt/bitnami/spark/jars/postgresql-42.7.5.jar --conf spark.executor.extraClassPath=/opt/bitnami/spark/jars/postgresql-42.7.5.jar --conf spark.jars=/opt/bitnami/spark/jars/postgresql-42.7.5.jar --name spark_join --verbose /opt/***/dags/spark_join.py. Error code is: 1.; 6015)
[2025-02-27T22:42:13.221+0000] {local_task_job_runner.py:232} INFO - Task exited with return code 1
[2025-02-27T22:42:13.251+0000] {taskinstance.py:2674} INFO - 0 downstream tasks scheduled from follow-on schedule check
