[2025-02-27T20:55:26.662+0000] {taskinstance.py:1125} INFO - Dependencies all met for dep_context=non-requeueable deps ti=<TaskInstance: api_to_db_dag.process_raw_station_information manual__2025-02-27T20:55:20.045932+00:00 [queued]>
[2025-02-27T20:55:26.674+0000] {taskinstance.py:1125} INFO - Dependencies all met for dep_context=requeueable deps ti=<TaskInstance: api_to_db_dag.process_raw_station_information manual__2025-02-27T20:55:20.045932+00:00 [queued]>
[2025-02-27T20:55:26.675+0000] {taskinstance.py:1331} INFO - Starting attempt 1 of 1
[2025-02-27T20:55:26.694+0000] {taskinstance.py:1350} INFO - Executing <Task(PythonOperator): process_raw_station_information> on 2025-02-27 20:55:20.045932+00:00
[2025-02-27T20:55:26.727+0000] {standard_task_runner.py:57} INFO - Started process 597 to run task
[2025-02-27T20:55:26.731+0000] {standard_task_runner.py:84} INFO - Running: ['***', 'tasks', 'run', 'api_to_db_dag', 'process_raw_station_information', 'manual__2025-02-27T20:55:20.045932+00:00', '--job-id', '19', '--raw', '--subdir', 'DAGS_FOLDER/dag.py', '--cfg-path', '/tmp/tmp0pqiowrc']
[2025-02-27T20:55:26.736+0000] {standard_task_runner.py:85} INFO - Job 19: Subtask process_raw_station_information
[2025-02-27T20:55:26.871+0000] {task_command.py:410} INFO - Running <TaskInstance: api_to_db_dag.process_raw_station_information manual__2025-02-27T20:55:20.045932+00:00 [running]> on host 53fdc8261bae
[2025-02-27T20:55:27.236+0000] {taskinstance.py:1570} INFO - Exporting env vars: AIRFLOW_CTX_DAG_OWNER='***' AIRFLOW_CTX_DAG_ID='api_to_db_dag' AIRFLOW_CTX_TASK_ID='process_raw_station_information' AIRFLOW_CTX_EXECUTION_DATE='2025-02-27T20:55:20.045932+00:00' AIRFLOW_CTX_TRY_NUMBER='1' AIRFLOW_CTX_DAG_RUN_ID='manual__2025-02-27T20:55:20.045932+00:00'
[2025-02-27T20:55:27.588+0000] {taskinstance.py:1847} ERROR - Task failed with exception
Traceback (most recent call last):
  File "/home/airflow/.local/lib/python3.7/site-packages/airflow/operators/python.py", line 181, in execute
    return_value = self.execute_callable()
  File "/home/airflow/.local/lib/python3.7/site-packages/airflow/operators/python.py", line 198, in execute_callable
    return self.python_callable(*self.op_args, **self.op_kwargs)
  File "/opt/airflow/dags/dag.py", line 24, in process_files_in_directory
    convert_and_save_to_formatted(full_path)
  File "/opt/airflow/dags/dag.py", line 55, in convert_and_save_to_formatted
    final_df.to_parquet(formatted_path, compression='snappy')
  File "/home/airflow/.local/lib/python3.7/site-packages/pandas/util/_decorators.py", line 207, in wrapper
    return func(*args, **kwargs)
  File "/home/airflow/.local/lib/python3.7/site-packages/pandas/core/frame.py", line 2685, in to_parquet
    **kwargs,
  File "/home/airflow/.local/lib/python3.7/site-packages/pandas/io/parquet.py", line 423, in to_parquet
    **kwargs,
  File "/home/airflow/.local/lib/python3.7/site-packages/pandas/io/parquet.py", line 167, in write
    self.validate_dataframe(df)
  File "/home/airflow/.local/lib/python3.7/site-packages/pandas/io/parquet.py", line 129, in validate_dataframe
    raise ValueError("parquet must have string column names")
ValueError: parquet must have string column names
[2025-02-27T20:55:27.634+0000] {taskinstance.py:1373} INFO - Marking task as FAILED. dag_id=api_to_db_dag, task_id=process_raw_station_information, execution_date=20250227T205520, start_date=20250227T205526, end_date=20250227T205527
[2025-02-27T20:55:27.711+0000] {standard_task_runner.py:109} ERROR - Failed to execute job 19 for task process_raw_station_information (parquet must have string column names; 597)
[2025-02-27T20:55:27.759+0000] {local_task_job_runner.py:232} INFO - Task exited with return code 1
[2025-02-27T20:55:27.800+0000] {taskinstance.py:2674} INFO - 0 downstream tasks scheduled from follow-on schedule check
