[2025-02-27T13:20:53.065+0000] {taskinstance.py:1125} INFO - Dependencies all met for dep_context=non-requeueable deps ti=<TaskInstance: api_to_db_dag.create_station_informations_table manual__2025-02-27T13:20:51.731445+00:00 [queued]>
[2025-02-27T13:20:53.072+0000] {taskinstance.py:1125} INFO - Dependencies all met for dep_context=requeueable deps ti=<TaskInstance: api_to_db_dag.create_station_informations_table manual__2025-02-27T13:20:51.731445+00:00 [queued]>
[2025-02-27T13:20:53.072+0000] {taskinstance.py:1331} INFO - Starting attempt 1 of 1
[2025-02-27T13:20:53.081+0000] {taskinstance.py:1350} INFO - Executing <Task(PostgresOperator): create_station_informations_table> on 2025-02-27 13:20:51.731445+00:00
[2025-02-27T13:20:53.086+0000] {standard_task_runner.py:57} INFO - Started process 252 to run task
[2025-02-27T13:20:53.087+0000] {standard_task_runner.py:84} INFO - Running: ['***', 'tasks', 'run', 'api_to_db_dag', 'create_station_informations_table', 'manual__2025-02-27T13:20:51.731445+00:00', '--job-id', '11', '--raw', '--subdir', 'DAGS_FOLDER/dag.py', '--cfg-path', '/tmp/tmpt44ar7zf']
[2025-02-27T13:20:53.089+0000] {standard_task_runner.py:85} INFO - Job 11: Subtask create_station_informations_table
[2025-02-27T13:20:53.123+0000] {task_command.py:410} INFO - Running <TaskInstance: api_to_db_dag.create_station_informations_table manual__2025-02-27T13:20:51.731445+00:00 [running]> on host 1769bb992e56
[2025-02-27T13:20:53.173+0000] {taskinstance.py:1570} INFO - Exporting env vars: AIRFLOW_CTX_DAG_OWNER='***' AIRFLOW_CTX_DAG_ID='api_to_db_dag' AIRFLOW_CTX_TASK_ID='create_station_informations_table' AIRFLOW_CTX_EXECUTION_DATE='2025-02-27T13:20:51.731445+00:00' AIRFLOW_CTX_TRY_NUMBER='1' AIRFLOW_CTX_DAG_RUN_ID='manual__2025-02-27T13:20:51.731445+00:00'
[2025-02-27T13:20:53.174+0000] {sql.py:262} INFO - Executing: 
        DO $$
        BEGIN
            -- Check first if a type with the same name exists and drop it if it does
            IF EXISTS (SELECT 1 FROM pg_type WHERE typname = 'velib_station_details') THEN
                EXECUTE 'DROP TYPE IF EXISTS velib_station_details CASCADE';
            END IF;
            -- Then, create the table if it does not exist
            IF NOT EXISTS (
                SELECT 1 FROM information_schema.tables 
                WHERE table_schema = 'public' AND table_name = 'velib_station_details'
            ) THEN
                EXECUTE '
                    CREATE TABLE velib_station_details (
                        station_id BIGINT PRIMARY KEY, 
                        capacity INT,                   
                        lat DOUBLE PRECISION,          
                        lon DOUBLE PRECISION,           
                        name VARCHAR(255)
                    );
                ';
            END IF;
        END
        $$;
    
[2025-02-27T13:20:53.179+0000] {base.py:73} INFO - Using connection ID 'postgres_default' for task execution.
[2025-02-27T13:20:53.248+0000] {base.py:73} INFO - Using connection ID 'postgres_default' for task execution.
[2025-02-27T13:20:53.251+0000] {sql.py:375} INFO - Running statement: 
        DO $$
        BEGIN
            -- Check first if a type with the same name exists and drop it if it does
            IF EXISTS (SELECT 1 FROM pg_type WHERE typname = 'velib_station_details') THEN
                EXECUTE 'DROP TYPE IF EXISTS velib_station_details CASCADE';
            END IF;
            -- Then, create the table if it does not exist
            IF NOT EXISTS (
                SELECT 1 FROM information_schema.tables 
                WHERE table_schema = 'public' AND table_name = 'velib_station_details'
            ) THEN
                EXECUTE '
                    CREATE TABLE velib_station_details (
                        station_id BIGINT PRIMARY KEY, 
                        capacity INT,                   
                        lat DOUBLE PRECISION,          
                        lon DOUBLE PRECISION,           
                        name VARCHAR(255)
                    );
                ';
            END IF;
        END
        $$;
    , parameters: None
[2025-02-27T13:20:53.253+0000] {taskinstance.py:1847} ERROR - Task failed with exception
Traceback (most recent call last):
  File "/home/airflow/.local/lib/python3.7/site-packages/airflow/providers/common/sql/operators/sql.py", line 274, in execute
    **extra_kwargs,
  File "/home/airflow/.local/lib/python3.7/site-packages/airflow/providers/common/sql/hooks/sql.py", line 349, in run
    self._run_command(cur, sql_statement, parameters)
  File "/home/airflow/.local/lib/python3.7/site-packages/airflow/providers/common/sql/hooks/sql.py", line 380, in _run_command
    cur.execute(sql_statement)
psycopg2.errors.DependentObjectsStillExist: cannot drop type velib_station_details because table velib_station_details requires it
HINT:  You can drop table velib_station_details instead.
CONTEXT:  SQL statement "DROP TYPE IF EXISTS velib_station_details CASCADE"
PL/pgSQL function inline_code_block line 5 at EXECUTE

[2025-02-27T13:20:53.259+0000] {taskinstance.py:1373} INFO - Marking task as FAILED. dag_id=api_to_db_dag, task_id=create_station_informations_table, execution_date=20250227T132051, start_date=20250227T132053, end_date=20250227T132053
[2025-02-27T13:20:53.265+0000] {standard_task_runner.py:109} ERROR - Failed to execute job 11 for task create_station_informations_table (cannot drop type velib_station_details because table velib_station_details requires it
HINT:  You can drop table velib_station_details instead.
CONTEXT:  SQL statement "DROP TYPE IF EXISTS velib_station_details CASCADE"
PL/pgSQL function inline_code_block line 5 at EXECUTE
; 252)
[2025-02-27T13:20:53.307+0000] {local_task_job_runner.py:232} INFO - Task exited with return code 1
[2025-02-27T13:20:53.322+0000] {taskinstance.py:2674} INFO - 0 downstream tasks scheduled from follow-on schedule check
