[2025-02-27T16:47:46.504+0000] {taskinstance.py:1125} INFO - Dependencies all met for dep_context=non-requeueable deps ti=<TaskInstance: api_to_db_dag.create_velib_station_status_table manual__2025-02-27T16:47:45.867931+00:00 [queued]>
[2025-02-27T16:47:46.509+0000] {taskinstance.py:1125} INFO - Dependencies all met for dep_context=requeueable deps ti=<TaskInstance: api_to_db_dag.create_velib_station_status_table manual__2025-02-27T16:47:45.867931+00:00 [queued]>
[2025-02-27T16:47:46.509+0000] {taskinstance.py:1331} INFO - Starting attempt 1 of 1
[2025-02-27T16:47:46.517+0000] {taskinstance.py:1350} INFO - Executing <Task(PostgresOperator): create_velib_station_status_table> on 2025-02-27 16:47:45.867931+00:00
[2025-02-27T16:47:46.520+0000] {standard_task_runner.py:57} INFO - Started process 196 to run task
[2025-02-27T16:47:46.522+0000] {standard_task_runner.py:84} INFO - Running: ['***', 'tasks', 'run', 'api_to_db_dag', 'create_velib_station_status_table', 'manual__2025-02-27T16:47:45.867931+00:00', '--job-id', '11', '--raw', '--subdir', 'DAGS_FOLDER/dag.py', '--cfg-path', '/tmp/tmpxteowtie']
[2025-02-27T16:47:46.524+0000] {standard_task_runner.py:85} INFO - Job 11: Subtask create_velib_station_status_table
[2025-02-27T16:47:46.558+0000] {task_command.py:410} INFO - Running <TaskInstance: api_to_db_dag.create_velib_station_status_table manual__2025-02-27T16:47:45.867931+00:00 [running]> on host 357b585475c9
[2025-02-27T16:47:46.608+0000] {taskinstance.py:1570} INFO - Exporting env vars: AIRFLOW_CTX_DAG_OWNER='***' AIRFLOW_CTX_DAG_ID='api_to_db_dag' AIRFLOW_CTX_TASK_ID='create_velib_station_status_table' AIRFLOW_CTX_EXECUTION_DATE='2025-02-27T16:47:45.867931+00:00' AIRFLOW_CTX_TRY_NUMBER='1' AIRFLOW_CTX_DAG_RUN_ID='manual__2025-02-27T16:47:45.867931+00:00'
[2025-02-27T16:47:46.608+0000] {sql.py:262} INFO - Executing: 
        CREATE TABLE IF NOT EXISTS public.velib_stations (
        station_id BIGINT,
        is_installed INT,
        is_renting INT,
        is_returning INT,
        last_reported TIMESTAMP,
        numBikesAvailable INT,
        numDocksAvailable INT,
        num_bikes_available INT,
        num_ebikes_available INT,
        num_mechanical_bikes_available INT,
        num_docks_available INT,
        PRIMARY KEY (station_id, last_reported)
    );
    
[2025-02-27T16:47:46.614+0000] {base.py:73} INFO - Using connection ID 'postgres_default' for task execution.
[2025-02-27T16:47:46.661+0000] {base.py:73} INFO - Using connection ID 'postgres_default' for task execution.
[2025-02-27T16:47:46.665+0000] {sql.py:375} INFO - Running statement: 
        CREATE TABLE IF NOT EXISTS public.velib_stations (
        station_id BIGINT,
        is_installed INT,
        is_renting INT,
        is_returning INT,
        last_reported TIMESTAMP,
        numBikesAvailable INT,
        numDocksAvailable INT,
        num_bikes_available INT,
        num_ebikes_available INT,
        num_mechanical_bikes_available INT,
        num_docks_available INT,
        PRIMARY KEY (station_id, last_reported)
    );
    , parameters: None
[2025-02-27T16:47:46.672+0000] {taskinstance.py:1373} INFO - Marking task as SUCCESS. dag_id=api_to_db_dag, task_id=create_velib_station_status_table, execution_date=20250227T164745, start_date=20250227T164746, end_date=20250227T164746
[2025-02-27T16:47:46.702+0000] {local_task_job_runner.py:232} INFO - Task exited with return code 0
[2025-02-27T16:47:46.722+0000] {taskinstance.py:2674} INFO - 1 downstream tasks scheduled from follow-on schedule check
