[2025-03-01T22:45:04.406+0000] {taskinstance.py:1125} INFO - Dependencies all met for dep_context=non-requeueable deps ti=<TaskInstance: api_to_db_dag.process_raw_velib_station scheduled__2025-03-01T22:30:00+00:00 [queued]>
[2025-03-01T22:45:04.414+0000] {taskinstance.py:1125} INFO - Dependencies all met for dep_context=requeueable deps ti=<TaskInstance: api_to_db_dag.process_raw_velib_station scheduled__2025-03-01T22:30:00+00:00 [queued]>
[2025-03-01T22:45:04.415+0000] {taskinstance.py:1331} INFO - Starting attempt 1 of 2
[2025-03-01T22:45:04.421+0000] {taskinstance.py:1350} INFO - Executing <Task(PythonOperator): process_raw_velib_station> on 2025-03-01 22:30:00+00:00
[2025-03-01T22:45:04.427+0000] {standard_task_runner.py:57} INFO - Started process 19053 to run task
[2025-03-01T22:45:04.431+0000] {standard_task_runner.py:84} INFO - Running: ['***', 'tasks', 'run', 'api_to_db_dag', 'process_raw_velib_station', 'scheduled__2025-03-01T22:30:00+00:00', '--job-id', '492', '--raw', '--subdir', 'DAGS_FOLDER/dag.py', '--cfg-path', '/tmp/tmppg3y81jk']
[2025-03-01T22:45:04.432+0000] {standard_task_runner.py:85} INFO - Job 492: Subtask process_raw_velib_station
[2025-03-01T22:45:04.460+0000] {task_command.py:410} INFO - Running <TaskInstance: api_to_db_dag.process_raw_velib_station scheduled__2025-03-01T22:30:00+00:00 [running]> on host 7d0564f8eb8b
[2025-03-01T22:45:04.513+0000] {taskinstance.py:1570} INFO - Exporting env vars: AIRFLOW_CTX_DAG_OWNER='***' AIRFLOW_CTX_DAG_ID='api_to_db_dag' AIRFLOW_CTX_TASK_ID='process_raw_velib_station' AIRFLOW_CTX_EXECUTION_DATE='2025-03-01T22:30:00+00:00' AIRFLOW_CTX_TRY_NUMBER='1' AIRFLOW_CTX_DAG_RUN_ID='scheduled__2025-03-01T22:30:00+00:00'
[2025-03-01T22:45:08.451+0000] {python.py:183} INFO - Done. Returned value was: None
[2025-03-01T22:45:08.456+0000] {taskinstance.py:1373} INFO - Marking task as SUCCESS. dag_id=api_to_db_dag, task_id=process_raw_velib_station, execution_date=20250301T223000, start_date=20250301T224504, end_date=20250301T224508
[2025-03-01T22:45:08.480+0000] {local_task_job_runner.py:232} INFO - Task exited with return code 0
[2025-03-01T22:45:08.497+0000] {taskinstance.py:2674} INFO - 1 downstream tasks scheduled from follow-on schedule check
[2025-03-01T22:47:40.327+0000] {taskinstance.py:1125} INFO - Dependencies all met for dep_context=non-requeueable deps ti=<TaskInstance: api_to_db_dag.process_raw_velib_station scheduled__2025-03-01T22:30:00+00:00 [queued]>
[2025-03-01T22:47:40.336+0000] {taskinstance.py:1125} INFO - Dependencies all met for dep_context=requeueable deps ti=<TaskInstance: api_to_db_dag.process_raw_velib_station scheduled__2025-03-01T22:30:00+00:00 [queued]>
[2025-03-01T22:47:40.336+0000] {taskinstance.py:1331} INFO - Starting attempt 1 of 2
[2025-03-01T22:47:40.348+0000] {taskinstance.py:1350} INFO - Executing <Task(PythonOperator): process_raw_velib_station> on 2025-03-01 22:30:00+00:00
[2025-03-01T22:47:40.354+0000] {standard_task_runner.py:57} INFO - Started process 21546 to run task
[2025-03-01T22:47:40.356+0000] {standard_task_runner.py:84} INFO - Running: ['***', 'tasks', 'run', 'api_to_db_dag', 'process_raw_velib_station', 'scheduled__2025-03-01T22:30:00+00:00', '--job-id', '507', '--raw', '--subdir', 'DAGS_FOLDER/dag.py', '--cfg-path', '/tmp/tmpb3qlmyyn']
[2025-03-01T22:47:40.361+0000] {standard_task_runner.py:85} INFO - Job 507: Subtask process_raw_velib_station
[2025-03-01T22:47:40.389+0000] {task_command.py:410} INFO - Running <TaskInstance: api_to_db_dag.process_raw_velib_station scheduled__2025-03-01T22:30:00+00:00 [running]> on host 7d0564f8eb8b
[2025-03-01T22:47:40.441+0000] {taskinstance.py:1570} INFO - Exporting env vars: AIRFLOW_CTX_DAG_OWNER='***' AIRFLOW_CTX_DAG_ID='api_to_db_dag' AIRFLOW_CTX_TASK_ID='process_raw_velib_station' AIRFLOW_CTX_EXECUTION_DATE='2025-03-01T22:30:00+00:00' AIRFLOW_CTX_TRY_NUMBER='1' AIRFLOW_CTX_DAG_RUN_ID='scheduled__2025-03-01T22:30:00+00:00'
[2025-03-01T22:47:43.693+0000] {python.py:183} INFO - Done. Returned value was: None
[2025-03-01T22:47:43.700+0000] {taskinstance.py:1373} INFO - Marking task as SUCCESS. dag_id=api_to_db_dag, task_id=process_raw_velib_station, execution_date=20250301T223000, start_date=20250301T224740, end_date=20250301T224743
[2025-03-01T22:47:43.728+0000] {local_task_job_runner.py:232} INFO - Task exited with return code 0
[2025-03-01T22:47:43.752+0000] {taskinstance.py:2674} INFO - 1 downstream tasks scheduled from follow-on schedule check
