[2025-02-27T13:19:50.681+0000] {taskinstance.py:1125} INFO - Dependencies all met for dep_context=non-requeueable deps ti=<TaskInstance: api_to_db_dag.create_station_informations_table manual__2025-02-27T13:19:49.828792+00:00 [queued]>
[2025-02-27T13:19:50.688+0000] {taskinstance.py:1125} INFO - Dependencies all met for dep_context=requeueable deps ti=<TaskInstance: api_to_db_dag.create_station_informations_table manual__2025-02-27T13:19:49.828792+00:00 [queued]>
[2025-02-27T13:19:50.689+0000] {taskinstance.py:1331} INFO - Starting attempt 1 of 1
[2025-02-27T13:19:50.702+0000] {taskinstance.py:1350} INFO - Executing <Task(PostgresOperator): create_station_informations_table> on 2025-02-27 13:19:49.828792+00:00
[2025-02-27T13:19:50.711+0000] {standard_task_runner.py:57} INFO - Started process 180 to run task
[2025-02-27T13:19:50.718+0000] {standard_task_runner.py:84} INFO - Running: ['***', 'tasks', 'run', 'api_to_db_dag', 'create_station_informations_table', 'manual__2025-02-27T13:19:49.828792+00:00', '--job-id', '5', '--raw', '--subdir', 'DAGS_FOLDER/dag.py', '--cfg-path', '/tmp/tmp9ipk7yod']
[2025-02-27T13:19:50.726+0000] {standard_task_runner.py:85} INFO - Job 5: Subtask create_station_informations_table
[2025-02-27T13:19:50.795+0000] {task_command.py:410} INFO - Running <TaskInstance: api_to_db_dag.create_station_informations_table manual__2025-02-27T13:19:49.828792+00:00 [running]> on host 1769bb992e56
[2025-02-27T13:19:50.881+0000] {taskinstance.py:1570} INFO - Exporting env vars: AIRFLOW_CTX_DAG_OWNER='***' AIRFLOW_CTX_DAG_ID='api_to_db_dag' AIRFLOW_CTX_TASK_ID='create_station_informations_table' AIRFLOW_CTX_EXECUTION_DATE='2025-02-27T13:19:49.828792+00:00' AIRFLOW_CTX_TRY_NUMBER='1' AIRFLOW_CTX_DAG_RUN_ID='manual__2025-02-27T13:19:49.828792+00:00'
[2025-02-27T13:19:50.881+0000] {sql.py:262} INFO - Executing: 
        DO $$
        BEGIN
            -- Check first if a type with the same name exists and drop it if it does
            IF EXISTS (SELECT 1 FROM pg_type WHERE typname = 'velib_station_details') THEN
                EXECUTE 'DROP TYPE IF EXISTS velib_station_details CASCADE';
            END IF;
            -- Then, create the table if it does not exist
            IF NOT EXISTS (
                SELECT 1 FROM information_schema.tables 
                WHERE table_schema = 'public' AND table_name = 'velib_station_details'
            ) THEN
                EXECUTE '
                    CREATE TABLE velib_station_details (
                        station_id BIGINT PRIMARY KEY, 
                        capacity INT,                   
                        lat DOUBLE PRECISION,          
                        lon DOUBLE PRECISION,           
                        name VARCHAR(255)
                    );
                ';
            END IF;
        END
        $$;
    
[2025-02-27T13:19:50.888+0000] {base.py:73} INFO - Using connection ID 'postgres_default' for task execution.
[2025-02-27T13:19:51.009+0000] {base.py:73} INFO - Using connection ID 'postgres_default' for task execution.
[2025-02-27T13:19:51.014+0000] {sql.py:375} INFO - Running statement: 
        DO $$
        BEGIN
            -- Check first if a type with the same name exists and drop it if it does
            IF EXISTS (SELECT 1 FROM pg_type WHERE typname = 'velib_station_details') THEN
                EXECUTE 'DROP TYPE IF EXISTS velib_station_details CASCADE';
            END IF;
            -- Then, create the table if it does not exist
            IF NOT EXISTS (
                SELECT 1 FROM information_schema.tables 
                WHERE table_schema = 'public' AND table_name = 'velib_station_details'
            ) THEN
                EXECUTE '
                    CREATE TABLE velib_station_details (
                        station_id BIGINT PRIMARY KEY, 
                        capacity INT,                   
                        lat DOUBLE PRECISION,          
                        lon DOUBLE PRECISION,           
                        name VARCHAR(255)
                    );
                ';
            END IF;
        END
        $$;
    , parameters: None
[2025-02-27T13:19:51.034+0000] {taskinstance.py:1373} INFO - Marking task as SUCCESS. dag_id=api_to_db_dag, task_id=create_station_informations_table, execution_date=20250227T131949, start_date=20250227T131950, end_date=20250227T131951
[2025-02-27T13:19:51.069+0000] {local_task_job_runner.py:232} INFO - Task exited with return code 0
[2025-02-27T13:19:51.102+0000] {taskinstance.py:2674} INFO - 1 downstream tasks scheduled from follow-on schedule check
