[2025-02-27T14:17:26.688+0000] {taskinstance.py:1125} INFO - Dependencies all met for dep_context=non-requeueable deps ti=<TaskInstance: api_to_db_dag.create_velib_station_status_table manual__2025-02-27T14:17:25.845084+00:00 [queued]>
[2025-02-27T14:17:26.693+0000] {taskinstance.py:1125} INFO - Dependencies all met for dep_context=requeueable deps ti=<TaskInstance: api_to_db_dag.create_velib_station_status_table manual__2025-02-27T14:17:25.845084+00:00 [queued]>
[2025-02-27T14:17:26.694+0000] {taskinstance.py:1331} INFO - Starting attempt 1 of 1
[2025-02-27T14:17:26.702+0000] {taskinstance.py:1350} INFO - Executing <Task(PostgresOperator): create_velib_station_status_table> on 2025-02-27 14:17:25.845084+00:00
[2025-02-27T14:17:26.707+0000] {standard_task_runner.py:57} INFO - Started process 192 to run task
[2025-02-27T14:17:26.714+0000] {standard_task_runner.py:84} INFO - Running: ['***', 'tasks', 'run', 'api_to_db_dag', 'create_velib_station_status_table', 'manual__2025-02-27T14:17:25.845084+00:00', '--job-id', '4', '--raw', '--subdir', 'DAGS_FOLDER/dag.py', '--cfg-path', '/tmp/tmpx9pmoa7b']
[2025-02-27T14:17:26.716+0000] {standard_task_runner.py:85} INFO - Job 4: Subtask create_velib_station_status_table
[2025-02-27T14:17:26.776+0000] {task_command.py:410} INFO - Running <TaskInstance: api_to_db_dag.create_velib_station_status_table manual__2025-02-27T14:17:25.845084+00:00 [running]> on host c6d37e3f50d8
[2025-02-27T14:17:26.874+0000] {taskinstance.py:1570} INFO - Exporting env vars: AIRFLOW_CTX_DAG_OWNER='***' AIRFLOW_CTX_DAG_ID='api_to_db_dag' AIRFLOW_CTX_TASK_ID='create_velib_station_status_table' AIRFLOW_CTX_EXECUTION_DATE='2025-02-27T14:17:25.845084+00:00' AIRFLOW_CTX_TRY_NUMBER='1' AIRFLOW_CTX_DAG_RUN_ID='manual__2025-02-27T14:17:25.845084+00:00'
[2025-02-27T14:17:26.875+0000] {sql.py:262} INFO - Executing: 
        BEGIN;
            DROP TABLE IF EXISTS velib_stations CASCADE;
            CREATE TABLE velib_stations(
                station_id BIGINT,
                is_installed INT,
                is_renting INT,
                is_returning INT,
                last_reported TIMESTAMP,
                numBikesAvailable INT,
                numDocksAvailable INT,
                num_bikes_available INT,
                num_ebikes_available INT,
                num_mechanical_bikes_available INT,
                num_docks_available INT,
                PRIMARY KEY (station_id, last_reported)
            );
        COMMIT;
    
[2025-02-27T14:17:26.886+0000] {base.py:73} INFO - Using connection ID 'postgres_default' for task execution.
[2025-02-27T14:17:27.045+0000] {base.py:73} INFO - Using connection ID 'postgres_default' for task execution.
[2025-02-27T14:17:27.050+0000] {sql.py:375} INFO - Running statement: 
        BEGIN;
            DROP TABLE IF EXISTS velib_stations CASCADE;
            CREATE TABLE velib_stations(
                station_id BIGINT,
                is_installed INT,
                is_renting INT,
                is_returning INT,
                last_reported TIMESTAMP,
                numBikesAvailable INT,
                numDocksAvailable INT,
                num_bikes_available INT,
                num_ebikes_available INT,
                num_mechanical_bikes_available INT,
                num_docks_available INT,
                PRIMARY KEY (station_id, last_reported)
            );
        COMMIT;
    , parameters: None
[2025-02-27T14:17:27.074+0000] {taskinstance.py:1373} INFO - Marking task as SUCCESS. dag_id=api_to_db_dag, task_id=create_velib_station_status_table, execution_date=20250227T141725, start_date=20250227T141726, end_date=20250227T141727
[2025-02-27T14:17:27.096+0000] {local_task_job_runner.py:232} INFO - Task exited with return code 0
[2025-02-27T14:17:27.138+0000] {taskinstance.py:2674} INFO - 1 downstream tasks scheduled from follow-on schedule check
