[2025-02-27T11:39:44.482+0000] {taskinstance.py:1125} INFO - Dependencies all met for dep_context=non-requeueable deps ti=<TaskInstance: api_to_db_dag.spark_join_task manual__2025-02-27T11:39:43.042946+00:00 [queued]>
[2025-02-27T11:39:44.489+0000] {taskinstance.py:1125} INFO - Dependencies all met for dep_context=requeueable deps ti=<TaskInstance: api_to_db_dag.spark_join_task manual__2025-02-27T11:39:43.042946+00:00 [queued]>
[2025-02-27T11:39:44.490+0000] {taskinstance.py:1331} INFO - Starting attempt 1 of 1
[2025-02-27T11:39:44.505+0000] {taskinstance.py:1350} INFO - Executing <Task(SparkSubmitOperator): spark_join_task> on 2025-02-27 11:39:43.042946+00:00
[2025-02-27T11:39:44.509+0000] {standard_task_runner.py:57} INFO - Started process 191 to run task
[2025-02-27T11:39:44.512+0000] {standard_task_runner.py:84} INFO - Running: ['***', 'tasks', 'run', 'api_to_db_dag', 'spark_join_task', 'manual__2025-02-27T11:39:43.042946+00:00', '--job-id', '3', '--raw', '--subdir', 'DAGS_FOLDER/dag.py', '--cfg-path', '/tmp/tmp_1_g71fo']
[2025-02-27T11:39:44.515+0000] {standard_task_runner.py:85} INFO - Job 3: Subtask spark_join_task
[2025-02-27T11:39:44.602+0000] {task_command.py:410} INFO - Running <TaskInstance: api_to_db_dag.spark_join_task manual__2025-02-27T11:39:43.042946+00:00 [running]> on host a00cf8e93560
[2025-02-27T11:39:44.683+0000] {taskinstance.py:1570} INFO - Exporting env vars: AIRFLOW_CTX_DAG_OWNER='***' AIRFLOW_CTX_DAG_ID='api_to_db_dag' AIRFLOW_CTX_TASK_ID='spark_join_task' AIRFLOW_CTX_EXECUTION_DATE='2025-02-27T11:39:43.042946+00:00' AIRFLOW_CTX_TRY_NUMBER='1' AIRFLOW_CTX_DAG_RUN_ID='manual__2025-02-27T11:39:43.042946+00:00'
[2025-02-27T11:39:44.696+0000] {base.py:73} INFO - Using connection ID 'spark_default' for task execution.
[2025-02-27T11:39:44.698+0000] {spark_submit.py:339} INFO - Spark-Submit cmd: spark-submit --master spark-master:7077 --conf spark.master=spark://spark-master:7077 --name spark_join --verbose /opt/***/dags/spark_join.py
[2025-02-27T11:39:44.799+0000] {spark_submit.py:490} INFO - /home/***/.local/lib/python3.7/site-packages/pyspark/bin/spark-class: line 71: /usr/lib/jvm/java-11-openjdk-amd64/bin/java: No such file or directory
[2025-02-27T11:39:44.800+0000] {spark_submit.py:490} INFO - /home/***/.local/lib/python3.7/site-packages/pyspark/bin/spark-class: line 97: CMD: bad array subscript
[2025-02-27T11:39:44.811+0000] {taskinstance.py:1847} ERROR - Task failed with exception
Traceback (most recent call last):
  File "/home/airflow/.local/lib/python3.7/site-packages/airflow/providers/apache/spark/operators/spark_submit.py", line 157, in execute
    self._hook.submit(self._application)
  File "/home/airflow/.local/lib/python3.7/site-packages/airflow/providers/apache/spark/hooks/spark_submit.py", line 422, in submit
    f"Cannot execute: {self._mask_cmd(spark_submit_cmd)}. Error code is: {returncode}."
airflow.exceptions.AirflowException: Cannot execute: spark-submit --master spark-master:7077 --conf spark.master=spark://spark-master:7077 --name spark_join --verbose /opt/***/dags/spark_join.py. Error code is: 1.
[2025-02-27T11:39:44.815+0000] {taskinstance.py:1373} INFO - Marking task as FAILED. dag_id=api_to_db_dag, task_id=spark_join_task, execution_date=20250227T113943, start_date=20250227T113944, end_date=20250227T113944
[2025-02-27T11:39:44.826+0000] {standard_task_runner.py:109} ERROR - Failed to execute job 3 for task spark_join_task (Cannot execute: spark-submit --master spark-master:7077 --conf spark.master=spark://spark-master:7077 --name spark_join --verbose /opt/***/dags/spark_join.py. Error code is: 1.; 191)
[2025-02-27T11:39:44.861+0000] {local_task_job_runner.py:232} INFO - Task exited with return code 1
[2025-02-27T11:39:44.892+0000] {taskinstance.py:2674} INFO - 0 downstream tasks scheduled from follow-on schedule check
