[2025-03-02T15:16:43.449+0000] {taskinstance.py:1125} INFO - Dependencies all met for dep_context=non-requeueable deps ti=<TaskInstance: api_to_db_dag.save_raw_station_details_information scheduled__2025-03-02T15:00:00+00:00 [queued]>
[2025-03-02T15:16:43.459+0000] {taskinstance.py:1125} INFO - Dependencies all met for dep_context=requeueable deps ti=<TaskInstance: api_to_db_dag.save_raw_station_details_information scheduled__2025-03-02T15:00:00+00:00 [queued]>
[2025-03-02T15:16:43.461+0000] {taskinstance.py:1331} INFO - Starting attempt 1 of 2
[2025-03-02T15:16:43.475+0000] {taskinstance.py:1350} INFO - Executing <Task(PythonOperator): save_raw_station_details_information> on 2025-03-02 15:00:00+00:00
[2025-03-02T15:16:43.479+0000] {standard_task_runner.py:57} INFO - Started process 306 to run task
[2025-03-02T15:16:43.483+0000] {standard_task_runner.py:84} INFO - Running: ['***', 'tasks', 'run', 'api_to_db_dag', 'save_raw_station_details_information', 'scheduled__2025-03-02T15:00:00+00:00', '--job-id', '7', '--raw', '--subdir', 'DAGS_FOLDER/dag.py', '--cfg-path', '/tmp/tmppml9_vhm']
[2025-03-02T15:16:43.485+0000] {standard_task_runner.py:85} INFO - Job 7: Subtask save_raw_station_details_information
[2025-03-02T15:16:43.594+0000] {task_command.py:410} INFO - Running <TaskInstance: api_to_db_dag.save_raw_station_details_information scheduled__2025-03-02T15:00:00+00:00 [running]> on host aff32853cb20
[2025-03-02T15:16:43.704+0000] {taskinstance.py:1570} INFO - Exporting env vars: AIRFLOW_CTX_DAG_OWNER='***' AIRFLOW_CTX_DAG_ID='api_to_db_dag' AIRFLOW_CTX_TASK_ID='save_raw_station_details_information' AIRFLOW_CTX_EXECUTION_DATE='2025-03-02T15:00:00+00:00' AIRFLOW_CTX_TRY_NUMBER='1' AIRFLOW_CTX_DAG_RUN_ID='scheduled__2025-03-02T15:00:00+00:00'
[2025-03-02T15:16:43.779+0000] {datalake_saver.py:45} INFO - Data saved successfully to /mnt/data/raw/velib_api/station_information/20250302/202503021516.json
[2025-03-02T15:16:43.780+0000] {python.py:183} INFO - Done. Returned value was: /mnt/data/raw/velib_api/station_information/20250302/202503021516.json
[2025-03-02T15:16:43.793+0000] {taskinstance.py:1373} INFO - Marking task as SUCCESS. dag_id=api_to_db_dag, task_id=save_raw_station_details_information, execution_date=20250302T150000, start_date=20250302T151643, end_date=20250302T151643
[2025-03-02T15:16:43.827+0000] {local_task_job_runner.py:232} INFO - Task exited with return code 0
[2025-03-02T15:16:43.850+0000] {taskinstance.py:2674} INFO - 1 downstream tasks scheduled from follow-on schedule check
[2025-03-02T15:27:24.772+0000] {taskinstance.py:1125} INFO - Dependencies all met for dep_context=non-requeueable deps ti=<TaskInstance: api_to_db_dag.save_raw_station_details_information scheduled__2025-03-02T15:00:00+00:00 [queued]>
[2025-03-02T15:27:24.777+0000] {taskinstance.py:1125} INFO - Dependencies all met for dep_context=requeueable deps ti=<TaskInstance: api_to_db_dag.save_raw_station_details_information scheduled__2025-03-02T15:00:00+00:00 [queued]>
[2025-03-02T15:27:24.778+0000] {taskinstance.py:1331} INFO - Starting attempt 1 of 2
[2025-03-02T15:27:24.786+0000] {taskinstance.py:1350} INFO - Executing <Task(PythonOperator): save_raw_station_details_information> on 2025-03-02 15:00:00+00:00
[2025-03-02T15:27:24.791+0000] {standard_task_runner.py:57} INFO - Started process 375 to run task
[2025-03-02T15:27:24.794+0000] {standard_task_runner.py:84} INFO - Running: ['***', 'tasks', 'run', 'api_to_db_dag', 'save_raw_station_details_information', 'scheduled__2025-03-02T15:00:00+00:00', '--job-id', '8', '--raw', '--subdir', 'DAGS_FOLDER/dag.py', '--cfg-path', '/tmp/tmpz2gdkyji']
[2025-03-02T15:27:24.795+0000] {standard_task_runner.py:85} INFO - Job 8: Subtask save_raw_station_details_information
[2025-03-02T15:27:24.835+0000] {task_command.py:410} INFO - Running <TaskInstance: api_to_db_dag.save_raw_station_details_information scheduled__2025-03-02T15:00:00+00:00 [running]> on host 471351a9a62d
[2025-03-02T15:27:24.899+0000] {taskinstance.py:1570} INFO - Exporting env vars: AIRFLOW_CTX_DAG_OWNER='***' AIRFLOW_CTX_DAG_ID='api_to_db_dag' AIRFLOW_CTX_TASK_ID='save_raw_station_details_information' AIRFLOW_CTX_EXECUTION_DATE='2025-03-02T15:00:00+00:00' AIRFLOW_CTX_TRY_NUMBER='1' AIRFLOW_CTX_DAG_RUN_ID='scheduled__2025-03-02T15:00:00+00:00'
[2025-03-02T15:27:24.984+0000] {datalake_saver.py:45} INFO - Data saved successfully to /mnt/data/raw/velib_api/station_information/20250302/202503021527.json
[2025-03-02T15:27:24.985+0000] {python.py:183} INFO - Done. Returned value was: /mnt/data/raw/velib_api/station_information/20250302/202503021527.json
[2025-03-02T15:27:25.001+0000] {taskinstance.py:1373} INFO - Marking task as SUCCESS. dag_id=api_to_db_dag, task_id=save_raw_station_details_information, execution_date=20250302T150000, start_date=20250302T152724, end_date=20250302T152725
[2025-03-02T15:27:25.014+0000] {local_task_job_runner.py:232} INFO - Task exited with return code 0
[2025-03-02T15:27:25.035+0000] {taskinstance.py:2674} INFO - 1 downstream tasks scheduled from follow-on schedule check
