[2025-02-27T14:54:41.483+0000] {taskinstance.py:1125} INFO - Dependencies all met for dep_context=non-requeueable deps ti=<TaskInstance: api_to_db_dag.create_station_informations_table manual__2025-02-27T14:54:40.628948+00:00 [queued]>
[2025-02-27T14:54:41.489+0000] {taskinstance.py:1125} INFO - Dependencies all met for dep_context=requeueable deps ti=<TaskInstance: api_to_db_dag.create_station_informations_table manual__2025-02-27T14:54:40.628948+00:00 [queued]>
[2025-02-27T14:54:41.489+0000] {taskinstance.py:1331} INFO - Starting attempt 1 of 1
[2025-02-27T14:54:41.497+0000] {taskinstance.py:1350} INFO - Executing <Task(PostgresOperator): create_station_informations_table> on 2025-02-27 14:54:40.628948+00:00
[2025-02-27T14:54:41.502+0000] {standard_task_runner.py:57} INFO - Started process 482 to run task
[2025-02-27T14:54:41.505+0000] {standard_task_runner.py:84} INFO - Running: ['***', 'tasks', 'run', 'api_to_db_dag', 'create_station_informations_table', 'manual__2025-02-27T14:54:40.628948+00:00', '--job-id', '13', '--raw', '--subdir', 'DAGS_FOLDER/dag.py', '--cfg-path', '/tmp/tmp7uc78e7x']
[2025-02-27T14:54:41.507+0000] {standard_task_runner.py:85} INFO - Job 13: Subtask create_station_informations_table
[2025-02-27T14:54:41.545+0000] {task_command.py:410} INFO - Running <TaskInstance: api_to_db_dag.create_station_informations_table manual__2025-02-27T14:54:40.628948+00:00 [running]> on host b6fe49d0fb59
[2025-02-27T14:54:41.610+0000] {taskinstance.py:1570} INFO - Exporting env vars: AIRFLOW_CTX_DAG_OWNER='***' AIRFLOW_CTX_DAG_ID='api_to_db_dag' AIRFLOW_CTX_TASK_ID='create_station_informations_table' AIRFLOW_CTX_EXECUTION_DATE='2025-02-27T14:54:40.628948+00:00' AIRFLOW_CTX_TRY_NUMBER='1' AIRFLOW_CTX_DAG_RUN_ID='manual__2025-02-27T14:54:40.628948+00:00'
[2025-02-27T14:54:41.611+0000] {sql.py:262} INFO - Executing: 
        BEGIN;
            -- Vérifiez d'abord si la table n'existe pas avant de la créer
            DO $$
            BEGIN
                IF NOT EXISTS (SELECT FROM pg_tables WHERE schemaname = 'public' AND tablename = 'velib_station_details') THEN
                    CREATE TABLE public.velib_station_details (
                        station_id BIGINT PRIMARY KEY,
                        capacity INT,
                        lat DOUBLE PRECISION,
                        lon DOUBLE PRECISION,
                        name VARCHAR(255)
                    );
                END IF;
            END
            $$;
        COMMIT;
        
[2025-02-27T14:54:41.617+0000] {base.py:73} INFO - Using connection ID 'postgres_default' for task execution.
[2025-02-27T14:54:41.674+0000] {base.py:73} INFO - Using connection ID 'postgres_default' for task execution.
[2025-02-27T14:54:41.677+0000] {sql.py:375} INFO - Running statement: 
        BEGIN;
            -- Vérifiez d'abord si la table n'existe pas avant de la créer
            DO $$
            BEGIN
                IF NOT EXISTS (SELECT FROM pg_tables WHERE schemaname = 'public' AND tablename = 'velib_station_details') THEN
                    CREATE TABLE public.velib_station_details (
                        station_id BIGINT PRIMARY KEY,
                        capacity INT,
                        lat DOUBLE PRECISION,
                        lon DOUBLE PRECISION,
                        name VARCHAR(255)
                    );
                END IF;
            END
            $$;
        COMMIT;
        , parameters: None
[2025-02-27T14:54:41.691+0000] {taskinstance.py:1373} INFO - Marking task as SUCCESS. dag_id=api_to_db_dag, task_id=create_station_informations_table, execution_date=20250227T145440, start_date=20250227T145441, end_date=20250227T145441
[2025-02-27T14:54:41.727+0000] {local_task_job_runner.py:232} INFO - Task exited with return code 0
[2025-02-27T14:54:41.745+0000] {taskinstance.py:2674} INFO - 1 downstream tasks scheduled from follow-on schedule check
