[2025-02-27T16:27:49.243+0000] {taskinstance.py:1125} INFO - Dependencies all met for dep_context=non-requeueable deps ti=<TaskInstance: api_to_db_dag.create_station_informations_table manual__2025-02-27T16:27:48.176959+00:00 [queued]>
[2025-02-27T16:27:49.249+0000] {taskinstance.py:1125} INFO - Dependencies all met for dep_context=requeueable deps ti=<TaskInstance: api_to_db_dag.create_station_informations_table manual__2025-02-27T16:27:48.176959+00:00 [queued]>
[2025-02-27T16:27:49.249+0000] {taskinstance.py:1331} INFO - Starting attempt 1 of 1
[2025-02-27T16:27:49.257+0000] {taskinstance.py:1350} INFO - Executing <Task(PostgresOperator): create_station_informations_table> on 2025-02-27 16:27:48.176959+00:00
[2025-02-27T16:27:49.260+0000] {standard_task_runner.py:57} INFO - Started process 191 to run task
[2025-02-27T16:27:49.263+0000] {standard_task_runner.py:84} INFO - Running: ['***', 'tasks', 'run', 'api_to_db_dag', 'create_station_informations_table', 'manual__2025-02-27T16:27:48.176959+00:00', '--job-id', '10', '--raw', '--subdir', 'DAGS_FOLDER/dag.py', '--cfg-path', '/tmp/tmpmh3pvr2c']
[2025-02-27T16:27:49.266+0000] {standard_task_runner.py:85} INFO - Job 10: Subtask create_station_informations_table
[2025-02-27T16:27:49.309+0000] {task_command.py:410} INFO - Running <TaskInstance: api_to_db_dag.create_station_informations_table manual__2025-02-27T16:27:48.176959+00:00 [running]> on host 256910fe3a65
[2025-02-27T16:27:49.362+0000] {taskinstance.py:1570} INFO - Exporting env vars: AIRFLOW_CTX_DAG_OWNER='***' AIRFLOW_CTX_DAG_ID='api_to_db_dag' AIRFLOW_CTX_TASK_ID='create_station_informations_table' AIRFLOW_CTX_EXECUTION_DATE='2025-02-27T16:27:48.176959+00:00' AIRFLOW_CTX_TRY_NUMBER='1' AIRFLOW_CTX_DAG_RUN_ID='manual__2025-02-27T16:27:48.176959+00:00'
[2025-02-27T16:27:49.362+0000] {sql.py:262} INFO - Executing: 
        
        CREATE TABLE IF NOT EXISTS public.velib_station_details (
                station_id BIGINT PRIMARY KEY,
                capacity INT,
                lat DOUBLE PRECISION,
                lon DOUBLE PRECISION,
                name VARCHAR(255)
            );

        
[2025-02-27T16:27:49.368+0000] {base.py:73} INFO - Using connection ID 'postgres_default' for task execution.
[2025-02-27T16:27:49.436+0000] {base.py:73} INFO - Using connection ID 'postgres_default' for task execution.
[2025-02-27T16:27:49.439+0000] {sql.py:375} INFO - Running statement: 
        
        CREATE TABLE IF NOT EXISTS public.velib_station_details (
                station_id BIGINT PRIMARY KEY,
                capacity INT,
                lat DOUBLE PRECISION,
                lon DOUBLE PRECISION,
                name VARCHAR(255)
            );

        , parameters: None
[2025-02-27T16:27:49.445+0000] {taskinstance.py:1373} INFO - Marking task as SUCCESS. dag_id=api_to_db_dag, task_id=create_station_informations_table, execution_date=20250227T162748, start_date=20250227T162749, end_date=20250227T162749
[2025-02-27T16:27:49.489+0000] {local_task_job_runner.py:232} INFO - Task exited with return code 0
[2025-02-27T16:27:49.523+0000] {taskinstance.py:2674} INFO - 1 downstream tasks scheduled from follow-on schedule check
