[2025-02-26T20:28:26.284+0000] {taskinstance.py:1087} INFO - Dependencies all met for <TaskInstance: api_to_db_dag.get_velib_data manual__2025-02-26T20:28:24.795629+00:00 [queued]>
[2025-02-26T20:28:26.290+0000] {taskinstance.py:1087} INFO - Dependencies all met for <TaskInstance: api_to_db_dag.get_velib_data manual__2025-02-26T20:28:24.795629+00:00 [queued]>
[2025-02-26T20:28:26.290+0000] {taskinstance.py:1283} INFO - 
--------------------------------------------------------------------------------
[2025-02-26T20:28:26.290+0000] {taskinstance.py:1284} INFO - Starting attempt 1 of 1
[2025-02-26T20:28:26.290+0000] {taskinstance.py:1285} INFO - 
--------------------------------------------------------------------------------
[2025-02-26T20:28:26.298+0000] {taskinstance.py:1304} INFO - Executing <Task(SimpleHttpOperator): get_velib_data> on 2025-02-26 20:28:24.795629+00:00
[2025-02-26T20:28:26.301+0000] {standard_task_runner.py:55} INFO - Started process 267 to run task
[2025-02-26T20:28:26.303+0000] {standard_task_runner.py:82} INFO - Running: ['***', 'tasks', 'run', 'api_to_db_dag', 'get_velib_data', 'manual__2025-02-26T20:28:24.795629+00:00', '--job-id', '10', '--raw', '--subdir', 'DAGS_FOLDER/dag.py', '--cfg-path', '/tmp/tmpi7h_j81m']
[2025-02-26T20:28:26.304+0000] {standard_task_runner.py:83} INFO - Job 10: Subtask get_velib_data
[2025-02-26T20:28:26.343+0000] {task_command.py:389} INFO - Running <TaskInstance: api_to_db_dag.get_velib_data manual__2025-02-26T20:28:24.795629+00:00 [running]> on host a5cd9f39530b
[2025-02-26T20:28:26.382+0000] {taskinstance.py:1513} INFO - Exporting the following env vars:
AIRFLOW_CTX_DAG_OWNER=***
AIRFLOW_CTX_DAG_ID=api_to_db_dag
AIRFLOW_CTX_TASK_ID=get_velib_data
AIRFLOW_CTX_EXECUTION_DATE=2025-02-26T20:28:24.795629+00:00
AIRFLOW_CTX_TRY_NUMBER=1
AIRFLOW_CTX_DAG_RUN_ID=manual__2025-02-26T20:28:24.795629+00:00
[2025-02-26T20:28:26.382+0000] {http.py:123} INFO - Calling HTTP method
[2025-02-26T20:28:26.387+0000] {base.py:73} INFO - Using connection ID 'velib_api_connection' for task execution.
[2025-02-26T20:28:26.389+0000] {http.py:150} INFO - Sending 'GET' to url: https://velib-metropole-opendata.smovengo.cloud/opendata/Velib_Metropole/station_status.json
[2025-02-26T20:28:26.585+0000] {taskinstance.py:1327} INFO - Marking task as SUCCESS. dag_id=api_to_db_dag, task_id=get_velib_data, execution_date=20250226T202824, start_date=20250226T202826, end_date=20250226T202826
[2025-02-26T20:28:26.605+0000] {local_task_job.py:159} INFO - Task exited with return code 0
[2025-02-26T20:28:26.620+0000] {taskinstance.py:2582} INFO - 1 downstream tasks scheduled from follow-on schedule check
