[2025-02-27T22:59:08.531+0000] {taskinstance.py:1125} INFO - Dependencies all met for dep_context=non-requeueable deps ti=<TaskInstance: api_to_db_dag.process_daily_data manual__2025-02-27T22:58:54.326911+00:00 [queued]>
[2025-02-27T22:59:08.535+0000] {taskinstance.py:1125} INFO - Dependencies all met for dep_context=requeueable deps ti=<TaskInstance: api_to_db_dag.process_daily_data manual__2025-02-27T22:58:54.326911+00:00 [queued]>
[2025-02-27T22:59:08.536+0000] {taskinstance.py:1331} INFO - Starting attempt 1 of 1
[2025-02-27T22:59:08.544+0000] {taskinstance.py:1350} INFO - Executing <Task(PythonOperator): process_daily_data> on 2025-02-27 22:58:54.326911+00:00
[2025-02-27T22:59:08.548+0000] {standard_task_runner.py:57} INFO - Started process 17262 to run task
[2025-02-27T22:59:08.548+0000] {clientserver.py:543} INFO - Closing down clientserver connection
[2025-02-27T22:59:08.552+0000] {standard_task_runner.py:84} INFO - Running: ['***', 'tasks', 'run', 'api_to_db_dag', 'process_daily_data', 'manual__2025-02-27T22:58:54.326911+00:00', '--job-id', '119', '--raw', '--subdir', 'DAGS_FOLDER/dag.py', '--cfg-path', '/tmp/tmpht4zzlj3']
[2025-02-27T22:59:08.553+0000] {standard_task_runner.py:85} INFO - Job 119: Subtask process_daily_data
[2025-02-27T22:59:08.593+0000] {task_command.py:410} INFO - Running <TaskInstance: api_to_db_dag.process_daily_data manual__2025-02-27T22:58:54.326911+00:00 [running]> on host 53fdc8261bae
[2025-02-27T22:59:08.641+0000] {taskinstance.py:1570} INFO - Exporting env vars: AIRFLOW_CTX_DAG_OWNER='***' AIRFLOW_CTX_DAG_ID='api_to_db_dag' AIRFLOW_CTX_TASK_ID='process_daily_data' AIRFLOW_CTX_EXECUTION_DATE='2025-02-27T22:58:54.326911+00:00' AIRFLOW_CTX_TRY_NUMBER='1' AIRFLOW_CTX_DAG_RUN_ID='manual__2025-02-27T22:58:54.326911+00:00'
[2025-02-27T22:59:09.135+0000] {clientserver.py:505} INFO - Error while sending or receiving.
Traceback (most recent call last):
  File "/home/airflow/.local/lib/python3.7/site-packages/py4j/clientserver.py", line 503, in send_command
    self.socket.sendall(command.encode("utf-8"))
ConnectionResetError: [Errno 104] Connection reset by peer
[2025-02-27T22:59:09.136+0000] {clientserver.py:543} INFO - Closing down clientserver connection
[2025-02-27T22:59:09.136+0000] {java_gateway.py:1052} INFO - Exception while sending command.
Traceback (most recent call last):
  File "/home/airflow/.local/lib/python3.7/site-packages/py4j/clientserver.py", line 503, in send_command
    self.socket.sendall(command.encode("utf-8"))
ConnectionResetError: [Errno 104] Connection reset by peer

During handling of the above exception, another exception occurred:

Traceback (most recent call last):
  File "/home/airflow/.local/lib/python3.7/site-packages/py4j/java_gateway.py", line 1038, in send_command
    response = connection.send_command(command)
  File "/home/airflow/.local/lib/python3.7/site-packages/py4j/clientserver.py", line 507, in send_command
    "Error while sending", e, proto.ERROR_ON_SEND)
py4j.protocol.Py4JNetworkError: Error while sending
[2025-02-27T22:59:09.138+0000] {clientserver.py:543} INFO - Closing down clientserver connection
[2025-02-27T22:59:10.728+0000] {taskinstance.py:1847} ERROR - Task failed with exception
Traceback (most recent call last):
  File "/home/airflow/.local/lib/python3.7/site-packages/airflow/operators/python.py", line 181, in execute
    return_value = self.execute_callable()
  File "/home/airflow/.local/lib/python3.7/site-packages/airflow/operators/python.py", line 198, in execute_callable
    return self.python_callable(*self.op_args, **self.op_kwargs)
  File "/opt/airflow/dags/dag.py", line 38, in combine_data
    stations_df = stations_df.drop(columns = {"station_code"})
TypeError: drop() got an unexpected keyword argument 'columns'
[2025-02-27T22:59:10.735+0000] {taskinstance.py:1373} INFO - Marking task as FAILED. dag_id=api_to_db_dag, task_id=process_daily_data, execution_date=20250227T225854, start_date=20250227T225908, end_date=20250227T225910
[2025-02-27T22:59:10.744+0000] {standard_task_runner.py:109} ERROR - Failed to execute job 119 for task process_daily_data (drop() got an unexpected keyword argument 'columns'; 17262)
[2025-02-27T22:59:10.784+0000] {local_task_job_runner.py:232} INFO - Task exited with return code 1
[2025-02-27T22:59:10.798+0000] {taskinstance.py:2674} INFO - 0 downstream tasks scheduled from follow-on schedule check
