[2025-03-02T15:16:43.484+0000] {taskinstance.py:1125} INFO - Dependencies all met for dep_context=non-requeueable deps ti=<TaskInstance: api_to_db_dag.save_raw_station_information scheduled__2025-03-02T15:00:00+00:00 [queued]>
[2025-03-02T15:16:43.490+0000] {taskinstance.py:1125} INFO - Dependencies all met for dep_context=requeueable deps ti=<TaskInstance: api_to_db_dag.save_raw_station_information scheduled__2025-03-02T15:00:00+00:00 [queued]>
[2025-03-02T15:16:43.491+0000] {taskinstance.py:1331} INFO - Starting attempt 1 of 2
[2025-03-02T15:16:43.501+0000] {taskinstance.py:1350} INFO - Executing <Task(PythonOperator): save_raw_station_information> on 2025-03-02 15:00:00+00:00
[2025-03-02T15:16:43.506+0000] {standard_task_runner.py:57} INFO - Started process 307 to run task
[2025-03-02T15:16:43.511+0000] {standard_task_runner.py:84} INFO - Running: ['***', 'tasks', 'run', 'api_to_db_dag', 'save_raw_station_information', 'scheduled__2025-03-02T15:00:00+00:00', '--job-id', '8', '--raw', '--subdir', 'DAGS_FOLDER/dag.py', '--cfg-path', '/tmp/tmp1ev41zzb']
[2025-03-02T15:16:43.516+0000] {standard_task_runner.py:85} INFO - Job 8: Subtask save_raw_station_information
[2025-03-02T15:16:43.616+0000] {task_command.py:410} INFO - Running <TaskInstance: api_to_db_dag.save_raw_station_information scheduled__2025-03-02T15:00:00+00:00 [running]> on host aff32853cb20
[2025-03-02T15:16:43.721+0000] {taskinstance.py:1570} INFO - Exporting env vars: AIRFLOW_CTX_DAG_OWNER='***' AIRFLOW_CTX_DAG_ID='api_to_db_dag' AIRFLOW_CTX_TASK_ID='save_raw_station_information' AIRFLOW_CTX_EXECUTION_DATE='2025-03-02T15:00:00+00:00' AIRFLOW_CTX_TRY_NUMBER='1' AIRFLOW_CTX_DAG_RUN_ID='scheduled__2025-03-02T15:00:00+00:00'
[2025-03-02T15:16:43.893+0000] {datalake_saver.py:45} INFO - Data saved successfully to /mnt/data/raw/velib_api/velib_stations/20250302/202503021516.json
[2025-03-02T15:16:43.894+0000] {python.py:183} INFO - Done. Returned value was: /mnt/data/raw/velib_api/velib_stations/20250302/202503021516.json
[2025-03-02T15:16:43.909+0000] {taskinstance.py:1373} INFO - Marking task as SUCCESS. dag_id=api_to_db_dag, task_id=save_raw_station_information, execution_date=20250302T150000, start_date=20250302T151643, end_date=20250302T151643
[2025-03-02T15:16:43.935+0000] {local_task_job_runner.py:232} INFO - Task exited with return code 0
[2025-03-02T15:16:43.955+0000] {taskinstance.py:2674} INFO - 1 downstream tasks scheduled from follow-on schedule check
[2025-03-02T15:27:24.732+0000] {taskinstance.py:1125} INFO - Dependencies all met for dep_context=non-requeueable deps ti=<TaskInstance: api_to_db_dag.save_raw_station_information scheduled__2025-03-02T15:00:00+00:00 [queued]>
[2025-03-02T15:27:24.740+0000] {taskinstance.py:1125} INFO - Dependencies all met for dep_context=requeueable deps ti=<TaskInstance: api_to_db_dag.save_raw_station_information scheduled__2025-03-02T15:00:00+00:00 [queued]>
[2025-03-02T15:27:24.740+0000] {taskinstance.py:1331} INFO - Starting attempt 1 of 2
[2025-03-02T15:27:24.758+0000] {taskinstance.py:1350} INFO - Executing <Task(PythonOperator): save_raw_station_information> on 2025-03-02 15:00:00+00:00
[2025-03-02T15:27:24.762+0000] {standard_task_runner.py:57} INFO - Started process 374 to run task
[2025-03-02T15:27:24.765+0000] {standard_task_runner.py:84} INFO - Running: ['***', 'tasks', 'run', 'api_to_db_dag', 'save_raw_station_information', 'scheduled__2025-03-02T15:00:00+00:00', '--job-id', '7', '--raw', '--subdir', 'DAGS_FOLDER/dag.py', '--cfg-path', '/tmp/tmpd3y7crnp']
[2025-03-02T15:27:24.766+0000] {standard_task_runner.py:85} INFO - Job 7: Subtask save_raw_station_information
[2025-03-02T15:27:24.802+0000] {task_command.py:410} INFO - Running <TaskInstance: api_to_db_dag.save_raw_station_information scheduled__2025-03-02T15:00:00+00:00 [running]> on host 471351a9a62d
[2025-03-02T15:27:24.875+0000] {taskinstance.py:1570} INFO - Exporting env vars: AIRFLOW_CTX_DAG_OWNER='***' AIRFLOW_CTX_DAG_ID='api_to_db_dag' AIRFLOW_CTX_TASK_ID='save_raw_station_information' AIRFLOW_CTX_EXECUTION_DATE='2025-03-02T15:00:00+00:00' AIRFLOW_CTX_TRY_NUMBER='1' AIRFLOW_CTX_DAG_RUN_ID='scheduled__2025-03-02T15:00:00+00:00'
[2025-03-02T15:27:25.022+0000] {datalake_saver.py:45} INFO - Data saved successfully to /mnt/data/raw/velib_api/velib_stations/20250302/202503021527.json
[2025-03-02T15:27:25.023+0000] {python.py:183} INFO - Done. Returned value was: /mnt/data/raw/velib_api/velib_stations/20250302/202503021527.json
[2025-03-02T15:27:25.037+0000] {taskinstance.py:1373} INFO - Marking task as SUCCESS. dag_id=api_to_db_dag, task_id=save_raw_station_information, execution_date=20250302T150000, start_date=20250302T152724, end_date=20250302T152725
[2025-03-02T15:27:25.069+0000] {local_task_job_runner.py:232} INFO - Task exited with return code 0
[2025-03-02T15:27:25.090+0000] {taskinstance.py:2674} INFO - 1 downstream tasks scheduled from follow-on schedule check
