[2025-03-02T15:16:41.066+0000] {taskinstance.py:1125} INFO - Dependencies all met for dep_context=non-requeueable deps ti=<TaskInstance: api_to_db_dag.get_station_information scheduled__2025-03-02T15:00:00+00:00 [queued]>
[2025-03-02T15:16:41.075+0000] {taskinstance.py:1125} INFO - Dependencies all met for dep_context=requeueable deps ti=<TaskInstance: api_to_db_dag.get_station_information scheduled__2025-03-02T15:00:00+00:00 [queued]>
[2025-03-02T15:16:41.075+0000] {taskinstance.py:1331} INFO - Starting attempt 1 of 2
[2025-03-02T15:16:41.085+0000] {taskinstance.py:1350} INFO - Executing <Task(SimpleHttpOperator): get_station_information> on 2025-03-02 15:00:00+00:00
[2025-03-02T15:16:41.092+0000] {standard_task_runner.py:57} INFO - Started process 249 to run task
[2025-03-02T15:16:41.096+0000] {standard_task_runner.py:84} INFO - Running: ['***', 'tasks', 'run', 'api_to_db_dag', 'get_station_information', 'scheduled__2025-03-02T15:00:00+00:00', '--job-id', '3', '--raw', '--subdir', 'DAGS_FOLDER/dag.py', '--cfg-path', '/tmp/tmpwr4ppsfw']
[2025-03-02T15:16:41.105+0000] {standard_task_runner.py:85} INFO - Job 3: Subtask get_station_information
[2025-03-02T15:16:41.212+0000] {task_command.py:410} INFO - Running <TaskInstance: api_to_db_dag.get_station_information scheduled__2025-03-02T15:00:00+00:00 [running]> on host aff32853cb20
[2025-03-02T15:16:41.301+0000] {taskinstance.py:1570} INFO - Exporting env vars: AIRFLOW_CTX_DAG_OWNER='***' AIRFLOW_CTX_DAG_ID='api_to_db_dag' AIRFLOW_CTX_TASK_ID='get_station_information' AIRFLOW_CTX_EXECUTION_DATE='2025-03-02T15:00:00+00:00' AIRFLOW_CTX_TRY_NUMBER='1' AIRFLOW_CTX_DAG_RUN_ID='scheduled__2025-03-02T15:00:00+00:00'
[2025-03-02T15:16:41.302+0000] {http.py:123} INFO - Calling HTTP method
[2025-03-02T15:16:41.314+0000] {base.py:73} INFO - Using connection ID 'velib_api_connection' for task execution.
[2025-03-02T15:16:41.509+0000] {taskinstance.py:1373} INFO - Marking task as SUCCESS. dag_id=api_to_db_dag, task_id=get_station_information, execution_date=20250302T150000, start_date=20250302T151641, end_date=20250302T151641
[2025-03-02T15:16:41.523+0000] {local_task_job_runner.py:232} INFO - Task exited with return code 0
[2025-03-02T15:16:41.554+0000] {taskinstance.py:2674} INFO - 1 downstream tasks scheduled from follow-on schedule check
[2025-03-02T15:27:22.759+0000] {taskinstance.py:1125} INFO - Dependencies all met for dep_context=non-requeueable deps ti=<TaskInstance: api_to_db_dag.get_station_information scheduled__2025-03-02T15:00:00+00:00 [queued]>
[2025-03-02T15:27:22.766+0000] {taskinstance.py:1125} INFO - Dependencies all met for dep_context=requeueable deps ti=<TaskInstance: api_to_db_dag.get_station_information scheduled__2025-03-02T15:00:00+00:00 [queued]>
[2025-03-02T15:27:22.766+0000] {taskinstance.py:1331} INFO - Starting attempt 1 of 2
[2025-03-02T15:27:22.776+0000] {taskinstance.py:1350} INFO - Executing <Task(SimpleHttpOperator): get_station_information> on 2025-03-02 15:00:00+00:00
[2025-03-02T15:27:22.781+0000] {standard_task_runner.py:57} INFO - Started process 319 to run task
[2025-03-02T15:27:22.783+0000] {standard_task_runner.py:84} INFO - Running: ['***', 'tasks', 'run', 'api_to_db_dag', 'get_station_information', 'scheduled__2025-03-02T15:00:00+00:00', '--job-id', '4', '--raw', '--subdir', 'DAGS_FOLDER/dag.py', '--cfg-path', '/tmp/tmppnln3z_k']
[2025-03-02T15:27:22.786+0000] {standard_task_runner.py:85} INFO - Job 4: Subtask get_station_information
[2025-03-02T15:27:22.847+0000] {task_command.py:410} INFO - Running <TaskInstance: api_to_db_dag.get_station_information scheduled__2025-03-02T15:00:00+00:00 [running]> on host 471351a9a62d
[2025-03-02T15:27:22.913+0000] {taskinstance.py:1570} INFO - Exporting env vars: AIRFLOW_CTX_DAG_OWNER='***' AIRFLOW_CTX_DAG_ID='api_to_db_dag' AIRFLOW_CTX_TASK_ID='get_station_information' AIRFLOW_CTX_EXECUTION_DATE='2025-03-02T15:00:00+00:00' AIRFLOW_CTX_TRY_NUMBER='1' AIRFLOW_CTX_DAG_RUN_ID='scheduled__2025-03-02T15:00:00+00:00'
[2025-03-02T15:27:22.915+0000] {http.py:123} INFO - Calling HTTP method
[2025-03-02T15:27:22.922+0000] {base.py:73} INFO - Using connection ID 'velib_api_connection' for task execution.
[2025-03-02T15:27:23.138+0000] {taskinstance.py:1373} INFO - Marking task as SUCCESS. dag_id=api_to_db_dag, task_id=get_station_information, execution_date=20250302T150000, start_date=20250302T152722, end_date=20250302T152723
[2025-03-02T15:27:23.165+0000] {local_task_job_runner.py:232} INFO - Task exited with return code 0
[2025-03-02T15:27:23.197+0000] {taskinstance.py:2674} INFO - 1 downstream tasks scheduled from follow-on schedule check
