[2025-03-01T22:45:03.343+0000] {taskinstance.py:1125} INFO - Dependencies all met for dep_context=non-requeueable deps ti=<TaskInstance: api_to_db_dag.save_raw_station_details_information scheduled__2025-03-01T22:30:00+00:00 [queued]>
[2025-03-01T22:45:03.352+0000] {taskinstance.py:1125} INFO - Dependencies all met for dep_context=requeueable deps ti=<TaskInstance: api_to_db_dag.save_raw_station_details_information scheduled__2025-03-01T22:30:00+00:00 [queued]>
[2025-03-01T22:45:03.352+0000] {taskinstance.py:1331} INFO - Starting attempt 1 of 2
[2025-03-01T22:45:03.362+0000] {taskinstance.py:1350} INFO - Executing <Task(PythonOperator): save_raw_station_details_information> on 2025-03-01 22:30:00+00:00
[2025-03-01T22:45:03.365+0000] {standard_task_runner.py:57} INFO - Started process 19025 to run task
[2025-03-01T22:45:03.367+0000] {standard_task_runner.py:84} INFO - Running: ['***', 'tasks', 'run', 'api_to_db_dag', 'save_raw_station_details_information', 'scheduled__2025-03-01T22:30:00+00:00', '--job-id', '490', '--raw', '--subdir', 'DAGS_FOLDER/dag.py', '--cfg-path', '/tmp/tmpys90q3i4']
[2025-03-01T22:45:03.369+0000] {standard_task_runner.py:85} INFO - Job 490: Subtask save_raw_station_details_information
[2025-03-01T22:45:03.393+0000] {task_command.py:410} INFO - Running <TaskInstance: api_to_db_dag.save_raw_station_details_information scheduled__2025-03-01T22:30:00+00:00 [running]> on host 7d0564f8eb8b
[2025-03-01T22:45:03.444+0000] {taskinstance.py:1570} INFO - Exporting env vars: AIRFLOW_CTX_DAG_OWNER='***' AIRFLOW_CTX_DAG_ID='api_to_db_dag' AIRFLOW_CTX_TASK_ID='save_raw_station_details_information' AIRFLOW_CTX_EXECUTION_DATE='2025-03-01T22:30:00+00:00' AIRFLOW_CTX_TRY_NUMBER='1' AIRFLOW_CTX_DAG_RUN_ID='scheduled__2025-03-01T22:30:00+00:00'
[2025-03-01T22:45:03.507+0000] {datalake_saver.py:49} INFO - Data saved successfully to /mnt/data/raw/velib_api/station_information/20250301/202503012245.json
[2025-03-01T22:45:03.507+0000] {python.py:183} INFO - Done. Returned value was: /mnt/data/raw/velib_api/station_information/20250301/202503012245.json
[2025-03-01T22:45:03.521+0000] {taskinstance.py:1373} INFO - Marking task as SUCCESS. dag_id=api_to_db_dag, task_id=save_raw_station_details_information, execution_date=20250301T223000, start_date=20250301T224503, end_date=20250301T224503
[2025-03-01T22:45:03.546+0000] {local_task_job_runner.py:232} INFO - Task exited with return code 0
[2025-03-01T22:45:03.566+0000] {taskinstance.py:2674} INFO - 0 downstream tasks scheduled from follow-on schedule check
[2025-03-01T22:47:39.252+0000] {taskinstance.py:1125} INFO - Dependencies all met for dep_context=non-requeueable deps ti=<TaskInstance: api_to_db_dag.save_raw_station_details_information scheduled__2025-03-01T22:30:00+00:00 [queued]>
[2025-03-01T22:47:39.261+0000] {taskinstance.py:1125} INFO - Dependencies all met for dep_context=requeueable deps ti=<TaskInstance: api_to_db_dag.save_raw_station_details_information scheduled__2025-03-01T22:30:00+00:00 [queued]>
[2025-03-01T22:47:39.261+0000] {taskinstance.py:1331} INFO - Starting attempt 1 of 2
[2025-03-01T22:47:39.271+0000] {taskinstance.py:1350} INFO - Executing <Task(PythonOperator): save_raw_station_details_information> on 2025-03-01 22:30:00+00:00
[2025-03-01T22:47:39.274+0000] {standard_task_runner.py:57} INFO - Started process 21519 to run task
[2025-03-01T22:47:39.276+0000] {standard_task_runner.py:84} INFO - Running: ['***', 'tasks', 'run', 'api_to_db_dag', 'save_raw_station_details_information', 'scheduled__2025-03-01T22:30:00+00:00', '--job-id', '506', '--raw', '--subdir', 'DAGS_FOLDER/dag.py', '--cfg-path', '/tmp/tmpb5j93yvz']
[2025-03-01T22:47:39.279+0000] {standard_task_runner.py:85} INFO - Job 506: Subtask save_raw_station_details_information
[2025-03-01T22:47:39.307+0000] {task_command.py:410} INFO - Running <TaskInstance: api_to_db_dag.save_raw_station_details_information scheduled__2025-03-01T22:30:00+00:00 [running]> on host 7d0564f8eb8b
[2025-03-01T22:47:39.358+0000] {taskinstance.py:1570} INFO - Exporting env vars: AIRFLOW_CTX_DAG_OWNER='***' AIRFLOW_CTX_DAG_ID='api_to_db_dag' AIRFLOW_CTX_TASK_ID='save_raw_station_details_information' AIRFLOW_CTX_EXECUTION_DATE='2025-03-01T22:30:00+00:00' AIRFLOW_CTX_TRY_NUMBER='1' AIRFLOW_CTX_DAG_RUN_ID='scheduled__2025-03-01T22:30:00+00:00'
[2025-03-01T22:47:39.421+0000] {datalake_saver.py:49} INFO - Data saved successfully to /mnt/data/raw/velib_api/station_information/20250301/202503012247.json
[2025-03-01T22:47:39.421+0000] {python.py:183} INFO - Done. Returned value was: /mnt/data/raw/velib_api/station_information/20250301/202503012247.json
[2025-03-01T22:47:39.434+0000] {taskinstance.py:1373} INFO - Marking task as SUCCESS. dag_id=api_to_db_dag, task_id=save_raw_station_details_information, execution_date=20250301T223000, start_date=20250301T224739, end_date=20250301T224739
[2025-03-01T22:47:39.460+0000] {local_task_job_runner.py:232} INFO - Task exited with return code 0
[2025-03-01T22:47:39.478+0000] {taskinstance.py:2674} INFO - 1 downstream tasks scheduled from follow-on schedule check
