[2025-02-28T18:43:21.252+0000] {taskinstance.py:1125} INFO - Dependencies all met for dep_context=non-requeueable deps ti=<TaskInstance: api_to_db_dag.index_parquet_to_elasticsearch manual__2025-02-28T18:43:07.082311+00:00 [queued]>
[2025-02-28T18:43:21.259+0000] {taskinstance.py:1125} INFO - Dependencies all met for dep_context=requeueable deps ti=<TaskInstance: api_to_db_dag.index_parquet_to_elasticsearch manual__2025-02-28T18:43:07.082311+00:00 [queued]>
[2025-02-28T18:43:21.260+0000] {taskinstance.py:1331} INFO - Starting attempt 1 of 1
[2025-02-28T18:43:21.268+0000] {taskinstance.py:1350} INFO - Executing <Task(PythonOperator): index_parquet_to_elasticsearch> on 2025-02-28 18:43:07.082311+00:00
[2025-02-28T18:43:21.273+0000] {standard_task_runner.py:57} INFO - Started process 48254 to run task
[2025-02-28T18:43:21.276+0000] {standard_task_runner.py:84} INFO - Running: ['***', 'tasks', 'run', 'api_to_db_dag', 'index_parquet_to_elasticsearch', 'manual__2025-02-28T18:43:07.082311+00:00', '--job-id', '135', '--raw', '--subdir', 'DAGS_FOLDER/dag.py', '--cfg-path', '/tmp/tmpw4e_tfef']
[2025-02-28T18:43:21.279+0000] {standard_task_runner.py:85} INFO - Job 135: Subtask index_parquet_to_elasticsearch
[2025-02-28T18:43:21.315+0000] {task_command.py:410} INFO - Running <TaskInstance: api_to_db_dag.index_parquet_to_elasticsearch manual__2025-02-28T18:43:07.082311+00:00 [running]> on host 2e469bce1432
[2025-02-28T18:43:21.374+0000] {taskinstance.py:1570} INFO - Exporting env vars: AIRFLOW_CTX_DAG_OWNER='***' AIRFLOW_CTX_DAG_ID='api_to_db_dag' AIRFLOW_CTX_TASK_ID='index_parquet_to_elasticsearch' AIRFLOW_CTX_EXECUTION_DATE='2025-02-28T18:43:07.082311+00:00' AIRFLOW_CTX_TRY_NUMBER='1' AIRFLOW_CTX_DAG_RUN_ID='manual__2025-02-28T18:43:07.082311+00:00'
[2025-02-28T18:43:21.441+0000] {logging_mixin.py:149} WARNING - /home/***/.local/lib/python3.7/site-packages/pandas/core/array_algos/replace.py:84 FutureWarning: elementwise comparison failed; returning scalar instead, but in the future will perform elementwise comparison
[2025-02-28T18:43:21.517+0000] {base.py:271} INFO - HEAD http://elasticsearch:9200/velib_data_analytics [status:200 request:0.015s]
[2025-02-28T18:43:21.887+0000] {base.py:271} INFO - POST http://elasticsearch:9200/_bulk [status:200 request:0.039s]
[2025-02-28T18:43:21.931+0000] {base.py:271} INFO - POST http://elasticsearch:9200/_bulk [status:200 request:0.032s]
[2025-02-28T18:43:21.981+0000] {base.py:271} INFO - POST http://elasticsearch:9200/_bulk [status:200 request:0.038s]
[2025-02-28T18:43:22.008+0000] {base.py:271} INFO - POST http://elasticsearch:9200/_bulk [status:200 request:0.018s]
[2025-02-28T18:43:22.030+0000] {base.py:271} INFO - POST http://elasticsearch:9200/_bulk [status:200 request:0.014s]
[2025-02-28T18:43:22.089+0000] {base.py:271} INFO - POST http://elasticsearch:9200/_bulk [status:200 request:0.051s]
[2025-02-28T18:43:22.121+0000] {base.py:271} INFO - POST http://elasticsearch:9200/_bulk [status:200 request:0.024s]
[2025-02-28T18:43:22.143+0000] {base.py:271} INFO - POST http://elasticsearch:9200/_bulk [status:200 request:0.013s]
[2025-02-28T18:43:22.164+0000] {base.py:271} INFO - POST http://elasticsearch:9200/_bulk [status:200 request:0.014s]
[2025-02-28T18:43:22.191+0000] {base.py:271} INFO - POST http://elasticsearch:9200/_bulk [status:200 request:0.019s]
[2025-02-28T18:43:22.214+0000] {base.py:271} INFO - POST http://elasticsearch:9200/_bulk [status:200 request:0.016s]
[2025-02-28T18:43:22.249+0000] {base.py:271} INFO - POST http://elasticsearch:9200/_bulk [status:200 request:0.017s]
[2025-02-28T18:43:22.279+0000] {base.py:271} INFO - POST http://elasticsearch:9200/_bulk [status:200 request:0.021s]
[2025-02-28T18:43:22.311+0000] {base.py:271} INFO - POST http://elasticsearch:9200/_bulk [status:200 request:0.020s]
[2025-02-28T18:43:22.338+0000] {base.py:271} INFO - POST http://elasticsearch:9200/_bulk [status:200 request:0.015s]
[2025-02-28T18:43:22.358+0000] {base.py:271} INFO - POST http://elasticsearch:9200/_bulk [status:200 request:0.012s]
[2025-02-28T18:43:22.378+0000] {base.py:271} INFO - POST http://elasticsearch:9200/_bulk [status:200 request:0.012s]
[2025-02-28T18:43:22.398+0000] {base.py:271} INFO - POST http://elasticsearch:9200/_bulk [status:200 request:0.013s]
[2025-02-28T18:43:22.423+0000] {base.py:271} INFO - POST http://elasticsearch:9200/_bulk [status:200 request:0.015s]
[2025-02-28T18:43:22.450+0000] {base.py:271} INFO - POST http://elasticsearch:9200/_bulk [status:200 request:0.014s]
[2025-02-28T18:43:22.470+0000] {base.py:271} INFO - POST http://elasticsearch:9200/_bulk [status:200 request:0.013s]
[2025-02-28T18:43:22.490+0000] {base.py:271} INFO - POST http://elasticsearch:9200/_bulk [status:200 request:0.013s]
[2025-02-28T18:43:22.512+0000] {base.py:271} INFO - POST http://elasticsearch:9200/_bulk [status:200 request:0.014s]
[2025-02-28T18:43:22.532+0000] {base.py:271} INFO - POST http://elasticsearch:9200/_bulk [status:200 request:0.013s]
[2025-02-28T18:43:22.551+0000] {base.py:271} INFO - POST http://elasticsearch:9200/_bulk [status:200 request:0.012s]
[2025-02-28T18:43:22.720+0000] {base.py:271} INFO - POST http://elasticsearch:9200/_bulk [status:200 request:0.018s]
[2025-02-28T18:43:22.740+0000] {base.py:271} INFO - POST http://elasticsearch:9200/_bulk [status:200 request:0.013s]
[2025-02-28T18:43:22.761+0000] {base.py:271} INFO - POST http://elasticsearch:9200/_bulk [status:200 request:0.013s]
[2025-02-28T18:43:22.781+0000] {base.py:271} INFO - POST http://elasticsearch:9200/_bulk [status:200 request:0.012s]
[2025-02-28T18:43:22.801+0000] {base.py:271} INFO - POST http://elasticsearch:9200/_bulk [status:200 request:0.012s]
[2025-02-28T18:43:22.830+0000] {base.py:271} INFO - POST http://elasticsearch:9200/_bulk [status:200 request:0.023s]
[2025-02-28T18:43:22.863+0000] {base.py:271} INFO - POST http://elasticsearch:9200/_bulk [status:200 request:0.026s]
[2025-02-28T18:43:22.884+0000] {base.py:271} INFO - POST http://elasticsearch:9200/_bulk [status:200 request:0.013s]
[2025-02-28T18:43:22.910+0000] {base.py:271} INFO - POST http://elasticsearch:9200/_bulk [status:200 request:0.016s]
[2025-02-28T18:43:22.930+0000] {base.py:271} INFO - POST http://elasticsearch:9200/_bulk [status:200 request:0.012s]
[2025-02-28T18:43:22.950+0000] {base.py:271} INFO - POST http://elasticsearch:9200/_bulk [status:200 request:0.013s]
[2025-02-28T18:43:22.979+0000] {base.py:271} INFO - POST http://elasticsearch:9200/_bulk [status:200 request:0.018s]
[2025-02-28T18:43:23.000+0000] {base.py:271} INFO - POST http://elasticsearch:9200/_bulk [status:200 request:0.013s]
[2025-02-28T18:43:23.020+0000] {base.py:271} INFO - POST http://elasticsearch:9200/_bulk [status:200 request:0.012s]
[2025-02-28T18:43:23.039+0000] {base.py:271} INFO - POST http://elasticsearch:9200/_bulk [status:200 request:0.012s]
[2025-02-28T18:43:23.063+0000] {base.py:271} INFO - POST http://elasticsearch:9200/_bulk [status:200 request:0.016s]
[2025-02-28T18:43:23.086+0000] {base.py:271} INFO - POST http://elasticsearch:9200/_bulk [status:200 request:0.013s]
[2025-02-28T18:43:23.102+0000] {base.py:271} INFO - POST http://elasticsearch:9200/_bulk [status:200 request:0.009s]
[2025-02-28T18:43:23.120+0000] {base.py:271} INFO - POST http://elasticsearch:9200/_bulk [status:200 request:0.010s]
[2025-02-28T18:43:23.148+0000] {base.py:271} INFO - POST http://elasticsearch:9200/_bulk [status:200 request:0.019s]
[2025-02-28T18:43:23.171+0000] {base.py:271} INFO - POST http://elasticsearch:9200/_bulk [status:200 request:0.013s]
[2025-02-28T18:43:23.194+0000] {base.py:271} INFO - POST http://elasticsearch:9200/_bulk [status:200 request:0.013s]
[2025-02-28T18:43:23.215+0000] {base.py:271} INFO - POST http://elasticsearch:9200/_bulk [status:200 request:0.012s]
[2025-02-28T18:43:23.235+0000] {base.py:271} INFO - POST http://elasticsearch:9200/_bulk [status:200 request:0.011s]
[2025-02-28T18:43:23.255+0000] {base.py:271} INFO - POST http://elasticsearch:9200/_bulk [status:200 request:0.011s]
[2025-02-28T18:43:23.275+0000] {base.py:271} INFO - POST http://elasticsearch:9200/_bulk [status:200 request:0.011s]
[2025-02-28T18:43:23.300+0000] {base.py:271} INFO - POST http://elasticsearch:9200/_bulk [status:200 request:0.016s]
[2025-02-28T18:43:23.319+0000] {base.py:271} INFO - POST http://elasticsearch:9200/_bulk [status:200 request:0.011s]
[2025-02-28T18:43:23.338+0000] {base.py:271} INFO - POST http://elasticsearch:9200/_bulk [status:200 request:0.010s]
[2025-02-28T18:43:23.357+0000] {base.py:271} INFO - POST http://elasticsearch:9200/_bulk [status:200 request:0.010s]
[2025-02-28T18:43:23.374+0000] {base.py:271} INFO - POST http://elasticsearch:9200/_bulk [status:200 request:0.009s]
[2025-02-28T18:43:23.391+0000] {base.py:271} INFO - POST http://elasticsearch:9200/_bulk [status:200 request:0.010s]
[2025-02-28T18:43:23.410+0000] {base.py:271} INFO - POST http://elasticsearch:9200/_bulk [status:200 request:0.011s]
[2025-02-28T18:43:23.429+0000] {base.py:271} INFO - POST http://elasticsearch:9200/_bulk [status:200 request:0.010s]
[2025-02-28T18:43:23.448+0000] {base.py:271} INFO - POST http://elasticsearch:9200/_bulk [status:200 request:0.011s]
[2025-02-28T18:43:23.466+0000] {base.py:271} INFO - POST http://elasticsearch:9200/_bulk [status:200 request:0.010s]
[2025-02-28T18:43:23.483+0000] {base.py:271} INFO - POST http://elasticsearch:9200/_bulk [status:200 request:0.009s]
[2025-02-28T18:43:23.499+0000] {base.py:271} INFO - POST http://elasticsearch:9200/_bulk [status:200 request:0.008s]
[2025-02-28T18:43:23.516+0000] {base.py:271} INFO - POST http://elasticsearch:9200/_bulk [status:200 request:0.009s]
[2025-02-28T18:43:23.535+0000] {base.py:271} INFO - POST http://elasticsearch:9200/_bulk [status:200 request:0.011s]
[2025-02-28T18:43:23.552+0000] {base.py:271} INFO - POST http://elasticsearch:9200/_bulk [status:200 request:0.009s]
[2025-02-28T18:43:23.568+0000] {base.py:271} INFO - POST http://elasticsearch:9200/_bulk [status:200 request:0.009s]
[2025-02-28T18:43:23.586+0000] {base.py:271} INFO - POST http://elasticsearch:9200/_bulk [status:200 request:0.010s]
[2025-02-28T18:43:23.603+0000] {base.py:271} INFO - POST http://elasticsearch:9200/_bulk [status:200 request:0.009s]
[2025-02-28T18:43:23.618+0000] {base.py:271} INFO - POST http://elasticsearch:9200/_bulk [status:200 request:0.009s]
[2025-02-28T18:43:23.634+0000] {base.py:271} INFO - POST http://elasticsearch:9200/_bulk [status:200 request:0.009s]
[2025-02-28T18:43:23.651+0000] {base.py:271} INFO - POST http://elasticsearch:9200/_bulk [status:200 request:0.009s]
[2025-02-28T18:43:23.668+0000] {base.py:271} INFO - POST http://elasticsearch:9200/_bulk [status:200 request:0.009s]
[2025-02-28T18:43:23.684+0000] {base.py:271} INFO - POST http://elasticsearch:9200/_bulk [status:200 request:0.009s]
[2025-02-28T18:43:23.699+0000] {base.py:271} INFO - POST http://elasticsearch:9200/_bulk [status:200 request:0.008s]
[2025-02-28T18:43:23.726+0000] {base.py:271} INFO - POST http://elasticsearch:9200/_bulk [status:200 request:0.019s]
[2025-02-28T18:43:23.750+0000] {base.py:271} INFO - POST http://elasticsearch:9200/_bulk [status:200 request:0.015s]
[2025-02-28T18:43:23.770+0000] {base.py:271} INFO - POST http://elasticsearch:9200/_bulk [status:200 request:0.012s]
[2025-02-28T18:43:23.887+0000] {base.py:271} INFO - POST http://elasticsearch:9200/_bulk [status:200 request:0.108s]
[2025-02-28T18:43:23.907+0000] {base.py:271} INFO - POST http://elasticsearch:9200/_bulk [status:200 request:0.012s]
[2025-02-28T18:43:23.909+0000] {logging_mixin.py:149} INFO - Les données ont été ajoutées dans l'index 'velib_data_analytics'.
[2025-02-28T18:43:23.928+0000] {python.py:183} INFO - Done. Returned value was: None
[2025-02-28T18:43:23.939+0000] {taskinstance.py:1373} INFO - Marking task as SUCCESS. dag_id=api_to_db_dag, task_id=index_parquet_to_elasticsearch, execution_date=20250228T184307, start_date=20250228T184321, end_date=20250228T184323
[2025-02-28T18:43:23.978+0000] {local_task_job_runner.py:232} INFO - Task exited with return code 0
[2025-02-28T18:43:24.002+0000] {taskinstance.py:2674} INFO - 0 downstream tasks scheduled from follow-on schedule check
