[2025-03-02T20:30:04.350+0000] {taskinstance.py:1125} INFO - Dependencies all met for dep_context=non-requeueable deps ti=<TaskInstance: api_to_db_dag.process_raw_velib_station scheduled__2025-03-02T20:15:00+00:00 [queued]>
[2025-03-02T20:30:04.357+0000] {taskinstance.py:1125} INFO - Dependencies all met for dep_context=requeueable deps ti=<TaskInstance: api_to_db_dag.process_raw_velib_station scheduled__2025-03-02T20:15:00+00:00 [queued]>
[2025-03-02T20:30:04.357+0000] {taskinstance.py:1331} INFO - Starting attempt 1 of 2
[2025-03-02T20:30:04.365+0000] {taskinstance.py:1350} INFO - Executing <Task(PythonOperator): process_raw_velib_station> on 2025-03-02 20:15:00+00:00
[2025-03-02T20:30:04.374+0000] {standard_task_runner.py:57} INFO - Started process 2442 to run task
[2025-03-02T20:30:04.377+0000] {standard_task_runner.py:84} INFO - Running: ['***', 'tasks', 'run', 'api_to_db_dag', 'process_raw_velib_station', 'scheduled__2025-03-02T20:15:00+00:00', '--job-id', '247', '--raw', '--subdir', 'DAGS_FOLDER/dag.py', '--cfg-path', '/tmp/tmpq_tpwv7c']
[2025-03-02T20:30:04.379+0000] {standard_task_runner.py:85} INFO - Job 247: Subtask process_raw_velib_station
[2025-03-02T20:30:04.426+0000] {task_command.py:410} INFO - Running <TaskInstance: api_to_db_dag.process_raw_velib_station scheduled__2025-03-02T20:15:00+00:00 [running]> on host 9bc609108c02
[2025-03-02T20:30:04.486+0000] {taskinstance.py:1570} INFO - Exporting env vars: AIRFLOW_CTX_DAG_OWNER='***' AIRFLOW_CTX_DAG_ID='api_to_db_dag' AIRFLOW_CTX_TASK_ID='process_raw_velib_station' AIRFLOW_CTX_EXECUTION_DATE='2025-03-02T20:15:00+00:00' AIRFLOW_CTX_TRY_NUMBER='1' AIRFLOW_CTX_DAG_RUN_ID='scheduled__2025-03-02T20:15:00+00:00'
[2025-03-02T20:30:04.513+0000] {logging_mixin.py:149} INFO - Error processing file /mnt/data/raw/velib_api/velib_stations/20250301/202503011730.json: [Errno 21] Failed to open local file '/mnt/data/formatted/velib_api/velib_stations/20250301/202503011730.snappy.parquet'. Detail: [errno 21] Is a directory
[2025-03-02T20:30:04.528+0000] {logging_mixin.py:149} INFO - Error processing file /mnt/data/raw/velib_api/velib_stations/20250301/202503010009.json: [Errno 21] Failed to open local file '/mnt/data/formatted/velib_api/velib_stations/20250301/202503010009.snappy.parquet'. Detail: [errno 21] Is a directory
[2025-03-02T20:30:04.598+0000] {logging_mixin.py:149} INFO - Error processing file /mnt/data/raw/velib_api/velib_stations/20250301/202503011100.json: [Errno 21] Failed to open local file '/mnt/data/formatted/velib_api/velib_stations/20250301/202503011100.snappy.parquet'. Detail: [errno 21] Is a directory
[2025-03-02T20:30:04.610+0000] {logging_mixin.py:149} INFO - Error processing file /mnt/data/raw/velib_api/velib_stations/20250301/202503011415.json: [Errno 21] Failed to open local file '/mnt/data/formatted/velib_api/velib_stations/20250301/202503011415.snappy.parquet'. Detail: [errno 21] Is a directory
[2025-03-02T20:30:04.620+0000] {logging_mixin.py:149} INFO - Error processing file /mnt/data/raw/velib_api/velib_stations/20250301/202503011045.json: [Errno 21] Failed to open local file '/mnt/data/formatted/velib_api/velib_stations/20250301/202503011045.snappy.parquet'. Detail: [errno 21] Is a directory
[2025-03-02T20:30:04.640+0000] {logging_mixin.py:149} INFO - Error processing file /mnt/data/raw/velib_api/velib_stations/20250301/202503011815.json: [Errno 21] Failed to open local file '/mnt/data/formatted/velib_api/velib_stations/20250301/202503011815.snappy.parquet'. Detail: [errno 21] Is a directory
[2025-03-02T20:30:04.655+0000] {logging_mixin.py:149} INFO - Error processing file /mnt/data/raw/velib_api/velib_stations/20250301/202503010005.json: [Errno 21] Failed to open local file '/mnt/data/formatted/velib_api/velib_stations/20250301/202503010005.snappy.parquet'. Detail: [errno 21] Is a directory
[2025-03-02T20:30:04.667+0000] {logging_mixin.py:149} INFO - Error processing file /mnt/data/raw/velib_api/velib_stations/20250301/202503010012.json: [Errno 21] Failed to open local file '/mnt/data/formatted/velib_api/velib_stations/20250301/202503010012.snappy.parquet'. Detail: [errno 21] Is a directory
[2025-03-02T20:30:04.680+0000] {logging_mixin.py:149} INFO - Error processing file /mnt/data/raw/velib_api/velib_stations/20250301/202503011615.json: [Errno 21] Failed to open local file '/mnt/data/formatted/velib_api/velib_stations/20250301/202503011615.snappy.parquet'. Detail: [errno 21] Is a directory
[2025-03-02T20:30:04.689+0000] {logging_mixin.py:149} INFO - Error processing file /mnt/data/raw/velib_api/velib_stations/20250301/202503011245.json: [Errno 21] Failed to open local file '/mnt/data/formatted/velib_api/velib_stations/20250301/202503011245.snappy.parquet'. Detail: [errno 21] Is a directory
[2025-03-02T20:30:04.701+0000] {logging_mixin.py:149} INFO - Error processing file /mnt/data/raw/velib_api/velib_stations/20250301/202503010004.json: [Errno 21] Failed to open local file '/mnt/data/formatted/velib_api/velib_stations/20250301/202503010004.snappy.parquet'. Detail: [errno 21] Is a directory
[2025-03-02T20:30:04.712+0000] {logging_mixin.py:149} INFO - Error processing file /mnt/data/raw/velib_api/velib_stations/20250301/202503011300.json: [Errno 21] Failed to open local file '/mnt/data/formatted/velib_api/velib_stations/20250301/202503011300.snappy.parquet'. Detail: [errno 21] Is a directory
[2025-03-02T20:30:04.726+0000] {logging_mixin.py:149} INFO - Error processing file /mnt/data/raw/velib_api/velib_stations/20250301/202503011930.json: [Errno 21] Failed to open local file '/mnt/data/formatted/velib_api/velib_stations/20250301/202503011930.snappy.parquet'. Detail: [errno 21] Is a directory
[2025-03-02T20:30:04.735+0000] {logging_mixin.py:149} INFO - Error processing file /mnt/data/raw/velib_api/velib_stations/20250301/202503011530.json: [Errno 21] Failed to open local file '/mnt/data/formatted/velib_api/velib_stations/20250301/202503011530.snappy.parquet'. Detail: [errno 21] Is a directory
[2025-03-02T20:30:04.747+0000] {logging_mixin.py:149} INFO - Error processing file /mnt/data/raw/velib_api/velib_stations/20250301/202503012035.json: [Errno 21] Failed to open local file '/mnt/data/formatted/velib_api/velib_stations/20250301/202503012035.snappy.parquet'. Detail: [errno 21] Is a directory
[2025-03-02T20:30:04.788+0000] {logging_mixin.py:149} INFO - Error processing file /mnt/data/raw/velib_api/velib_stations/20250301/202503011215.json: [Errno 21] Failed to open local file '/mnt/data/formatted/velib_api/velib_stations/20250301/202503011215.snappy.parquet'. Detail: [errno 21] Is a directory
[2025-03-02T20:30:04.801+0000] {logging_mixin.py:149} INFO - Error processing file /mnt/data/raw/velib_api/velib_stations/20250301/202503011645.json: [Errno 21] Failed to open local file '/mnt/data/formatted/velib_api/velib_stations/20250301/202503011645.snappy.parquet'. Detail: [errno 21] Is a directory
[2025-03-02T20:30:04.811+0000] {logging_mixin.py:149} INFO - Error processing file /mnt/data/raw/velib_api/velib_stations/20250301/202503011130.json: [Errno 21] Failed to open local file '/mnt/data/formatted/velib_api/velib_stations/20250301/202503011130.snappy.parquet'. Detail: [errno 21] Is a directory
[2025-03-02T20:30:04.826+0000] {logging_mixin.py:149} INFO - Error processing file /mnt/data/raw/velib_api/velib_stations/20250301/202503011330.json: [Errno 21] Failed to open local file '/mnt/data/formatted/velib_api/velib_stations/20250301/202503011330.snappy.parquet'. Detail: [errno 21] Is a directory
[2025-03-02T20:30:05.058+0000] {logging_mixin.py:149} INFO - Error processing file /mnt/data/raw/velib_api/velib_stations/20250301/202503010940.json: [Errno 21] Failed to open local file '/mnt/data/formatted/velib_api/velib_stations/20250301/202503010940.snappy.parquet'. Detail: [errno 21] Is a directory
[2025-03-02T20:30:05.072+0000] {logging_mixin.py:149} INFO - Error processing file /mnt/data/raw/velib_api/velib_stations/20250301/202503010002.json: [Errno 21] Failed to open local file '/mnt/data/formatted/velib_api/velib_stations/20250301/202503010002.snappy.parquet'. Detail: [errno 21] Is a directory
[2025-03-02T20:30:05.082+0000] {logging_mixin.py:149} INFO - Error processing file /mnt/data/raw/velib_api/velib_stations/20250301/202503010901.json: [Errno 21] Failed to open local file '/mnt/data/formatted/velib_api/velib_stations/20250301/202503010901.snappy.parquet'. Detail: [errno 21] Is a directory
[2025-03-02T20:30:05.096+0000] {logging_mixin.py:149} INFO - Error processing file /mnt/data/raw/velib_api/velib_stations/20250301/202503011845.json: [Errno 21] Failed to open local file '/mnt/data/formatted/velib_api/velib_stations/20250301/202503011845.snappy.parquet'. Detail: [errno 21] Is a directory
[2025-03-02T20:30:05.108+0000] {logging_mixin.py:149} INFO - Error processing file /mnt/data/raw/velib_api/velib_stations/20250301/202503011900.json: [Errno 21] Failed to open local file '/mnt/data/formatted/velib_api/velib_stations/20250301/202503011900.snappy.parquet'. Detail: [errno 21] Is a directory
[2025-03-02T20:30:05.126+0000] {logging_mixin.py:149} INFO - Error processing file /mnt/data/raw/velib_api/velib_stations/20250301/202503011500.json: [Errno 21] Failed to open local file '/mnt/data/formatted/velib_api/velib_stations/20250301/202503011500.snappy.parquet'. Detail: [errno 21] Is a directory
[2025-03-02T20:30:05.144+0000] {logging_mixin.py:149} INFO - Error processing file /mnt/data/raw/velib_api/velib_stations/20250301/202503011015.json: [Errno 21] Failed to open local file '/mnt/data/formatted/velib_api/velib_stations/20250301/202503011015.snappy.parquet'. Detail: [errno 21] Is a directory
[2025-03-02T20:30:05.159+0000] {logging_mixin.py:149} INFO - Error processing file /mnt/data/raw/velib_api/velib_stations/20250301/202503011445.json: [Errno 21] Failed to open local file '/mnt/data/formatted/velib_api/velib_stations/20250301/202503011445.snappy.parquet'. Detail: [errno 21] Is a directory
[2025-03-02T20:30:05.170+0000] {logging_mixin.py:149} INFO - Error processing file /mnt/data/raw/velib_api/velib_stations/20250301/202503011702.json: [Errno 21] Failed to open local file '/mnt/data/formatted/velib_api/velib_stations/20250301/202503011702.snappy.parquet'. Detail: [errno 21] Is a directory
[2025-03-02T20:30:05.182+0000] {logging_mixin.py:149} INFO - Error processing file /mnt/data/raw/velib_api/velib_stations/20250301/202503010902.json: [Errno 21] Failed to open local file '/mnt/data/formatted/velib_api/velib_stations/20250301/202503010902.snappy.parquet'. Detail: [errno 21] Is a directory
[2025-03-02T20:30:05.213+0000] {logging_mixin.py:149} INFO - Error processing file /mnt/data/raw/velib_api/velib_stations/20250301/202503011000.json: [Errno 21] Failed to open local file '/mnt/data/formatted/velib_api/velib_stations/20250301/202503011000.snappy.parquet'. Detail: [errno 21] Is a directory
[2025-03-02T20:30:05.223+0000] {logging_mixin.py:149} INFO - Error processing file /mnt/data/raw/velib_api/velib_stations/20250301/202503011515.json: [Errno 21] Failed to open local file '/mnt/data/formatted/velib_api/velib_stations/20250301/202503011515.snappy.parquet'. Detail: [errno 21] Is a directory
[2025-03-02T20:30:05.233+0000] {logging_mixin.py:149} INFO - Error processing file /mnt/data/raw/velib_api/velib_stations/20250301/202503011145.json: [Errno 21] Failed to open local file '/mnt/data/formatted/velib_api/velib_stations/20250301/202503011145.snappy.parquet'. Detail: [errno 21] Is a directory
[2025-03-02T20:30:05.244+0000] {logging_mixin.py:149} INFO - Error processing file /mnt/data/raw/velib_api/velib_stations/20250301/202503011915.json: [Errno 21] Failed to open local file '/mnt/data/formatted/velib_api/velib_stations/20250301/202503011915.snappy.parquet'. Detail: [errno 21] Is a directory
[2025-03-02T20:30:05.260+0000] {logging_mixin.py:149} INFO - Error processing file /mnt/data/raw/velib_api/velib_stations/20250301/202503011630.json: [Errno 21] Failed to open local file '/mnt/data/formatted/velib_api/velib_stations/20250301/202503011630.snappy.parquet'. Detail: [errno 21] Is a directory
[2025-03-02T20:30:05.285+0000] {logging_mixin.py:149} INFO - Error processing file /mnt/data/raw/velib_api/velib_stations/20250301/202503011830.json: [Errno 21] Failed to open local file '/mnt/data/formatted/velib_api/velib_stations/20250301/202503011830.snappy.parquet'. Detail: [errno 21] Is a directory
[2025-03-02T20:30:05.296+0000] {logging_mixin.py:149} INFO - Error processing file /mnt/data/raw/velib_api/velib_stations/20250301/202503011430.json: [Errno 21] Failed to open local file '/mnt/data/formatted/velib_api/velib_stations/20250301/202503011430.snappy.parquet'. Detail: [errno 21] Is a directory
[2025-03-02T20:30:05.307+0000] {logging_mixin.py:149} INFO - Error processing file /mnt/data/raw/velib_api/velib_stations/20250301/202503010000.json: [Errno 21] Failed to open local file '/mnt/data/formatted/velib_api/velib_stations/20250301/202503010000.snappy.parquet'. Detail: [errno 21] Is a directory
[2025-03-02T20:30:05.318+0000] {logging_mixin.py:149} INFO - Error processing file /mnt/data/raw/velib_api/velib_stations/20250301/202503011715.json: [Errno 21] Failed to open local file '/mnt/data/formatted/velib_api/velib_stations/20250301/202503011715.snappy.parquet'. Detail: [errno 21] Is a directory
[2025-03-02T20:30:05.333+0000] {logging_mixin.py:149} INFO - Error processing file /mnt/data/raw/velib_api/velib_stations/20250301/202503011345.json: [Errno 21] Failed to open local file '/mnt/data/formatted/velib_api/velib_stations/20250301/202503011345.snappy.parquet'. Detail: [errno 21] Is a directory
[2025-03-02T20:30:05.344+0000] {logging_mixin.py:149} INFO - Error processing file /mnt/data/raw/velib_api/velib_stations/20250301/202503011200.json: [Errno 21] Failed to open local file '/mnt/data/formatted/velib_api/velib_stations/20250301/202503011200.snappy.parquet'. Detail: [errno 21] Is a directory
[2025-03-02T20:30:05.395+0000] {logging_mixin.py:149} INFO - Error processing file /mnt/data/raw/velib_api/velib_stations/20250301/202503011030.json: [Errno 21] Failed to open local file '/mnt/data/formatted/velib_api/velib_stations/20250301/202503011030.snappy.parquet'. Detail: [errno 21] Is a directory
[2025-03-02T20:30:05.462+0000] {logging_mixin.py:149} INFO - Error processing file /mnt/data/raw/velib_api/velib_stations/20250301/202503011548.json: [Errno 21] Failed to open local file '/mnt/data/formatted/velib_api/velib_stations/20250301/202503011548.snappy.parquet'. Detail: [errno 21] Is a directory
[2025-03-02T20:30:05.481+0000] {logging_mixin.py:149} INFO - Error processing file /mnt/data/raw/velib_api/velib_stations/20250301/202503011315.json: [Errno 21] Failed to open local file '/mnt/data/formatted/velib_api/velib_stations/20250301/202503011315.snappy.parquet'. Detail: [errno 21] Is a directory
[2025-03-02T20:30:05.514+0000] {logging_mixin.py:149} INFO - Error processing file /mnt/data/raw/velib_api/velib_stations/20250301/202503011745.json: [Errno 21] Failed to open local file '/mnt/data/formatted/velib_api/velib_stations/20250301/202503011745.snappy.parquet'. Detail: [errno 21] Is a directory
[2025-03-02T20:30:05.539+0000] {logging_mixin.py:149} INFO - Error processing file /mnt/data/raw/velib_api/velib_stations/20250301/202503011600.json: [Errno 21] Failed to open local file '/mnt/data/formatted/velib_api/velib_stations/20250301/202503011600.snappy.parquet'. Detail: [errno 21] Is a directory
[2025-03-02T20:30:05.556+0000] {logging_mixin.py:149} INFO - Error processing file /mnt/data/raw/velib_api/velib_stations/20250301/202503010011.json: [Errno 21] Failed to open local file '/mnt/data/formatted/velib_api/velib_stations/20250301/202503010011.snappy.parquet'. Detail: [errno 21] Is a directory
[2025-03-02T20:30:05.569+0000] {logging_mixin.py:149} INFO - Error processing file /mnt/data/raw/velib_api/velib_stations/20250301/202503010945.json: [Errno 21] Failed to open local file '/mnt/data/formatted/velib_api/velib_stations/20250301/202503010945.snappy.parquet'. Detail: [errno 21] Is a directory
[2025-03-02T20:30:05.627+0000] {logging_mixin.py:149} INFO - Error processing file /mnt/data/raw/velib_api/velib_stations/20250301/202503011945.json: [Errno 21] Failed to open local file '/mnt/data/formatted/velib_api/velib_stations/20250301/202503011945.snappy.parquet'. Detail: [errno 21] Is a directory
[2025-03-02T20:30:05.640+0000] {logging_mixin.py:149} INFO - Error processing file /mnt/data/raw/velib_api/velib_stations/20250301/202503011800.json: [Errno 21] Failed to open local file '/mnt/data/formatted/velib_api/velib_stations/20250301/202503011800.snappy.parquet'. Detail: [errno 21] Is a directory
[2025-03-02T20:30:05.693+0000] {logging_mixin.py:149} INFO - Error processing file /mnt/data/raw/velib_api/velib_stations/20250301/202503011400.json: [Errno 21] Failed to open local file '/mnt/data/formatted/velib_api/velib_stations/20250301/202503011400.snappy.parquet'. Detail: [errno 21] Is a directory
[2025-03-02T20:30:05.706+0000] {logging_mixin.py:149} INFO - Error processing file /mnt/data/raw/velib_api/velib_stations/20250301/202503011115.json: [Errno 21] Failed to open local file '/mnt/data/formatted/velib_api/velib_stations/20250301/202503011115.snappy.parquet'. Detail: [errno 21] Is a directory
[2025-03-02T20:30:05.719+0000] {logging_mixin.py:149} INFO - Error processing file /mnt/data/raw/velib_api/velib_stations/20250301/202503010006.json: [Errno 21] Failed to open local file '/mnt/data/formatted/velib_api/velib_stations/20250301/202503010006.snappy.parquet'. Detail: [errno 21] Is a directory
[2025-03-02T20:30:05.765+0000] {logging_mixin.py:149} INFO - Error processing file /mnt/data/raw/velib_api/velib_stations/20250301/202503010010.json: [Errno 21] Failed to open local file '/mnt/data/formatted/velib_api/velib_stations/20250301/202503010010.snappy.parquet'. Detail: [errno 21] Is a directory
[2025-03-02T20:30:05.801+0000] {logging_mixin.py:149} INFO - Error processing file /mnt/data/raw/velib_api/velib_stations/20250301/202503011230.json: [Errno 21] Failed to open local file '/mnt/data/formatted/velib_api/velib_stations/20250301/202503011230.snappy.parquet'. Detail: [errno 21] Is a directory
[2025-03-02T20:30:05.831+0000] {logging_mixin.py:149} INFO - Error processing file /mnt/data/raw/velib_api/velib_stations/20250228/202502282010.json: [Errno 21] Failed to open local file '/mnt/data/formatted/velib_api/velib_stations/20250228/202502282010.snappy.parquet'. Detail: [errno 21] Is a directory
[2025-03-02T20:30:05.968+0000] {logging_mixin.py:149} INFO - Error processing file /mnt/data/raw/velib_api/velib_stations/20250228/202502281954.json: [Errno 21] Failed to open local file '/mnt/data/formatted/velib_api/velib_stations/20250228/202502281954.snappy.parquet'. Detail: [errno 21] Is a directory
[2025-03-02T20:30:05.983+0000] {logging_mixin.py:149} INFO - Error processing file /mnt/data/raw/velib_api/velib_stations/20250228/202502282102.json: [Errno 21] Failed to open local file '/mnt/data/formatted/velib_api/velib_stations/20250228/202502282102.snappy.parquet'. Detail: [errno 21] Is a directory
[2025-03-02T20:30:05.992+0000] {logging_mixin.py:149} INFO - Error processing file /mnt/data/raw/velib_api/velib_stations/20250228/202502281942.json: [Errno 21] Failed to open local file '/mnt/data/formatted/velib_api/velib_stations/20250228/202502281942.snappy.parquet'. Detail: [errno 21] Is a directory
[2025-03-02T20:30:06.000+0000] {logging_mixin.py:149} INFO - Error processing file /mnt/data/raw/velib_api/velib_stations/20250228/202502282114.json: [Errno 21] Failed to open local file '/mnt/data/formatted/velib_api/velib_stations/20250228/202502282114.snappy.parquet'. Detail: [errno 21] Is a directory
[2025-03-02T20:30:06.011+0000] {logging_mixin.py:149} INFO - Error processing file /mnt/data/raw/velib_api/velib_stations/20250228/202502281915.json: [Errno 21] Failed to open local file '/mnt/data/formatted/velib_api/velib_stations/20250228/202502281915.snappy.parquet'. Detail: [errno 21] Is a directory
[2025-03-02T20:30:06.020+0000] {logging_mixin.py:149} INFO - Error processing file /mnt/data/raw/velib_api/velib_stations/20250228/202502282006.json: [Errno 21] Failed to open local file '/mnt/data/formatted/velib_api/velib_stations/20250228/202502282006.snappy.parquet'. Detail: [errno 21] Is a directory
[2025-03-02T20:30:06.030+0000] {logging_mixin.py:149} INFO - Error processing file /mnt/data/raw/velib_api/velib_stations/20250228/202502282342.json: [Errno 21] Failed to open local file '/mnt/data/formatted/velib_api/velib_stations/20250228/202502282342.snappy.parquet'. Detail: [errno 21] Is a directory
[2025-03-02T20:30:06.039+0000] {logging_mixin.py:149} INFO - Error processing file /mnt/data/raw/velib_api/velib_stations/20250228/202502281958.json: [Errno 21] Failed to open local file '/mnt/data/formatted/velib_api/velib_stations/20250228/202502281958.snappy.parquet'. Detail: [errno 21] Is a directory
[2025-03-02T20:30:06.050+0000] {logging_mixin.py:149} INFO - Error processing file /mnt/data/raw/velib_api/velib_stations/20250228/202502281348.json: [Errno 21] Failed to open local file '/mnt/data/formatted/velib_api/velib_stations/20250228/202502281348.snappy.parquet'. Detail: [errno 21] Is a directory
[2025-03-02T20:30:06.061+0000] {logging_mixin.py:149} INFO - Error processing file /mnt/data/raw/velib_api/velib_stations/20250228/202502282026.json: [Errno 21] Failed to open local file '/mnt/data/formatted/velib_api/velib_stations/20250228/202502282026.snappy.parquet'. Detail: [errno 21] Is a directory
[2025-03-02T20:30:06.070+0000] {logging_mixin.py:149} INFO - Error processing file /mnt/data/raw/velib_api/velib_stations/20250228/202502282030.json: [Errno 21] Failed to open local file '/mnt/data/formatted/velib_api/velib_stations/20250228/202502282030.snappy.parquet'. Detail: [errno 21] Is a directory
[2025-03-02T20:30:06.081+0000] {logging_mixin.py:149} INFO - Error processing file /mnt/data/raw/velib_api/velib_stations/20250228/202502282318.json: [Errno 21] Failed to open local file '/mnt/data/formatted/velib_api/velib_stations/20250228/202502282318.snappy.parquet'. Detail: [errno 21] Is a directory
[2025-03-02T20:30:06.090+0000] {logging_mixin.py:149} INFO - Error processing file /mnt/data/raw/velib_api/velib_stations/20250228/202502281922.json: [Errno 21] Failed to open local file '/mnt/data/formatted/velib_api/velib_stations/20250228/202502281922.snappy.parquet'. Detail: [errno 21] Is a directory
[2025-03-02T20:30:06.099+0000] {logging_mixin.py:149} INFO - Error processing file /mnt/data/raw/velib_api/velib_stations/20250228/202502281758.json: [Errno 21] Failed to open local file '/mnt/data/formatted/velib_api/velib_stations/20250228/202502281758.snappy.parquet'. Detail: [errno 21] Is a directory
[2025-03-02T20:30:06.108+0000] {logging_mixin.py:149} INFO - Error processing file /mnt/data/raw/velib_api/velib_stations/20250228/202502281934.json: [Errno 21] Failed to open local file '/mnt/data/formatted/velib_api/velib_stations/20250228/202502281934.snappy.parquet'. Detail: [errno 21] Is a directory
[2025-03-02T20:30:06.121+0000] {logging_mixin.py:149} INFO - Error processing file /mnt/data/raw/velib_api/velib_stations/20250228/202502282359.json: [Errno 21] Failed to open local file '/mnt/data/formatted/velib_api/velib_stations/20250228/202502282359.snappy.parquet'. Detail: [errno 21] Is a directory
[2025-03-02T20:30:06.132+0000] {logging_mixin.py:149} INFO - Error processing file /mnt/data/raw/velib_api/velib_stations/20250228/202502281918.json: [Errno 21] Failed to open local file '/mnt/data/formatted/velib_api/velib_stations/20250228/202502281918.snappy.parquet'. Detail: [errno 21] Is a directory
[2025-03-02T20:30:06.144+0000] {logging_mixin.py:149} INFO - Error processing file /mnt/data/raw/velib_api/velib_stations/20250228/202502282322.json: [Errno 21] Failed to open local file '/mnt/data/formatted/velib_api/velib_stations/20250228/202502282322.snappy.parquet'. Detail: [errno 21] Is a directory
[2025-03-02T20:30:06.155+0000] {logging_mixin.py:149} INFO - Error processing file /mnt/data/raw/velib_api/velib_stations/20250228/202502282230.json: [Errno 21] Failed to open local file '/mnt/data/formatted/velib_api/velib_stations/20250228/202502282230.snappy.parquet'. Detail: [errno 21] Is a directory
[2025-03-02T20:30:06.204+0000] {logging_mixin.py:149} INFO - Error processing file /mnt/data/raw/velib_api/velib_stations/20250228/202502282158.json: [Errno 21] Failed to open local file '/mnt/data/formatted/velib_api/velib_stations/20250228/202502282158.snappy.parquet'. Detail: [errno 21] Is a directory
[2025-03-02T20:30:06.212+0000] {logging_mixin.py:149} INFO - Error processing file /mnt/data/raw/velib_api/velib_stations/20250228/202502282206.json: [Errno 21] Failed to open local file '/mnt/data/formatted/velib_api/velib_stations/20250228/202502282206.snappy.parquet'. Detail: [errno 21] Is a directory
[2025-03-02T20:30:06.221+0000] {logging_mixin.py:149} INFO - Error processing file /mnt/data/raw/velib_api/velib_stations/20250228/202502282314.json: [Errno 21] Failed to open local file '/mnt/data/formatted/velib_api/velib_stations/20250228/202502282314.snappy.parquet'. Detail: [errno 21] Is a directory
[2025-03-02T20:30:06.229+0000] {logging_mixin.py:149} INFO - Error processing file /mnt/data/raw/velib_api/velib_stations/20250228/202502282302.json: [Errno 21] Failed to open local file '/mnt/data/formatted/velib_api/velib_stations/20250228/202502282302.snappy.parquet'. Detail: [errno 21] Is a directory
[2025-03-02T20:30:06.238+0000] {logging_mixin.py:149} INFO - Error processing file /mnt/data/raw/velib_api/velib_stations/20250228/202502281938.json: [Errno 21] Failed to open local file '/mnt/data/formatted/velib_api/velib_stations/20250228/202502281938.snappy.parquet'. Detail: [errno 21] Is a directory
[2025-03-02T20:30:06.246+0000] {logging_mixin.py:149} INFO - Error processing file /mnt/data/raw/velib_api/velib_stations/20250228/202502282210.json: [Errno 21] Failed to open local file '/mnt/data/formatted/velib_api/velib_stations/20250228/202502282210.snappy.parquet'. Detail: [errno 21] Is a directory
[2025-03-02T20:30:06.254+0000] {logging_mixin.py:149} INFO - Error processing file /mnt/data/raw/velib_api/velib_stations/20250228/202502282050.json: [Errno 21] Failed to open local file '/mnt/data/formatted/velib_api/velib_stations/20250228/202502282050.snappy.parquet'. Detail: [errno 21] Is a directory
[2025-03-02T20:30:06.263+0000] {logging_mixin.py:149} INFO - Error processing file /mnt/data/raw/velib_api/velib_stations/20250228/202502281739.json: [Errno 21] Failed to open local file '/mnt/data/formatted/velib_api/velib_stations/20250228/202502281739.snappy.parquet'. Detail: [errno 21] Is a directory
[2025-03-02T20:30:06.272+0000] {logging_mixin.py:149} INFO - Error processing file /mnt/data/raw/velib_api/velib_stations/20250228/202502282046.json: [Errno 21] Failed to open local file '/mnt/data/formatted/velib_api/velib_stations/20250228/202502282046.snappy.parquet'. Detail: [errno 21] Is a directory
[2025-03-02T20:30:06.281+0000] {logging_mixin.py:149} INFO - Error processing file /mnt/data/raw/velib_api/velib_stations/20250228/202502282338.json: [Errno 21] Failed to open local file '/mnt/data/formatted/velib_api/velib_stations/20250228/202502282338.snappy.parquet'. Detail: [errno 21] Is a directory
[2025-03-02T20:30:06.289+0000] {logging_mixin.py:149} INFO - Error processing file /mnt/data/raw/velib_api/velib_stations/20250228/202502281909.json: [Errno 21] Failed to open local file '/mnt/data/formatted/velib_api/velib_stations/20250228/202502281909.snappy.parquet'. Detail: [errno 21] Is a directory
[2025-03-02T20:30:06.298+0000] {logging_mixin.py:149} INFO - Error processing file /mnt/data/raw/velib_api/velib_stations/20250228/202502281231.json: [Errno 21] Failed to open local file '/mnt/data/formatted/velib_api/velib_stations/20250228/202502281231.snappy.parquet'. Detail: [errno 21] Is a directory
[2025-03-02T20:30:06.315+0000] {logging_mixin.py:149} INFO - Error processing file /mnt/data/raw/velib_api/velib_stations/20250228/202502282108.json: [Errno 21] Failed to open local file '/mnt/data/formatted/velib_api/velib_stations/20250228/202502282108.snappy.parquet'. Detail: [errno 21] Is a directory
[2025-03-02T20:30:06.323+0000] {logging_mixin.py:149} INFO - Error processing file /mnt/data/raw/velib_api/velib_stations/20250228/202502281732.json: [Errno 21] Failed to open local file '/mnt/data/formatted/velib_api/velib_stations/20250228/202502281732.snappy.parquet'. Detail: [errno 21] Is a directory
[2025-03-02T20:30:06.331+0000] {logging_mixin.py:149} INFO - Error processing file /mnt/data/raw/velib_api/velib_stations/20250228/202502281948.json: [Errno 21] Failed to open local file '/mnt/data/formatted/velib_api/velib_stations/20250228/202502281948.snappy.parquet'. Detail: [errno 21] Is a directory
[2025-03-02T20:30:06.341+0000] {logging_mixin.py:149} INFO - Error processing file /mnt/data/raw/velib_api/velib_stations/20250228/202502282020.json: [Errno 21] Failed to open local file '/mnt/data/formatted/velib_api/velib_stations/20250228/202502282020.snappy.parquet'. Detail: [errno 21] Is a directory
[2025-03-02T20:30:06.350+0000] {logging_mixin.py:149} INFO - Error processing file /mnt/data/raw/velib_api/velib_stations/20250228/202502282036.json: [Errno 21] Failed to open local file '/mnt/data/formatted/velib_api/velib_stations/20250228/202502282036.snappy.parquet'. Detail: [errno 21] Is a directory
[2025-03-02T20:30:06.358+0000] {logging_mixin.py:149} INFO - Error processing file /mnt/data/raw/velib_api/velib_stations/20250228/202502282016.json: [Errno 21] Failed to open local file '/mnt/data/formatted/velib_api/velib_stations/20250228/202502282016.snappy.parquet'. Detail: [errno 21] Is a directory
[2025-03-02T20:30:06.366+0000] {logging_mixin.py:149} INFO - Error processing file /mnt/data/raw/velib_api/velib_stations/20250228/202502281952.json: [Errno 21] Failed to open local file '/mnt/data/formatted/velib_api/velib_stations/20250228/202502281952.snappy.parquet'. Detail: [errno 21] Is a directory
[2025-03-02T20:30:06.374+0000] {logging_mixin.py:149} INFO - Error processing file /mnt/data/raw/velib_api/velib_stations/20250228/202502281817.json: [Errno 21] Failed to open local file '/mnt/data/formatted/velib_api/velib_stations/20250228/202502281817.snappy.parquet'. Detail: [errno 21] Is a directory
[2025-03-02T20:30:06.384+0000] {logging_mixin.py:149} INFO - Error processing file /mnt/data/raw/velib_api/velib_stations/20250228/202502282104.json: [Errno 21] Failed to open local file '/mnt/data/formatted/velib_api/velib_stations/20250228/202502282104.snappy.parquet'. Detail: [errno 21] Is a directory
[2025-03-02T20:30:06.395+0000] {logging_mixin.py:149} INFO - Error processing file /mnt/data/raw/velib_api/velib_stations/20250228/202502281728.json: [Errno 21] Failed to open local file '/mnt/data/formatted/velib_api/velib_stations/20250228/202502281728.snappy.parquet'. Detail: [errno 21] Is a directory
[2025-03-02T20:30:06.403+0000] {logging_mixin.py:149} INFO - Error processing file /mnt/data/raw/velib_api/velib_stations/20250228/202502281944.json: [Errno 21] Failed to open local file '/mnt/data/formatted/velib_api/velib_stations/20250228/202502281944.snappy.parquet'. Detail: [errno 21] Is a directory
[2025-03-02T20:30:06.412+0000] {logging_mixin.py:149} INFO - Error processing file /mnt/data/raw/velib_api/velib_stations/20250228/202502282112.json: [Errno 21] Failed to open local file '/mnt/data/formatted/velib_api/velib_stations/20250228/202502282112.snappy.parquet'. Detail: [errno 21] Is a directory
[2025-03-02T20:30:06.421+0000] {logging_mixin.py:149} INFO - Error processing file /mnt/data/raw/velib_api/velib_stations/20250228/202502282000.json: [Errno 21] Failed to open local file '/mnt/data/formatted/velib_api/velib_stations/20250228/202502282000.snappy.parquet'. Detail: [errno 21] Is a directory
[2025-03-02T20:30:06.429+0000] {logging_mixin.py:149} INFO - Error processing file /mnt/data/raw/velib_api/velib_stations/20250228/202502282256.json: [Errno 21] Failed to open local file '/mnt/data/formatted/velib_api/velib_stations/20250228/202502282256.snappy.parquet'. Detail: [errno 21] Is a directory
[2025-03-02T20:30:06.439+0000] {logging_mixin.py:149} INFO - Error processing file /mnt/data/raw/velib_api/velib_stations/20250228/202502282344.json: [Errno 21] Failed to open local file '/mnt/data/formatted/velib_api/velib_stations/20250228/202502282344.snappy.parquet'. Detail: [errno 21] Is a directory
[2025-03-02T20:30:06.450+0000] {logging_mixin.py:149} INFO - Error processing file /mnt/data/raw/velib_api/velib_stations/20250228/202502281354.json: [Errno 21] Failed to open local file '/mnt/data/formatted/velib_api/velib_stations/20250228/202502281354.snappy.parquet'. Detail: [errno 21] Is a directory
[2025-03-02T20:30:06.460+0000] {logging_mixin.py:149} INFO - Error processing file /mnt/data/raw/velib_api/velib_stations/20250228/202502282200.json: [Errno 21] Failed to open local file '/mnt/data/formatted/velib_api/velib_stations/20250228/202502282200.snappy.parquet'. Detail: [errno 21] Is a directory
[2025-03-02T20:30:06.470+0000] {logging_mixin.py:149} INFO - Error processing file /mnt/data/raw/velib_api/velib_stations/20250228/202502282312.json: [Errno 21] Failed to open local file '/mnt/data/formatted/velib_api/velib_stations/20250228/202502282312.snappy.parquet'. Detail: [errno 21] Is a directory
[2025-03-02T20:30:06.479+0000] {logging_mixin.py:149} INFO - Error processing file /mnt/data/raw/velib_api/velib_stations/20250228/202502281928.json: [Errno 21] Failed to open local file '/mnt/data/formatted/velib_api/velib_stations/20250228/202502281928.snappy.parquet'. Detail: [errno 21] Is a directory
[2025-03-02T20:30:06.548+0000] {logging_mixin.py:149} INFO - Error processing file /mnt/data/raw/velib_api/velib_stations/20250228/202502282304.json: [Errno 21] Failed to open local file '/mnt/data/formatted/velib_api/velib_stations/20250228/202502282304.snappy.parquet'. Detail: [errno 21] Is a directory
[2025-03-02T20:30:06.557+0000] {logging_mixin.py:149} INFO - Error processing file /mnt/data/raw/velib_api/velib_stations/20250228/202502282216.json: [Errno 21] Failed to open local file '/mnt/data/formatted/velib_api/velib_stations/20250228/202502282216.snappy.parquet'. Detail: [errno 21] Is a directory
[2025-03-02T20:30:06.566+0000] {logging_mixin.py:149} INFO - Error processing file /mnt/data/raw/velib_api/velib_stations/20250228/202502281338.json: [Errno 21] Failed to open local file '/mnt/data/formatted/velib_api/velib_stations/20250228/202502281338.snappy.parquet'. Detail: [errno 21] Is a directory
[2025-03-02T20:30:06.575+0000] {logging_mixin.py:149} INFO - Error processing file /mnt/data/raw/velib_api/velib_stations/20250228/202502282328.json: [Errno 21] Failed to open local file '/mnt/data/formatted/velib_api/velib_stations/20250228/202502282328.snappy.parquet'. Detail: [errno 21] Is a directory
[2025-03-02T20:30:06.584+0000] {logging_mixin.py:149} INFO - Error processing file /mnt/data/raw/velib_api/velib_stations/20250228/202502282056.json: [Errno 21] Failed to open local file '/mnt/data/formatted/velib_api/velib_stations/20250228/202502282056.snappy.parquet'. Detail: [errno 21] Is a directory
[2025-03-02T20:30:06.592+0000] {logging_mixin.py:149} INFO - Error processing file /mnt/data/raw/velib_api/velib_stations/20250228/202502282040.json: [Errno 21] Failed to open local file '/mnt/data/formatted/velib_api/velib_stations/20250228/202502282040.snappy.parquet'. Detail: [errno 21] Is a directory
[2025-03-02T20:30:06.600+0000] {logging_mixin.py:149} INFO - Error processing file /mnt/data/raw/velib_api/velib_stations/20250228/202502281924.json: [Errno 21] Failed to open local file '/mnt/data/formatted/velib_api/velib_stations/20250228/202502281924.snappy.parquet'. Detail: [errno 21] Is a directory
[2025-03-02T20:30:06.609+0000] {logging_mixin.py:149} INFO - Error processing file /mnt/data/raw/velib_api/velib_stations/20250228/202502282308.json: [Errno 21] Failed to open local file '/mnt/data/formatted/velib_api/velib_stations/20250228/202502282308.snappy.parquet'. Detail: [errno 21] Is a directory
[2025-03-02T20:30:06.618+0000] {logging_mixin.py:149} INFO - Error processing file /mnt/data/raw/velib_api/velib_stations/20250228/202502281932.json: [Errno 21] Failed to open local file '/mnt/data/formatted/velib_api/velib_stations/20250228/202502281932.snappy.parquet'. Detail: [errno 21] Is a directory
[2025-03-02T20:30:06.626+0000] {logging_mixin.py:149} INFO - Error processing file /mnt/data/raw/velib_api/velib_stations/20250228/202502281436.json: [Errno 21] Failed to open local file '/mnt/data/formatted/velib_api/velib_stations/20250228/202502281436.snappy.parquet'. Detail: [errno 21] Is a directory
[2025-03-02T20:30:06.634+0000] {logging_mixin.py:149} INFO - Error processing file /mnt/data/raw/velib_api/velib_stations/20250228/202502282324.json: [Errno 21] Failed to open local file '/mnt/data/formatted/velib_api/velib_stations/20250228/202502282324.snappy.parquet'. Detail: [errno 21] Is a directory
[2025-03-02T20:30:06.643+0000] {logging_mixin.py:149} INFO - Error processing file /mnt/data/raw/velib_api/velib_stations/20250228/202502282236.json: [Errno 21] Failed to open local file '/mnt/data/formatted/velib_api/velib_stations/20250228/202502282236.snappy.parquet'. Detail: [errno 21] Is a directory
[2025-03-02T20:30:06.651+0000] {logging_mixin.py:149} INFO - Error processing file /mnt/data/raw/velib_api/velib_stations/20250228/202502282220.json: [Errno 21] Failed to open local file '/mnt/data/formatted/velib_api/velib_stations/20250228/202502282220.snappy.parquet'. Detail: [errno 21] Is a directory
[2025-03-02T20:30:06.659+0000] {logging_mixin.py:149} INFO - Error processing file /mnt/data/raw/velib_api/velib_stations/20250228/202502282332.json: [Errno 21] Failed to open local file '/mnt/data/formatted/velib_api/velib_stations/20250228/202502282332.snappy.parquet'. Detail: [errno 21] Is a directory
[2025-03-02T20:30:06.668+0000] {logging_mixin.py:149} INFO - Error processing file /mnt/data/raw/velib_api/velib_stations/20250228/202502282258.json: [Errno 21] Failed to open local file '/mnt/data/formatted/velib_api/velib_stations/20250228/202502282258.snappy.parquet'. Detail: [errno 21] Is a directory
[2025-03-02T20:30:06.676+0000] {logging_mixin.py:149} INFO - Error processing file /mnt/data/raw/velib_api/velib_stations/20250228/202502282034.json: [Errno 21] Failed to open local file '/mnt/data/formatted/velib_api/velib_stations/20250228/202502282034.snappy.parquet'. Detail: [errno 21] Is a directory
[2025-03-02T20:30:06.684+0000] {logging_mixin.py:149} INFO - Error processing file /mnt/data/raw/velib_api/velib_stations/20250228/202502282022.json: [Errno 21] Failed to open local file '/mnt/data/formatted/velib_api/velib_stations/20250228/202502282022.snappy.parquet'. Detail: [errno 21] Is a directory
[2025-03-02T20:30:06.693+0000] {logging_mixin.py:149} INFO - Error processing file /mnt/data/raw/velib_api/velib_stations/20250228/202502281819.json: [Errno 21] Failed to open local file '/mnt/data/formatted/velib_api/velib_stations/20250228/202502281819.snappy.parquet'. Detail: [errno 21] Is a directory
[2025-03-02T20:30:06.702+0000] {logging_mixin.py:149} INFO - Error processing file /mnt/data/raw/velib_api/velib_stations/20250228/202502282018.json: [Errno 21] Failed to open local file '/mnt/data/formatted/velib_api/velib_stations/20250228/202502282018.snappy.parquet'. Detail: [errno 21] Is a directory
[2025-03-02T20:30:06.710+0000] {logging_mixin.py:149} INFO - Error processing file /mnt/data/raw/velib_api/velib_stations/20250228/202502282346.json: [Errno 21] Failed to open local file '/mnt/data/formatted/velib_api/velib_stations/20250228/202502282346.snappy.parquet'. Detail: [errno 21] Is a directory
[2025-03-02T20:30:06.719+0000] {logging_mixin.py:149} INFO - Error processing file /mnt/data/raw/velib_api/velib_stations/20250228/202502282038.json: [Errno 21] Failed to open local file '/mnt/data/formatted/velib_api/velib_stations/20250228/202502282038.snappy.parquet'. Detail: [errno 21] Is a directory
[2025-03-02T20:30:06.727+0000] {logging_mixin.py:149} INFO - Error processing file /mnt/data/raw/velib_api/velib_stations/20250228/202502282254.json: [Errno 21] Failed to open local file '/mnt/data/formatted/velib_api/velib_stations/20250228/202502282254.snappy.parquet'. Detail: [errno 21] Is a directory
[2025-03-02T20:30:06.736+0000] {logging_mixin.py:149} INFO - Error processing file /mnt/data/raw/velib_api/velib_stations/20250228/202502282002.json: [Errno 21] Failed to open local file '/mnt/data/formatted/velib_api/velib_stations/20250228/202502282002.snappy.parquet'. Detail: [errno 21] Is a directory
[2025-03-02T20:30:06.744+0000] {logging_mixin.py:149} INFO - Error processing file /mnt/data/raw/velib_api/velib_stations/20250228/202502282110.json: [Errno 21] Failed to open local file '/mnt/data/formatted/velib_api/velib_stations/20250228/202502282110.snappy.parquet'. Detail: [errno 21] Is a directory
[2025-03-02T20:30:06.752+0000] {logging_mixin.py:149} INFO - Error processing file /mnt/data/raw/velib_api/velib_stations/20250228/202502281803.json: [Errno 21] Failed to open local file '/mnt/data/formatted/velib_api/velib_stations/20250228/202502281803.snappy.parquet'. Detail: [errno 21] Is a directory
[2025-03-02T20:30:06.761+0000] {logging_mixin.py:149} INFO - Error processing file /mnt/data/raw/velib_api/velib_stations/20250228/202502281946.json: [Errno 21] Failed to open local file '/mnt/data/formatted/velib_api/velib_stations/20250228/202502281946.snappy.parquet'. Detail: [errno 21] Is a directory
[2025-03-02T20:30:06.769+0000] {logging_mixin.py:149} INFO - Error processing file /mnt/data/raw/velib_api/velib_stations/20250228/202502282106.json: [Errno 21] Failed to open local file '/mnt/data/formatted/velib_api/velib_stations/20250228/202502282106.snappy.parquet'. Detail: [errno 21] Is a directory
[2025-03-02T20:30:06.777+0000] {logging_mixin.py:149} INFO - Error processing file /mnt/data/raw/velib_api/velib_stations/20250228/202502281950.json: [Errno 21] Failed to open local file '/mnt/data/formatted/velib_api/velib_stations/20250228/202502281950.snappy.parquet'. Detail: [errno 21] Is a directory
[2025-03-02T20:30:06.786+0000] {logging_mixin.py:149} INFO - Error processing file /mnt/data/raw/velib_api/velib_stations/20250228/202502282014.json: [Errno 21] Failed to open local file '/mnt/data/formatted/velib_api/velib_stations/20250228/202502282014.snappy.parquet'. Detail: [errno 21] Is a directory
[2025-03-02T20:30:06.794+0000] {logging_mixin.py:149} INFO - Error processing file /mnt/data/raw/velib_api/velib_stations/20250228/202502281843.json: [Errno 21] Failed to open local file '/mnt/data/formatted/velib_api/velib_stations/20250228/202502281843.snappy.parquet'. Detail: [errno 21] Is a directory
[2025-03-02T20:30:06.802+0000] {logging_mixin.py:149} INFO - Error processing file /mnt/data/raw/velib_api/velib_stations/20250228/202502282042.json: [Errno 21] Failed to open local file '/mnt/data/formatted/velib_api/velib_stations/20250228/202502282042.snappy.parquet'. Detail: [errno 21] Is a directory
[2025-03-02T20:30:06.811+0000] {logging_mixin.py:149} INFO - Error processing file /mnt/data/raw/velib_api/velib_stations/20250228/202502282054.json: [Errno 21] Failed to open local file '/mnt/data/formatted/velib_api/velib_stations/20250228/202502282054.snappy.parquet'. Detail: [errno 21] Is a directory
[2025-03-02T20:30:06.821+0000] {logging_mixin.py:149} INFO - Error processing file /mnt/data/raw/velib_api/velib_stations/20250228/202502281438.json: [Errno 21] Failed to open local file '/mnt/data/formatted/velib_api/velib_stations/20250228/202502281438.snappy.parquet'. Detail: [errno 21] Is a directory
[2025-03-02T20:30:06.830+0000] {logging_mixin.py:149} INFO - Error processing file /mnt/data/raw/velib_api/velib_stations/20250228/202502282214.json: [Errno 21] Failed to open local file '/mnt/data/formatted/velib_api/velib_stations/20250228/202502282214.snappy.parquet'. Detail: [errno 21] Is a directory
[2025-03-02T20:30:06.839+0000] {logging_mixin.py:149} INFO - Error processing file /mnt/data/raw/velib_api/velib_stations/20250228/202502282306.json: [Errno 21] Failed to open local file '/mnt/data/formatted/velib_api/velib_stations/20250228/202502282306.snappy.parquet'. Detail: [errno 21] Is a directory
[2025-03-02T20:30:06.847+0000] {logging_mixin.py:149} INFO - Error processing file /mnt/data/raw/velib_api/velib_stations/20250228/202502282310.json: [Errno 21] Failed to open local file '/mnt/data/formatted/velib_api/velib_stations/20250228/202502282310.snappy.parquet'. Detail: [errno 21] Is a directory
[2025-03-02T20:30:06.855+0000] {logging_mixin.py:149} INFO - Error processing file /mnt/data/raw/velib_api/velib_stations/20250228/202502281300.json: [Errno 21] Failed to open local file '/mnt/data/formatted/velib_api/velib_stations/20250228/202502281300.snappy.parquet'. Detail: [errno 21] Is a directory
[2025-03-02T20:30:06.864+0000] {logging_mixin.py:149} INFO - Error processing file /mnt/data/raw/velib_api/velib_stations/20250228/202502282202.json: [Errno 21] Failed to open local file '/mnt/data/formatted/velib_api/velib_stations/20250228/202502282202.snappy.parquet'. Detail: [errno 21] Is a directory
[2025-03-02T20:30:06.872+0000] {logging_mixin.py:149} INFO - Error processing file /mnt/data/raw/velib_api/velib_stations/20250228/202502281838.json: [Errno 21] Failed to open local file '/mnt/data/formatted/velib_api/velib_stations/20250228/202502281838.snappy.parquet'. Detail: [errno 21] Is a directory
[2025-03-02T20:30:06.880+0000] {logging_mixin.py:149} INFO - Error processing file /mnt/data/raw/velib_api/velib_stations/20250228/202502282330.json: [Errno 21] Failed to open local file '/mnt/data/formatted/velib_api/velib_stations/20250228/202502282330.snappy.parquet'. Detail: [errno 21] Is a directory
[2025-03-02T20:30:06.888+0000] {logging_mixin.py:149} INFO - Error processing file /mnt/data/raw/velib_api/velib_stations/20250228/202502281232.json: [Errno 21] Failed to open local file '/mnt/data/formatted/velib_api/velib_stations/20250228/202502281232.snappy.parquet'. Detail: [errno 21] Is a directory
[2025-03-02T20:30:06.896+0000] {logging_mixin.py:149} INFO - Error processing file /mnt/data/raw/velib_api/velib_stations/20250228/202502282222.json: [Errno 21] Failed to open local file '/mnt/data/formatted/velib_api/velib_stations/20250228/202502282222.snappy.parquet'. Detail: [errno 21] Is a directory
[2025-03-02T20:30:06.904+0000] {logging_mixin.py:149} INFO - Error processing file /mnt/data/raw/velib_api/velib_stations/20250228/202502282058.json: [Errno 21] Failed to open local file '/mnt/data/formatted/velib_api/velib_stations/20250228/202502282058.snappy.parquet'. Detail: [errno 21] Is a directory
[2025-03-02T20:30:06.913+0000] {logging_mixin.py:149} INFO - Error processing file /mnt/data/raw/velib_api/velib_stations/20250228/202502282234.json: [Errno 21] Failed to open local file '/mnt/data/formatted/velib_api/velib_stations/20250228/202502282234.snappy.parquet'. Detail: [errno 21] Is a directory
[2025-03-02T20:30:07.006+0000] {logging_mixin.py:149} INFO - Error processing file /mnt/data/raw/velib_api/velib_stations/20250228/202502282218.json: [Errno 21] Failed to open local file '/mnt/data/formatted/velib_api/velib_stations/20250228/202502282218.snappy.parquet'. Detail: [errno 21] Is a directory
[2025-03-02T20:30:07.015+0000] {logging_mixin.py:149} INFO - Error processing file /mnt/data/raw/velib_api/velib_stations/20250228/202502281930.json: [Errno 21] Failed to open local file '/mnt/data/formatted/velib_api/velib_stations/20250228/202502281930.snappy.parquet'. Detail: [errno 21] Is a directory
[2025-03-02T20:30:07.024+0000] {logging_mixin.py:149} INFO - Error processing file /mnt/data/raw/velib_api/velib_stations/20250228/202502281926.json: [Errno 21] Failed to open local file '/mnt/data/formatted/velib_api/velib_stations/20250228/202502281926.snappy.parquet'. Detail: [errno 21] Is a directory
[2025-03-02T20:30:07.033+0000] {logging_mixin.py:149} INFO - Error processing file /mnt/data/raw/velib_api/velib_stations/20250228/202502282340.json: [Errno 21] Failed to open local file '/mnt/data/formatted/velib_api/velib_stations/20250228/202502282340.snappy.parquet'. Detail: [errno 21] Is a directory
[2025-03-02T20:30:07.042+0000] {logging_mixin.py:149} INFO - Error processing file /mnt/data/raw/velib_api/velib_stations/20250228/202502282252.json: [Errno 21] Failed to open local file '/mnt/data/formatted/velib_api/velib_stations/20250228/202502282252.snappy.parquet'. Detail: [errno 21] Is a directory
[2025-03-02T20:30:07.051+0000] {logging_mixin.py:149} INFO - Error processing file /mnt/data/raw/velib_api/velib_stations/20250228/202502282028.json: [Errno 21] Failed to open local file '/mnt/data/formatted/velib_api/velib_stations/20250228/202502282028.snappy.parquet'. Detail: [errno 21] Is a directory
[2025-03-02T20:30:07.059+0000] {logging_mixin.py:149} INFO - Error processing file /mnt/data/raw/velib_api/velib_stations/20250228/202502281741.json: [Errno 21] Failed to open local file '/mnt/data/formatted/velib_api/velib_stations/20250228/202502281741.snappy.parquet'. Detail: [errno 21] Is a directory
[2025-03-02T20:30:07.067+0000] {logging_mixin.py:149} INFO - Error processing file /mnt/data/raw/velib_api/velib_stations/20250228/202502281346.json: [Errno 21] Failed to open local file '/mnt/data/formatted/velib_api/velib_stations/20250228/202502281346.snappy.parquet'. Detail: [errno 21] Is a directory
[2025-03-02T20:30:07.076+0000] {logging_mixin.py:149} INFO - Error processing file /mnt/data/raw/velib_api/velib_stations/20250228/202502282004.json: [Errno 21] Failed to open local file '/mnt/data/formatted/velib_api/velib_stations/20250228/202502282004.snappy.parquet'. Detail: [errno 21] Is a directory
[2025-03-02T20:30:07.084+0000] {logging_mixin.py:149} INFO - Error processing file /mnt/data/raw/velib_api/velib_stations/20250228/202502282116.json: [Errno 21] Failed to open local file '/mnt/data/formatted/velib_api/velib_stations/20250228/202502282116.snappy.parquet'. Detail: [errno 21] Is a directory
[2025-03-02T20:30:07.094+0000] {logging_mixin.py:149} INFO - Error processing file /mnt/data/raw/velib_api/velib_stations/20250228/202502281413.json: [Errno 21] Failed to open local file '/mnt/data/formatted/velib_api/velib_stations/20250228/202502281413.snappy.parquet'. Detail: [errno 21] Is a directory
[2025-03-02T20:30:07.102+0000] {logging_mixin.py:149} INFO - Error processing file /mnt/data/raw/velib_api/velib_stations/20250228/202502281940.json: [Errno 21] Failed to open local file '/mnt/data/formatted/velib_api/velib_stations/20250228/202502281940.snappy.parquet'. Detail: [errno 21] Is a directory
[2025-03-02T20:30:07.110+0000] {logging_mixin.py:149} INFO - Error processing file /mnt/data/raw/velib_api/velib_stations/20250228/202502282100.json: [Errno 21] Failed to open local file '/mnt/data/formatted/velib_api/velib_stations/20250228/202502282100.snappy.parquet'. Detail: [errno 21] Is a directory
[2025-03-02T20:30:07.120+0000] {logging_mixin.py:149} INFO - Error processing file /mnt/data/raw/velib_api/velib_stations/20250228/202502281956.json: [Errno 21] Failed to open local file '/mnt/data/formatted/velib_api/velib_stations/20250228/202502281956.snappy.parquet'. Detail: [errno 21] Is a directory
[2025-03-02T20:30:07.129+0000] {logging_mixin.py:149} INFO - Error processing file /mnt/data/raw/velib_api/velib_stations/20250228/202502282157.json: [Errno 21] Failed to open local file '/mnt/data/formatted/velib_api/velib_stations/20250228/202502282157.snappy.parquet'. Detail: [errno 21] Is a directory
[2025-03-02T20:30:07.138+0000] {logging_mixin.py:149} INFO - Error processing file /mnt/data/raw/velib_api/velib_stations/20250228/202502282012.json: [Errno 21] Failed to open local file '/mnt/data/formatted/velib_api/velib_stations/20250228/202502282012.snappy.parquet'. Detail: [errno 21] Is a directory
[2025-03-02T20:30:07.147+0000] {logging_mixin.py:149} INFO - Error processing file /mnt/data/raw/velib_api/velib_stations/20250228/202502282032.json: [Errno 21] Failed to open local file '/mnt/data/formatted/velib_api/velib_stations/20250228/202502282032.snappy.parquet'. Detail: [errno 21] Is a directory
[2025-03-02T20:30:07.155+0000] {logging_mixin.py:149} INFO - Error processing file /mnt/data/raw/velib_api/velib_stations/20250228/202502282024.json: [Errno 21] Failed to open local file '/mnt/data/formatted/velib_api/velib_stations/20250228/202502282024.snappy.parquet'. Detail: [errno 21] Is a directory
[2025-03-02T20:30:07.164+0000] {logging_mixin.py:149} INFO - Error processing file /mnt/data/raw/velib_api/velib_stations/20250228/202502281825.json: [Errno 21] Failed to open local file '/mnt/data/formatted/velib_api/velib_stations/20250228/202502281825.snappy.parquet'. Detail: [errno 21] Is a directory
[2025-03-02T20:30:07.173+0000] {logging_mixin.py:149} INFO - Error processing file /mnt/data/raw/velib_api/velib_stations/20250228/202502282008.json: [Errno 21] Failed to open local file '/mnt/data/formatted/velib_api/velib_stations/20250228/202502282008.snappy.parquet'. Detail: [errno 21] Is a directory
[2025-03-02T20:30:07.182+0000] {logging_mixin.py:149} INFO - Error processing file /mnt/data/raw/velib_api/velib_stations/20250228/202502282336.json: [Errno 21] Failed to open local file '/mnt/data/formatted/velib_api/velib_stations/20250228/202502282336.snappy.parquet'. Detail: [errno 21] Is a directory
[2025-03-02T20:30:07.191+0000] {logging_mixin.py:149} INFO - Error processing file /mnt/data/raw/velib_api/velib_stations/20250228/202502282048.json: [Errno 21] Failed to open local file '/mnt/data/formatted/velib_api/velib_stations/20250228/202502282048.snappy.parquet'. Detail: [errno 21] Is a directory
[2025-03-02T20:30:07.200+0000] {logging_mixin.py:149} INFO - Error processing file /mnt/data/raw/velib_api/velib_stations/20250228/202502281234.json: [Errno 21] Failed to open local file '/mnt/data/formatted/velib_api/velib_stations/20250228/202502281234.snappy.parquet'. Detail: [errno 21] Is a directory
[2025-03-02T20:30:07.209+0000] {logging_mixin.py:149} INFO - Error processing file /mnt/data/raw/velib_api/velib_stations/20250228/202502282224.json: [Errno 21] Failed to open local file '/mnt/data/formatted/velib_api/velib_stations/20250228/202502282224.snappy.parquet'. Detail: [errno 21] Is a directory
[2025-03-02T20:30:07.219+0000] {logging_mixin.py:149} INFO - Error processing file /mnt/data/raw/velib_api/velib_stations/20250228/202502282232.json: [Errno 21] Failed to open local file '/mnt/data/formatted/velib_api/velib_stations/20250228/202502282232.snappy.parquet'. Detail: [errno 21] Is a directory
[2025-03-02T20:30:07.229+0000] {logging_mixin.py:149} INFO - Error processing file /mnt/data/raw/velib_api/velib_stations/20250228/202502282320.json: [Errno 21] Failed to open local file '/mnt/data/formatted/velib_api/velib_stations/20250228/202502282320.snappy.parquet'. Detail: [errno 21] Is a directory
[2025-03-02T20:30:07.239+0000] {logging_mixin.py:149} INFO - Error processing file /mnt/data/raw/velib_api/velib_stations/20250228/202502281936.json: [Errno 21] Failed to open local file '/mnt/data/formatted/velib_api/velib_stations/20250228/202502281936.snappy.parquet'. Detail: [errno 21] Is a directory
[2025-03-02T20:30:07.251+0000] {logging_mixin.py:149} INFO - Error processing file /mnt/data/raw/velib_api/velib_stations/20250228/202502281920.json: [Errno 21] Failed to open local file '/mnt/data/formatted/velib_api/velib_stations/20250228/202502281920.snappy.parquet'. Detail: [errno 21] Is a directory
[2025-03-02T20:30:07.292+0000] {logging_mixin.py:149} INFO - Error processing file /mnt/data/raw/velib_api/velib_stations/20250228/202502282208.json: [Errno 21] Failed to open local file '/mnt/data/formatted/velib_api/velib_stations/20250228/202502282208.snappy.parquet'. Detail: [errno 21] Is a directory
[2025-03-02T20:30:07.305+0000] {logging_mixin.py:149} INFO - Error processing file /mnt/data/raw/velib_api/velib_stations/20250228/202502282228.json: [Errno 21] Failed to open local file '/mnt/data/formatted/velib_api/velib_stations/20250228/202502282228.snappy.parquet'. Detail: [errno 21] Is a directory
[2025-03-02T20:30:07.317+0000] {logging_mixin.py:149} INFO - Error processing file /mnt/data/raw/velib_api/velib_stations/20250228/202502281238.json: [Errno 21] Failed to open local file '/mnt/data/formatted/velib_api/velib_stations/20250228/202502281238.snappy.parquet'. Detail: [errno 21] Is a directory
[2025-03-02T20:30:07.327+0000] {logging_mixin.py:149} INFO - Error processing file /mnt/data/raw/velib_api/velib_stations/20250228/202502282044.json: [Errno 21] Failed to open local file '/mnt/data/formatted/velib_api/velib_stations/20250228/202502282044.snappy.parquet'. Detail: [errno 21] Is a directory
[2025-03-02T20:30:07.340+0000] {logging_mixin.py:149} INFO - Error processing file /mnt/data/raw/velib_api/velib_stations/20250228/202502282052.json: [Errno 21] Failed to open local file '/mnt/data/formatted/velib_api/velib_stations/20250228/202502282052.snappy.parquet'. Detail: [errno 21] Is a directory
[2025-03-02T20:30:07.350+0000] {logging_mixin.py:149} INFO - Error processing file /mnt/data/raw/velib_api/velib_stations/20250228/202502281916.json: [Errno 21] Failed to open local file '/mnt/data/formatted/velib_api/velib_stations/20250228/202502281916.snappy.parquet'. Detail: [errno 21] Is a directory
[2025-03-02T20:30:07.360+0000] {logging_mixin.py:149} INFO - Error processing file /mnt/data/raw/velib_api/velib_stations/20250228/202502282212.json: [Errno 21] Failed to open local file '/mnt/data/formatted/velib_api/velib_stations/20250228/202502282212.snappy.parquet'. Detail: [errno 21] Is a directory
[2025-03-02T20:30:07.369+0000] {logging_mixin.py:149} INFO - Error processing file /mnt/data/raw/velib_api/velib_stations/20250228/202502281828.json: [Errno 21] Failed to open local file '/mnt/data/formatted/velib_api/velib_stations/20250228/202502281828.snappy.parquet'. Detail: [errno 21] Is a directory
[2025-03-02T20:30:07.377+0000] {logging_mixin.py:149} INFO - Error processing file /mnt/data/raw/velib_api/velib_stations/20250228/202502282300.json: [Errno 21] Failed to open local file '/mnt/data/formatted/velib_api/velib_stations/20250228/202502282300.snappy.parquet'. Detail: [errno 21] Is a directory
[2025-03-02T20:30:07.386+0000] {logging_mixin.py:149} INFO - Error processing file /mnt/data/raw/velib_api/velib_stations/20250228/202502282316.json: [Errno 21] Failed to open local file '/mnt/data/formatted/velib_api/velib_stations/20250228/202502282316.snappy.parquet'. Detail: [errno 21] Is a directory
[2025-03-02T20:30:07.398+0000] {logging_mixin.py:149} INFO - Error processing file /mnt/data/raw/velib_api/velib_stations/20250228/202502281306.json: [Errno 21] Failed to open local file '/mnt/data/formatted/velib_api/velib_stations/20250228/202502281306.snappy.parquet'. Detail: [errno 21] Is a directory
[2025-03-02T20:30:07.411+0000] {logging_mixin.py:149} INFO - Error processing file /mnt/data/raw/velib_api/velib_stations/20250228/202502282204.json: [Errno 21] Failed to open local file '/mnt/data/formatted/velib_api/velib_stations/20250228/202502282204.snappy.parquet'. Detail: [errno 21] Is a directory
[2025-03-02T20:30:07.423+0000] {logging_mixin.py:149} INFO - Error processing file /mnt/data/raw/velib_api/velib_stations/20250227/202502272248.json: [Errno 21] Failed to open local file '/mnt/data/formatted/velib_api/velib_stations/20250227/202502272248.snappy.parquet'. Detail: [errno 21] Is a directory
[2025-03-02T20:30:07.432+0000] {logging_mixin.py:149} INFO - Error processing file /mnt/data/raw/velib_api/velib_stations/20250227/202502272253.json: [Errno 21] Failed to open local file '/mnt/data/formatted/velib_api/velib_stations/20250227/202502272253.snappy.parquet'. Detail: [errno 21] Is a directory
[2025-03-02T20:30:07.443+0000] {logging_mixin.py:149} INFO - Error processing file /mnt/data/raw/velib_api/velib_stations/20250227/202502272245.json: [Errno 21] Failed to open local file '/mnt/data/formatted/velib_api/velib_stations/20250227/202502272245.snappy.parquet'. Detail: [errno 21] Is a directory
[2025-03-02T20:30:07.457+0000] {logging_mixin.py:149} INFO - Error processing file /mnt/data/raw/velib_api/velib_stations/20250227/202502272300.json: [Errno 21] Failed to open local file '/mnt/data/formatted/velib_api/velib_stations/20250227/202502272300.snappy.parquet'. Detail: [errno 21] Is a directory
[2025-03-02T20:30:07.467+0000] {logging_mixin.py:149} INFO - Error processing file /mnt/data/raw/velib_api/velib_stations/20250227/202502272242.json: [Errno 21] Failed to open local file '/mnt/data/formatted/velib_api/velib_stations/20250227/202502272242.snappy.parquet'. Detail: [errno 21] Is a directory
[2025-03-02T20:30:07.481+0000] {logging_mixin.py:149} INFO - Error processing file /mnt/data/raw/velib_api/velib_stations/20250227/202502272306.json: [Errno 21] Failed to open local file '/mnt/data/formatted/velib_api/velib_stations/20250227/202502272306.snappy.parquet'. Detail: [errno 21] Is a directory
[2025-03-02T20:30:07.496+0000] {logging_mixin.py:149} INFO - Error processing file /mnt/data/raw/velib_api/velib_stations/20250227/202502272234.json: [Errno 21] Failed to open local file '/mnt/data/formatted/velib_api/velib_stations/20250227/202502272234.snappy.parquet'. Detail: [errno 21] Is a directory
[2025-03-02T20:30:07.510+0000] {logging_mixin.py:149} INFO - Error processing file /mnt/data/raw/velib_api/velib_stations/20250227/202502272259.json: [Errno 21] Failed to open local file '/mnt/data/formatted/velib_api/velib_stations/20250227/202502272259.snappy.parquet'. Detail: [errno 21] Is a directory
[2025-03-02T20:30:07.520+0000] {logging_mixin.py:149} INFO - Error processing file /mnt/data/raw/velib_api/velib_stations/20250227/202502272304.json: [Errno 21] Failed to open local file '/mnt/data/formatted/velib_api/velib_stations/20250227/202502272304.snappy.parquet'. Detail: [errno 21] Is a directory
[2025-03-02T20:30:07.534+0000] {logging_mixin.py:149} INFO - Error processing file /mnt/data/raw/velib_api/velib_stations/20250227/202502272312.json: [Errno 21] Failed to open local file '/mnt/data/formatted/velib_api/velib_stations/20250227/202502272312.snappy.parquet'. Detail: [errno 21] Is a directory
[2025-03-02T20:30:07.544+0000] {logging_mixin.py:149} INFO - Error processing file /mnt/data/raw/velib_api/velib_stations/20250227/202502272334.json: [Errno 21] Failed to open local file '/mnt/data/formatted/velib_api/velib_stations/20250227/202502272334.snappy.parquet'. Detail: [errno 21] Is a directory
[2025-03-02T20:30:07.662+0000] {logging_mixin.py:149} INFO - Error processing file /mnt/data/raw/velib_api/velib_stations/20250227/202502272302.json: [Errno 21] Failed to open local file '/mnt/data/formatted/velib_api/velib_stations/20250227/202502272302.snappy.parquet'. Detail: [errno 21] Is a directory
[2025-03-02T20:30:08.360+0000] {python.py:183} INFO - Done. Returned value was: None
[2025-03-02T20:30:08.377+0000] {taskinstance.py:1373} INFO - Marking task as SUCCESS. dag_id=api_to_db_dag, task_id=process_raw_velib_station, execution_date=20250302T201500, start_date=20250302T203004, end_date=20250302T203008
[2025-03-02T20:30:08.418+0000] {local_task_job_runner.py:232} INFO - Task exited with return code 0
[2025-03-02T20:30:08.479+0000] {taskinstance.py:2674} INFO - 1 downstream tasks scheduled from follow-on schedule check
