[2025-02-28T17:41:46.635+0000] {taskinstance.py:1125} INFO - Dependencies all met for dep_context=non-requeueable deps ti=<TaskInstance: api_to_db_dag.index_parquet_to_elasticsearch manual__2025-02-28T17:41:32.326620+00:00 [queued]>
[2025-02-28T17:41:46.640+0000] {taskinstance.py:1125} INFO - Dependencies all met for dep_context=requeueable deps ti=<TaskInstance: api_to_db_dag.index_parquet_to_elasticsearch manual__2025-02-28T17:41:32.326620+00:00 [queued]>
[2025-02-28T17:41:46.640+0000] {taskinstance.py:1331} INFO - Starting attempt 1 of 1
[2025-02-28T17:41:46.648+0000] {taskinstance.py:1350} INFO - Executing <Task(PythonOperator): index_parquet_to_elasticsearch> on 2025-02-28 17:41:32.326620+00:00
[2025-02-28T17:41:46.652+0000] {standard_task_runner.py:57} INFO - Started process 42372 to run task
[2025-02-28T17:41:46.654+0000] {standard_task_runner.py:84} INFO - Running: ['***', 'tasks', 'run', 'api_to_db_dag', 'index_parquet_to_elasticsearch', 'manual__2025-02-28T17:41:32.326620+00:00', '--job-id', '71', '--raw', '--subdir', 'DAGS_FOLDER/dag.py', '--cfg-path', '/tmp/tmpq1j1tyxc']
[2025-02-28T17:41:46.656+0000] {standard_task_runner.py:85} INFO - Job 71: Subtask index_parquet_to_elasticsearch
[2025-02-28T17:41:46.680+0000] {task_command.py:410} INFO - Running <TaskInstance: api_to_db_dag.index_parquet_to_elasticsearch manual__2025-02-28T17:41:32.326620+00:00 [running]> on host 2e469bce1432
[2025-02-28T17:41:46.730+0000] {taskinstance.py:1570} INFO - Exporting env vars: AIRFLOW_CTX_DAG_OWNER='***' AIRFLOW_CTX_DAG_ID='api_to_db_dag' AIRFLOW_CTX_TASK_ID='index_parquet_to_elasticsearch' AIRFLOW_CTX_EXECUTION_DATE='2025-02-28T17:41:32.326620+00:00' AIRFLOW_CTX_TRY_NUMBER='1' AIRFLOW_CTX_DAG_RUN_ID='manual__2025-02-28T17:41:32.326620+00:00'
[2025-02-28T17:41:46.739+0000] {taskinstance.py:1847} ERROR - Task failed with exception
Traceback (most recent call last):
  File "/home/airflow/.local/lib/python3.7/site-packages/airflow/operators/python.py", line 181, in execute
    return_value = self.execute_callable()
  File "/home/airflow/.local/lib/python3.7/site-packages/airflow/operators/python.py", line 198, in execute_callable
    return self.python_callable(*self.op_args, **self.op_kwargs)
  File "/opt/airflow/dags/dag.py", line 58, in index_parquet_to_elasticsearch
    table = pq.read_table(directory_path)
  File "/home/airflow/.local/lib/python3.7/site-packages/pyarrow/parquet/__init__.py", line 2793, in read_table
    thrift_container_size_limit=thrift_container_size_limit,
  File "/home/airflow/.local/lib/python3.7/site-packages/pyarrow/parquet/__init__.py", line 2382, in __init__
    ignore_prefixes=ignore_prefixes)
  File "/home/airflow/.local/lib/python3.7/site-packages/pyarrow/dataset.py", line 749, in dataset
    return _filesystem_dataset(source, **kwargs)
  File "/home/airflow/.local/lib/python3.7/site-packages/pyarrow/dataset.py", line 441, in _filesystem_dataset
    fs, paths_or_selector = _ensure_single_source(source, filesystem)
  File "/home/airflow/.local/lib/python3.7/site-packages/pyarrow/dataset.py", line 417, in _ensure_single_source
    raise FileNotFoundError(path)
FileNotFoundError: /mnt/data/usage/velib_analytics/20250228/20250228T174146.parquet
[2025-02-28T17:41:46.744+0000] {taskinstance.py:1373} INFO - Marking task as FAILED. dag_id=api_to_db_dag, task_id=index_parquet_to_elasticsearch, execution_date=20250228T174132, start_date=20250228T174146, end_date=20250228T174146
[2025-02-28T17:41:46.750+0000] {standard_task_runner.py:109} ERROR - Failed to execute job 71 for task index_parquet_to_elasticsearch (/mnt/data/usage/velib_analytics/20250228/20250228T174146.parquet; 42372)
[2025-02-28T17:41:46.794+0000] {local_task_job_runner.py:232} INFO - Task exited with return code 1
[2025-02-28T17:41:46.805+0000] {taskinstance.py:2674} INFO - 0 downstream tasks scheduled from follow-on schedule check
