[2025-03-02T19:13:07.187+0000] {taskinstance.py:1125} INFO - Dependencies all met for dep_context=non-requeueable deps ti=<TaskInstance: api_to_db_dag.combine_analyse_data scheduled__2025-03-02T18:45:00+00:00 [queued]>
[2025-03-02T19:13:07.202+0000] {taskinstance.py:1125} INFO - Dependencies all met for dep_context=requeueable deps ti=<TaskInstance: api_to_db_dag.combine_analyse_data scheduled__2025-03-02T18:45:00+00:00 [queued]>
[2025-03-02T19:13:07.202+0000] {taskinstance.py:1331} INFO - Starting attempt 1 of 2
[2025-03-02T19:13:07.222+0000] {taskinstance.py:1350} INFO - Executing <Task(PythonOperator): combine_analyse_data> on 2025-03-02 18:45:00+00:00
[2025-03-02T19:13:07.230+0000] {clientserver.py:543} INFO - Closing down clientserver connection
[2025-03-02T19:13:07.230+0000] {standard_task_runner.py:57} INFO - Started process 64004 to run task
[2025-03-02T19:13:07.238+0000] {standard_task_runner.py:84} INFO - Running: ['***', 'tasks', 'run', 'api_to_db_dag', 'combine_analyse_data', 'scheduled__2025-03-02T18:45:00+00:00', '--job-id', '180', '--raw', '--subdir', 'DAGS_FOLDER/dag.py', '--cfg-path', '/tmp/tmpvtfwlm2z']
[2025-03-02T19:13:07.241+0000] {standard_task_runner.py:85} INFO - Job 180: Subtask combine_analyse_data
[2025-03-02T19:13:07.322+0000] {task_command.py:410} INFO - Running <TaskInstance: api_to_db_dag.combine_analyse_data scheduled__2025-03-02T18:45:00+00:00 [running]> on host 3befbd719c1b
[2025-03-02T19:13:07.392+0000] {taskinstance.py:1570} INFO - Exporting env vars: AIRFLOW_CTX_DAG_OWNER='***' AIRFLOW_CTX_DAG_ID='api_to_db_dag' AIRFLOW_CTX_TASK_ID='combine_analyse_data' AIRFLOW_CTX_EXECUTION_DATE='2025-03-02T18:45:00+00:00' AIRFLOW_CTX_TRY_NUMBER='1' AIRFLOW_CTX_DAG_RUN_ID='scheduled__2025-03-02T18:45:00+00:00'
[2025-03-02T19:13:07.909+0000] {clientserver.py:505} INFO - Error while sending or receiving.
Traceback (most recent call last):
  File "/home/airflow/.local/lib/python3.7/site-packages/py4j/clientserver.py", line 503, in send_command
    self.socket.sendall(command.encode("utf-8"))
ConnectionResetError: [Errno 104] Connection reset by peer
[2025-03-02T19:13:07.912+0000] {clientserver.py:543} INFO - Closing down clientserver connection
[2025-03-02T19:13:07.913+0000] {java_gateway.py:1052} INFO - Exception while sending command.
Traceback (most recent call last):
  File "/home/airflow/.local/lib/python3.7/site-packages/py4j/clientserver.py", line 503, in send_command
    self.socket.sendall(command.encode("utf-8"))
ConnectionResetError: [Errno 104] Connection reset by peer

During handling of the above exception, another exception occurred:

Traceback (most recent call last):
  File "/home/airflow/.local/lib/python3.7/site-packages/py4j/java_gateway.py", line 1038, in send_command
    response = connection.send_command(command)
  File "/home/airflow/.local/lib/python3.7/site-packages/py4j/clientserver.py", line 507, in send_command
    "Error while sending", e, proto.ERROR_ON_SEND)
py4j.protocol.Py4JNetworkError: Error while sending
[2025-03-02T19:13:07.916+0000] {clientserver.py:543} INFO - Closing down clientserver connection
[2025-03-02T19:20:22.639+0000] {local_task_job_runner.py:299} WARNING - State of this instance has been externally set to None. Terminating instance.
[2025-03-02T19:20:22.669+0000] {process_utils.py:135} INFO - Sending Signals.SIGTERM to group 64004. PIDs of all processes in the group: [64004]
[2025-03-02T19:20:22.670+0000] {process_utils.py:86} INFO - Sending the signal Signals.SIGTERM to group 64004
[2025-03-02T19:20:22.678+0000] {taskinstance.py:1540} ERROR - Received SIGTERM. Terminating subprocesses.
[2025-03-02T19:20:22.719+0000] {taskinstance.py:1847} ERROR - Task failed with exception
Traceback (most recent call last):
  File "/home/airflow/.local/lib/python3.7/site-packages/airflow/operators/python.py", line 181, in execute
    return_value = self.execute_callable()
  File "/home/airflow/.local/lib/python3.7/site-packages/airflow/operators/python.py", line 198, in execute_callable
    return self.python_callable(*self.op_args, **self.op_kwargs)
  File "/opt/airflow/lib/data_combiner.py", line 57, in combine_data
    spark.stop()
  File "/home/airflow/.local/lib/python3.7/site-packages/pyspark/sql/session.py", line 1599, in stop
    self._sc.stop()
  File "/home/airflow/.local/lib/python3.7/site-packages/pyspark/context.py", line 663, in stop
    self._accumulatorServer.shutdown()
  File "/home/airflow/.local/lib/python3.7/site-packages/pyspark/accumulators.py", line 302, in shutdown
    SocketServer.TCPServer.shutdown(self)
  File "/usr/local/lib/python3.7/socketserver.py", line 252, in shutdown
    self.__is_shut_down.wait()
  File "/usr/local/lib/python3.7/threading.py", line 552, in wait
    signaled = self._cond.wait(timeout)
  File "/usr/local/lib/python3.7/threading.py", line 296, in wait
    waiter.acquire()
  File "/home/airflow/.local/lib/python3.7/site-packages/airflow/models/taskinstance.py", line 1542, in signal_handler
    raise AirflowException("Task received SIGTERM signal")
airflow.exceptions.AirflowException: Task received SIGTERM signal
[2025-03-02T19:20:22.728+0000] {taskinstance.py:1373} INFO - Marking task as FAILED. dag_id=api_to_db_dag, task_id=combine_analyse_data, execution_date=20250302T184500, start_date=20250302T191307, end_date=20250302T192022
[2025-03-02T19:20:22.757+0000] {standard_task_runner.py:109} ERROR - Failed to execute job 180 for task combine_analyse_data ((psycopg2.errors.ForeignKeyViolation) insert or update on table "task_fail" violates foreign key constraint "task_fail_ti_fkey"
DETAIL:  Key (dag_id, task_id, run_id, map_index)=(api_to_db_dag, combine_analyse_data, scheduled__2025-03-02T18:45:00+00:00, -1) is not present in table "task_instance".

[SQL: INSERT INTO task_fail (task_id, dag_id, run_id, map_index, start_date, end_date, duration) VALUES (%(task_id)s, %(dag_id)s, %(run_id)s, %(map_index)s, %(start_date)s, %(end_date)s, %(duration)s) RETURNING task_fail.id]
[parameters: {'task_id': 'combine_analyse_data', 'dag_id': 'api_to_db_dag', 'run_id': 'scheduled__2025-03-02T18:45:00+00:00', 'map_index': -1, 'start_date': datetime.datetime(2025, 3, 2, 19, 13, 7, 187620, tzinfo=Timezone('UTC')), 'end_date': datetime.datetime(2025, 3, 2, 19, 20, 22, 727095, tzinfo=Timezone('UTC')), 'duration': 435}]
(Background on this error at: https://sqlalche.me/e/14/gkpj); 64004)
[2025-03-02T19:20:22.812+0000] {process_utils.py:79} INFO - Process psutil.Process(pid=64004, status='terminated', exitcode=1, started='19:13:06') (64004) terminated with exit code 1
