[2025-03-02T19:27:14.194+0000] {taskinstance.py:1125} INFO - Dependencies all met for dep_context=non-requeueable deps ti=<TaskInstance: api_to_db_dag.process_raw_velib_station scheduled__2025-03-02T19:00:00+00:00 [queued]>
[2025-03-02T19:27:14.203+0000] {taskinstance.py:1125} INFO - Dependencies all met for dep_context=requeueable deps ti=<TaskInstance: api_to_db_dag.process_raw_velib_station scheduled__2025-03-02T19:00:00+00:00 [queued]>
[2025-03-02T19:27:14.203+0000] {taskinstance.py:1331} INFO - Starting attempt 2 of 2
[2025-03-02T19:27:14.211+0000] {taskinstance.py:1350} INFO - Executing <Task(PythonOperator): process_raw_velib_station> on 2025-03-02 19:00:00+00:00
[2025-03-02T19:27:14.217+0000] {standard_task_runner.py:57} INFO - Started process 84457 to run task
[2025-03-02T19:27:14.223+0000] {standard_task_runner.py:84} INFO - Running: ['***', 'tasks', 'run', 'api_to_db_dag', 'process_raw_velib_station', 'scheduled__2025-03-02T19:00:00+00:00', '--job-id', '206', '--raw', '--subdir', 'DAGS_FOLDER/dag.py', '--cfg-path', '/tmp/tmpf385g27s']
[2025-03-02T19:27:14.226+0000] {standard_task_runner.py:85} INFO - Job 206: Subtask process_raw_velib_station
[2025-03-02T19:27:14.293+0000] {task_command.py:410} INFO - Running <TaskInstance: api_to_db_dag.process_raw_velib_station scheduled__2025-03-02T19:00:00+00:00 [running]> on host 3befbd719c1b
[2025-03-02T19:27:14.400+0000] {taskinstance.py:1570} INFO - Exporting env vars: AIRFLOW_CTX_DAG_OWNER='***' AIRFLOW_CTX_DAG_ID='api_to_db_dag' AIRFLOW_CTX_TASK_ID='process_raw_velib_station' AIRFLOW_CTX_EXECUTION_DATE='2025-03-02T19:00:00+00:00' AIRFLOW_CTX_TRY_NUMBER='2' AIRFLOW_CTX_DAG_RUN_ID='scheduled__2025-03-02T19:00:00+00:00'
[2025-03-02T19:27:14.442+0000] {logging_mixin.py:149} INFO - Error processing file /mnt/data/raw/velib_api/velib_stations/20250301/202503011730.json: [Errno 21] Failed to open local file '/mnt/data/formatted/velib_api/velib_stations/20250301/202503011730.snappy.parquet'. Detail: [errno 21] Is a directory
[2025-03-02T19:27:14.459+0000] {logging_mixin.py:149} INFO - Error processing file /mnt/data/raw/velib_api/velib_stations/20250301/202503010009.json: [Errno 21] Failed to open local file '/mnt/data/formatted/velib_api/velib_stations/20250301/202503010009.snappy.parquet'. Detail: [errno 21] Is a directory
[2025-03-02T19:27:14.539+0000] {logging_mixin.py:149} INFO - Error processing file /mnt/data/raw/velib_api/velib_stations/20250301/202503011100.json: [Errno 21] Failed to open local file '/mnt/data/formatted/velib_api/velib_stations/20250301/202503011100.snappy.parquet'. Detail: [errno 21] Is a directory
[2025-03-02T19:27:14.554+0000] {logging_mixin.py:149} INFO - Error processing file /mnt/data/raw/velib_api/velib_stations/20250301/202503011415.json: [Errno 21] Failed to open local file '/mnt/data/formatted/velib_api/velib_stations/20250301/202503011415.snappy.parquet'. Detail: [errno 21] Is a directory
[2025-03-02T19:27:14.564+0000] {logging_mixin.py:149} INFO - Error processing file /mnt/data/raw/velib_api/velib_stations/20250301/202503011045.json: [Errno 21] Failed to open local file '/mnt/data/formatted/velib_api/velib_stations/20250301/202503011045.snappy.parquet'. Detail: [errno 21] Is a directory
[2025-03-02T19:27:14.575+0000] {logging_mixin.py:149} INFO - Error processing file /mnt/data/raw/velib_api/velib_stations/20250301/202503011815.json: [Errno 21] Failed to open local file '/mnt/data/formatted/velib_api/velib_stations/20250301/202503011815.snappy.parquet'. Detail: [errno 21] Is a directory
[2025-03-02T19:27:14.586+0000] {logging_mixin.py:149} INFO - Error processing file /mnt/data/raw/velib_api/velib_stations/20250301/202503010005.json: [Errno 21] Failed to open local file '/mnt/data/formatted/velib_api/velib_stations/20250301/202503010005.snappy.parquet'. Detail: [errno 21] Is a directory
[2025-03-02T19:27:14.598+0000] {logging_mixin.py:149} INFO - Error processing file /mnt/data/raw/velib_api/velib_stations/20250301/202503010012.json: [Errno 21] Failed to open local file '/mnt/data/formatted/velib_api/velib_stations/20250301/202503010012.snappy.parquet'. Detail: [errno 21] Is a directory
[2025-03-02T19:27:14.614+0000] {logging_mixin.py:149} INFO - Error processing file /mnt/data/raw/velib_api/velib_stations/20250301/202503011615.json: [Errno 21] Failed to open local file '/mnt/data/formatted/velib_api/velib_stations/20250301/202503011615.snappy.parquet'. Detail: [errno 21] Is a directory
[2025-03-02T19:27:14.626+0000] {logging_mixin.py:149} INFO - Error processing file /mnt/data/raw/velib_api/velib_stations/20250301/202503011245.json: [Errno 21] Failed to open local file '/mnt/data/formatted/velib_api/velib_stations/20250301/202503011245.snappy.parquet'. Detail: [errno 21] Is a directory
[2025-03-02T19:27:14.644+0000] {logging_mixin.py:149} INFO - Error processing file /mnt/data/raw/velib_api/velib_stations/20250301/202503010004.json: [Errno 21] Failed to open local file '/mnt/data/formatted/velib_api/velib_stations/20250301/202503010004.snappy.parquet'. Detail: [errno 21] Is a directory
[2025-03-02T19:27:14.660+0000] {logging_mixin.py:149} INFO - Error processing file /mnt/data/raw/velib_api/velib_stations/20250301/202503011300.json: [Errno 21] Failed to open local file '/mnt/data/formatted/velib_api/velib_stations/20250301/202503011300.snappy.parquet'. Detail: [errno 21] Is a directory
[2025-03-02T19:27:14.672+0000] {logging_mixin.py:149} INFO - Error processing file /mnt/data/raw/velib_api/velib_stations/20250301/202503011930.json: [Errno 21] Failed to open local file '/mnt/data/formatted/velib_api/velib_stations/20250301/202503011930.snappy.parquet'. Detail: [errno 21] Is a directory
[2025-03-02T19:27:14.682+0000] {logging_mixin.py:149} INFO - Error processing file /mnt/data/raw/velib_api/velib_stations/20250301/202503011530.json: [Errno 21] Failed to open local file '/mnt/data/formatted/velib_api/velib_stations/20250301/202503011530.snappy.parquet'. Detail: [errno 21] Is a directory
[2025-03-02T19:27:14.698+0000] {logging_mixin.py:149} INFO - Error processing file /mnt/data/raw/velib_api/velib_stations/20250301/202503012035.json: [Errno 21] Failed to open local file '/mnt/data/formatted/velib_api/velib_stations/20250301/202503012035.snappy.parquet'. Detail: [errno 21] Is a directory
[2025-03-02T19:27:14.743+0000] {logging_mixin.py:149} INFO - Error processing file /mnt/data/raw/velib_api/velib_stations/20250301/202503011215.json: [Errno 21] Failed to open local file '/mnt/data/formatted/velib_api/velib_stations/20250301/202503011215.snappy.parquet'. Detail: [errno 21] Is a directory
[2025-03-02T19:27:14.754+0000] {logging_mixin.py:149} INFO - Error processing file /mnt/data/raw/velib_api/velib_stations/20250301/202503011645.json: [Errno 21] Failed to open local file '/mnt/data/formatted/velib_api/velib_stations/20250301/202503011645.snappy.parquet'. Detail: [errno 21] Is a directory
[2025-03-02T19:27:14.769+0000] {logging_mixin.py:149} INFO - Error processing file /mnt/data/raw/velib_api/velib_stations/20250301/202503011130.json: [Errno 21] Failed to open local file '/mnt/data/formatted/velib_api/velib_stations/20250301/202503011130.snappy.parquet'. Detail: [errno 21] Is a directory
[2025-03-02T19:27:14.780+0000] {logging_mixin.py:149} INFO - Error processing file /mnt/data/raw/velib_api/velib_stations/20250301/202503011330.json: [Errno 21] Failed to open local file '/mnt/data/formatted/velib_api/velib_stations/20250301/202503011330.snappy.parquet'. Detail: [errno 21] Is a directory
[2025-03-02T19:27:15.015+0000] {logging_mixin.py:149} INFO - Error processing file /mnt/data/raw/velib_api/velib_stations/20250301/202503010940.json: [Errno 21] Failed to open local file '/mnt/data/formatted/velib_api/velib_stations/20250301/202503010940.snappy.parquet'. Detail: [errno 21] Is a directory
[2025-03-02T19:27:15.032+0000] {logging_mixin.py:149} INFO - Error processing file /mnt/data/raw/velib_api/velib_stations/20250301/202503010002.json: [Errno 21] Failed to open local file '/mnt/data/formatted/velib_api/velib_stations/20250301/202503010002.snappy.parquet'. Detail: [errno 21] Is a directory
[2025-03-02T19:27:15.047+0000] {logging_mixin.py:149} INFO - Error processing file /mnt/data/raw/velib_api/velib_stations/20250301/202503010901.json: [Errno 21] Failed to open local file '/mnt/data/formatted/velib_api/velib_stations/20250301/202503010901.snappy.parquet'. Detail: [errno 21] Is a directory
[2025-03-02T19:27:15.058+0000] {logging_mixin.py:149} INFO - Error processing file /mnt/data/raw/velib_api/velib_stations/20250301/202503011845.json: [Errno 21] Failed to open local file '/mnt/data/formatted/velib_api/velib_stations/20250301/202503011845.snappy.parquet'. Detail: [errno 21] Is a directory
[2025-03-02T19:27:15.068+0000] {logging_mixin.py:149} INFO - Error processing file /mnt/data/raw/velib_api/velib_stations/20250301/202503011900.json: [Errno 21] Failed to open local file '/mnt/data/formatted/velib_api/velib_stations/20250301/202503011900.snappy.parquet'. Detail: [errno 21] Is a directory
[2025-03-02T19:27:15.081+0000] {logging_mixin.py:149} INFO - Error processing file /mnt/data/raw/velib_api/velib_stations/20250301/202503011500.json: [Errno 21] Failed to open local file '/mnt/data/formatted/velib_api/velib_stations/20250301/202503011500.snappy.parquet'. Detail: [errno 21] Is a directory
[2025-03-02T19:27:15.093+0000] {logging_mixin.py:149} INFO - Error processing file /mnt/data/raw/velib_api/velib_stations/20250301/202503011015.json: [Errno 21] Failed to open local file '/mnt/data/formatted/velib_api/velib_stations/20250301/202503011015.snappy.parquet'. Detail: [errno 21] Is a directory
[2025-03-02T19:27:15.104+0000] {logging_mixin.py:149} INFO - Error processing file /mnt/data/raw/velib_api/velib_stations/20250301/202503011445.json: [Errno 21] Failed to open local file '/mnt/data/formatted/velib_api/velib_stations/20250301/202503011445.snappy.parquet'. Detail: [errno 21] Is a directory
[2025-03-02T19:27:15.119+0000] {logging_mixin.py:149} INFO - Error processing file /mnt/data/raw/velib_api/velib_stations/20250301/202503011702.json: [Errno 21] Failed to open local file '/mnt/data/formatted/velib_api/velib_stations/20250301/202503011702.snappy.parquet'. Detail: [errno 21] Is a directory
[2025-03-02T19:27:15.132+0000] {logging_mixin.py:149} INFO - Error processing file /mnt/data/raw/velib_api/velib_stations/20250301/202503010902.json: [Errno 21] Failed to open local file '/mnt/data/formatted/velib_api/velib_stations/20250301/202503010902.snappy.parquet'. Detail: [errno 21] Is a directory
[2025-03-02T19:27:15.169+0000] {logging_mixin.py:149} INFO - Error processing file /mnt/data/raw/velib_api/velib_stations/20250301/202503011000.json: [Errno 21] Failed to open local file '/mnt/data/formatted/velib_api/velib_stations/20250301/202503011000.snappy.parquet'. Detail: [errno 21] Is a directory
[2025-03-02T19:27:15.204+0000] {logging_mixin.py:149} INFO - Error processing file /mnt/data/raw/velib_api/velib_stations/20250301/202503011515.json: [Errno 21] Failed to open local file '/mnt/data/formatted/velib_api/velib_stations/20250301/202503011515.snappy.parquet'. Detail: [errno 21] Is a directory
[2025-03-02T19:27:15.225+0000] {logging_mixin.py:149} INFO - Error processing file /mnt/data/raw/velib_api/velib_stations/20250301/202503011145.json: [Errno 21] Failed to open local file '/mnt/data/formatted/velib_api/velib_stations/20250301/202503011145.snappy.parquet'. Detail: [errno 21] Is a directory
[2025-03-02T19:27:15.243+0000] {logging_mixin.py:149} INFO - Error processing file /mnt/data/raw/velib_api/velib_stations/20250301/202503011915.json: [Errno 21] Failed to open local file '/mnt/data/formatted/velib_api/velib_stations/20250301/202503011915.snappy.parquet'. Detail: [errno 21] Is a directory
[2025-03-02T19:27:15.255+0000] {logging_mixin.py:149} INFO - Error processing file /mnt/data/raw/velib_api/velib_stations/20250301/202503011630.json: [Errno 21] Failed to open local file '/mnt/data/formatted/velib_api/velib_stations/20250301/202503011630.snappy.parquet'. Detail: [errno 21] Is a directory
[2025-03-02T19:27:15.294+0000] {logging_mixin.py:149} INFO - Error processing file /mnt/data/raw/velib_api/velib_stations/20250301/202503011830.json: [Errno 21] Failed to open local file '/mnt/data/formatted/velib_api/velib_stations/20250301/202503011830.snappy.parquet'. Detail: [errno 21] Is a directory
[2025-03-02T19:27:15.311+0000] {logging_mixin.py:149} INFO - Error processing file /mnt/data/raw/velib_api/velib_stations/20250301/202503011430.json: [Errno 21] Failed to open local file '/mnt/data/formatted/velib_api/velib_stations/20250301/202503011430.snappy.parquet'. Detail: [errno 21] Is a directory
[2025-03-02T19:27:15.322+0000] {logging_mixin.py:149} INFO - Error processing file /mnt/data/raw/velib_api/velib_stations/20250301/202503010000.json: [Errno 21] Failed to open local file '/mnt/data/formatted/velib_api/velib_stations/20250301/202503010000.snappy.parquet'. Detail: [errno 21] Is a directory
[2025-03-02T19:27:15.336+0000] {logging_mixin.py:149} INFO - Error processing file /mnt/data/raw/velib_api/velib_stations/20250301/202503011715.json: [Errno 21] Failed to open local file '/mnt/data/formatted/velib_api/velib_stations/20250301/202503011715.snappy.parquet'. Detail: [errno 21] Is a directory
[2025-03-02T19:27:15.346+0000] {logging_mixin.py:149} INFO - Error processing file /mnt/data/raw/velib_api/velib_stations/20250301/202503011345.json: [Errno 21] Failed to open local file '/mnt/data/formatted/velib_api/velib_stations/20250301/202503011345.snappy.parquet'. Detail: [errno 21] Is a directory
[2025-03-02T19:27:15.358+0000] {logging_mixin.py:149} INFO - Error processing file /mnt/data/raw/velib_api/velib_stations/20250301/202503011200.json: [Errno 21] Failed to open local file '/mnt/data/formatted/velib_api/velib_stations/20250301/202503011200.snappy.parquet'. Detail: [errno 21] Is a directory
[2025-03-02T19:27:15.384+0000] {logging_mixin.py:149} INFO - Error processing file /mnt/data/raw/velib_api/velib_stations/20250301/202503011030.json: [Errno 21] Failed to open local file '/mnt/data/formatted/velib_api/velib_stations/20250301/202503011030.snappy.parquet'. Detail: [errno 21] Is a directory
[2025-03-02T19:27:15.423+0000] {logging_mixin.py:149} INFO - Error processing file /mnt/data/raw/velib_api/velib_stations/20250301/202503011548.json: [Errno 21] Failed to open local file '/mnt/data/formatted/velib_api/velib_stations/20250301/202503011548.snappy.parquet'. Detail: [errno 21] Is a directory
[2025-03-02T19:27:15.434+0000] {logging_mixin.py:149} INFO - Error processing file /mnt/data/raw/velib_api/velib_stations/20250301/202503011315.json: [Errno 21] Failed to open local file '/mnt/data/formatted/velib_api/velib_stations/20250301/202503011315.snappy.parquet'. Detail: [errno 21] Is a directory
[2025-03-02T19:27:15.448+0000] {logging_mixin.py:149} INFO - Error processing file /mnt/data/raw/velib_api/velib_stations/20250301/202503011745.json: [Errno 21] Failed to open local file '/mnt/data/formatted/velib_api/velib_stations/20250301/202503011745.snappy.parquet'. Detail: [errno 21] Is a directory
[2025-03-02T19:27:15.461+0000] {logging_mixin.py:149} INFO - Error processing file /mnt/data/raw/velib_api/velib_stations/20250301/202503011600.json: [Errno 21] Failed to open local file '/mnt/data/formatted/velib_api/velib_stations/20250301/202503011600.snappy.parquet'. Detail: [errno 21] Is a directory
[2025-03-02T19:27:15.472+0000] {logging_mixin.py:149} INFO - Error processing file /mnt/data/raw/velib_api/velib_stations/20250301/202503010011.json: [Errno 21] Failed to open local file '/mnt/data/formatted/velib_api/velib_stations/20250301/202503010011.snappy.parquet'. Detail: [errno 21] Is a directory
[2025-03-02T19:27:15.484+0000] {logging_mixin.py:149} INFO - Error processing file /mnt/data/raw/velib_api/velib_stations/20250301/202503010945.json: [Errno 21] Failed to open local file '/mnt/data/formatted/velib_api/velib_stations/20250301/202503010945.snappy.parquet'. Detail: [errno 21] Is a directory
[2025-03-02T19:27:15.567+0000] {logging_mixin.py:149} INFO - Error processing file /mnt/data/raw/velib_api/velib_stations/20250301/202503011945.json: [Errno 21] Failed to open local file '/mnt/data/formatted/velib_api/velib_stations/20250301/202503011945.snappy.parquet'. Detail: [errno 21] Is a directory
[2025-03-02T19:27:15.583+0000] {logging_mixin.py:149} INFO - Error processing file /mnt/data/raw/velib_api/velib_stations/20250301/202503011800.json: [Errno 21] Failed to open local file '/mnt/data/formatted/velib_api/velib_stations/20250301/202503011800.snappy.parquet'. Detail: [errno 21] Is a directory
[2025-03-02T19:27:15.625+0000] {logging_mixin.py:149} INFO - Error processing file /mnt/data/raw/velib_api/velib_stations/20250301/202503011400.json: [Errno 21] Failed to open local file '/mnt/data/formatted/velib_api/velib_stations/20250301/202503011400.snappy.parquet'. Detail: [errno 21] Is a directory
[2025-03-02T19:27:15.637+0000] {logging_mixin.py:149} INFO - Error processing file /mnt/data/raw/velib_api/velib_stations/20250301/202503011115.json: [Errno 21] Failed to open local file '/mnt/data/formatted/velib_api/velib_stations/20250301/202503011115.snappy.parquet'. Detail: [errno 21] Is a directory
[2025-03-02T19:27:15.647+0000] {logging_mixin.py:149} INFO - Error processing file /mnt/data/raw/velib_api/velib_stations/20250301/202503010006.json: [Errno 21] Failed to open local file '/mnt/data/formatted/velib_api/velib_stations/20250301/202503010006.snappy.parquet'. Detail: [errno 21] Is a directory
[2025-03-02T19:27:15.678+0000] {logging_mixin.py:149} INFO - Error processing file /mnt/data/raw/velib_api/velib_stations/20250301/202503010010.json: [Errno 21] Failed to open local file '/mnt/data/formatted/velib_api/velib_stations/20250301/202503010010.snappy.parquet'. Detail: [errno 21] Is a directory
[2025-03-02T19:27:15.707+0000] {logging_mixin.py:149} INFO - Error processing file /mnt/data/raw/velib_api/velib_stations/20250301/202503011230.json: [Errno 21] Failed to open local file '/mnt/data/formatted/velib_api/velib_stations/20250301/202503011230.snappy.parquet'. Detail: [errno 21] Is a directory
[2025-03-02T19:27:15.740+0000] {logging_mixin.py:149} INFO - Error processing file /mnt/data/raw/velib_api/velib_stations/20250228/202502282010.json: [Errno 21] Failed to open local file '/mnt/data/formatted/velib_api/velib_stations/20250228/202502282010.snappy.parquet'. Detail: [errno 21] Is a directory
[2025-03-02T19:27:15.829+0000] {logging_mixin.py:149} INFO - Error processing file /mnt/data/raw/velib_api/velib_stations/20250228/202502281954.json: [Errno 21] Failed to open local file '/mnt/data/formatted/velib_api/velib_stations/20250228/202502281954.snappy.parquet'. Detail: [errno 21] Is a directory
[2025-03-02T19:27:15.842+0000] {logging_mixin.py:149} INFO - Error processing file /mnt/data/raw/velib_api/velib_stations/20250228/202502282102.json: [Errno 21] Failed to open local file '/mnt/data/formatted/velib_api/velib_stations/20250228/202502282102.snappy.parquet'. Detail: [errno 21] Is a directory
[2025-03-02T19:27:15.855+0000] {logging_mixin.py:149} INFO - Error processing file /mnt/data/raw/velib_api/velib_stations/20250228/202502281942.json: [Errno 21] Failed to open local file '/mnt/data/formatted/velib_api/velib_stations/20250228/202502281942.snappy.parquet'. Detail: [errno 21] Is a directory
[2025-03-02T19:27:15.870+0000] {logging_mixin.py:149} INFO - Error processing file /mnt/data/raw/velib_api/velib_stations/20250228/202502282114.json: [Errno 21] Failed to open local file '/mnt/data/formatted/velib_api/velib_stations/20250228/202502282114.snappy.parquet'. Detail: [errno 21] Is a directory
[2025-03-02T19:27:15.888+0000] {logging_mixin.py:149} INFO - Error processing file /mnt/data/raw/velib_api/velib_stations/20250228/202502281915.json: [Errno 21] Failed to open local file '/mnt/data/formatted/velib_api/velib_stations/20250228/202502281915.snappy.parquet'. Detail: [errno 21] Is a directory
[2025-03-02T19:27:15.906+0000] {logging_mixin.py:149} INFO - Error processing file /mnt/data/raw/velib_api/velib_stations/20250228/202502282006.json: [Errno 21] Failed to open local file '/mnt/data/formatted/velib_api/velib_stations/20250228/202502282006.snappy.parquet'. Detail: [errno 21] Is a directory
[2025-03-02T19:27:15.938+0000] {logging_mixin.py:149} INFO - Error processing file /mnt/data/raw/velib_api/velib_stations/20250228/202502282342.json: [Errno 21] Failed to open local file '/mnt/data/formatted/velib_api/velib_stations/20250228/202502282342.snappy.parquet'. Detail: [errno 21] Is a directory
[2025-03-02T19:27:15.974+0000] {logging_mixin.py:149} INFO - Error processing file /mnt/data/raw/velib_api/velib_stations/20250228/202502281958.json: [Errno 21] Failed to open local file '/mnt/data/formatted/velib_api/velib_stations/20250228/202502281958.snappy.parquet'. Detail: [errno 21] Is a directory
[2025-03-02T19:27:15.998+0000] {logging_mixin.py:149} INFO - Error processing file /mnt/data/raw/velib_api/velib_stations/20250228/202502281348.json: [Errno 21] Failed to open local file '/mnt/data/formatted/velib_api/velib_stations/20250228/202502281348.snappy.parquet'. Detail: [errno 21] Is a directory
[2025-03-02T19:27:16.016+0000] {logging_mixin.py:149} INFO - Error processing file /mnt/data/raw/velib_api/velib_stations/20250228/202502282026.json: [Errno 21] Failed to open local file '/mnt/data/formatted/velib_api/velib_stations/20250228/202502282026.snappy.parquet'. Detail: [errno 21] Is a directory
[2025-03-02T19:27:16.029+0000] {logging_mixin.py:149} INFO - Error processing file /mnt/data/raw/velib_api/velib_stations/20250228/202502282030.json: [Errno 21] Failed to open local file '/mnt/data/formatted/velib_api/velib_stations/20250228/202502282030.snappy.parquet'. Detail: [errno 21] Is a directory
[2025-03-02T19:27:16.045+0000] {logging_mixin.py:149} INFO - Error processing file /mnt/data/raw/velib_api/velib_stations/20250228/202502282318.json: [Errno 21] Failed to open local file '/mnt/data/formatted/velib_api/velib_stations/20250228/202502282318.snappy.parquet'. Detail: [errno 21] Is a directory
[2025-03-02T19:27:16.071+0000] {logging_mixin.py:149} INFO - Error processing file /mnt/data/raw/velib_api/velib_stations/20250228/202502281922.json: [Errno 21] Failed to open local file '/mnt/data/formatted/velib_api/velib_stations/20250228/202502281922.snappy.parquet'. Detail: [errno 21] Is a directory
[2025-03-02T19:27:16.095+0000] {logging_mixin.py:149} INFO - Error processing file /mnt/data/raw/velib_api/velib_stations/20250228/202502281758.json: [Errno 21] Failed to open local file '/mnt/data/formatted/velib_api/velib_stations/20250228/202502281758.snappy.parquet'. Detail: [errno 21] Is a directory
[2025-03-02T19:27:16.110+0000] {logging_mixin.py:149} INFO - Error processing file /mnt/data/raw/velib_api/velib_stations/20250228/202502281934.json: [Errno 21] Failed to open local file '/mnt/data/formatted/velib_api/velib_stations/20250228/202502281934.snappy.parquet'. Detail: [errno 21] Is a directory
[2025-03-02T19:27:16.124+0000] {logging_mixin.py:149} INFO - Error processing file /mnt/data/raw/velib_api/velib_stations/20250228/202502282359.json: [Errno 21] Failed to open local file '/mnt/data/formatted/velib_api/velib_stations/20250228/202502282359.snappy.parquet'. Detail: [errno 21] Is a directory
[2025-03-02T19:27:16.136+0000] {logging_mixin.py:149} INFO - Error processing file /mnt/data/raw/velib_api/velib_stations/20250228/202502281918.json: [Errno 21] Failed to open local file '/mnt/data/formatted/velib_api/velib_stations/20250228/202502281918.snappy.parquet'. Detail: [errno 21] Is a directory
[2025-03-02T19:27:16.147+0000] {logging_mixin.py:149} INFO - Error processing file /mnt/data/raw/velib_api/velib_stations/20250228/202502282322.json: [Errno 21] Failed to open local file '/mnt/data/formatted/velib_api/velib_stations/20250228/202502282322.snappy.parquet'. Detail: [errno 21] Is a directory
[2025-03-02T19:27:16.162+0000] {logging_mixin.py:149} INFO - Error processing file /mnt/data/raw/velib_api/velib_stations/20250228/202502282230.json: [Errno 21] Failed to open local file '/mnt/data/formatted/velib_api/velib_stations/20250228/202502282230.snappy.parquet'. Detail: [errno 21] Is a directory
[2025-03-02T19:27:16.202+0000] {logging_mixin.py:149} INFO - Error processing file /mnt/data/raw/velib_api/velib_stations/20250228/202502282158.json: [Errno 21] Failed to open local file '/mnt/data/formatted/velib_api/velib_stations/20250228/202502282158.snappy.parquet'. Detail: [errno 21] Is a directory
[2025-03-02T19:27:16.215+0000] {logging_mixin.py:149} INFO - Error processing file /mnt/data/raw/velib_api/velib_stations/20250228/202502282206.json: [Errno 21] Failed to open local file '/mnt/data/formatted/velib_api/velib_stations/20250228/202502282206.snappy.parquet'. Detail: [errno 21] Is a directory
[2025-03-02T19:27:16.230+0000] {logging_mixin.py:149} INFO - Error processing file /mnt/data/raw/velib_api/velib_stations/20250228/202502282314.json: [Errno 21] Failed to open local file '/mnt/data/formatted/velib_api/velib_stations/20250228/202502282314.snappy.parquet'. Detail: [errno 21] Is a directory
[2025-03-02T19:27:16.248+0000] {logging_mixin.py:149} INFO - Error processing file /mnt/data/raw/velib_api/velib_stations/20250228/202502282302.json: [Errno 21] Failed to open local file '/mnt/data/formatted/velib_api/velib_stations/20250228/202502282302.snappy.parquet'. Detail: [errno 21] Is a directory
[2025-03-02T19:27:16.266+0000] {logging_mixin.py:149} INFO - Error processing file /mnt/data/raw/velib_api/velib_stations/20250228/202502281938.json: [Errno 21] Failed to open local file '/mnt/data/formatted/velib_api/velib_stations/20250228/202502281938.snappy.parquet'. Detail: [errno 21] Is a directory
[2025-03-02T19:27:16.288+0000] {logging_mixin.py:149} INFO - Error processing file /mnt/data/raw/velib_api/velib_stations/20250228/202502282210.json: [Errno 21] Failed to open local file '/mnt/data/formatted/velib_api/velib_stations/20250228/202502282210.snappy.parquet'. Detail: [errno 21] Is a directory
[2025-03-02T19:27:16.325+0000] {logging_mixin.py:149} INFO - Error processing file /mnt/data/raw/velib_api/velib_stations/20250228/202502282050.json: [Errno 21] Failed to open local file '/mnt/data/formatted/velib_api/velib_stations/20250228/202502282050.snappy.parquet'. Detail: [errno 21] Is a directory
[2025-03-02T19:27:16.343+0000] {logging_mixin.py:149} INFO - Error processing file /mnt/data/raw/velib_api/velib_stations/20250228/202502281739.json: [Errno 21] Failed to open local file '/mnt/data/formatted/velib_api/velib_stations/20250228/202502281739.snappy.parquet'. Detail: [errno 21] Is a directory
[2025-03-02T19:27:16.374+0000] {logging_mixin.py:149} INFO - Error processing file /mnt/data/raw/velib_api/velib_stations/20250228/202502282046.json: [Errno 21] Failed to open local file '/mnt/data/formatted/velib_api/velib_stations/20250228/202502282046.snappy.parquet'. Detail: [errno 21] Is a directory
[2025-03-02T19:27:16.392+0000] {logging_mixin.py:149} INFO - Error processing file /mnt/data/raw/velib_api/velib_stations/20250228/202502282338.json: [Errno 21] Failed to open local file '/mnt/data/formatted/velib_api/velib_stations/20250228/202502282338.snappy.parquet'. Detail: [errno 21] Is a directory
[2025-03-02T19:27:16.408+0000] {logging_mixin.py:149} INFO - Error processing file /mnt/data/raw/velib_api/velib_stations/20250228/202502281909.json: [Errno 21] Failed to open local file '/mnt/data/formatted/velib_api/velib_stations/20250228/202502281909.snappy.parquet'. Detail: [errno 21] Is a directory
[2025-03-02T19:27:16.425+0000] {logging_mixin.py:149} INFO - Error processing file /mnt/data/raw/velib_api/velib_stations/20250228/202502281231.json: [Errno 21] Failed to open local file '/mnt/data/formatted/velib_api/velib_stations/20250228/202502281231.snappy.parquet'. Detail: [errno 21] Is a directory
[2025-03-02T19:27:16.500+0000] {logging_mixin.py:149} INFO - Error processing file /mnt/data/raw/velib_api/velib_stations/20250228/202502282108.json: [Errno 21] Failed to open local file '/mnt/data/formatted/velib_api/velib_stations/20250228/202502282108.snappy.parquet'. Detail: [errno 21] Is a directory
[2025-03-02T19:27:16.516+0000] {logging_mixin.py:149} INFO - Error processing file /mnt/data/raw/velib_api/velib_stations/20250228/202502281732.json: [Errno 21] Failed to open local file '/mnt/data/formatted/velib_api/velib_stations/20250228/202502281732.snappy.parquet'. Detail: [errno 21] Is a directory
[2025-03-02T19:27:16.533+0000] {logging_mixin.py:149} INFO - Error processing file /mnt/data/raw/velib_api/velib_stations/20250228/202502281948.json: [Errno 21] Failed to open local file '/mnt/data/formatted/velib_api/velib_stations/20250228/202502281948.snappy.parquet'. Detail: [errno 21] Is a directory
[2025-03-02T19:27:16.547+0000] {logging_mixin.py:149} INFO - Error processing file /mnt/data/raw/velib_api/velib_stations/20250228/202502282020.json: [Errno 21] Failed to open local file '/mnt/data/formatted/velib_api/velib_stations/20250228/202502282020.snappy.parquet'. Detail: [errno 21] Is a directory
[2025-03-02T19:27:16.567+0000] {logging_mixin.py:149} INFO - Error processing file /mnt/data/raw/velib_api/velib_stations/20250228/202502282036.json: [Errno 21] Failed to open local file '/mnt/data/formatted/velib_api/velib_stations/20250228/202502282036.snappy.parquet'. Detail: [errno 21] Is a directory
[2025-03-02T19:27:16.589+0000] {logging_mixin.py:149} INFO - Error processing file /mnt/data/raw/velib_api/velib_stations/20250228/202502282016.json: [Errno 21] Failed to open local file '/mnt/data/formatted/velib_api/velib_stations/20250228/202502282016.snappy.parquet'. Detail: [errno 21] Is a directory
[2025-03-02T19:27:16.603+0000] {logging_mixin.py:149} INFO - Error processing file /mnt/data/raw/velib_api/velib_stations/20250228/202502281952.json: [Errno 21] Failed to open local file '/mnt/data/formatted/velib_api/velib_stations/20250228/202502281952.snappy.parquet'. Detail: [errno 21] Is a directory
[2025-03-02T19:27:16.618+0000] {logging_mixin.py:149} INFO - Error processing file /mnt/data/raw/velib_api/velib_stations/20250228/202502281817.json: [Errno 21] Failed to open local file '/mnt/data/formatted/velib_api/velib_stations/20250228/202502281817.snappy.parquet'. Detail: [errno 21] Is a directory
[2025-03-02T19:27:16.639+0000] {logging_mixin.py:149} INFO - Error processing file /mnt/data/raw/velib_api/velib_stations/20250228/202502282104.json: [Errno 21] Failed to open local file '/mnt/data/formatted/velib_api/velib_stations/20250228/202502282104.snappy.parquet'. Detail: [errno 21] Is a directory
[2025-03-02T19:27:16.656+0000] {logging_mixin.py:149} INFO - Error processing file /mnt/data/raw/velib_api/velib_stations/20250228/202502281728.json: [Errno 21] Failed to open local file '/mnt/data/formatted/velib_api/velib_stations/20250228/202502281728.snappy.parquet'. Detail: [errno 21] Is a directory
[2025-03-02T19:27:16.667+0000] {logging_mixin.py:149} INFO - Error processing file /mnt/data/raw/velib_api/velib_stations/20250228/202502281944.json: [Errno 21] Failed to open local file '/mnt/data/formatted/velib_api/velib_stations/20250228/202502281944.snappy.parquet'. Detail: [errno 21] Is a directory
[2025-03-02T19:27:16.681+0000] {logging_mixin.py:149} INFO - Error processing file /mnt/data/raw/velib_api/velib_stations/20250228/202502282112.json: [Errno 21] Failed to open local file '/mnt/data/formatted/velib_api/velib_stations/20250228/202502282112.snappy.parquet'. Detail: [errno 21] Is a directory
[2025-03-02T19:27:16.693+0000] {logging_mixin.py:149} INFO - Error processing file /mnt/data/raw/velib_api/velib_stations/20250228/202502282000.json: [Errno 21] Failed to open local file '/mnt/data/formatted/velib_api/velib_stations/20250228/202502282000.snappy.parquet'. Detail: [errno 21] Is a directory
[2025-03-02T19:27:16.706+0000] {logging_mixin.py:149} INFO - Error processing file /mnt/data/raw/velib_api/velib_stations/20250228/202502282256.json: [Errno 21] Failed to open local file '/mnt/data/formatted/velib_api/velib_stations/20250228/202502282256.snappy.parquet'. Detail: [errno 21] Is a directory
[2025-03-02T19:27:16.721+0000] {logging_mixin.py:149} INFO - Error processing file /mnt/data/raw/velib_api/velib_stations/20250228/202502282344.json: [Errno 21] Failed to open local file '/mnt/data/formatted/velib_api/velib_stations/20250228/202502282344.snappy.parquet'. Detail: [errno 21] Is a directory
[2025-03-02T19:27:16.740+0000] {logging_mixin.py:149} INFO - Error processing file /mnt/data/raw/velib_api/velib_stations/20250228/202502281354.json: [Errno 21] Failed to open local file '/mnt/data/formatted/velib_api/velib_stations/20250228/202502281354.snappy.parquet'. Detail: [errno 21] Is a directory
[2025-03-02T19:27:16.758+0000] {logging_mixin.py:149} INFO - Error processing file /mnt/data/raw/velib_api/velib_stations/20250228/202502282200.json: [Errno 21] Failed to open local file '/mnt/data/formatted/velib_api/velib_stations/20250228/202502282200.snappy.parquet'. Detail: [errno 21] Is a directory
[2025-03-02T19:27:16.774+0000] {logging_mixin.py:149} INFO - Error processing file /mnt/data/raw/velib_api/velib_stations/20250228/202502282312.json: [Errno 21] Failed to open local file '/mnt/data/formatted/velib_api/velib_stations/20250228/202502282312.snappy.parquet'. Detail: [errno 21] Is a directory
[2025-03-02T19:27:16.791+0000] {logging_mixin.py:149} INFO - Error processing file /mnt/data/raw/velib_api/velib_stations/20250228/202502281928.json: [Errno 21] Failed to open local file '/mnt/data/formatted/velib_api/velib_stations/20250228/202502281928.snappy.parquet'. Detail: [errno 21] Is a directory
[2025-03-02T19:27:16.902+0000] {logging_mixin.py:149} INFO - Error processing file /mnt/data/raw/velib_api/velib_stations/20250228/202502282304.json: [Errno 21] Failed to open local file '/mnt/data/formatted/velib_api/velib_stations/20250228/202502282304.snappy.parquet'. Detail: [errno 21] Is a directory
[2025-03-02T19:27:16.910+0000] {logging_mixin.py:149} INFO - Error processing file /mnt/data/raw/velib_api/velib_stations/20250228/202502282216.json: [Errno 21] Failed to open local file '/mnt/data/formatted/velib_api/velib_stations/20250228/202502282216.snappy.parquet'. Detail: [errno 21] Is a directory
[2025-03-02T19:27:16.924+0000] {logging_mixin.py:149} INFO - Error processing file /mnt/data/raw/velib_api/velib_stations/20250228/202502281338.json: [Errno 21] Failed to open local file '/mnt/data/formatted/velib_api/velib_stations/20250228/202502281338.snappy.parquet'. Detail: [errno 21] Is a directory
[2025-03-02T19:27:16.933+0000] {logging_mixin.py:149} INFO - Error processing file /mnt/data/raw/velib_api/velib_stations/20250228/202502282328.json: [Errno 21] Failed to open local file '/mnt/data/formatted/velib_api/velib_stations/20250228/202502282328.snappy.parquet'. Detail: [errno 21] Is a directory
[2025-03-02T19:27:16.943+0000] {logging_mixin.py:149} INFO - Error processing file /mnt/data/raw/velib_api/velib_stations/20250228/202502282056.json: [Errno 21] Failed to open local file '/mnt/data/formatted/velib_api/velib_stations/20250228/202502282056.snappy.parquet'. Detail: [errno 21] Is a directory
[2025-03-02T19:27:16.954+0000] {logging_mixin.py:149} INFO - Error processing file /mnt/data/raw/velib_api/velib_stations/20250228/202502282040.json: [Errno 21] Failed to open local file '/mnt/data/formatted/velib_api/velib_stations/20250228/202502282040.snappy.parquet'. Detail: [errno 21] Is a directory
[2025-03-02T19:27:16.964+0000] {logging_mixin.py:149} INFO - Error processing file /mnt/data/raw/velib_api/velib_stations/20250228/202502281924.json: [Errno 21] Failed to open local file '/mnt/data/formatted/velib_api/velib_stations/20250228/202502281924.snappy.parquet'. Detail: [errno 21] Is a directory
[2025-03-02T19:27:16.982+0000] {logging_mixin.py:149} INFO - Error processing file /mnt/data/raw/velib_api/velib_stations/20250228/202502282308.json: [Errno 21] Failed to open local file '/mnt/data/formatted/velib_api/velib_stations/20250228/202502282308.snappy.parquet'. Detail: [errno 21] Is a directory
[2025-03-02T19:27:17.000+0000] {logging_mixin.py:149} INFO - Error processing file /mnt/data/raw/velib_api/velib_stations/20250228/202502281932.json: [Errno 21] Failed to open local file '/mnt/data/formatted/velib_api/velib_stations/20250228/202502281932.snappy.parquet'. Detail: [errno 21] Is a directory
[2025-03-02T19:27:17.016+0000] {logging_mixin.py:149} INFO - Error processing file /mnt/data/raw/velib_api/velib_stations/20250228/202502281436.json: [Errno 21] Failed to open local file '/mnt/data/formatted/velib_api/velib_stations/20250228/202502281436.snappy.parquet'. Detail: [errno 21] Is a directory
[2025-03-02T19:27:17.030+0000] {logging_mixin.py:149} INFO - Error processing file /mnt/data/raw/velib_api/velib_stations/20250228/202502282324.json: [Errno 21] Failed to open local file '/mnt/data/formatted/velib_api/velib_stations/20250228/202502282324.snappy.parquet'. Detail: [errno 21] Is a directory
[2025-03-02T19:27:17.044+0000] {logging_mixin.py:149} INFO - Error processing file /mnt/data/raw/velib_api/velib_stations/20250228/202502282236.json: [Errno 21] Failed to open local file '/mnt/data/formatted/velib_api/velib_stations/20250228/202502282236.snappy.parquet'. Detail: [errno 21] Is a directory
[2025-03-02T19:27:17.057+0000] {logging_mixin.py:149} INFO - Error processing file /mnt/data/raw/velib_api/velib_stations/20250228/202502282220.json: [Errno 21] Failed to open local file '/mnt/data/formatted/velib_api/velib_stations/20250228/202502282220.snappy.parquet'. Detail: [errno 21] Is a directory
[2025-03-02T19:27:17.070+0000] {logging_mixin.py:149} INFO - Error processing file /mnt/data/raw/velib_api/velib_stations/20250228/202502282332.json: [Errno 21] Failed to open local file '/mnt/data/formatted/velib_api/velib_stations/20250228/202502282332.snappy.parquet'. Detail: [errno 21] Is a directory
[2025-03-02T19:27:17.082+0000] {logging_mixin.py:149} INFO - Error processing file /mnt/data/raw/velib_api/velib_stations/20250228/202502282258.json: [Errno 21] Failed to open local file '/mnt/data/formatted/velib_api/velib_stations/20250228/202502282258.snappy.parquet'. Detail: [errno 21] Is a directory
[2025-03-02T19:27:17.093+0000] {logging_mixin.py:149} INFO - Error processing file /mnt/data/raw/velib_api/velib_stations/20250228/202502282034.json: [Errno 21] Failed to open local file '/mnt/data/formatted/velib_api/velib_stations/20250228/202502282034.snappy.parquet'. Detail: [errno 21] Is a directory
[2025-03-02T19:27:17.107+0000] {logging_mixin.py:149} INFO - Error processing file /mnt/data/raw/velib_api/velib_stations/20250228/202502282022.json: [Errno 21] Failed to open local file '/mnt/data/formatted/velib_api/velib_stations/20250228/202502282022.snappy.parquet'. Detail: [errno 21] Is a directory
[2025-03-02T19:27:17.120+0000] {logging_mixin.py:149} INFO - Error processing file /mnt/data/raw/velib_api/velib_stations/20250228/202502281819.json: [Errno 21] Failed to open local file '/mnt/data/formatted/velib_api/velib_stations/20250228/202502281819.snappy.parquet'. Detail: [errno 21] Is a directory
[2025-03-02T19:27:17.133+0000] {logging_mixin.py:149} INFO - Error processing file /mnt/data/raw/velib_api/velib_stations/20250228/202502282018.json: [Errno 21] Failed to open local file '/mnt/data/formatted/velib_api/velib_stations/20250228/202502282018.snappy.parquet'. Detail: [errno 21] Is a directory
[2025-03-02T19:27:17.145+0000] {logging_mixin.py:149} INFO - Error processing file /mnt/data/raw/velib_api/velib_stations/20250228/202502282346.json: [Errno 21] Failed to open local file '/mnt/data/formatted/velib_api/velib_stations/20250228/202502282346.snappy.parquet'. Detail: [errno 21] Is a directory
[2025-03-02T19:27:17.154+0000] {logging_mixin.py:149} INFO - Error processing file /mnt/data/raw/velib_api/velib_stations/20250228/202502282038.json: [Errno 21] Failed to open local file '/mnt/data/formatted/velib_api/velib_stations/20250228/202502282038.snappy.parquet'. Detail: [errno 21] Is a directory
[2025-03-02T19:27:17.168+0000] {logging_mixin.py:149} INFO - Error processing file /mnt/data/raw/velib_api/velib_stations/20250228/202502282254.json: [Errno 21] Failed to open local file '/mnt/data/formatted/velib_api/velib_stations/20250228/202502282254.snappy.parquet'. Detail: [errno 21] Is a directory
[2025-03-02T19:27:17.180+0000] {logging_mixin.py:149} INFO - Error processing file /mnt/data/raw/velib_api/velib_stations/20250228/202502282002.json: [Errno 21] Failed to open local file '/mnt/data/formatted/velib_api/velib_stations/20250228/202502282002.snappy.parquet'. Detail: [errno 21] Is a directory
[2025-03-02T19:27:17.191+0000] {logging_mixin.py:149} INFO - Error processing file /mnt/data/raw/velib_api/velib_stations/20250228/202502282110.json: [Errno 21] Failed to open local file '/mnt/data/formatted/velib_api/velib_stations/20250228/202502282110.snappy.parquet'. Detail: [errno 21] Is a directory
[2025-03-02T19:27:17.205+0000] {logging_mixin.py:149} INFO - Error processing file /mnt/data/raw/velib_api/velib_stations/20250228/202502281803.json: [Errno 21] Failed to open local file '/mnt/data/formatted/velib_api/velib_stations/20250228/202502281803.snappy.parquet'. Detail: [errno 21] Is a directory
[2025-03-02T19:27:17.218+0000] {logging_mixin.py:149} INFO - Error processing file /mnt/data/raw/velib_api/velib_stations/20250228/202502281946.json: [Errno 21] Failed to open local file '/mnt/data/formatted/velib_api/velib_stations/20250228/202502281946.snappy.parquet'. Detail: [errno 21] Is a directory
[2025-03-02T19:27:17.233+0000] {logging_mixin.py:149} INFO - Error processing file /mnt/data/raw/velib_api/velib_stations/20250228/202502282106.json: [Errno 21] Failed to open local file '/mnt/data/formatted/velib_api/velib_stations/20250228/202502282106.snappy.parquet'. Detail: [errno 21] Is a directory
[2025-03-02T19:27:17.241+0000] {logging_mixin.py:149} INFO - Error processing file /mnt/data/raw/velib_api/velib_stations/20250228/202502281950.json: [Errno 21] Failed to open local file '/mnt/data/formatted/velib_api/velib_stations/20250228/202502281950.snappy.parquet'. Detail: [errno 21] Is a directory
[2025-03-02T19:27:17.252+0000] {logging_mixin.py:149} INFO - Error processing file /mnt/data/raw/velib_api/velib_stations/20250228/202502282014.json: [Errno 21] Failed to open local file '/mnt/data/formatted/velib_api/velib_stations/20250228/202502282014.snappy.parquet'. Detail: [errno 21] Is a directory
[2025-03-02T19:27:17.267+0000] {logging_mixin.py:149} INFO - Error processing file /mnt/data/raw/velib_api/velib_stations/20250228/202502281843.json: [Errno 21] Failed to open local file '/mnt/data/formatted/velib_api/velib_stations/20250228/202502281843.snappy.parquet'. Detail: [errno 21] Is a directory
[2025-03-02T19:27:17.278+0000] {logging_mixin.py:149} INFO - Error processing file /mnt/data/raw/velib_api/velib_stations/20250228/202502282042.json: [Errno 21] Failed to open local file '/mnt/data/formatted/velib_api/velib_stations/20250228/202502282042.snappy.parquet'. Detail: [errno 21] Is a directory
[2025-03-02T19:27:17.293+0000] {logging_mixin.py:149} INFO - Error processing file /mnt/data/raw/velib_api/velib_stations/20250228/202502282054.json: [Errno 21] Failed to open local file '/mnt/data/formatted/velib_api/velib_stations/20250228/202502282054.snappy.parquet'. Detail: [errno 21] Is a directory
[2025-03-02T19:27:17.303+0000] {logging_mixin.py:149} INFO - Error processing file /mnt/data/raw/velib_api/velib_stations/20250228/202502281438.json: [Errno 21] Failed to open local file '/mnt/data/formatted/velib_api/velib_stations/20250228/202502281438.snappy.parquet'. Detail: [errno 21] Is a directory
[2025-03-02T19:27:17.317+0000] {logging_mixin.py:149} INFO - Error processing file /mnt/data/raw/velib_api/velib_stations/20250228/202502282214.json: [Errno 21] Failed to open local file '/mnt/data/formatted/velib_api/velib_stations/20250228/202502282214.snappy.parquet'. Detail: [errno 21] Is a directory
[2025-03-02T19:27:17.327+0000] {logging_mixin.py:149} INFO - Error processing file /mnt/data/raw/velib_api/velib_stations/20250228/202502282306.json: [Errno 21] Failed to open local file '/mnt/data/formatted/velib_api/velib_stations/20250228/202502282306.snappy.parquet'. Detail: [errno 21] Is a directory
[2025-03-02T19:27:17.337+0000] {logging_mixin.py:149} INFO - Error processing file /mnt/data/raw/velib_api/velib_stations/20250228/202502282310.json: [Errno 21] Failed to open local file '/mnt/data/formatted/velib_api/velib_stations/20250228/202502282310.snappy.parquet'. Detail: [errno 21] Is a directory
[2025-03-02T19:27:17.348+0000] {logging_mixin.py:149} INFO - Error processing file /mnt/data/raw/velib_api/velib_stations/20250228/202502281300.json: [Errno 21] Failed to open local file '/mnt/data/formatted/velib_api/velib_stations/20250228/202502281300.snappy.parquet'. Detail: [errno 21] Is a directory
[2025-03-02T19:27:17.360+0000] {logging_mixin.py:149} INFO - Error processing file /mnt/data/raw/velib_api/velib_stations/20250228/202502282202.json: [Errno 21] Failed to open local file '/mnt/data/formatted/velib_api/velib_stations/20250228/202502282202.snappy.parquet'. Detail: [errno 21] Is a directory
[2025-03-02T19:27:17.371+0000] {logging_mixin.py:149} INFO - Error processing file /mnt/data/raw/velib_api/velib_stations/20250228/202502281838.json: [Errno 21] Failed to open local file '/mnt/data/formatted/velib_api/velib_stations/20250228/202502281838.snappy.parquet'. Detail: [errno 21] Is a directory
[2025-03-02T19:27:17.382+0000] {logging_mixin.py:149} INFO - Error processing file /mnt/data/raw/velib_api/velib_stations/20250228/202502282330.json: [Errno 21] Failed to open local file '/mnt/data/formatted/velib_api/velib_stations/20250228/202502282330.snappy.parquet'. Detail: [errno 21] Is a directory
[2025-03-02T19:27:17.396+0000] {logging_mixin.py:149} INFO - Error processing file /mnt/data/raw/velib_api/velib_stations/20250228/202502281232.json: [Errno 21] Failed to open local file '/mnt/data/formatted/velib_api/velib_stations/20250228/202502281232.snappy.parquet'. Detail: [errno 21] Is a directory
[2025-03-02T19:27:17.407+0000] {logging_mixin.py:149} INFO - Error processing file /mnt/data/raw/velib_api/velib_stations/20250228/202502282222.json: [Errno 21] Failed to open local file '/mnt/data/formatted/velib_api/velib_stations/20250228/202502282222.snappy.parquet'. Detail: [errno 21] Is a directory
[2025-03-02T19:27:17.418+0000] {logging_mixin.py:149} INFO - Error processing file /mnt/data/raw/velib_api/velib_stations/20250228/202502282058.json: [Errno 21] Failed to open local file '/mnt/data/formatted/velib_api/velib_stations/20250228/202502282058.snappy.parquet'. Detail: [errno 21] Is a directory
[2025-03-02T19:27:17.434+0000] {logging_mixin.py:149} INFO - Error processing file /mnt/data/raw/velib_api/velib_stations/20250228/202502282234.json: [Errno 21] Failed to open local file '/mnt/data/formatted/velib_api/velib_stations/20250228/202502282234.snappy.parquet'. Detail: [errno 21] Is a directory
[2025-03-02T19:27:17.541+0000] {logging_mixin.py:149} INFO - Error processing file /mnt/data/raw/velib_api/velib_stations/20250228/202502282218.json: [Errno 21] Failed to open local file '/mnt/data/formatted/velib_api/velib_stations/20250228/202502282218.snappy.parquet'. Detail: [errno 21] Is a directory
[2025-03-02T19:27:17.557+0000] {logging_mixin.py:149} INFO - Error processing file /mnt/data/raw/velib_api/velib_stations/20250228/202502281930.json: [Errno 21] Failed to open local file '/mnt/data/formatted/velib_api/velib_stations/20250228/202502281930.snappy.parquet'. Detail: [errno 21] Is a directory
[2025-03-02T19:27:17.575+0000] {logging_mixin.py:149} INFO - Error processing file /mnt/data/raw/velib_api/velib_stations/20250228/202502281926.json: [Errno 21] Failed to open local file '/mnt/data/formatted/velib_api/velib_stations/20250228/202502281926.snappy.parquet'. Detail: [errno 21] Is a directory
[2025-03-02T19:27:17.587+0000] {logging_mixin.py:149} INFO - Error processing file /mnt/data/raw/velib_api/velib_stations/20250228/202502282340.json: [Errno 21] Failed to open local file '/mnt/data/formatted/velib_api/velib_stations/20250228/202502282340.snappy.parquet'. Detail: [errno 21] Is a directory
[2025-03-02T19:27:17.599+0000] {logging_mixin.py:149} INFO - Error processing file /mnt/data/raw/velib_api/velib_stations/20250228/202502282252.json: [Errno 21] Failed to open local file '/mnt/data/formatted/velib_api/velib_stations/20250228/202502282252.snappy.parquet'. Detail: [errno 21] Is a directory
[2025-03-02T19:27:17.613+0000] {logging_mixin.py:149} INFO - Error processing file /mnt/data/raw/velib_api/velib_stations/20250228/202502282028.json: [Errno 21] Failed to open local file '/mnt/data/formatted/velib_api/velib_stations/20250228/202502282028.snappy.parquet'. Detail: [errno 21] Is a directory
[2025-03-02T19:27:17.626+0000] {logging_mixin.py:149} INFO - Error processing file /mnt/data/raw/velib_api/velib_stations/20250228/202502281741.json: [Errno 21] Failed to open local file '/mnt/data/formatted/velib_api/velib_stations/20250228/202502281741.snappy.parquet'. Detail: [errno 21] Is a directory
[2025-03-02T19:27:17.640+0000] {logging_mixin.py:149} INFO - Error processing file /mnt/data/raw/velib_api/velib_stations/20250228/202502281346.json: [Errno 21] Failed to open local file '/mnt/data/formatted/velib_api/velib_stations/20250228/202502281346.snappy.parquet'. Detail: [errno 21] Is a directory
[2025-03-02T19:27:17.654+0000] {logging_mixin.py:149} INFO - Error processing file /mnt/data/raw/velib_api/velib_stations/20250228/202502282004.json: [Errno 21] Failed to open local file '/mnt/data/formatted/velib_api/velib_stations/20250228/202502282004.snappy.parquet'. Detail: [errno 21] Is a directory
[2025-03-02T19:27:17.669+0000] {logging_mixin.py:149} INFO - Error processing file /mnt/data/raw/velib_api/velib_stations/20250228/202502282116.json: [Errno 21] Failed to open local file '/mnt/data/formatted/velib_api/velib_stations/20250228/202502282116.snappy.parquet'. Detail: [errno 21] Is a directory
[2025-03-02T19:27:17.683+0000] {logging_mixin.py:149} INFO - Error processing file /mnt/data/raw/velib_api/velib_stations/20250228/202502281413.json: [Errno 21] Failed to open local file '/mnt/data/formatted/velib_api/velib_stations/20250228/202502281413.snappy.parquet'. Detail: [errno 21] Is a directory
[2025-03-02T19:27:17.694+0000] {logging_mixin.py:149} INFO - Error processing file /mnt/data/raw/velib_api/velib_stations/20250228/202502281940.json: [Errno 21] Failed to open local file '/mnt/data/formatted/velib_api/velib_stations/20250228/202502281940.snappy.parquet'. Detail: [errno 21] Is a directory
[2025-03-02T19:27:17.704+0000] {logging_mixin.py:149} INFO - Error processing file /mnt/data/raw/velib_api/velib_stations/20250228/202502282100.json: [Errno 21] Failed to open local file '/mnt/data/formatted/velib_api/velib_stations/20250228/202502282100.snappy.parquet'. Detail: [errno 21] Is a directory
[2025-03-02T19:27:17.715+0000] {logging_mixin.py:149} INFO - Error processing file /mnt/data/raw/velib_api/velib_stations/20250228/202502281956.json: [Errno 21] Failed to open local file '/mnt/data/formatted/velib_api/velib_stations/20250228/202502281956.snappy.parquet'. Detail: [errno 21] Is a directory
[2025-03-02T19:27:17.725+0000] {logging_mixin.py:149} INFO - Error processing file /mnt/data/raw/velib_api/velib_stations/20250228/202502282157.json: [Errno 21] Failed to open local file '/mnt/data/formatted/velib_api/velib_stations/20250228/202502282157.snappy.parquet'. Detail: [errno 21] Is a directory
[2025-03-02T19:27:17.739+0000] {logging_mixin.py:149} INFO - Error processing file /mnt/data/raw/velib_api/velib_stations/20250228/202502282012.json: [Errno 21] Failed to open local file '/mnt/data/formatted/velib_api/velib_stations/20250228/202502282012.snappy.parquet'. Detail: [errno 21] Is a directory
[2025-03-02T19:27:17.748+0000] {logging_mixin.py:149} INFO - Error processing file /mnt/data/raw/velib_api/velib_stations/20250228/202502282032.json: [Errno 21] Failed to open local file '/mnt/data/formatted/velib_api/velib_stations/20250228/202502282032.snappy.parquet'. Detail: [errno 21] Is a directory
[2025-03-02T19:27:17.760+0000] {logging_mixin.py:149} INFO - Error processing file /mnt/data/raw/velib_api/velib_stations/20250228/202502282024.json: [Errno 21] Failed to open local file '/mnt/data/formatted/velib_api/velib_stations/20250228/202502282024.snappy.parquet'. Detail: [errno 21] Is a directory
[2025-03-02T19:27:17.768+0000] {logging_mixin.py:149} INFO - Error processing file /mnt/data/raw/velib_api/velib_stations/20250228/202502281825.json: [Errno 21] Failed to open local file '/mnt/data/formatted/velib_api/velib_stations/20250228/202502281825.snappy.parquet'. Detail: [errno 21] Is a directory
[2025-03-02T19:27:17.781+0000] {logging_mixin.py:149} INFO - Error processing file /mnt/data/raw/velib_api/velib_stations/20250228/202502282008.json: [Errno 21] Failed to open local file '/mnt/data/formatted/velib_api/velib_stations/20250228/202502282008.snappy.parquet'. Detail: [errno 21] Is a directory
[2025-03-02T19:27:17.794+0000] {logging_mixin.py:149} INFO - Error processing file /mnt/data/raw/velib_api/velib_stations/20250228/202502282336.json: [Errno 21] Failed to open local file '/mnt/data/formatted/velib_api/velib_stations/20250228/202502282336.snappy.parquet'. Detail: [errno 21] Is a directory
[2025-03-02T19:27:17.807+0000] {logging_mixin.py:149} INFO - Error processing file /mnt/data/raw/velib_api/velib_stations/20250228/202502282048.json: [Errno 21] Failed to open local file '/mnt/data/formatted/velib_api/velib_stations/20250228/202502282048.snappy.parquet'. Detail: [errno 21] Is a directory
[2025-03-02T19:27:17.818+0000] {logging_mixin.py:149} INFO - Error processing file /mnt/data/raw/velib_api/velib_stations/20250228/202502281234.json: [Errno 21] Failed to open local file '/mnt/data/formatted/velib_api/velib_stations/20250228/202502281234.snappy.parquet'. Detail: [errno 21] Is a directory
[2025-03-02T19:27:17.827+0000] {logging_mixin.py:149} INFO - Error processing file /mnt/data/raw/velib_api/velib_stations/20250228/202502282224.json: [Errno 21] Failed to open local file '/mnt/data/formatted/velib_api/velib_stations/20250228/202502282224.snappy.parquet'. Detail: [errno 21] Is a directory
[2025-03-02T19:27:17.839+0000] {logging_mixin.py:149} INFO - Error processing file /mnt/data/raw/velib_api/velib_stations/20250228/202502282232.json: [Errno 21] Failed to open local file '/mnt/data/formatted/velib_api/velib_stations/20250228/202502282232.snappy.parquet'. Detail: [errno 21] Is a directory
[2025-03-02T19:27:17.850+0000] {logging_mixin.py:149} INFO - Error processing file /mnt/data/raw/velib_api/velib_stations/20250228/202502282320.json: [Errno 21] Failed to open local file '/mnt/data/formatted/velib_api/velib_stations/20250228/202502282320.snappy.parquet'. Detail: [errno 21] Is a directory
[2025-03-02T19:27:17.861+0000] {logging_mixin.py:149} INFO - Error processing file /mnt/data/raw/velib_api/velib_stations/20250228/202502281936.json: [Errno 21] Failed to open local file '/mnt/data/formatted/velib_api/velib_stations/20250228/202502281936.snappy.parquet'. Detail: [errno 21] Is a directory
[2025-03-02T19:27:17.871+0000] {logging_mixin.py:149} INFO - Error processing file /mnt/data/raw/velib_api/velib_stations/20250228/202502281920.json: [Errno 21] Failed to open local file '/mnt/data/formatted/velib_api/velib_stations/20250228/202502281920.snappy.parquet'. Detail: [errno 21] Is a directory
[2025-03-02T19:27:17.882+0000] {logging_mixin.py:149} INFO - Error processing file /mnt/data/raw/velib_api/velib_stations/20250228/202502282208.json: [Errno 21] Failed to open local file '/mnt/data/formatted/velib_api/velib_stations/20250228/202502282208.snappy.parquet'. Detail: [errno 21] Is a directory
[2025-03-02T19:27:17.895+0000] {logging_mixin.py:149} INFO - Error processing file /mnt/data/raw/velib_api/velib_stations/20250228/202502282228.json: [Errno 21] Failed to open local file '/mnt/data/formatted/velib_api/velib_stations/20250228/202502282228.snappy.parquet'. Detail: [errno 21] Is a directory
[2025-03-02T19:27:17.906+0000] {logging_mixin.py:149} INFO - Error processing file /mnt/data/raw/velib_api/velib_stations/20250228/202502281238.json: [Errno 21] Failed to open local file '/mnt/data/formatted/velib_api/velib_stations/20250228/202502281238.snappy.parquet'. Detail: [errno 21] Is a directory
[2025-03-02T19:27:17.920+0000] {logging_mixin.py:149} INFO - Error processing file /mnt/data/raw/velib_api/velib_stations/20250228/202502282044.json: [Errno 21] Failed to open local file '/mnt/data/formatted/velib_api/velib_stations/20250228/202502282044.snappy.parquet'. Detail: [errno 21] Is a directory
[2025-03-02T19:27:17.934+0000] {logging_mixin.py:149} INFO - Error processing file /mnt/data/raw/velib_api/velib_stations/20250228/202502282052.json: [Errno 21] Failed to open local file '/mnt/data/formatted/velib_api/velib_stations/20250228/202502282052.snappy.parquet'. Detail: [errno 21] Is a directory
[2025-03-02T19:27:17.945+0000] {logging_mixin.py:149} INFO - Error processing file /mnt/data/raw/velib_api/velib_stations/20250228/202502281916.json: [Errno 21] Failed to open local file '/mnt/data/formatted/velib_api/velib_stations/20250228/202502281916.snappy.parquet'. Detail: [errno 21] Is a directory
[2025-03-02T19:27:17.955+0000] {logging_mixin.py:149} INFO - Error processing file /mnt/data/raw/velib_api/velib_stations/20250228/202502282212.json: [Errno 21] Failed to open local file '/mnt/data/formatted/velib_api/velib_stations/20250228/202502282212.snappy.parquet'. Detail: [errno 21] Is a directory
[2025-03-02T19:27:17.965+0000] {logging_mixin.py:149} INFO - Error processing file /mnt/data/raw/velib_api/velib_stations/20250228/202502281828.json: [Errno 21] Failed to open local file '/mnt/data/formatted/velib_api/velib_stations/20250228/202502281828.snappy.parquet'. Detail: [errno 21] Is a directory
[2025-03-02T19:27:17.977+0000] {logging_mixin.py:149} INFO - Error processing file /mnt/data/raw/velib_api/velib_stations/20250228/202502282300.json: [Errno 21] Failed to open local file '/mnt/data/formatted/velib_api/velib_stations/20250228/202502282300.snappy.parquet'. Detail: [errno 21] Is a directory
[2025-03-02T19:27:17.988+0000] {logging_mixin.py:149} INFO - Error processing file /mnt/data/raw/velib_api/velib_stations/20250228/202502282316.json: [Errno 21] Failed to open local file '/mnt/data/formatted/velib_api/velib_stations/20250228/202502282316.snappy.parquet'. Detail: [errno 21] Is a directory
[2025-03-02T19:27:18.001+0000] {logging_mixin.py:149} INFO - Error processing file /mnt/data/raw/velib_api/velib_stations/20250228/202502281306.json: [Errno 21] Failed to open local file '/mnt/data/formatted/velib_api/velib_stations/20250228/202502281306.snappy.parquet'. Detail: [errno 21] Is a directory
[2025-03-02T19:27:18.011+0000] {logging_mixin.py:149} INFO - Error processing file /mnt/data/raw/velib_api/velib_stations/20250228/202502282204.json: [Errno 21] Failed to open local file '/mnt/data/formatted/velib_api/velib_stations/20250228/202502282204.snappy.parquet'. Detail: [errno 21] Is a directory
[2025-03-02T19:27:18.023+0000] {logging_mixin.py:149} INFO - Error processing file /mnt/data/raw/velib_api/velib_stations/20250227/202502272248.json: [Errno 21] Failed to open local file '/mnt/data/formatted/velib_api/velib_stations/20250227/202502272248.snappy.parquet'. Detail: [errno 21] Is a directory
[2025-03-02T19:27:18.033+0000] {logging_mixin.py:149} INFO - Error processing file /mnt/data/raw/velib_api/velib_stations/20250227/202502272253.json: [Errno 21] Failed to open local file '/mnt/data/formatted/velib_api/velib_stations/20250227/202502272253.snappy.parquet'. Detail: [errno 21] Is a directory
[2025-03-02T19:27:18.047+0000] {logging_mixin.py:149} INFO - Error processing file /mnt/data/raw/velib_api/velib_stations/20250227/202502272245.json: [Errno 21] Failed to open local file '/mnt/data/formatted/velib_api/velib_stations/20250227/202502272245.snappy.parquet'. Detail: [errno 21] Is a directory
[2025-03-02T19:27:18.057+0000] {logging_mixin.py:149} INFO - Error processing file /mnt/data/raw/velib_api/velib_stations/20250227/202502272300.json: [Errno 21] Failed to open local file '/mnt/data/formatted/velib_api/velib_stations/20250227/202502272300.snappy.parquet'. Detail: [errno 21] Is a directory
[2025-03-02T19:27:18.070+0000] {logging_mixin.py:149} INFO - Error processing file /mnt/data/raw/velib_api/velib_stations/20250227/202502272242.json: [Errno 21] Failed to open local file '/mnt/data/formatted/velib_api/velib_stations/20250227/202502272242.snappy.parquet'. Detail: [errno 21] Is a directory
[2025-03-02T19:27:18.080+0000] {logging_mixin.py:149} INFO - Error processing file /mnt/data/raw/velib_api/velib_stations/20250227/202502272306.json: [Errno 21] Failed to open local file '/mnt/data/formatted/velib_api/velib_stations/20250227/202502272306.snappy.parquet'. Detail: [errno 21] Is a directory
[2025-03-02T19:27:18.095+0000] {logging_mixin.py:149} INFO - Error processing file /mnt/data/raw/velib_api/velib_stations/20250227/202502272234.json: [Errno 21] Failed to open local file '/mnt/data/formatted/velib_api/velib_stations/20250227/202502272234.snappy.parquet'. Detail: [errno 21] Is a directory
[2025-03-02T19:27:18.105+0000] {logging_mixin.py:149} INFO - Error processing file /mnt/data/raw/velib_api/velib_stations/20250227/202502272259.json: [Errno 21] Failed to open local file '/mnt/data/formatted/velib_api/velib_stations/20250227/202502272259.snappy.parquet'. Detail: [errno 21] Is a directory
[2025-03-02T19:27:18.118+0000] {logging_mixin.py:149} INFO - Error processing file /mnt/data/raw/velib_api/velib_stations/20250227/202502272304.json: [Errno 21] Failed to open local file '/mnt/data/formatted/velib_api/velib_stations/20250227/202502272304.snappy.parquet'. Detail: [errno 21] Is a directory
[2025-03-02T19:27:18.129+0000] {logging_mixin.py:149} INFO - Error processing file /mnt/data/raw/velib_api/velib_stations/20250227/202502272312.json: [Errno 21] Failed to open local file '/mnt/data/formatted/velib_api/velib_stations/20250227/202502272312.snappy.parquet'. Detail: [errno 21] Is a directory
[2025-03-02T19:27:18.140+0000] {logging_mixin.py:149} INFO - Error processing file /mnt/data/raw/velib_api/velib_stations/20250227/202502272334.json: [Errno 21] Failed to open local file '/mnt/data/formatted/velib_api/velib_stations/20250227/202502272334.snappy.parquet'. Detail: [errno 21] Is a directory
[2025-03-02T19:27:18.220+0000] {logging_mixin.py:149} INFO - Error processing file /mnt/data/raw/velib_api/velib_stations/20250227/202502272302.json: [Errno 21] Failed to open local file '/mnt/data/formatted/velib_api/velib_stations/20250227/202502272302.snappy.parquet'. Detail: [errno 21] Is a directory
[2025-03-02T19:27:18.818+0000] {python.py:183} INFO - Done. Returned value was: None
[2025-03-02T19:27:18.829+0000] {taskinstance.py:1373} INFO - Marking task as SUCCESS. dag_id=api_to_db_dag, task_id=process_raw_velib_station, execution_date=20250302T190000, start_date=20250302T192714, end_date=20250302T192718
[2025-03-02T19:27:18.866+0000] {local_task_job_runner.py:232} INFO - Task exited with return code 0
[2025-03-02T19:27:18.903+0000] {taskinstance.py:2674} INFO - 1 downstream tasks scheduled from follow-on schedule check
