[2025-02-28T12:31:41.090+0000] {taskinstance.py:1125} INFO - Dependencies all met for dep_context=non-requeueable deps ti=<TaskInstance: api_to_db_dag.save_station_details_information scheduled__2025-02-27T00:00:00+00:00 [queued]>
[2025-02-28T12:31:41.105+0000] {taskinstance.py:1125} INFO - Dependencies all met for dep_context=requeueable deps ti=<TaskInstance: api_to_db_dag.save_station_details_information scheduled__2025-02-27T00:00:00+00:00 [queued]>
[2025-02-28T12:31:41.105+0000] {taskinstance.py:1331} INFO - Starting attempt 1 of 1
[2025-02-28T12:31:41.128+0000] {taskinstance.py:1350} INFO - Executing <Task(PythonOperator): save_station_details_information> on 2025-02-27 00:00:00+00:00
[2025-02-28T12:31:41.134+0000] {standard_task_runner.py:57} INFO - Started process 4343 to run task
[2025-02-28T12:31:41.134+0000] {clientserver.py:543} INFO - Closing down clientserver connection
[2025-02-28T12:31:41.138+0000] {standard_task_runner.py:84} INFO - Running: ['***', 'tasks', 'run', 'api_to_db_dag', 'save_station_details_information', 'scheduled__2025-02-27T00:00:00+00:00', '--job-id', '10', '--raw', '--subdir', 'DAGS_FOLDER/dag.py', '--cfg-path', '/tmp/tmppo4lre2j']
[2025-02-28T12:31:41.139+0000] {standard_task_runner.py:85} INFO - Job 10: Subtask save_station_details_information
[2025-02-28T12:31:41.215+0000] {task_command.py:410} INFO - Running <TaskInstance: api_to_db_dag.save_station_details_information scheduled__2025-02-27T00:00:00+00:00 [running]> on host a0901dbddc07
[2025-02-28T12:31:41.280+0000] {clientserver.py:505} INFO - Error while sending or receiving.
Traceback (most recent call last):
  File "/home/airflow/.local/lib/python3.7/site-packages/py4j/clientserver.py", line 503, in send_command
    self.socket.sendall(command.encode("utf-8"))
ConnectionResetError: [Errno 104] Connection reset by peer
[2025-02-28T12:31:41.283+0000] {clientserver.py:543} INFO - Closing down clientserver connection
[2025-02-28T12:31:41.284+0000] {java_gateway.py:1052} INFO - Exception while sending command.
Traceback (most recent call last):
  File "/home/airflow/.local/lib/python3.7/site-packages/py4j/clientserver.py", line 503, in send_command
    self.socket.sendall(command.encode("utf-8"))
ConnectionResetError: [Errno 104] Connection reset by peer

During handling of the above exception, another exception occurred:

Traceback (most recent call last):
  File "/home/airflow/.local/lib/python3.7/site-packages/py4j/java_gateway.py", line 1038, in send_command
    response = connection.send_command(command)
  File "/home/airflow/.local/lib/python3.7/site-packages/py4j/clientserver.py", line 507, in send_command
    "Error while sending", e, proto.ERROR_ON_SEND)
py4j.protocol.Py4JNetworkError: Error while sending
[2025-02-28T12:31:41.286+0000] {clientserver.py:543} INFO - Closing down clientserver connection
[2025-02-28T12:31:41.311+0000] {taskinstance.py:1570} INFO - Exporting env vars: AIRFLOW_CTX_DAG_OWNER='***' AIRFLOW_CTX_DAG_ID='api_to_db_dag' AIRFLOW_CTX_TASK_ID='save_station_details_information' AIRFLOW_CTX_EXECUTION_DATE='2025-02-27T00:00:00+00:00' AIRFLOW_CTX_TRY_NUMBER='1' AIRFLOW_CTX_DAG_RUN_ID='scheduled__2025-02-27T00:00:00+00:00'
[2025-02-28T12:31:41.400+0000] {python.py:183} INFO - Done. Returned value was: /mnt/data/raw/velib_api/station_information/20250228/202502281231.json
[2025-02-28T12:31:41.419+0000] {taskinstance.py:1373} INFO - Marking task as SUCCESS. dag_id=api_to_db_dag, task_id=save_station_details_information, execution_date=20250227T000000, start_date=20250228T123141, end_date=20250228T123141
[2025-02-28T12:31:41.442+0000] {local_task_job_runner.py:232} INFO - Task exited with return code 0
[2025-02-28T12:31:41.467+0000] {taskinstance.py:2674} INFO - 1 downstream tasks scheduled from follow-on schedule check
[2025-02-28T12:38:30.179+0000] {taskinstance.py:1125} INFO - Dependencies all met for dep_context=non-requeueable deps ti=<TaskInstance: api_to_db_dag.save_station_details_information scheduled__2025-02-27T00:00:00+00:00 [queued]>
[2025-02-28T12:38:30.187+0000] {taskinstance.py:1125} INFO - Dependencies all met for dep_context=requeueable deps ti=<TaskInstance: api_to_db_dag.save_station_details_information scheduled__2025-02-27T00:00:00+00:00 [queued]>
[2025-02-28T12:38:30.188+0000] {taskinstance.py:1331} INFO - Starting attempt 1 of 1
[2025-02-28T12:38:30.203+0000] {taskinstance.py:1350} INFO - Executing <Task(PythonOperator): save_station_details_information> on 2025-02-27 00:00:00+00:00
[2025-02-28T12:38:30.211+0000] {clientserver.py:543} INFO - Closing down clientserver connection
[2025-02-28T12:38:30.211+0000] {standard_task_runner.py:57} INFO - Started process 1681 to run task
[2025-02-28T12:38:30.219+0000] {standard_task_runner.py:84} INFO - Running: ['***', 'tasks', 'run', 'api_to_db_dag', 'save_station_details_information', 'scheduled__2025-02-27T00:00:00+00:00', '--job-id', '8', '--raw', '--subdir', 'DAGS_FOLDER/dag.py', '--cfg-path', '/tmp/tmpjfs345r4']
[2025-02-28T12:38:30.221+0000] {standard_task_runner.py:85} INFO - Job 8: Subtask save_station_details_information
[2025-02-28T12:38:30.284+0000] {task_command.py:410} INFO - Running <TaskInstance: api_to_db_dag.save_station_details_information scheduled__2025-02-27T00:00:00+00:00 [running]> on host 654b8dd452f4
[2025-02-28T12:38:30.339+0000] {taskinstance.py:1570} INFO - Exporting env vars: AIRFLOW_CTX_DAG_OWNER='***' AIRFLOW_CTX_DAG_ID='api_to_db_dag' AIRFLOW_CTX_TASK_ID='save_station_details_information' AIRFLOW_CTX_EXECUTION_DATE='2025-02-27T00:00:00+00:00' AIRFLOW_CTX_TRY_NUMBER='1' AIRFLOW_CTX_DAG_RUN_ID='scheduled__2025-02-27T00:00:00+00:00'
[2025-02-28T12:38:30.389+0000] {python.py:183} INFO - Done. Returned value was: /mnt/data/raw/velib_api/station_information/20250228/202502281238.json
[2025-02-28T12:38:30.412+0000] {taskinstance.py:1373} INFO - Marking task as SUCCESS. dag_id=api_to_db_dag, task_id=save_station_details_information, execution_date=20250227T000000, start_date=20250228T123830, end_date=20250228T123830
[2025-02-28T12:38:30.445+0000] {local_task_job_runner.py:232} INFO - Task exited with return code 0
[2025-02-28T12:38:30.465+0000] {taskinstance.py:2674} INFO - 1 downstream tasks scheduled from follow-on schedule check
[2025-02-28T13:00:44.654+0000] {taskinstance.py:1125} INFO - Dependencies all met for dep_context=non-requeueable deps ti=<TaskInstance: api_to_db_dag.save_station_details_information scheduled__2025-02-27T00:00:00+00:00 [queued]>
[2025-02-28T13:00:44.662+0000] {taskinstance.py:1125} INFO - Dependencies all met for dep_context=requeueable deps ti=<TaskInstance: api_to_db_dag.save_station_details_information scheduled__2025-02-27T00:00:00+00:00 [queued]>
[2025-02-28T13:00:44.662+0000] {taskinstance.py:1331} INFO - Starting attempt 1 of 1
[2025-02-28T13:00:44.673+0000] {taskinstance.py:1350} INFO - Executing <Task(PythonOperator): save_station_details_information> on 2025-02-27 00:00:00+00:00
[2025-02-28T13:00:44.676+0000] {standard_task_runner.py:57} INFO - Started process 2158 to run task
[2025-02-28T13:00:44.677+0000] {clientserver.py:543} INFO - Closing down clientserver connection
[2025-02-28T13:00:44.683+0000] {standard_task_runner.py:84} INFO - Running: ['***', 'tasks', 'run', 'api_to_db_dag', 'save_station_details_information', 'scheduled__2025-02-27T00:00:00+00:00', '--job-id', '6', '--raw', '--subdir', 'DAGS_FOLDER/dag.py', '--cfg-path', '/tmp/tmpl3opekv4']
[2025-02-28T13:00:44.684+0000] {standard_task_runner.py:85} INFO - Job 6: Subtask save_station_details_information
[2025-02-28T13:00:44.740+0000] {task_command.py:410} INFO - Running <TaskInstance: api_to_db_dag.save_station_details_information scheduled__2025-02-27T00:00:00+00:00 [running]> on host bedfa72ade93
[2025-02-28T13:00:44.798+0000] {taskinstance.py:1570} INFO - Exporting env vars: AIRFLOW_CTX_DAG_OWNER='***' AIRFLOW_CTX_DAG_ID='api_to_db_dag' AIRFLOW_CTX_TASK_ID='save_station_details_information' AIRFLOW_CTX_EXECUTION_DATE='2025-02-27T00:00:00+00:00' AIRFLOW_CTX_TRY_NUMBER='1' AIRFLOW_CTX_DAG_RUN_ID='scheduled__2025-02-27T00:00:00+00:00'
[2025-02-28T13:00:44.854+0000] {python.py:183} INFO - Done. Returned value was: /mnt/data/raw/velib_api/station_information/20250228/202502281300.json
[2025-02-28T13:00:44.866+0000] {taskinstance.py:1373} INFO - Marking task as SUCCESS. dag_id=api_to_db_dag, task_id=save_station_details_information, execution_date=20250227T000000, start_date=20250228T130044, end_date=20250228T130044
[2025-02-28T13:00:44.899+0000] {local_task_job_runner.py:232} INFO - Task exited with return code 0
[2025-02-28T13:00:44.917+0000] {taskinstance.py:2674} INFO - 1 downstream tasks scheduled from follow-on schedule check
[2025-02-28T13:24:10.179+0000] {taskinstance.py:1125} INFO - Dependencies all met for dep_context=non-requeueable deps ti=<TaskInstance: api_to_db_dag.save_station_details_information scheduled__2025-02-27T00:00:00+00:00 [queued]>
[2025-02-28T13:24:10.186+0000] {taskinstance.py:1125} INFO - Dependencies all met for dep_context=requeueable deps ti=<TaskInstance: api_to_db_dag.save_station_details_information scheduled__2025-02-27T00:00:00+00:00 [queued]>
[2025-02-28T13:24:10.186+0000] {taskinstance.py:1331} INFO - Starting attempt 1 of 1
[2025-02-28T13:24:10.197+0000] {taskinstance.py:1350} INFO - Executing <Task(PythonOperator): save_station_details_information> on 2025-02-27 00:00:00+00:00
[2025-02-28T13:24:10.201+0000] {standard_task_runner.py:57} INFO - Started process 1549 to run task
[2025-02-28T13:24:10.202+0000] {clientserver.py:543} INFO - Closing down clientserver connection
[2025-02-28T13:24:10.208+0000] {standard_task_runner.py:84} INFO - Running: ['***', 'tasks', 'run', 'api_to_db_dag', 'save_station_details_information', 'scheduled__2025-02-27T00:00:00+00:00', '--job-id', '8', '--raw', '--subdir', 'DAGS_FOLDER/dag.py', '--cfg-path', '/tmp/tmpt2d2i5bk']
[2025-02-28T13:24:10.211+0000] {standard_task_runner.py:85} INFO - Job 8: Subtask save_station_details_information
[2025-02-28T13:24:10.252+0000] {task_command.py:410} INFO - Running <TaskInstance: api_to_db_dag.save_station_details_information scheduled__2025-02-27T00:00:00+00:00 [running]> on host 1c784c6426d5
[2025-02-28T13:24:10.325+0000] {taskinstance.py:1570} INFO - Exporting env vars: AIRFLOW_CTX_DAG_OWNER='***' AIRFLOW_CTX_DAG_ID='api_to_db_dag' AIRFLOW_CTX_TASK_ID='save_station_details_information' AIRFLOW_CTX_EXECUTION_DATE='2025-02-27T00:00:00+00:00' AIRFLOW_CTX_TRY_NUMBER='1' AIRFLOW_CTX_DAG_RUN_ID='scheduled__2025-02-27T00:00:00+00:00'
[2025-02-28T13:24:10.391+0000] {python.py:183} INFO - Done. Returned value was: /mnt/data/raw/velib_api/station_information/20250228/202502281324.json
[2025-02-28T13:24:10.406+0000] {taskinstance.py:1373} INFO - Marking task as SUCCESS. dag_id=api_to_db_dag, task_id=save_station_details_information, execution_date=20250227T000000, start_date=20250228T132410, end_date=20250228T132410
[2025-02-28T13:24:10.427+0000] {local_task_job_runner.py:232} INFO - Task exited with return code 0
[2025-02-28T13:24:10.448+0000] {taskinstance.py:2674} INFO - 1 downstream tasks scheduled from follow-on schedule check
[2025-02-28T14:13:51.627+0000] {taskinstance.py:1125} INFO - Dependencies all met for dep_context=non-requeueable deps ti=<TaskInstance: api_to_db_dag.save_station_details_information scheduled__2025-02-27T00:00:00+00:00 [queued]>
[2025-02-28T14:13:51.653+0000] {taskinstance.py:1125} INFO - Dependencies all met for dep_context=requeueable deps ti=<TaskInstance: api_to_db_dag.save_station_details_information scheduled__2025-02-27T00:00:00+00:00 [queued]>
[2025-02-28T14:13:51.653+0000] {taskinstance.py:1331} INFO - Starting attempt 1 of 1
[2025-02-28T14:13:51.668+0000] {taskinstance.py:1350} INFO - Executing <Task(PythonOperator): save_station_details_information> on 2025-02-27 00:00:00+00:00
[2025-02-28T14:13:51.677+0000] {standard_task_runner.py:57} INFO - Started process 1988 to run task
[2025-02-28T14:13:51.678+0000] {clientserver.py:543} INFO - Closing down clientserver connection
[2025-02-28T14:13:51.691+0000] {standard_task_runner.py:84} INFO - Running: ['***', 'tasks', 'run', 'api_to_db_dag', 'save_station_details_information', 'scheduled__2025-02-27T00:00:00+00:00', '--job-id', '6', '--raw', '--subdir', 'DAGS_FOLDER/dag.py', '--cfg-path', '/tmp/tmp8v6zcday']
[2025-02-28T14:13:51.693+0000] {standard_task_runner.py:85} INFO - Job 6: Subtask save_station_details_information
[2025-02-28T14:13:51.765+0000] {task_command.py:410} INFO - Running <TaskInstance: api_to_db_dag.save_station_details_information scheduled__2025-02-27T00:00:00+00:00 [running]> on host 2e469bce1432
[2025-02-28T14:13:51.766+0000] {clientserver.py:505} INFO - Error while sending or receiving.
Traceback (most recent call last):
  File "/home/airflow/.local/lib/python3.7/site-packages/py4j/clientserver.py", line 503, in send_command
    self.socket.sendall(command.encode("utf-8"))
ConnectionResetError: [Errno 104] Connection reset by peer
[2025-02-28T14:13:51.769+0000] {clientserver.py:543} INFO - Closing down clientserver connection
[2025-02-28T14:13:51.770+0000] {java_gateway.py:1052} INFO - Exception while sending command.
Traceback (most recent call last):
  File "/home/airflow/.local/lib/python3.7/site-packages/py4j/clientserver.py", line 503, in send_command
    self.socket.sendall(command.encode("utf-8"))
ConnectionResetError: [Errno 104] Connection reset by peer

During handling of the above exception, another exception occurred:

Traceback (most recent call last):
  File "/home/airflow/.local/lib/python3.7/site-packages/py4j/java_gateway.py", line 1038, in send_command
    response = connection.send_command(command)
  File "/home/airflow/.local/lib/python3.7/site-packages/py4j/clientserver.py", line 507, in send_command
    "Error while sending", e, proto.ERROR_ON_SEND)
py4j.protocol.Py4JNetworkError: Error while sending
[2025-02-28T14:13:51.775+0000] {clientserver.py:543} INFO - Closing down clientserver connection
[2025-02-28T14:13:51.837+0000] {taskinstance.py:1570} INFO - Exporting env vars: AIRFLOW_CTX_DAG_OWNER='***' AIRFLOW_CTX_DAG_ID='api_to_db_dag' AIRFLOW_CTX_TASK_ID='save_station_details_information' AIRFLOW_CTX_EXECUTION_DATE='2025-02-27T00:00:00+00:00' AIRFLOW_CTX_TRY_NUMBER='1' AIRFLOW_CTX_DAG_RUN_ID='scheduled__2025-02-27T00:00:00+00:00'
[2025-02-28T14:13:51.915+0000] {python.py:183} INFO - Done. Returned value was: /mnt/data/raw/velib_api/station_information/20250228/202502281413.json
[2025-02-28T14:13:51.943+0000] {taskinstance.py:1373} INFO - Marking task as SUCCESS. dag_id=api_to_db_dag, task_id=save_station_details_information, execution_date=20250227T000000, start_date=20250228T141351, end_date=20250228T141351
[2025-02-28T14:13:51.983+0000] {local_task_job_runner.py:232} INFO - Task exited with return code 0
[2025-02-28T14:13:52.022+0000] {taskinstance.py:2674} INFO - 1 downstream tasks scheduled from follow-on schedule check
