[2025-02-27T15:53:07.783+0000] {taskinstance.py:1125} INFO - Dependencies all met for dep_context=non-requeueable deps ti=<TaskInstance: api_to_db_dag.create_station_informations_table manual__2025-02-27T15:53:06.656909+00:00 [queued]>
[2025-02-27T15:53:07.789+0000] {taskinstance.py:1125} INFO - Dependencies all met for dep_context=requeueable deps ti=<TaskInstance: api_to_db_dag.create_station_informations_table manual__2025-02-27T15:53:06.656909+00:00 [queued]>
[2025-02-27T15:53:07.789+0000] {taskinstance.py:1331} INFO - Starting attempt 1 of 1
[2025-02-27T15:53:07.798+0000] {taskinstance.py:1350} INFO - Executing <Task(PostgresOperator): create_station_informations_table> on 2025-02-27 15:53:06.656909+00:00
[2025-02-27T15:53:07.803+0000] {standard_task_runner.py:57} INFO - Started process 179 to run task
[2025-02-27T15:53:07.807+0000] {standard_task_runner.py:84} INFO - Running: ['***', 'tasks', 'run', 'api_to_db_dag', 'create_station_informations_table', 'manual__2025-02-27T15:53:06.656909+00:00', '--job-id', '4', '--raw', '--subdir', 'DAGS_FOLDER/dag.py', '--cfg-path', '/tmp/tmpt7s4riy9']
[2025-02-27T15:53:07.810+0000] {standard_task_runner.py:85} INFO - Job 4: Subtask create_station_informations_table
[2025-02-27T15:53:07.861+0000] {task_command.py:410} INFO - Running <TaskInstance: api_to_db_dag.create_station_informations_table manual__2025-02-27T15:53:06.656909+00:00 [running]> on host f5aed095ee09
[2025-02-27T15:53:07.926+0000] {taskinstance.py:1570} INFO - Exporting env vars: AIRFLOW_CTX_DAG_OWNER='***' AIRFLOW_CTX_DAG_ID='api_to_db_dag' AIRFLOW_CTX_TASK_ID='create_station_informations_table' AIRFLOW_CTX_EXECUTION_DATE='2025-02-27T15:53:06.656909+00:00' AIRFLOW_CTX_TRY_NUMBER='1' AIRFLOW_CTX_DAG_RUN_ID='manual__2025-02-27T15:53:06.656909+00:00'
[2025-02-27T15:53:07.926+0000] {sql.py:262} INFO - Executing: 
        
        CREATE TABLE IF NOT EXISTS public.velib_station_details (
                station_id BIGINT PRIMARY KEY,
                capacity INT,
                lat DOUBLE PRECISION,
                lon DOUBLE PRECISION,
                name VARCHAR(255)
            );

        
[2025-02-27T15:53:07.933+0000] {base.py:73} INFO - Using connection ID 'postgres_default' for task execution.
[2025-02-27T15:53:08.054+0000] {base.py:73} INFO - Using connection ID 'postgres_default' for task execution.
[2025-02-27T15:53:08.059+0000] {sql.py:375} INFO - Running statement: 
        
        CREATE TABLE IF NOT EXISTS public.velib_station_details (
                station_id BIGINT PRIMARY KEY,
                capacity INT,
                lat DOUBLE PRECISION,
                lon DOUBLE PRECISION,
                name VARCHAR(255)
            );

        , parameters: None
[2025-02-27T15:53:08.070+0000] {taskinstance.py:1847} ERROR - Task failed with exception
Traceback (most recent call last):
  File "/home/airflow/.local/lib/python3.7/site-packages/airflow/providers/common/sql/operators/sql.py", line 274, in execute
    **extra_kwargs,
  File "/home/airflow/.local/lib/python3.7/site-packages/airflow/providers/common/sql/hooks/sql.py", line 349, in run
    self._run_command(cur, sql_statement, parameters)
  File "/home/airflow/.local/lib/python3.7/site-packages/airflow/providers/common/sql/hooks/sql.py", line 380, in _run_command
    cur.execute(sql_statement)
psycopg2.errors.UniqueViolation: duplicate key value violates unique constraint "pg_type_typname_nsp_index"
DETAIL:  Key (typname, typnamespace)=(velib_station_details, 2200) already exists.

[2025-02-27T15:53:08.078+0000] {taskinstance.py:1373} INFO - Marking task as FAILED. dag_id=api_to_db_dag, task_id=create_station_informations_table, execution_date=20250227T155306, start_date=20250227T155307, end_date=20250227T155308
[2025-02-27T15:53:08.087+0000] {standard_task_runner.py:109} ERROR - Failed to execute job 4 for task create_station_informations_table (duplicate key value violates unique constraint "pg_type_typname_nsp_index"
DETAIL:  Key (typname, typnamespace)=(velib_station_details, 2200) already exists.
; 179)
[2025-02-27T15:53:08.111+0000] {local_task_job_runner.py:232} INFO - Task exited with return code 1
[2025-02-27T15:53:08.127+0000] {taskinstance.py:2674} INFO - 0 downstream tasks scheduled from follow-on schedule check
