[2025-02-26T20:55:40.927+0000] {taskinstance.py:1087} INFO - Dependencies all met for <TaskInstance: api_to_db_dag.create_station_informations_table manual__2025-02-26T20:55:40.044669+00:00 [queued]>
[2025-02-26T20:55:40.932+0000] {taskinstance.py:1087} INFO - Dependencies all met for <TaskInstance: api_to_db_dag.create_station_informations_table manual__2025-02-26T20:55:40.044669+00:00 [queued]>
[2025-02-26T20:55:40.932+0000] {taskinstance.py:1283} INFO - 
--------------------------------------------------------------------------------
[2025-02-26T20:55:40.932+0000] {taskinstance.py:1284} INFO - Starting attempt 1 of 1
[2025-02-26T20:55:40.932+0000] {taskinstance.py:1285} INFO - 
--------------------------------------------------------------------------------
[2025-02-26T20:55:40.938+0000] {taskinstance.py:1304} INFO - Executing <Task(PostgresOperator): create_station_informations_table> on 2025-02-26 20:55:40.044669+00:00
[2025-02-26T20:55:40.941+0000] {standard_task_runner.py:55} INFO - Started process 185 to run task
[2025-02-26T20:55:40.943+0000] {standard_task_runner.py:82} INFO - Running: ['***', 'tasks', 'run', 'api_to_db_dag', 'create_station_informations_table', 'manual__2025-02-26T20:55:40.044669+00:00', '--job-id', '4', '--raw', '--subdir', 'DAGS_FOLDER/dag.py', '--cfg-path', '/tmp/tmp7ipw3rb8']
[2025-02-26T20:55:40.945+0000] {standard_task_runner.py:83} INFO - Job 4: Subtask create_station_informations_table
[2025-02-26T20:55:40.976+0000] {task_command.py:389} INFO - Running <TaskInstance: api_to_db_dag.create_station_informations_table manual__2025-02-26T20:55:40.044669+00:00 [running]> on host c6275f5db567
[2025-02-26T20:55:41.011+0000] {taskinstance.py:1513} INFO - Exporting the following env vars:
AIRFLOW_CTX_DAG_OWNER=***
AIRFLOW_CTX_DAG_ID=api_to_db_dag
AIRFLOW_CTX_TASK_ID=create_station_informations_table
AIRFLOW_CTX_EXECUTION_DATE=2025-02-26T20:55:40.044669+00:00
AIRFLOW_CTX_TRY_NUMBER=1
AIRFLOW_CTX_DAG_RUN_ID=manual__2025-02-26T20:55:40.044669+00:00
[2025-02-26T20:55:41.011+0000] {sql.py:253} INFO - Executing: 
            CREATE TABLE IF NOT EXISTS velib_station_details (
            station_id BIGINT PRIMARY KEY, 
            capacity INT,                   
            lat DOUBLE PRECISION,          
            lon DOUBLE PRECISION,           
            name VARCHAR(255)               
        );
        
[2025-02-26T20:55:41.016+0000] {base.py:73} INFO - Using connection ID 'postgres_default' for task execution.
[2025-02-26T20:55:41.106+0000] {base.py:73} INFO - Using connection ID 'postgres_default' for task execution.
[2025-02-26T20:55:41.107+0000] {sql.py:364} INFO - Running statement: 
            CREATE TABLE IF NOT EXISTS velib_station_details (
            station_id BIGINT PRIMARY KEY, 
            capacity INT,                   
            lat DOUBLE PRECISION,          
            lon DOUBLE PRECISION,           
            name VARCHAR(255)               
        );
        , parameters: None
[2025-02-26T20:55:41.114+0000] {taskinstance.py:1327} INFO - Marking task as SUCCESS. dag_id=api_to_db_dag, task_id=create_station_informations_table, execution_date=20250226T205540, start_date=20250226T205540, end_date=20250226T205541
[2025-02-26T20:55:41.124+0000] {local_task_job.py:159} INFO - Task exited with return code 0
[2025-02-26T20:55:41.140+0000] {taskinstance.py:2582} INFO - 1 downstream tasks scheduled from follow-on schedule check
