[2025-02-27T12:41:18.831+0000] {taskinstance.py:1125} INFO - Dependencies all met for dep_context=non-requeueable deps ti=<TaskInstance: api_to_db_dag.create_station_informations_table manual__2025-02-27T12:41:18.133298+00:00 [queued]>
[2025-02-27T12:41:18.838+0000] {taskinstance.py:1125} INFO - Dependencies all met for dep_context=requeueable deps ti=<TaskInstance: api_to_db_dag.create_station_informations_table manual__2025-02-27T12:41:18.133298+00:00 [queued]>
[2025-02-27T12:41:18.839+0000] {taskinstance.py:1331} INFO - Starting attempt 1 of 1
[2025-02-27T12:41:18.849+0000] {taskinstance.py:1350} INFO - Executing <Task(PostgresOperator): create_station_informations_table> on 2025-02-27 12:41:18.133298+00:00
[2025-02-27T12:41:18.853+0000] {standard_task_runner.py:57} INFO - Started process 177 to run task
[2025-02-27T12:41:18.855+0000] {standard_task_runner.py:84} INFO - Running: ['***', 'tasks', 'run', 'api_to_db_dag', 'create_station_informations_table', 'manual__2025-02-27T12:41:18.133298+00:00', '--job-id', '2', '--raw', '--subdir', 'DAGS_FOLDER/dag.py', '--cfg-path', '/tmp/tmp9bhg254b']
[2025-02-27T12:41:18.857+0000] {standard_task_runner.py:85} INFO - Job 2: Subtask create_station_informations_table
[2025-02-27T12:41:18.912+0000] {task_command.py:410} INFO - Running <TaskInstance: api_to_db_dag.create_station_informations_table manual__2025-02-27T12:41:18.133298+00:00 [running]> on host 94f4382ac0ba
[2025-02-27T12:41:18.979+0000] {taskinstance.py:1570} INFO - Exporting env vars: AIRFLOW_CTX_DAG_OWNER='***' AIRFLOW_CTX_DAG_ID='api_to_db_dag' AIRFLOW_CTX_TASK_ID='create_station_informations_table' AIRFLOW_CTX_EXECUTION_DATE='2025-02-27T12:41:18.133298+00:00' AIRFLOW_CTX_TRY_NUMBER='1' AIRFLOW_CTX_DAG_RUN_ID='manual__2025-02-27T12:41:18.133298+00:00'
[2025-02-27T12:41:18.980+0000] {sql.py:262} INFO - Executing: 
        DO $$
        BEGIN
            IF NOT EXISTS (
                SELECT 1 FROM information_schema.tables 
                WHERE table_schema = 'public' AND table_name = 'velib_station_details'
            ) THEN
                CREATE TABLE velib_station_details (
                    station_id BIGINT PRIMARY KEY, 
                    capacity INT,                   
                    lat DOUBLE PRECISION,          
                    lon DOUBLE PRECISION,           
                    name VARCHAR(255)
                );
            END IF;
        END
        $$;
    
[2025-02-27T12:41:18.985+0000] {base.py:73} INFO - Using connection ID 'postgres_default' for task execution.
[2025-02-27T12:41:19.124+0000] {base.py:73} INFO - Using connection ID 'postgres_default' for task execution.
[2025-02-27T12:41:19.126+0000] {sql.py:375} INFO - Running statement: 
        DO $$
        BEGIN
            IF NOT EXISTS (
                SELECT 1 FROM information_schema.tables 
                WHERE table_schema = 'public' AND table_name = 'velib_station_details'
            ) THEN
                CREATE TABLE velib_station_details (
                    station_id BIGINT PRIMARY KEY, 
                    capacity INT,                   
                    lat DOUBLE PRECISION,          
                    lon DOUBLE PRECISION,           
                    name VARCHAR(255)
                );
            END IF;
        END
        $$;
    , parameters: None
[2025-02-27T12:41:19.140+0000] {taskinstance.py:1373} INFO - Marking task as SUCCESS. dag_id=api_to_db_dag, task_id=create_station_informations_table, execution_date=20250227T124118, start_date=20250227T124118, end_date=20250227T124119
[2025-02-27T12:41:19.160+0000] {local_task_job_runner.py:232} INFO - Task exited with return code 0
[2025-02-27T12:41:19.189+0000] {taskinstance.py:2674} INFO - 1 downstream tasks scheduled from follow-on schedule check
