[2025-02-27T14:03:48.040+0000] {taskinstance.py:1125} INFO - Dependencies all met for dep_context=non-requeueable deps ti=<TaskInstance: api_to_db_dag.spark_join_task manual__2025-02-27T14:03:44.472134+00:00 [queued]>
[2025-02-27T14:03:48.047+0000] {taskinstance.py:1125} INFO - Dependencies all met for dep_context=requeueable deps ti=<TaskInstance: api_to_db_dag.spark_join_task manual__2025-02-27T14:03:44.472134+00:00 [queued]>
[2025-02-27T14:03:48.047+0000] {taskinstance.py:1331} INFO - Starting attempt 1 of 1
[2025-02-27T14:03:48.055+0000] {taskinstance.py:1350} INFO - Executing <Task(SparkSubmitOperator): spark_join_task> on 2025-02-27 14:03:44.472134+00:00
[2025-02-27T14:03:48.058+0000] {standard_task_runner.py:57} INFO - Started process 199 to run task
[2025-02-27T14:03:48.060+0000] {standard_task_runner.py:84} INFO - Running: ['***', 'tasks', 'run', 'api_to_db_dag', 'spark_join_task', 'manual__2025-02-27T14:03:44.472134+00:00', '--job-id', '12', '--raw', '--subdir', 'DAGS_FOLDER/dag.py', '--cfg-path', '/tmp/tmpjkebqdww']
[2025-02-27T14:03:48.061+0000] {standard_task_runner.py:85} INFO - Job 12: Subtask spark_join_task
[2025-02-27T14:03:48.092+0000] {task_command.py:410} INFO - Running <TaskInstance: api_to_db_dag.spark_join_task manual__2025-02-27T14:03:44.472134+00:00 [running]> on host 5b8533a39e96
[2025-02-27T14:03:48.134+0000] {taskinstance.py:1570} INFO - Exporting env vars: AIRFLOW_CTX_DAG_OWNER='***' AIRFLOW_CTX_DAG_ID='api_to_db_dag' AIRFLOW_CTX_TASK_ID='spark_join_task' AIRFLOW_CTX_EXECUTION_DATE='2025-02-27T14:03:44.472134+00:00' AIRFLOW_CTX_TRY_NUMBER='1' AIRFLOW_CTX_DAG_RUN_ID='manual__2025-02-27T14:03:44.472134+00:00'
[2025-02-27T14:03:48.139+0000] {base.py:73} INFO - Using connection ID 'spark_default' for task execution.
[2025-02-27T14:03:48.139+0000] {spark_submit.py:339} INFO - Spark-Submit cmd: spark-submit --master spark-master:7077 --conf spark.master=spark://spark-master:7077 --name spark_join --verbose /opt/***/dags/spark_join.py
[2025-02-27T14:03:49.048+0000] {spark_submit.py:490} INFO - Using properties file: null
[2025-02-27T14:03:49.103+0000] {spark_submit.py:490} INFO - Parsed arguments:
[2025-02-27T14:03:49.105+0000] {spark_submit.py:490} INFO - master                  spark-master:7077
[2025-02-27T14:03:49.105+0000] {spark_submit.py:490} INFO - remote                  null
[2025-02-27T14:03:49.105+0000] {spark_submit.py:490} INFO - deployMode              null
[2025-02-27T14:03:49.105+0000] {spark_submit.py:490} INFO - executorMemory          null
[2025-02-27T14:03:49.105+0000] {spark_submit.py:490} INFO - executorCores           null
[2025-02-27T14:03:49.105+0000] {spark_submit.py:490} INFO - totalExecutorCores      null
[2025-02-27T14:03:49.105+0000] {spark_submit.py:490} INFO - propertiesFile          null
[2025-02-27T14:03:49.105+0000] {spark_submit.py:490} INFO - driverMemory            null
[2025-02-27T14:03:49.106+0000] {spark_submit.py:490} INFO - driverCores             null
[2025-02-27T14:03:49.106+0000] {spark_submit.py:490} INFO - driverExtraClassPath    null
[2025-02-27T14:03:49.106+0000] {spark_submit.py:490} INFO - driverExtraLibraryPath  null
[2025-02-27T14:03:49.106+0000] {spark_submit.py:490} INFO - driverExtraJavaOptions  null
[2025-02-27T14:03:49.106+0000] {spark_submit.py:490} INFO - supervise               false
[2025-02-27T14:03:49.106+0000] {spark_submit.py:490} INFO - queue                   null
[2025-02-27T14:03:49.106+0000] {spark_submit.py:490} INFO - numExecutors            null
[2025-02-27T14:03:49.106+0000] {spark_submit.py:490} INFO - files                   null
[2025-02-27T14:03:49.106+0000] {spark_submit.py:490} INFO - pyFiles                 null
[2025-02-27T14:03:49.106+0000] {spark_submit.py:490} INFO - archives                null
[2025-02-27T14:03:49.106+0000] {spark_submit.py:490} INFO - mainClass               null
[2025-02-27T14:03:49.106+0000] {spark_submit.py:490} INFO - primaryResource         file:/opt/***/dags/spark_join.py
[2025-02-27T14:03:49.106+0000] {spark_submit.py:490} INFO - name                    spark_join
[2025-02-27T14:03:49.106+0000] {spark_submit.py:490} INFO - childArgs               []
[2025-02-27T14:03:49.107+0000] {spark_submit.py:490} INFO - jars                    null
[2025-02-27T14:03:49.107+0000] {spark_submit.py:490} INFO - packages                null
[2025-02-27T14:03:49.107+0000] {spark_submit.py:490} INFO - packagesExclusions      null
[2025-02-27T14:03:49.107+0000] {spark_submit.py:490} INFO - repositories            null
[2025-02-27T14:03:49.107+0000] {spark_submit.py:490} INFO - verbose                 true
[2025-02-27T14:03:49.107+0000] {spark_submit.py:490} INFO - 
[2025-02-27T14:03:49.107+0000] {spark_submit.py:490} INFO - Spark properties used, including those specified through
[2025-02-27T14:03:49.107+0000] {spark_submit.py:490} INFO - --conf and those from the properties file null:
[2025-02-27T14:03:49.107+0000] {spark_submit.py:490} INFO - (spark.master,spark://spark-master:7077)
[2025-02-27T14:03:49.107+0000] {spark_submit.py:490} INFO - 
[2025-02-27T14:03:49.107+0000] {spark_submit.py:490} INFO - 
[2025-02-27T14:03:49.250+0000] {spark_submit.py:490} INFO - Main class:
[2025-02-27T14:03:49.251+0000] {spark_submit.py:490} INFO - org.apache.spark.deploy.PythonRunner
[2025-02-27T14:03:49.251+0000] {spark_submit.py:490} INFO - Arguments:
[2025-02-27T14:03:49.251+0000] {spark_submit.py:490} INFO - file:/opt/***/dags/spark_join.py
[2025-02-27T14:03:49.251+0000] {spark_submit.py:490} INFO - null
[2025-02-27T14:03:49.252+0000] {spark_submit.py:490} INFO - Spark config:
[2025-02-27T14:03:49.252+0000] {spark_submit.py:490} INFO - (spark.app.name,spark_join)
[2025-02-27T14:03:49.252+0000] {spark_submit.py:490} INFO - (spark.app.submitTime,1740665029242)
[2025-02-27T14:03:49.252+0000] {spark_submit.py:490} INFO - (spark.master,spark-master:7077)
[2025-02-27T14:03:49.252+0000] {spark_submit.py:490} INFO - (spark.submit.deployMode,client)
[2025-02-27T14:03:49.252+0000] {spark_submit.py:490} INFO - (spark.submit.pyFiles,)
[2025-02-27T14:03:49.252+0000] {spark_submit.py:490} INFO - Classpath elements:
[2025-02-27T14:03:49.252+0000] {spark_submit.py:490} INFO - 
[2025-02-27T14:03:49.252+0000] {spark_submit.py:490} INFO - 
[2025-02-27T14:03:49.252+0000] {spark_submit.py:490} INFO - 
[2025-02-27T14:03:49.889+0000] {spark_submit.py:490} INFO - 25/02/27 14:03:49 INFO SparkContext: Running Spark version 3.4.4
[2025-02-27T14:03:49.927+0000] {spark_submit.py:490} INFO - 25/02/27 14:03:49 WARN NativeCodeLoader: Unable to load native-hadoop library for your platform... using builtin-java classes where applicable
[2025-02-27T14:03:50.000+0000] {spark_submit.py:490} INFO - 25/02/27 14:03:49 INFO ResourceUtils: ==============================================================
[2025-02-27T14:03:50.000+0000] {spark_submit.py:490} INFO - 25/02/27 14:03:49 INFO ResourceUtils: No custom resources configured for spark.driver.
[2025-02-27T14:03:50.000+0000] {spark_submit.py:490} INFO - 25/02/27 14:03:49 INFO ResourceUtils: ==============================================================
[2025-02-27T14:03:50.000+0000] {spark_submit.py:490} INFO - 25/02/27 14:03:50 INFO SparkContext: Submitted application: JoinVelibTables
[2025-02-27T14:03:50.013+0000] {spark_submit.py:490} INFO - 25/02/27 14:03:50 INFO ResourceProfile: Default ResourceProfile created, executor resources: Map(cores -> name: cores, amount: 1, script: , vendor: , memory -> name: memory, amount: 1024, script: , vendor: , offHeap -> name: offHeap, amount: 0, script: , vendor: ), task resources: Map(cpus -> name: cpus, amount: 1.0)
[2025-02-27T14:03:50.019+0000] {spark_submit.py:490} INFO - 25/02/27 14:03:50 INFO ResourceProfile: Limiting resource is cpu
[2025-02-27T14:03:50.019+0000] {spark_submit.py:490} INFO - 25/02/27 14:03:50 INFO ResourceProfileManager: Added ResourceProfile id: 0
[2025-02-27T14:03:50.047+0000] {spark_submit.py:490} INFO - 25/02/27 14:03:50 INFO SecurityManager: Changing view acls to: ***
[2025-02-27T14:03:50.048+0000] {spark_submit.py:490} INFO - 25/02/27 14:03:50 INFO SecurityManager: Changing modify acls to: ***
[2025-02-27T14:03:50.048+0000] {spark_submit.py:490} INFO - 25/02/27 14:03:50 INFO SecurityManager: Changing view acls groups to:
[2025-02-27T14:03:50.048+0000] {spark_submit.py:490} INFO - 25/02/27 14:03:50 INFO SecurityManager: Changing modify acls groups to:
[2025-02-27T14:03:50.048+0000] {spark_submit.py:490} INFO - 25/02/27 14:03:50 INFO SecurityManager: SecurityManager: authentication disabled; ui acls disabled; users with view permissions: ***; groups with view permissions: EMPTY; users with modify permissions: ***; groups with modify permissions: EMPTY
[2025-02-27T14:03:50.169+0000] {spark_submit.py:490} INFO - 25/02/27 14:03:50 INFO Utils: Successfully started service 'sparkDriver' on port 38331.
[2025-02-27T14:03:50.185+0000] {spark_submit.py:490} INFO - 25/02/27 14:03:50 INFO SparkEnv: Registering MapOutputTracker
[2025-02-27T14:03:50.206+0000] {spark_submit.py:490} INFO - 25/02/27 14:03:50 INFO SparkEnv: Registering BlockManagerMaster
[2025-02-27T14:03:50.217+0000] {spark_submit.py:490} INFO - 25/02/27 14:03:50 INFO BlockManagerMasterEndpoint: Using org.apache.spark.storage.DefaultTopologyMapper for getting topology information
[2025-02-27T14:03:50.217+0000] {spark_submit.py:490} INFO - 25/02/27 14:03:50 INFO BlockManagerMasterEndpoint: BlockManagerMasterEndpoint up
[2025-02-27T14:03:50.219+0000] {spark_submit.py:490} INFO - 25/02/27 14:03:50 INFO SparkEnv: Registering BlockManagerMasterHeartbeat
[2025-02-27T14:03:50.233+0000] {spark_submit.py:490} INFO - 25/02/27 14:03:50 INFO DiskBlockManager: Created local directory at /tmp/blockmgr-9fb83dbb-4e03-4530-8b18-e9620fe25c34
[2025-02-27T14:03:50.242+0000] {spark_submit.py:490} INFO - 25/02/27 14:03:50 INFO MemoryStore: MemoryStore started with capacity 434.4 MiB
[2025-02-27T14:03:50.249+0000] {spark_submit.py:490} INFO - 25/02/27 14:03:50 INFO SparkEnv: Registering OutputCommitCoordinator
[2025-02-27T14:03:50.320+0000] {spark_submit.py:490} INFO - 25/02/27 14:03:50 INFO JettyUtils: Start Jetty 0.0.0.0:4040 for SparkUI
[2025-02-27T14:03:50.352+0000] {spark_submit.py:490} INFO - 25/02/27 14:03:50 INFO Utils: Successfully started service 'SparkUI' on port 4040.
[2025-02-27T14:03:50.378+0000] {spark_submit.py:490} INFO - 25/02/27 14:03:50 ERROR SparkContext: Error initializing SparkContext.
[2025-02-27T14:03:50.378+0000] {spark_submit.py:490} INFO - org.apache.spark.SparkException: Could not parse Master URL: 'spark-master:7077'
[2025-02-27T14:03:50.378+0000] {spark_submit.py:490} INFO - at org.apache.spark.SparkContext$.org$apache$spark$SparkContext$$createTaskScheduler(SparkContext.scala:3028)
[2025-02-27T14:03:50.378+0000] {spark_submit.py:490} INFO - at org.apache.spark.SparkContext.<init>(SparkContext.scala:563)
[2025-02-27T14:03:50.378+0000] {spark_submit.py:490} INFO - at org.apache.spark.api.java.JavaSparkContext.<init>(JavaSparkContext.scala:58)
[2025-02-27T14:03:50.378+0000] {spark_submit.py:490} INFO - at java.base/jdk.internal.reflect.NativeConstructorAccessorImpl.newInstance0(Native Method)
[2025-02-27T14:03:50.378+0000] {spark_submit.py:490} INFO - at java.base/jdk.internal.reflect.NativeConstructorAccessorImpl.newInstance(NativeConstructorAccessorImpl.java:62)
[2025-02-27T14:03:50.378+0000] {spark_submit.py:490} INFO - at java.base/jdk.internal.reflect.DelegatingConstructorAccessorImpl.newInstance(DelegatingConstructorAccessorImpl.java:45)
[2025-02-27T14:03:50.378+0000] {spark_submit.py:490} INFO - at java.base/java.lang.reflect.Constructor.newInstance(Constructor.java:490)
[2025-02-27T14:03:50.378+0000] {spark_submit.py:490} INFO - at py4j.reflection.MethodInvoker.invoke(MethodInvoker.java:247)
[2025-02-27T14:03:50.379+0000] {spark_submit.py:490} INFO - at py4j.reflection.ReflectionEngine.invoke(ReflectionEngine.java:374)
[2025-02-27T14:03:50.379+0000] {spark_submit.py:490} INFO - at py4j.Gateway.invoke(Gateway.java:238)
[2025-02-27T14:03:50.379+0000] {spark_submit.py:490} INFO - at py4j.commands.ConstructorCommand.invokeConstructor(ConstructorCommand.java:80)
[2025-02-27T14:03:50.379+0000] {spark_submit.py:490} INFO - at py4j.commands.ConstructorCommand.execute(ConstructorCommand.java:69)
[2025-02-27T14:03:50.379+0000] {spark_submit.py:490} INFO - at py4j.ClientServerConnection.waitForCommands(ClientServerConnection.java:182)
[2025-02-27T14:03:50.379+0000] {spark_submit.py:490} INFO - at py4j.ClientServerConnection.run(ClientServerConnection.java:106)
[2025-02-27T14:03:50.380+0000] {spark_submit.py:490} INFO - at java.base/java.lang.Thread.run(Thread.java:829)
[2025-02-27T14:03:50.380+0000] {spark_submit.py:490} INFO - 25/02/27 14:03:50 INFO SparkContext: SparkContext is stopping with exitCode 0.
[2025-02-27T14:03:50.385+0000] {spark_submit.py:490} INFO - 25/02/27 14:03:50 INFO SparkUI: Stopped Spark web UI at http://5b8533a39e96:4040
[2025-02-27T14:03:50.397+0000] {spark_submit.py:490} INFO - 25/02/27 14:03:50 INFO MapOutputTrackerMasterEndpoint: MapOutputTrackerMasterEndpoint stopped!
[2025-02-27T14:03:50.403+0000] {spark_submit.py:490} INFO - 25/02/27 14:03:50 INFO MemoryStore: MemoryStore cleared
[2025-02-27T14:03:50.403+0000] {spark_submit.py:490} INFO - 25/02/27 14:03:50 INFO BlockManager: BlockManager stopped
[2025-02-27T14:03:50.407+0000] {spark_submit.py:490} INFO - 25/02/27 14:03:50 INFO BlockManagerMaster: BlockManagerMaster stopped
[2025-02-27T14:03:50.408+0000] {spark_submit.py:490} INFO - 25/02/27 14:03:50 WARN MetricsSystem: Stopping a MetricsSystem that is not running
[2025-02-27T14:03:50.409+0000] {spark_submit.py:490} INFO - 25/02/27 14:03:50 INFO OutputCommitCoordinator$OutputCommitCoordinatorEndpoint: OutputCommitCoordinator stopped!
[2025-02-27T14:03:50.414+0000] {spark_submit.py:490} INFO - 25/02/27 14:03:50 INFO SparkContext: Successfully stopped SparkContext
[2025-02-27T14:03:50.414+0000] {spark_submit.py:490} INFO - Traceback (most recent call last):
[2025-02-27T14:03:50.414+0000] {spark_submit.py:490} INFO - File "/opt/***/dags/spark_join.py", line 29, in <module>
[2025-02-27T14:03:50.414+0000] {spark_submit.py:490} INFO - main()
[2025-02-27T14:03:50.414+0000] {spark_submit.py:490} INFO - File "/opt/***/dags/spark_join.py", line 6, in main
[2025-02-27T14:03:50.415+0000] {spark_submit.py:490} INFO - .appName("JoinVelibTables") \
[2025-02-27T14:03:50.415+0000] {spark_submit.py:490} INFO - File "/home/***/.local/lib/python3.7/site-packages/pyspark/python/lib/pyspark.zip/pyspark/sql/session.py", line 477, in getOrCreate
[2025-02-27T14:03:50.415+0000] {spark_submit.py:490} INFO - File "/home/***/.local/lib/python3.7/site-packages/pyspark/python/lib/pyspark.zip/pyspark/context.py", line 512, in getOrCreate
[2025-02-27T14:03:50.415+0000] {spark_submit.py:490} INFO - File "/home/***/.local/lib/python3.7/site-packages/pyspark/python/lib/pyspark.zip/pyspark/context.py", line 212, in __init__
[2025-02-27T14:03:50.415+0000] {spark_submit.py:490} INFO - File "/home/***/.local/lib/python3.7/site-packages/pyspark/python/lib/pyspark.zip/pyspark/context.py", line 287, in _do_init
[2025-02-27T14:03:50.415+0000] {spark_submit.py:490} INFO - File "/home/***/.local/lib/python3.7/site-packages/pyspark/python/lib/pyspark.zip/pyspark/context.py", line 417, in _initialize_context
[2025-02-27T14:03:50.415+0000] {spark_submit.py:490} INFO - File "/home/***/.local/lib/python3.7/site-packages/pyspark/python/lib/py4j-0.10.9.7-src.zip/py4j/java_gateway.py", line 1588, in __call__
[2025-02-27T14:03:50.416+0000] {spark_submit.py:490} INFO - File "/home/***/.local/lib/python3.7/site-packages/pyspark/python/lib/py4j-0.10.9.7-src.zip/py4j/protocol.py", line 328, in get_return_value
[2025-02-27T14:03:50.416+0000] {spark_submit.py:490} INFO - py4j.protocol.Py4JJavaError: An error occurred while calling None.org.apache.spark.api.java.JavaSparkContext.
[2025-02-27T14:03:50.416+0000] {spark_submit.py:490} INFO - : org.apache.spark.SparkException: Could not parse Master URL: 'spark-master:7077'
[2025-02-27T14:03:50.416+0000] {spark_submit.py:490} INFO - at org.apache.spark.SparkContext$.org$apache$spark$SparkContext$$createTaskScheduler(SparkContext.scala:3028)
[2025-02-27T14:03:50.416+0000] {spark_submit.py:490} INFO - at org.apache.spark.SparkContext.<init>(SparkContext.scala:563)
[2025-02-27T14:03:50.416+0000] {spark_submit.py:490} INFO - at org.apache.spark.api.java.JavaSparkContext.<init>(JavaSparkContext.scala:58)
[2025-02-27T14:03:50.416+0000] {spark_submit.py:490} INFO - at java.base/jdk.internal.reflect.NativeConstructorAccessorImpl.newInstance0(Native Method)
[2025-02-27T14:03:50.417+0000] {spark_submit.py:490} INFO - at java.base/jdk.internal.reflect.NativeConstructorAccessorImpl.newInstance(NativeConstructorAccessorImpl.java:62)
[2025-02-27T14:03:50.417+0000] {spark_submit.py:490} INFO - at java.base/jdk.internal.reflect.DelegatingConstructorAccessorImpl.newInstance(DelegatingConstructorAccessorImpl.java:45)
[2025-02-27T14:03:50.417+0000] {spark_submit.py:490} INFO - at java.base/java.lang.reflect.Constructor.newInstance(Constructor.java:490)
[2025-02-27T14:03:50.417+0000] {spark_submit.py:490} INFO - at py4j.reflection.MethodInvoker.invoke(MethodInvoker.java:247)
[2025-02-27T14:03:50.417+0000] {spark_submit.py:490} INFO - at py4j.reflection.ReflectionEngine.invoke(ReflectionEngine.java:374)
[2025-02-27T14:03:50.417+0000] {spark_submit.py:490} INFO - at py4j.Gateway.invoke(Gateway.java:238)
[2025-02-27T14:03:50.417+0000] {spark_submit.py:490} INFO - at py4j.commands.ConstructorCommand.invokeConstructor(ConstructorCommand.java:80)
[2025-02-27T14:03:50.417+0000] {spark_submit.py:490} INFO - at py4j.commands.ConstructorCommand.execute(ConstructorCommand.java:69)
[2025-02-27T14:03:50.417+0000] {spark_submit.py:490} INFO - at py4j.ClientServerConnection.waitForCommands(ClientServerConnection.java:182)
[2025-02-27T14:03:50.417+0000] {spark_submit.py:490} INFO - at py4j.ClientServerConnection.run(ClientServerConnection.java:106)
[2025-02-27T14:03:50.417+0000] {spark_submit.py:490} INFO - at java.base/java.lang.Thread.run(Thread.java:829)
[2025-02-27T14:03:50.417+0000] {spark_submit.py:490} INFO - 
[2025-02-27T14:03:50.436+0000] {spark_submit.py:490} INFO - 25/02/27 14:03:50 INFO ShutdownHookManager: Shutdown hook called
[2025-02-27T14:03:50.436+0000] {spark_submit.py:490} INFO - 25/02/27 14:03:50 INFO ShutdownHookManager: Deleting directory /tmp/spark-d5698fa5-e4c2-47ef-bac1-22279f107294
[2025-02-27T14:03:50.439+0000] {spark_submit.py:490} INFO - 25/02/27 14:03:50 INFO ShutdownHookManager: Deleting directory /tmp/spark-b7c5e2ca-8f53-48e7-8cfa-05ed02bf82b2
[2025-02-27T14:03:50.476+0000] {taskinstance.py:1847} ERROR - Task failed with exception
Traceback (most recent call last):
  File "/home/airflow/.local/lib/python3.7/site-packages/airflow/providers/apache/spark/operators/spark_submit.py", line 157, in execute
    self._hook.submit(self._application)
  File "/home/airflow/.local/lib/python3.7/site-packages/airflow/providers/apache/spark/hooks/spark_submit.py", line 422, in submit
    f"Cannot execute: {self._mask_cmd(spark_submit_cmd)}. Error code is: {returncode}."
airflow.exceptions.AirflowException: Cannot execute: spark-submit --master spark-master:7077 --conf spark.master=spark://spark-master:7077 --name spark_join --verbose /opt/***/dags/spark_join.py. Error code is: 1.
[2025-02-27T14:03:50.479+0000] {taskinstance.py:1373} INFO - Marking task as FAILED. dag_id=api_to_db_dag, task_id=spark_join_task, execution_date=20250227T140344, start_date=20250227T140348, end_date=20250227T140350
[2025-02-27T14:03:50.488+0000] {standard_task_runner.py:109} ERROR - Failed to execute job 12 for task spark_join_task (Cannot execute: spark-submit --master spark-master:7077 --conf spark.master=spark://spark-master:7077 --name spark_join --verbose /opt/***/dags/spark_join.py. Error code is: 1.; 199)
[2025-02-27T14:03:50.498+0000] {local_task_job_runner.py:232} INFO - Task exited with return code 1
[2025-02-27T14:03:50.508+0000] {taskinstance.py:2674} INFO - 0 downstream tasks scheduled from follow-on schedule check
