[2025-02-27T16:47:49.702+0000] {taskinstance.py:1125} INFO - Dependencies all met for dep_context=non-requeueable deps ti=<TaskInstance: api_to_db_dag.spark_join_task manual__2025-02-27T16:47:45.867931+00:00 [queued]>
[2025-02-27T16:47:49.707+0000] {taskinstance.py:1125} INFO - Dependencies all met for dep_context=requeueable deps ti=<TaskInstance: api_to_db_dag.spark_join_task manual__2025-02-27T16:47:45.867931+00:00 [queued]>
[2025-02-27T16:47:49.707+0000] {taskinstance.py:1331} INFO - Starting attempt 1 of 1
[2025-02-27T16:47:49.714+0000] {taskinstance.py:1350} INFO - Executing <Task(SparkSubmitOperator): spark_join_task> on 2025-02-27 16:47:45.867931+00:00
[2025-02-27T16:47:49.717+0000] {standard_task_runner.py:57} INFO - Started process 207 to run task
[2025-02-27T16:47:49.718+0000] {standard_task_runner.py:84} INFO - Running: ['***', 'tasks', 'run', 'api_to_db_dag', 'spark_join_task', 'manual__2025-02-27T16:47:45.867931+00:00', '--job-id', '16', '--raw', '--subdir', 'DAGS_FOLDER/dag.py', '--cfg-path', '/tmp/tmp39ttkw2m']
[2025-02-27T16:47:49.720+0000] {standard_task_runner.py:85} INFO - Job 16: Subtask spark_join_task
[2025-02-27T16:47:49.746+0000] {task_command.py:410} INFO - Running <TaskInstance: api_to_db_dag.spark_join_task manual__2025-02-27T16:47:45.867931+00:00 [running]> on host 357b585475c9
[2025-02-27T16:47:49.790+0000] {taskinstance.py:1570} INFO - Exporting env vars: AIRFLOW_CTX_DAG_OWNER='***' AIRFLOW_CTX_DAG_ID='api_to_db_dag' AIRFLOW_CTX_TASK_ID='spark_join_task' AIRFLOW_CTX_EXECUTION_DATE='2025-02-27T16:47:45.867931+00:00' AIRFLOW_CTX_TRY_NUMBER='1' AIRFLOW_CTX_DAG_RUN_ID='manual__2025-02-27T16:47:45.867931+00:00'
[2025-02-27T16:47:49.795+0000] {base.py:73} INFO - Using connection ID 'spark_default' for task execution.
[2025-02-27T16:47:49.796+0000] {spark_submit.py:339} INFO - Spark-Submit cmd: spark-submit --master spark-master:7077 --conf spark.master=spark://spark-master:7077 --conf spark.driver.extraClassPath=/opt/bitnami/spark/jars/postgresql-42.7.5.jar --conf spark.executor.extraClassPath=/opt/bitnami/spark/jars/postgresql-42.7.5.jar --conf spark.jars=/opt/bitnami/spark/jars/postgresql-42.7.5.jar --name spark_join --verbose /opt/***/dags/spark_join.py
[2025-02-27T16:47:50.781+0000] {spark_submit.py:490} INFO - Using properties file: null
[2025-02-27T16:47:50.836+0000] {spark_submit.py:490} INFO - Parsed arguments:
[2025-02-27T16:47:50.839+0000] {spark_submit.py:490} INFO - master                  spark-master:7077
[2025-02-27T16:47:50.839+0000] {spark_submit.py:490} INFO - remote                  null
[2025-02-27T16:47:50.839+0000] {spark_submit.py:490} INFO - deployMode              null
[2025-02-27T16:47:50.840+0000] {spark_submit.py:490} INFO - executorMemory          null
[2025-02-27T16:47:50.840+0000] {spark_submit.py:490} INFO - executorCores           null
[2025-02-27T16:47:50.840+0000] {spark_submit.py:490} INFO - totalExecutorCores      null
[2025-02-27T16:47:50.840+0000] {spark_submit.py:490} INFO - propertiesFile          null
[2025-02-27T16:47:50.840+0000] {spark_submit.py:490} INFO - driverMemory            null
[2025-02-27T16:47:50.841+0000] {spark_submit.py:490} INFO - driverCores             null
[2025-02-27T16:47:50.841+0000] {spark_submit.py:490} INFO - driverExtraClassPath    /opt/bitnami/spark/jars/postgresql-42.7.5.jar
[2025-02-27T16:47:50.841+0000] {spark_submit.py:490} INFO - driverExtraLibraryPath  null
[2025-02-27T16:47:50.841+0000] {spark_submit.py:490} INFO - driverExtraJavaOptions  null
[2025-02-27T16:47:50.841+0000] {spark_submit.py:490} INFO - supervise               false
[2025-02-27T16:47:50.841+0000] {spark_submit.py:490} INFO - queue                   null
[2025-02-27T16:47:50.841+0000] {spark_submit.py:490} INFO - numExecutors            null
[2025-02-27T16:47:50.841+0000] {spark_submit.py:490} INFO - files                   null
[2025-02-27T16:47:50.841+0000] {spark_submit.py:490} INFO - pyFiles                 null
[2025-02-27T16:47:50.842+0000] {spark_submit.py:490} INFO - archives                null
[2025-02-27T16:47:50.842+0000] {spark_submit.py:490} INFO - mainClass               null
[2025-02-27T16:47:50.842+0000] {spark_submit.py:490} INFO - primaryResource         file:/opt/***/dags/spark_join.py
[2025-02-27T16:47:50.842+0000] {spark_submit.py:490} INFO - name                    spark_join
[2025-02-27T16:47:50.842+0000] {spark_submit.py:490} INFO - childArgs               []
[2025-02-27T16:47:50.842+0000] {spark_submit.py:490} INFO - jars                    /opt/bitnami/spark/jars/postgresql-42.7.5.jar
[2025-02-27T16:47:50.842+0000] {spark_submit.py:490} INFO - packages                null
[2025-02-27T16:47:50.842+0000] {spark_submit.py:490} INFO - packagesExclusions      null
[2025-02-27T16:47:50.842+0000] {spark_submit.py:490} INFO - repositories            null
[2025-02-27T16:47:50.843+0000] {spark_submit.py:490} INFO - verbose                 true
[2025-02-27T16:47:50.843+0000] {spark_submit.py:490} INFO - 
[2025-02-27T16:47:50.843+0000] {spark_submit.py:490} INFO - Spark properties used, including those specified through
[2025-02-27T16:47:50.843+0000] {spark_submit.py:490} INFO - --conf and those from the properties file null:
[2025-02-27T16:47:50.843+0000] {spark_submit.py:490} INFO - (spark.driver.extraClassPath,/opt/bitnami/spark/jars/postgresql-42.7.5.jar)
[2025-02-27T16:47:50.843+0000] {spark_submit.py:490} INFO - (spark.executor.extraClassPath,/opt/bitnami/spark/jars/postgresql-42.7.5.jar)
[2025-02-27T16:47:50.844+0000] {spark_submit.py:490} INFO - (spark.jars,/opt/bitnami/spark/jars/postgresql-42.7.5.jar)
[2025-02-27T16:47:50.844+0000] {spark_submit.py:490} INFO - (spark.master,spark://spark-master:7077)
[2025-02-27T16:47:50.844+0000] {spark_submit.py:490} INFO - 
[2025-02-27T16:47:50.844+0000] {spark_submit.py:490} INFO - 
[2025-02-27T16:47:51.028+0000] {spark_submit.py:490} INFO - 25/02/27 16:47:51 WARN NativeCodeLoader: Unable to load native-hadoop library for your platform... using builtin-java classes where applicable
[2025-02-27T16:47:51.124+0000] {spark_submit.py:490} INFO - Main class:
[2025-02-27T16:47:51.125+0000] {spark_submit.py:490} INFO - org.apache.spark.deploy.PythonRunner
[2025-02-27T16:47:51.125+0000] {spark_submit.py:490} INFO - Arguments:
[2025-02-27T16:47:51.125+0000] {spark_submit.py:490} INFO - file:/opt/***/dags/spark_join.py
[2025-02-27T16:47:51.125+0000] {spark_submit.py:490} INFO - null
[2025-02-27T16:47:51.126+0000] {spark_submit.py:490} INFO - Spark config:
[2025-02-27T16:47:51.126+0000] {spark_submit.py:490} INFO - (spark.app.name,spark_join)
[2025-02-27T16:47:51.127+0000] {spark_submit.py:490} INFO - (spark.app.submitTime,1740674871108)
[2025-02-27T16:47:51.127+0000] {spark_submit.py:490} INFO - (spark.driver.extraClassPath,/opt/bitnami/spark/jars/postgresql-42.7.5.jar)
[2025-02-27T16:47:51.127+0000] {spark_submit.py:490} INFO - (spark.executor.extraClassPath,/opt/bitnami/spark/jars/postgresql-42.7.5.jar)
[2025-02-27T16:47:51.127+0000] {spark_submit.py:490} INFO - (spark.jars,file:///opt/bitnami/spark/jars/postgresql-42.7.5.jar)
[2025-02-27T16:47:51.127+0000] {spark_submit.py:490} INFO - (spark.master,spark-master:7077)
[2025-02-27T16:47:51.127+0000] {spark_submit.py:490} INFO - (spark.repl.local.jars,file:///opt/bitnami/spark/jars/postgresql-42.7.5.jar)
[2025-02-27T16:47:51.127+0000] {spark_submit.py:490} INFO - (spark.submit.deployMode,client)
[2025-02-27T16:47:51.128+0000] {spark_submit.py:490} INFO - (spark.submit.pyFiles,)
[2025-02-27T16:47:51.128+0000] {spark_submit.py:490} INFO - Classpath elements:
[2025-02-27T16:47:51.128+0000] {spark_submit.py:490} INFO - file:///opt/bitnami/spark/jars/postgresql-42.7.5.jar
[2025-02-27T16:47:51.128+0000] {spark_submit.py:490} INFO - 
[2025-02-27T16:47:51.128+0000] {spark_submit.py:490} INFO - 
[2025-02-27T16:47:51.765+0000] {spark_submit.py:490} INFO - 25/02/27 16:47:51 INFO SparkContext: Running Spark version 3.4.4
[2025-02-27T16:47:51.781+0000] {spark_submit.py:490} INFO - 25/02/27 16:47:51 INFO ResourceUtils: ==============================================================
[2025-02-27T16:47:51.782+0000] {spark_submit.py:490} INFO - 25/02/27 16:47:51 INFO ResourceUtils: No custom resources configured for spark.driver.
[2025-02-27T16:47:51.782+0000] {spark_submit.py:490} INFO - 25/02/27 16:47:51 INFO ResourceUtils: ==============================================================
[2025-02-27T16:47:51.782+0000] {spark_submit.py:490} INFO - 25/02/27 16:47:51 INFO SparkContext: Submitted application: JoinVelibTables
[2025-02-27T16:47:51.795+0000] {spark_submit.py:490} INFO - 25/02/27 16:47:51 INFO ResourceProfile: Default ResourceProfile created, executor resources: Map(memory -> name: memory, amount: 1024, script: , vendor: , offHeap -> name: offHeap, amount: 0, script: , vendor: ), task resources: Map(cpus -> name: cpus, amount: 1.0)
[2025-02-27T16:47:51.809+0000] {spark_submit.py:490} INFO - 25/02/27 16:47:51 INFO ResourceProfile: Limiting resource is cpu
[2025-02-27T16:47:51.809+0000] {spark_submit.py:490} INFO - 25/02/27 16:47:51 INFO ResourceProfileManager: Added ResourceProfile id: 0
[2025-02-27T16:47:51.842+0000] {spark_submit.py:490} INFO - 25/02/27 16:47:51 INFO SecurityManager: Changing view acls to: ***
[2025-02-27T16:47:51.843+0000] {spark_submit.py:490} INFO - 25/02/27 16:47:51 INFO SecurityManager: Changing modify acls to: ***
[2025-02-27T16:47:51.843+0000] {spark_submit.py:490} INFO - 25/02/27 16:47:51 INFO SecurityManager: Changing view acls groups to:
[2025-02-27T16:47:51.843+0000] {spark_submit.py:490} INFO - 25/02/27 16:47:51 INFO SecurityManager: Changing modify acls groups to:
[2025-02-27T16:47:51.843+0000] {spark_submit.py:490} INFO - 25/02/27 16:47:51 INFO SecurityManager: SecurityManager: authentication disabled; ui acls disabled; users with view permissions: ***; groups with view permissions: EMPTY; users with modify permissions: ***; groups with modify permissions: EMPTY
[2025-02-27T16:47:51.975+0000] {spark_submit.py:490} INFO - 25/02/27 16:47:51 INFO Utils: Successfully started service 'sparkDriver' on port 35751.
[2025-02-27T16:47:51.995+0000] {spark_submit.py:490} INFO - 25/02/27 16:47:51 INFO SparkEnv: Registering MapOutputTracker
[2025-02-27T16:47:52.015+0000] {spark_submit.py:490} INFO - 25/02/27 16:47:52 INFO SparkEnv: Registering BlockManagerMaster
[2025-02-27T16:47:52.030+0000] {spark_submit.py:490} INFO - 25/02/27 16:47:52 INFO BlockManagerMasterEndpoint: Using org.apache.spark.storage.DefaultTopologyMapper for getting topology information
[2025-02-27T16:47:52.030+0000] {spark_submit.py:490} INFO - 25/02/27 16:47:52 INFO BlockManagerMasterEndpoint: BlockManagerMasterEndpoint up
[2025-02-27T16:47:52.032+0000] {spark_submit.py:490} INFO - 25/02/27 16:47:52 INFO SparkEnv: Registering BlockManagerMasterHeartbeat
[2025-02-27T16:47:52.049+0000] {spark_submit.py:490} INFO - 25/02/27 16:47:52 INFO DiskBlockManager: Created local directory at /tmp/blockmgr-019dbcc3-d798-4120-b058-35d21368ab44
[2025-02-27T16:47:52.064+0000] {spark_submit.py:490} INFO - 25/02/27 16:47:52 INFO MemoryStore: MemoryStore started with capacity 434.4 MiB
[2025-02-27T16:47:52.078+0000] {spark_submit.py:490} INFO - 25/02/27 16:47:52 INFO SparkEnv: Registering OutputCommitCoordinator
[2025-02-27T16:47:52.203+0000] {spark_submit.py:490} INFO - 25/02/27 16:47:52 INFO JettyUtils: Start Jetty 0.0.0.0:4040 for SparkUI
[2025-02-27T16:47:52.240+0000] {spark_submit.py:490} INFO - 25/02/27 16:47:52 INFO Utils: Successfully started service 'SparkUI' on port 4040.
[2025-02-27T16:47:52.261+0000] {spark_submit.py:490} INFO - 25/02/27 16:47:52 INFO SparkContext: Added JAR file:///opt/bitnami/spark/jars/postgresql-42.7.5.jar at spark://357b585475c9:35751/jars/postgresql-42.7.5.jar with timestamp 1740674871760
[2025-02-27T16:47:52.308+0000] {spark_submit.py:490} INFO - 25/02/27 16:47:52 INFO StandaloneAppClient$ClientEndpoint: Connecting to master spark://spark-master:7077...
[2025-02-27T16:47:52.337+0000] {spark_submit.py:490} INFO - 25/02/27 16:47:52 INFO TransportClientFactory: Successfully created connection to spark-master/172.18.0.3:7077 after 16 ms (0 ms spent in bootstraps)
[2025-02-27T16:47:52.490+0000] {spark_submit.py:490} INFO - 25/02/27 16:47:52 INFO StandaloneSchedulerBackend: Connected to Spark cluster with app ID app-20250227164752-0000
[2025-02-27T16:47:52.496+0000] {spark_submit.py:490} INFO - 25/02/27 16:47:52 INFO Utils: Successfully started service 'org.apache.spark.network.netty.NettyBlockTransferService' on port 46777.
[2025-02-27T16:47:52.497+0000] {spark_submit.py:490} INFO - 25/02/27 16:47:52 INFO NettyBlockTransferService: Server created on 357b585475c9:46777
[2025-02-27T16:47:52.498+0000] {spark_submit.py:490} INFO - 25/02/27 16:47:52 INFO BlockManager: Using org.apache.spark.storage.RandomBlockReplicationPolicy for block replication policy
[2025-02-27T16:47:52.503+0000] {spark_submit.py:490} INFO - 25/02/27 16:47:52 INFO BlockManagerMaster: Registering BlockManager BlockManagerId(driver, 357b585475c9, 46777, None)
[2025-02-27T16:47:52.505+0000] {spark_submit.py:490} INFO - 25/02/27 16:47:52 INFO BlockManagerMasterEndpoint: Registering block manager 357b585475c9:46777 with 434.4 MiB RAM, BlockManagerId(driver, 357b585475c9, 46777, None)
[2025-02-27T16:47:52.508+0000] {spark_submit.py:490} INFO - 25/02/27 16:47:52 INFO BlockManagerMaster: Registered BlockManager BlockManagerId(driver, 357b585475c9, 46777, None)
[2025-02-27T16:47:52.509+0000] {spark_submit.py:490} INFO - 25/02/27 16:47:52 INFO BlockManager: Initialized BlockManager: BlockManagerId(driver, 357b585475c9, 46777, None)
[2025-02-27T16:47:52.513+0000] {spark_submit.py:490} INFO - 25/02/27 16:47:52 INFO StandaloneAppClient$ClientEndpoint: Executor added: app-20250227164752-0000/0 on worker-20250227164633-172.18.0.4-38569 (172.18.0.4:38569) with 8 core(s)
[2025-02-27T16:47:52.515+0000] {spark_submit.py:490} INFO - 25/02/27 16:47:52 INFO StandaloneSchedulerBackend: Granted executor ID app-20250227164752-0000/0 on hostPort 172.18.0.4:38569 with 8 core(s), 1024.0 MiB RAM
[2025-02-27T16:47:52.706+0000] {spark_submit.py:490} INFO - 25/02/27 16:47:52 INFO StandaloneSchedulerBackend: SchedulerBackend is ready for scheduling beginning after reached minRegisteredResourcesRatio: 0.0
[2025-02-27T16:47:52.743+0000] {spark_submit.py:490} INFO - /home/***/.local/lib/python3.7/site-packages/pyspark/python/lib/pyspark.zip/pyspark/context.py:317: FutureWarning: Python 3.7 support is deprecated in Spark 3.4.
[2025-02-27T16:47:52.744+0000] {spark_submit.py:490} INFO - warnings.warn("Python 3.7 support is deprecated in Spark 3.4.", FutureWarning)
[2025-02-27T16:47:52.750+0000] {spark_submit.py:490} INFO - 25/02/27 16:47:52 INFO StandaloneAppClient$ClientEndpoint: Executor updated: app-20250227164752-0000/0 is now RUNNING
[2025-02-27T16:47:52.868+0000] {spark_submit.py:490} INFO - 25/02/27 16:47:52 INFO SharedState: Setting hive.metastore.warehouse.dir ('null') to the value of spark.sql.warehouse.dir.
[2025-02-27T16:47:52.872+0000] {spark_submit.py:490} INFO - 25/02/27 16:47:52 INFO SharedState: Warehouse path is 'file:/opt/***/spark-warehouse'.
[2025-02-27T16:47:54.496+0000] {spark_submit.py:490} INFO - 25/02/27 16:47:54 INFO StandaloneSchedulerBackend$StandaloneDriverEndpoint: Registered executor NettyRpcEndpointRef(spark-client://Executor) (172.18.0.4:44094) with ID 0,  ResourceProfileId 0
[2025-02-27T16:47:54.542+0000] {spark_submit.py:490} INFO - 25/02/27 16:47:54 INFO BlockManagerMasterEndpoint: Registering block manager 172.18.0.4:45249 with 434.4 MiB RAM, BlockManagerId(0, 172.18.0.4, 45249, None)
[2025-02-27T16:47:55.738+0000] {spark_submit.py:490} INFO - 25/02/27 16:47:55 INFO CodeGenerator: Code generated in 121.606584 ms
[2025-02-27T16:47:55.792+0000] {spark_submit.py:490} INFO - 25/02/27 16:47:55 INFO DAGScheduler: Registering RDD 3 (csv at NativeMethodAccessorImpl.java:0) as input to shuffle 0
[2025-02-27T16:47:55.794+0000] {spark_submit.py:490} INFO - 25/02/27 16:47:55 INFO DAGScheduler: Got map stage job 0 (csv at NativeMethodAccessorImpl.java:0) with 1 output partitions
[2025-02-27T16:47:55.795+0000] {spark_submit.py:490} INFO - 25/02/27 16:47:55 INFO DAGScheduler: Final stage: ShuffleMapStage 0 (csv at NativeMethodAccessorImpl.java:0)
[2025-02-27T16:47:55.795+0000] {spark_submit.py:490} INFO - 25/02/27 16:47:55 INFO DAGScheduler: Parents of final stage: List()
[2025-02-27T16:47:55.796+0000] {spark_submit.py:490} INFO - 25/02/27 16:47:55 INFO DAGScheduler: Missing parents: List()
[2025-02-27T16:47:55.797+0000] {spark_submit.py:490} INFO - 25/02/27 16:47:55 INFO CodeGenerator: Code generated in 12.151833 ms
[2025-02-27T16:47:55.798+0000] {spark_submit.py:490} INFO - 25/02/27 16:47:55 INFO DAGScheduler: Submitting ShuffleMapStage 0 (MapPartitionsRDD[3] at csv at NativeMethodAccessorImpl.java:0), which has no missing parents
[2025-02-27T16:47:55.888+0000] {spark_submit.py:490} INFO - 25/02/27 16:47:55 INFO MemoryStore: Block broadcast_0 stored as values in memory (estimated size 16.8 KiB, free 434.4 MiB)
[2025-02-27T16:47:55.908+0000] {spark_submit.py:490} INFO - 25/02/27 16:47:55 INFO MemoryStore: Block broadcast_0_piece0 stored as bytes in memory (estimated size 8.0 KiB, free 434.4 MiB)
[2025-02-27T16:47:55.910+0000] {spark_submit.py:490} INFO - 25/02/27 16:47:55 INFO BlockManagerInfo: Added broadcast_0_piece0 in memory on 357b585475c9:46777 (size: 8.0 KiB, free: 434.4 MiB)
[2025-02-27T16:47:55.912+0000] {spark_submit.py:490} INFO - 25/02/27 16:47:55 INFO SparkContext: Created broadcast 0 from broadcast at DAGScheduler.scala:1540
[2025-02-27T16:47:55.932+0000] {spark_submit.py:490} INFO - 25/02/27 16:47:55 INFO DAGScheduler: Submitting 1 missing tasks from ShuffleMapStage 0 (MapPartitionsRDD[3] at csv at NativeMethodAccessorImpl.java:0) (first 15 tasks are for partitions Vector(0))
[2025-02-27T16:47:55.932+0000] {spark_submit.py:490} INFO - 25/02/27 16:47:55 INFO TaskSchedulerImpl: Adding task set 0.0 with 1 tasks resource profile 0
[2025-02-27T16:47:55.945+0000] {spark_submit.py:490} INFO - 25/02/27 16:47:55 INFO DAGScheduler: Registering RDD 5 (csv at NativeMethodAccessorImpl.java:0) as input to shuffle 1
[2025-02-27T16:47:55.945+0000] {spark_submit.py:490} INFO - 25/02/27 16:47:55 INFO DAGScheduler: Got map stage job 1 (csv at NativeMethodAccessorImpl.java:0) with 1 output partitions
[2025-02-27T16:47:55.946+0000] {spark_submit.py:490} INFO - 25/02/27 16:47:55 INFO DAGScheduler: Final stage: ShuffleMapStage 1 (csv at NativeMethodAccessorImpl.java:0)
[2025-02-27T16:47:55.946+0000] {spark_submit.py:490} INFO - 25/02/27 16:47:55 INFO DAGScheduler: Parents of final stage: List()
[2025-02-27T16:47:55.946+0000] {spark_submit.py:490} INFO - 25/02/27 16:47:55 INFO DAGScheduler: Missing parents: List()
[2025-02-27T16:47:55.947+0000] {spark_submit.py:490} INFO - 25/02/27 16:47:55 INFO DAGScheduler: Submitting ShuffleMapStage 1 (MapPartitionsRDD[5] at csv at NativeMethodAccessorImpl.java:0), which has no missing parents
[2025-02-27T16:47:55.958+0000] {spark_submit.py:490} INFO - 25/02/27 16:47:55 INFO MemoryStore: Block broadcast_1 stored as values in memory (estimated size 14.4 KiB, free 434.4 MiB)
[2025-02-27T16:47:55.959+0000] {spark_submit.py:490} INFO - 25/02/27 16:47:55 INFO MemoryStore: Block broadcast_1_piece0 stored as bytes in memory (estimated size 7.5 KiB, free 434.4 MiB)
[2025-02-27T16:47:55.959+0000] {spark_submit.py:490} INFO - 25/02/27 16:47:55 INFO BlockManagerInfo: Added broadcast_1_piece0 in memory on 357b585475c9:46777 (size: 7.5 KiB, free: 434.4 MiB)
[2025-02-27T16:47:55.960+0000] {spark_submit.py:490} INFO - 25/02/27 16:47:55 INFO SparkContext: Created broadcast 1 from broadcast at DAGScheduler.scala:1540
[2025-02-27T16:47:55.960+0000] {spark_submit.py:490} INFO - 25/02/27 16:47:55 INFO DAGScheduler: Submitting 1 missing tasks from ShuffleMapStage 1 (MapPartitionsRDD[5] at csv at NativeMethodAccessorImpl.java:0) (first 15 tasks are for partitions Vector(0))
[2025-02-27T16:47:55.961+0000] {spark_submit.py:490} INFO - 25/02/27 16:47:55 INFO TaskSchedulerImpl: Adding task set 1.0 with 1 tasks resource profile 0
[2025-02-27T16:47:55.961+0000] {spark_submit.py:490} INFO - 25/02/27 16:47:55 INFO TaskSetManager: Starting task 0.0 in stage 0.0 (TID 0) (172.18.0.4, executor 0, partition 0, PROCESS_LOCAL, 8586 bytes)
[2025-02-27T16:47:55.969+0000] {spark_submit.py:490} INFO - 25/02/27 16:47:55 INFO TaskSetManager: Starting task 0.0 in stage 1.0 (TID 1) (172.18.0.4, executor 0, partition 0, PROCESS_LOCAL, 8586 bytes)
[2025-02-27T16:51:59.954+0000] {local_task_job_runner.py:122} ERROR - Received SIGTERM. Terminating subprocesses
[2025-02-27T16:52:00.012+0000] {process_utils.py:135} INFO - Sending Signals.SIGTERM to group 207. PIDs of all processes in the group: [208, 263, 207]
[2025-02-27T16:52:00.020+0000] {process_utils.py:86} INFO - Sending the signal Signals.SIGTERM to group 207
[2025-02-27T16:52:00.050+0000] {taskinstance.py:1540} ERROR - Received SIGTERM. Terminating subprocesses.
[2025-02-27T16:52:00.075+0000] {spark_submit.py:615} INFO - Sending kill signal to spark-submit
[2025-02-27T16:52:00.100+0000] {process_utils.py:79} INFO - Process psutil.Process(pid=263, status='terminated', started='16:47:50') (263) terminated with exit code None
[2025-02-27T16:52:00.182+0000] {taskinstance.py:1847} ERROR - Task failed with exception
Traceback (most recent call last):
  File "/home/airflow/.local/lib/python3.7/site-packages/airflow/providers/apache/spark/operators/spark_submit.py", line 157, in execute
    self._hook.submit(self._application)
  File "/home/airflow/.local/lib/python3.7/site-packages/airflow/providers/apache/spark/hooks/spark_submit.py", line 409, in submit
    self._process_spark_submit_log(iter(self._submit_sp.stdout))  # type: ignore
  File "/home/airflow/.local/lib/python3.7/site-packages/airflow/providers/apache/spark/hooks/spark_submit.py", line 458, in _process_spark_submit_log
    for line in itr:
  File "/home/airflow/.local/lib/python3.7/site-packages/airflow/models/taskinstance.py", line 1542, in signal_handler
    raise AirflowException("Task received SIGTERM signal")
airflow.exceptions.AirflowException: Task received SIGTERM signal
[2025-02-27T16:52:00.199+0000] {taskinstance.py:1373} INFO - Marking task as FAILED. dag_id=api_to_db_dag, task_id=spark_join_task, execution_date=20250227T164745, start_date=20250227T164749, end_date=20250227T165200
[2025-02-27T16:52:00.332+0000] {standard_task_runner.py:109} ERROR - Failed to execute job 16 for task spark_join_task (Task received SIGTERM signal; 207)
[2025-02-27T16:52:00.366+0000] {process_utils.py:79} INFO - Process psutil.Process(pid=207, status='terminated', exitcode=1, started='16:47:49') (207) terminated with exit code 1
[2025-02-27T16:52:00.367+0000] {process_utils.py:79} INFO - Process psutil.Process(pid=208, status='terminated', started='16:47:49') (208) terminated with exit code None
[2025-02-27T16:52:00.370+0000] {local_task_job_runner.py:232} INFO - Task exited with return code 143
[2025-02-27T16:52:00.425+0000] {taskinstance.py:2674} INFO - 0 downstream tasks scheduled from follow-on schedule check
