[2025-03-01T21:23:40.782+0000] {taskinstance.py:1125} INFO - Dependencies all met for dep_context=non-requeueable deps ti=<TaskInstance: api_to_db_dag.process_daily_data scheduled__2025-03-01T21:00:00+00:00 [queued]>
[2025-03-01T21:23:40.787+0000] {taskinstance.py:1125} INFO - Dependencies all met for dep_context=requeueable deps ti=<TaskInstance: api_to_db_dag.process_daily_data scheduled__2025-03-01T21:00:00+00:00 [queued]>
[2025-03-01T21:23:40.787+0000] {taskinstance.py:1331} INFO - Starting attempt 1 of 1
[2025-03-01T21:23:40.795+0000] {taskinstance.py:1350} INFO - Executing <Task(PythonOperator): process_daily_data> on 2025-03-01 21:00:00+00:00
[2025-03-01T21:23:40.798+0000] {standard_task_runner.py:57} INFO - Started process 5994 to run task
[2025-03-01T21:23:40.800+0000] {standard_task_runner.py:84} INFO - Running: ['***', 'tasks', 'run', 'api_to_db_dag', 'process_daily_data', 'scheduled__2025-03-01T21:00:00+00:00', '--job-id', '414', '--raw', '--subdir', 'DAGS_FOLDER/dag.py', '--cfg-path', '/tmp/tmpe1rdyfoi']
[2025-03-01T21:23:40.802+0000] {standard_task_runner.py:85} INFO - Job 414: Subtask process_daily_data
[2025-03-01T21:23:40.827+0000] {task_command.py:410} INFO - Running <TaskInstance: api_to_db_dag.process_daily_data scheduled__2025-03-01T21:00:00+00:00 [running]> on host 7d0564f8eb8b
[2025-03-01T21:23:40.879+0000] {taskinstance.py:1570} INFO - Exporting env vars: AIRFLOW_CTX_DAG_OWNER='***' AIRFLOW_CTX_DAG_ID='api_to_db_dag' AIRFLOW_CTX_TASK_ID='process_daily_data' AIRFLOW_CTX_EXECUTION_DATE='2025-03-01T21:00:00+00:00' AIRFLOW_CTX_TRY_NUMBER='1' AIRFLOW_CTX_DAG_RUN_ID='scheduled__2025-03-01T21:00:00+00:00'
[2025-03-01T21:23:43.279+0000] {logging_mixin.py:149} WARNING - /home/***/.local/lib/python3.7/site-packages/pyspark/context.py:317 FutureWarning: Python 3.7 support is deprecated in Spark 3.4.
[2025-03-01T21:23:46.142+0000] {taskinstance.py:1847} ERROR - Task failed with exception
Traceback (most recent call last):
  File "/home/airflow/.local/lib/python3.7/site-packages/airflow/operators/python.py", line 181, in execute
    return_value = self.execute_callable()
  File "/home/airflow/.local/lib/python3.7/site-packages/airflow/operators/python.py", line 198, in execute_callable
    return self.python_callable(*self.op_args, **self.op_kwargs)
  File "/opt/airflow/dags/lib/data_combiner.py", line 40, in combine_data
    df_filtered = final_df.withColumn("rank", rank().over(window_spec)).filter(col("rank") == 1).drop("rank")
NameError: name 'rank' is not defined
[2025-03-01T21:23:46.162+0000] {taskinstance.py:1373} INFO - Marking task as FAILED. dag_id=api_to_db_dag, task_id=process_daily_data, execution_date=20250301T210000, start_date=20250301T212340, end_date=20250301T212346
[2025-03-01T21:23:46.173+0000] {standard_task_runner.py:109} ERROR - Failed to execute job 414 for task process_daily_data (name 'rank' is not defined; 5994)
[2025-03-01T21:23:46.205+0000] {local_task_job_runner.py:232} INFO - Task exited with return code 1
[2025-03-01T21:23:46.225+0000] {taskinstance.py:2674} INFO - 0 downstream tasks scheduled from follow-on schedule check
