[2025-02-27T19:14:30.121+0000] {taskinstance.py:1125} INFO - Dependencies all met for dep_context=non-requeueable deps ti=<TaskInstance: api_to_db_dag.spark_join_task manual__2025-02-27T19:14:25.967165+00:00 [queued]>
[2025-02-27T19:14:30.129+0000] {taskinstance.py:1125} INFO - Dependencies all met for dep_context=requeueable deps ti=<TaskInstance: api_to_db_dag.spark_join_task manual__2025-02-27T19:14:25.967165+00:00 [queued]>
[2025-02-27T19:14:30.129+0000] {taskinstance.py:1331} INFO - Starting attempt 1 of 1
[2025-02-27T19:14:30.137+0000] {taskinstance.py:1350} INFO - Executing <Task(SparkSubmitOperator): spark_join_task> on 2025-02-27 19:14:25.967165+00:00
[2025-02-27T19:14:30.143+0000] {standard_task_runner.py:57} INFO - Started process 1134 to run task
[2025-02-27T19:14:30.145+0000] {standard_task_runner.py:84} INFO - Running: ['***', 'tasks', 'run', 'api_to_db_dag', 'spark_join_task', 'manual__2025-02-27T19:14:25.967165+00:00', '--job-id', '29', '--raw', '--subdir', 'DAGS_FOLDER/dag.py', '--cfg-path', '/tmp/tmp7pxkou56']
[2025-02-27T19:14:30.148+0000] {standard_task_runner.py:85} INFO - Job 29: Subtask spark_join_task
[2025-02-27T19:14:30.253+0000] {task_command.py:410} INFO - Running <TaskInstance: api_to_db_dag.spark_join_task manual__2025-02-27T19:14:25.967165+00:00 [running]> on host 6787c35814a1
[2025-02-27T19:14:30.323+0000] {taskinstance.py:1570} INFO - Exporting env vars: AIRFLOW_CTX_DAG_OWNER='***' AIRFLOW_CTX_DAG_ID='api_to_db_dag' AIRFLOW_CTX_TASK_ID='spark_join_task' AIRFLOW_CTX_EXECUTION_DATE='2025-02-27T19:14:25.967165+00:00' AIRFLOW_CTX_TRY_NUMBER='1' AIRFLOW_CTX_DAG_RUN_ID='manual__2025-02-27T19:14:25.967165+00:00'
[2025-02-27T19:14:30.331+0000] {base.py:73} INFO - Using connection ID 'spark_default' for task execution.
[2025-02-27T19:14:30.332+0000] {spark_submit.py:339} INFO - Spark-Submit cmd: spark-submit --master spark-master:7077 --conf spark.master=spark://spark-master:7077 --conf spark.driver.extraClassPath=/opt/bitnami/spark/jars/postgresql-42.7.5.jar --conf spark.executor.extraClassPath=/opt/bitnami/spark/jars/postgresql-42.7.5.jar --conf spark.jars=/opt/bitnami/spark/jars/postgresql-42.7.5.jar --name spark_join --verbose /opt/***/dags/spark_join.py
[2025-02-27T19:14:31.352+0000] {spark_submit.py:490} INFO - Using properties file: null
[2025-02-27T19:14:31.407+0000] {spark_submit.py:490} INFO - Parsed arguments:
[2025-02-27T19:14:31.407+0000] {spark_submit.py:490} INFO - master                  spark-master:7077
[2025-02-27T19:14:31.408+0000] {spark_submit.py:490} INFO - remote                  null
[2025-02-27T19:14:31.408+0000] {spark_submit.py:490} INFO - deployMode              null
[2025-02-27T19:14:31.408+0000] {spark_submit.py:490} INFO - executorMemory          null
[2025-02-27T19:14:31.408+0000] {spark_submit.py:490} INFO - executorCores           null
[2025-02-27T19:14:31.408+0000] {spark_submit.py:490} INFO - totalExecutorCores      null
[2025-02-27T19:14:31.409+0000] {spark_submit.py:490} INFO - propertiesFile          null
[2025-02-27T19:14:31.409+0000] {spark_submit.py:490} INFO - driverMemory            null
[2025-02-27T19:14:31.409+0000] {spark_submit.py:490} INFO - driverCores             null
[2025-02-27T19:14:31.409+0000] {spark_submit.py:490} INFO - driverExtraClassPath    /opt/bitnami/spark/jars/postgresql-42.7.5.jar
[2025-02-27T19:14:31.411+0000] {spark_submit.py:490} INFO - driverExtraLibraryPath  null
[2025-02-27T19:14:31.412+0000] {spark_submit.py:490} INFO - driverExtraJavaOptions  null
[2025-02-27T19:14:31.412+0000] {spark_submit.py:490} INFO - supervise               false
[2025-02-27T19:14:31.413+0000] {spark_submit.py:490} INFO - queue                   null
[2025-02-27T19:14:31.413+0000] {spark_submit.py:490} INFO - numExecutors            null
[2025-02-27T19:14:31.413+0000] {spark_submit.py:490} INFO - files                   null
[2025-02-27T19:14:31.413+0000] {spark_submit.py:490} INFO - pyFiles                 null
[2025-02-27T19:14:31.413+0000] {spark_submit.py:490} INFO - archives                null
[2025-02-27T19:14:31.413+0000] {spark_submit.py:490} INFO - mainClass               null
[2025-02-27T19:14:31.414+0000] {spark_submit.py:490} INFO - primaryResource         file:/opt/***/dags/spark_join.py
[2025-02-27T19:14:31.414+0000] {spark_submit.py:490} INFO - name                    spark_join
[2025-02-27T19:14:31.414+0000] {spark_submit.py:490} INFO - childArgs               []
[2025-02-27T19:14:31.414+0000] {spark_submit.py:490} INFO - jars                    /opt/bitnami/spark/jars/postgresql-42.7.5.jar
[2025-02-27T19:14:31.414+0000] {spark_submit.py:490} INFO - packages                null
[2025-02-27T19:14:31.414+0000] {spark_submit.py:490} INFO - packagesExclusions      null
[2025-02-27T19:14:31.415+0000] {spark_submit.py:490} INFO - repositories            null
[2025-02-27T19:14:31.415+0000] {spark_submit.py:490} INFO - verbose                 true
[2025-02-27T19:14:31.415+0000] {spark_submit.py:490} INFO - 
[2025-02-27T19:14:31.415+0000] {spark_submit.py:490} INFO - Spark properties used, including those specified through
[2025-02-27T19:14:31.415+0000] {spark_submit.py:490} INFO - --conf and those from the properties file null:
[2025-02-27T19:14:31.416+0000] {spark_submit.py:490} INFO - (spark.driver.extraClassPath,/opt/bitnami/spark/jars/postgresql-42.7.5.jar)
[2025-02-27T19:14:31.416+0000] {spark_submit.py:490} INFO - (spark.executor.extraClassPath,/opt/bitnami/spark/jars/postgresql-42.7.5.jar)
[2025-02-27T19:14:31.416+0000] {spark_submit.py:490} INFO - (spark.jars,/opt/bitnami/spark/jars/postgresql-42.7.5.jar)
[2025-02-27T19:14:31.416+0000] {spark_submit.py:490} INFO - (spark.master,spark://spark-master:7077)
[2025-02-27T19:14:31.416+0000] {spark_submit.py:490} INFO - 
[2025-02-27T19:14:31.417+0000] {spark_submit.py:490} INFO - 
[2025-02-27T19:14:31.614+0000] {spark_submit.py:490} INFO - 25/02/27 19:14:31 WARN NativeCodeLoader: Unable to load native-hadoop library for your platform... using builtin-java classes where applicable
[2025-02-27T19:14:31.721+0000] {spark_submit.py:490} INFO - Main class:
[2025-02-27T19:14:31.722+0000] {spark_submit.py:490} INFO - org.apache.spark.deploy.PythonRunner
[2025-02-27T19:14:31.722+0000] {spark_submit.py:490} INFO - Arguments:
[2025-02-27T19:14:31.722+0000] {spark_submit.py:490} INFO - file:/opt/***/dags/spark_join.py
[2025-02-27T19:14:31.722+0000] {spark_submit.py:490} INFO - null
[2025-02-27T19:14:31.724+0000] {spark_submit.py:490} INFO - Spark config:
[2025-02-27T19:14:31.724+0000] {spark_submit.py:490} INFO - (spark.app.name,spark_join)
[2025-02-27T19:14:31.724+0000] {spark_submit.py:490} INFO - (spark.app.submitTime,1740683671712)
[2025-02-27T19:14:31.724+0000] {spark_submit.py:490} INFO - (spark.driver.extraClassPath,/opt/bitnami/spark/jars/postgresql-42.7.5.jar)
[2025-02-27T19:14:31.724+0000] {spark_submit.py:490} INFO - (spark.executor.extraClassPath,/opt/bitnami/spark/jars/postgresql-42.7.5.jar)
[2025-02-27T19:14:31.724+0000] {spark_submit.py:490} INFO - (spark.jars,file:///opt/bitnami/spark/jars/postgresql-42.7.5.jar)
[2025-02-27T19:14:31.725+0000] {spark_submit.py:490} INFO - (spark.master,spark-master:7077)
[2025-02-27T19:14:31.725+0000] {spark_submit.py:490} INFO - (spark.repl.local.jars,file:///opt/bitnami/spark/jars/postgresql-42.7.5.jar)
[2025-02-27T19:14:31.725+0000] {spark_submit.py:490} INFO - (spark.submit.deployMode,client)
[2025-02-27T19:14:31.725+0000] {spark_submit.py:490} INFO - (spark.submit.pyFiles,)
[2025-02-27T19:14:31.725+0000] {spark_submit.py:490} INFO - Classpath elements:
[2025-02-27T19:14:31.725+0000] {spark_submit.py:490} INFO - file:///opt/bitnami/spark/jars/postgresql-42.7.5.jar
[2025-02-27T19:14:31.725+0000] {spark_submit.py:490} INFO - 
[2025-02-27T19:14:31.726+0000] {spark_submit.py:490} INFO - 
[2025-02-27T19:14:32.256+0000] {spark_submit.py:490} INFO - 25/02/27 19:14:32 INFO SparkContext: Running Spark version 3.4.4
[2025-02-27T19:14:32.274+0000] {spark_submit.py:490} INFO - 25/02/27 19:14:32 INFO ResourceUtils: ==============================================================
[2025-02-27T19:14:32.275+0000] {spark_submit.py:490} INFO - 25/02/27 19:14:32 INFO ResourceUtils: No custom resources configured for spark.driver.
[2025-02-27T19:14:32.275+0000] {spark_submit.py:490} INFO - 25/02/27 19:14:32 INFO ResourceUtils: ==============================================================
[2025-02-27T19:14:32.275+0000] {spark_submit.py:490} INFO - 25/02/27 19:14:32 INFO SparkContext: Submitted application: JoinVelibTables
[2025-02-27T19:14:32.290+0000] {spark_submit.py:490} INFO - 25/02/27 19:14:32 INFO ResourceProfile: Default ResourceProfile created, executor resources: Map(cores -> name: cores, amount: 4, script: , vendor: , memory -> name: memory, amount: 4096, script: , vendor: , offHeap -> name: offHeap, amount: 0, script: , vendor: ), task resources: Map(cpus -> name: cpus, amount: 1.0)
[2025-02-27T19:14:32.297+0000] {spark_submit.py:490} INFO - 25/02/27 19:14:32 INFO ResourceProfile: Limiting resource is cpus at 4 tasks per executor
[2025-02-27T19:14:32.298+0000] {spark_submit.py:490} INFO - 25/02/27 19:14:32 INFO ResourceProfileManager: Added ResourceProfile id: 0
[2025-02-27T19:14:32.347+0000] {spark_submit.py:490} INFO - 25/02/27 19:14:32 INFO SecurityManager: Changing view acls to: ***
[2025-02-27T19:14:32.347+0000] {spark_submit.py:490} INFO - 25/02/27 19:14:32 INFO SecurityManager: Changing modify acls to: ***
[2025-02-27T19:14:32.347+0000] {spark_submit.py:490} INFO - 25/02/27 19:14:32 INFO SecurityManager: Changing view acls groups to:
[2025-02-27T19:14:32.348+0000] {spark_submit.py:490} INFO - 25/02/27 19:14:32 INFO SecurityManager: Changing modify acls groups to:
[2025-02-27T19:14:32.348+0000] {spark_submit.py:490} INFO - 25/02/27 19:14:32 INFO SecurityManager: SecurityManager: authentication disabled; ui acls disabled; users with view permissions: ***; groups with view permissions: EMPTY; users with modify permissions: ***; groups with modify permissions: EMPTY
[2025-02-27T19:14:32.595+0000] {spark_submit.py:490} INFO - 25/02/27 19:14:32 INFO Utils: Successfully started service 'sparkDriver' on port 37031.
[2025-02-27T19:14:32.621+0000] {spark_submit.py:490} INFO - 25/02/27 19:14:32 INFO SparkEnv: Registering MapOutputTracker
[2025-02-27T19:14:32.649+0000] {spark_submit.py:490} INFO - 25/02/27 19:14:32 INFO SparkEnv: Registering BlockManagerMaster
[2025-02-27T19:14:32.662+0000] {spark_submit.py:490} INFO - 25/02/27 19:14:32 INFO BlockManagerMasterEndpoint: Using org.apache.spark.storage.DefaultTopologyMapper for getting topology information
[2025-02-27T19:14:32.663+0000] {spark_submit.py:490} INFO - 25/02/27 19:14:32 INFO BlockManagerMasterEndpoint: BlockManagerMasterEndpoint up
[2025-02-27T19:14:32.671+0000] {spark_submit.py:490} INFO - 25/02/27 19:14:32 INFO SparkEnv: Registering BlockManagerMasterHeartbeat
[2025-02-27T19:14:32.686+0000] {spark_submit.py:490} INFO - 25/02/27 19:14:32 INFO DiskBlockManager: Created local directory at /tmp/blockmgr-fb860670-79b2-404f-94d3-52c77fd199e3
[2025-02-27T19:14:32.697+0000] {spark_submit.py:490} INFO - 25/02/27 19:14:32 INFO MemoryStore: MemoryStore started with capacity 434.4 MiB
[2025-02-27T19:14:32.707+0000] {spark_submit.py:490} INFO - 25/02/27 19:14:32 INFO SparkEnv: Registering OutputCommitCoordinator
[2025-02-27T19:14:32.790+0000] {spark_submit.py:490} INFO - 25/02/27 19:14:32 INFO JettyUtils: Start Jetty 0.0.0.0:4040 for SparkUI
[2025-02-27T19:14:32.838+0000] {spark_submit.py:490} INFO - 25/02/27 19:14:32 WARN Utils: Service 'SparkUI' could not bind on port 4040. Attempting port 4041.
[2025-02-27T19:14:32.845+0000] {spark_submit.py:490} INFO - 25/02/27 19:14:32 INFO Utils: Successfully started service 'SparkUI' on port 4041.
[2025-02-27T19:14:32.870+0000] {spark_submit.py:490} INFO - 25/02/27 19:14:32 INFO SparkContext: Added JAR file:///opt/bitnami/spark/jars/postgresql-42.7.5.jar at spark://6787c35814a1:37031/jars/postgresql-42.7.5.jar with timestamp 1740683672251
[2025-02-27T19:14:32.937+0000] {spark_submit.py:490} INFO - 25/02/27 19:14:32 INFO StandaloneAppClient$ClientEndpoint: Connecting to master spark://spark-master:7077...
[2025-02-27T19:14:32.998+0000] {spark_submit.py:490} INFO - 25/02/27 19:14:32 INFO TransportClientFactory: Successfully created connection to spark-master/172.19.0.3:7077 after 46 ms (0 ms spent in bootstraps)
[2025-02-27T19:14:33.102+0000] {spark_submit.py:490} INFO - 25/02/27 19:14:33 INFO StandaloneSchedulerBackend: Connected to Spark cluster with app ID app-20250227191433-0002
[2025-02-27T19:14:33.110+0000] {spark_submit.py:490} INFO - 25/02/27 19:14:33 INFO Utils: Successfully started service 'org.apache.spark.network.netty.NettyBlockTransferService' on port 39887.
[2025-02-27T19:14:33.111+0000] {spark_submit.py:490} INFO - 25/02/27 19:14:33 INFO NettyBlockTransferService: Server created on 6787c35814a1:39887
[2025-02-27T19:14:33.120+0000] {spark_submit.py:490} INFO - 25/02/27 19:14:33 INFO BlockManager: Using org.apache.spark.storage.RandomBlockReplicationPolicy for block replication policy
[2025-02-27T19:14:33.121+0000] {spark_submit.py:490} INFO - 25/02/27 19:14:33 INFO BlockManagerMaster: Registering BlockManager BlockManagerId(driver, 6787c35814a1, 39887, None)
[2025-02-27T19:14:33.121+0000] {spark_submit.py:490} INFO - 25/02/27 19:14:33 INFO BlockManagerMasterEndpoint: Registering block manager 6787c35814a1:39887 with 434.4 MiB RAM, BlockManagerId(driver, 6787c35814a1, 39887, None)
[2025-02-27T19:14:33.124+0000] {spark_submit.py:490} INFO - 25/02/27 19:14:33 INFO BlockManagerMaster: Registered BlockManager BlockManagerId(driver, 6787c35814a1, 39887, None)
[2025-02-27T19:14:33.125+0000] {spark_submit.py:490} INFO - 25/02/27 19:14:33 INFO BlockManager: Initialized BlockManager: BlockManagerId(driver, 6787c35814a1, 39887, None)
[2025-02-27T19:14:33.406+0000] {spark_submit.py:490} INFO - 25/02/27 19:14:33 INFO StandaloneSchedulerBackend: SchedulerBackend is ready for scheduling beginning after reached minRegisteredResourcesRatio: 0.0
[2025-02-27T19:14:33.430+0000] {spark_submit.py:490} INFO - /home/***/.local/lib/python3.7/site-packages/pyspark/python/lib/pyspark.zip/pyspark/context.py:317: FutureWarning: Python 3.7 support is deprecated in Spark 3.4.
[2025-02-27T19:14:33.430+0000] {spark_submit.py:490} INFO - warnings.warn("Python 3.7 support is deprecated in Spark 3.4.", FutureWarning)
[2025-02-27T19:14:33.573+0000] {spark_submit.py:490} INFO - 25/02/27 19:14:33 INFO SharedState: Setting hive.metastore.warehouse.dir ('null') to the value of spark.sql.warehouse.dir.
[2025-02-27T19:14:33.578+0000] {spark_submit.py:490} INFO - 25/02/27 19:14:33 INFO SharedState: Warehouse path is 'file:/opt/***/spark-warehouse'.
[2025-02-27T19:14:36.546+0000] {spark_submit.py:490} INFO - 25/02/27 19:14:36 INFO CodeGenerator: Code generated in 126.924125 ms
[2025-02-27T19:14:36.655+0000] {spark_submit.py:490} INFO - 25/02/27 19:14:36 INFO DAGScheduler: Registering RDD 3 (showString at NativeMethodAccessorImpl.java:0) as input to shuffle 0
[2025-02-27T19:14:36.658+0000] {spark_submit.py:490} INFO - 25/02/27 19:14:36 INFO DAGScheduler: Got map stage job 0 (showString at NativeMethodAccessorImpl.java:0) with 1 output partitions
[2025-02-27T19:14:36.659+0000] {spark_submit.py:490} INFO - 25/02/27 19:14:36 INFO DAGScheduler: Final stage: ShuffleMapStage 0 (showString at NativeMethodAccessorImpl.java:0)
[2025-02-27T19:14:36.659+0000] {spark_submit.py:490} INFO - 25/02/27 19:14:36 INFO DAGScheduler: Parents of final stage: List()
[2025-02-27T19:14:36.660+0000] {spark_submit.py:490} INFO - 25/02/27 19:14:36 INFO CodeGenerator: Code generated in 17.425167 ms
[2025-02-27T19:14:36.661+0000] {spark_submit.py:490} INFO - 25/02/27 19:14:36 INFO DAGScheduler: Missing parents: List()
[2025-02-27T19:14:36.668+0000] {spark_submit.py:490} INFO - 25/02/27 19:14:36 INFO DAGScheduler: Submitting ShuffleMapStage 0 (MapPartitionsRDD[3] at showString at NativeMethodAccessorImpl.java:0), which has no missing parents
[2025-02-27T19:14:36.781+0000] {spark_submit.py:490} INFO - 25/02/27 19:14:36 INFO MemoryStore: Block broadcast_0 stored as values in memory (estimated size 16.8 KiB, free 434.4 MiB)
[2025-02-27T19:14:36.811+0000] {spark_submit.py:490} INFO - 25/02/27 19:14:36 INFO MemoryStore: Block broadcast_0_piece0 stored as bytes in memory (estimated size 8.0 KiB, free 434.4 MiB)
[2025-02-27T19:14:36.814+0000] {spark_submit.py:490} INFO - 25/02/27 19:14:36 INFO BlockManagerInfo: Added broadcast_0_piece0 in memory on 6787c35814a1:39887 (size: 8.0 KiB, free: 434.4 MiB)
[2025-02-27T19:14:36.820+0000] {spark_submit.py:490} INFO - 25/02/27 19:14:36 INFO SparkContext: Created broadcast 0 from broadcast at DAGScheduler.scala:1540
[2025-02-27T19:14:36.833+0000] {spark_submit.py:490} INFO - 25/02/27 19:14:36 INFO DAGScheduler: Submitting 1 missing tasks from ShuffleMapStage 0 (MapPartitionsRDD[3] at showString at NativeMethodAccessorImpl.java:0) (first 15 tasks are for partitions Vector(0))
[2025-02-27T19:14:36.833+0000] {spark_submit.py:490} INFO - 25/02/27 19:14:36 INFO TaskSchedulerImpl: Adding task set 0.0 with 1 tasks resource profile 0
[2025-02-27T19:14:36.847+0000] {spark_submit.py:490} INFO - 25/02/27 19:14:36 INFO DAGScheduler: Registering RDD 5 (showString at NativeMethodAccessorImpl.java:0) as input to shuffle 1
[2025-02-27T19:14:36.848+0000] {spark_submit.py:490} INFO - 25/02/27 19:14:36 INFO DAGScheduler: Got map stage job 1 (showString at NativeMethodAccessorImpl.java:0) with 1 output partitions
[2025-02-27T19:14:36.848+0000] {spark_submit.py:490} INFO - 25/02/27 19:14:36 INFO DAGScheduler: Final stage: ShuffleMapStage 1 (showString at NativeMethodAccessorImpl.java:0)
[2025-02-27T19:14:36.848+0000] {spark_submit.py:490} INFO - 25/02/27 19:14:36 INFO DAGScheduler: Parents of final stage: List()
[2025-02-27T19:14:36.849+0000] {spark_submit.py:490} INFO - 25/02/27 19:14:36 INFO DAGScheduler: Missing parents: List()
[2025-02-27T19:14:36.849+0000] {spark_submit.py:490} INFO - 25/02/27 19:14:36 INFO DAGScheduler: Submitting ShuffleMapStage 1 (MapPartitionsRDD[5] at showString at NativeMethodAccessorImpl.java:0), which has no missing parents
[2025-02-27T19:14:36.857+0000] {spark_submit.py:490} INFO - 25/02/27 19:14:36 INFO MemoryStore: Block broadcast_1 stored as values in memory (estimated size 14.4 KiB, free 434.4 MiB)
[2025-02-27T19:14:36.861+0000] {spark_submit.py:490} INFO - 25/02/27 19:14:36 INFO MemoryStore: Block broadcast_1_piece0 stored as bytes in memory (estimated size 7.5 KiB, free 434.4 MiB)
[2025-02-27T19:14:36.863+0000] {spark_submit.py:490} INFO - 25/02/27 19:14:36 INFO BlockManagerInfo: Added broadcast_1_piece0 in memory on 6787c35814a1:39887 (size: 7.5 KiB, free: 434.4 MiB)
[2025-02-27T19:14:36.864+0000] {spark_submit.py:490} INFO - 25/02/27 19:14:36 INFO SparkContext: Created broadcast 1 from broadcast at DAGScheduler.scala:1540
[2025-02-27T19:14:36.864+0000] {spark_submit.py:490} INFO - 25/02/27 19:14:36 INFO DAGScheduler: Submitting 1 missing tasks from ShuffleMapStage 1 (MapPartitionsRDD[5] at showString at NativeMethodAccessorImpl.java:0) (first 15 tasks are for partitions Vector(0))
[2025-02-27T19:14:36.864+0000] {spark_submit.py:490} INFO - 25/02/27 19:14:36 INFO TaskSchedulerImpl: Adding task set 1.0 with 1 tasks resource profile 0
[2025-02-27T19:14:51.861+0000] {spark_submit.py:490} INFO - 25/02/27 19:14:51 WARN TaskSchedulerImpl: Initial job has not accepted any resources; check your cluster UI to ensure that workers are registered and have sufficient resources
[2025-02-27T19:15:06.859+0000] {spark_submit.py:490} INFO - 25/02/27 19:15:06 WARN TaskSchedulerImpl: Initial job has not accepted any resources; check your cluster UI to ensure that workers are registered and have sufficient resources
[2025-02-27T19:15:21.861+0000] {spark_submit.py:490} INFO - 25/02/27 19:15:21 WARN TaskSchedulerImpl: Initial job has not accepted any resources; check your cluster UI to ensure that workers are registered and have sufficient resources
[2025-02-27T19:15:36.858+0000] {spark_submit.py:490} INFO - 25/02/27 19:15:36 WARN TaskSchedulerImpl: Initial job has not accepted any resources; check your cluster UI to ensure that workers are registered and have sufficient resources
[2025-02-27T19:15:50.770+0000] {local_task_job_runner.py:122} ERROR - Received SIGTERM. Terminating subprocesses
[2025-02-27T19:15:50.853+0000] {process_utils.py:135} INFO - Sending Signals.SIGTERM to group 1134. PIDs of all processes in the group: [1136, 1245, 1134]
[2025-02-27T19:15:50.854+0000] {process_utils.py:86} INFO - Sending the signal Signals.SIGTERM to group 1134
[2025-02-27T19:15:50.858+0000] {taskinstance.py:1540} ERROR - Received SIGTERM. Terminating subprocesses.
[2025-02-27T19:15:50.866+0000] {spark_submit.py:615} INFO - Sending kill signal to spark-submit
[2025-02-27T19:15:51.053+0000] {process_utils.py:79} INFO - Process psutil.Process(pid=1245, status='terminated', started='19:14:30') (1245) terminated with exit code None
[2025-02-27T19:15:51.129+0000] {taskinstance.py:1847} ERROR - Task failed with exception
Traceback (most recent call last):
  File "/home/airflow/.local/lib/python3.7/site-packages/airflow/providers/apache/spark/operators/spark_submit.py", line 157, in execute
    self._hook.submit(self._application)
  File "/home/airflow/.local/lib/python3.7/site-packages/airflow/providers/apache/spark/hooks/spark_submit.py", line 409, in submit
    self._process_spark_submit_log(iter(self._submit_sp.stdout))  # type: ignore
  File "/home/airflow/.local/lib/python3.7/site-packages/airflow/providers/apache/spark/hooks/spark_submit.py", line 458, in _process_spark_submit_log
    for line in itr:
  File "/home/airflow/.local/lib/python3.7/site-packages/airflow/models/taskinstance.py", line 1542, in signal_handler
    raise AirflowException("Task received SIGTERM signal")
airflow.exceptions.AirflowException: Task received SIGTERM signal
[2025-02-27T19:15:51.154+0000] {taskinstance.py:1373} INFO - Marking task as FAILED. dag_id=api_to_db_dag, task_id=spark_join_task, execution_date=20250227T191425, start_date=20250227T191430, end_date=20250227T191551
[2025-02-27T19:15:51.213+0000] {standard_task_runner.py:109} ERROR - Failed to execute job 29 for task spark_join_task (Task received SIGTERM signal; 1134)
[2025-02-27T19:15:51.252+0000] {process_utils.py:79} INFO - Process psutil.Process(pid=1136, status='terminated', started='19:14:29') (1136) terminated with exit code None
[2025-02-27T19:15:51.258+0000] {process_utils.py:79} INFO - Process psutil.Process(pid=1134, status='terminated', exitcode=1, started='19:14:29') (1134) terminated with exit code 1
[2025-02-27T19:15:51.260+0000] {local_task_job_runner.py:232} INFO - Task exited with return code 143
[2025-02-27T19:15:51.350+0000] {taskinstance.py:2674} INFO - 0 downstream tasks scheduled from follow-on schedule check
