[2025-02-27T17:27:39.068+0000] {taskinstance.py:1125} INFO - Dependencies all met for dep_context=non-requeueable deps ti=<TaskInstance: api_to_db_dag.spark_join_task manual__2025-02-27T17:27:35.016892+00:00 [queued]>
[2025-02-27T17:27:39.073+0000] {taskinstance.py:1125} INFO - Dependencies all met for dep_context=requeueable deps ti=<TaskInstance: api_to_db_dag.spark_join_task manual__2025-02-27T17:27:35.016892+00:00 [queued]>
[2025-02-27T17:27:39.073+0000] {taskinstance.py:1331} INFO - Starting attempt 1 of 1
[2025-02-27T17:27:39.079+0000] {taskinstance.py:1350} INFO - Executing <Task(SparkSubmitOperator): spark_join_task> on 2025-02-27 17:27:35.016892+00:00
[2025-02-27T17:27:39.082+0000] {standard_task_runner.py:57} INFO - Started process 202 to run task
[2025-02-27T17:27:39.084+0000] {standard_task_runner.py:84} INFO - Running: ['***', 'tasks', 'run', 'api_to_db_dag', 'spark_join_task', 'manual__2025-02-27T17:27:35.016892+00:00', '--job-id', '16', '--raw', '--subdir', 'DAGS_FOLDER/dag.py', '--cfg-path', '/tmp/tmpj9ew6u3u']
[2025-02-27T17:27:39.085+0000] {standard_task_runner.py:85} INFO - Job 16: Subtask spark_join_task
[2025-02-27T17:27:39.114+0000] {task_command.py:410} INFO - Running <TaskInstance: api_to_db_dag.spark_join_task manual__2025-02-27T17:27:35.016892+00:00 [running]> on host 6787c35814a1
[2025-02-27T17:27:39.161+0000] {taskinstance.py:1570} INFO - Exporting env vars: AIRFLOW_CTX_DAG_OWNER='***' AIRFLOW_CTX_DAG_ID='api_to_db_dag' AIRFLOW_CTX_TASK_ID='spark_join_task' AIRFLOW_CTX_EXECUTION_DATE='2025-02-27T17:27:35.016892+00:00' AIRFLOW_CTX_TRY_NUMBER='1' AIRFLOW_CTX_DAG_RUN_ID='manual__2025-02-27T17:27:35.016892+00:00'
[2025-02-27T17:27:39.166+0000] {base.py:73} INFO - Using connection ID 'spark_default' for task execution.
[2025-02-27T17:27:39.167+0000] {spark_submit.py:339} INFO - Spark-Submit cmd: spark-submit --master spark-master:7077 --conf spark.master=spark://spark-master:7077 --conf spark.driver.extraClassPath=/opt/bitnami/spark/jars/postgresql-42.7.5.jar --conf spark.executor.extraClassPath=/opt/bitnami/spark/jars/postgresql-42.7.5.jar --conf spark.jars=/opt/bitnami/spark/jars/postgresql-42.7.5.jar --name spark_join --verbose /opt/***/dags/spark_join.py
[2025-02-27T17:27:40.121+0000] {spark_submit.py:490} INFO - Using properties file: null
[2025-02-27T17:27:40.173+0000] {spark_submit.py:490} INFO - Parsed arguments:
[2025-02-27T17:27:40.174+0000] {spark_submit.py:490} INFO - master                  spark-master:7077
[2025-02-27T17:27:40.174+0000] {spark_submit.py:490} INFO - remote                  null
[2025-02-27T17:27:40.174+0000] {spark_submit.py:490} INFO - deployMode              null
[2025-02-27T17:27:40.174+0000] {spark_submit.py:490} INFO - executorMemory          null
[2025-02-27T17:27:40.174+0000] {spark_submit.py:490} INFO - executorCores           null
[2025-02-27T17:27:40.175+0000] {spark_submit.py:490} INFO - totalExecutorCores      null
[2025-02-27T17:27:40.175+0000] {spark_submit.py:490} INFO - propertiesFile          null
[2025-02-27T17:27:40.175+0000] {spark_submit.py:490} INFO - driverMemory            null
[2025-02-27T17:27:40.175+0000] {spark_submit.py:490} INFO - driverCores             null
[2025-02-27T17:27:40.175+0000] {spark_submit.py:490} INFO - driverExtraClassPath    /opt/bitnami/spark/jars/postgresql-42.7.5.jar
[2025-02-27T17:27:40.175+0000] {spark_submit.py:490} INFO - driverExtraLibraryPath  null
[2025-02-27T17:27:40.175+0000] {spark_submit.py:490} INFO - driverExtraJavaOptions  null
[2025-02-27T17:27:40.175+0000] {spark_submit.py:490} INFO - supervise               false
[2025-02-27T17:27:40.175+0000] {spark_submit.py:490} INFO - queue                   null
[2025-02-27T17:27:40.175+0000] {spark_submit.py:490} INFO - numExecutors            null
[2025-02-27T17:27:40.176+0000] {spark_submit.py:490} INFO - files                   null
[2025-02-27T17:27:40.176+0000] {spark_submit.py:490} INFO - pyFiles                 null
[2025-02-27T17:27:40.176+0000] {spark_submit.py:490} INFO - archives                null
[2025-02-27T17:27:40.176+0000] {spark_submit.py:490} INFO - mainClass               null
[2025-02-27T17:27:40.176+0000] {spark_submit.py:490} INFO - primaryResource         file:/opt/***/dags/spark_join.py
[2025-02-27T17:27:40.176+0000] {spark_submit.py:490} INFO - name                    spark_join
[2025-02-27T17:27:40.176+0000] {spark_submit.py:490} INFO - childArgs               []
[2025-02-27T17:27:40.176+0000] {spark_submit.py:490} INFO - jars                    /opt/bitnami/spark/jars/postgresql-42.7.5.jar
[2025-02-27T17:27:40.176+0000] {spark_submit.py:490} INFO - packages                null
[2025-02-27T17:27:40.177+0000] {spark_submit.py:490} INFO - packagesExclusions      null
[2025-02-27T17:27:40.177+0000] {spark_submit.py:490} INFO - repositories            null
[2025-02-27T17:27:40.177+0000] {spark_submit.py:490} INFO - verbose                 true
[2025-02-27T17:27:40.177+0000] {spark_submit.py:490} INFO - 
[2025-02-27T17:27:40.177+0000] {spark_submit.py:490} INFO - Spark properties used, including those specified through
[2025-02-27T17:27:40.177+0000] {spark_submit.py:490} INFO - --conf and those from the properties file null:
[2025-02-27T17:27:40.177+0000] {spark_submit.py:490} INFO - (spark.driver.extraClassPath,/opt/bitnami/spark/jars/postgresql-42.7.5.jar)
[2025-02-27T17:27:40.177+0000] {spark_submit.py:490} INFO - (spark.executor.extraClassPath,/opt/bitnami/spark/jars/postgresql-42.7.5.jar)
[2025-02-27T17:27:40.177+0000] {spark_submit.py:490} INFO - (spark.jars,/opt/bitnami/spark/jars/postgresql-42.7.5.jar)
[2025-02-27T17:27:40.177+0000] {spark_submit.py:490} INFO - (spark.master,spark://spark-master:7077)
[2025-02-27T17:27:40.178+0000] {spark_submit.py:490} INFO - 
[2025-02-27T17:27:40.178+0000] {spark_submit.py:490} INFO - 
[2025-02-27T17:27:40.366+0000] {spark_submit.py:490} INFO - 25/02/27 17:27:40 WARN NativeCodeLoader: Unable to load native-hadoop library for your platform... using builtin-java classes where applicable
[2025-02-27T17:27:40.468+0000] {spark_submit.py:490} INFO - Main class:
[2025-02-27T17:27:40.468+0000] {spark_submit.py:490} INFO - org.apache.spark.deploy.PythonRunner
[2025-02-27T17:27:40.468+0000] {spark_submit.py:490} INFO - Arguments:
[2025-02-27T17:27:40.468+0000] {spark_submit.py:490} INFO - file:/opt/***/dags/spark_join.py
[2025-02-27T17:27:40.468+0000] {spark_submit.py:490} INFO - null
[2025-02-27T17:27:40.469+0000] {spark_submit.py:490} INFO - Spark config:
[2025-02-27T17:27:40.470+0000] {spark_submit.py:490} INFO - (spark.app.name,spark_join)
[2025-02-27T17:27:40.470+0000] {spark_submit.py:490} INFO - (spark.app.submitTime,1740677260459)
[2025-02-27T17:27:40.470+0000] {spark_submit.py:490} INFO - (spark.driver.extraClassPath,/opt/bitnami/spark/jars/postgresql-42.7.5.jar)
[2025-02-27T17:27:40.470+0000] {spark_submit.py:490} INFO - (spark.executor.extraClassPath,/opt/bitnami/spark/jars/postgresql-42.7.5.jar)
[2025-02-27T17:27:40.471+0000] {spark_submit.py:490} INFO - (spark.jars,file:///opt/bitnami/spark/jars/postgresql-42.7.5.jar)
[2025-02-27T17:27:40.471+0000] {spark_submit.py:490} INFO - (spark.master,spark-master:7077)
[2025-02-27T17:27:40.471+0000] {spark_submit.py:490} INFO - (spark.repl.local.jars,file:///opt/bitnami/spark/jars/postgresql-42.7.5.jar)
[2025-02-27T17:27:40.471+0000] {spark_submit.py:490} INFO - (spark.submit.deployMode,client)
[2025-02-27T17:27:40.471+0000] {spark_submit.py:490} INFO - (spark.submit.pyFiles,)
[2025-02-27T17:27:40.471+0000] {spark_submit.py:490} INFO - Classpath elements:
[2025-02-27T17:27:40.471+0000] {spark_submit.py:490} INFO - file:///opt/bitnami/spark/jars/postgresql-42.7.5.jar
[2025-02-27T17:27:40.471+0000] {spark_submit.py:490} INFO - 
[2025-02-27T17:27:40.472+0000] {spark_submit.py:490} INFO - 
[2025-02-27T17:27:41.106+0000] {spark_submit.py:490} INFO - 25/02/27 17:27:41 INFO SparkContext: Running Spark version 3.4.4
[2025-02-27T17:27:41.124+0000] {spark_submit.py:490} INFO - 25/02/27 17:27:41 INFO ResourceUtils: ==============================================================
[2025-02-27T17:27:41.124+0000] {spark_submit.py:490} INFO - 25/02/27 17:27:41 INFO ResourceUtils: No custom resources configured for spark.driver.
[2025-02-27T17:27:41.124+0000] {spark_submit.py:490} INFO - 25/02/27 17:27:41 INFO ResourceUtils: ==============================================================
[2025-02-27T17:27:41.125+0000] {spark_submit.py:490} INFO - 25/02/27 17:27:41 INFO SparkContext: Submitted application: JoinVelibTables
[2025-02-27T17:27:41.137+0000] {spark_submit.py:490} INFO - 25/02/27 17:27:41 INFO ResourceProfile: Default ResourceProfile created, executor resources: Map(cores -> name: cores, amount: 4, script: , vendor: , memory -> name: memory, amount: 4096, script: , vendor: , offHeap -> name: offHeap, amount: 0, script: , vendor: ), task resources: Map(cpus -> name: cpus, amount: 1.0)
[2025-02-27T17:27:41.144+0000] {spark_submit.py:490} INFO - 25/02/27 17:27:41 INFO ResourceProfile: Limiting resource is cpus at 4 tasks per executor
[2025-02-27T17:27:41.145+0000] {spark_submit.py:490} INFO - 25/02/27 17:27:41 INFO ResourceProfileManager: Added ResourceProfile id: 0
[2025-02-27T17:27:41.190+0000] {spark_submit.py:490} INFO - 25/02/27 17:27:41 INFO SecurityManager: Changing view acls to: ***
[2025-02-27T17:27:41.190+0000] {spark_submit.py:490} INFO - 25/02/27 17:27:41 INFO SecurityManager: Changing modify acls to: ***
[2025-02-27T17:27:41.190+0000] {spark_submit.py:490} INFO - 25/02/27 17:27:41 INFO SecurityManager: Changing view acls groups to:
[2025-02-27T17:27:41.190+0000] {spark_submit.py:490} INFO - 25/02/27 17:27:41 INFO SecurityManager: Changing modify acls groups to:
[2025-02-27T17:27:41.191+0000] {spark_submit.py:490} INFO - 25/02/27 17:27:41 INFO SecurityManager: SecurityManager: authentication disabled; ui acls disabled; users with view permissions: ***; groups with view permissions: EMPTY; users with modify permissions: ***; groups with modify permissions: EMPTY
[2025-02-27T17:27:41.309+0000] {spark_submit.py:490} INFO - 25/02/27 17:27:41 INFO Utils: Successfully started service 'sparkDriver' on port 40473.
[2025-02-27T17:27:41.326+0000] {spark_submit.py:490} INFO - 25/02/27 17:27:41 INFO SparkEnv: Registering MapOutputTracker
[2025-02-27T17:27:41.346+0000] {spark_submit.py:490} INFO - 25/02/27 17:27:41 INFO SparkEnv: Registering BlockManagerMaster
[2025-02-27T17:27:41.356+0000] {spark_submit.py:490} INFO - 25/02/27 17:27:41 INFO BlockManagerMasterEndpoint: Using org.apache.spark.storage.DefaultTopologyMapper for getting topology information
[2025-02-27T17:27:41.356+0000] {spark_submit.py:490} INFO - 25/02/27 17:27:41 INFO BlockManagerMasterEndpoint: BlockManagerMasterEndpoint up
[2025-02-27T17:27:41.358+0000] {spark_submit.py:490} INFO - 25/02/27 17:27:41 INFO SparkEnv: Registering BlockManagerMasterHeartbeat
[2025-02-27T17:27:41.371+0000] {spark_submit.py:490} INFO - 25/02/27 17:27:41 INFO DiskBlockManager: Created local directory at /tmp/blockmgr-119c66ef-07da-40ff-adeb-73cf53389498
[2025-02-27T17:27:41.380+0000] {spark_submit.py:490} INFO - 25/02/27 17:27:41 INFO MemoryStore: MemoryStore started with capacity 434.4 MiB
[2025-02-27T17:27:41.388+0000] {spark_submit.py:490} INFO - 25/02/27 17:27:41 INFO SparkEnv: Registering OutputCommitCoordinator
[2025-02-27T17:27:41.488+0000] {spark_submit.py:490} INFO - 25/02/27 17:27:41 INFO JettyUtils: Start Jetty 0.0.0.0:4040 for SparkUI
[2025-02-27T17:27:41.592+0000] {spark_submit.py:490} INFO - 25/02/27 17:27:41 INFO Utils: Successfully started service 'SparkUI' on port 4040.
[2025-02-27T17:27:41.623+0000] {spark_submit.py:490} INFO - 25/02/27 17:27:41 INFO SparkContext: Added JAR file:///opt/bitnami/spark/jars/postgresql-42.7.5.jar at spark://6787c35814a1:40473/jars/postgresql-42.7.5.jar with timestamp 1740677261100
[2025-02-27T17:27:41.672+0000] {spark_submit.py:490} INFO - 25/02/27 17:27:41 INFO StandaloneAppClient$ClientEndpoint: Connecting to master spark://spark-master:7077...
[2025-02-27T17:27:41.699+0000] {spark_submit.py:490} INFO - 25/02/27 17:27:41 INFO TransportClientFactory: Successfully created connection to spark-master/172.19.0.3:7077 after 16 ms (0 ms spent in bootstraps)
[2025-02-27T17:27:41.840+0000] {spark_submit.py:490} INFO - 25/02/27 17:27:41 INFO StandaloneSchedulerBackend: Connected to Spark cluster with app ID app-20250227172741-0000
[2025-02-27T17:27:41.849+0000] {spark_submit.py:490} INFO - 25/02/27 17:27:41 INFO Utils: Successfully started service 'org.apache.spark.network.netty.NettyBlockTransferService' on port 43865.
[2025-02-27T17:27:41.850+0000] {spark_submit.py:490} INFO - 25/02/27 17:27:41 INFO NettyBlockTransferService: Server created on 6787c35814a1:43865
[2025-02-27T17:27:41.850+0000] {spark_submit.py:490} INFO - 25/02/27 17:27:41 INFO BlockManager: Using org.apache.spark.storage.RandomBlockReplicationPolicy for block replication policy
[2025-02-27T17:27:41.855+0000] {spark_submit.py:490} INFO - 25/02/27 17:27:41 INFO BlockManagerMaster: Registering BlockManager BlockManagerId(driver, 6787c35814a1, 43865, None)
[2025-02-27T17:27:41.859+0000] {spark_submit.py:490} INFO - 25/02/27 17:27:41 INFO BlockManagerMasterEndpoint: Registering block manager 6787c35814a1:43865 with 434.4 MiB RAM, BlockManagerId(driver, 6787c35814a1, 43865, None)
[2025-02-27T17:27:41.863+0000] {spark_submit.py:490} INFO - 25/02/27 17:27:41 INFO StandaloneAppClient$ClientEndpoint: Executor added: app-20250227172741-0000/0 on worker-20250227172640-172.19.0.6-38635 (172.19.0.6:38635) with 4 core(s)
[2025-02-27T17:27:41.863+0000] {spark_submit.py:490} INFO - 25/02/27 17:27:41 INFO BlockManagerMaster: Registered BlockManager BlockManagerId(driver, 6787c35814a1, 43865, None)
[2025-02-27T17:27:41.864+0000] {spark_submit.py:490} INFO - 25/02/27 17:27:41 INFO StandaloneSchedulerBackend: Granted executor ID app-20250227172741-0000/0 on hostPort 172.19.0.6:38635 with 4 core(s), 4.0 GiB RAM
[2025-02-27T17:27:41.864+0000] {spark_submit.py:490} INFO - 25/02/27 17:27:41 INFO BlockManager: Initialized BlockManager: BlockManagerId(driver, 6787c35814a1, 43865, None)
[2025-02-27T17:27:42.045+0000] {spark_submit.py:490} INFO - 25/02/27 17:27:42 INFO StandaloneSchedulerBackend: SchedulerBackend is ready for scheduling beginning after reached minRegisteredResourcesRatio: 0.0
[2025-02-27T17:27:42.105+0000] {spark_submit.py:490} INFO - /home/***/.local/lib/python3.7/site-packages/pyspark/python/lib/pyspark.zip/pyspark/context.py:317: FutureWarning: Python 3.7 support is deprecated in Spark 3.4.
[2025-02-27T17:27:42.106+0000] {spark_submit.py:490} INFO - warnings.warn("Python 3.7 support is deprecated in Spark 3.4.", FutureWarning)
[2025-02-27T17:27:42.169+0000] {spark_submit.py:490} INFO - 25/02/27 17:27:42 INFO StandaloneAppClient$ClientEndpoint: Executor updated: app-20250227172741-0000/0 is now RUNNING
[2025-02-27T17:27:42.218+0000] {spark_submit.py:490} INFO - 25/02/27 17:27:42 INFO SharedState: Setting hive.metastore.warehouse.dir ('null') to the value of spark.sql.warehouse.dir.
[2025-02-27T17:27:42.223+0000] {spark_submit.py:490} INFO - 25/02/27 17:27:42 INFO SharedState: Warehouse path is 'file:/opt/***/spark-warehouse'.
[2025-02-27T17:27:43.596+0000] {spark_submit.py:490} INFO - 25/02/27 17:27:43 INFO StandaloneSchedulerBackend$StandaloneDriverEndpoint: Registered executor NettyRpcEndpointRef(spark-client://Executor) (172.19.0.6:40846) with ID 0,  ResourceProfileId 0
[2025-02-27T17:27:43.636+0000] {spark_submit.py:490} INFO - 25/02/27 17:27:43 INFO BlockManagerMasterEndpoint: Registering block manager 172.19.0.6:46151 with 2.2 GiB RAM, BlockManagerId(0, 172.19.0.6, 46151, None)
[2025-02-27T17:27:44.719+0000] {spark_submit.py:490} INFO - 25/02/27 17:27:44 INFO CodeGenerator: Code generated in 114.540625 ms
[2025-02-27T17:27:44.765+0000] {spark_submit.py:490} INFO - 25/02/27 17:27:44 INFO DAGScheduler: Registering RDD 3 (showString at NativeMethodAccessorImpl.java:0) as input to shuffle 0
[2025-02-27T17:27:44.768+0000] {spark_submit.py:490} INFO - 25/02/27 17:27:44 INFO DAGScheduler: Got map stage job 0 (showString at NativeMethodAccessorImpl.java:0) with 1 output partitions
[2025-02-27T17:27:44.769+0000] {spark_submit.py:490} INFO - 25/02/27 17:27:44 INFO DAGScheduler: Final stage: ShuffleMapStage 0 (showString at NativeMethodAccessorImpl.java:0)
[2025-02-27T17:27:44.769+0000] {spark_submit.py:490} INFO - 25/02/27 17:27:44 INFO DAGScheduler: Parents of final stage: List()
[2025-02-27T17:27:44.770+0000] {spark_submit.py:490} INFO - 25/02/27 17:27:44 INFO CodeGenerator: Code generated in 8.748084 ms
[2025-02-27T17:27:44.771+0000] {spark_submit.py:490} INFO - 25/02/27 17:27:44 INFO DAGScheduler: Missing parents: List()
[2025-02-27T17:27:44.774+0000] {spark_submit.py:490} INFO - 25/02/27 17:27:44 INFO DAGScheduler: Submitting ShuffleMapStage 0 (MapPartitionsRDD[3] at showString at NativeMethodAccessorImpl.java:0), which has no missing parents
[2025-02-27T17:27:44.857+0000] {spark_submit.py:490} INFO - 25/02/27 17:27:44 INFO MemoryStore: Block broadcast_0 stored as values in memory (estimated size 16.8 KiB, free 434.4 MiB)
[2025-02-27T17:27:44.875+0000] {spark_submit.py:490} INFO - 25/02/27 17:27:44 INFO MemoryStore: Block broadcast_0_piece0 stored as bytes in memory (estimated size 8.0 KiB, free 434.4 MiB)
[2025-02-27T17:27:44.877+0000] {spark_submit.py:490} INFO - 25/02/27 17:27:44 INFO BlockManagerInfo: Added broadcast_0_piece0 in memory on 6787c35814a1:43865 (size: 8.0 KiB, free: 434.4 MiB)
[2025-02-27T17:27:44.878+0000] {spark_submit.py:490} INFO - 25/02/27 17:27:44 INFO SparkContext: Created broadcast 0 from broadcast at DAGScheduler.scala:1540
[2025-02-27T17:27:44.899+0000] {spark_submit.py:490} INFO - 25/02/27 17:27:44 INFO DAGScheduler: Submitting 1 missing tasks from ShuffleMapStage 0 (MapPartitionsRDD[3] at showString at NativeMethodAccessorImpl.java:0) (first 15 tasks are for partitions Vector(0))
[2025-02-27T17:27:44.900+0000] {spark_submit.py:490} INFO - 25/02/27 17:27:44 INFO TaskSchedulerImpl: Adding task set 0.0 with 1 tasks resource profile 0
[2025-02-27T17:27:44.911+0000] {spark_submit.py:490} INFO - 25/02/27 17:27:44 INFO DAGScheduler: Registering RDD 5 (showString at NativeMethodAccessorImpl.java:0) as input to shuffle 1
[2025-02-27T17:27:44.911+0000] {spark_submit.py:490} INFO - 25/02/27 17:27:44 INFO DAGScheduler: Got map stage job 1 (showString at NativeMethodAccessorImpl.java:0) with 1 output partitions
[2025-02-27T17:27:44.912+0000] {spark_submit.py:490} INFO - 25/02/27 17:27:44 INFO DAGScheduler: Final stage: ShuffleMapStage 1 (showString at NativeMethodAccessorImpl.java:0)
[2025-02-27T17:27:44.912+0000] {spark_submit.py:490} INFO - 25/02/27 17:27:44 INFO DAGScheduler: Parents of final stage: List()
[2025-02-27T17:27:44.912+0000] {spark_submit.py:490} INFO - 25/02/27 17:27:44 INFO DAGScheduler: Missing parents: List()
[2025-02-27T17:27:44.914+0000] {spark_submit.py:490} INFO - 25/02/27 17:27:44 INFO DAGScheduler: Submitting ShuffleMapStage 1 (MapPartitionsRDD[5] at showString at NativeMethodAccessorImpl.java:0), which has no missing parents
[2025-02-27T17:27:44.921+0000] {spark_submit.py:490} INFO - 25/02/27 17:27:44 INFO MemoryStore: Block broadcast_1 stored as values in memory (estimated size 14.4 KiB, free 434.4 MiB)
[2025-02-27T17:27:44.922+0000] {spark_submit.py:490} INFO - 25/02/27 17:27:44 INFO MemoryStore: Block broadcast_1_piece0 stored as bytes in memory (estimated size 7.5 KiB, free 434.4 MiB)
[2025-02-27T17:27:44.922+0000] {spark_submit.py:490} INFO - 25/02/27 17:27:44 INFO BlockManagerInfo: Added broadcast_1_piece0 in memory on 6787c35814a1:43865 (size: 7.5 KiB, free: 434.4 MiB)
[2025-02-27T17:27:44.923+0000] {spark_submit.py:490} INFO - 25/02/27 17:27:44 INFO SparkContext: Created broadcast 1 from broadcast at DAGScheduler.scala:1540
[2025-02-27T17:27:44.924+0000] {spark_submit.py:490} INFO - 25/02/27 17:27:44 INFO TaskSetManager: Starting task 0.0 in stage 0.0 (TID 0) (172.19.0.6, executor 0, partition 0, PROCESS_LOCAL, 8586 bytes)
[2025-02-27T17:27:44.924+0000] {spark_submit.py:490} INFO - 25/02/27 17:27:44 INFO DAGScheduler: Submitting 1 missing tasks from ShuffleMapStage 1 (MapPartitionsRDD[5] at showString at NativeMethodAccessorImpl.java:0) (first 15 tasks are for partitions Vector(0))
[2025-02-27T17:27:44.924+0000] {spark_submit.py:490} INFO - 25/02/27 17:27:44 INFO TaskSchedulerImpl: Adding task set 1.0 with 1 tasks resource profile 0
[2025-02-27T17:27:44.930+0000] {spark_submit.py:490} INFO - 25/02/27 17:27:44 INFO TaskSetManager: Starting task 0.0 in stage 1.0 (TID 1) (172.19.0.6, executor 0, partition 0, PROCESS_LOCAL, 8586 bytes)
[2025-02-27T17:45:14.927+0000] {local_task_job_runner.py:299} WARNING - State of this instance has been externally set to failed. Terminating instance.
[2025-02-27T17:45:14.931+0000] {process_utils.py:135} INFO - Sending Signals.SIGTERM to group 202. PIDs of all processes in the group: [203, 257, 202]
[2025-02-27T17:45:14.931+0000] {process_utils.py:86} INFO - Sending the signal Signals.SIGTERM to group 202
[2025-02-27T17:45:14.933+0000] {taskinstance.py:1540} ERROR - Received SIGTERM. Terminating subprocesses.
[2025-02-27T17:45:14.937+0000] {spark_submit.py:615} INFO - Sending kill signal to spark-submit
[2025-02-27T17:45:15.032+0000] {process_utils.py:79} INFO - Process psutil.Process(pid=203, status='terminated', started='17:27:38') (203) terminated with exit code None
[2025-02-27T17:45:15.034+0000] {process_utils.py:79} INFO - Process psutil.Process(pid=257, status='terminated', started='17:27:40') (257) terminated with exit code None
[2025-02-27T17:45:15.034+0000] {process_utils.py:79} INFO - Process psutil.Process(pid=202, status='terminated', exitcode=0, started='17:27:38') (202) terminated with exit code 0
