[2025-02-27T19:18:01.121+0000] {taskinstance.py:1125} INFO - Dependencies all met for dep_context=non-requeueable deps ti=<TaskInstance: api_to_db_dag.create_velib_station_status_table manual__2025-02-27T19:17:59.668113+00:00 [queued]>
[2025-02-27T19:18:01.126+0000] {taskinstance.py:1125} INFO - Dependencies all met for dep_context=requeueable deps ti=<TaskInstance: api_to_db_dag.create_velib_station_status_table manual__2025-02-27T19:17:59.668113+00:00 [queued]>
[2025-02-27T19:18:01.126+0000] {taskinstance.py:1331} INFO - Starting attempt 1 of 1
[2025-02-27T19:18:01.135+0000] {taskinstance.py:1350} INFO - Executing <Task(PostgresOperator): create_velib_station_status_table> on 2025-02-27 19:17:59.668113+00:00
[2025-02-27T19:18:01.138+0000] {standard_task_runner.py:57} INFO - Started process 178 to run task
[2025-02-27T19:18:01.141+0000] {standard_task_runner.py:84} INFO - Running: ['***', 'tasks', 'run', 'api_to_db_dag', 'create_velib_station_status_table', 'manual__2025-02-27T19:17:59.668113+00:00', '--job-id', '2', '--raw', '--subdir', 'DAGS_FOLDER/dag.py', '--cfg-path', '/tmp/tmppgeobsoh']
[2025-02-27T19:18:01.143+0000] {standard_task_runner.py:85} INFO - Job 2: Subtask create_velib_station_status_table
[2025-02-27T19:18:01.193+0000] {task_command.py:410} INFO - Running <TaskInstance: api_to_db_dag.create_velib_station_status_table manual__2025-02-27T19:17:59.668113+00:00 [running]> on host 4ff83f64f86f
[2025-02-27T19:18:01.270+0000] {taskinstance.py:1570} INFO - Exporting env vars: AIRFLOW_CTX_DAG_OWNER='***' AIRFLOW_CTX_DAG_ID='api_to_db_dag' AIRFLOW_CTX_TASK_ID='create_velib_station_status_table' AIRFLOW_CTX_EXECUTION_DATE='2025-02-27T19:17:59.668113+00:00' AIRFLOW_CTX_TRY_NUMBER='1' AIRFLOW_CTX_DAG_RUN_ID='manual__2025-02-27T19:17:59.668113+00:00'
[2025-02-27T19:18:01.271+0000] {sql.py:262} INFO - Executing: 
        CREATE TABLE IF NOT EXISTS public.velib_stations (
        station_id BIGINT,
        is_installed INT,
        is_renting INT,
        is_returning INT,
        last_reported TIMESTAMP,
        numBikesAvailable INT,
        numDocksAvailable INT,
        num_bikes_available INT,
        num_ebikes_available INT,
        num_mechanical_bikes_available INT,
        num_docks_available INT,
        PRIMARY KEY (station_id, last_reported)
    );
    
[2025-02-27T19:18:01.282+0000] {base.py:73} INFO - Using connection ID 'postgres_default' for task execution.
[2025-02-27T19:18:01.412+0000] {base.py:73} INFO - Using connection ID 'postgres_default' for task execution.
[2025-02-27T19:18:01.416+0000] {sql.py:375} INFO - Running statement: 
        CREATE TABLE IF NOT EXISTS public.velib_stations (
        station_id BIGINT,
        is_installed INT,
        is_renting INT,
        is_returning INT,
        last_reported TIMESTAMP,
        numBikesAvailable INT,
        numDocksAvailable INT,
        num_bikes_available INT,
        num_ebikes_available INT,
        num_mechanical_bikes_available INT,
        num_docks_available INT,
        PRIMARY KEY (station_id, last_reported)
    );
    , parameters: None
[2025-02-27T19:18:01.436+0000] {taskinstance.py:1373} INFO - Marking task as SUCCESS. dag_id=api_to_db_dag, task_id=create_velib_station_status_table, execution_date=20250227T191759, start_date=20250227T191801, end_date=20250227T191801
[2025-02-27T19:18:01.487+0000] {local_task_job_runner.py:232} INFO - Task exited with return code 0
[2025-02-27T19:18:01.505+0000] {taskinstance.py:2674} INFO - 1 downstream tasks scheduled from follow-on schedule check
