[2025-02-27T14:31:50.470+0000] {taskinstance.py:1125} INFO - Dependencies all met for dep_context=non-requeueable deps ti=<TaskInstance: api_to_db_dag.spark_join_task manual__2025-02-27T14:31:46.883129+00:00 [queued]>
[2025-02-27T14:31:50.476+0000] {taskinstance.py:1125} INFO - Dependencies all met for dep_context=requeueable deps ti=<TaskInstance: api_to_db_dag.spark_join_task manual__2025-02-27T14:31:46.883129+00:00 [queued]>
[2025-02-27T14:31:50.476+0000] {taskinstance.py:1331} INFO - Starting attempt 1 of 1
[2025-02-27T14:31:50.484+0000] {taskinstance.py:1350} INFO - Executing <Task(SparkSubmitOperator): spark_join_task> on 2025-02-27 14:31:46.883129+00:00
[2025-02-27T14:31:50.487+0000] {standard_task_runner.py:57} INFO - Started process 542 to run task
[2025-02-27T14:31:50.489+0000] {standard_task_runner.py:84} INFO - Running: ['***', 'tasks', 'run', 'api_to_db_dag', 'spark_join_task', 'manual__2025-02-27T14:31:46.883129+00:00', '--job-id', '22', '--raw', '--subdir', 'DAGS_FOLDER/dag.py', '--cfg-path', '/tmp/tmp7epfftub']
[2025-02-27T14:31:50.490+0000] {standard_task_runner.py:85} INFO - Job 22: Subtask spark_join_task
[2025-02-27T14:31:50.517+0000] {task_command.py:410} INFO - Running <TaskInstance: api_to_db_dag.spark_join_task manual__2025-02-27T14:31:46.883129+00:00 [running]> on host a552db7362e5
[2025-02-27T14:31:50.561+0000] {taskinstance.py:1570} INFO - Exporting env vars: AIRFLOW_CTX_DAG_OWNER='***' AIRFLOW_CTX_DAG_ID='api_to_db_dag' AIRFLOW_CTX_TASK_ID='spark_join_task' AIRFLOW_CTX_EXECUTION_DATE='2025-02-27T14:31:46.883129+00:00' AIRFLOW_CTX_TRY_NUMBER='1' AIRFLOW_CTX_DAG_RUN_ID='manual__2025-02-27T14:31:46.883129+00:00'
[2025-02-27T14:31:50.565+0000] {base.py:73} INFO - Using connection ID 'spark_default' for task execution.
[2025-02-27T14:31:50.566+0000] {spark_submit.py:339} INFO - Spark-Submit cmd: spark-submit --master spark-master:7077 --conf spark.master=spark://spark-master:7077 --conf spark.driver.extraClassPath=/opt/bitnami/spark/postgresql-42.7.5.jar --name spark_join --verbose /opt/***/dags/spark_join.py
[2025-02-27T14:31:51.546+0000] {spark_submit.py:490} INFO - Using properties file: null
[2025-02-27T14:31:51.601+0000] {spark_submit.py:490} INFO - Parsed arguments:
[2025-02-27T14:31:51.602+0000] {spark_submit.py:490} INFO - master                  spark-master:7077
[2025-02-27T14:31:51.602+0000] {spark_submit.py:490} INFO - remote                  null
[2025-02-27T14:31:51.602+0000] {spark_submit.py:490} INFO - deployMode              null
[2025-02-27T14:31:51.602+0000] {spark_submit.py:490} INFO - executorMemory          null
[2025-02-27T14:31:51.602+0000] {spark_submit.py:490} INFO - executorCores           null
[2025-02-27T14:31:51.602+0000] {spark_submit.py:490} INFO - totalExecutorCores      null
[2025-02-27T14:31:51.602+0000] {spark_submit.py:490} INFO - propertiesFile          null
[2025-02-27T14:31:51.603+0000] {spark_submit.py:490} INFO - driverMemory            null
[2025-02-27T14:31:51.603+0000] {spark_submit.py:490} INFO - driverCores             null
[2025-02-27T14:31:51.603+0000] {spark_submit.py:490} INFO - driverExtraClassPath    /opt/bitnami/spark/postgresql-42.7.5.jar
[2025-02-27T14:31:51.603+0000] {spark_submit.py:490} INFO - driverExtraLibraryPath  null
[2025-02-27T14:31:51.603+0000] {spark_submit.py:490} INFO - driverExtraJavaOptions  null
[2025-02-27T14:31:51.603+0000] {spark_submit.py:490} INFO - supervise               false
[2025-02-27T14:31:51.603+0000] {spark_submit.py:490} INFO - queue                   null
[2025-02-27T14:31:51.603+0000] {spark_submit.py:490} INFO - numExecutors            null
[2025-02-27T14:31:51.603+0000] {spark_submit.py:490} INFO - files                   null
[2025-02-27T14:31:51.603+0000] {spark_submit.py:490} INFO - pyFiles                 null
[2025-02-27T14:31:51.603+0000] {spark_submit.py:490} INFO - archives                null
[2025-02-27T14:31:51.604+0000] {spark_submit.py:490} INFO - mainClass               null
[2025-02-27T14:31:51.604+0000] {spark_submit.py:490} INFO - primaryResource         file:/opt/***/dags/spark_join.py
[2025-02-27T14:31:51.604+0000] {spark_submit.py:490} INFO - name                    spark_join
[2025-02-27T14:31:51.604+0000] {spark_submit.py:490} INFO - childArgs               []
[2025-02-27T14:31:51.605+0000] {spark_submit.py:490} INFO - jars                    null
[2025-02-27T14:31:51.605+0000] {spark_submit.py:490} INFO - packages                null
[2025-02-27T14:31:51.605+0000] {spark_submit.py:490} INFO - packagesExclusions      null
[2025-02-27T14:31:51.605+0000] {spark_submit.py:490} INFO - repositories            null
[2025-02-27T14:31:51.605+0000] {spark_submit.py:490} INFO - verbose                 true
[2025-02-27T14:31:51.605+0000] {spark_submit.py:490} INFO - 
[2025-02-27T14:31:51.605+0000] {spark_submit.py:490} INFO - Spark properties used, including those specified through
[2025-02-27T14:31:51.605+0000] {spark_submit.py:490} INFO - --conf and those from the properties file null:
[2025-02-27T14:31:51.605+0000] {spark_submit.py:490} INFO - (spark.driver.extraClassPath,/opt/bitnami/spark/postgresql-42.7.5.jar)
[2025-02-27T14:31:51.605+0000] {spark_submit.py:490} INFO - (spark.master,spark://spark-master:7077)
[2025-02-27T14:31:51.606+0000] {spark_submit.py:490} INFO - 
[2025-02-27T14:31:51.606+0000] {spark_submit.py:490} INFO - 
[2025-02-27T14:31:51.761+0000] {spark_submit.py:490} INFO - Main class:
[2025-02-27T14:31:51.761+0000] {spark_submit.py:490} INFO - org.apache.spark.deploy.PythonRunner
[2025-02-27T14:31:51.762+0000] {spark_submit.py:490} INFO - Arguments:
[2025-02-27T14:31:51.762+0000] {spark_submit.py:490} INFO - file:/opt/***/dags/spark_join.py
[2025-02-27T14:31:51.762+0000] {spark_submit.py:490} INFO - null
[2025-02-27T14:31:51.762+0000] {spark_submit.py:490} INFO - Spark config:
[2025-02-27T14:31:51.763+0000] {spark_submit.py:490} INFO - (spark.app.name,spark_join)
[2025-02-27T14:31:51.763+0000] {spark_submit.py:490} INFO - (spark.app.submitTime,1740666711753)
[2025-02-27T14:31:51.763+0000] {spark_submit.py:490} INFO - (spark.driver.extraClassPath,/opt/bitnami/spark/postgresql-42.7.5.jar)
[2025-02-27T14:31:51.763+0000] {spark_submit.py:490} INFO - (spark.master,spark-master:7077)
[2025-02-27T14:31:51.763+0000] {spark_submit.py:490} INFO - (spark.submit.deployMode,client)
[2025-02-27T14:31:51.763+0000] {spark_submit.py:490} INFO - (spark.submit.pyFiles,)
[2025-02-27T14:31:51.763+0000] {spark_submit.py:490} INFO - Classpath elements:
[2025-02-27T14:31:51.763+0000] {spark_submit.py:490} INFO - 
[2025-02-27T14:31:51.763+0000] {spark_submit.py:490} INFO - 
[2025-02-27T14:31:51.764+0000] {spark_submit.py:490} INFO - 
[2025-02-27T14:31:52.229+0000] {spark_submit.py:490} INFO - 25/02/27 14:31:52 INFO SparkContext: Running Spark version 3.4.4
[2025-02-27T14:31:52.263+0000] {spark_submit.py:490} INFO - 25/02/27 14:31:52 WARN NativeCodeLoader: Unable to load native-hadoop library for your platform... using builtin-java classes where applicable
[2025-02-27T14:31:52.321+0000] {spark_submit.py:490} INFO - 25/02/27 14:31:52 INFO ResourceUtils: ==============================================================
[2025-02-27T14:31:52.322+0000] {spark_submit.py:490} INFO - 25/02/27 14:31:52 INFO ResourceUtils: No custom resources configured for spark.driver.
[2025-02-27T14:31:52.322+0000] {spark_submit.py:490} INFO - 25/02/27 14:31:52 INFO ResourceUtils: ==============================================================
[2025-02-27T14:31:52.322+0000] {spark_submit.py:490} INFO - 25/02/27 14:31:52 INFO SparkContext: Submitted application: JoinVelibTables
[2025-02-27T14:31:52.334+0000] {spark_submit.py:490} INFO - 25/02/27 14:31:52 INFO ResourceProfile: Default ResourceProfile created, executor resources: Map(memory -> name: memory, amount: 1024, script: , vendor: , offHeap -> name: offHeap, amount: 0, script: , vendor: ), task resources: Map(cpus -> name: cpus, amount: 1.0)
[2025-02-27T14:31:52.342+0000] {spark_submit.py:490} INFO - 25/02/27 14:31:52 INFO ResourceProfile: Limiting resource is cpu
[2025-02-27T14:31:52.342+0000] {spark_submit.py:490} INFO - 25/02/27 14:31:52 INFO ResourceProfileManager: Added ResourceProfile id: 0
[2025-02-27T14:31:52.389+0000] {spark_submit.py:490} INFO - 25/02/27 14:31:52 INFO SecurityManager: Changing view acls to: ***
[2025-02-27T14:31:52.390+0000] {spark_submit.py:490} INFO - 25/02/27 14:31:52 INFO SecurityManager: Changing modify acls to: ***
[2025-02-27T14:31:52.393+0000] {spark_submit.py:490} INFO - 25/02/27 14:31:52 INFO SecurityManager: Changing view acls groups to:
[2025-02-27T14:31:52.394+0000] {spark_submit.py:490} INFO - 25/02/27 14:31:52 INFO SecurityManager: Changing modify acls groups to:
[2025-02-27T14:31:52.394+0000] {spark_submit.py:490} INFO - 25/02/27 14:31:52 INFO SecurityManager: SecurityManager: authentication disabled; ui acls disabled; users with view permissions: ***; groups with view permissions: EMPTY; users with modify permissions: ***; groups with modify permissions: EMPTY
[2025-02-27T14:31:52.512+0000] {spark_submit.py:490} INFO - 25/02/27 14:31:52 INFO Utils: Successfully started service 'sparkDriver' on port 35291.
[2025-02-27T14:31:52.528+0000] {spark_submit.py:490} INFO - 25/02/27 14:31:52 INFO SparkEnv: Registering MapOutputTracker
[2025-02-27T14:31:52.547+0000] {spark_submit.py:490} INFO - 25/02/27 14:31:52 INFO SparkEnv: Registering BlockManagerMaster
[2025-02-27T14:31:52.558+0000] {spark_submit.py:490} INFO - 25/02/27 14:31:52 INFO BlockManagerMasterEndpoint: Using org.apache.spark.storage.DefaultTopologyMapper for getting topology information
[2025-02-27T14:31:52.558+0000] {spark_submit.py:490} INFO - 25/02/27 14:31:52 INFO BlockManagerMasterEndpoint: BlockManagerMasterEndpoint up
[2025-02-27T14:31:52.561+0000] {spark_submit.py:490} INFO - 25/02/27 14:31:52 INFO SparkEnv: Registering BlockManagerMasterHeartbeat
[2025-02-27T14:31:52.583+0000] {spark_submit.py:490} INFO - 25/02/27 14:31:52 INFO DiskBlockManager: Created local directory at /tmp/blockmgr-21d22d00-1959-4e4f-9635-cc0ccecb3f7a
[2025-02-27T14:31:52.593+0000] {spark_submit.py:490} INFO - 25/02/27 14:31:52 INFO MemoryStore: MemoryStore started with capacity 434.4 MiB
[2025-02-27T14:31:52.604+0000] {spark_submit.py:490} INFO - 25/02/27 14:31:52 INFO SparkEnv: Registering OutputCommitCoordinator
[2025-02-27T14:31:52.678+0000] {spark_submit.py:490} INFO - 25/02/27 14:31:52 INFO JettyUtils: Start Jetty 0.0.0.0:4040 for SparkUI
[2025-02-27T14:31:52.709+0000] {spark_submit.py:490} INFO - 25/02/27 14:31:52 INFO Utils: Successfully started service 'SparkUI' on port 4040.
[2025-02-27T14:31:52.779+0000] {spark_submit.py:490} INFO - 25/02/27 14:31:52 INFO StandaloneAppClient$ClientEndpoint: Connecting to master spark://spark-master:7077...
[2025-02-27T14:31:52.820+0000] {spark_submit.py:490} INFO - 25/02/27 14:31:52 INFO TransportClientFactory: Successfully created connection to spark-master/172.19.0.3:7077 after 21 ms (0 ms spent in bootstraps)
[2025-02-27T14:31:52.890+0000] {spark_submit.py:490} INFO - 25/02/27 14:31:52 INFO StandaloneSchedulerBackend: Connected to Spark cluster with app ID app-20250227143152-0002
[2025-02-27T14:31:52.893+0000] {spark_submit.py:490} INFO - 25/02/27 14:31:52 INFO StandaloneAppClient$ClientEndpoint: Executor added: app-20250227143152-0002/0 on worker-20250227142930-172.19.0.5-43693 (172.19.0.5:43693) with 8 core(s)
[2025-02-27T14:31:52.895+0000] {spark_submit.py:490} INFO - 25/02/27 14:31:52 INFO StandaloneSchedulerBackend: Granted executor ID app-20250227143152-0002/0 on hostPort 172.19.0.5:43693 with 8 core(s), 1024.0 MiB RAM
[2025-02-27T14:31:52.898+0000] {spark_submit.py:490} INFO - 25/02/27 14:31:52 INFO Utils: Successfully started service 'org.apache.spark.network.netty.NettyBlockTransferService' on port 39659.
[2025-02-27T14:31:52.902+0000] {spark_submit.py:490} INFO - 25/02/27 14:31:52 INFO NettyBlockTransferService: Server created on a552db7362e5:39659
[2025-02-27T14:31:52.902+0000] {spark_submit.py:490} INFO - 25/02/27 14:31:52 INFO BlockManager: Using org.apache.spark.storage.RandomBlockReplicationPolicy for block replication policy
[2025-02-27T14:31:52.908+0000] {spark_submit.py:490} INFO - 25/02/27 14:31:52 INFO BlockManagerMaster: Registering BlockManager BlockManagerId(driver, a552db7362e5, 39659, None)
[2025-02-27T14:31:52.911+0000] {spark_submit.py:490} INFO - 25/02/27 14:31:52 INFO BlockManagerMasterEndpoint: Registering block manager a552db7362e5:39659 with 434.4 MiB RAM, BlockManagerId(driver, a552db7362e5, 39659, None)
[2025-02-27T14:31:52.914+0000] {spark_submit.py:490} INFO - 25/02/27 14:31:52 INFO BlockManagerMaster: Registered BlockManager BlockManagerId(driver, a552db7362e5, 39659, None)
[2025-02-27T14:31:52.916+0000] {spark_submit.py:490} INFO - 25/02/27 14:31:52 INFO BlockManager: Initialized BlockManager: BlockManagerId(driver, a552db7362e5, 39659, None)
[2025-02-27T14:31:52.988+0000] {spark_submit.py:490} INFO - 25/02/27 14:31:52 INFO StandaloneAppClient$ClientEndpoint: Executor updated: app-20250227143152-0002/0 is now RUNNING
[2025-02-27T14:31:53.145+0000] {spark_submit.py:490} INFO - 25/02/27 14:31:53 INFO StandaloneSchedulerBackend: SchedulerBackend is ready for scheduling beginning after reached minRegisteredResourcesRatio: 0.0
[2025-02-27T14:31:53.205+0000] {spark_submit.py:490} INFO - /home/***/.local/lib/python3.7/site-packages/pyspark/python/lib/pyspark.zip/pyspark/context.py:317: FutureWarning: Python 3.7 support is deprecated in Spark 3.4.
[2025-02-27T14:31:53.207+0000] {spark_submit.py:490} INFO - warnings.warn("Python 3.7 support is deprecated in Spark 3.4.", FutureWarning)
[2025-02-27T14:31:53.398+0000] {spark_submit.py:490} INFO - 25/02/27 14:31:53 INFO SharedState: Setting hive.metastore.warehouse.dir ('null') to the value of spark.sql.warehouse.dir.
[2025-02-27T14:31:53.404+0000] {spark_submit.py:490} INFO - 25/02/27 14:31:53 INFO SharedState: Warehouse path is 'file:/opt/***/spark-warehouse'.
[2025-02-27T14:31:54.080+0000] {spark_submit.py:490} INFO - Traceback (most recent call last):
[2025-02-27T14:31:54.082+0000] {spark_submit.py:490} INFO - File "/opt/***/dags/spark_join.py", line 31, in <module>
[2025-02-27T14:31:54.083+0000] {spark_submit.py:490} INFO - main()
[2025-02-27T14:31:54.083+0000] {spark_submit.py:490} INFO - File "/opt/***/dags/spark_join.py", line 19, in main
[2025-02-27T14:31:54.083+0000] {spark_submit.py:490} INFO - stations_df = spark.read.jdbc(url=jdbc_url, table="velib_stations", properties=connection_properties)
[2025-02-27T14:31:54.083+0000] {spark_submit.py:490} INFO - File "/home/***/.local/lib/python3.7/site-packages/pyspark/python/lib/pyspark.zip/pyspark/sql/readwriter.py", line 927, in jdbc
[2025-02-27T14:31:54.084+0000] {spark_submit.py:490} INFO - File "/home/***/.local/lib/python3.7/site-packages/pyspark/python/lib/py4j-0.10.9.7-src.zip/py4j/java_gateway.py", line 1323, in __call__
[2025-02-27T14:31:54.084+0000] {spark_submit.py:490} INFO - File "/home/***/.local/lib/python3.7/site-packages/pyspark/python/lib/pyspark.zip/pyspark/errors/exceptions/captured.py", line 169, in deco
[2025-02-27T14:31:54.084+0000] {spark_submit.py:490} INFO - File "/home/***/.local/lib/python3.7/site-packages/pyspark/python/lib/py4j-0.10.9.7-src.zip/py4j/protocol.py", line 328, in get_return_value
[2025-02-27T14:31:54.086+0000] {spark_submit.py:490} INFO - py4j.protocol.Py4JJavaError: An error occurred while calling o27.jdbc.
[2025-02-27T14:31:54.087+0000] {spark_submit.py:490} INFO - : java.lang.ClassNotFoundException: org.postgresql.Driver
[2025-02-27T14:31:54.088+0000] {spark_submit.py:490} INFO - at java.base/java.net.URLClassLoader.findClass(URLClassLoader.java:476)
[2025-02-27T14:31:54.088+0000] {spark_submit.py:490} INFO - at java.base/java.lang.ClassLoader.loadClass(ClassLoader.java:594)
[2025-02-27T14:31:54.089+0000] {spark_submit.py:490} INFO - at java.base/java.lang.ClassLoader.loadClass(ClassLoader.java:527)
[2025-02-27T14:31:54.089+0000] {spark_submit.py:490} INFO - at org.apache.spark.sql.execution.datasources.jdbc.DriverRegistry$.register(DriverRegistry.scala:46)
[2025-02-27T14:31:54.090+0000] {spark_submit.py:490} INFO - at org.apache.spark.sql.execution.datasources.jdbc.JDBCOptions.$anonfun$driverClass$1(JDBCOptions.scala:103)
[2025-02-27T14:31:54.090+0000] {spark_submit.py:490} INFO - at org.apache.spark.sql.execution.datasources.jdbc.JDBCOptions.$anonfun$driverClass$1$adapted(JDBCOptions.scala:103)
[2025-02-27T14:31:54.091+0000] {spark_submit.py:490} INFO - at scala.Option.foreach(Option.scala:407)
[2025-02-27T14:31:54.091+0000] {spark_submit.py:490} INFO - at org.apache.spark.sql.execution.datasources.jdbc.JDBCOptions.<init>(JDBCOptions.scala:103)
[2025-02-27T14:31:54.091+0000] {spark_submit.py:490} INFO - at org.apache.spark.sql.execution.datasources.jdbc.JDBCOptions.<init>(JDBCOptions.scala:41)
[2025-02-27T14:31:54.092+0000] {spark_submit.py:490} INFO - at org.apache.spark.sql.execution.datasources.jdbc.JdbcRelationProvider.createRelation(JdbcRelationProvider.scala:34)
[2025-02-27T14:31:54.092+0000] {spark_submit.py:490} INFO - at org.apache.spark.sql.execution.datasources.DataSource.resolveRelation(DataSource.scala:346)
[2025-02-27T14:31:54.093+0000] {spark_submit.py:490} INFO - at org.apache.spark.sql.DataFrameReader.loadV1Source(DataFrameReader.scala:229)
[2025-02-27T14:31:54.093+0000] {spark_submit.py:490} INFO - at org.apache.spark.sql.DataFrameReader.$anonfun$load$2(DataFrameReader.scala:211)
[2025-02-27T14:31:54.093+0000] {spark_submit.py:490} INFO - at scala.Option.getOrElse(Option.scala:189)
[2025-02-27T14:31:54.094+0000] {spark_submit.py:490} INFO - at org.apache.spark.sql.DataFrameReader.load(DataFrameReader.scala:211)
[2025-02-27T14:31:54.094+0000] {spark_submit.py:490} INFO - at org.apache.spark.sql.DataFrameReader.load(DataFrameReader.scala:172)
[2025-02-27T14:31:54.094+0000] {spark_submit.py:490} INFO - at org.apache.spark.sql.DataFrameReader.jdbc(DataFrameReader.scala:249)
[2025-02-27T14:31:54.095+0000] {spark_submit.py:490} INFO - at java.base/jdk.internal.reflect.NativeMethodAccessorImpl.invoke0(Native Method)
[2025-02-27T14:31:54.095+0000] {spark_submit.py:490} INFO - at java.base/jdk.internal.reflect.NativeMethodAccessorImpl.invoke(NativeMethodAccessorImpl.java:62)
[2025-02-27T14:31:54.095+0000] {spark_submit.py:490} INFO - at java.base/jdk.internal.reflect.DelegatingMethodAccessorImpl.invoke(DelegatingMethodAccessorImpl.java:43)
[2025-02-27T14:31:54.095+0000] {spark_submit.py:490} INFO - at java.base/java.lang.reflect.Method.invoke(Method.java:566)
[2025-02-27T14:31:54.096+0000] {spark_submit.py:490} INFO - at py4j.reflection.MethodInvoker.invoke(MethodInvoker.java:244)
[2025-02-27T14:31:54.096+0000] {spark_submit.py:490} INFO - at py4j.reflection.ReflectionEngine.invoke(ReflectionEngine.java:374)
[2025-02-27T14:31:54.096+0000] {spark_submit.py:490} INFO - at py4j.Gateway.invoke(Gateway.java:282)
[2025-02-27T14:31:54.096+0000] {spark_submit.py:490} INFO - at py4j.commands.AbstractCommand.invokeMethod(AbstractCommand.java:132)
[2025-02-27T14:31:54.096+0000] {spark_submit.py:490} INFO - at py4j.commands.CallCommand.execute(CallCommand.java:79)
[2025-02-27T14:31:54.097+0000] {spark_submit.py:490} INFO - at py4j.ClientServerConnection.waitForCommands(ClientServerConnection.java:182)
[2025-02-27T14:31:54.097+0000] {spark_submit.py:490} INFO - at py4j.ClientServerConnection.run(ClientServerConnection.java:106)
[2025-02-27T14:31:54.097+0000] {spark_submit.py:490} INFO - at java.base/java.lang.Thread.run(Thread.java:829)
[2025-02-27T14:31:54.097+0000] {spark_submit.py:490} INFO - 
[2025-02-27T14:31:54.117+0000] {spark_submit.py:490} INFO - 25/02/27 14:31:54 INFO SparkContext: Invoking stop() from shutdown hook
[2025-02-27T14:31:54.118+0000] {spark_submit.py:490} INFO - 25/02/27 14:31:54 INFO SparkContext: SparkContext is stopping with exitCode 0.
[2025-02-27T14:31:54.128+0000] {spark_submit.py:490} INFO - 25/02/27 14:31:54 INFO SparkUI: Stopped Spark web UI at http://a552db7362e5:4040
[2025-02-27T14:31:54.135+0000] {spark_submit.py:490} INFO - 25/02/27 14:31:54 INFO StandaloneSchedulerBackend: Shutting down all executors
[2025-02-27T14:31:54.141+0000] {spark_submit.py:490} INFO - 25/02/27 14:31:54 INFO StandaloneSchedulerBackend$StandaloneDriverEndpoint: Asking each executor to shut down
[2025-02-27T14:31:54.159+0000] {spark_submit.py:490} INFO - 25/02/27 14:31:54 INFO MapOutputTrackerMasterEndpoint: MapOutputTrackerMasterEndpoint stopped!
[2025-02-27T14:31:54.178+0000] {spark_submit.py:490} INFO - 25/02/27 14:31:54 INFO MemoryStore: MemoryStore cleared
[2025-02-27T14:31:54.178+0000] {spark_submit.py:490} INFO - 25/02/27 14:31:54 INFO BlockManager: BlockManager stopped
[2025-02-27T14:31:54.182+0000] {spark_submit.py:490} INFO - 25/02/27 14:31:54 INFO BlockManagerMaster: BlockManagerMaster stopped
[2025-02-27T14:31:54.184+0000] {spark_submit.py:490} INFO - 25/02/27 14:31:54 INFO OutputCommitCoordinator$OutputCommitCoordinatorEndpoint: OutputCommitCoordinator stopped!
[2025-02-27T14:31:54.191+0000] {spark_submit.py:490} INFO - 25/02/27 14:31:54 INFO SparkContext: Successfully stopped SparkContext
[2025-02-27T14:31:54.192+0000] {spark_submit.py:490} INFO - 25/02/27 14:31:54 INFO ShutdownHookManager: Shutdown hook called
[2025-02-27T14:31:54.192+0000] {spark_submit.py:490} INFO - 25/02/27 14:31:54 INFO ShutdownHookManager: Deleting directory /tmp/spark-cbb7c1b9-610b-4954-8d1b-6ffa45b4ac4b
[2025-02-27T14:31:54.198+0000] {spark_submit.py:490} INFO - 25/02/27 14:31:54 INFO ShutdownHookManager: Deleting directory /tmp/spark-a02683b1-d758-4913-afd3-7711132a82c1
[2025-02-27T14:31:54.206+0000] {spark_submit.py:490} INFO - 25/02/27 14:31:54 INFO ShutdownHookManager: Deleting directory /tmp/spark-cbb7c1b9-610b-4954-8d1b-6ffa45b4ac4b/pyspark-6a9ec761-a44d-4a8d-be76-39bb16d5b45a
[2025-02-27T14:31:54.288+0000] {taskinstance.py:1847} ERROR - Task failed with exception
Traceback (most recent call last):
  File "/home/airflow/.local/lib/python3.7/site-packages/airflow/providers/apache/spark/operators/spark_submit.py", line 157, in execute
    self._hook.submit(self._application)
  File "/home/airflow/.local/lib/python3.7/site-packages/airflow/providers/apache/spark/hooks/spark_submit.py", line 422, in submit
    f"Cannot execute: {self._mask_cmd(spark_submit_cmd)}. Error code is: {returncode}."
airflow.exceptions.AirflowException: Cannot execute: spark-submit --master spark-master:7077 --conf spark.master=spark://spark-master:7077 --conf spark.driver.extraClassPath=/opt/bitnami/spark/postgresql-42.7.5.jar --name spark_join --verbose /opt/***/dags/spark_join.py. Error code is: 1.
[2025-02-27T14:31:54.293+0000] {taskinstance.py:1373} INFO - Marking task as FAILED. dag_id=api_to_db_dag, task_id=spark_join_task, execution_date=20250227T143146, start_date=20250227T143150, end_date=20250227T143154
[2025-02-27T14:31:54.306+0000] {standard_task_runner.py:109} ERROR - Failed to execute job 22 for task spark_join_task (Cannot execute: spark-submit --master spark-master:7077 --conf spark.master=spark://spark-master:7077 --conf spark.driver.extraClassPath=/opt/bitnami/spark/postgresql-42.7.5.jar --name spark_join --verbose /opt/***/dags/spark_join.py. Error code is: 1.; 542)
[2025-02-27T14:31:54.336+0000] {local_task_job_runner.py:232} INFO - Task exited with return code 1
[2025-02-27T14:31:54.358+0000] {taskinstance.py:2674} INFO - 0 downstream tasks scheduled from follow-on schedule check
