[2025-02-27T19:54:44.367+0000] {taskinstance.py:1125} INFO - Dependencies all met for dep_context=non-requeueable deps ti=<TaskInstance: api_to_db_dag.spark_join_task manual__2025-02-27T19:54:42.776456+00:00 [queued]>
[2025-02-27T19:54:44.372+0000] {taskinstance.py:1125} INFO - Dependencies all met for dep_context=requeueable deps ti=<TaskInstance: api_to_db_dag.spark_join_task manual__2025-02-27T19:54:42.776456+00:00 [queued]>
[2025-02-27T19:54:44.372+0000] {taskinstance.py:1331} INFO - Starting attempt 1 of 1
[2025-02-27T19:54:44.380+0000] {taskinstance.py:1350} INFO - Executing <Task(SparkSubmitOperator): spark_join_task> on 2025-02-27 19:54:42.776456+00:00
[2025-02-27T19:54:44.384+0000] {standard_task_runner.py:57} INFO - Started process 171 to run task
[2025-02-27T19:54:44.387+0000] {standard_task_runner.py:84} INFO - Running: ['***', 'tasks', 'run', 'api_to_db_dag', 'spark_join_task', 'manual__2025-02-27T19:54:42.776456+00:00', '--job-id', '19', '--raw', '--subdir', 'DAGS_FOLDER/dag.py', '--cfg-path', '/tmp/tmprj4u3hqp']
[2025-02-27T19:54:44.389+0000] {standard_task_runner.py:85} INFO - Job 19: Subtask spark_join_task
[2025-02-27T19:54:44.440+0000] {task_command.py:410} INFO - Running <TaskInstance: api_to_db_dag.spark_join_task manual__2025-02-27T19:54:42.776456+00:00 [running]> on host 4ff83f64f86f
[2025-02-27T19:54:44.496+0000] {taskinstance.py:1570} INFO - Exporting env vars: AIRFLOW_CTX_DAG_OWNER='***' AIRFLOW_CTX_DAG_ID='api_to_db_dag' AIRFLOW_CTX_TASK_ID='spark_join_task' AIRFLOW_CTX_EXECUTION_DATE='2025-02-27T19:54:42.776456+00:00' AIRFLOW_CTX_TRY_NUMBER='1' AIRFLOW_CTX_DAG_RUN_ID='manual__2025-02-27T19:54:42.776456+00:00'
[2025-02-27T19:54:44.505+0000] {base.py:73} INFO - Using connection ID 'spark_default' for task execution.
[2025-02-27T19:54:44.506+0000] {spark_submit.py:339} INFO - Spark-Submit cmd: spark-submit --master spark-master:7077 --conf spark.master=spark://spark-master:7077 --conf spark.driver.extraClassPath=/opt/bitnami/spark/jars/postgresql-42.7.5.jar --conf spark.executor.extraClassPath=/opt/bitnami/spark/jars/postgresql-42.7.5.jar --conf spark.jars=/opt/bitnami/spark/jars/postgresql-42.7.5.jar --name spark_join --verbose /opt/***/dags/spark_join.py
[2025-02-27T19:54:45.586+0000] {spark_submit.py:490} INFO - Using properties file: null
[2025-02-27T19:54:45.663+0000] {spark_submit.py:490} INFO - Parsed arguments:
[2025-02-27T19:54:45.664+0000] {spark_submit.py:490} INFO - master                  spark-master:7077
[2025-02-27T19:54:45.664+0000] {spark_submit.py:490} INFO - remote                  null
[2025-02-27T19:54:45.664+0000] {spark_submit.py:490} INFO - deployMode              null
[2025-02-27T19:54:45.665+0000] {spark_submit.py:490} INFO - executorMemory          null
[2025-02-27T19:54:45.665+0000] {spark_submit.py:490} INFO - executorCores           null
[2025-02-27T19:54:45.665+0000] {spark_submit.py:490} INFO - totalExecutorCores      null
[2025-02-27T19:54:45.665+0000] {spark_submit.py:490} INFO - propertiesFile          null
[2025-02-27T19:54:45.666+0000] {spark_submit.py:490} INFO - driverMemory            null
[2025-02-27T19:54:45.666+0000] {spark_submit.py:490} INFO - driverCores             null
[2025-02-27T19:54:45.666+0000] {spark_submit.py:490} INFO - driverExtraClassPath    /opt/bitnami/spark/jars/postgresql-42.7.5.jar
[2025-02-27T19:54:45.666+0000] {spark_submit.py:490} INFO - driverExtraLibraryPath  null
[2025-02-27T19:54:45.666+0000] {spark_submit.py:490} INFO - driverExtraJavaOptions  null
[2025-02-27T19:54:45.666+0000] {spark_submit.py:490} INFO - supervise               false
[2025-02-27T19:54:45.667+0000] {spark_submit.py:490} INFO - queue                   null
[2025-02-27T19:54:45.667+0000] {spark_submit.py:490} INFO - numExecutors            null
[2025-02-27T19:54:45.667+0000] {spark_submit.py:490} INFO - files                   null
[2025-02-27T19:54:45.667+0000] {spark_submit.py:490} INFO - pyFiles                 null
[2025-02-27T19:54:45.667+0000] {spark_submit.py:490} INFO - archives                null
[2025-02-27T19:54:45.667+0000] {spark_submit.py:490} INFO - mainClass               null
[2025-02-27T19:54:45.668+0000] {spark_submit.py:490} INFO - primaryResource         file:/opt/***/dags/spark_join.py
[2025-02-27T19:54:45.668+0000] {spark_submit.py:490} INFO - name                    spark_join
[2025-02-27T19:54:45.668+0000] {spark_submit.py:490} INFO - childArgs               []
[2025-02-27T19:54:45.668+0000] {spark_submit.py:490} INFO - jars                    /opt/bitnami/spark/jars/postgresql-42.7.5.jar
[2025-02-27T19:54:45.668+0000] {spark_submit.py:490} INFO - packages                null
[2025-02-27T19:54:45.668+0000] {spark_submit.py:490} INFO - packagesExclusions      null
[2025-02-27T19:54:45.668+0000] {spark_submit.py:490} INFO - repositories            null
[2025-02-27T19:54:45.669+0000] {spark_submit.py:490} INFO - verbose                 true
[2025-02-27T19:54:45.669+0000] {spark_submit.py:490} INFO - 
[2025-02-27T19:54:45.669+0000] {spark_submit.py:490} INFO - Spark properties used, including those specified through
[2025-02-27T19:54:45.669+0000] {spark_submit.py:490} INFO - --conf and those from the properties file null:
[2025-02-27T19:54:45.669+0000] {spark_submit.py:490} INFO - (spark.driver.extraClassPath,/opt/bitnami/spark/jars/postgresql-42.7.5.jar)
[2025-02-27T19:54:45.670+0000] {spark_submit.py:490} INFO - (spark.executor.extraClassPath,/opt/bitnami/spark/jars/postgresql-42.7.5.jar)
[2025-02-27T19:54:45.670+0000] {spark_submit.py:490} INFO - (spark.jars,/opt/bitnami/spark/jars/postgresql-42.7.5.jar)
[2025-02-27T19:54:45.670+0000] {spark_submit.py:490} INFO - (spark.master,spark://spark-master:7077)
[2025-02-27T19:54:45.670+0000] {spark_submit.py:490} INFO - 
[2025-02-27T19:54:45.670+0000] {spark_submit.py:490} INFO - 
[2025-02-27T19:54:45.876+0000] {spark_submit.py:490} INFO - 25/02/27 19:54:45 WARN NativeCodeLoader: Unable to load native-hadoop library for your platform... using builtin-java classes where applicable
[2025-02-27T19:54:46.020+0000] {spark_submit.py:490} INFO - Main class:
[2025-02-27T19:54:46.020+0000] {spark_submit.py:490} INFO - org.apache.spark.deploy.PythonRunner
[2025-02-27T19:54:46.020+0000] {spark_submit.py:490} INFO - Arguments:
[2025-02-27T19:54:46.020+0000] {spark_submit.py:490} INFO - file:/opt/***/dags/spark_join.py
[2025-02-27T19:54:46.020+0000] {spark_submit.py:490} INFO - null
[2025-02-27T19:54:46.021+0000] {spark_submit.py:490} INFO - Spark config:
[2025-02-27T19:54:46.021+0000] {spark_submit.py:490} INFO - (spark.app.name,spark_join)
[2025-02-27T19:54:46.022+0000] {spark_submit.py:490} INFO - (spark.app.submitTime,1740686086009)
[2025-02-27T19:54:46.022+0000] {spark_submit.py:490} INFO - (spark.driver.extraClassPath,/opt/bitnami/spark/jars/postgresql-42.7.5.jar)
[2025-02-27T19:54:46.022+0000] {spark_submit.py:490} INFO - (spark.executor.extraClassPath,/opt/bitnami/spark/jars/postgresql-42.7.5.jar)
[2025-02-27T19:54:46.022+0000] {spark_submit.py:490} INFO - (spark.jars,file:///opt/bitnami/spark/jars/postgresql-42.7.5.jar)
[2025-02-27T19:54:46.022+0000] {spark_submit.py:490} INFO - (spark.master,spark-master:7077)
[2025-02-27T19:54:46.022+0000] {spark_submit.py:490} INFO - (spark.repl.local.jars,file:///opt/bitnami/spark/jars/postgresql-42.7.5.jar)
[2025-02-27T19:54:46.025+0000] {spark_submit.py:490} INFO - (spark.submit.deployMode,client)
[2025-02-27T19:54:46.025+0000] {spark_submit.py:490} INFO - (spark.submit.pyFiles,)
[2025-02-27T19:54:46.025+0000] {spark_submit.py:490} INFO - Classpath elements:
[2025-02-27T19:54:46.026+0000] {spark_submit.py:490} INFO - file:///opt/bitnami/spark/jars/postgresql-42.7.5.jar
[2025-02-27T19:54:46.026+0000] {spark_submit.py:490} INFO - 
[2025-02-27T19:54:46.026+0000] {spark_submit.py:490} INFO - 
[2025-02-27T19:54:46.554+0000] {spark_submit.py:490} INFO - 25/02/27 19:54:46 INFO SparkContext: Running Spark version 3.4.4
[2025-02-27T19:54:46.571+0000] {spark_submit.py:490} INFO - 25/02/27 19:54:46 INFO ResourceUtils: ==============================================================
[2025-02-27T19:54:46.571+0000] {spark_submit.py:490} INFO - 25/02/27 19:54:46 INFO ResourceUtils: No custom resources configured for spark.driver.
[2025-02-27T19:54:46.577+0000] {spark_submit.py:490} INFO - 25/02/27 19:54:46 INFO ResourceUtils: ==============================================================
[2025-02-27T19:54:46.577+0000] {spark_submit.py:490} INFO - 25/02/27 19:54:46 INFO SparkContext: Submitted application: JoinVelibTables
[2025-02-27T19:54:46.583+0000] {spark_submit.py:490} INFO - 25/02/27 19:54:46 INFO ResourceProfile: Default ResourceProfile created, executor resources: Map(cores -> name: cores, amount: 4, script: , vendor: , memory -> name: memory, amount: 4096, script: , vendor: , offHeap -> name: offHeap, amount: 0, script: , vendor: ), task resources: Map(cpus -> name: cpus, amount: 1.0)
[2025-02-27T19:54:46.599+0000] {spark_submit.py:490} INFO - 25/02/27 19:54:46 INFO ResourceProfile: Limiting resource is cpus at 4 tasks per executor
[2025-02-27T19:54:46.600+0000] {spark_submit.py:490} INFO - 25/02/27 19:54:46 INFO ResourceProfileManager: Added ResourceProfile id: 0
[2025-02-27T19:54:46.633+0000] {spark_submit.py:490} INFO - 25/02/27 19:54:46 INFO SecurityManager: Changing view acls to: ***
[2025-02-27T19:54:46.634+0000] {spark_submit.py:490} INFO - 25/02/27 19:54:46 INFO SecurityManager: Changing modify acls to: ***
[2025-02-27T19:54:46.634+0000] {spark_submit.py:490} INFO - 25/02/27 19:54:46 INFO SecurityManager: Changing view acls groups to:
[2025-02-27T19:54:46.634+0000] {spark_submit.py:490} INFO - 25/02/27 19:54:46 INFO SecurityManager: Changing modify acls groups to:
[2025-02-27T19:54:46.634+0000] {spark_submit.py:490} INFO - 25/02/27 19:54:46 INFO SecurityManager: SecurityManager: authentication disabled; ui acls disabled; users with view permissions: ***; groups with view permissions: EMPTY; users with modify permissions: ***; groups with modify permissions: EMPTY
[2025-02-27T19:54:46.759+0000] {spark_submit.py:490} INFO - 25/02/27 19:54:46 INFO Utils: Successfully started service 'sparkDriver' on port 38397.
[2025-02-27T19:54:46.775+0000] {spark_submit.py:490} INFO - 25/02/27 19:54:46 INFO SparkEnv: Registering MapOutputTracker
[2025-02-27T19:54:46.795+0000] {spark_submit.py:490} INFO - 25/02/27 19:54:46 INFO SparkEnv: Registering BlockManagerMaster
[2025-02-27T19:54:46.805+0000] {spark_submit.py:490} INFO - 25/02/27 19:54:46 INFO BlockManagerMasterEndpoint: Using org.apache.spark.storage.DefaultTopologyMapper for getting topology information
[2025-02-27T19:54:46.805+0000] {spark_submit.py:490} INFO - 25/02/27 19:54:46 INFO BlockManagerMasterEndpoint: BlockManagerMasterEndpoint up
[2025-02-27T19:54:46.807+0000] {spark_submit.py:490} INFO - 25/02/27 19:54:46 INFO SparkEnv: Registering BlockManagerMasterHeartbeat
[2025-02-27T19:54:46.819+0000] {spark_submit.py:490} INFO - 25/02/27 19:54:46 INFO DiskBlockManager: Created local directory at /tmp/blockmgr-cd326e31-eaf5-4af5-9745-6488b873f2ad
[2025-02-27T19:54:46.828+0000] {spark_submit.py:490} INFO - 25/02/27 19:54:46 INFO MemoryStore: MemoryStore started with capacity 434.4 MiB
[2025-02-27T19:54:46.836+0000] {spark_submit.py:490} INFO - 25/02/27 19:54:46 INFO SparkEnv: Registering OutputCommitCoordinator
[2025-02-27T19:54:46.905+0000] {spark_submit.py:490} INFO - 25/02/27 19:54:46 INFO JettyUtils: Start Jetty 0.0.0.0:4040 for SparkUI
[2025-02-27T19:54:46.943+0000] {spark_submit.py:490} INFO - 25/02/27 19:54:46 INFO Utils: Successfully started service 'SparkUI' on port 4040.
[2025-02-27T19:54:46.965+0000] {spark_submit.py:490} INFO - 25/02/27 19:54:46 INFO SparkContext: Added JAR file:///opt/bitnami/spark/jars/postgresql-42.7.5.jar at spark://4ff83f64f86f:38397/jars/postgresql-42.7.5.jar with timestamp 1740686086549
[2025-02-27T19:54:47.015+0000] {spark_submit.py:490} INFO - 25/02/27 19:54:47 INFO StandaloneAppClient$ClientEndpoint: Connecting to master spark://spark-master:7077...
[2025-02-27T19:54:47.045+0000] {spark_submit.py:490} INFO - 25/02/27 19:54:47 INFO TransportClientFactory: Successfully created connection to spark-master/172.18.0.3:7077 after 17 ms (0 ms spent in bootstraps)
[2025-02-27T19:54:47.115+0000] {spark_submit.py:490} INFO - 25/02/27 19:54:47 INFO StandaloneSchedulerBackend: Connected to Spark cluster with app ID app-20250227195447-0001
[2025-02-27T19:54:47.115+0000] {spark_submit.py:490} INFO - 25/02/27 19:54:47 INFO StandaloneAppClient$ClientEndpoint: Executor added: app-20250227195447-0001/0 on worker-20250227191710-172.18.0.6-40729 (172.18.0.6:40729) with 4 core(s)
[2025-02-27T19:54:47.116+0000] {spark_submit.py:490} INFO - 25/02/27 19:54:47 INFO StandaloneSchedulerBackend: Granted executor ID app-20250227195447-0001/0 on hostPort 172.18.0.6:40729 with 4 core(s), 4.0 GiB RAM
[2025-02-27T19:54:47.120+0000] {spark_submit.py:490} INFO - 25/02/27 19:54:47 INFO Utils: Successfully started service 'org.apache.spark.network.netty.NettyBlockTransferService' on port 36439.
[2025-02-27T19:54:47.120+0000] {spark_submit.py:490} INFO - 25/02/27 19:54:47 INFO NettyBlockTransferService: Server created on 4ff83f64f86f:36439
[2025-02-27T19:54:47.121+0000] {spark_submit.py:490} INFO - 25/02/27 19:54:47 INFO BlockManager: Using org.apache.spark.storage.RandomBlockReplicationPolicy for block replication policy
[2025-02-27T19:54:47.125+0000] {spark_submit.py:490} INFO - 25/02/27 19:54:47 INFO BlockManagerMaster: Registering BlockManager BlockManagerId(driver, 4ff83f64f86f, 36439, None)
[2025-02-27T19:54:47.128+0000] {spark_submit.py:490} INFO - 25/02/27 19:54:47 INFO BlockManagerMasterEndpoint: Registering block manager 4ff83f64f86f:36439 with 434.4 MiB RAM, BlockManagerId(driver, 4ff83f64f86f, 36439, None)
[2025-02-27T19:54:47.130+0000] {spark_submit.py:490} INFO - 25/02/27 19:54:47 INFO BlockManagerMaster: Registered BlockManager BlockManagerId(driver, 4ff83f64f86f, 36439, None)
[2025-02-27T19:54:47.131+0000] {spark_submit.py:490} INFO - 25/02/27 19:54:47 INFO BlockManager: Initialized BlockManager: BlockManagerId(driver, 4ff83f64f86f, 36439, None)
[2025-02-27T19:54:47.202+0000] {spark_submit.py:490} INFO - 25/02/27 19:54:47 INFO StandaloneAppClient$ClientEndpoint: Executor updated: app-20250227195447-0001/0 is now RUNNING
[2025-02-27T19:54:47.307+0000] {spark_submit.py:490} INFO - 25/02/27 19:54:47 INFO StandaloneSchedulerBackend: SchedulerBackend is ready for scheduling beginning after reached minRegisteredResourcesRatio: 0.0
[2025-02-27T19:54:47.332+0000] {spark_submit.py:490} INFO - /home/***/.local/lib/python3.7/site-packages/pyspark/python/lib/pyspark.zip/pyspark/context.py:317: FutureWarning: Python 3.7 support is deprecated in Spark 3.4.
[2025-02-27T19:54:47.332+0000] {spark_submit.py:490} INFO - warnings.warn("Python 3.7 support is deprecated in Spark 3.4.", FutureWarning)
[2025-02-27T19:54:47.432+0000] {spark_submit.py:490} INFO - 25/02/27 19:54:47 INFO SharedState: Setting hive.metastore.warehouse.dir ('null') to the value of spark.sql.warehouse.dir.
[2025-02-27T19:54:47.437+0000] {spark_submit.py:490} INFO - 25/02/27 19:54:47 INFO SharedState: Warehouse path is 'file:/opt/***/spark-warehouse'.
[2025-02-27T19:54:48.527+0000] {spark_submit.py:490} INFO - 25/02/27 19:54:48 INFO StandaloneSchedulerBackend$StandaloneDriverEndpoint: Registered executor NettyRpcEndpointRef(spark-client://Executor) (172.18.0.6:35966) with ID 0,  ResourceProfileId 0
[2025-02-27T19:54:48.572+0000] {spark_submit.py:490} INFO - 25/02/27 19:54:48 INFO BlockManagerMasterEndpoint: Registering block manager 172.18.0.6:40775 with 2.2 GiB RAM, BlockManagerId(0, 172.18.0.6, 40775, None)
[2025-02-27T19:54:49.767+0000] {spark_submit.py:490} INFO - 25/02/27 19:54:49 INFO CodeGenerator: Code generated in 108.030584 ms
[2025-02-27T19:54:49.811+0000] {spark_submit.py:490} INFO - 25/02/27 19:54:49 INFO DAGScheduler: Registering RDD 2 (count at NativeMethodAccessorImpl.java:0) as input to shuffle 0
[2025-02-27T19:54:49.814+0000] {spark_submit.py:490} INFO - 25/02/27 19:54:49 INFO DAGScheduler: Got map stage job 0 (count at NativeMethodAccessorImpl.java:0) with 1 output partitions
[2025-02-27T19:54:49.814+0000] {spark_submit.py:490} INFO - 25/02/27 19:54:49 INFO DAGScheduler: Final stage: ShuffleMapStage 0 (count at NativeMethodAccessorImpl.java:0)
[2025-02-27T19:54:49.814+0000] {spark_submit.py:490} INFO - 25/02/27 19:54:49 INFO DAGScheduler: Parents of final stage: List()
[2025-02-27T19:54:49.815+0000] {spark_submit.py:490} INFO - 25/02/27 19:54:49 INFO DAGScheduler: Missing parents: List()
[2025-02-27T19:54:49.818+0000] {spark_submit.py:490} INFO - 25/02/27 19:54:49 INFO DAGScheduler: Submitting ShuffleMapStage 0 (MapPartitionsRDD[2] at count at NativeMethodAccessorImpl.java:0), which has no missing parents
[2025-02-27T19:54:49.917+0000] {spark_submit.py:490} INFO - 25/02/27 19:54:49 INFO MemoryStore: Block broadcast_0 stored as values in memory (estimated size 13.4 KiB, free 434.4 MiB)
[2025-02-27T19:54:49.938+0000] {spark_submit.py:490} INFO - 25/02/27 19:54:49 INFO MemoryStore: Block broadcast_0_piece0 stored as bytes in memory (estimated size 7.1 KiB, free 434.4 MiB)
[2025-02-27T19:54:49.940+0000] {spark_submit.py:490} INFO - 25/02/27 19:54:49 INFO BlockManagerInfo: Added broadcast_0_piece0 in memory on 4ff83f64f86f:36439 (size: 7.1 KiB, free: 434.4 MiB)
[2025-02-27T19:54:49.942+0000] {spark_submit.py:490} INFO - 25/02/27 19:54:49 INFO SparkContext: Created broadcast 0 from broadcast at DAGScheduler.scala:1540
[2025-02-27T19:54:49.953+0000] {spark_submit.py:490} INFO - 25/02/27 19:54:49 INFO DAGScheduler: Submitting 1 missing tasks from ShuffleMapStage 0 (MapPartitionsRDD[2] at count at NativeMethodAccessorImpl.java:0) (first 15 tasks are for partitions Vector(0))
[2025-02-27T19:54:49.954+0000] {spark_submit.py:490} INFO - 25/02/27 19:54:49 INFO TaskSchedulerImpl: Adding task set 0.0 with 1 tasks resource profile 0
[2025-02-27T19:54:49.973+0000] {spark_submit.py:490} INFO - 25/02/27 19:54:49 INFO TaskSetManager: Starting task 0.0 in stage 0.0 (TID 0) (172.18.0.6, executor 0, partition 0, PROCESS_LOCAL, 8586 bytes)
[2025-02-27T20:27:37.003+0000] {local_task_job_runner.py:122} ERROR - Received SIGTERM. Terminating subprocesses
[2025-02-27T20:27:37.048+0000] {process_utils.py:135} INFO - Sending Signals.SIGTERM to group 171. PIDs of all processes in the group: [174, 237, 171]
[2025-02-27T20:27:37.048+0000] {process_utils.py:86} INFO - Sending the signal Signals.SIGTERM to group 171
[2025-02-27T20:27:37.052+0000] {taskinstance.py:1540} ERROR - Received SIGTERM. Terminating subprocesses.
[2025-02-27T20:27:37.056+0000] {spark_submit.py:615} INFO - Sending kill signal to spark-submit
[2025-02-27T20:27:37.158+0000] {taskinstance.py:1847} ERROR - Task failed with exception
Traceback (most recent call last):
  File "/home/airflow/.local/lib/python3.7/site-packages/airflow/providers/apache/spark/operators/spark_submit.py", line 157, in execute
    self._hook.submit(self._application)
  File "/home/airflow/.local/lib/python3.7/site-packages/airflow/providers/apache/spark/hooks/spark_submit.py", line 409, in submit
    self._process_spark_submit_log(iter(self._submit_sp.stdout))  # type: ignore
  File "/home/airflow/.local/lib/python3.7/site-packages/airflow/providers/apache/spark/hooks/spark_submit.py", line 458, in _process_spark_submit_log
    for line in itr:
  File "/home/airflow/.local/lib/python3.7/site-packages/airflow/models/taskinstance.py", line 1542, in signal_handler
    raise AirflowException("Task received SIGTERM signal")
airflow.exceptions.AirflowException: Task received SIGTERM signal
[2025-02-27T20:27:37.170+0000] {taskinstance.py:1373} INFO - Marking task as FAILED. dag_id=api_to_db_dag, task_id=spark_join_task, execution_date=20250227T195442, start_date=20250227T195444, end_date=20250227T202737
[2025-02-27T20:27:37.231+0000] {standard_task_runner.py:109} ERROR - Failed to execute job 19 for task spark_join_task (Task received SIGTERM signal; 171)
[2025-02-27T20:27:37.255+0000] {process_utils.py:79} INFO - Process psutil.Process(pid=174, status='terminated', started='19:54:43') (174) terminated with exit code None
[2025-02-27T20:27:37.255+0000] {process_utils.py:79} INFO - Process psutil.Process(pid=237, status='terminated', started='19:54:45') (237) terminated with exit code None
[2025-02-27T20:27:37.256+0000] {process_utils.py:79} INFO - Process psutil.Process(pid=171, status='terminated', exitcode=1, started='19:54:43') (171) terminated with exit code 1
[2025-02-27T20:27:37.256+0000] {local_task_job_runner.py:232} INFO - Task exited with return code 143
[2025-02-27T20:27:37.278+0000] {taskinstance.py:2674} INFO - 0 downstream tasks scheduled from follow-on schedule check
