[2025-02-27T10:50:26.437+0000] {taskinstance.py:1125} INFO - Dependencies all met for dep_context=non-requeueable deps ti=<TaskInstance: api_to_db_dag.get_velib_data scheduled__2025-02-26T00:00:00+00:00 [queued]>
[2025-02-27T10:50:26.446+0000] {taskinstance.py:1125} INFO - Dependencies all met for dep_context=requeueable deps ti=<TaskInstance: api_to_db_dag.get_velib_data scheduled__2025-02-26T00:00:00+00:00 [queued]>
[2025-02-27T10:50:26.446+0000] {taskinstance.py:1331} INFO - Starting attempt 1 of 1
[2025-02-27T10:50:26.462+0000] {taskinstance.py:1350} INFO - Executing <Task(SimpleHttpOperator): get_velib_data> on 2025-02-26 00:00:00+00:00
[2025-02-27T10:50:26.465+0000] {standard_task_runner.py:57} INFO - Started process 202 to run task
[2025-02-27T10:50:26.470+0000] {standard_task_runner.py:84} INFO - Running: ['***', 'tasks', 'run', 'api_to_db_dag', 'get_velib_data', 'scheduled__2025-02-26T00:00:00+00:00', '--job-id', '9', '--raw', '--subdir', 'DAGS_FOLDER/dag.py', '--cfg-path', '/tmp/tmpe3xvqw4u']
[2025-02-27T10:50:26.471+0000] {standard_task_runner.py:85} INFO - Job 9: Subtask get_velib_data
[2025-02-27T10:50:26.504+0000] {task_command.py:410} INFO - Running <TaskInstance: api_to_db_dag.get_velib_data scheduled__2025-02-26T00:00:00+00:00 [running]> on host 5869344327a9
[2025-02-27T10:50:26.553+0000] {taskinstance.py:1570} INFO - Exporting env vars: AIRFLOW_CTX_DAG_OWNER='***' AIRFLOW_CTX_DAG_ID='api_to_db_dag' AIRFLOW_CTX_TASK_ID='get_velib_data' AIRFLOW_CTX_EXECUTION_DATE='2025-02-26T00:00:00+00:00' AIRFLOW_CTX_TRY_NUMBER='1' AIRFLOW_CTX_DAG_RUN_ID='scheduled__2025-02-26T00:00:00+00:00'
[2025-02-27T10:50:26.553+0000] {http.py:123} INFO - Calling HTTP method
[2025-02-27T10:50:26.558+0000] {base.py:73} INFO - Using connection ID 'velib_api_connection' for task execution.
[2025-02-27T10:50:26.741+0000] {taskinstance.py:1373} INFO - Marking task as SUCCESS. dag_id=api_to_db_dag, task_id=get_velib_data, execution_date=20250226T000000, start_date=20250227T105026, end_date=20250227T105026
[2025-02-27T10:50:26.772+0000] {local_task_job_runner.py:232} INFO - Task exited with return code 0
[2025-02-27T10:50:26.786+0000] {taskinstance.py:2674} INFO - 1 downstream tasks scheduled from follow-on schedule check
[2025-02-27T10:59:32.458+0000] {taskinstance.py:1125} INFO - Dependencies all met for dep_context=non-requeueable deps ti=<TaskInstance: api_to_db_dag.get_velib_data scheduled__2025-02-26T00:00:00+00:00 [queued]>
[2025-02-27T10:59:32.466+0000] {taskinstance.py:1125} INFO - Dependencies all met for dep_context=requeueable deps ti=<TaskInstance: api_to_db_dag.get_velib_data scheduled__2025-02-26T00:00:00+00:00 [queued]>
[2025-02-27T10:59:32.469+0000] {taskinstance.py:1331} INFO - Starting attempt 1 of 1
[2025-02-27T10:59:32.481+0000] {taskinstance.py:1350} INFO - Executing <Task(SimpleHttpOperator): get_velib_data> on 2025-02-26 00:00:00+00:00
[2025-02-27T10:59:32.487+0000] {standard_task_runner.py:57} INFO - Started process 208 to run task
[2025-02-27T10:59:32.490+0000] {standard_task_runner.py:84} INFO - Running: ['***', 'tasks', 'run', 'api_to_db_dag', 'get_velib_data', 'scheduled__2025-02-26T00:00:00+00:00', '--job-id', '9', '--raw', '--subdir', 'DAGS_FOLDER/dag.py', '--cfg-path', '/tmp/tmpycdff292']
[2025-02-27T10:59:32.492+0000] {standard_task_runner.py:85} INFO - Job 9: Subtask get_velib_data
[2025-02-27T10:59:32.523+0000] {task_command.py:410} INFO - Running <TaskInstance: api_to_db_dag.get_velib_data scheduled__2025-02-26T00:00:00+00:00 [running]> on host 3d206dcce365
[2025-02-27T10:59:32.574+0000] {taskinstance.py:1570} INFO - Exporting env vars: AIRFLOW_CTX_DAG_OWNER='***' AIRFLOW_CTX_DAG_ID='api_to_db_dag' AIRFLOW_CTX_TASK_ID='get_velib_data' AIRFLOW_CTX_EXECUTION_DATE='2025-02-26T00:00:00+00:00' AIRFLOW_CTX_TRY_NUMBER='1' AIRFLOW_CTX_DAG_RUN_ID='scheduled__2025-02-26T00:00:00+00:00'
[2025-02-27T10:59:32.574+0000] {http.py:123} INFO - Calling HTTP method
[2025-02-27T10:59:32.579+0000] {base.py:73} INFO - Using connection ID 'velib_api_connection' for task execution.
[2025-02-27T10:59:32.792+0000] {taskinstance.py:1373} INFO - Marking task as SUCCESS. dag_id=api_to_db_dag, task_id=get_velib_data, execution_date=20250226T000000, start_date=20250227T105932, end_date=20250227T105932
[2025-02-27T10:59:32.839+0000] {local_task_job_runner.py:232} INFO - Task exited with return code 0
[2025-02-27T10:59:32.860+0000] {taskinstance.py:2674} INFO - 1 downstream tasks scheduled from follow-on schedule check
[2025-02-27T11:49:09.574+0000] {taskinstance.py:1125} INFO - Dependencies all met for dep_context=non-requeueable deps ti=<TaskInstance: api_to_db_dag.get_velib_data scheduled__2025-02-26T00:00:00+00:00 [queued]>
[2025-02-27T11:49:09.581+0000] {taskinstance.py:1125} INFO - Dependencies all met for dep_context=requeueable deps ti=<TaskInstance: api_to_db_dag.get_velib_data scheduled__2025-02-26T00:00:00+00:00 [queued]>
[2025-02-27T11:49:09.581+0000] {taskinstance.py:1331} INFO - Starting attempt 1 of 1
[2025-02-27T11:49:09.591+0000] {taskinstance.py:1350} INFO - Executing <Task(SimpleHttpOperator): get_velib_data> on 2025-02-26 00:00:00+00:00
[2025-02-27T11:49:09.594+0000] {standard_task_runner.py:57} INFO - Started process 211 to run task
[2025-02-27T11:49:09.597+0000] {standard_task_runner.py:84} INFO - Running: ['***', 'tasks', 'run', 'api_to_db_dag', 'get_velib_data', 'scheduled__2025-02-26T00:00:00+00:00', '--job-id', '8', '--raw', '--subdir', 'DAGS_FOLDER/dag.py', '--cfg-path', '/tmp/tmpo3bdw48_']
[2025-02-27T11:49:09.598+0000] {standard_task_runner.py:85} INFO - Job 8: Subtask get_velib_data
[2025-02-27T11:49:09.628+0000] {task_command.py:410} INFO - Running <TaskInstance: api_to_db_dag.get_velib_data scheduled__2025-02-26T00:00:00+00:00 [running]> on host 08791af1fcb0
[2025-02-27T11:49:09.678+0000] {taskinstance.py:1570} INFO - Exporting env vars: AIRFLOW_CTX_DAG_OWNER='***' AIRFLOW_CTX_DAG_ID='api_to_db_dag' AIRFLOW_CTX_TASK_ID='get_velib_data' AIRFLOW_CTX_EXECUTION_DATE='2025-02-26T00:00:00+00:00' AIRFLOW_CTX_TRY_NUMBER='1' AIRFLOW_CTX_DAG_RUN_ID='scheduled__2025-02-26T00:00:00+00:00'
[2025-02-27T11:49:09.679+0000] {http.py:123} INFO - Calling HTTP method
[2025-02-27T11:49:09.684+0000] {base.py:73} INFO - Using connection ID 'velib_api_connection' for task execution.
[2025-02-27T11:49:09.887+0000] {taskinstance.py:1373} INFO - Marking task as SUCCESS. dag_id=api_to_db_dag, task_id=get_velib_data, execution_date=20250226T000000, start_date=20250227T114909, end_date=20250227T114909
[2025-02-27T11:49:09.902+0000] {local_task_job_runner.py:232} INFO - Task exited with return code 0
[2025-02-27T11:49:09.917+0000] {taskinstance.py:2674} INFO - 1 downstream tasks scheduled from follow-on schedule check
[2025-02-27T11:59:48.328+0000] {taskinstance.py:1125} INFO - Dependencies all met for dep_context=non-requeueable deps ti=<TaskInstance: api_to_db_dag.get_velib_data scheduled__2025-02-26T00:00:00+00:00 [queued]>
[2025-02-27T11:59:48.344+0000] {taskinstance.py:1125} INFO - Dependencies all met for dep_context=requeueable deps ti=<TaskInstance: api_to_db_dag.get_velib_data scheduled__2025-02-26T00:00:00+00:00 [queued]>
[2025-02-27T11:59:48.348+0000] {taskinstance.py:1331} INFO - Starting attempt 1 of 1
[2025-02-27T11:59:48.360+0000] {taskinstance.py:1350} INFO - Executing <Task(SimpleHttpOperator): get_velib_data> on 2025-02-26 00:00:00+00:00
[2025-02-27T11:59:48.369+0000] {standard_task_runner.py:57} INFO - Started process 314 to run task
[2025-02-27T11:59:48.371+0000] {standard_task_runner.py:84} INFO - Running: ['***', 'tasks', 'run', 'api_to_db_dag', 'get_velib_data', 'scheduled__2025-02-26T00:00:00+00:00', '--job-id', '9', '--raw', '--subdir', 'DAGS_FOLDER/dag.py', '--cfg-path', '/tmp/tmp5vnjmw7q']
[2025-02-27T11:59:48.373+0000] {standard_task_runner.py:85} INFO - Job 9: Subtask get_velib_data
[2025-02-27T11:59:48.484+0000] {task_command.py:410} INFO - Running <TaskInstance: api_to_db_dag.get_velib_data scheduled__2025-02-26T00:00:00+00:00 [running]> on host 8e4c40b4e563
[2025-02-27T11:59:48.651+0000] {taskinstance.py:1570} INFO - Exporting env vars: AIRFLOW_CTX_DAG_OWNER='***' AIRFLOW_CTX_DAG_ID='api_to_db_dag' AIRFLOW_CTX_TASK_ID='get_velib_data' AIRFLOW_CTX_EXECUTION_DATE='2025-02-26T00:00:00+00:00' AIRFLOW_CTX_TRY_NUMBER='1' AIRFLOW_CTX_DAG_RUN_ID='scheduled__2025-02-26T00:00:00+00:00'
[2025-02-27T11:59:48.652+0000] {http.py:123} INFO - Calling HTTP method
[2025-02-27T11:59:48.658+0000] {base.py:73} INFO - Using connection ID 'velib_api_connection' for task execution.
[2025-02-27T11:59:49.154+0000] {taskinstance.py:1373} INFO - Marking task as SUCCESS. dag_id=api_to_db_dag, task_id=get_velib_data, execution_date=20250226T000000, start_date=20250227T115948, end_date=20250227T115949
[2025-02-27T11:59:49.174+0000] {local_task_job_runner.py:232} INFO - Task exited with return code 0
[2025-02-27T11:59:49.190+0000] {taskinstance.py:2674} INFO - 1 downstream tasks scheduled from follow-on schedule check
[2025-02-27T12:08:03.764+0000] {taskinstance.py:1125} INFO - Dependencies all met for dep_context=non-requeueable deps ti=<TaskInstance: api_to_db_dag.get_velib_data scheduled__2025-02-26T00:00:00+00:00 [queued]>
[2025-02-27T12:08:03.775+0000] {taskinstance.py:1125} INFO - Dependencies all met for dep_context=requeueable deps ti=<TaskInstance: api_to_db_dag.get_velib_data scheduled__2025-02-26T00:00:00+00:00 [queued]>
[2025-02-27T12:08:03.778+0000] {taskinstance.py:1331} INFO - Starting attempt 1 of 1
[2025-02-27T12:08:03.797+0000] {taskinstance.py:1350} INFO - Executing <Task(SimpleHttpOperator): get_velib_data> on 2025-02-26 00:00:00+00:00
[2025-02-27T12:08:03.804+0000] {standard_task_runner.py:57} INFO - Started process 280 to run task
[2025-02-27T12:08:03.808+0000] {standard_task_runner.py:84} INFO - Running: ['***', 'tasks', 'run', 'api_to_db_dag', 'get_velib_data', 'scheduled__2025-02-26T00:00:00+00:00', '--job-id', '9', '--raw', '--subdir', 'DAGS_FOLDER/dag.py', '--cfg-path', '/tmp/tmpd_395ksb']
[2025-02-27T12:08:03.810+0000] {standard_task_runner.py:85} INFO - Job 9: Subtask get_velib_data
[2025-02-27T12:08:03.861+0000] {task_command.py:410} INFO - Running <TaskInstance: api_to_db_dag.get_velib_data scheduled__2025-02-26T00:00:00+00:00 [running]> on host d2a66760e739
[2025-02-27T12:08:03.923+0000] {taskinstance.py:1570} INFO - Exporting env vars: AIRFLOW_CTX_DAG_OWNER='***' AIRFLOW_CTX_DAG_ID='api_to_db_dag' AIRFLOW_CTX_TASK_ID='get_velib_data' AIRFLOW_CTX_EXECUTION_DATE='2025-02-26T00:00:00+00:00' AIRFLOW_CTX_TRY_NUMBER='1' AIRFLOW_CTX_DAG_RUN_ID='scheduled__2025-02-26T00:00:00+00:00'
[2025-02-27T12:08:03.923+0000] {http.py:123} INFO - Calling HTTP method
[2025-02-27T12:08:03.928+0000] {base.py:73} INFO - Using connection ID 'velib_api_connection' for task execution.
[2025-02-27T12:08:04.150+0000] {taskinstance.py:1373} INFO - Marking task as SUCCESS. dag_id=api_to_db_dag, task_id=get_velib_data, execution_date=20250226T000000, start_date=20250227T120803, end_date=20250227T120804
[2025-02-27T12:08:04.200+0000] {local_task_job_runner.py:232} INFO - Task exited with return code 0
[2025-02-27T12:08:04.220+0000] {taskinstance.py:2674} INFO - 0 downstream tasks scheduled from follow-on schedule check
[2025-02-27T12:38:08.992+0000] {taskinstance.py:1125} INFO - Dependencies all met for dep_context=non-requeueable deps ti=<TaskInstance: api_to_db_dag.get_velib_data scheduled__2025-02-26T00:00:00+00:00 [queued]>
[2025-02-27T12:38:09.000+0000] {taskinstance.py:1125} INFO - Dependencies all met for dep_context=requeueable deps ti=<TaskInstance: api_to_db_dag.get_velib_data scheduled__2025-02-26T00:00:00+00:00 [queued]>
[2025-02-27T12:38:09.000+0000] {taskinstance.py:1331} INFO - Starting attempt 1 of 1
[2025-02-27T12:38:09.009+0000] {taskinstance.py:1350} INFO - Executing <Task(SimpleHttpOperator): get_velib_data> on 2025-02-26 00:00:00+00:00
[2025-02-27T12:38:09.012+0000] {standard_task_runner.py:57} INFO - Started process 182 to run task
[2025-02-27T12:38:09.015+0000] {standard_task_runner.py:84} INFO - Running: ['***', 'tasks', 'run', 'api_to_db_dag', 'get_velib_data', 'scheduled__2025-02-26T00:00:00+00:00', '--job-id', '6', '--raw', '--subdir', 'DAGS_FOLDER/dag.py', '--cfg-path', '/tmp/tmp23hz1clk']
[2025-02-27T12:38:09.016+0000] {standard_task_runner.py:85} INFO - Job 6: Subtask get_velib_data
[2025-02-27T12:38:09.046+0000] {task_command.py:410} INFO - Running <TaskInstance: api_to_db_dag.get_velib_data scheduled__2025-02-26T00:00:00+00:00 [running]> on host 493d37524ffa
[2025-02-27T12:38:09.091+0000] {taskinstance.py:1570} INFO - Exporting env vars: AIRFLOW_CTX_DAG_OWNER='***' AIRFLOW_CTX_DAG_ID='api_to_db_dag' AIRFLOW_CTX_TASK_ID='get_velib_data' AIRFLOW_CTX_EXECUTION_DATE='2025-02-26T00:00:00+00:00' AIRFLOW_CTX_TRY_NUMBER='1' AIRFLOW_CTX_DAG_RUN_ID='scheduled__2025-02-26T00:00:00+00:00'
[2025-02-27T12:38:09.092+0000] {http.py:123} INFO - Calling HTTP method
[2025-02-27T12:38:09.097+0000] {base.py:73} INFO - Using connection ID 'velib_api_connection' for task execution.
[2025-02-27T12:38:09.325+0000] {taskinstance.py:1373} INFO - Marking task as SUCCESS. dag_id=api_to_db_dag, task_id=get_velib_data, execution_date=20250226T000000, start_date=20250227T123808, end_date=20250227T123809
[2025-02-27T12:38:09.360+0000] {local_task_job_runner.py:232} INFO - Task exited with return code 0
[2025-02-27T12:38:09.379+0000] {taskinstance.py:2674} INFO - 1 downstream tasks scheduled from follow-on schedule check
[2025-02-27T12:41:20.225+0000] {taskinstance.py:1125} INFO - Dependencies all met for dep_context=non-requeueable deps ti=<TaskInstance: api_to_db_dag.get_velib_data scheduled__2025-02-26T00:00:00+00:00 [queued]>
[2025-02-27T12:41:20.231+0000] {taskinstance.py:1125} INFO - Dependencies all met for dep_context=requeueable deps ti=<TaskInstance: api_to_db_dag.get_velib_data scheduled__2025-02-26T00:00:00+00:00 [queued]>
[2025-02-27T12:41:20.232+0000] {taskinstance.py:1331} INFO - Starting attempt 1 of 1
[2025-02-27T12:41:20.240+0000] {taskinstance.py:1350} INFO - Executing <Task(SimpleHttpOperator): get_velib_data> on 2025-02-26 00:00:00+00:00
[2025-02-27T12:41:20.244+0000] {standard_task_runner.py:57} INFO - Started process 183 to run task
[2025-02-27T12:41:20.246+0000] {standard_task_runner.py:84} INFO - Running: ['***', 'tasks', 'run', 'api_to_db_dag', 'get_velib_data', 'scheduled__2025-02-26T00:00:00+00:00', '--job-id', '6', '--raw', '--subdir', 'DAGS_FOLDER/dag.py', '--cfg-path', '/tmp/tmp7arq7zi5']
[2025-02-27T12:41:20.250+0000] {standard_task_runner.py:85} INFO - Job 6: Subtask get_velib_data
[2025-02-27T12:41:20.277+0000] {task_command.py:410} INFO - Running <TaskInstance: api_to_db_dag.get_velib_data scheduled__2025-02-26T00:00:00+00:00 [running]> on host 94f4382ac0ba
[2025-02-27T12:41:20.323+0000] {taskinstance.py:1570} INFO - Exporting env vars: AIRFLOW_CTX_DAG_OWNER='***' AIRFLOW_CTX_DAG_ID='api_to_db_dag' AIRFLOW_CTX_TASK_ID='get_velib_data' AIRFLOW_CTX_EXECUTION_DATE='2025-02-26T00:00:00+00:00' AIRFLOW_CTX_TRY_NUMBER='1' AIRFLOW_CTX_DAG_RUN_ID='scheduled__2025-02-26T00:00:00+00:00'
[2025-02-27T12:41:20.323+0000] {http.py:123} INFO - Calling HTTP method
[2025-02-27T12:41:20.330+0000] {base.py:73} INFO - Using connection ID 'velib_api_connection' for task execution.
[2025-02-27T12:41:20.524+0000] {taskinstance.py:1373} INFO - Marking task as SUCCESS. dag_id=api_to_db_dag, task_id=get_velib_data, execution_date=20250226T000000, start_date=20250227T124120, end_date=20250227T124120
[2025-02-27T12:41:20.554+0000] {local_task_job_runner.py:232} INFO - Task exited with return code 0
[2025-02-27T12:41:20.569+0000] {taskinstance.py:2674} INFO - 1 downstream tasks scheduled from follow-on schedule check
[2025-02-27T14:30:57.184+0000] {taskinstance.py:1125} INFO - Dependencies all met for dep_context=non-requeueable deps ti=<TaskInstance: api_to_db_dag.get_velib_data scheduled__2025-02-26T00:00:00+00:00 [queued]>
[2025-02-27T14:30:57.190+0000] {taskinstance.py:1125} INFO - Dependencies all met for dep_context=requeueable deps ti=<TaskInstance: api_to_db_dag.get_velib_data scheduled__2025-02-26T00:00:00+00:00 [queued]>
[2025-02-27T14:30:57.190+0000] {taskinstance.py:1331} INFO - Starting attempt 1 of 1
[2025-02-27T14:30:57.198+0000] {taskinstance.py:1350} INFO - Executing <Task(SimpleHttpOperator): get_velib_data> on 2025-02-26 00:00:00+00:00
[2025-02-27T14:30:57.202+0000] {standard_task_runner.py:57} INFO - Started process 192 to run task
[2025-02-27T14:30:57.204+0000] {standard_task_runner.py:84} INFO - Running: ['***', 'tasks', 'run', 'api_to_db_dag', 'get_velib_data', 'scheduled__2025-02-26T00:00:00+00:00', '--job-id', '7', '--raw', '--subdir', 'DAGS_FOLDER/dag.py', '--cfg-path', '/tmp/tmp6oyq6m6o']
[2025-02-27T14:30:57.206+0000] {standard_task_runner.py:85} INFO - Job 7: Subtask get_velib_data
[2025-02-27T14:30:57.248+0000] {task_command.py:410} INFO - Running <TaskInstance: api_to_db_dag.get_velib_data scheduled__2025-02-26T00:00:00+00:00 [running]> on host a552db7362e5
[2025-02-27T14:30:57.310+0000] {taskinstance.py:1570} INFO - Exporting env vars: AIRFLOW_CTX_DAG_OWNER='***' AIRFLOW_CTX_DAG_ID='api_to_db_dag' AIRFLOW_CTX_TASK_ID='get_velib_data' AIRFLOW_CTX_EXECUTION_DATE='2025-02-26T00:00:00+00:00' AIRFLOW_CTX_TRY_NUMBER='1' AIRFLOW_CTX_DAG_RUN_ID='scheduled__2025-02-26T00:00:00+00:00'
[2025-02-27T14:30:57.312+0000] {http.py:123} INFO - Calling HTTP method
[2025-02-27T14:30:57.318+0000] {base.py:73} INFO - Using connection ID 'velib_api_connection' for task execution.
[2025-02-27T14:30:57.511+0000] {taskinstance.py:1373} INFO - Marking task as SUCCESS. dag_id=api_to_db_dag, task_id=get_velib_data, execution_date=20250226T000000, start_date=20250227T143057, end_date=20250227T143057
[2025-02-27T14:30:57.547+0000] {local_task_job_runner.py:232} INFO - Task exited with return code 0
[2025-02-27T14:30:57.566+0000] {taskinstance.py:2674} INFO - 1 downstream tasks scheduled from follow-on schedule check
[2025-02-27T14:51:51.174+0000] {taskinstance.py:1125} INFO - Dependencies all met for dep_context=non-requeueable deps ti=<TaskInstance: api_to_db_dag.get_velib_data scheduled__2025-02-26T00:00:00+00:00 [queued]>
[2025-02-27T14:51:51.180+0000] {taskinstance.py:1125} INFO - Dependencies all met for dep_context=requeueable deps ti=<TaskInstance: api_to_db_dag.get_velib_data scheduled__2025-02-26T00:00:00+00:00 [queued]>
[2025-02-27T14:51:51.180+0000] {taskinstance.py:1331} INFO - Starting attempt 1 of 1
[2025-02-27T14:51:51.187+0000] {taskinstance.py:1350} INFO - Executing <Task(SimpleHttpOperator): get_velib_data> on 2025-02-26 00:00:00+00:00
[2025-02-27T14:51:51.191+0000] {standard_task_runner.py:57} INFO - Started process 280 to run task
[2025-02-27T14:51:51.196+0000] {standard_task_runner.py:84} INFO - Running: ['***', 'tasks', 'run', 'api_to_db_dag', 'get_velib_data', 'scheduled__2025-02-26T00:00:00+00:00', '--job-id', '8', '--raw', '--subdir', 'DAGS_FOLDER/dag.py', '--cfg-path', '/tmp/tmptkb2x_70']
[2025-02-27T14:51:51.197+0000] {standard_task_runner.py:85} INFO - Job 8: Subtask get_velib_data
[2025-02-27T14:51:51.224+0000] {task_command.py:410} INFO - Running <TaskInstance: api_to_db_dag.get_velib_data scheduled__2025-02-26T00:00:00+00:00 [running]> on host b6fe49d0fb59
[2025-02-27T14:51:51.270+0000] {taskinstance.py:1570} INFO - Exporting env vars: AIRFLOW_CTX_DAG_OWNER='***' AIRFLOW_CTX_DAG_ID='api_to_db_dag' AIRFLOW_CTX_TASK_ID='get_velib_data' AIRFLOW_CTX_EXECUTION_DATE='2025-02-26T00:00:00+00:00' AIRFLOW_CTX_TRY_NUMBER='1' AIRFLOW_CTX_DAG_RUN_ID='scheduled__2025-02-26T00:00:00+00:00'
[2025-02-27T14:51:51.272+0000] {http.py:123} INFO - Calling HTTP method
[2025-02-27T14:51:51.277+0000] {base.py:73} INFO - Using connection ID 'velib_api_connection' for task execution.
[2025-02-27T14:51:51.523+0000] {taskinstance.py:1373} INFO - Marking task as SUCCESS. dag_id=api_to_db_dag, task_id=get_velib_data, execution_date=20250226T000000, start_date=20250227T145151, end_date=20250227T145151
[2025-02-27T14:51:51.539+0000] {local_task_job_runner.py:232} INFO - Task exited with return code 0
[2025-02-27T14:51:51.561+0000] {taskinstance.py:2674} INFO - 1 downstream tasks scheduled from follow-on schedule check
[2025-02-27T15:08:25.092+0000] {taskinstance.py:1125} INFO - Dependencies all met for dep_context=non-requeueable deps ti=<TaskInstance: api_to_db_dag.get_velib_data scheduled__2025-02-26T00:00:00+00:00 [queued]>
[2025-02-27T15:08:25.099+0000] {taskinstance.py:1125} INFO - Dependencies all met for dep_context=requeueable deps ti=<TaskInstance: api_to_db_dag.get_velib_data scheduled__2025-02-26T00:00:00+00:00 [queued]>
[2025-02-27T15:08:25.100+0000] {taskinstance.py:1331} INFO - Starting attempt 1 of 1
[2025-02-27T15:08:25.107+0000] {taskinstance.py:1350} INFO - Executing <Task(SimpleHttpOperator): get_velib_data> on 2025-02-26 00:00:00+00:00
[2025-02-27T15:08:25.110+0000] {standard_task_runner.py:57} INFO - Started process 182 to run task
[2025-02-27T15:08:25.112+0000] {standard_task_runner.py:84} INFO - Running: ['***', 'tasks', 'run', 'api_to_db_dag', 'get_velib_data', 'scheduled__2025-02-26T00:00:00+00:00', '--job-id', '6', '--raw', '--subdir', 'DAGS_FOLDER/dag.py', '--cfg-path', '/tmp/tmpa5cigskb']
[2025-02-27T15:08:25.118+0000] {standard_task_runner.py:85} INFO - Job 6: Subtask get_velib_data
[2025-02-27T15:08:25.152+0000] {task_command.py:410} INFO - Running <TaskInstance: api_to_db_dag.get_velib_data scheduled__2025-02-26T00:00:00+00:00 [running]> on host 0177d843a7c4
[2025-02-27T15:08:25.209+0000] {taskinstance.py:1570} INFO - Exporting env vars: AIRFLOW_CTX_DAG_OWNER='***' AIRFLOW_CTX_DAG_ID='api_to_db_dag' AIRFLOW_CTX_TASK_ID='get_velib_data' AIRFLOW_CTX_EXECUTION_DATE='2025-02-26T00:00:00+00:00' AIRFLOW_CTX_TRY_NUMBER='1' AIRFLOW_CTX_DAG_RUN_ID='scheduled__2025-02-26T00:00:00+00:00'
[2025-02-27T15:08:25.209+0000] {http.py:123} INFO - Calling HTTP method
[2025-02-27T15:08:25.215+0000] {base.py:73} INFO - Using connection ID 'velib_api_connection' for task execution.
[2025-02-27T15:08:25.454+0000] {taskinstance.py:1373} INFO - Marking task as SUCCESS. dag_id=api_to_db_dag, task_id=get_velib_data, execution_date=20250226T000000, start_date=20250227T150825, end_date=20250227T150825
[2025-02-27T15:08:25.497+0000] {local_task_job_runner.py:232} INFO - Task exited with return code 0
[2025-02-27T15:08:25.513+0000] {taskinstance.py:2674} INFO - 1 downstream tasks scheduled from follow-on schedule check
[2025-02-27T15:42:21.951+0000] {taskinstance.py:1125} INFO - Dependencies all met for dep_context=non-requeueable deps ti=<TaskInstance: api_to_db_dag.get_velib_data scheduled__2025-02-26T00:00:00+00:00 [queued]>
[2025-02-27T15:42:21.959+0000] {taskinstance.py:1125} INFO - Dependencies all met for dep_context=requeueable deps ti=<TaskInstance: api_to_db_dag.get_velib_data scheduled__2025-02-26T00:00:00+00:00 [queued]>
[2025-02-27T15:42:21.960+0000] {taskinstance.py:1331} INFO - Starting attempt 1 of 1
[2025-02-27T15:42:21.970+0000] {taskinstance.py:1350} INFO - Executing <Task(SimpleHttpOperator): get_velib_data> on 2025-02-26 00:00:00+00:00
[2025-02-27T15:42:21.974+0000] {standard_task_runner.py:57} INFO - Started process 182 to run task
[2025-02-27T15:42:21.976+0000] {standard_task_runner.py:84} INFO - Running: ['***', 'tasks', 'run', 'api_to_db_dag', 'get_velib_data', 'scheduled__2025-02-26T00:00:00+00:00', '--job-id', '6', '--raw', '--subdir', 'DAGS_FOLDER/dag.py', '--cfg-path', '/tmp/tmp3n1yu05f']
[2025-02-27T15:42:21.977+0000] {standard_task_runner.py:85} INFO - Job 6: Subtask get_velib_data
[2025-02-27T15:42:22.006+0000] {task_command.py:410} INFO - Running <TaskInstance: api_to_db_dag.get_velib_data scheduled__2025-02-26T00:00:00+00:00 [running]> on host 0d5c9f65f64a
[2025-02-27T15:42:22.054+0000] {taskinstance.py:1570} INFO - Exporting env vars: AIRFLOW_CTX_DAG_OWNER='***' AIRFLOW_CTX_DAG_ID='api_to_db_dag' AIRFLOW_CTX_TASK_ID='get_velib_data' AIRFLOW_CTX_EXECUTION_DATE='2025-02-26T00:00:00+00:00' AIRFLOW_CTX_TRY_NUMBER='1' AIRFLOW_CTX_DAG_RUN_ID='scheduled__2025-02-26T00:00:00+00:00'
[2025-02-27T15:42:22.055+0000] {http.py:123} INFO - Calling HTTP method
[2025-02-27T15:42:22.060+0000] {base.py:73} INFO - Using connection ID 'velib_api_connection' for task execution.
[2025-02-27T15:42:22.284+0000] {taskinstance.py:1373} INFO - Marking task as SUCCESS. dag_id=api_to_db_dag, task_id=get_velib_data, execution_date=20250226T000000, start_date=20250227T154221, end_date=20250227T154222
[2025-02-27T15:42:22.318+0000] {local_task_job_runner.py:232} INFO - Task exited with return code 0
[2025-02-27T15:42:22.332+0000] {taskinstance.py:2674} INFO - 1 downstream tasks scheduled from follow-on schedule check
[2025-02-27T15:53:08.585+0000] {taskinstance.py:1125} INFO - Dependencies all met for dep_context=non-requeueable deps ti=<TaskInstance: api_to_db_dag.get_velib_data scheduled__2025-02-26T00:00:00+00:00 [queued]>
[2025-02-27T15:53:08.591+0000] {taskinstance.py:1125} INFO - Dependencies all met for dep_context=requeueable deps ti=<TaskInstance: api_to_db_dag.get_velib_data scheduled__2025-02-26T00:00:00+00:00 [queued]>
[2025-02-27T15:53:08.592+0000] {taskinstance.py:1331} INFO - Starting attempt 1 of 1
[2025-02-27T15:53:08.599+0000] {taskinstance.py:1350} INFO - Executing <Task(SimpleHttpOperator): get_velib_data> on 2025-02-26 00:00:00+00:00
[2025-02-27T15:53:08.602+0000] {standard_task_runner.py:57} INFO - Started process 183 to run task
[2025-02-27T15:53:08.605+0000] {standard_task_runner.py:84} INFO - Running: ['***', 'tasks', 'run', 'api_to_db_dag', 'get_velib_data', 'scheduled__2025-02-26T00:00:00+00:00', '--job-id', '6', '--raw', '--subdir', 'DAGS_FOLDER/dag.py', '--cfg-path', '/tmp/tmprvq84dzi']
[2025-02-27T15:53:08.606+0000] {standard_task_runner.py:85} INFO - Job 6: Subtask get_velib_data
[2025-02-27T15:53:08.642+0000] {task_command.py:410} INFO - Running <TaskInstance: api_to_db_dag.get_velib_data scheduled__2025-02-26T00:00:00+00:00 [running]> on host f5aed095ee09
[2025-02-27T15:53:08.690+0000] {taskinstance.py:1570} INFO - Exporting env vars: AIRFLOW_CTX_DAG_OWNER='***' AIRFLOW_CTX_DAG_ID='api_to_db_dag' AIRFLOW_CTX_TASK_ID='get_velib_data' AIRFLOW_CTX_EXECUTION_DATE='2025-02-26T00:00:00+00:00' AIRFLOW_CTX_TRY_NUMBER='1' AIRFLOW_CTX_DAG_RUN_ID='scheduled__2025-02-26T00:00:00+00:00'
[2025-02-27T15:53:08.690+0000] {http.py:123} INFO - Calling HTTP method
[2025-02-27T15:53:08.695+0000] {base.py:73} INFO - Using connection ID 'velib_api_connection' for task execution.
[2025-02-27T15:53:08.896+0000] {taskinstance.py:1373} INFO - Marking task as SUCCESS. dag_id=api_to_db_dag, task_id=get_velib_data, execution_date=20250226T000000, start_date=20250227T155308, end_date=20250227T155308
[2025-02-27T15:53:08.908+0000] {local_task_job_runner.py:232} INFO - Task exited with return code 0
[2025-02-27T15:53:08.930+0000] {taskinstance.py:2674} INFO - 1 downstream tasks scheduled from follow-on schedule check
[2025-02-27T16:06:31.573+0000] {taskinstance.py:1125} INFO - Dependencies all met for dep_context=non-requeueable deps ti=<TaskInstance: api_to_db_dag.get_velib_data scheduled__2025-02-26T00:00:00+00:00 [queued]>
[2025-02-27T16:06:31.578+0000] {taskinstance.py:1125} INFO - Dependencies all met for dep_context=requeueable deps ti=<TaskInstance: api_to_db_dag.get_velib_data scheduled__2025-02-26T00:00:00+00:00 [queued]>
[2025-02-27T16:06:31.579+0000] {taskinstance.py:1331} INFO - Starting attempt 1 of 1
[2025-02-27T16:06:31.585+0000] {taskinstance.py:1350} INFO - Executing <Task(SimpleHttpOperator): get_velib_data> on 2025-02-26 00:00:00+00:00
[2025-02-27T16:06:31.588+0000] {standard_task_runner.py:57} INFO - Started process 183 to run task
[2025-02-27T16:06:31.590+0000] {standard_task_runner.py:84} INFO - Running: ['***', 'tasks', 'run', 'api_to_db_dag', 'get_velib_data', 'scheduled__2025-02-26T00:00:00+00:00', '--job-id', '6', '--raw', '--subdir', 'DAGS_FOLDER/dag.py', '--cfg-path', '/tmp/tmp_l7gpdyn']
[2025-02-27T16:06:31.593+0000] {standard_task_runner.py:85} INFO - Job 6: Subtask get_velib_data
[2025-02-27T16:06:31.621+0000] {task_command.py:410} INFO - Running <TaskInstance: api_to_db_dag.get_velib_data scheduled__2025-02-26T00:00:00+00:00 [running]> on host 70227d8e9381
[2025-02-27T16:06:31.670+0000] {taskinstance.py:1570} INFO - Exporting env vars: AIRFLOW_CTX_DAG_OWNER='***' AIRFLOW_CTX_DAG_ID='api_to_db_dag' AIRFLOW_CTX_TASK_ID='get_velib_data' AIRFLOW_CTX_EXECUTION_DATE='2025-02-26T00:00:00+00:00' AIRFLOW_CTX_TRY_NUMBER='1' AIRFLOW_CTX_DAG_RUN_ID='scheduled__2025-02-26T00:00:00+00:00'
[2025-02-27T16:06:31.671+0000] {http.py:123} INFO - Calling HTTP method
[2025-02-27T16:06:31.676+0000] {base.py:73} INFO - Using connection ID 'velib_api_connection' for task execution.
[2025-02-27T16:06:31.943+0000] {taskinstance.py:1373} INFO - Marking task as SUCCESS. dag_id=api_to_db_dag, task_id=get_velib_data, execution_date=20250226T000000, start_date=20250227T160631, end_date=20250227T160631
[2025-02-27T16:06:31.982+0000] {local_task_job_runner.py:232} INFO - Task exited with return code 0
[2025-02-27T16:06:32.012+0000] {taskinstance.py:2674} INFO - 1 downstream tasks scheduled from follow-on schedule check
[2025-02-27T16:20:03.389+0000] {taskinstance.py:1125} INFO - Dependencies all met for dep_context=non-requeueable deps ti=<TaskInstance: api_to_db_dag.get_velib_data scheduled__2025-02-26T00:00:00+00:00 [queued]>
[2025-02-27T16:20:03.394+0000] {taskinstance.py:1125} INFO - Dependencies all met for dep_context=requeueable deps ti=<TaskInstance: api_to_db_dag.get_velib_data scheduled__2025-02-26T00:00:00+00:00 [queued]>
[2025-02-27T16:20:03.395+0000] {taskinstance.py:1331} INFO - Starting attempt 1 of 1
[2025-02-27T16:20:03.402+0000] {taskinstance.py:1350} INFO - Executing <Task(SimpleHttpOperator): get_velib_data> on 2025-02-26 00:00:00+00:00
[2025-02-27T16:20:03.409+0000] {standard_task_runner.py:57} INFO - Started process 184 to run task
[2025-02-27T16:20:03.412+0000] {standard_task_runner.py:84} INFO - Running: ['***', 'tasks', 'run', 'api_to_db_dag', 'get_velib_data', 'scheduled__2025-02-26T00:00:00+00:00', '--job-id', '6', '--raw', '--subdir', 'DAGS_FOLDER/dag.py', '--cfg-path', '/tmp/tmpk92w_jad']
[2025-02-27T16:20:03.414+0000] {standard_task_runner.py:85} INFO - Job 6: Subtask get_velib_data
[2025-02-27T16:20:03.449+0000] {task_command.py:410} INFO - Running <TaskInstance: api_to_db_dag.get_velib_data scheduled__2025-02-26T00:00:00+00:00 [running]> on host e84fbebffd18
[2025-02-27T16:20:03.498+0000] {taskinstance.py:1570} INFO - Exporting env vars: AIRFLOW_CTX_DAG_OWNER='***' AIRFLOW_CTX_DAG_ID='api_to_db_dag' AIRFLOW_CTX_TASK_ID='get_velib_data' AIRFLOW_CTX_EXECUTION_DATE='2025-02-26T00:00:00+00:00' AIRFLOW_CTX_TRY_NUMBER='1' AIRFLOW_CTX_DAG_RUN_ID='scheduled__2025-02-26T00:00:00+00:00'
[2025-02-27T16:20:03.499+0000] {http.py:123} INFO - Calling HTTP method
[2025-02-27T16:20:03.505+0000] {base.py:73} INFO - Using connection ID 'velib_api_connection' for task execution.
[2025-02-27T16:20:03.698+0000] {taskinstance.py:1373} INFO - Marking task as SUCCESS. dag_id=api_to_db_dag, task_id=get_velib_data, execution_date=20250226T000000, start_date=20250227T162003, end_date=20250227T162003
[2025-02-27T16:20:03.714+0000] {local_task_job_runner.py:232} INFO - Task exited with return code 0
[2025-02-27T16:20:03.737+0000] {taskinstance.py:2674} INFO - 1 downstream tasks scheduled from follow-on schedule check
[2025-02-27T16:42:13.947+0000] {taskinstance.py:1125} INFO - Dependencies all met for dep_context=non-requeueable deps ti=<TaskInstance: api_to_db_dag.get_velib_data scheduled__2025-02-26T00:00:00+00:00 [queued]>
[2025-02-27T16:42:13.954+0000] {taskinstance.py:1125} INFO - Dependencies all met for dep_context=requeueable deps ti=<TaskInstance: api_to_db_dag.get_velib_data scheduled__2025-02-26T00:00:00+00:00 [queued]>
[2025-02-27T16:42:13.956+0000] {taskinstance.py:1331} INFO - Starting attempt 1 of 1
[2025-02-27T16:42:13.965+0000] {taskinstance.py:1350} INFO - Executing <Task(SimpleHttpOperator): get_velib_data> on 2025-02-26 00:00:00+00:00
[2025-02-27T16:42:13.968+0000] {standard_task_runner.py:57} INFO - Started process 184 to run task
[2025-02-27T16:42:13.970+0000] {standard_task_runner.py:84} INFO - Running: ['***', 'tasks', 'run', 'api_to_db_dag', 'get_velib_data', 'scheduled__2025-02-26T00:00:00+00:00', '--job-id', '7', '--raw', '--subdir', 'DAGS_FOLDER/dag.py', '--cfg-path', '/tmp/tmp4wbki7ts']
[2025-02-27T16:42:13.971+0000] {standard_task_runner.py:85} INFO - Job 7: Subtask get_velib_data
[2025-02-27T16:42:14.004+0000] {task_command.py:410} INFO - Running <TaskInstance: api_to_db_dag.get_velib_data scheduled__2025-02-26T00:00:00+00:00 [running]> on host 0cb13b06ea45
[2025-02-27T16:42:14.060+0000] {taskinstance.py:1570} INFO - Exporting env vars: AIRFLOW_CTX_DAG_OWNER='***' AIRFLOW_CTX_DAG_ID='api_to_db_dag' AIRFLOW_CTX_TASK_ID='get_velib_data' AIRFLOW_CTX_EXECUTION_DATE='2025-02-26T00:00:00+00:00' AIRFLOW_CTX_TRY_NUMBER='1' AIRFLOW_CTX_DAG_RUN_ID='scheduled__2025-02-26T00:00:00+00:00'
[2025-02-27T16:42:14.060+0000] {http.py:123} INFO - Calling HTTP method
[2025-02-27T16:42:14.066+0000] {base.py:73} INFO - Using connection ID 'velib_api_connection' for task execution.
[2025-02-27T16:42:14.224+0000] {taskinstance.py:1373} INFO - Marking task as SUCCESS. dag_id=api_to_db_dag, task_id=get_velib_data, execution_date=20250226T000000, start_date=20250227T164213, end_date=20250227T164214
[2025-02-27T16:42:14.273+0000] {local_task_job_runner.py:232} INFO - Task exited with return code 0
[2025-02-27T16:42:14.287+0000] {taskinstance.py:2674} INFO - 1 downstream tasks scheduled from follow-on schedule check
[2025-02-27T16:47:38.570+0000] {taskinstance.py:1125} INFO - Dependencies all met for dep_context=non-requeueable deps ti=<TaskInstance: api_to_db_dag.get_velib_data scheduled__2025-02-26T00:00:00+00:00 [queued]>
[2025-02-27T16:47:38.576+0000] {taskinstance.py:1125} INFO - Dependencies all met for dep_context=requeueable deps ti=<TaskInstance: api_to_db_dag.get_velib_data scheduled__2025-02-26T00:00:00+00:00 [queued]>
[2025-02-27T16:47:38.576+0000] {taskinstance.py:1331} INFO - Starting attempt 1 of 1
[2025-02-27T16:47:38.583+0000] {taskinstance.py:1350} INFO - Executing <Task(SimpleHttpOperator): get_velib_data> on 2025-02-26 00:00:00+00:00
[2025-02-27T16:47:38.586+0000] {standard_task_runner.py:57} INFO - Started process 184 to run task
[2025-02-27T16:47:38.588+0000] {standard_task_runner.py:84} INFO - Running: ['***', 'tasks', 'run', 'api_to_db_dag', 'get_velib_data', 'scheduled__2025-02-26T00:00:00+00:00', '--job-id', '6', '--raw', '--subdir', 'DAGS_FOLDER/dag.py', '--cfg-path', '/tmp/tmpekz_blst']
[2025-02-27T16:47:38.589+0000] {standard_task_runner.py:85} INFO - Job 6: Subtask get_velib_data
[2025-02-27T16:47:38.619+0000] {task_command.py:410} INFO - Running <TaskInstance: api_to_db_dag.get_velib_data scheduled__2025-02-26T00:00:00+00:00 [running]> on host 357b585475c9
[2025-02-27T16:47:38.672+0000] {taskinstance.py:1570} INFO - Exporting env vars: AIRFLOW_CTX_DAG_OWNER='***' AIRFLOW_CTX_DAG_ID='api_to_db_dag' AIRFLOW_CTX_TASK_ID='get_velib_data' AIRFLOW_CTX_EXECUTION_DATE='2025-02-26T00:00:00+00:00' AIRFLOW_CTX_TRY_NUMBER='1' AIRFLOW_CTX_DAG_RUN_ID='scheduled__2025-02-26T00:00:00+00:00'
[2025-02-27T16:47:38.673+0000] {http.py:123} INFO - Calling HTTP method
[2025-02-27T16:47:38.678+0000] {base.py:73} INFO - Using connection ID 'velib_api_connection' for task execution.
[2025-02-27T16:47:38.892+0000] {taskinstance.py:1373} INFO - Marking task as SUCCESS. dag_id=api_to_db_dag, task_id=get_velib_data, execution_date=20250226T000000, start_date=20250227T164738, end_date=20250227T164738
[2025-02-27T16:47:38.938+0000] {local_task_job_runner.py:232} INFO - Task exited with return code 0
[2025-02-27T16:47:38.953+0000] {taskinstance.py:2674} INFO - 1 downstream tasks scheduled from follow-on schedule check
[2025-02-27T16:54:36.331+0000] {taskinstance.py:1125} INFO - Dependencies all met for dep_context=non-requeueable deps ti=<TaskInstance: api_to_db_dag.get_velib_data scheduled__2025-02-26T00:00:00+00:00 [queued]>
[2025-02-27T16:54:36.336+0000] {taskinstance.py:1125} INFO - Dependencies all met for dep_context=requeueable deps ti=<TaskInstance: api_to_db_dag.get_velib_data scheduled__2025-02-26T00:00:00+00:00 [queued]>
[2025-02-27T16:54:36.339+0000] {taskinstance.py:1331} INFO - Starting attempt 1 of 1
[2025-02-27T16:54:36.360+0000] {taskinstance.py:1350} INFO - Executing <Task(SimpleHttpOperator): get_velib_data> on 2025-02-26 00:00:00+00:00
[2025-02-27T16:54:36.364+0000] {standard_task_runner.py:57} INFO - Started process 336 to run task
[2025-02-27T16:54:36.367+0000] {standard_task_runner.py:84} INFO - Running: ['***', 'tasks', 'run', 'api_to_db_dag', 'get_velib_data', 'scheduled__2025-02-26T00:00:00+00:00', '--job-id', '14', '--raw', '--subdir', 'DAGS_FOLDER/dag.py', '--cfg-path', '/tmp/tmpvxx41gli']
[2025-02-27T16:54:36.371+0000] {standard_task_runner.py:85} INFO - Job 14: Subtask get_velib_data
[2025-02-27T16:54:36.416+0000] {task_command.py:410} INFO - Running <TaskInstance: api_to_db_dag.get_velib_data scheduled__2025-02-26T00:00:00+00:00 [running]> on host a0bfba191c0c
[2025-02-27T16:54:36.481+0000] {taskinstance.py:1570} INFO - Exporting env vars: AIRFLOW_CTX_DAG_OWNER='***' AIRFLOW_CTX_DAG_ID='api_to_db_dag' AIRFLOW_CTX_TASK_ID='get_velib_data' AIRFLOW_CTX_EXECUTION_DATE='2025-02-26T00:00:00+00:00' AIRFLOW_CTX_TRY_NUMBER='1' AIRFLOW_CTX_DAG_RUN_ID='scheduled__2025-02-26T00:00:00+00:00'
[2025-02-27T16:54:36.482+0000] {http.py:123} INFO - Calling HTTP method
[2025-02-27T16:54:36.490+0000] {base.py:73} INFO - Using connection ID 'velib_api_connection' for task execution.
[2025-02-27T16:54:36.658+0000] {taskinstance.py:1373} INFO - Marking task as SUCCESS. dag_id=api_to_db_dag, task_id=get_velib_data, execution_date=20250226T000000, start_date=20250227T165436, end_date=20250227T165436
[2025-02-27T16:54:36.674+0000] {local_task_job_runner.py:232} INFO - Task exited with return code 0
[2025-02-27T16:54:36.690+0000] {taskinstance.py:2674} INFO - 1 downstream tasks scheduled from follow-on schedule check
[2025-02-27T16:55:06.702+0000] {taskinstance.py:1125} INFO - Dependencies all met for dep_context=non-requeueable deps ti=<TaskInstance: api_to_db_dag.get_velib_data scheduled__2025-02-26T00:00:00+00:00 [queued]>
[2025-02-27T16:55:06.708+0000] {taskinstance.py:1125} INFO - Dependencies all met for dep_context=requeueable deps ti=<TaskInstance: api_to_db_dag.get_velib_data scheduled__2025-02-26T00:00:00+00:00 [queued]>
[2025-02-27T16:55:06.708+0000] {taskinstance.py:1331} INFO - Starting attempt 1 of 1
[2025-02-27T16:55:06.717+0000] {taskinstance.py:1350} INFO - Executing <Task(SimpleHttpOperator): get_velib_data> on 2025-02-26 00:00:00+00:00
[2025-02-27T16:55:06.719+0000] {standard_task_runner.py:57} INFO - Started process 484 to run task
[2025-02-27T16:55:06.722+0000] {standard_task_runner.py:84} INFO - Running: ['***', 'tasks', 'run', 'api_to_db_dag', 'get_velib_data', 'scheduled__2025-02-26T00:00:00+00:00', '--job-id', '21', '--raw', '--subdir', 'DAGS_FOLDER/dag.py', '--cfg-path', '/tmp/tmp3pw5rg3y']
[2025-02-27T16:55:06.723+0000] {standard_task_runner.py:85} INFO - Job 21: Subtask get_velib_data
[2025-02-27T16:55:06.754+0000] {task_command.py:410} INFO - Running <TaskInstance: api_to_db_dag.get_velib_data scheduled__2025-02-26T00:00:00+00:00 [running]> on host a0bfba191c0c
[2025-02-27T16:55:06.800+0000] {taskinstance.py:1570} INFO - Exporting env vars: AIRFLOW_CTX_DAG_OWNER='***' AIRFLOW_CTX_DAG_ID='api_to_db_dag' AIRFLOW_CTX_TASK_ID='get_velib_data' AIRFLOW_CTX_EXECUTION_DATE='2025-02-26T00:00:00+00:00' AIRFLOW_CTX_TRY_NUMBER='1' AIRFLOW_CTX_DAG_RUN_ID='scheduled__2025-02-26T00:00:00+00:00'
[2025-02-27T16:55:06.801+0000] {http.py:123} INFO - Calling HTTP method
[2025-02-27T16:55:06.808+0000] {base.py:73} INFO - Using connection ID 'velib_api_connection' for task execution.
[2025-02-27T16:55:07.016+0000] {taskinstance.py:1373} INFO - Marking task as SUCCESS. dag_id=api_to_db_dag, task_id=get_velib_data, execution_date=20250226T000000, start_date=20250227T165506, end_date=20250227T165507
[2025-02-27T16:55:07.066+0000] {local_task_job_runner.py:232} INFO - Task exited with return code 0
[2025-02-27T16:55:07.086+0000] {taskinstance.py:2674} INFO - 1 downstream tasks scheduled from follow-on schedule check
[2025-02-27T19:14:28.316+0000] {taskinstance.py:1125} INFO - Dependencies all met for dep_context=non-requeueable deps ti=<TaskInstance: api_to_db_dag.get_velib_data scheduled__2025-02-26T00:00:00+00:00 [queued]>
[2025-02-27T19:14:28.324+0000] {taskinstance.py:1125} INFO - Dependencies all met for dep_context=requeueable deps ti=<TaskInstance: api_to_db_dag.get_velib_data scheduled__2025-02-26T00:00:00+00:00 [queued]>
[2025-02-27T19:14:28.325+0000] {taskinstance.py:1331} INFO - Starting attempt 1 of 1
[2025-02-27T19:14:28.332+0000] {taskinstance.py:1350} INFO - Executing <Task(SimpleHttpOperator): get_velib_data> on 2025-02-26 00:00:00+00:00
[2025-02-27T19:14:28.335+0000] {standard_task_runner.py:57} INFO - Started process 1120 to run task
[2025-02-27T19:14:28.338+0000] {standard_task_runner.py:84} INFO - Running: ['***', 'tasks', 'run', 'api_to_db_dag', 'get_velib_data', 'scheduled__2025-02-26T00:00:00+00:00', '--job-id', '21', '--raw', '--subdir', 'DAGS_FOLDER/dag.py', '--cfg-path', '/tmp/tmprzlq42w4']
[2025-02-27T19:14:28.339+0000] {standard_task_runner.py:85} INFO - Job 21: Subtask get_velib_data
[2025-02-27T19:14:28.393+0000] {task_command.py:410} INFO - Running <TaskInstance: api_to_db_dag.get_velib_data scheduled__2025-02-26T00:00:00+00:00 [running]> on host 6787c35814a1
[2025-02-27T19:14:28.445+0000] {taskinstance.py:1570} INFO - Exporting env vars: AIRFLOW_CTX_DAG_OWNER='***' AIRFLOW_CTX_DAG_ID='api_to_db_dag' AIRFLOW_CTX_TASK_ID='get_velib_data' AIRFLOW_CTX_EXECUTION_DATE='2025-02-26T00:00:00+00:00' AIRFLOW_CTX_TRY_NUMBER='1' AIRFLOW_CTX_DAG_RUN_ID='scheduled__2025-02-26T00:00:00+00:00'
[2025-02-27T19:14:28.446+0000] {http.py:123} INFO - Calling HTTP method
[2025-02-27T19:14:28.452+0000] {base.py:73} INFO - Using connection ID 'velib_api_connection' for task execution.
[2025-02-27T19:14:28.676+0000] {taskinstance.py:1373} INFO - Marking task as SUCCESS. dag_id=api_to_db_dag, task_id=get_velib_data, execution_date=20250226T000000, start_date=20250227T191428, end_date=20250227T191428
[2025-02-27T19:14:28.726+0000] {local_task_job_runner.py:232} INFO - Task exited with return code 0
[2025-02-27T19:14:28.764+0000] {taskinstance.py:2674} INFO - 1 downstream tasks scheduled from follow-on schedule check
[2025-02-27T20:55:21.534+0000] {taskinstance.py:1125} INFO - Dependencies all met for dep_context=non-requeueable deps ti=<TaskInstance: api_to_db_dag.get_velib_data scheduled__2025-02-26T00:00:00+00:00 [queued]>
[2025-02-27T20:55:21.546+0000] {taskinstance.py:1125} INFO - Dependencies all met for dep_context=requeueable deps ti=<TaskInstance: api_to_db_dag.get_velib_data scheduled__2025-02-26T00:00:00+00:00 [queued]>
[2025-02-27T20:55:21.547+0000] {taskinstance.py:1331} INFO - Starting attempt 1 of 1
[2025-02-27T20:55:21.568+0000] {taskinstance.py:1350} INFO - Executing <Task(SimpleHttpOperator): get_velib_data> on 2025-02-26 00:00:00+00:00
[2025-02-27T20:55:21.573+0000] {standard_task_runner.py:57} INFO - Started process 274 to run task
[2025-02-27T20:55:21.576+0000] {standard_task_runner.py:84} INFO - Running: ['***', 'tasks', 'run', 'api_to_db_dag', 'get_velib_data', 'scheduled__2025-02-26T00:00:00+00:00', '--job-id', '11', '--raw', '--subdir', 'DAGS_FOLDER/dag.py', '--cfg-path', '/tmp/tmpqupq0f5d']
[2025-02-27T20:55:21.585+0000] {standard_task_runner.py:85} INFO - Job 11: Subtask get_velib_data
[2025-02-27T20:55:21.659+0000] {task_command.py:410} INFO - Running <TaskInstance: api_to_db_dag.get_velib_data scheduled__2025-02-26T00:00:00+00:00 [running]> on host 53fdc8261bae
[2025-02-27T20:55:22.048+0000] {taskinstance.py:1570} INFO - Exporting env vars: AIRFLOW_CTX_DAG_OWNER='***' AIRFLOW_CTX_DAG_ID='api_to_db_dag' AIRFLOW_CTX_TASK_ID='get_velib_data' AIRFLOW_CTX_EXECUTION_DATE='2025-02-26T00:00:00+00:00' AIRFLOW_CTX_TRY_NUMBER='1' AIRFLOW_CTX_DAG_RUN_ID='scheduled__2025-02-26T00:00:00+00:00'
[2025-02-27T20:55:22.048+0000] {http.py:123} INFO - Calling HTTP method
[2025-02-27T20:55:22.055+0000] {base.py:73} INFO - Using connection ID 'velib_api_connection' for task execution.
[2025-02-27T20:55:22.240+0000] {taskinstance.py:1373} INFO - Marking task as SUCCESS. dag_id=api_to_db_dag, task_id=get_velib_data, execution_date=20250226T000000, start_date=20250227T205521, end_date=20250227T205522
[2025-02-27T20:55:22.254+0000] {local_task_job_runner.py:232} INFO - Task exited with return code 0
[2025-02-27T20:55:22.311+0000] {taskinstance.py:2674} INFO - 1 downstream tasks scheduled from follow-on schedule check
[2025-02-27T23:34:25.163+0000] {taskinstance.py:1125} INFO - Dependencies all met for dep_context=non-requeueable deps ti=<TaskInstance: api_to_db_dag.get_velib_data scheduled__2025-02-26T00:00:00+00:00 [queued]>
[2025-02-27T23:34:25.187+0000] {taskinstance.py:1125} INFO - Dependencies all met for dep_context=requeueable deps ti=<TaskInstance: api_to_db_dag.get_velib_data scheduled__2025-02-26T00:00:00+00:00 [queued]>
[2025-02-27T23:34:25.187+0000] {taskinstance.py:1331} INFO - Starting attempt 1 of 1
[2025-02-27T23:34:25.215+0000] {taskinstance.py:1350} INFO - Executing <Task(SimpleHttpOperator): get_velib_data> on 2025-02-26 00:00:00+00:00
[2025-02-27T23:34:25.222+0000] {standard_task_runner.py:57} INFO - Started process 1165 to run task
[2025-02-27T23:34:25.228+0000] {clientserver.py:543} INFO - Closing down clientserver connection
[2025-02-27T23:34:25.254+0000] {standard_task_runner.py:84} INFO - Running: ['***', 'tasks', 'run', 'api_to_db_dag', 'get_velib_data', 'scheduled__2025-02-26T00:00:00+00:00', '--job-id', '5', '--raw', '--subdir', 'DAGS_FOLDER/dag.py', '--cfg-path', '/tmp/tmpijl8lq9s']
[2025-02-27T23:34:25.257+0000] {standard_task_runner.py:85} INFO - Job 5: Subtask get_velib_data
[2025-02-27T23:34:25.357+0000] {task_command.py:410} INFO - Running <TaskInstance: api_to_db_dag.get_velib_data scheduled__2025-02-26T00:00:00+00:00 [running]> on host 80b2b1669f52
[2025-02-27T23:34:25.447+0000] {taskinstance.py:1570} INFO - Exporting env vars: AIRFLOW_CTX_DAG_OWNER='***' AIRFLOW_CTX_DAG_ID='api_to_db_dag' AIRFLOW_CTX_TASK_ID='get_velib_data' AIRFLOW_CTX_EXECUTION_DATE='2025-02-26T00:00:00+00:00' AIRFLOW_CTX_TRY_NUMBER='1' AIRFLOW_CTX_DAG_RUN_ID='scheduled__2025-02-26T00:00:00+00:00'
[2025-02-27T23:34:25.448+0000] {http.py:123} INFO - Calling HTTP method
[2025-02-27T23:34:25.457+0000] {base.py:73} INFO - Using connection ID 'velib_api_connection' for task execution.
[2025-02-27T23:34:25.694+0000] {taskinstance.py:1373} INFO - Marking task as SUCCESS. dag_id=api_to_db_dag, task_id=get_velib_data, execution_date=20250226T000000, start_date=20250227T233425, end_date=20250227T233425
[2025-02-27T23:34:25.739+0000] {local_task_job_runner.py:232} INFO - Task exited with return code 0
[2025-02-27T23:34:25.789+0000] {taskinstance.py:2674} INFO - 1 downstream tasks scheduled from follow-on schedule check
