[2025-02-28T23:36:35.212+0000] {taskinstance.py:1125} INFO - Dependencies all met for dep_context=non-requeueable deps ti=<TaskInstance: api_to_db_dag.index_parquet_to_elasticsearch scheduled__2025-02-28T23:34:00+00:00 [queued]>
[2025-02-28T23:36:35.218+0000] {taskinstance.py:1125} INFO - Dependencies all met for dep_context=requeueable deps ti=<TaskInstance: api_to_db_dag.index_parquet_to_elasticsearch scheduled__2025-02-28T23:34:00+00:00 [queued]>
[2025-02-28T23:36:35.219+0000] {taskinstance.py:1331} INFO - Starting attempt 1 of 1
[2025-02-28T23:36:35.226+0000] {taskinstance.py:1350} INFO - Executing <Task(PythonOperator): index_parquet_to_elasticsearch> on 2025-02-28 23:34:00+00:00
[2025-02-28T23:36:35.231+0000] {standard_task_runner.py:57} INFO - Started process 2058 to run task
[2025-02-28T23:36:35.233+0000] {standard_task_runner.py:84} INFO - Running: ['***', 'tasks', 'run', 'api_to_db_dag', 'index_parquet_to_elasticsearch', 'scheduled__2025-02-28T23:34:00+00:00', '--job-id', '16', '--raw', '--subdir', 'DAGS_FOLDER/dag.py', '--cfg-path', '/tmp/tmp62skdcyc']
[2025-02-28T23:36:35.235+0000] {standard_task_runner.py:85} INFO - Job 16: Subtask index_parquet_to_elasticsearch
[2025-02-28T23:36:35.270+0000] {task_command.py:410} INFO - Running <TaskInstance: api_to_db_dag.index_parquet_to_elasticsearch scheduled__2025-02-28T23:34:00+00:00 [running]> on host d71706374825
[2025-02-28T23:36:35.321+0000] {taskinstance.py:1570} INFO - Exporting env vars: AIRFLOW_CTX_DAG_OWNER='***' AIRFLOW_CTX_DAG_ID='api_to_db_dag' AIRFLOW_CTX_TASK_ID='index_parquet_to_elasticsearch' AIRFLOW_CTX_EXECUTION_DATE='2025-02-28T23:34:00+00:00' AIRFLOW_CTX_TRY_NUMBER='1' AIRFLOW_CTX_DAG_RUN_ID='scheduled__2025-02-28T23:34:00+00:00'
[2025-02-28T23:36:35.371+0000] {logging_mixin.py:149} WARNING - /home/***/.local/lib/python3.7/site-packages/pandas/core/array_algos/replace.py:84 FutureWarning: elementwise comparison failed; returning scalar instead, but in the future will perform elementwise comparison
[2025-02-28T23:36:35.561+0000] {base.py:271} INFO - PUT http://elasticsearch:9200/velib_analytics [status:200 request:0.160s]
[2025-02-28T23:36:35.562+0000] {logging_mixin.py:149} INFO - Index 'velib_analytics' créé avec mapping.
[2025-02-28T23:36:35.710+0000] {base.py:271} INFO - POST http://elasticsearch:9200/_bulk [status:200 request:0.120s]
[2025-02-28T23:36:35.789+0000] {base.py:271} INFO - POST http://elasticsearch:9200/_bulk [status:200 request:0.071s]
[2025-02-28T23:36:35.834+0000] {base.py:271} INFO - POST http://elasticsearch:9200/_bulk [status:200 request:0.036s]
[2025-02-28T23:36:35.837+0000] {logging_mixin.py:149} INFO - Les données ont été ajoutées dans l'index 'velib_analytics'.
[2025-02-28T23:36:35.837+0000] {python.py:183} INFO - Done. Returned value was: None
[2025-02-28T23:36:35.846+0000] {taskinstance.py:1373} INFO - Marking task as SUCCESS. dag_id=api_to_db_dag, task_id=index_parquet_to_elasticsearch, execution_date=20250228T233400, start_date=20250228T233635, end_date=20250228T233635
[2025-02-28T23:36:35.867+0000] {local_task_job_runner.py:232} INFO - Task exited with return code 0
[2025-02-28T23:36:35.892+0000] {taskinstance.py:2674} INFO - 0 downstream tasks scheduled from follow-on schedule check
