[2025-02-26T21:33:37.928+0000] {taskinstance.py:1087} INFO - Dependencies all met for <TaskInstance: api_to_db_dag.get_station_information manual__2025-02-26T21:33:35.327909+00:00 [queued]>
[2025-02-26T21:33:37.937+0000] {taskinstance.py:1087} INFO - Dependencies all met for <TaskInstance: api_to_db_dag.get_station_information manual__2025-02-26T21:33:35.327909+00:00 [queued]>
[2025-02-26T21:33:37.937+0000] {taskinstance.py:1283} INFO - 
--------------------------------------------------------------------------------
[2025-02-26T21:33:37.937+0000] {taskinstance.py:1284} INFO - Starting attempt 1 of 1
[2025-02-26T21:33:37.938+0000] {taskinstance.py:1285} INFO - 
--------------------------------------------------------------------------------
[2025-02-26T21:33:37.950+0000] {taskinstance.py:1304} INFO - Executing <Task(SimpleHttpOperator): get_station_information> on 2025-02-26 21:33:35.327909+00:00
[2025-02-26T21:33:37.953+0000] {standard_task_runner.py:55} INFO - Started process 189 to run task
[2025-02-26T21:33:37.955+0000] {standard_task_runner.py:82} INFO - Running: ['***', 'tasks', 'run', 'api_to_db_dag', 'get_station_information', 'manual__2025-02-26T21:33:35.327909+00:00', '--job-id', '6', '--raw', '--subdir', 'DAGS_FOLDER/dag.py', '--cfg-path', '/tmp/tmp_h2vyyfo']
[2025-02-26T21:33:37.956+0000] {standard_task_runner.py:83} INFO - Job 6: Subtask get_station_information
[2025-02-26T21:33:37.992+0000] {task_command.py:389} INFO - Running <TaskInstance: api_to_db_dag.get_station_information manual__2025-02-26T21:33:35.327909+00:00 [running]> on host caae8f3b540c
[2025-02-26T21:33:38.026+0000] {taskinstance.py:1513} INFO - Exporting the following env vars:
AIRFLOW_CTX_DAG_OWNER=***
AIRFLOW_CTX_DAG_ID=api_to_db_dag
AIRFLOW_CTX_TASK_ID=get_station_information
AIRFLOW_CTX_EXECUTION_DATE=2025-02-26T21:33:35.327909+00:00
AIRFLOW_CTX_TRY_NUMBER=1
AIRFLOW_CTX_DAG_RUN_ID=manual__2025-02-26T21:33:35.327909+00:00
[2025-02-26T21:33:38.027+0000] {http.py:123} INFO - Calling HTTP method
[2025-02-26T21:33:38.031+0000] {base.py:73} INFO - Using connection ID 'velib_api_connection' for task execution.
[2025-02-26T21:33:38.033+0000] {http.py:150} INFO - Sending 'GET' to url: https://velib-metropole-opendata.smovengo.cloud/opendata/Velib_Metropole/station_information.json
[2025-02-26T21:33:38.691+0000] {taskinstance.py:1327} INFO - Marking task as SUCCESS. dag_id=api_to_db_dag, task_id=get_station_information, execution_date=20250226T213335, start_date=20250226T213337, end_date=20250226T213338
[2025-02-26T21:33:38.715+0000] {local_task_job.py:159} INFO - Task exited with return code 0
[2025-02-26T21:33:38.728+0000] {taskinstance.py:2582} INFO - 1 downstream tasks scheduled from follow-on schedule check
