[2025-02-27T16:14:59.696+0000] {taskinstance.py:1125} INFO - Dependencies all met for dep_context=non-requeueable deps ti=<TaskInstance: api_to_db_dag.spark_join_task manual__2025-02-27T16:14:55.214172+00:00 [queued]>
[2025-02-27T16:14:59.703+0000] {taskinstance.py:1125} INFO - Dependencies all met for dep_context=requeueable deps ti=<TaskInstance: api_to_db_dag.spark_join_task manual__2025-02-27T16:14:55.214172+00:00 [queued]>
[2025-02-27T16:14:59.703+0000] {taskinstance.py:1331} INFO - Starting attempt 1 of 1
[2025-02-27T16:14:59.712+0000] {taskinstance.py:1350} INFO - Executing <Task(SparkSubmitOperator): spark_join_task> on 2025-02-27 16:14:55.214172+00:00
[2025-02-27T16:14:59.715+0000] {standard_task_runner.py:57} INFO - Started process 706 to run task
[2025-02-27T16:14:59.717+0000] {standard_task_runner.py:84} INFO - Running: ['***', 'tasks', 'run', 'api_to_db_dag', 'spark_join_task', 'manual__2025-02-27T16:14:55.214172+00:00', '--job-id', '31', '--raw', '--subdir', 'DAGS_FOLDER/dag.py', '--cfg-path', '/tmp/tmp626iwanq']
[2025-02-27T16:14:59.719+0000] {standard_task_runner.py:85} INFO - Job 31: Subtask spark_join_task
[2025-02-27T16:14:59.745+0000] {task_command.py:410} INFO - Running <TaskInstance: api_to_db_dag.spark_join_task manual__2025-02-27T16:14:55.214172+00:00 [running]> on host 70227d8e9381
[2025-02-27T16:14:59.795+0000] {taskinstance.py:1570} INFO - Exporting env vars: AIRFLOW_CTX_DAG_OWNER='***' AIRFLOW_CTX_DAG_ID='api_to_db_dag' AIRFLOW_CTX_TASK_ID='spark_join_task' AIRFLOW_CTX_EXECUTION_DATE='2025-02-27T16:14:55.214172+00:00' AIRFLOW_CTX_TRY_NUMBER='1' AIRFLOW_CTX_DAG_RUN_ID='manual__2025-02-27T16:14:55.214172+00:00'
[2025-02-27T16:14:59.800+0000] {base.py:73} INFO - Using connection ID 'spark_default' for task execution.
[2025-02-27T16:14:59.801+0000] {spark_submit.py:339} INFO - Spark-Submit cmd: spark-submit --master spark-master:7077 --conf spark.master=spark://spark-master:7077 --conf spark.driver.extraClassPath=/opt/bitnami/spark/jars/postgresql-42.7.5.jar --conf spark.executor.extraClassPath=/opt/bitnami/spark/jars/postgresql-42.7.5.jar --conf spark.jars=/opt/bitnami/spark/jars/postgresql-42.7.5.jar --name spark_join --verbose /opt/***/dags/spark_join.py
[2025-02-27T16:15:00.771+0000] {spark_submit.py:490} INFO - Using properties file: null
[2025-02-27T16:15:00.826+0000] {spark_submit.py:490} INFO - Parsed arguments:
[2025-02-27T16:15:00.826+0000] {spark_submit.py:490} INFO - master                  spark-master:7077
[2025-02-27T16:15:00.826+0000] {spark_submit.py:490} INFO - remote                  null
[2025-02-27T16:15:00.826+0000] {spark_submit.py:490} INFO - deployMode              null
[2025-02-27T16:15:00.827+0000] {spark_submit.py:490} INFO - executorMemory          null
[2025-02-27T16:15:00.827+0000] {spark_submit.py:490} INFO - executorCores           null
[2025-02-27T16:15:00.827+0000] {spark_submit.py:490} INFO - totalExecutorCores      null
[2025-02-27T16:15:00.827+0000] {spark_submit.py:490} INFO - propertiesFile          null
[2025-02-27T16:15:00.827+0000] {spark_submit.py:490} INFO - driverMemory            null
[2025-02-27T16:15:00.828+0000] {spark_submit.py:490} INFO - driverCores             null
[2025-02-27T16:15:00.828+0000] {spark_submit.py:490} INFO - driverExtraClassPath    /opt/bitnami/spark/jars/postgresql-42.7.5.jar
[2025-02-27T16:15:00.828+0000] {spark_submit.py:490} INFO - driverExtraLibraryPath  null
[2025-02-27T16:15:00.828+0000] {spark_submit.py:490} INFO - driverExtraJavaOptions  null
[2025-02-27T16:15:00.828+0000] {spark_submit.py:490} INFO - supervise               false
[2025-02-27T16:15:00.828+0000] {spark_submit.py:490} INFO - queue                   null
[2025-02-27T16:15:00.828+0000] {spark_submit.py:490} INFO - numExecutors            null
[2025-02-27T16:15:00.828+0000] {spark_submit.py:490} INFO - files                   null
[2025-02-27T16:15:00.828+0000] {spark_submit.py:490} INFO - pyFiles                 null
[2025-02-27T16:15:00.828+0000] {spark_submit.py:490} INFO - archives                null
[2025-02-27T16:15:00.829+0000] {spark_submit.py:490} INFO - mainClass               null
[2025-02-27T16:15:00.829+0000] {spark_submit.py:490} INFO - primaryResource         file:/opt/***/dags/spark_join.py
[2025-02-27T16:15:00.829+0000] {spark_submit.py:490} INFO - name                    spark_join
[2025-02-27T16:15:00.829+0000] {spark_submit.py:490} INFO - childArgs               []
[2025-02-27T16:15:00.829+0000] {spark_submit.py:490} INFO - jars                    /opt/bitnami/spark/jars/postgresql-42.7.5.jar
[2025-02-27T16:15:00.829+0000] {spark_submit.py:490} INFO - packages                null
[2025-02-27T16:15:00.829+0000] {spark_submit.py:490} INFO - packagesExclusions      null
[2025-02-27T16:15:00.829+0000] {spark_submit.py:490} INFO - repositories            null
[2025-02-27T16:15:00.829+0000] {spark_submit.py:490} INFO - verbose                 true
[2025-02-27T16:15:00.830+0000] {spark_submit.py:490} INFO - 
[2025-02-27T16:15:00.830+0000] {spark_submit.py:490} INFO - Spark properties used, including those specified through
[2025-02-27T16:15:00.830+0000] {spark_submit.py:490} INFO - --conf and those from the properties file null:
[2025-02-27T16:15:00.830+0000] {spark_submit.py:490} INFO - (spark.driver.extraClassPath,/opt/bitnami/spark/jars/postgresql-42.7.5.jar)
[2025-02-27T16:15:00.830+0000] {spark_submit.py:490} INFO - (spark.executor.extraClassPath,/opt/bitnami/spark/jars/postgresql-42.7.5.jar)
[2025-02-27T16:15:00.830+0000] {spark_submit.py:490} INFO - (spark.jars,/opt/bitnami/spark/jars/postgresql-42.7.5.jar)
[2025-02-27T16:15:00.830+0000] {spark_submit.py:490} INFO - (spark.master,spark://spark-master:7077)
[2025-02-27T16:15:00.830+0000] {spark_submit.py:490} INFO - 
[2025-02-27T16:15:00.830+0000] {spark_submit.py:490} INFO - 
[2025-02-27T16:15:01.054+0000] {spark_submit.py:490} INFO - 25/02/27 16:15:01 WARN NativeCodeLoader: Unable to load native-hadoop library for your platform... using builtin-java classes where applicable
[2025-02-27T16:15:01.165+0000] {spark_submit.py:490} INFO - Main class:
[2025-02-27T16:15:01.165+0000] {spark_submit.py:490} INFO - org.apache.spark.deploy.PythonRunner
[2025-02-27T16:15:01.166+0000] {spark_submit.py:490} INFO - Arguments:
[2025-02-27T16:15:01.166+0000] {spark_submit.py:490} INFO - file:/opt/***/dags/spark_join.py
[2025-02-27T16:15:01.166+0000] {spark_submit.py:490} INFO - null
[2025-02-27T16:15:01.167+0000] {spark_submit.py:490} INFO - Spark config:
[2025-02-27T16:15:01.167+0000] {spark_submit.py:490} INFO - (spark.app.name,spark_join)
[2025-02-27T16:15:01.167+0000] {spark_submit.py:490} INFO - (spark.app.submitTime,1740672901155)
[2025-02-27T16:15:01.168+0000] {spark_submit.py:490} INFO - (spark.driver.extraClassPath,/opt/bitnami/spark/jars/postgresql-42.7.5.jar)
[2025-02-27T16:15:01.168+0000] {spark_submit.py:490} INFO - (spark.executor.extraClassPath,/opt/bitnami/spark/jars/postgresql-42.7.5.jar)
[2025-02-27T16:15:01.168+0000] {spark_submit.py:490} INFO - (spark.jars,file:///opt/bitnami/spark/jars/postgresql-42.7.5.jar)
[2025-02-27T16:15:01.168+0000] {spark_submit.py:490} INFO - (spark.master,spark-master:7077)
[2025-02-27T16:15:01.168+0000] {spark_submit.py:490} INFO - (spark.repl.local.jars,file:///opt/bitnami/spark/jars/postgresql-42.7.5.jar)
[2025-02-27T16:15:01.169+0000] {spark_submit.py:490} INFO - (spark.submit.deployMode,client)
[2025-02-27T16:15:01.169+0000] {spark_submit.py:490} INFO - (spark.submit.pyFiles,)
[2025-02-27T16:15:01.169+0000] {spark_submit.py:490} INFO - Classpath elements:
[2025-02-27T16:15:01.170+0000] {spark_submit.py:490} INFO - file:///opt/bitnami/spark/jars/postgresql-42.7.5.jar
[2025-02-27T16:15:01.170+0000] {spark_submit.py:490} INFO - 
[2025-02-27T16:15:01.170+0000] {spark_submit.py:490} INFO - 
[2025-02-27T16:15:02.064+0000] {spark_submit.py:490} INFO - 25/02/27 16:15:02 INFO SparkContext: Running Spark version 3.4.4
[2025-02-27T16:15:02.089+0000] {spark_submit.py:490} INFO - 25/02/27 16:15:02 INFO ResourceUtils: ==============================================================
[2025-02-27T16:15:02.090+0000] {spark_submit.py:490} INFO - 25/02/27 16:15:02 INFO ResourceUtils: No custom resources configured for spark.driver.
[2025-02-27T16:15:02.090+0000] {spark_submit.py:490} INFO - 25/02/27 16:15:02 INFO ResourceUtils: ==============================================================
[2025-02-27T16:15:02.090+0000] {spark_submit.py:490} INFO - 25/02/27 16:15:02 INFO SparkContext: Submitted application: JoinVelibTables
[2025-02-27T16:15:02.104+0000] {spark_submit.py:490} INFO - 25/02/27 16:15:02 INFO ResourceProfile: Default ResourceProfile created, executor resources: Map(memory -> name: memory, amount: 1024, script: , vendor: , offHeap -> name: offHeap, amount: 0, script: , vendor: ), task resources: Map(cpus -> name: cpus, amount: 1.0)
[2025-02-27T16:15:02.125+0000] {spark_submit.py:490} INFO - 25/02/27 16:15:02 INFO ResourceProfile: Limiting resource is cpu
[2025-02-27T16:15:02.126+0000] {spark_submit.py:490} INFO - 25/02/27 16:15:02 INFO ResourceProfileManager: Added ResourceProfile id: 0
[2025-02-27T16:15:02.201+0000] {spark_submit.py:490} INFO - 25/02/27 16:15:02 INFO SecurityManager: Changing view acls to: ***
[2025-02-27T16:15:02.203+0000] {spark_submit.py:490} INFO - 25/02/27 16:15:02 INFO SecurityManager: Changing modify acls to: ***
[2025-02-27T16:15:02.204+0000] {spark_submit.py:490} INFO - 25/02/27 16:15:02 INFO SecurityManager: Changing view acls groups to:
[2025-02-27T16:15:02.204+0000] {spark_submit.py:490} INFO - 25/02/27 16:15:02 INFO SecurityManager: Changing modify acls groups to:
[2025-02-27T16:15:02.204+0000] {spark_submit.py:490} INFO - 25/02/27 16:15:02 INFO SecurityManager: SecurityManager: authentication disabled; ui acls disabled; users with view permissions: ***; groups with view permissions: EMPTY; users with modify permissions: ***; groups with modify permissions: EMPTY
[2025-02-27T16:15:02.441+0000] {spark_submit.py:490} INFO - 25/02/27 16:15:02 INFO Utils: Successfully started service 'sparkDriver' on port 37777.
[2025-02-27T16:15:02.465+0000] {spark_submit.py:490} INFO - 25/02/27 16:15:02 INFO SparkEnv: Registering MapOutputTracker
[2025-02-27T16:15:02.510+0000] {spark_submit.py:490} INFO - 25/02/27 16:15:02 INFO SparkEnv: Registering BlockManagerMaster
[2025-02-27T16:15:02.533+0000] {spark_submit.py:490} INFO - 25/02/27 16:15:02 INFO BlockManagerMasterEndpoint: Using org.apache.spark.storage.DefaultTopologyMapper for getting topology information
[2025-02-27T16:15:02.533+0000] {spark_submit.py:490} INFO - 25/02/27 16:15:02 INFO BlockManagerMasterEndpoint: BlockManagerMasterEndpoint up
[2025-02-27T16:15:02.536+0000] {spark_submit.py:490} INFO - 25/02/27 16:15:02 INFO SparkEnv: Registering BlockManagerMasterHeartbeat
[2025-02-27T16:15:02.572+0000] {spark_submit.py:490} INFO - 25/02/27 16:15:02 INFO DiskBlockManager: Created local directory at /tmp/blockmgr-d19bfdcc-9610-47a2-bc18-dc6b61fdb4e5
[2025-02-27T16:15:02.586+0000] {spark_submit.py:490} INFO - 25/02/27 16:15:02 INFO MemoryStore: MemoryStore started with capacity 434.4 MiB
[2025-02-27T16:15:02.599+0000] {spark_submit.py:490} INFO - 25/02/27 16:15:02 INFO SparkEnv: Registering OutputCommitCoordinator
[2025-02-27T16:15:02.736+0000] {spark_submit.py:490} INFO - 25/02/27 16:15:02 INFO JettyUtils: Start Jetty 0.0.0.0:4040 for SparkUI
[2025-02-27T16:15:02.797+0000] {spark_submit.py:490} INFO - 25/02/27 16:15:02 WARN Utils: Service 'SparkUI' could not bind on port 4040. Attempting port 4041.
[2025-02-27T16:15:02.807+0000] {spark_submit.py:490} INFO - 25/02/27 16:15:02 INFO Utils: Successfully started service 'SparkUI' on port 4041.
[2025-02-27T16:15:02.851+0000] {spark_submit.py:490} INFO - 25/02/27 16:15:02 INFO SparkContext: Added JAR file:///opt/bitnami/spark/jars/postgresql-42.7.5.jar at spark://70227d8e9381:37777/jars/postgresql-42.7.5.jar with timestamp 1740672902057
[2025-02-27T16:15:02.961+0000] {spark_submit.py:490} INFO - 25/02/27 16:15:02 INFO StandaloneAppClient$ClientEndpoint: Connecting to master spark://spark-master:7077...
[2025-02-27T16:15:03.025+0000] {spark_submit.py:490} INFO - 25/02/27 16:15:03 INFO TransportClientFactory: Successfully created connection to spark-master/172.18.0.3:7077 after 43 ms (0 ms spent in bootstraps)
[2025-02-27T16:15:03.163+0000] {spark_submit.py:490} INFO - 25/02/27 16:15:03 INFO StandaloneSchedulerBackend: Connected to Spark cluster with app ID app-20250227161503-0003
[2025-02-27T16:15:03.167+0000] {spark_submit.py:490} INFO - 25/02/27 16:15:03 INFO Utils: Successfully started service 'org.apache.spark.network.netty.NettyBlockTransferService' on port 45435.
[2025-02-27T16:15:03.168+0000] {spark_submit.py:490} INFO - 25/02/27 16:15:03 INFO NettyBlockTransferService: Server created on 70227d8e9381:45435
[2025-02-27T16:15:03.169+0000] {spark_submit.py:490} INFO - 25/02/27 16:15:03 INFO BlockManager: Using org.apache.spark.storage.RandomBlockReplicationPolicy for block replication policy
[2025-02-27T16:15:03.173+0000] {spark_submit.py:490} INFO - 25/02/27 16:15:03 INFO BlockManagerMaster: Registering BlockManager BlockManagerId(driver, 70227d8e9381, 45435, None)
[2025-02-27T16:15:03.176+0000] {spark_submit.py:490} INFO - 25/02/27 16:15:03 INFO BlockManagerMasterEndpoint: Registering block manager 70227d8e9381:45435 with 434.4 MiB RAM, BlockManagerId(driver, 70227d8e9381, 45435, None)
[2025-02-27T16:15:03.177+0000] {spark_submit.py:490} INFO - 25/02/27 16:15:03 INFO BlockManagerMaster: Registered BlockManager BlockManagerId(driver, 70227d8e9381, 45435, None)
[2025-02-27T16:15:03.178+0000] {spark_submit.py:490} INFO - 25/02/27 16:15:03 INFO BlockManager: Initialized BlockManager: BlockManagerId(driver, 70227d8e9381, 45435, None)
[2025-02-27T16:15:03.534+0000] {spark_submit.py:490} INFO - 25/02/27 16:15:03 INFO StandaloneSchedulerBackend: SchedulerBackend is ready for scheduling beginning after reached minRegisteredResourcesRatio: 0.0
[2025-02-27T16:15:03.561+0000] {spark_submit.py:490} INFO - /home/***/.local/lib/python3.7/site-packages/pyspark/python/lib/pyspark.zip/pyspark/context.py:317: FutureWarning: Python 3.7 support is deprecated in Spark 3.4.
[2025-02-27T16:15:03.561+0000] {spark_submit.py:490} INFO - warnings.warn("Python 3.7 support is deprecated in Spark 3.4.", FutureWarning)
[2025-02-27T16:15:03.692+0000] {spark_submit.py:490} INFO - 25/02/27 16:15:03 INFO SharedState: Setting hive.metastore.warehouse.dir ('null') to the value of spark.sql.warehouse.dir.
[2025-02-27T16:15:03.694+0000] {spark_submit.py:490} INFO - 25/02/27 16:15:03 INFO SharedState: Warehouse path is 'file:/opt/***/spark-warehouse'.
[2025-02-27T16:15:07.645+0000] {spark_submit.py:490} INFO - 25/02/27 16:15:07 INFO CodeGenerator: Code generated in 282.925917 ms
[2025-02-27T16:15:07.738+0000] {spark_submit.py:490} INFO - 25/02/27 16:15:07 INFO DAGScheduler: Registering RDD 3 (parquet at NativeMethodAccessorImpl.java:0) as input to shuffle 0
[2025-02-27T16:15:07.741+0000] {spark_submit.py:490} INFO - 25/02/27 16:15:07 INFO DAGScheduler: Got map stage job 0 (parquet at NativeMethodAccessorImpl.java:0) with 1 output partitions
[2025-02-27T16:15:07.741+0000] {spark_submit.py:490} INFO - 25/02/27 16:15:07 INFO DAGScheduler: Final stage: ShuffleMapStage 0 (parquet at NativeMethodAccessorImpl.java:0)
[2025-02-27T16:15:07.741+0000] {spark_submit.py:490} INFO - 25/02/27 16:15:07 INFO DAGScheduler: Parents of final stage: List()
[2025-02-27T16:15:07.743+0000] {spark_submit.py:490} INFO - 25/02/27 16:15:07 INFO DAGScheduler: Missing parents: List()
[2025-02-27T16:15:07.744+0000] {spark_submit.py:490} INFO - 25/02/27 16:15:07 INFO CodeGenerator: Code generated in 9.570583 ms
[2025-02-27T16:15:07.746+0000] {spark_submit.py:490} INFO - 25/02/27 16:15:07 INFO DAGScheduler: Submitting ShuffleMapStage 0 (MapPartitionsRDD[3] at parquet at NativeMethodAccessorImpl.java:0), which has no missing parents
[2025-02-27T16:15:07.865+0000] {spark_submit.py:490} INFO - 25/02/27 16:15:07 INFO MemoryStore: Block broadcast_0 stored as values in memory (estimated size 16.8 KiB, free 434.4 MiB)
[2025-02-27T16:15:07.916+0000] {spark_submit.py:490} INFO - 25/02/27 16:15:07 INFO MemoryStore: Block broadcast_0_piece0 stored as bytes in memory (estimated size 8.0 KiB, free 434.4 MiB)
[2025-02-27T16:15:07.918+0000] {spark_submit.py:490} INFO - 25/02/27 16:15:07 INFO BlockManagerInfo: Added broadcast_0_piece0 in memory on 70227d8e9381:45435 (size: 8.0 KiB, free: 434.4 MiB)
[2025-02-27T16:15:07.920+0000] {spark_submit.py:490} INFO - 25/02/27 16:15:07 INFO SparkContext: Created broadcast 0 from broadcast at DAGScheduler.scala:1540
[2025-02-27T16:15:07.934+0000] {spark_submit.py:490} INFO - 25/02/27 16:15:07 INFO DAGScheduler: Submitting 1 missing tasks from ShuffleMapStage 0 (MapPartitionsRDD[3] at parquet at NativeMethodAccessorImpl.java:0) (first 15 tasks are for partitions Vector(0))
[2025-02-27T16:15:07.934+0000] {spark_submit.py:490} INFO - 25/02/27 16:15:07 INFO TaskSchedulerImpl: Adding task set 0.0 with 1 tasks resource profile 0
[2025-02-27T16:15:07.948+0000] {spark_submit.py:490} INFO - 25/02/27 16:15:07 INFO DAGScheduler: Registering RDD 5 (parquet at NativeMethodAccessorImpl.java:0) as input to shuffle 1
[2025-02-27T16:15:07.948+0000] {spark_submit.py:490} INFO - 25/02/27 16:15:07 INFO DAGScheduler: Got map stage job 1 (parquet at NativeMethodAccessorImpl.java:0) with 1 output partitions
[2025-02-27T16:15:07.948+0000] {spark_submit.py:490} INFO - 25/02/27 16:15:07 INFO DAGScheduler: Final stage: ShuffleMapStage 1 (parquet at NativeMethodAccessorImpl.java:0)
[2025-02-27T16:15:07.948+0000] {spark_submit.py:490} INFO - 25/02/27 16:15:07 INFO DAGScheduler: Parents of final stage: List()
[2025-02-27T16:15:07.949+0000] {spark_submit.py:490} INFO - 25/02/27 16:15:07 INFO DAGScheduler: Missing parents: List()
[2025-02-27T16:15:07.950+0000] {spark_submit.py:490} INFO - 25/02/27 16:15:07 INFO DAGScheduler: Submitting ShuffleMapStage 1 (MapPartitionsRDD[5] at parquet at NativeMethodAccessorImpl.java:0), which has no missing parents
[2025-02-27T16:15:07.957+0000] {spark_submit.py:490} INFO - 25/02/27 16:15:07 INFO MemoryStore: Block broadcast_1 stored as values in memory (estimated size 14.4 KiB, free 434.4 MiB)
[2025-02-27T16:15:07.983+0000] {spark_submit.py:490} INFO - 25/02/27 16:15:07 INFO MemoryStore: Block broadcast_1_piece0 stored as bytes in memory (estimated size 7.5 KiB, free 434.4 MiB)
[2025-02-27T16:15:07.984+0000] {spark_submit.py:490} INFO - 25/02/27 16:15:07 INFO BlockManagerInfo: Added broadcast_1_piece0 in memory on 70227d8e9381:45435 (size: 7.5 KiB, free: 434.4 MiB)
[2025-02-27T16:15:07.984+0000] {spark_submit.py:490} INFO - 25/02/27 16:15:07 INFO SparkContext: Created broadcast 1 from broadcast at DAGScheduler.scala:1540
[2025-02-27T16:15:07.985+0000] {spark_submit.py:490} INFO - 25/02/27 16:15:07 INFO DAGScheduler: Submitting 1 missing tasks from ShuffleMapStage 1 (MapPartitionsRDD[5] at parquet at NativeMethodAccessorImpl.java:0) (first 15 tasks are for partitions Vector(0))
[2025-02-27T16:15:07.985+0000] {spark_submit.py:490} INFO - 25/02/27 16:15:07 INFO TaskSchedulerImpl: Adding task set 1.0 with 1 tasks resource profile 0
[2025-02-27T16:15:22.960+0000] {spark_submit.py:490} INFO - 25/02/27 16:15:22 WARN TaskSchedulerImpl: Initial job has not accepted any resources; check your cluster UI to ensure that workers are registered and have sufficient resources
[2025-02-27T16:15:37.954+0000] {spark_submit.py:490} INFO - 25/02/27 16:15:37 WARN TaskSchedulerImpl: Initial job has not accepted any resources; check your cluster UI to ensure that workers are registered and have sufficient resources
[2025-02-27T16:15:52.954+0000] {spark_submit.py:490} INFO - 25/02/27 16:15:52 WARN TaskSchedulerImpl: Initial job has not accepted any resources; check your cluster UI to ensure that workers are registered and have sufficient resources
[2025-02-27T16:16:07.949+0000] {spark_submit.py:490} INFO - 25/02/27 16:16:07 WARN TaskSchedulerImpl: Initial job has not accepted any resources; check your cluster UI to ensure that workers are registered and have sufficient resources
[2025-02-27T16:16:22.947+0000] {spark_submit.py:490} INFO - 25/02/27 16:16:22 WARN TaskSchedulerImpl: Initial job has not accepted any resources; check your cluster UI to ensure that workers are registered and have sufficient resources
[2025-02-27T16:16:37.959+0000] {spark_submit.py:490} INFO - 25/02/27 16:16:37 WARN TaskSchedulerImpl: Initial job has not accepted any resources; check your cluster UI to ensure that workers are registered and have sufficient resources
[2025-02-27T16:16:52.949+0000] {spark_submit.py:490} INFO - 25/02/27 16:16:52 WARN TaskSchedulerImpl: Initial job has not accepted any resources; check your cluster UI to ensure that workers are registered and have sufficient resources
[2025-02-27T16:17:07.951+0000] {spark_submit.py:490} INFO - 25/02/27 16:17:07 WARN TaskSchedulerImpl: Initial job has not accepted any resources; check your cluster UI to ensure that workers are registered and have sufficient resources
[2025-02-27T16:17:22.953+0000] {spark_submit.py:490} INFO - 25/02/27 16:17:22 WARN TaskSchedulerImpl: Initial job has not accepted any resources; check your cluster UI to ensure that workers are registered and have sufficient resources
[2025-02-27T16:17:37.953+0000] {spark_submit.py:490} INFO - 25/02/27 16:17:37 WARN TaskSchedulerImpl: Initial job has not accepted any resources; check your cluster UI to ensure that workers are registered and have sufficient resources
[2025-02-27T16:17:47.663+0000] {local_task_job_runner.py:122} ERROR - Received SIGTERM. Terminating subprocesses
[2025-02-27T16:17:47.783+0000] {process_utils.py:135} INFO - Sending Signals.SIGTERM to group 706. PIDs of all processes in the group: [707, 759, 706]
[2025-02-27T16:17:47.786+0000] {process_utils.py:86} INFO - Sending the signal Signals.SIGTERM to group 706
[2025-02-27T16:17:47.791+0000] {taskinstance.py:1540} ERROR - Received SIGTERM. Terminating subprocesses.
[2025-02-27T16:17:47.810+0000] {spark_submit.py:615} INFO - Sending kill signal to spark-submit
[2025-02-27T16:17:47.875+0000] {taskinstance.py:1847} ERROR - Task failed with exception
Traceback (most recent call last):
  File "/home/airflow/.local/lib/python3.7/site-packages/airflow/providers/apache/spark/operators/spark_submit.py", line 157, in execute
    self._hook.submit(self._application)
  File "/home/airflow/.local/lib/python3.7/site-packages/airflow/providers/apache/spark/hooks/spark_submit.py", line 409, in submit
    self._process_spark_submit_log(iter(self._submit_sp.stdout))  # type: ignore
  File "/home/airflow/.local/lib/python3.7/site-packages/airflow/providers/apache/spark/hooks/spark_submit.py", line 458, in _process_spark_submit_log
    for line in itr:
  File "/home/airflow/.local/lib/python3.7/site-packages/airflow/models/taskinstance.py", line 1542, in signal_handler
    raise AirflowException("Task received SIGTERM signal")
airflow.exceptions.AirflowException: Task received SIGTERM signal
[2025-02-27T16:17:47.953+0000] {taskinstance.py:1373} INFO - Marking task as FAILED. dag_id=api_to_db_dag, task_id=spark_join_task, execution_date=20250227T161455, start_date=20250227T161459, end_date=20250227T161747
[2025-02-27T16:17:48.023+0000] {process_utils.py:79} INFO - Process psutil.Process(pid=759, status='terminated', started='16:15:00') (759) terminated with exit code None
[2025-02-27T16:17:48.023+0000] {standard_task_runner.py:109} ERROR - Failed to execute job 31 for task spark_join_task (Task received SIGTERM signal; 706)
[2025-02-27T16:17:48.063+0000] {process_utils.py:79} INFO - Process psutil.Process(pid=706, status='terminated', exitcode=1, started='16:14:59') (706) terminated with exit code 1
[2025-02-27T16:17:48.069+0000] {process_utils.py:79} INFO - Process psutil.Process(pid=707, status='terminated', started='16:14:59') (707) terminated with exit code None
[2025-02-27T16:17:48.076+0000] {local_task_job_runner.py:232} INFO - Task exited with return code 143
[2025-02-27T16:17:48.137+0000] {taskinstance.py:2674} INFO - 0 downstream tasks scheduled from follow-on schedule check
