[2025-02-27T15:18:16.347+0000] {taskinstance.py:1125} INFO - Dependencies all met for dep_context=non-requeueable deps ti=<TaskInstance: api_to_db_dag.create_velib_station_status_table manual__2025-02-27T15:18:15.211750+00:00 [queued]>
[2025-02-27T15:18:16.352+0000] {taskinstance.py:1125} INFO - Dependencies all met for dep_context=requeueable deps ti=<TaskInstance: api_to_db_dag.create_velib_station_status_table manual__2025-02-27T15:18:15.211750+00:00 [queued]>
[2025-02-27T15:18:16.352+0000] {taskinstance.py:1331} INFO - Starting attempt 1 of 1
[2025-02-27T15:18:16.359+0000] {taskinstance.py:1350} INFO - Executing <Task(PostgresOperator): create_velib_station_status_table> on 2025-02-27 15:18:15.211750+00:00
[2025-02-27T15:18:16.362+0000] {standard_task_runner.py:57} INFO - Started process 175 to run task
[2025-02-27T15:18:16.367+0000] {standard_task_runner.py:84} INFO - Running: ['***', 'tasks', 'run', 'api_to_db_dag', 'create_velib_station_status_table', 'manual__2025-02-27T15:18:15.211750+00:00', '--job-id', '12', '--raw', '--subdir', 'DAGS_FOLDER/dag.py', '--cfg-path', '/tmp/tmp4yo5aflf']
[2025-02-27T15:18:16.374+0000] {standard_task_runner.py:85} INFO - Job 12: Subtask create_velib_station_status_table
[2025-02-27T15:18:16.414+0000] {task_command.py:410} INFO - Running <TaskInstance: api_to_db_dag.create_velib_station_status_table manual__2025-02-27T15:18:15.211750+00:00 [running]> on host 16d64e3c1ef2
[2025-02-27T15:18:16.472+0000] {taskinstance.py:1570} INFO - Exporting env vars: AIRFLOW_CTX_DAG_OWNER='***' AIRFLOW_CTX_DAG_ID='api_to_db_dag' AIRFLOW_CTX_TASK_ID='create_velib_station_status_table' AIRFLOW_CTX_EXECUTION_DATE='2025-02-27T15:18:15.211750+00:00' AIRFLOW_CTX_TRY_NUMBER='1' AIRFLOW_CTX_DAG_RUN_ID='manual__2025-02-27T15:18:15.211750+00:00'
[2025-02-27T15:18:16.473+0000] {sql.py:262} INFO - Executing: 
        BEGIN;
            DO $$
            BEGIN
                IF NOT EXISTS (SELECT FROM pg_tables WHERE schemaname = 'public' AND tablename = 'velib_stations') THEN
                    CREATE TABLE public.velib_stations (
                        station_id BIGINT,
                        is_installed INT,
                        is_renting INT,
                        is_returning INT,
                        last_reported TIMESTAMP,
                        numBikesAvailable INT,
                        numDocksAvailable INT,
                        num_bikes_available INT,
                        num_ebikes_available INT,
                        num_mechanical_bikes_available INT,
                        num_docks_available INT,
                        PRIMARY KEY (station_id, last_reported)
                    );
                END IF;
            END
            $$;
        COMMIT;

    
[2025-02-27T15:18:16.478+0000] {base.py:73} INFO - Using connection ID 'postgres_default' for task execution.
[2025-02-27T15:18:16.586+0000] {base.py:73} INFO - Using connection ID 'postgres_default' for task execution.
[2025-02-27T15:18:16.589+0000] {sql.py:375} INFO - Running statement: 
        BEGIN;
            DO $$
            BEGIN
                IF NOT EXISTS (SELECT FROM pg_tables WHERE schemaname = 'public' AND tablename = 'velib_stations') THEN
                    CREATE TABLE public.velib_stations (
                        station_id BIGINT,
                        is_installed INT,
                        is_renting INT,
                        is_returning INT,
                        last_reported TIMESTAMP,
                        numBikesAvailable INT,
                        numDocksAvailable INT,
                        num_bikes_available INT,
                        num_ebikes_available INT,
                        num_mechanical_bikes_available INT,
                        num_docks_available INT,
                        PRIMARY KEY (station_id, last_reported)
                    );
                END IF;
            END
            $$;
        COMMIT;

    , parameters: None
[2025-02-27T15:18:16.599+0000] {taskinstance.py:1373} INFO - Marking task as SUCCESS. dag_id=api_to_db_dag, task_id=create_velib_station_status_table, execution_date=20250227T151815, start_date=20250227T151816, end_date=20250227T151816
[2025-02-27T15:18:16.633+0000] {local_task_job_runner.py:232} INFO - Task exited with return code 0
[2025-02-27T15:18:16.650+0000] {taskinstance.py:2674} INFO - 1 downstream tasks scheduled from follow-on schedule check
