[2025-02-27T10:50:25.056+0000] {taskinstance.py:1125} INFO - Dependencies all met for dep_context=non-requeueable deps ti=<TaskInstance: api_to_db_dag.spark_join_task manual__2025-02-27T10:50:23.480449+00:00 [queued]>
[2025-02-27T10:50:25.085+0000] {taskinstance.py:1125} INFO - Dependencies all met for dep_context=requeueable deps ti=<TaskInstance: api_to_db_dag.spark_join_task manual__2025-02-27T10:50:23.480449+00:00 [queued]>
[2025-02-27T10:50:25.086+0000] {taskinstance.py:1331} INFO - Starting attempt 1 of 1
[2025-02-27T10:50:25.103+0000] {taskinstance.py:1350} INFO - Executing <Task(SparkSubmitOperator): spark_join_task> on 2025-02-27 10:50:23.480449+00:00
[2025-02-27T10:50:25.116+0000] {standard_task_runner.py:57} INFO - Started process 179 to run task
[2025-02-27T10:50:25.128+0000] {standard_task_runner.py:84} INFO - Running: ['***', 'tasks', 'run', 'api_to_db_dag', 'spark_join_task', 'manual__2025-02-27T10:50:23.480449+00:00', '--job-id', '3', '--raw', '--subdir', 'DAGS_FOLDER/dag.py', '--cfg-path', '/tmp/tmpggcb5rxu']
[2025-02-27T10:50:25.142+0000] {standard_task_runner.py:85} INFO - Job 3: Subtask spark_join_task
[2025-02-27T10:50:25.272+0000] {task_command.py:410} INFO - Running <TaskInstance: api_to_db_dag.spark_join_task manual__2025-02-27T10:50:23.480449+00:00 [running]> on host 5869344327a9
[2025-02-27T10:50:25.435+0000] {taskinstance.py:1570} INFO - Exporting env vars: AIRFLOW_CTX_DAG_OWNER='***' AIRFLOW_CTX_DAG_ID='api_to_db_dag' AIRFLOW_CTX_TASK_ID='spark_join_task' AIRFLOW_CTX_EXECUTION_DATE='2025-02-27T10:50:23.480449+00:00' AIRFLOW_CTX_TRY_NUMBER='1' AIRFLOW_CTX_DAG_RUN_ID='manual__2025-02-27T10:50:23.480449+00:00'
[2025-02-27T10:50:25.460+0000] {base.py:73} INFO - Using connection ID 'spark_default' for task execution.
[2025-02-27T10:50:25.461+0000] {spark_submit.py:339} INFO - Spark-Submit cmd: spark-submit --master yarn --conf spark.master=spark://spark-master:7077 --name spark_join --verbose --queue root.default /opt/***/dags/spark_join.py
[2025-02-27T10:50:25.584+0000] {spark_submit.py:490} INFO - /home/***/.local/lib/python3.7/site-packages/pyspark/bin/load-spark-env.sh: line 68: ps: command not found
[2025-02-27T10:50:25.586+0000] {spark_submit.py:490} INFO - JAVA_HOME is not set
[2025-02-27T10:50:25.599+0000] {taskinstance.py:1847} ERROR - Task failed with exception
Traceback (most recent call last):
  File "/home/airflow/.local/lib/python3.7/site-packages/airflow/providers/apache/spark/operators/spark_submit.py", line 157, in execute
    self._hook.submit(self._application)
  File "/home/airflow/.local/lib/python3.7/site-packages/airflow/providers/apache/spark/hooks/spark_submit.py", line 422, in submit
    f"Cannot execute: {self._mask_cmd(spark_submit_cmd)}. Error code is: {returncode}."
airflow.exceptions.AirflowException: Cannot execute: spark-submit --master yarn --conf spark.master=spark://spark-master:7077 --name spark_join --verbose --queue root.default /opt/***/dags/spark_join.py. Error code is: 1.
[2025-02-27T10:50:25.602+0000] {taskinstance.py:1373} INFO - Marking task as FAILED. dag_id=api_to_db_dag, task_id=spark_join_task, execution_date=20250227T105023, start_date=20250227T105025, end_date=20250227T105025
[2025-02-27T10:50:25.613+0000] {standard_task_runner.py:109} ERROR - Failed to execute job 3 for task spark_join_task (Cannot execute: spark-submit --master yarn --conf spark.master=spark://spark-master:7077 --name spark_join --verbose --queue root.default /opt/***/dags/spark_join.py. Error code is: 1.; 179)
[2025-02-27T10:50:25.617+0000] {local_task_job_runner.py:232} INFO - Task exited with return code 1
[2025-02-27T10:50:25.633+0000] {taskinstance.py:2674} INFO - 0 downstream tasks scheduled from follow-on schedule check
