[2025-02-27T13:19:53.129+0000] {taskinstance.py:1125} INFO - Dependencies all met for dep_context=non-requeueable deps ti=<TaskInstance: api_to_db_dag.spark_join_task manual__2025-02-27T13:19:49.828792+00:00 [queued]>
[2025-02-27T13:19:53.134+0000] {taskinstance.py:1125} INFO - Dependencies all met for dep_context=requeueable deps ti=<TaskInstance: api_to_db_dag.spark_join_task manual__2025-02-27T13:19:49.828792+00:00 [queued]>
[2025-02-27T13:19:53.134+0000] {taskinstance.py:1331} INFO - Starting attempt 1 of 1
[2025-02-27T13:19:53.141+0000] {taskinstance.py:1350} INFO - Executing <Task(SparkSubmitOperator): spark_join_task> on 2025-02-27 13:19:49.828792+00:00
[2025-02-27T13:19:53.143+0000] {standard_task_runner.py:57} INFO - Started process 190 to run task
[2025-02-27T13:19:53.145+0000] {standard_task_runner.py:84} INFO - Running: ['***', 'tasks', 'run', 'api_to_db_dag', 'spark_join_task', 'manual__2025-02-27T13:19:49.828792+00:00', '--job-id', '10', '--raw', '--subdir', 'DAGS_FOLDER/dag.py', '--cfg-path', '/tmp/tmppda5kwg9']
[2025-02-27T13:19:53.146+0000] {standard_task_runner.py:85} INFO - Job 10: Subtask spark_join_task
[2025-02-27T13:19:53.174+0000] {task_command.py:410} INFO - Running <TaskInstance: api_to_db_dag.spark_join_task manual__2025-02-27T13:19:49.828792+00:00 [running]> on host 1769bb992e56
[2025-02-27T13:19:53.219+0000] {taskinstance.py:1570} INFO - Exporting env vars: AIRFLOW_CTX_DAG_OWNER='***' AIRFLOW_CTX_DAG_ID='api_to_db_dag' AIRFLOW_CTX_TASK_ID='spark_join_task' AIRFLOW_CTX_EXECUTION_DATE='2025-02-27T13:19:49.828792+00:00' AIRFLOW_CTX_TRY_NUMBER='1' AIRFLOW_CTX_DAG_RUN_ID='manual__2025-02-27T13:19:49.828792+00:00'
[2025-02-27T13:19:53.224+0000] {base.py:73} INFO - Using connection ID 'spark_default' for task execution.
[2025-02-27T13:19:53.224+0000] {spark_submit.py:339} INFO - Spark-Submit cmd: spark-submit --master yarn --conf spark.master=spark://spark-master:7077 --conf spark.yarn.appMasterEnv.JAVA_HOME=/usr/lib/jvm/java-11-openjdk-arm64 --name spark_join --verbose --queue root.default /opt/***/dags/spark_join.py
[2025-02-27T13:19:54.204+0000] {spark_submit.py:490} INFO - Using properties file: null
[2025-02-27T13:19:54.259+0000] {spark_submit.py:490} INFO - Exception in thread "main" org.apache.spark.SparkException: When running with master 'yarn' either HADOOP_CONF_DIR or YARN_CONF_DIR must be set in the environment.
[2025-02-27T13:19:54.259+0000] {spark_submit.py:490} INFO - at org.apache.spark.deploy.SparkSubmitArguments.error(SparkSubmitArguments.scala:650)
[2025-02-27T13:19:54.259+0000] {spark_submit.py:490} INFO - at org.apache.spark.deploy.SparkSubmitArguments.validateSubmitArguments(SparkSubmitArguments.scala:281)
[2025-02-27T13:19:54.260+0000] {spark_submit.py:490} INFO - at org.apache.spark.deploy.SparkSubmitArguments.validateArguments(SparkSubmitArguments.scala:237)
[2025-02-27T13:19:54.260+0000] {spark_submit.py:490} INFO - at org.apache.spark.deploy.SparkSubmitArguments.<init>(SparkSubmitArguments.scala:122)
[2025-02-27T13:19:54.260+0000] {spark_submit.py:490} INFO - at org.apache.spark.deploy.SparkSubmit$$anon$2$$anon$3.<init>(SparkSubmit.scala:1094)
[2025-02-27T13:19:54.260+0000] {spark_submit.py:490} INFO - at org.apache.spark.deploy.SparkSubmit$$anon$2.parseArguments(SparkSubmit.scala:1094)
[2025-02-27T13:19:54.260+0000] {spark_submit.py:490} INFO - at org.apache.spark.deploy.SparkSubmit.doSubmit(SparkSubmit.scala:86)
[2025-02-27T13:19:54.260+0000] {spark_submit.py:490} INFO - at org.apache.spark.deploy.SparkSubmit$$anon$2.doSubmit(SparkSubmit.scala:1111)
[2025-02-27T13:19:54.261+0000] {spark_submit.py:490} INFO - at org.apache.spark.deploy.SparkSubmit$.main(SparkSubmit.scala:1120)
[2025-02-27T13:19:54.261+0000] {spark_submit.py:490} INFO - at org.apache.spark.deploy.SparkSubmit.main(SparkSubmit.scala)
[2025-02-27T13:19:54.289+0000] {taskinstance.py:1847} ERROR - Task failed with exception
Traceback (most recent call last):
  File "/home/airflow/.local/lib/python3.7/site-packages/airflow/providers/apache/spark/operators/spark_submit.py", line 157, in execute
    self._hook.submit(self._application)
  File "/home/airflow/.local/lib/python3.7/site-packages/airflow/providers/apache/spark/hooks/spark_submit.py", line 422, in submit
    f"Cannot execute: {self._mask_cmd(spark_submit_cmd)}. Error code is: {returncode}."
airflow.exceptions.AirflowException: Cannot execute: spark-submit --master yarn --conf spark.master=spark://spark-master:7077 --conf spark.yarn.appMasterEnv.JAVA_HOME=/usr/lib/jvm/java-11-openjdk-arm64 --name spark_join --verbose --queue root.default /opt/***/dags/spark_join.py. Error code is: 1.
[2025-02-27T13:19:54.292+0000] {taskinstance.py:1373} INFO - Marking task as FAILED. dag_id=api_to_db_dag, task_id=spark_join_task, execution_date=20250227T131949, start_date=20250227T131953, end_date=20250227T131954
[2025-02-27T13:19:54.299+0000] {standard_task_runner.py:109} ERROR - Failed to execute job 10 for task spark_join_task (Cannot execute: spark-submit --master yarn --conf spark.master=spark://spark-master:7077 --conf spark.yarn.appMasterEnv.JAVA_HOME=/usr/lib/jvm/java-11-openjdk-arm64 --name spark_join --verbose --queue root.default /opt/***/dags/spark_join.py. Error code is: 1.; 190)
[2025-02-27T13:19:54.313+0000] {local_task_job_runner.py:232} INFO - Task exited with return code 1
[2025-02-27T13:19:54.324+0000] {taskinstance.py:2674} INFO - 0 downstream tasks scheduled from follow-on schedule check
