[2025-02-27T15:26:21.061+0000] {taskinstance.py:1125} INFO - Dependencies all met for dep_context=non-requeueable deps ti=<TaskInstance: api_to_db_dag.spark_join_task manual__2025-02-27T15:26:17.005238+00:00 [queued]>
[2025-02-27T15:26:21.066+0000] {taskinstance.py:1125} INFO - Dependencies all met for dep_context=requeueable deps ti=<TaskInstance: api_to_db_dag.spark_join_task manual__2025-02-27T15:26:17.005238+00:00 [queued]>
[2025-02-27T15:26:21.067+0000] {taskinstance.py:1331} INFO - Starting attempt 1 of 1
[2025-02-27T15:26:21.074+0000] {taskinstance.py:1350} INFO - Executing <Task(SparkSubmitOperator): spark_join_task> on 2025-02-27 15:26:17.005238+00:00
[2025-02-27T15:26:21.077+0000] {standard_task_runner.py:57} INFO - Started process 409 to run task
[2025-02-27T15:26:21.079+0000] {standard_task_runner.py:84} INFO - Running: ['***', 'tasks', 'run', 'api_to_db_dag', 'spark_join_task', 'manual__2025-02-27T15:26:17.005238+00:00', '--job-id', '25', '--raw', '--subdir', 'DAGS_FOLDER/dag.py', '--cfg-path', '/tmp/tmp3wu2oouz']
[2025-02-27T15:26:21.080+0000] {standard_task_runner.py:85} INFO - Job 25: Subtask spark_join_task
[2025-02-27T15:26:21.108+0000] {task_command.py:410} INFO - Running <TaskInstance: api_to_db_dag.spark_join_task manual__2025-02-27T15:26:17.005238+00:00 [running]> on host 16d64e3c1ef2
[2025-02-27T15:26:21.182+0000] {taskinstance.py:1570} INFO - Exporting env vars: AIRFLOW_CTX_DAG_OWNER='***' AIRFLOW_CTX_DAG_ID='api_to_db_dag' AIRFLOW_CTX_TASK_ID='spark_join_task' AIRFLOW_CTX_EXECUTION_DATE='2025-02-27T15:26:17.005238+00:00' AIRFLOW_CTX_TRY_NUMBER='1' AIRFLOW_CTX_DAG_RUN_ID='manual__2025-02-27T15:26:17.005238+00:00'
[2025-02-27T15:26:21.190+0000] {base.py:73} INFO - Using connection ID 'spark_default' for task execution.
[2025-02-27T15:26:21.192+0000] {spark_submit.py:339} INFO - Spark-Submit cmd: spark-submit --master spark-master:7077 --conf spark.master=spark://spark-master:7077 --conf spark.driver.extraClassPath=/opt/bitnami/spark/jars/postgresql-42.7.5.jar --conf spark.executor.extraClassPath=/opt/bitnami/spark/jars/postgresql-42.7.5.jar --conf spark.jars=/opt/bitnami/spark/jars/postgresql-42.7.5.jar --name spark_join --verbose /opt/***/dags/spark_join.py
[2025-02-27T15:26:22.399+0000] {spark_submit.py:490} INFO - Using properties file: null
[2025-02-27T15:26:22.462+0000] {spark_submit.py:490} INFO - Parsed arguments:
[2025-02-27T15:26:22.462+0000] {spark_submit.py:490} INFO - master                  spark-master:7077
[2025-02-27T15:26:22.463+0000] {spark_submit.py:490} INFO - remote                  null
[2025-02-27T15:26:22.463+0000] {spark_submit.py:490} INFO - deployMode              null
[2025-02-27T15:26:22.463+0000] {spark_submit.py:490} INFO - executorMemory          null
[2025-02-27T15:26:22.463+0000] {spark_submit.py:490} INFO - executorCores           null
[2025-02-27T15:26:22.463+0000] {spark_submit.py:490} INFO - totalExecutorCores      null
[2025-02-27T15:26:22.463+0000] {spark_submit.py:490} INFO - propertiesFile          null
[2025-02-27T15:26:22.463+0000] {spark_submit.py:490} INFO - driverMemory            null
[2025-02-27T15:26:22.463+0000] {spark_submit.py:490} INFO - driverCores             null
[2025-02-27T15:26:22.463+0000] {spark_submit.py:490} INFO - driverExtraClassPath    /opt/bitnami/spark/jars/postgresql-42.7.5.jar
[2025-02-27T15:26:22.464+0000] {spark_submit.py:490} INFO - driverExtraLibraryPath  null
[2025-02-27T15:26:22.464+0000] {spark_submit.py:490} INFO - driverExtraJavaOptions  null
[2025-02-27T15:26:22.464+0000] {spark_submit.py:490} INFO - supervise               false
[2025-02-27T15:26:22.464+0000] {spark_submit.py:490} INFO - queue                   null
[2025-02-27T15:26:22.464+0000] {spark_submit.py:490} INFO - numExecutors            null
[2025-02-27T15:26:22.464+0000] {spark_submit.py:490} INFO - files                   null
[2025-02-27T15:26:22.464+0000] {spark_submit.py:490} INFO - pyFiles                 null
[2025-02-27T15:26:22.464+0000] {spark_submit.py:490} INFO - archives                null
[2025-02-27T15:26:22.464+0000] {spark_submit.py:490} INFO - mainClass               null
[2025-02-27T15:26:22.465+0000] {spark_submit.py:490} INFO - primaryResource         file:/opt/***/dags/spark_join.py
[2025-02-27T15:26:22.465+0000] {spark_submit.py:490} INFO - name                    spark_join
[2025-02-27T15:26:22.465+0000] {spark_submit.py:490} INFO - childArgs               []
[2025-02-27T15:26:22.465+0000] {spark_submit.py:490} INFO - jars                    /opt/bitnami/spark/jars/postgresql-42.7.5.jar
[2025-02-27T15:26:22.465+0000] {spark_submit.py:490} INFO - packages                null
[2025-02-27T15:26:22.465+0000] {spark_submit.py:490} INFO - packagesExclusions      null
[2025-02-27T15:26:22.465+0000] {spark_submit.py:490} INFO - repositories            null
[2025-02-27T15:26:22.465+0000] {spark_submit.py:490} INFO - verbose                 true
[2025-02-27T15:26:22.466+0000] {spark_submit.py:490} INFO - 
[2025-02-27T15:26:22.466+0000] {spark_submit.py:490} INFO - Spark properties used, including those specified through
[2025-02-27T15:26:22.466+0000] {spark_submit.py:490} INFO - --conf and those from the properties file null:
[2025-02-27T15:26:22.466+0000] {spark_submit.py:490} INFO - (spark.driver.extraClassPath,/opt/bitnami/spark/jars/postgresql-42.7.5.jar)
[2025-02-27T15:26:22.466+0000] {spark_submit.py:490} INFO - (spark.executor.extraClassPath,/opt/bitnami/spark/jars/postgresql-42.7.5.jar)
[2025-02-27T15:26:22.466+0000] {spark_submit.py:490} INFO - (spark.jars,/opt/bitnami/spark/jars/postgresql-42.7.5.jar)
[2025-02-27T15:26:22.466+0000] {spark_submit.py:490} INFO - (spark.master,spark://spark-master:7077)
[2025-02-27T15:26:22.466+0000] {spark_submit.py:490} INFO - 
[2025-02-27T15:26:22.466+0000] {spark_submit.py:490} INFO - 
[2025-02-27T15:26:22.700+0000] {spark_submit.py:490} INFO - 25/02/27 15:26:22 WARN NativeCodeLoader: Unable to load native-hadoop library for your platform... using builtin-java classes where applicable
[2025-02-27T15:26:22.844+0000] {spark_submit.py:490} INFO - Main class:
[2025-02-27T15:26:22.847+0000] {spark_submit.py:490} INFO - org.apache.spark.deploy.PythonRunner
[2025-02-27T15:26:22.847+0000] {spark_submit.py:490} INFO - Arguments:
[2025-02-27T15:26:22.847+0000] {spark_submit.py:490} INFO - file:/opt/***/dags/spark_join.py
[2025-02-27T15:26:22.847+0000] {spark_submit.py:490} INFO - null
[2025-02-27T15:26:22.848+0000] {spark_submit.py:490} INFO - Spark config:
[2025-02-27T15:26:22.848+0000] {spark_submit.py:490} INFO - (spark.app.name,spark_join)
[2025-02-27T15:26:22.849+0000] {spark_submit.py:490} INFO - (spark.app.submitTime,1740669982829)
[2025-02-27T15:26:22.849+0000] {spark_submit.py:490} INFO - (spark.driver.extraClassPath,/opt/bitnami/spark/jars/postgresql-42.7.5.jar)
[2025-02-27T15:26:22.849+0000] {spark_submit.py:490} INFO - (spark.executor.extraClassPath,/opt/bitnami/spark/jars/postgresql-42.7.5.jar)
[2025-02-27T15:26:22.850+0000] {spark_submit.py:490} INFO - (spark.jars,file:///opt/bitnami/spark/jars/postgresql-42.7.5.jar)
[2025-02-27T15:26:22.850+0000] {spark_submit.py:490} INFO - (spark.master,spark-master:7077)
[2025-02-27T15:26:22.850+0000] {spark_submit.py:490} INFO - (spark.repl.local.jars,file:///opt/bitnami/spark/jars/postgresql-42.7.5.jar)
[2025-02-27T15:26:22.850+0000] {spark_submit.py:490} INFO - (spark.submit.deployMode,client)
[2025-02-27T15:26:22.850+0000] {spark_submit.py:490} INFO - (spark.submit.pyFiles,)
[2025-02-27T15:26:22.850+0000] {spark_submit.py:490} INFO - Classpath elements:
[2025-02-27T15:26:22.850+0000] {spark_submit.py:490} INFO - file:///opt/bitnami/spark/jars/postgresql-42.7.5.jar
[2025-02-27T15:26:22.851+0000] {spark_submit.py:490} INFO - 
[2025-02-27T15:26:22.851+0000] {spark_submit.py:490} INFO - 
[2025-02-27T15:26:23.746+0000] {spark_submit.py:490} INFO - 25/02/27 15:26:23 INFO SparkContext: Running Spark version 3.4.4
[2025-02-27T15:26:23.767+0000] {spark_submit.py:490} INFO - 25/02/27 15:26:23 INFO ResourceUtils: ==============================================================
[2025-02-27T15:26:23.768+0000] {spark_submit.py:490} INFO - 25/02/27 15:26:23 INFO ResourceUtils: No custom resources configured for spark.driver.
[2025-02-27T15:26:23.769+0000] {spark_submit.py:490} INFO - 25/02/27 15:26:23 INFO ResourceUtils: ==============================================================
[2025-02-27T15:26:23.769+0000] {spark_submit.py:490} INFO - 25/02/27 15:26:23 INFO SparkContext: Submitted application: JoinVelibTables
[2025-02-27T15:26:23.787+0000] {spark_submit.py:490} INFO - 25/02/27 15:26:23 INFO ResourceProfile: Default ResourceProfile created, executor resources: Map(memory -> name: memory, amount: 1024, script: , vendor: , offHeap -> name: offHeap, amount: 0, script: , vendor: ), task resources: Map(cpus -> name: cpus, amount: 1.0)
[2025-02-27T15:26:23.807+0000] {spark_submit.py:490} INFO - 25/02/27 15:26:23 INFO ResourceProfile: Limiting resource is cpu
[2025-02-27T15:26:23.807+0000] {spark_submit.py:490} INFO - 25/02/27 15:26:23 INFO ResourceProfileManager: Added ResourceProfile id: 0
[2025-02-27T15:26:23.837+0000] {spark_submit.py:490} INFO - 25/02/27 15:26:23 INFO SecurityManager: Changing view acls to: ***
[2025-02-27T15:26:23.838+0000] {spark_submit.py:490} INFO - 25/02/27 15:26:23 INFO SecurityManager: Changing modify acls to: ***
[2025-02-27T15:26:23.839+0000] {spark_submit.py:490} INFO - 25/02/27 15:26:23 INFO SecurityManager: Changing view acls groups to:
[2025-02-27T15:26:23.839+0000] {spark_submit.py:490} INFO - 25/02/27 15:26:23 INFO SecurityManager: Changing modify acls groups to:
[2025-02-27T15:26:23.839+0000] {spark_submit.py:490} INFO - 25/02/27 15:26:23 INFO SecurityManager: SecurityManager: authentication disabled; ui acls disabled; users with view permissions: ***; groups with view permissions: EMPTY; users with modify permissions: ***; groups with modify permissions: EMPTY
[2025-02-27T15:26:23.976+0000] {spark_submit.py:490} INFO - 25/02/27 15:26:23 INFO Utils: Successfully started service 'sparkDriver' on port 45251.
[2025-02-27T15:26:23.997+0000] {spark_submit.py:490} INFO - 25/02/27 15:26:23 INFO SparkEnv: Registering MapOutputTracker
[2025-02-27T15:26:24.034+0000] {spark_submit.py:490} INFO - 25/02/27 15:26:24 INFO SparkEnv: Registering BlockManagerMaster
[2025-02-27T15:26:24.046+0000] {spark_submit.py:490} INFO - 25/02/27 15:26:24 INFO BlockManagerMasterEndpoint: Using org.apache.spark.storage.DefaultTopologyMapper for getting topology information
[2025-02-27T15:26:24.046+0000] {spark_submit.py:490} INFO - 25/02/27 15:26:24 INFO BlockManagerMasterEndpoint: BlockManagerMasterEndpoint up
[2025-02-27T15:26:24.049+0000] {spark_submit.py:490} INFO - 25/02/27 15:26:24 INFO SparkEnv: Registering BlockManagerMasterHeartbeat
[2025-02-27T15:26:24.069+0000] {spark_submit.py:490} INFO - 25/02/27 15:26:24 INFO DiskBlockManager: Created local directory at /tmp/blockmgr-271e3b97-a1dd-4cbe-aef6-b0d558d9d0d3
[2025-02-27T15:26:24.081+0000] {spark_submit.py:490} INFO - 25/02/27 15:26:24 INFO MemoryStore: MemoryStore started with capacity 434.4 MiB
[2025-02-27T15:26:24.092+0000] {spark_submit.py:490} INFO - 25/02/27 15:26:24 INFO SparkEnv: Registering OutputCommitCoordinator
[2025-02-27T15:26:24.186+0000] {spark_submit.py:490} INFO - 25/02/27 15:26:24 INFO JettyUtils: Start Jetty 0.0.0.0:4040 for SparkUI
[2025-02-27T15:26:24.225+0000] {spark_submit.py:490} INFO - 25/02/27 15:26:24 WARN Utils: Service 'SparkUI' could not bind on port 4040. Attempting port 4041.
[2025-02-27T15:26:24.233+0000] {spark_submit.py:490} INFO - 25/02/27 15:26:24 INFO Utils: Successfully started service 'SparkUI' on port 4041.
[2025-02-27T15:26:24.297+0000] {spark_submit.py:490} INFO - 25/02/27 15:26:24 INFO SparkContext: Added JAR file:///opt/bitnami/spark/jars/postgresql-42.7.5.jar at spark://16d64e3c1ef2:45251/jars/postgresql-42.7.5.jar with timestamp 1740669983740
[2025-02-27T15:26:24.429+0000] {spark_submit.py:490} INFO - 25/02/27 15:26:24 INFO StandaloneAppClient$ClientEndpoint: Connecting to master spark://spark-master:7077...
[2025-02-27T15:26:24.561+0000] {spark_submit.py:490} INFO - 25/02/27 15:26:24 INFO TransportClientFactory: Successfully created connection to spark-master/172.18.0.3:7077 after 97 ms (0 ms spent in bootstraps)
[2025-02-27T15:26:24.807+0000] {spark_submit.py:490} INFO - 25/02/27 15:26:24 INFO StandaloneSchedulerBackend: Connected to Spark cluster with app ID app-20250227152624-0002
[2025-02-27T15:26:24.823+0000] {spark_submit.py:490} INFO - 25/02/27 15:26:24 INFO Utils: Successfully started service 'org.apache.spark.network.netty.NettyBlockTransferService' on port 35139.
[2025-02-27T15:26:24.824+0000] {spark_submit.py:490} INFO - 25/02/27 15:26:24 INFO NettyBlockTransferService: Server created on 16d64e3c1ef2:35139
[2025-02-27T15:26:24.827+0000] {spark_submit.py:490} INFO - 25/02/27 15:26:24 INFO BlockManager: Using org.apache.spark.storage.RandomBlockReplicationPolicy for block replication policy
[2025-02-27T15:26:24.837+0000] {spark_submit.py:490} INFO - 25/02/27 15:26:24 INFO BlockManagerMaster: Registering BlockManager BlockManagerId(driver, 16d64e3c1ef2, 35139, None)
[2025-02-27T15:26:24.842+0000] {spark_submit.py:490} INFO - 25/02/27 15:26:24 INFO BlockManagerMasterEndpoint: Registering block manager 16d64e3c1ef2:35139 with 434.4 MiB RAM, BlockManagerId(driver, 16d64e3c1ef2, 35139, None)
[2025-02-27T15:26:24.843+0000] {spark_submit.py:490} INFO - 25/02/27 15:26:24 INFO BlockManagerMaster: Registered BlockManager BlockManagerId(driver, 16d64e3c1ef2, 35139, None)
[2025-02-27T15:26:24.846+0000] {spark_submit.py:490} INFO - 25/02/27 15:26:24 INFO BlockManager: Initialized BlockManager: BlockManagerId(driver, 16d64e3c1ef2, 35139, None)
[2025-02-27T15:26:25.096+0000] {spark_submit.py:490} INFO - 25/02/27 15:26:25 INFO StandaloneSchedulerBackend: SchedulerBackend is ready for scheduling beginning after reached minRegisteredResourcesRatio: 0.0
[2025-02-27T15:26:25.118+0000] {spark_submit.py:490} INFO - /home/***/.local/lib/python3.7/site-packages/pyspark/python/lib/pyspark.zip/pyspark/context.py:317: FutureWarning: Python 3.7 support is deprecated in Spark 3.4.
[2025-02-27T15:26:25.118+0000] {spark_submit.py:490} INFO - warnings.warn("Python 3.7 support is deprecated in Spark 3.4.", FutureWarning)
[2025-02-27T15:26:25.224+0000] {spark_submit.py:490} INFO - 25/02/27 15:26:25 INFO SharedState: Setting hive.metastore.warehouse.dir ('null') to the value of spark.sql.warehouse.dir.
[2025-02-27T15:26:25.225+0000] {spark_submit.py:490} INFO - 25/02/27 15:26:25 INFO SharedState: Warehouse path is 'file:/opt/***/spark-warehouse'.
[2025-02-27T15:26:27.763+0000] {spark_submit.py:490} INFO - 25/02/27 15:26:27 INFO SparkContext: SparkContext is stopping with exitCode 0.
[2025-02-27T15:26:27.770+0000] {spark_submit.py:490} INFO - 25/02/27 15:26:27 INFO SparkUI: Stopped Spark web UI at http://16d64e3c1ef2:4041
[2025-02-27T15:26:27.773+0000] {spark_submit.py:490} INFO - 25/02/27 15:26:27 INFO StandaloneSchedulerBackend: Shutting down all executors
[2025-02-27T15:26:27.776+0000] {spark_submit.py:490} INFO - 25/02/27 15:26:27 INFO StandaloneSchedulerBackend$StandaloneDriverEndpoint: Asking each executor to shut down
[2025-02-27T15:26:27.791+0000] {spark_submit.py:490} INFO - 25/02/27 15:26:27 INFO MapOutputTrackerMasterEndpoint: MapOutputTrackerMasterEndpoint stopped!
[2025-02-27T15:26:27.811+0000] {spark_submit.py:490} INFO - 25/02/27 15:26:27 INFO MemoryStore: MemoryStore cleared
[2025-02-27T15:26:27.812+0000] {spark_submit.py:490} INFO - 25/02/27 15:26:27 INFO BlockManager: BlockManager stopped
[2025-02-27T15:26:27.817+0000] {spark_submit.py:490} INFO - 25/02/27 15:26:27 INFO BlockManagerMaster: BlockManagerMaster stopped
[2025-02-27T15:26:27.818+0000] {spark_submit.py:490} INFO - 25/02/27 15:26:27 INFO OutputCommitCoordinator$OutputCommitCoordinatorEndpoint: OutputCommitCoordinator stopped!
[2025-02-27T15:26:27.827+0000] {spark_submit.py:490} INFO - 25/02/27 15:26:27 INFO SparkContext: Successfully stopped SparkContext
[2025-02-27T15:26:28.184+0000] {spark_submit.py:490} INFO - 25/02/27 15:26:28 INFO ShutdownHookManager: Shutdown hook called
[2025-02-27T15:26:28.184+0000] {spark_submit.py:490} INFO - 25/02/27 15:26:28 INFO ShutdownHookManager: Deleting directory /tmp/spark-cc83785b-7aa4-43b4-b81c-584cb0792b01
[2025-02-27T15:26:28.188+0000] {spark_submit.py:490} INFO - 25/02/27 15:26:28 INFO ShutdownHookManager: Deleting directory /tmp/spark-66b661b6-5b50-4d80-8001-759a4881880c/pyspark-c9f86e69-64aa-4b9e-ba0b-73ba018da032
[2025-02-27T15:26:28.191+0000] {spark_submit.py:490} INFO - 25/02/27 15:26:28 INFO ShutdownHookManager: Deleting directory /tmp/spark-66b661b6-5b50-4d80-8001-759a4881880c
[2025-02-27T15:26:28.271+0000] {taskinstance.py:1373} INFO - Marking task as SUCCESS. dag_id=api_to_db_dag, task_id=spark_join_task, execution_date=20250227T152617, start_date=20250227T152621, end_date=20250227T152628
[2025-02-27T15:26:28.294+0000] {local_task_job_runner.py:232} INFO - Task exited with return code 0
[2025-02-27T15:26:28.321+0000] {taskinstance.py:2674} INFO - 0 downstream tasks scheduled from follow-on schedule check
