[2025-02-28T14:36:10.710+0000] {taskinstance.py:1125} INFO - Dependencies all met for dep_context=non-requeueable deps ti=<TaskInstance: api_to_db_dag.get_velib_data manual__2025-02-28T14:36:06.056349+00:00 [queued]>
[2025-02-28T14:36:10.734+0000] {taskinstance.py:1125} INFO - Dependencies all met for dep_context=requeueable deps ti=<TaskInstance: api_to_db_dag.get_velib_data manual__2025-02-28T14:36:06.056349+00:00 [queued]>
[2025-02-28T14:36:10.734+0000] {taskinstance.py:1331} INFO - Starting attempt 1 of 1
[2025-02-28T14:36:10.753+0000] {taskinstance.py:1350} INFO - Executing <Task(SimpleHttpOperator): get_velib_data> on 2025-02-28 14:36:06.056349+00:00
[2025-02-28T14:36:10.764+0000] {standard_task_runner.py:57} INFO - Started process 10273 to run task
[2025-02-28T14:36:10.767+0000] {clientserver.py:543} INFO - Closing down clientserver connection
[2025-02-28T14:36:10.781+0000] {standard_task_runner.py:84} INFO - Running: ['***', 'tasks', 'run', 'api_to_db_dag', 'get_velib_data', 'manual__2025-02-28T14:36:06.056349+00:00', '--job-id', '17', '--raw', '--subdir', 'DAGS_FOLDER/dag.py', '--cfg-path', '/tmp/tmpl3ijrob9']
[2025-02-28T14:36:10.783+0000] {standard_task_runner.py:85} INFO - Job 17: Subtask get_velib_data
[2025-02-28T14:36:10.855+0000] {task_command.py:410} INFO - Running <TaskInstance: api_to_db_dag.get_velib_data manual__2025-02-28T14:36:06.056349+00:00 [running]> on host 2e469bce1432
[2025-02-28T14:36:10.927+0000] {clientserver.py:505} INFO - Error while sending or receiving.
Traceback (most recent call last):
  File "/home/airflow/.local/lib/python3.7/site-packages/py4j/clientserver.py", line 503, in send_command
    self.socket.sendall(command.encode("utf-8"))
ConnectionResetError: [Errno 104] Connection reset by peer
[2025-02-28T14:36:10.930+0000] {clientserver.py:543} INFO - Closing down clientserver connection
[2025-02-28T14:36:10.931+0000] {java_gateway.py:1052} INFO - Exception while sending command.
Traceback (most recent call last):
  File "/home/airflow/.local/lib/python3.7/site-packages/py4j/clientserver.py", line 503, in send_command
    self.socket.sendall(command.encode("utf-8"))
ConnectionResetError: [Errno 104] Connection reset by peer

During handling of the above exception, another exception occurred:

Traceback (most recent call last):
  File "/home/airflow/.local/lib/python3.7/site-packages/py4j/java_gateway.py", line 1038, in send_command
    response = connection.send_command(command)
  File "/home/airflow/.local/lib/python3.7/site-packages/py4j/clientserver.py", line 507, in send_command
    "Error while sending", e, proto.ERROR_ON_SEND)
py4j.protocol.Py4JNetworkError: Error while sending
[2025-02-28T14:36:10.940+0000] {clientserver.py:543} INFO - Closing down clientserver connection
[2025-02-28T14:36:10.972+0000] {taskinstance.py:1570} INFO - Exporting env vars: AIRFLOW_CTX_DAG_OWNER='***' AIRFLOW_CTX_DAG_ID='api_to_db_dag' AIRFLOW_CTX_TASK_ID='get_velib_data' AIRFLOW_CTX_EXECUTION_DATE='2025-02-28T14:36:06.056349+00:00' AIRFLOW_CTX_TRY_NUMBER='1' AIRFLOW_CTX_DAG_RUN_ID='manual__2025-02-28T14:36:06.056349+00:00'
[2025-02-28T14:36:10.974+0000] {http.py:123} INFO - Calling HTTP method
[2025-02-28T14:36:10.984+0000] {base.py:73} INFO - Using connection ID 'velib_api_connection' for task execution.
[2025-02-28T14:36:11.191+0000] {taskinstance.py:1373} INFO - Marking task as SUCCESS. dag_id=api_to_db_dag, task_id=get_velib_data, execution_date=20250228T143606, start_date=20250228T143610, end_date=20250228T143611
[2025-02-28T14:36:11.243+0000] {local_task_job_runner.py:232} INFO - Task exited with return code 0
[2025-02-28T14:36:11.281+0000] {taskinstance.py:2674} INFO - 1 downstream tasks scheduled from follow-on schedule check
