[2025-02-27T21:34:47.591+0000] {taskinstance.py:1125} INFO - Dependencies all met for dep_context=non-requeueable deps ti=<TaskInstance: api_to_db_dag.spark_join_task manual__2025-02-27T21:34:45.826088+00:00 [queued]>
[2025-02-27T21:34:47.595+0000] {taskinstance.py:1125} INFO - Dependencies all met for dep_context=requeueable deps ti=<TaskInstance: api_to_db_dag.spark_join_task manual__2025-02-27T21:34:45.826088+00:00 [queued]>
[2025-02-27T21:34:47.595+0000] {taskinstance.py:1331} INFO - Starting attempt 1 of 1
[2025-02-27T21:34:47.604+0000] {taskinstance.py:1350} INFO - Executing <Task(SparkSubmitOperator): spark_join_task> on 2025-02-27 21:34:45.826088+00:00
[2025-02-27T21:34:47.609+0000] {standard_task_runner.py:57} INFO - Started process 3125 to run task
[2025-02-27T21:34:47.613+0000] {standard_task_runner.py:84} INFO - Running: ['***', 'tasks', 'run', 'api_to_db_dag', 'spark_join_task', 'manual__2025-02-27T21:34:45.826088+00:00', '--job-id', '56', '--raw', '--subdir', 'DAGS_FOLDER/dag.py', '--cfg-path', '/tmp/tmpcfyd0xjr']
[2025-02-27T21:34:47.615+0000] {standard_task_runner.py:85} INFO - Job 56: Subtask spark_join_task
[2025-02-27T21:34:47.655+0000] {task_command.py:410} INFO - Running <TaskInstance: api_to_db_dag.spark_join_task manual__2025-02-27T21:34:45.826088+00:00 [running]> on host 53fdc8261bae
[2025-02-27T21:34:47.894+0000] {taskinstance.py:1570} INFO - Exporting env vars: AIRFLOW_CTX_DAG_OWNER='***' AIRFLOW_CTX_DAG_ID='api_to_db_dag' AIRFLOW_CTX_TASK_ID='spark_join_task' AIRFLOW_CTX_EXECUTION_DATE='2025-02-27T21:34:45.826088+00:00' AIRFLOW_CTX_TRY_NUMBER='1' AIRFLOW_CTX_DAG_RUN_ID='manual__2025-02-27T21:34:45.826088+00:00'
[2025-02-27T21:34:47.904+0000] {base.py:73} INFO - Using connection ID 'spark_default' for task execution.
[2025-02-27T21:34:47.907+0000] {spark_submit.py:339} INFO - Spark-Submit cmd: spark-submit --master spark-master:7077 --conf spark.master=spark://spark-master:7077 --conf spark.driver.extraClassPath=/opt/bitnami/spark/jars/postgresql-42.7.5.jar --conf spark.executor.extraClassPath=/opt/bitnami/spark/jars/postgresql-42.7.5.jar --conf spark.jars=/opt/bitnami/spark/jars/postgresql-42.7.5.jar --name spark_join --verbose /opt/***/dags/spark_join.py
[2025-02-27T21:34:48.996+0000] {spark_submit.py:490} INFO - Using properties file: null
[2025-02-27T21:34:49.067+0000] {spark_submit.py:490} INFO - Parsed arguments:
[2025-02-27T21:34:49.067+0000] {spark_submit.py:490} INFO - master                  spark-master:7077
[2025-02-27T21:34:49.069+0000] {spark_submit.py:490} INFO - remote                  null
[2025-02-27T21:34:49.069+0000] {spark_submit.py:490} INFO - deployMode              null
[2025-02-27T21:34:49.070+0000] {spark_submit.py:490} INFO - executorMemory          null
[2025-02-27T21:34:49.070+0000] {spark_submit.py:490} INFO - executorCores           null
[2025-02-27T21:34:49.070+0000] {spark_submit.py:490} INFO - totalExecutorCores      null
[2025-02-27T21:34:49.070+0000] {spark_submit.py:490} INFO - propertiesFile          null
[2025-02-27T21:34:49.070+0000] {spark_submit.py:490} INFO - driverMemory            null
[2025-02-27T21:34:49.070+0000] {spark_submit.py:490} INFO - driverCores             null
[2025-02-27T21:34:49.071+0000] {spark_submit.py:490} INFO - driverExtraClassPath    /opt/bitnami/spark/jars/postgresql-42.7.5.jar
[2025-02-27T21:34:49.071+0000] {spark_submit.py:490} INFO - driverExtraLibraryPath  null
[2025-02-27T21:34:49.071+0000] {spark_submit.py:490} INFO - driverExtraJavaOptions  null
[2025-02-27T21:34:49.073+0000] {spark_submit.py:490} INFO - supervise               false
[2025-02-27T21:34:49.073+0000] {spark_submit.py:490} INFO - queue                   null
[2025-02-27T21:34:49.073+0000] {spark_submit.py:490} INFO - numExecutors            null
[2025-02-27T21:34:49.074+0000] {spark_submit.py:490} INFO - files                   null
[2025-02-27T21:34:49.074+0000] {spark_submit.py:490} INFO - pyFiles                 null
[2025-02-27T21:34:49.074+0000] {spark_submit.py:490} INFO - archives                null
[2025-02-27T21:34:49.074+0000] {spark_submit.py:490} INFO - mainClass               null
[2025-02-27T21:34:49.074+0000] {spark_submit.py:490} INFO - primaryResource         file:/opt/***/dags/spark_join.py
[2025-02-27T21:34:49.074+0000] {spark_submit.py:490} INFO - name                    spark_join
[2025-02-27T21:34:49.074+0000] {spark_submit.py:490} INFO - childArgs               []
[2025-02-27T21:34:49.074+0000] {spark_submit.py:490} INFO - jars                    /opt/bitnami/spark/jars/postgresql-42.7.5.jar
[2025-02-27T21:34:49.074+0000] {spark_submit.py:490} INFO - packages                null
[2025-02-27T21:34:49.077+0000] {spark_submit.py:490} INFO - packagesExclusions      null
[2025-02-27T21:34:49.077+0000] {spark_submit.py:490} INFO - repositories            null
[2025-02-27T21:34:49.077+0000] {spark_submit.py:490} INFO - verbose                 true
[2025-02-27T21:34:49.078+0000] {spark_submit.py:490} INFO - 
[2025-02-27T21:34:49.078+0000] {spark_submit.py:490} INFO - Spark properties used, including those specified through
[2025-02-27T21:34:49.078+0000] {spark_submit.py:490} INFO - --conf and those from the properties file null:
[2025-02-27T21:34:49.079+0000] {spark_submit.py:490} INFO - (spark.driver.extraClassPath,/opt/bitnami/spark/jars/postgresql-42.7.5.jar)
[2025-02-27T21:34:49.079+0000] {spark_submit.py:490} INFO - (spark.executor.extraClassPath,/opt/bitnami/spark/jars/postgresql-42.7.5.jar)
[2025-02-27T21:34:49.079+0000] {spark_submit.py:490} INFO - (spark.jars,/opt/bitnami/spark/jars/postgresql-42.7.5.jar)
[2025-02-27T21:34:49.080+0000] {spark_submit.py:490} INFO - (spark.master,spark://spark-master:7077)
[2025-02-27T21:34:49.080+0000] {spark_submit.py:490} INFO - 
[2025-02-27T21:34:49.080+0000] {spark_submit.py:490} INFO - 
[2025-02-27T21:34:49.297+0000] {spark_submit.py:490} INFO - 25/02/27 21:34:49 WARN NativeCodeLoader: Unable to load native-hadoop library for your platform... using builtin-java classes where applicable
[2025-02-27T21:34:49.401+0000] {spark_submit.py:490} INFO - Main class:
[2025-02-27T21:34:49.401+0000] {spark_submit.py:490} INFO - org.apache.spark.deploy.PythonRunner
[2025-02-27T21:34:49.403+0000] {spark_submit.py:490} INFO - Arguments:
[2025-02-27T21:34:49.403+0000] {spark_submit.py:490} INFO - file:/opt/***/dags/spark_join.py
[2025-02-27T21:34:49.403+0000] {spark_submit.py:490} INFO - null
[2025-02-27T21:34:49.403+0000] {spark_submit.py:490} INFO - Spark config:
[2025-02-27T21:34:49.403+0000] {spark_submit.py:490} INFO - (spark.app.name,spark_join)
[2025-02-27T21:34:49.403+0000] {spark_submit.py:490} INFO - (spark.app.submitTime,1740692089393)
[2025-02-27T21:34:49.403+0000] {spark_submit.py:490} INFO - (spark.driver.extraClassPath,/opt/bitnami/spark/jars/postgresql-42.7.5.jar)
[2025-02-27T21:34:49.404+0000] {spark_submit.py:490} INFO - (spark.executor.extraClassPath,/opt/bitnami/spark/jars/postgresql-42.7.5.jar)
[2025-02-27T21:34:49.404+0000] {spark_submit.py:490} INFO - (spark.jars,file:///opt/bitnami/spark/jars/postgresql-42.7.5.jar)
[2025-02-27T21:34:49.404+0000] {spark_submit.py:490} INFO - (spark.master,spark-master:7077)
[2025-02-27T21:34:49.404+0000] {spark_submit.py:490} INFO - (spark.repl.local.jars,file:///opt/bitnami/spark/jars/postgresql-42.7.5.jar)
[2025-02-27T21:34:49.404+0000] {spark_submit.py:490} INFO - (spark.submit.deployMode,client)
[2025-02-27T21:34:49.404+0000] {spark_submit.py:490} INFO - (spark.submit.pyFiles,)
[2025-02-27T21:34:49.404+0000] {spark_submit.py:490} INFO - Classpath elements:
[2025-02-27T21:34:49.404+0000] {spark_submit.py:490} INFO - file:///opt/bitnami/spark/jars/postgresql-42.7.5.jar
[2025-02-27T21:34:49.405+0000] {spark_submit.py:490} INFO - 
[2025-02-27T21:34:49.405+0000] {spark_submit.py:490} INFO - 
[2025-02-27T21:34:49.945+0000] {spark_submit.py:490} INFO - 25/02/27 21:34:49 INFO SparkContext: Running Spark version 3.4.4
[2025-02-27T21:34:49.962+0000] {spark_submit.py:490} INFO - 25/02/27 21:34:49 INFO ResourceUtils: ==============================================================
[2025-02-27T21:34:49.963+0000] {spark_submit.py:490} INFO - 25/02/27 21:34:49 INFO ResourceUtils: No custom resources configured for spark.driver.
[2025-02-27T21:34:49.963+0000] {spark_submit.py:490} INFO - 25/02/27 21:34:49 INFO ResourceUtils: ==============================================================
[2025-02-27T21:34:49.963+0000] {spark_submit.py:490} INFO - 25/02/27 21:34:49 INFO SparkContext: Submitted application: JoinVelibTables
[2025-02-27T21:34:49.977+0000] {spark_submit.py:490} INFO - 25/02/27 21:34:49 INFO ResourceProfile: Default ResourceProfile created, executor resources: Map(cores -> name: cores, amount: 4, script: , vendor: , memory -> name: memory, amount: 4096, script: , vendor: , offHeap -> name: offHeap, amount: 0, script: , vendor: ), task resources: Map(cpus -> name: cpus, amount: 1.0)
[2025-02-27T21:34:49.985+0000] {spark_submit.py:490} INFO - 25/02/27 21:34:49 INFO ResourceProfile: Limiting resource is cpus at 4 tasks per executor
[2025-02-27T21:34:49.985+0000] {spark_submit.py:490} INFO - 25/02/27 21:34:49 INFO ResourceProfileManager: Added ResourceProfile id: 0
[2025-02-27T21:34:50.032+0000] {spark_submit.py:490} INFO - 25/02/27 21:34:50 INFO SecurityManager: Changing view acls to: ***
[2025-02-27T21:34:50.032+0000] {spark_submit.py:490} INFO - 25/02/27 21:34:50 INFO SecurityManager: Changing modify acls to: ***
[2025-02-27T21:34:50.032+0000] {spark_submit.py:490} INFO - 25/02/27 21:34:50 INFO SecurityManager: Changing view acls groups to:
[2025-02-27T21:34:50.032+0000] {spark_submit.py:490} INFO - 25/02/27 21:34:50 INFO SecurityManager: Changing modify acls groups to:
[2025-02-27T21:34:50.033+0000] {spark_submit.py:490} INFO - 25/02/27 21:34:50 INFO SecurityManager: SecurityManager: authentication disabled; ui acls disabled; users with view permissions: ***; groups with view permissions: EMPTY; users with modify permissions: ***; groups with modify permissions: EMPTY
[2025-02-27T21:34:50.184+0000] {spark_submit.py:490} INFO - 25/02/27 21:34:50 INFO Utils: Successfully started service 'sparkDriver' on port 33787.
[2025-02-27T21:34:50.206+0000] {spark_submit.py:490} INFO - 25/02/27 21:34:50 INFO SparkEnv: Registering MapOutputTracker
[2025-02-27T21:34:50.229+0000] {spark_submit.py:490} INFO - 25/02/27 21:34:50 INFO SparkEnv: Registering BlockManagerMaster
[2025-02-27T21:34:50.251+0000] {spark_submit.py:490} INFO - 25/02/27 21:34:50 INFO BlockManagerMasterEndpoint: Using org.apache.spark.storage.DefaultTopologyMapper for getting topology information
[2025-02-27T21:34:50.252+0000] {spark_submit.py:490} INFO - 25/02/27 21:34:50 INFO BlockManagerMasterEndpoint: BlockManagerMasterEndpoint up
[2025-02-27T21:34:50.255+0000] {spark_submit.py:490} INFO - 25/02/27 21:34:50 INFO SparkEnv: Registering BlockManagerMasterHeartbeat
[2025-02-27T21:34:50.272+0000] {spark_submit.py:490} INFO - 25/02/27 21:34:50 INFO DiskBlockManager: Created local directory at /tmp/blockmgr-ff5f321a-3816-49ef-99b6-df0b991316e8
[2025-02-27T21:34:50.290+0000] {spark_submit.py:490} INFO - 25/02/27 21:34:50 INFO MemoryStore: MemoryStore started with capacity 434.4 MiB
[2025-02-27T21:34:50.304+0000] {spark_submit.py:490} INFO - 25/02/27 21:34:50 INFO SparkEnv: Registering OutputCommitCoordinator
[2025-02-27T21:34:50.397+0000] {spark_submit.py:490} INFO - 25/02/27 21:34:50 INFO JettyUtils: Start Jetty 0.0.0.0:4040 for SparkUI
[2025-02-27T21:34:50.442+0000] {spark_submit.py:490} INFO - 25/02/27 21:34:50 INFO Utils: Successfully started service 'SparkUI' on port 4040.
[2025-02-27T21:34:50.474+0000] {spark_submit.py:490} INFO - 25/02/27 21:34:50 INFO SparkContext: Added JAR file:///opt/bitnami/spark/jars/postgresql-42.7.5.jar at spark://53fdc8261bae:33787/jars/postgresql-42.7.5.jar with timestamp 1740692089939
[2025-02-27T21:34:50.526+0000] {spark_submit.py:490} INFO - 25/02/27 21:34:50 INFO StandaloneAppClient$ClientEndpoint: Connecting to master spark://spark-master:7077...
[2025-02-27T21:34:50.557+0000] {spark_submit.py:490} INFO - 25/02/27 21:34:50 INFO TransportClientFactory: Successfully created connection to spark-master/172.18.0.3:7077 after 18 ms (0 ms spent in bootstraps)
[2025-02-27T21:34:50.632+0000] {spark_submit.py:490} INFO - 25/02/27 21:34:50 INFO StandaloneSchedulerBackend: Connected to Spark cluster with app ID app-20250227213450-0007
[2025-02-27T21:34:50.633+0000] {spark_submit.py:490} INFO - 25/02/27 21:34:50 INFO StandaloneAppClient$ClientEndpoint: Executor added: app-20250227213450-0007/0 on worker-20250227203627-172.18.0.4-43141 (172.18.0.4:43141) with 4 core(s)
[2025-02-27T21:34:50.635+0000] {spark_submit.py:490} INFO - 25/02/27 21:34:50 INFO StandaloneSchedulerBackend: Granted executor ID app-20250227213450-0007/0 on hostPort 172.18.0.4:43141 with 4 core(s), 4.0 GiB RAM
[2025-02-27T21:34:50.641+0000] {spark_submit.py:490} INFO - 25/02/27 21:34:50 INFO Utils: Successfully started service 'org.apache.spark.network.netty.NettyBlockTransferService' on port 44761.
[2025-02-27T21:34:50.641+0000] {spark_submit.py:490} INFO - 25/02/27 21:34:50 INFO NettyBlockTransferService: Server created on 53fdc8261bae:44761
[2025-02-27T21:34:50.643+0000] {spark_submit.py:490} INFO - 25/02/27 21:34:50 INFO BlockManager: Using org.apache.spark.storage.RandomBlockReplicationPolicy for block replication policy
[2025-02-27T21:34:50.649+0000] {spark_submit.py:490} INFO - 25/02/27 21:34:50 INFO BlockManagerMaster: Registering BlockManager BlockManagerId(driver, 53fdc8261bae, 44761, None)
[2025-02-27T21:34:50.652+0000] {spark_submit.py:490} INFO - 25/02/27 21:34:50 INFO BlockManagerMasterEndpoint: Registering block manager 53fdc8261bae:44761 with 434.4 MiB RAM, BlockManagerId(driver, 53fdc8261bae, 44761, None)
[2025-02-27T21:34:50.654+0000] {spark_submit.py:490} INFO - 25/02/27 21:34:50 INFO BlockManagerMaster: Registered BlockManager BlockManagerId(driver, 53fdc8261bae, 44761, None)
[2025-02-27T21:34:50.656+0000] {spark_submit.py:490} INFO - 25/02/27 21:34:50 INFO BlockManager: Initialized BlockManager: BlockManagerId(driver, 53fdc8261bae, 44761, None)
[2025-02-27T21:34:50.718+0000] {spark_submit.py:490} INFO - 25/02/27 21:34:50 INFO StandaloneAppClient$ClientEndpoint: Executor updated: app-20250227213450-0007/0 is now RUNNING
[2025-02-27T21:34:50.809+0000] {spark_submit.py:490} INFO - 25/02/27 21:34:50 INFO StandaloneSchedulerBackend: SchedulerBackend is ready for scheduling beginning after reached minRegisteredResourcesRatio: 0.0
[2025-02-27T21:34:50.829+0000] {spark_submit.py:490} INFO - /home/***/.local/lib/python3.7/site-packages/pyspark/python/lib/pyspark.zip/pyspark/context.py:317: FutureWarning: Python 3.7 support is deprecated in Spark 3.4.
[2025-02-27T21:34:50.829+0000] {spark_submit.py:490} INFO - warnings.warn("Python 3.7 support is deprecated in Spark 3.4.", FutureWarning)
[2025-02-27T21:34:50.922+0000] {spark_submit.py:490} INFO - 25/02/27 21:34:50 INFO SharedState: Setting hive.metastore.warehouse.dir ('null') to the value of spark.sql.warehouse.dir.
[2025-02-27T21:34:50.924+0000] {spark_submit.py:490} INFO - 25/02/27 21:34:50 INFO SharedState: Warehouse path is 'file:/opt/***/spark-warehouse'.
[2025-02-27T21:34:51.566+0000] {spark_submit.py:490} INFO - Traceback (most recent call last):
[2025-02-27T21:34:51.567+0000] {spark_submit.py:490} INFO - File "/opt/***/dags/spark_join.py", line 41, in <module>
[2025-02-27T21:34:51.567+0000] {spark_submit.py:490} INFO - main()
[2025-02-27T21:34:51.567+0000] {spark_submit.py:490} INFO - File "/opt/***/dags/spark_join.py", line 22, in main
[2025-02-27T21:34:51.568+0000] {spark_submit.py:490} INFO - stations_df = spark.read.jdbc(url=jdbc_url, table="velib_stations", properties=connection_properties)
[2025-02-27T21:34:51.568+0000] {spark_submit.py:490} INFO - File "/home/***/.local/lib/python3.7/site-packages/pyspark/python/lib/pyspark.zip/pyspark/sql/readwriter.py", line 927, in jdbc
[2025-02-27T21:34:51.570+0000] {spark_submit.py:490} INFO - File "/home/***/.local/lib/python3.7/site-packages/pyspark/python/lib/py4j-0.10.9.7-src.zip/py4j/java_gateway.py", line 1323, in __call__
[2025-02-27T21:34:51.571+0000] {spark_submit.py:490} INFO - File "/home/***/.local/lib/python3.7/site-packages/pyspark/python/lib/pyspark.zip/pyspark/errors/exceptions/captured.py", line 169, in deco
[2025-02-27T21:34:51.571+0000] {spark_submit.py:490} INFO - File "/home/***/.local/lib/python3.7/site-packages/pyspark/python/lib/py4j-0.10.9.7-src.zip/py4j/protocol.py", line 328, in get_return_value
[2025-02-27T21:34:51.572+0000] {spark_submit.py:490} INFO - py4j.protocol.Py4JJavaError: An error occurred while calling o35.jdbc.
[2025-02-27T21:34:51.572+0000] {spark_submit.py:490} INFO - : org.postgresql.util.PSQLException: ERROR: relation "velib_stations" does not exist
[2025-02-27T21:34:51.572+0000] {spark_submit.py:490} INFO - Position: 15
[2025-02-27T21:34:51.572+0000] {spark_submit.py:490} INFO - at org.postgresql.core.v3.QueryExecutorImpl.receiveErrorResponse(QueryExecutorImpl.java:2733)
[2025-02-27T21:34:51.572+0000] {spark_submit.py:490} INFO - at org.postgresql.core.v3.QueryExecutorImpl.processResults(QueryExecutorImpl.java:2420)
[2025-02-27T21:34:51.573+0000] {spark_submit.py:490} INFO - at org.postgresql.core.v3.QueryExecutorImpl.execute(QueryExecutorImpl.java:372)
[2025-02-27T21:34:51.573+0000] {spark_submit.py:490} INFO - at org.postgresql.jdbc.PgStatement.executeInternal(PgStatement.java:517)
[2025-02-27T21:34:51.573+0000] {spark_submit.py:490} INFO - at org.postgresql.jdbc.PgStatement.execute(PgStatement.java:434)
[2025-02-27T21:34:51.574+0000] {spark_submit.py:490} INFO - at org.postgresql.jdbc.PgPreparedStatement.executeWithFlags(PgPreparedStatement.java:194)
[2025-02-27T21:34:51.574+0000] {spark_submit.py:490} INFO - at org.postgresql.jdbc.PgPreparedStatement.executeQuery(PgPreparedStatement.java:137)
[2025-02-27T21:34:51.574+0000] {spark_submit.py:490} INFO - at org.apache.spark.sql.execution.datasources.jdbc.JDBCRDD$.getQueryOutputSchema(JDBCRDD.scala:68)
[2025-02-27T21:34:51.574+0000] {spark_submit.py:490} INFO - at org.apache.spark.sql.execution.datasources.jdbc.JDBCRDD$.resolveTable(JDBCRDD.scala:58)
[2025-02-27T21:34:51.574+0000] {spark_submit.py:490} INFO - at org.apache.spark.sql.execution.datasources.jdbc.JDBCRelation$.getSchema(JDBCRelation.scala:241)
[2025-02-27T21:34:51.575+0000] {spark_submit.py:490} INFO - at org.apache.spark.sql.execution.datasources.jdbc.JdbcRelationProvider.createRelation(JdbcRelationProvider.scala:37)
[2025-02-27T21:34:51.575+0000] {spark_submit.py:490} INFO - at org.apache.spark.sql.execution.datasources.DataSource.resolveRelation(DataSource.scala:346)
[2025-02-27T21:34:51.575+0000] {spark_submit.py:490} INFO - at org.apache.spark.sql.DataFrameReader.loadV1Source(DataFrameReader.scala:229)
[2025-02-27T21:34:51.575+0000] {spark_submit.py:490} INFO - at org.apache.spark.sql.DataFrameReader.$anonfun$load$2(DataFrameReader.scala:211)
[2025-02-27T21:34:51.575+0000] {spark_submit.py:490} INFO - at scala.Option.getOrElse(Option.scala:189)
[2025-02-27T21:34:51.575+0000] {spark_submit.py:490} INFO - at org.apache.spark.sql.DataFrameReader.load(DataFrameReader.scala:211)
[2025-02-27T21:34:51.576+0000] {spark_submit.py:490} INFO - at org.apache.spark.sql.DataFrameReader.load(DataFrameReader.scala:172)
[2025-02-27T21:34:51.576+0000] {spark_submit.py:490} INFO - at org.apache.spark.sql.DataFrameReader.jdbc(DataFrameReader.scala:249)
[2025-02-27T21:34:51.576+0000] {spark_submit.py:490} INFO - at java.base/jdk.internal.reflect.NativeMethodAccessorImpl.invoke0(Native Method)
[2025-02-27T21:34:51.576+0000] {spark_submit.py:490} INFO - at java.base/jdk.internal.reflect.NativeMethodAccessorImpl.invoke(NativeMethodAccessorImpl.java:62)
[2025-02-27T21:34:51.576+0000] {spark_submit.py:490} INFO - at java.base/jdk.internal.reflect.DelegatingMethodAccessorImpl.invoke(DelegatingMethodAccessorImpl.java:43)
[2025-02-27T21:34:51.576+0000] {spark_submit.py:490} INFO - at java.base/java.lang.reflect.Method.invoke(Method.java:566)
[2025-02-27T21:34:51.577+0000] {spark_submit.py:490} INFO - at py4j.reflection.MethodInvoker.invoke(MethodInvoker.java:244)
[2025-02-27T21:34:51.577+0000] {spark_submit.py:490} INFO - at py4j.reflection.ReflectionEngine.invoke(ReflectionEngine.java:374)
[2025-02-27T21:34:51.577+0000] {spark_submit.py:490} INFO - at py4j.Gateway.invoke(Gateway.java:282)
[2025-02-27T21:34:51.577+0000] {spark_submit.py:490} INFO - at py4j.commands.AbstractCommand.invokeMethod(AbstractCommand.java:132)
[2025-02-27T21:34:51.577+0000] {spark_submit.py:490} INFO - at py4j.commands.CallCommand.execute(CallCommand.java:79)
[2025-02-27T21:34:51.577+0000] {spark_submit.py:490} INFO - at py4j.ClientServerConnection.waitForCommands(ClientServerConnection.java:182)
[2025-02-27T21:34:51.577+0000] {spark_submit.py:490} INFO - at py4j.ClientServerConnection.run(ClientServerConnection.java:106)
[2025-02-27T21:34:51.577+0000] {spark_submit.py:490} INFO - at java.base/java.lang.Thread.run(Thread.java:829)
[2025-02-27T21:34:51.578+0000] {spark_submit.py:490} INFO - 
[2025-02-27T21:34:51.599+0000] {spark_submit.py:490} INFO - 25/02/27 21:34:51 INFO SparkContext: Invoking stop() from shutdown hook
[2025-02-27T21:34:51.600+0000] {spark_submit.py:490} INFO - 25/02/27 21:34:51 INFO SparkContext: SparkContext is stopping with exitCode 0.
[2025-02-27T21:34:51.615+0000] {spark_submit.py:490} INFO - 25/02/27 21:34:51 INFO SparkUI: Stopped Spark web UI at http://53fdc8261bae:4040
[2025-02-27T21:34:51.619+0000] {spark_submit.py:490} INFO - 25/02/27 21:34:51 INFO StandaloneSchedulerBackend: Shutting down all executors
[2025-02-27T21:34:51.621+0000] {spark_submit.py:490} INFO - 25/02/27 21:34:51 INFO StandaloneSchedulerBackend$StandaloneDriverEndpoint: Asking each executor to shut down
[2025-02-27T21:34:51.632+0000] {spark_submit.py:490} INFO - 25/02/27 21:34:51 INFO MapOutputTrackerMasterEndpoint: MapOutputTrackerMasterEndpoint stopped!
[2025-02-27T21:34:51.640+0000] {spark_submit.py:490} INFO - 25/02/27 21:34:51 INFO MemoryStore: MemoryStore cleared
[2025-02-27T21:34:51.641+0000] {spark_submit.py:490} INFO - 25/02/27 21:34:51 INFO BlockManager: BlockManager stopped
[2025-02-27T21:34:51.646+0000] {spark_submit.py:490} INFO - 25/02/27 21:34:51 INFO BlockManagerMaster: BlockManagerMaster stopped
[2025-02-27T21:34:51.649+0000] {spark_submit.py:490} INFO - 25/02/27 21:34:51 INFO OutputCommitCoordinator$OutputCommitCoordinatorEndpoint: OutputCommitCoordinator stopped!
[2025-02-27T21:34:51.658+0000] {spark_submit.py:490} INFO - 25/02/27 21:34:51 INFO SparkContext: Successfully stopped SparkContext
[2025-02-27T21:34:51.658+0000] {spark_submit.py:490} INFO - 25/02/27 21:34:51 INFO ShutdownHookManager: Shutdown hook called
[2025-02-27T21:34:51.659+0000] {spark_submit.py:490} INFO - 25/02/27 21:34:51 INFO ShutdownHookManager: Deleting directory /tmp/spark-779bfafe-1f44-4337-9393-c3351168fee8
[2025-02-27T21:34:51.662+0000] {spark_submit.py:490} INFO - 25/02/27 21:34:51 INFO ShutdownHookManager: Deleting directory /tmp/spark-2ed04053-0744-45ab-b279-a327082be3a4
[2025-02-27T21:34:51.664+0000] {spark_submit.py:490} INFO - 25/02/27 21:34:51 INFO ShutdownHookManager: Deleting directory /tmp/spark-2ed04053-0744-45ab-b279-a327082be3a4/pyspark-868511e8-c8ad-4535-b297-98e30d945ed6
[2025-02-27T21:34:51.705+0000] {taskinstance.py:1847} ERROR - Task failed with exception
Traceback (most recent call last):
  File "/home/airflow/.local/lib/python3.7/site-packages/airflow/providers/apache/spark/operators/spark_submit.py", line 157, in execute
    self._hook.submit(self._application)
  File "/home/airflow/.local/lib/python3.7/site-packages/airflow/providers/apache/spark/hooks/spark_submit.py", line 422, in submit
    f"Cannot execute: {self._mask_cmd(spark_submit_cmd)}. Error code is: {returncode}."
airflow.exceptions.AirflowException: Cannot execute: spark-submit --master spark-master:7077 --conf spark.master=spark://spark-master:7077 --conf spark.driver.extraClassPath=/opt/bitnami/spark/jars/postgresql-42.7.5.jar --conf spark.executor.extraClassPath=/opt/bitnami/spark/jars/postgresql-42.7.5.jar --conf spark.jars=/opt/bitnami/spark/jars/postgresql-42.7.5.jar --name spark_join --verbose /opt/***/dags/spark_join.py. Error code is: 1.
[2025-02-27T21:34:51.707+0000] {taskinstance.py:1373} INFO - Marking task as FAILED. dag_id=api_to_db_dag, task_id=spark_join_task, execution_date=20250227T213445, start_date=20250227T213447, end_date=20250227T213451
[2025-02-27T21:34:51.728+0000] {standard_task_runner.py:109} ERROR - Failed to execute job 56 for task spark_join_task (Cannot execute: spark-submit --master spark-master:7077 --conf spark.master=spark://spark-master:7077 --conf spark.driver.extraClassPath=/opt/bitnami/spark/jars/postgresql-42.7.5.jar --conf spark.executor.extraClassPath=/opt/bitnami/spark/jars/postgresql-42.7.5.jar --conf spark.jars=/opt/bitnami/spark/jars/postgresql-42.7.5.jar --name spark_join --verbose /opt/***/dags/spark_join.py. Error code is: 1.; 3125)
[2025-02-27T21:34:51.752+0000] {local_task_job_runner.py:232} INFO - Task exited with return code 1
[2025-02-27T21:34:51.777+0000] {taskinstance.py:2674} INFO - 0 downstream tasks scheduled from follow-on schedule check
