[2025-02-27T15:11:28.792+0000] {taskinstance.py:1125} INFO - Dependencies all met for dep_context=non-requeueable deps ti=<TaskInstance: api_to_db_dag.spark_join_task manual__2025-02-27T15:11:24.596030+00:00 [queued]>
[2025-02-27T15:11:28.798+0000] {taskinstance.py:1125} INFO - Dependencies all met for dep_context=requeueable deps ti=<TaskInstance: api_to_db_dag.spark_join_task manual__2025-02-27T15:11:24.596030+00:00 [queued]>
[2025-02-27T15:11:28.798+0000] {taskinstance.py:1331} INFO - Starting attempt 1 of 1
[2025-02-27T15:11:28.807+0000] {taskinstance.py:1350} INFO - Executing <Task(SparkSubmitOperator): spark_join_task> on 2025-02-27 15:11:24.596030+00:00
[2025-02-27T15:11:28.810+0000] {standard_task_runner.py:57} INFO - Started process 190 to run task
[2025-02-27T15:11:28.812+0000] {standard_task_runner.py:84} INFO - Running: ['***', 'tasks', 'run', 'api_to_db_dag', 'spark_join_task', 'manual__2025-02-27T15:11:24.596030+00:00', '--job-id', '10', '--raw', '--subdir', 'DAGS_FOLDER/dag.py', '--cfg-path', '/tmp/tmp4xc2otlf']
[2025-02-27T15:11:28.814+0000] {standard_task_runner.py:85} INFO - Job 10: Subtask spark_join_task
[2025-02-27T15:11:28.842+0000] {task_command.py:410} INFO - Running <TaskInstance: api_to_db_dag.spark_join_task manual__2025-02-27T15:11:24.596030+00:00 [running]> on host 8d4390e24c8f
[2025-02-27T15:11:28.884+0000] {taskinstance.py:1570} INFO - Exporting env vars: AIRFLOW_CTX_DAG_OWNER='***' AIRFLOW_CTX_DAG_ID='api_to_db_dag' AIRFLOW_CTX_TASK_ID='spark_join_task' AIRFLOW_CTX_EXECUTION_DATE='2025-02-27T15:11:24.596030+00:00' AIRFLOW_CTX_TRY_NUMBER='1' AIRFLOW_CTX_DAG_RUN_ID='manual__2025-02-27T15:11:24.596030+00:00'
[2025-02-27T15:11:28.888+0000] {base.py:73} INFO - Using connection ID 'spark_default' for task execution.
[2025-02-27T15:11:28.889+0000] {spark_submit.py:339} INFO - Spark-Submit cmd: spark-submit --master spark-master:7077 --conf spark.master=spark://spark-master:7077 --conf spark.driver.extraClassPath=/opt/bitnami/spark/jars/postgresql-42.7.5.jar --conf spark.executor.extraClassPath=/opt/bitnami/spark/jars/postgresql-42.7.5.jar --conf spark.jars=/opt/bitnami/spark/jars/postgresql-42.7.5.jar --name spark_join --verbose /opt/***/dags/spark_join.py
[2025-02-27T15:11:29.824+0000] {spark_submit.py:490} INFO - Using properties file: null
[2025-02-27T15:11:29.876+0000] {spark_submit.py:490} INFO - Parsed arguments:
[2025-02-27T15:11:29.877+0000] {spark_submit.py:490} INFO - master                  spark-master:7077
[2025-02-27T15:11:29.877+0000] {spark_submit.py:490} INFO - remote                  null
[2025-02-27T15:11:29.877+0000] {spark_submit.py:490} INFO - deployMode              null
[2025-02-27T15:11:29.877+0000] {spark_submit.py:490} INFO - executorMemory          null
[2025-02-27T15:11:29.877+0000] {spark_submit.py:490} INFO - executorCores           null
[2025-02-27T15:11:29.877+0000] {spark_submit.py:490} INFO - totalExecutorCores      null
[2025-02-27T15:11:29.878+0000] {spark_submit.py:490} INFO - propertiesFile          null
[2025-02-27T15:11:29.878+0000] {spark_submit.py:490} INFO - driverMemory            null
[2025-02-27T15:11:29.878+0000] {spark_submit.py:490} INFO - driverCores             null
[2025-02-27T15:11:29.878+0000] {spark_submit.py:490} INFO - driverExtraClassPath    /opt/bitnami/spark/jars/postgresql-42.7.5.jar
[2025-02-27T15:11:29.878+0000] {spark_submit.py:490} INFO - driverExtraLibraryPath  null
[2025-02-27T15:11:29.878+0000] {spark_submit.py:490} INFO - driverExtraJavaOptions  null
[2025-02-27T15:11:29.878+0000] {spark_submit.py:490} INFO - supervise               false
[2025-02-27T15:11:29.878+0000] {spark_submit.py:490} INFO - queue                   null
[2025-02-27T15:11:29.878+0000] {spark_submit.py:490} INFO - numExecutors            null
[2025-02-27T15:11:29.879+0000] {spark_submit.py:490} INFO - files                   null
[2025-02-27T15:11:29.879+0000] {spark_submit.py:490} INFO - pyFiles                 null
[2025-02-27T15:11:29.879+0000] {spark_submit.py:490} INFO - archives                null
[2025-02-27T15:11:29.879+0000] {spark_submit.py:490} INFO - mainClass               null
[2025-02-27T15:11:29.879+0000] {spark_submit.py:490} INFO - primaryResource         file:/opt/***/dags/spark_join.py
[2025-02-27T15:11:29.879+0000] {spark_submit.py:490} INFO - name                    spark_join
[2025-02-27T15:11:29.879+0000] {spark_submit.py:490} INFO - childArgs               []
[2025-02-27T15:11:29.879+0000] {spark_submit.py:490} INFO - jars                    /opt/bitnami/spark/jars/postgresql-42.7.5.jar
[2025-02-27T15:11:29.879+0000] {spark_submit.py:490} INFO - packages                null
[2025-02-27T15:11:29.880+0000] {spark_submit.py:490} INFO - packagesExclusions      null
[2025-02-27T15:11:29.880+0000] {spark_submit.py:490} INFO - repositories            null
[2025-02-27T15:11:29.880+0000] {spark_submit.py:490} INFO - verbose                 true
[2025-02-27T15:11:29.880+0000] {spark_submit.py:490} INFO - 
[2025-02-27T15:11:29.880+0000] {spark_submit.py:490} INFO - Spark properties used, including those specified through
[2025-02-27T15:11:29.880+0000] {spark_submit.py:490} INFO - --conf and those from the properties file null:
[2025-02-27T15:11:29.880+0000] {spark_submit.py:490} INFO - (spark.driver.extraClassPath,/opt/bitnami/spark/jars/postgresql-42.7.5.jar)
[2025-02-27T15:11:29.880+0000] {spark_submit.py:490} INFO - (spark.executor.extraClassPath,/opt/bitnami/spark/jars/postgresql-42.7.5.jar)
[2025-02-27T15:11:29.880+0000] {spark_submit.py:490} INFO - (spark.jars,/opt/bitnami/spark/jars/postgresql-42.7.5.jar)
[2025-02-27T15:11:29.880+0000] {spark_submit.py:490} INFO - (spark.master,spark://spark-master:7077)
[2025-02-27T15:11:29.880+0000] {spark_submit.py:490} INFO - 
[2025-02-27T15:11:29.880+0000] {spark_submit.py:490} INFO - 
[2025-02-27T15:11:30.079+0000] {spark_submit.py:490} INFO - 25/02/27 15:11:30 WARN NativeCodeLoader: Unable to load native-hadoop library for your platform... using builtin-java classes where applicable
[2025-02-27T15:11:30.183+0000] {spark_submit.py:490} INFO - Main class:
[2025-02-27T15:11:30.183+0000] {spark_submit.py:490} INFO - org.apache.spark.deploy.PythonRunner
[2025-02-27T15:11:30.184+0000] {spark_submit.py:490} INFO - Arguments:
[2025-02-27T15:11:30.184+0000] {spark_submit.py:490} INFO - file:/opt/***/dags/spark_join.py
[2025-02-27T15:11:30.184+0000] {spark_submit.py:490} INFO - null
[2025-02-27T15:11:30.184+0000] {spark_submit.py:490} INFO - Spark config:
[2025-02-27T15:11:30.185+0000] {spark_submit.py:490} INFO - (spark.app.name,spark_join)
[2025-02-27T15:11:30.185+0000] {spark_submit.py:490} INFO - (spark.app.submitTime,1740669090174)
[2025-02-27T15:11:30.185+0000] {spark_submit.py:490} INFO - (spark.driver.extraClassPath,/opt/bitnami/spark/jars/postgresql-42.7.5.jar)
[2025-02-27T15:11:30.185+0000] {spark_submit.py:490} INFO - (spark.executor.extraClassPath,/opt/bitnami/spark/jars/postgresql-42.7.5.jar)
[2025-02-27T15:11:30.185+0000] {spark_submit.py:490} INFO - (spark.jars,file:/opt/bitnami/spark/jars/postgresql-42.7.5.jar)
[2025-02-27T15:11:30.185+0000] {spark_submit.py:490} INFO - (spark.master,spark-master:7077)
[2025-02-27T15:11:30.185+0000] {spark_submit.py:490} INFO - (spark.repl.local.jars,file:/opt/bitnami/spark/jars/postgresql-42.7.5.jar)
[2025-02-27T15:11:30.185+0000] {spark_submit.py:490} INFO - (spark.submit.deployMode,client)
[2025-02-27T15:11:30.185+0000] {spark_submit.py:490} INFO - (spark.submit.pyFiles,)
[2025-02-27T15:11:30.186+0000] {spark_submit.py:490} INFO - Classpath elements:
[2025-02-27T15:11:30.186+0000] {spark_submit.py:490} INFO - file:/opt/bitnami/spark/jars/postgresql-42.7.5.jar
[2025-02-27T15:11:30.186+0000] {spark_submit.py:490} INFO - 
[2025-02-27T15:11:30.186+0000] {spark_submit.py:490} INFO - 
[2025-02-27T15:11:30.186+0000] {spark_submit.py:490} INFO - 25/02/27 15:11:30 WARN DependencyUtils: Local jar /opt/bitnami/spark/jars/postgresql-42.7.5.jar does not exist, skipping.
[2025-02-27T15:11:30.791+0000] {spark_submit.py:490} INFO - 25/02/27 15:11:30 INFO SparkContext: Running Spark version 3.4.4
[2025-02-27T15:11:30.817+0000] {spark_submit.py:490} INFO - 25/02/27 15:11:30 INFO ResourceUtils: ==============================================================
[2025-02-27T15:11:30.818+0000] {spark_submit.py:490} INFO - 25/02/27 15:11:30 INFO ResourceUtils: No custom resources configured for spark.driver.
[2025-02-27T15:11:30.818+0000] {spark_submit.py:490} INFO - 25/02/27 15:11:30 INFO ResourceUtils: ==============================================================
[2025-02-27T15:11:30.819+0000] {spark_submit.py:490} INFO - 25/02/27 15:11:30 INFO SparkContext: Submitted application: JoinVelibTables
[2025-02-27T15:11:30.830+0000] {spark_submit.py:490} INFO - 25/02/27 15:11:30 INFO ResourceProfile: Default ResourceProfile created, executor resources: Map(memory -> name: memory, amount: 1024, script: , vendor: , offHeap -> name: offHeap, amount: 0, script: , vendor: ), task resources: Map(cpus -> name: cpus, amount: 1.0)
[2025-02-27T15:11:30.836+0000] {spark_submit.py:490} INFO - 25/02/27 15:11:30 INFO ResourceProfile: Limiting resource is cpu
[2025-02-27T15:11:30.837+0000] {spark_submit.py:490} INFO - 25/02/27 15:11:30 INFO ResourceProfileManager: Added ResourceProfile id: 0
[2025-02-27T15:11:30.876+0000] {spark_submit.py:490} INFO - 25/02/27 15:11:30 INFO SecurityManager: Changing view acls to: ***
[2025-02-27T15:11:30.876+0000] {spark_submit.py:490} INFO - 25/02/27 15:11:30 INFO SecurityManager: Changing modify acls to: ***
[2025-02-27T15:11:30.876+0000] {spark_submit.py:490} INFO - 25/02/27 15:11:30 INFO SecurityManager: Changing view acls groups to:
[2025-02-27T15:11:30.876+0000] {spark_submit.py:490} INFO - 25/02/27 15:11:30 INFO SecurityManager: Changing modify acls groups to:
[2025-02-27T15:11:30.877+0000] {spark_submit.py:490} INFO - 25/02/27 15:11:30 INFO SecurityManager: SecurityManager: authentication disabled; ui acls disabled; users with view permissions: ***; groups with view permissions: EMPTY; users with modify permissions: ***; groups with modify permissions: EMPTY
[2025-02-27T15:11:31.037+0000] {spark_submit.py:490} INFO - 25/02/27 15:11:31 INFO Utils: Successfully started service 'sparkDriver' on port 46635.
[2025-02-27T15:11:31.059+0000] {spark_submit.py:490} INFO - 25/02/27 15:11:31 INFO SparkEnv: Registering MapOutputTracker
[2025-02-27T15:11:31.076+0000] {spark_submit.py:490} INFO - 25/02/27 15:11:31 INFO SparkEnv: Registering BlockManagerMaster
[2025-02-27T15:11:31.086+0000] {spark_submit.py:490} INFO - 25/02/27 15:11:31 INFO BlockManagerMasterEndpoint: Using org.apache.spark.storage.DefaultTopologyMapper for getting topology information
[2025-02-27T15:11:31.087+0000] {spark_submit.py:490} INFO - 25/02/27 15:11:31 INFO BlockManagerMasterEndpoint: BlockManagerMasterEndpoint up
[2025-02-27T15:11:31.089+0000] {spark_submit.py:490} INFO - 25/02/27 15:11:31 INFO SparkEnv: Registering BlockManagerMasterHeartbeat
[2025-02-27T15:11:31.101+0000] {spark_submit.py:490} INFO - 25/02/27 15:11:31 INFO DiskBlockManager: Created local directory at /tmp/blockmgr-861af321-5dae-4594-bc5f-f0c6601a6e28
[2025-02-27T15:11:31.109+0000] {spark_submit.py:490} INFO - 25/02/27 15:11:31 INFO MemoryStore: MemoryStore started with capacity 434.4 MiB
[2025-02-27T15:11:31.117+0000] {spark_submit.py:490} INFO - 25/02/27 15:11:31 INFO SparkEnv: Registering OutputCommitCoordinator
[2025-02-27T15:11:31.191+0000] {spark_submit.py:490} INFO - 25/02/27 15:11:31 INFO JettyUtils: Start Jetty 0.0.0.0:4040 for SparkUI
[2025-02-27T15:11:31.222+0000] {spark_submit.py:490} INFO - 25/02/27 15:11:31 INFO Utils: Successfully started service 'SparkUI' on port 4040.
[2025-02-27T15:11:31.242+0000] {spark_submit.py:490} INFO - 25/02/27 15:11:31 ERROR SparkContext: Failed to add file:/opt/bitnami/spark/jars/postgresql-42.7.5.jar to Spark environment
[2025-02-27T15:11:31.242+0000] {spark_submit.py:490} INFO - java.io.FileNotFoundException: Jar /opt/bitnami/spark/jars/postgresql-42.7.5.jar not found
[2025-02-27T15:11:31.242+0000] {spark_submit.py:490} INFO - at org.apache.spark.SparkContext.addLocalJarFile$1(SparkContext.scala:1963)
[2025-02-27T15:11:31.242+0000] {spark_submit.py:490} INFO - at org.apache.spark.SparkContext.addJar(SparkContext.scala:2018)
[2025-02-27T15:11:31.242+0000] {spark_submit.py:490} INFO - at org.apache.spark.SparkContext.$anonfun$new$12(SparkContext.scala:502)
[2025-02-27T15:11:31.242+0000] {spark_submit.py:490} INFO - at org.apache.spark.SparkContext.$anonfun$new$12$adapted(SparkContext.scala:502)
[2025-02-27T15:11:31.242+0000] {spark_submit.py:490} INFO - at scala.collection.mutable.ResizableArray.foreach(ResizableArray.scala:62)
[2025-02-27T15:11:31.242+0000] {spark_submit.py:490} INFO - at scala.collection.mutable.ResizableArray.foreach$(ResizableArray.scala:55)
[2025-02-27T15:11:31.242+0000] {spark_submit.py:490} INFO - at scala.collection.mutable.ArrayBuffer.foreach(ArrayBuffer.scala:49)
[2025-02-27T15:11:31.242+0000] {spark_submit.py:490} INFO - at org.apache.spark.SparkContext.<init>(SparkContext.scala:502)
[2025-02-27T15:11:31.242+0000] {spark_submit.py:490} INFO - at org.apache.spark.api.java.JavaSparkContext.<init>(JavaSparkContext.scala:58)
[2025-02-27T15:11:31.242+0000] {spark_submit.py:490} INFO - at java.base/jdk.internal.reflect.NativeConstructorAccessorImpl.newInstance0(Native Method)
[2025-02-27T15:11:31.243+0000] {spark_submit.py:490} INFO - at java.base/jdk.internal.reflect.NativeConstructorAccessorImpl.newInstance(NativeConstructorAccessorImpl.java:62)
[2025-02-27T15:11:31.243+0000] {spark_submit.py:490} INFO - at java.base/jdk.internal.reflect.DelegatingConstructorAccessorImpl.newInstance(DelegatingConstructorAccessorImpl.java:45)
[2025-02-27T15:11:31.243+0000] {spark_submit.py:490} INFO - at java.base/java.lang.reflect.Constructor.newInstance(Constructor.java:490)
[2025-02-27T15:11:31.243+0000] {spark_submit.py:490} INFO - at py4j.reflection.MethodInvoker.invoke(MethodInvoker.java:247)
[2025-02-27T15:11:31.243+0000] {spark_submit.py:490} INFO - at py4j.reflection.ReflectionEngine.invoke(ReflectionEngine.java:374)
[2025-02-27T15:11:31.243+0000] {spark_submit.py:490} INFO - at py4j.Gateway.invoke(Gateway.java:238)
[2025-02-27T15:11:31.243+0000] {spark_submit.py:490} INFO - at py4j.commands.ConstructorCommand.invokeConstructor(ConstructorCommand.java:80)
[2025-02-27T15:11:31.244+0000] {spark_submit.py:490} INFO - at py4j.commands.ConstructorCommand.execute(ConstructorCommand.java:69)
[2025-02-27T15:11:31.244+0000] {spark_submit.py:490} INFO - at py4j.ClientServerConnection.waitForCommands(ClientServerConnection.java:182)
[2025-02-27T15:11:31.244+0000] {spark_submit.py:490} INFO - at py4j.ClientServerConnection.run(ClientServerConnection.java:106)
[2025-02-27T15:11:31.244+0000] {spark_submit.py:490} INFO - at java.base/java.lang.Thread.run(Thread.java:829)
[2025-02-27T15:11:31.287+0000] {spark_submit.py:490} INFO - 25/02/27 15:11:31 INFO StandaloneAppClient$ClientEndpoint: Connecting to master spark://spark-master:7077...
[2025-02-27T15:11:31.313+0000] {spark_submit.py:490} INFO - 25/02/27 15:11:31 INFO TransportClientFactory: Successfully created connection to spark-master/172.18.0.3:7077 after 15 ms (0 ms spent in bootstraps)
[2025-02-27T15:11:31.445+0000] {spark_submit.py:490} INFO - 25/02/27 15:11:31 INFO StandaloneSchedulerBackend: Connected to Spark cluster with app ID app-20250227151131-0000
[2025-02-27T15:11:31.450+0000] {spark_submit.py:490} INFO - 25/02/27 15:11:31 INFO Utils: Successfully started service 'org.apache.spark.network.netty.NettyBlockTransferService' on port 36775.
[2025-02-27T15:11:31.451+0000] {spark_submit.py:490} INFO - 25/02/27 15:11:31 INFO NettyBlockTransferService: Server created on 8d4390e24c8f:36775
[2025-02-27T15:11:31.452+0000] {spark_submit.py:490} INFO - 25/02/27 15:11:31 INFO BlockManager: Using org.apache.spark.storage.RandomBlockReplicationPolicy for block replication policy
[2025-02-27T15:11:31.455+0000] {spark_submit.py:490} INFO - 25/02/27 15:11:31 INFO BlockManagerMaster: Registering BlockManager BlockManagerId(driver, 8d4390e24c8f, 36775, None)
[2025-02-27T15:11:31.458+0000] {spark_submit.py:490} INFO - 25/02/27 15:11:31 INFO BlockManagerMasterEndpoint: Registering block manager 8d4390e24c8f:36775 with 434.4 MiB RAM, BlockManagerId(driver, 8d4390e24c8f, 36775, None)
[2025-02-27T15:11:31.460+0000] {spark_submit.py:490} INFO - 25/02/27 15:11:31 INFO BlockManagerMaster: Registered BlockManager BlockManagerId(driver, 8d4390e24c8f, 36775, None)
[2025-02-27T15:11:31.464+0000] {spark_submit.py:490} INFO - 25/02/27 15:11:31 INFO BlockManager: Initialized BlockManager: BlockManagerId(driver, 8d4390e24c8f, 36775, None)
[2025-02-27T15:11:31.464+0000] {spark_submit.py:490} INFO - 25/02/27 15:11:31 INFO StandaloneAppClient$ClientEndpoint: Executor added: app-20250227151131-0000/0 on worker-20250227151038-172.18.0.4-34829 (172.18.0.4:34829) with 8 core(s)
[2025-02-27T15:11:31.465+0000] {spark_submit.py:490} INFO - 25/02/27 15:11:31 INFO StandaloneSchedulerBackend: Granted executor ID app-20250227151131-0000/0 on hostPort 172.18.0.4:34829 with 8 core(s), 1024.0 MiB RAM
[2025-02-27T15:11:31.629+0000] {spark_submit.py:490} INFO - 25/02/27 15:11:31 INFO StandaloneSchedulerBackend: SchedulerBackend is ready for scheduling beginning after reached minRegisteredResourcesRatio: 0.0
[2025-02-27T15:11:31.638+0000] {spark_submit.py:490} INFO - 25/02/27 15:11:31 INFO StandaloneAppClient$ClientEndpoint: Executor updated: app-20250227151131-0000/0 is now RUNNING
[2025-02-27T15:11:31.650+0000] {spark_submit.py:490} INFO - /home/***/.local/lib/python3.7/site-packages/pyspark/python/lib/pyspark.zip/pyspark/context.py:317: FutureWarning: Python 3.7 support is deprecated in Spark 3.4.
[2025-02-27T15:11:31.651+0000] {spark_submit.py:490} INFO - warnings.warn("Python 3.7 support is deprecated in Spark 3.4.", FutureWarning)
[2025-02-27T15:11:31.764+0000] {spark_submit.py:490} INFO - 25/02/27 15:11:31 INFO SharedState: Setting hive.metastore.warehouse.dir ('null') to the value of spark.sql.warehouse.dir.
[2025-02-27T15:11:31.766+0000] {spark_submit.py:490} INFO - 25/02/27 15:11:31 INFO SharedState: Warehouse path is 'file:/opt/***/spark-warehouse'.
[2025-02-27T15:11:32.334+0000] {spark_submit.py:490} INFO - Traceback (most recent call last):
[2025-02-27T15:11:32.334+0000] {spark_submit.py:490} INFO - File "/opt/***/dags/spark_join.py", line 32, in <module>
[2025-02-27T15:11:32.335+0000] {spark_submit.py:490} INFO - main()
[2025-02-27T15:11:32.335+0000] {spark_submit.py:490} INFO - File "/opt/***/dags/spark_join.py", line 20, in main
[2025-02-27T15:11:32.336+0000] {spark_submit.py:490} INFO - stations_df = spark.read.jdbc(url=jdbc_url, table="velib_stations", properties=connection_properties)
[2025-02-27T15:11:32.336+0000] {spark_submit.py:490} INFO - File "/home/***/.local/lib/python3.7/site-packages/pyspark/python/lib/pyspark.zip/pyspark/sql/readwriter.py", line 927, in jdbc
[2025-02-27T15:11:32.336+0000] {spark_submit.py:490} INFO - File "/home/***/.local/lib/python3.7/site-packages/pyspark/python/lib/py4j-0.10.9.7-src.zip/py4j/java_gateway.py", line 1323, in __call__
[2025-02-27T15:11:32.337+0000] {spark_submit.py:490} INFO - File "/home/***/.local/lib/python3.7/site-packages/pyspark/python/lib/pyspark.zip/pyspark/errors/exceptions/captured.py", line 169, in deco
[2025-02-27T15:11:32.337+0000] {spark_submit.py:490} INFO - File "/home/***/.local/lib/python3.7/site-packages/pyspark/python/lib/py4j-0.10.9.7-src.zip/py4j/protocol.py", line 328, in get_return_value
[2025-02-27T15:11:32.341+0000] {spark_submit.py:490} INFO - py4j.protocol.Py4JJavaError: An error occurred while calling o31.jdbc.
[2025-02-27T15:11:32.342+0000] {spark_submit.py:490} INFO - : java.lang.ClassNotFoundException: org.postgresql.Driver
[2025-02-27T15:11:32.343+0000] {spark_submit.py:490} INFO - at java.base/java.net.URLClassLoader.findClass(URLClassLoader.java:476)
[2025-02-27T15:11:32.344+0000] {spark_submit.py:490} INFO - at java.base/java.lang.ClassLoader.loadClass(ClassLoader.java:594)
[2025-02-27T15:11:32.344+0000] {spark_submit.py:490} INFO - at java.base/java.lang.ClassLoader.loadClass(ClassLoader.java:527)
[2025-02-27T15:11:32.344+0000] {spark_submit.py:490} INFO - at org.apache.spark.sql.execution.datasources.jdbc.DriverRegistry$.register(DriverRegistry.scala:46)
[2025-02-27T15:11:32.345+0000] {spark_submit.py:490} INFO - at org.apache.spark.sql.execution.datasources.jdbc.JDBCOptions.$anonfun$driverClass$1(JDBCOptions.scala:103)
[2025-02-27T15:11:32.346+0000] {spark_submit.py:490} INFO - at org.apache.spark.sql.execution.datasources.jdbc.JDBCOptions.$anonfun$driverClass$1$adapted(JDBCOptions.scala:103)
[2025-02-27T15:11:32.346+0000] {spark_submit.py:490} INFO - at scala.Option.foreach(Option.scala:407)
[2025-02-27T15:11:32.346+0000] {spark_submit.py:490} INFO - at org.apache.spark.sql.execution.datasources.jdbc.JDBCOptions.<init>(JDBCOptions.scala:103)
[2025-02-27T15:11:32.347+0000] {spark_submit.py:490} INFO - at org.apache.spark.sql.execution.datasources.jdbc.JDBCOptions.<init>(JDBCOptions.scala:41)
[2025-02-27T15:11:32.347+0000] {spark_submit.py:490} INFO - at org.apache.spark.sql.execution.datasources.jdbc.JdbcRelationProvider.createRelation(JdbcRelationProvider.scala:34)
[2025-02-27T15:11:32.347+0000] {spark_submit.py:490} INFO - at org.apache.spark.sql.execution.datasources.DataSource.resolveRelation(DataSource.scala:346)
[2025-02-27T15:11:32.347+0000] {spark_submit.py:490} INFO - at org.apache.spark.sql.DataFrameReader.loadV1Source(DataFrameReader.scala:229)
[2025-02-27T15:11:32.348+0000] {spark_submit.py:490} INFO - at org.apache.spark.sql.DataFrameReader.$anonfun$load$2(DataFrameReader.scala:211)
[2025-02-27T15:11:32.348+0000] {spark_submit.py:490} INFO - at scala.Option.getOrElse(Option.scala:189)
[2025-02-27T15:11:32.348+0000] {spark_submit.py:490} INFO - at org.apache.spark.sql.DataFrameReader.load(DataFrameReader.scala:211)
[2025-02-27T15:11:32.348+0000] {spark_submit.py:490} INFO - at org.apache.spark.sql.DataFrameReader.load(DataFrameReader.scala:172)
[2025-02-27T15:11:32.348+0000] {spark_submit.py:490} INFO - at org.apache.spark.sql.DataFrameReader.jdbc(DataFrameReader.scala:249)
[2025-02-27T15:11:32.348+0000] {spark_submit.py:490} INFO - at java.base/jdk.internal.reflect.NativeMethodAccessorImpl.invoke0(Native Method)
[2025-02-27T15:11:32.348+0000] {spark_submit.py:490} INFO - at java.base/jdk.internal.reflect.NativeMethodAccessorImpl.invoke(NativeMethodAccessorImpl.java:62)
[2025-02-27T15:11:32.349+0000] {spark_submit.py:490} INFO - at java.base/jdk.internal.reflect.DelegatingMethodAccessorImpl.invoke(DelegatingMethodAccessorImpl.java:43)
[2025-02-27T15:11:32.349+0000] {spark_submit.py:490} INFO - at java.base/java.lang.reflect.Method.invoke(Method.java:566)
[2025-02-27T15:11:32.349+0000] {spark_submit.py:490} INFO - at py4j.reflection.MethodInvoker.invoke(MethodInvoker.java:244)
[2025-02-27T15:11:32.349+0000] {spark_submit.py:490} INFO - at py4j.reflection.ReflectionEngine.invoke(ReflectionEngine.java:374)
[2025-02-27T15:11:32.349+0000] {spark_submit.py:490} INFO - at py4j.Gateway.invoke(Gateway.java:282)
[2025-02-27T15:11:32.349+0000] {spark_submit.py:490} INFO - at py4j.commands.AbstractCommand.invokeMethod(AbstractCommand.java:132)
[2025-02-27T15:11:32.350+0000] {spark_submit.py:490} INFO - at py4j.commands.CallCommand.execute(CallCommand.java:79)
[2025-02-27T15:11:32.350+0000] {spark_submit.py:490} INFO - at py4j.ClientServerConnection.waitForCommands(ClientServerConnection.java:182)
[2025-02-27T15:11:32.350+0000] {spark_submit.py:490} INFO - at py4j.ClientServerConnection.run(ClientServerConnection.java:106)
[2025-02-27T15:11:32.350+0000] {spark_submit.py:490} INFO - at java.base/java.lang.Thread.run(Thread.java:829)
[2025-02-27T15:11:32.350+0000] {spark_submit.py:490} INFO - 
[2025-02-27T15:11:32.365+0000] {spark_submit.py:490} INFO - 25/02/27 15:11:32 INFO SparkContext: Invoking stop() from shutdown hook
[2025-02-27T15:11:32.365+0000] {spark_submit.py:490} INFO - 25/02/27 15:11:32 INFO SparkContext: SparkContext is stopping with exitCode 0.
[2025-02-27T15:11:32.370+0000] {spark_submit.py:490} INFO - 25/02/27 15:11:32 INFO SparkUI: Stopped Spark web UI at http://8d4390e24c8f:4040
[2025-02-27T15:11:32.374+0000] {spark_submit.py:490} INFO - 25/02/27 15:11:32 INFO StandaloneSchedulerBackend: Shutting down all executors
[2025-02-27T15:11:32.376+0000] {spark_submit.py:490} INFO - 25/02/27 15:11:32 INFO StandaloneSchedulerBackend$StandaloneDriverEndpoint: Asking each executor to shut down
[2025-02-27T15:11:32.391+0000] {spark_submit.py:490} INFO - 25/02/27 15:11:32 INFO MapOutputTrackerMasterEndpoint: MapOutputTrackerMasterEndpoint stopped!
[2025-02-27T15:11:32.407+0000] {spark_submit.py:490} INFO - 25/02/27 15:11:32 INFO MemoryStore: MemoryStore cleared
[2025-02-27T15:11:32.407+0000] {spark_submit.py:490} INFO - 25/02/27 15:11:32 INFO BlockManager: BlockManager stopped
[2025-02-27T15:11:32.412+0000] {spark_submit.py:490} INFO - 25/02/27 15:11:32 INFO BlockManagerMaster: BlockManagerMaster stopped
[2025-02-27T15:11:32.414+0000] {spark_submit.py:490} INFO - 25/02/27 15:11:32 INFO OutputCommitCoordinator$OutputCommitCoordinatorEndpoint: OutputCommitCoordinator stopped!
[2025-02-27T15:11:32.433+0000] {spark_submit.py:490} INFO - 25/02/27 15:11:32 INFO SparkContext: Successfully stopped SparkContext
[2025-02-27T15:11:32.433+0000] {spark_submit.py:490} INFO - 25/02/27 15:11:32 INFO ShutdownHookManager: Shutdown hook called
[2025-02-27T15:11:32.434+0000] {spark_submit.py:490} INFO - 25/02/27 15:11:32 INFO ShutdownHookManager: Deleting directory /tmp/spark-37fceaad-92f5-4bb0-983a-797cb503401c
[2025-02-27T15:11:32.438+0000] {spark_submit.py:490} INFO - 25/02/27 15:11:32 INFO ShutdownHookManager: Deleting directory /tmp/spark-3105bc3a-9738-42b7-99ef-be17a67864cf
[2025-02-27T15:11:32.442+0000] {spark_submit.py:490} INFO - 25/02/27 15:11:32 INFO ShutdownHookManager: Deleting directory /tmp/spark-3105bc3a-9738-42b7-99ef-be17a67864cf/pyspark-893cc3f1-09eb-4862-861c-116bcc8e8a9d
[2025-02-27T15:11:32.477+0000] {taskinstance.py:1847} ERROR - Task failed with exception
Traceback (most recent call last):
  File "/home/airflow/.local/lib/python3.7/site-packages/airflow/providers/apache/spark/operators/spark_submit.py", line 157, in execute
    self._hook.submit(self._application)
  File "/home/airflow/.local/lib/python3.7/site-packages/airflow/providers/apache/spark/hooks/spark_submit.py", line 422, in submit
    f"Cannot execute: {self._mask_cmd(spark_submit_cmd)}. Error code is: {returncode}."
airflow.exceptions.AirflowException: Cannot execute: spark-submit --master spark-master:7077 --conf spark.master=spark://spark-master:7077 --conf spark.driver.extraClassPath=/opt/bitnami/spark/jars/postgresql-42.7.5.jar --conf spark.executor.extraClassPath=/opt/bitnami/spark/jars/postgresql-42.7.5.jar --conf spark.jars=/opt/bitnami/spark/jars/postgresql-42.7.5.jar --name spark_join --verbose /opt/***/dags/spark_join.py. Error code is: 1.
[2025-02-27T15:11:32.480+0000] {taskinstance.py:1373} INFO - Marking task as FAILED. dag_id=api_to_db_dag, task_id=spark_join_task, execution_date=20250227T151124, start_date=20250227T151128, end_date=20250227T151132
[2025-02-27T15:11:32.489+0000] {standard_task_runner.py:109} ERROR - Failed to execute job 10 for task spark_join_task (Cannot execute: spark-submit --master spark-master:7077 --conf spark.master=spark://spark-master:7077 --conf spark.driver.extraClassPath=/opt/bitnami/spark/jars/postgresql-42.7.5.jar --conf spark.executor.extraClassPath=/opt/bitnami/spark/jars/postgresql-42.7.5.jar --conf spark.jars=/opt/bitnami/spark/jars/postgresql-42.7.5.jar --name spark_join --verbose /opt/***/dags/spark_join.py. Error code is: 1.; 190)
[2025-02-27T15:11:32.495+0000] {local_task_job_runner.py:232} INFO - Task exited with return code 1
[2025-02-27T15:11:32.507+0000] {taskinstance.py:2674} INFO - 0 downstream tasks scheduled from follow-on schedule check
