[2025-03-02T19:16:31.415+0000] {taskinstance.py:1125} INFO - Dependencies all met for dep_context=non-requeueable deps ti=<TaskInstance: api_to_db_dag.combine_analyse_data scheduled__2025-03-02T19:00:00+00:00 [queued]>
[2025-03-02T19:16:31.420+0000] {taskinstance.py:1125} INFO - Dependencies all met for dep_context=requeueable deps ti=<TaskInstance: api_to_db_dag.combine_analyse_data scheduled__2025-03-02T19:00:00+00:00 [queued]>
[2025-03-02T19:16:31.421+0000] {taskinstance.py:1331} INFO - Starting attempt 1 of 2
[2025-03-02T19:16:31.428+0000] {taskinstance.py:1350} INFO - Executing <Task(PythonOperator): combine_analyse_data> on 2025-03-02 19:00:00+00:00
[2025-03-02T19:16:31.436+0000] {standard_task_runner.py:57} INFO - Started process 74877 to run task
[2025-03-02T19:16:31.436+0000] {clientserver.py:543} INFO - Closing down clientserver connection
[2025-03-02T19:16:31.441+0000] {standard_task_runner.py:84} INFO - Running: ['***', 'tasks', 'run', 'api_to_db_dag', 'combine_analyse_data', 'scheduled__2025-03-02T19:00:00+00:00', '--job-id', '187', '--raw', '--subdir', 'DAGS_FOLDER/dag.py', '--cfg-path', '/tmp/tmpenothku8']
[2025-03-02T19:16:31.442+0000] {standard_task_runner.py:85} INFO - Job 187: Subtask combine_analyse_data
[2025-03-02T19:16:31.473+0000] {task_command.py:410} INFO - Running <TaskInstance: api_to_db_dag.combine_analyse_data scheduled__2025-03-02T19:00:00+00:00 [running]> on host 3befbd719c1b
[2025-03-02T19:16:31.526+0000] {taskinstance.py:1570} INFO - Exporting env vars: AIRFLOW_CTX_DAG_OWNER='***' AIRFLOW_CTX_DAG_ID='api_to_db_dag' AIRFLOW_CTX_TASK_ID='combine_analyse_data' AIRFLOW_CTX_EXECUTION_DATE='2025-03-02T19:00:00+00:00' AIRFLOW_CTX_TRY_NUMBER='1' AIRFLOW_CTX_DAG_RUN_ID='scheduled__2025-03-02T19:00:00+00:00'
[2025-03-02T19:20:18.962+0000] {local_task_job_runner.py:299} WARNING - State of this instance has been externally set to None. Terminating instance.
[2025-03-02T19:20:18.973+0000] {process_utils.py:135} INFO - Sending Signals.SIGTERM to group 74877. PIDs of all processes in the group: [74877]
[2025-03-02T19:20:18.974+0000] {process_utils.py:86} INFO - Sending the signal Signals.SIGTERM to group 74877
[2025-03-02T19:20:18.977+0000] {taskinstance.py:1540} ERROR - Received SIGTERM. Terminating subprocesses.
[2025-03-02T19:20:19.034+0000] {taskinstance.py:1847} ERROR - Task failed with exception
Traceback (most recent call last):
  File "/home/airflow/.local/lib/python3.7/site-packages/airflow/operators/python.py", line 181, in execute
    return_value = self.execute_callable()
  File "/home/airflow/.local/lib/python3.7/site-packages/airflow/operators/python.py", line 198, in execute_callable
    return self.python_callable(*self.op_args, **self.op_kwargs)
  File "/opt/airflow/lib/data_combiner.py", line 57, in combine_data
    spark.stop()
  File "/home/airflow/.local/lib/python3.7/site-packages/pyspark/sql/session.py", line 1599, in stop
    self._sc.stop()
  File "/home/airflow/.local/lib/python3.7/site-packages/pyspark/context.py", line 663, in stop
    self._accumulatorServer.shutdown()
  File "/home/airflow/.local/lib/python3.7/site-packages/pyspark/accumulators.py", line 302, in shutdown
    SocketServer.TCPServer.shutdown(self)
  File "/usr/local/lib/python3.7/socketserver.py", line 252, in shutdown
    self.__is_shut_down.wait()
  File "/usr/local/lib/python3.7/threading.py", line 552, in wait
    signaled = self._cond.wait(timeout)
  File "/usr/local/lib/python3.7/threading.py", line 296, in wait
    waiter.acquire()
  File "/home/airflow/.local/lib/python3.7/site-packages/airflow/models/taskinstance.py", line 1542, in signal_handler
    raise AirflowException("Task received SIGTERM signal")
airflow.exceptions.AirflowException: Task received SIGTERM signal
[2025-03-02T19:20:19.047+0000] {taskinstance.py:1373} INFO - Marking task as UP_FOR_RETRY. dag_id=api_to_db_dag, task_id=combine_analyse_data, execution_date=20250302T190000, start_date=, end_date=20250302T192019
[2025-03-02T19:20:19.066+0000] {standard_task_runner.py:109} ERROR - Failed to execute job 187 for task combine_analyse_data ((psycopg2.errors.UniqueViolation) duplicate key value violates unique constraint "dag_run_dag_id_execution_date_key"
DETAIL:  Key (dag_id, execution_date)=(api_to_db_dag, 2025-03-02 19:00:00+00) already exists.

[SQL: INSERT INTO dag_run (id, dag_id, queued_at, execution_date, start_date, end_date, state, run_id, creating_job_id, external_trigger, run_type, conf, data_interval_start, data_interval_end, last_scheduling_decision, dag_hash, log_template_id, updated_at) VALUES (%(id)s, %(dag_id)s, %(queued_at)s, %(execution_date)s, %(start_date)s, %(end_date)s, %(state)s, %(run_id)s, %(creating_job_id)s, %(external_trigger)s, %(run_type)s, %(conf)s, %(data_interval_start)s, %(data_interval_end)s, %(last_scheduling_decision)s, %(dag_hash)s, %(log_template_id)s, %(updated_at)s)]
[parameters: {'id': 24, 'dag_id': 'api_to_db_dag', 'queued_at': datetime.datetime(2025, 3, 2, 19, 15, 0, 346442, tzinfo=Timezone('UTC')), 'execution_date': datetime.datetime(2025, 3, 2, 19, 0, tzinfo=Timezone('UTC')), 'start_date': datetime.datetime(2025, 3, 2, 19, 15, 0, 370180, tzinfo=Timezone('UTC')), 'end_date': None, 'state': 'running', 'run_id': 'scheduled__2025-03-02T19:00:00+00:00', 'creating_job_id': 84, 'external_trigger': False, 'run_type': 'scheduled', 'conf': <psycopg2.extensions.Binary object at 0xffff8a083420>, 'data_interval_start': datetime.datetime(2025, 3, 2, 19, 0, tzinfo=Timezone('UTC')), 'data_interval_end': datetime.datetime(2025, 3, 2, 19, 15, tzinfo=Timezone('UTC')), 'last_scheduling_decision': datetime.datetime(2025, 3, 2, 19, 16, 31, 27621, tzinfo=Timezone('UTC')), 'dag_hash': '5eb899cfd55ccffee6dbd8ea075f1687', 'log_template_id': 4, 'updated_at': datetime.datetime(2025, 3, 2, 19, 16, 31, 38914, tzinfo=Timezone('UTC'))}]
(Background on this error at: https://sqlalche.me/e/14/gkpj); 74877)
[2025-03-02T19:20:19.116+0000] {process_utils.py:79} INFO - Process psutil.Process(pid=74877, status='terminated', exitcode=1, started='19:16:30') (74877) terminated with exit code 1
[2025-03-02T19:27:20.782+0000] {taskinstance.py:1125} INFO - Dependencies all met for dep_context=non-requeueable deps ti=<TaskInstance: api_to_db_dag.combine_analyse_data scheduled__2025-03-02T19:00:00+00:00 [queued]>
[2025-03-02T19:27:20.787+0000] {taskinstance.py:1125} INFO - Dependencies all met for dep_context=requeueable deps ti=<TaskInstance: api_to_db_dag.combine_analyse_data scheduled__2025-03-02T19:00:00+00:00 [queued]>
[2025-03-02T19:27:20.788+0000] {taskinstance.py:1331} INFO - Starting attempt 1 of 2
[2025-03-02T19:27:20.795+0000] {taskinstance.py:1350} INFO - Executing <Task(PythonOperator): combine_analyse_data> on 2025-03-02 19:00:00+00:00
[2025-03-02T19:27:20.800+0000] {standard_task_runner.py:57} INFO - Started process 85484 to run task
[2025-03-02T19:27:20.803+0000] {standard_task_runner.py:84} INFO - Running: ['***', 'tasks', 'run', 'api_to_db_dag', 'combine_analyse_data', 'scheduled__2025-03-02T19:00:00+00:00', '--job-id', '208', '--raw', '--subdir', 'DAGS_FOLDER/dag.py', '--cfg-path', '/tmp/tmp3xn1x6tr']
[2025-03-02T19:27:20.805+0000] {standard_task_runner.py:85} INFO - Job 208: Subtask combine_analyse_data
[2025-03-02T19:27:20.843+0000] {task_command.py:410} INFO - Running <TaskInstance: api_to_db_dag.combine_analyse_data scheduled__2025-03-02T19:00:00+00:00 [running]> on host 3befbd719c1b
[2025-03-02T19:27:20.916+0000] {taskinstance.py:1570} INFO - Exporting env vars: AIRFLOW_CTX_DAG_OWNER='***' AIRFLOW_CTX_DAG_ID='api_to_db_dag' AIRFLOW_CTX_TASK_ID='combine_analyse_data' AIRFLOW_CTX_EXECUTION_DATE='2025-03-02T19:00:00+00:00' AIRFLOW_CTX_TRY_NUMBER='1' AIRFLOW_CTX_DAG_RUN_ID='scheduled__2025-03-02T19:00:00+00:00'
[2025-03-02T19:27:23.257+0000] {logging_mixin.py:149} WARNING - /home/***/.local/lib/python3.7/site-packages/pyspark/context.py:317 FutureWarning: Python 3.7 support is deprecated in Spark 3.4.
[2025-03-02T19:27:28.260+0000] {python.py:183} INFO - Done. Returned value was: None
[2025-03-02T19:27:28.273+0000] {taskinstance.py:1373} INFO - Marking task as SUCCESS. dag_id=api_to_db_dag, task_id=combine_analyse_data, execution_date=20250302T190000, start_date=20250302T192720, end_date=20250302T192728
[2025-03-02T19:27:28.308+0000] {local_task_job_runner.py:232} INFO - Task exited with return code 0
[2025-03-02T19:27:28.332+0000] {taskinstance.py:2674} INFO - 1 downstream tasks scheduled from follow-on schedule check
