[2025-03-01T22:45:01.564+0000] {taskinstance.py:1125} INFO - Dependencies all met for dep_context=non-requeueable deps ti=<TaskInstance: api_to_db_dag.get_velib_data scheduled__2025-03-01T22:30:00+00:00 [queued]>
[2025-03-01T22:45:01.573+0000] {taskinstance.py:1125} INFO - Dependencies all met for dep_context=requeueable deps ti=<TaskInstance: api_to_db_dag.get_velib_data scheduled__2025-03-01T22:30:00+00:00 [queued]>
[2025-03-01T22:45:01.573+0000] {taskinstance.py:1331} INFO - Starting attempt 1 of 2
[2025-03-01T22:45:01.585+0000] {taskinstance.py:1350} INFO - Executing <Task(SimpleHttpOperator): get_velib_data> on 2025-03-01 22:30:00+00:00
[2025-03-01T22:45:01.590+0000] {standard_task_runner.py:57} INFO - Started process 18997 to run task
[2025-03-01T22:45:01.593+0000] {standard_task_runner.py:84} INFO - Running: ['***', 'tasks', 'run', 'api_to_db_dag', 'get_velib_data', 'scheduled__2025-03-01T22:30:00+00:00', '--job-id', '488', '--raw', '--subdir', 'DAGS_FOLDER/dag.py', '--cfg-path', '/tmp/tmph2v1n4px']
[2025-03-01T22:45:01.595+0000] {standard_task_runner.py:85} INFO - Job 488: Subtask get_velib_data
[2025-03-01T22:45:01.640+0000] {task_command.py:410} INFO - Running <TaskInstance: api_to_db_dag.get_velib_data scheduled__2025-03-01T22:30:00+00:00 [running]> on host 7d0564f8eb8b
[2025-03-01T22:45:01.698+0000] {taskinstance.py:1570} INFO - Exporting env vars: AIRFLOW_CTX_DAG_OWNER='***' AIRFLOW_CTX_DAG_ID='api_to_db_dag' AIRFLOW_CTX_TASK_ID='get_velib_data' AIRFLOW_CTX_EXECUTION_DATE='2025-03-01T22:30:00+00:00' AIRFLOW_CTX_TRY_NUMBER='1' AIRFLOW_CTX_DAG_RUN_ID='scheduled__2025-03-01T22:30:00+00:00'
[2025-03-01T22:45:01.698+0000] {http.py:123} INFO - Calling HTTP method
[2025-03-01T22:45:01.703+0000] {base.py:73} INFO - Using connection ID 'velib_api_connection' for task execution.
[2025-03-01T22:45:01.894+0000] {taskinstance.py:1373} INFO - Marking task as SUCCESS. dag_id=api_to_db_dag, task_id=get_velib_data, execution_date=20250301T223000, start_date=20250301T224501, end_date=20250301T224501
[2025-03-01T22:45:01.938+0000] {local_task_job_runner.py:232} INFO - Task exited with return code 0
[2025-03-01T22:45:01.962+0000] {taskinstance.py:2674} INFO - 1 downstream tasks scheduled from follow-on schedule check
[2025-03-01T22:47:38.186+0000] {taskinstance.py:1125} INFO - Dependencies all met for dep_context=non-requeueable deps ti=<TaskInstance: api_to_db_dag.get_velib_data scheduled__2025-03-01T22:30:00+00:00 [queued]>
[2025-03-01T22:47:38.192+0000] {taskinstance.py:1125} INFO - Dependencies all met for dep_context=requeueable deps ti=<TaskInstance: api_to_db_dag.get_velib_data scheduled__2025-03-01T22:30:00+00:00 [queued]>
[2025-03-01T22:47:38.192+0000] {taskinstance.py:1331} INFO - Starting attempt 1 of 2
[2025-03-01T22:47:38.200+0000] {taskinstance.py:1350} INFO - Executing <Task(SimpleHttpOperator): get_velib_data> on 2025-03-01 22:30:00+00:00
[2025-03-01T22:47:38.206+0000] {standard_task_runner.py:57} INFO - Started process 21490 to run task
[2025-03-01T22:47:38.207+0000] {standard_task_runner.py:84} INFO - Running: ['***', 'tasks', 'run', 'api_to_db_dag', 'get_velib_data', 'scheduled__2025-03-01T22:30:00+00:00', '--job-id', '503', '--raw', '--subdir', 'DAGS_FOLDER/dag.py', '--cfg-path', '/tmp/tmp3yqp3yc5']
[2025-03-01T22:47:38.208+0000] {standard_task_runner.py:85} INFO - Job 503: Subtask get_velib_data
[2025-03-01T22:47:38.239+0000] {task_command.py:410} INFO - Running <TaskInstance: api_to_db_dag.get_velib_data scheduled__2025-03-01T22:30:00+00:00 [running]> on host 7d0564f8eb8b
[2025-03-01T22:47:38.293+0000] {taskinstance.py:1570} INFO - Exporting env vars: AIRFLOW_CTX_DAG_OWNER='***' AIRFLOW_CTX_DAG_ID='api_to_db_dag' AIRFLOW_CTX_TASK_ID='get_velib_data' AIRFLOW_CTX_EXECUTION_DATE='2025-03-01T22:30:00+00:00' AIRFLOW_CTX_TRY_NUMBER='1' AIRFLOW_CTX_DAG_RUN_ID='scheduled__2025-03-01T22:30:00+00:00'
[2025-03-01T22:47:38.294+0000] {http.py:123} INFO - Calling HTTP method
[2025-03-01T22:47:38.300+0000] {base.py:73} INFO - Using connection ID 'velib_api_connection' for task execution.
[2025-03-01T22:47:38.521+0000] {taskinstance.py:1373} INFO - Marking task as SUCCESS. dag_id=api_to_db_dag, task_id=get_velib_data, execution_date=20250301T223000, start_date=20250301T224738, end_date=20250301T224738
[2025-03-01T22:47:38.552+0000] {local_task_job_runner.py:232} INFO - Task exited with return code 0
[2025-03-01T22:47:38.569+0000] {taskinstance.py:2674} INFO - 1 downstream tasks scheduled from follow-on schedule check
