[2025-02-27T15:59:41.577+0000] {taskinstance.py:1125} INFO - Dependencies all met for dep_context=non-requeueable deps ti=<TaskInstance: api_to_db_dag.spark_join_task manual__2025-02-27T15:59:38.113922+00:00 [queued]>
[2025-02-27T15:59:41.582+0000] {taskinstance.py:1125} INFO - Dependencies all met for dep_context=requeueable deps ti=<TaskInstance: api_to_db_dag.spark_join_task manual__2025-02-27T15:59:38.113922+00:00 [queued]>
[2025-02-27T15:59:41.582+0000] {taskinstance.py:1331} INFO - Starting attempt 1 of 1
[2025-02-27T15:59:41.588+0000] {taskinstance.py:1350} INFO - Executing <Task(SparkSubmitOperator): spark_join_task> on 2025-02-27 15:59:38.113922+00:00
[2025-02-27T15:59:41.591+0000] {standard_task_runner.py:57} INFO - Started process 605 to run task
[2025-02-27T15:59:41.593+0000] {standard_task_runner.py:84} INFO - Running: ['***', 'tasks', 'run', 'api_to_db_dag', 'spark_join_task', 'manual__2025-02-27T15:59:38.113922+00:00', '--job-id', '24', '--raw', '--subdir', 'DAGS_FOLDER/dag.py', '--cfg-path', '/tmp/tmpr8emo4_a']
[2025-02-27T15:59:41.594+0000] {standard_task_runner.py:85} INFO - Job 24: Subtask spark_join_task
[2025-02-27T15:59:41.621+0000] {task_command.py:410} INFO - Running <TaskInstance: api_to_db_dag.spark_join_task manual__2025-02-27T15:59:38.113922+00:00 [running]> on host f5aed095ee09
[2025-02-27T15:59:41.677+0000] {taskinstance.py:1570} INFO - Exporting env vars: AIRFLOW_CTX_DAG_OWNER='***' AIRFLOW_CTX_DAG_ID='api_to_db_dag' AIRFLOW_CTX_TASK_ID='spark_join_task' AIRFLOW_CTX_EXECUTION_DATE='2025-02-27T15:59:38.113922+00:00' AIRFLOW_CTX_TRY_NUMBER='1' AIRFLOW_CTX_DAG_RUN_ID='manual__2025-02-27T15:59:38.113922+00:00'
[2025-02-27T15:59:41.681+0000] {base.py:73} INFO - Using connection ID 'spark_default' for task execution.
[2025-02-27T15:59:41.682+0000] {spark_submit.py:339} INFO - Spark-Submit cmd: spark-submit --master spark-master:7077 --conf spark.master=spark://spark-master:7077 --conf spark.driver.extraClassPath=/opt/bitnami/spark/jars/postgresql-42.7.5.jar --conf spark.executor.extraClassPath=/opt/bitnami/spark/jars/postgresql-42.7.5.jar --conf spark.jars=/opt/bitnami/spark/jars/postgresql-42.7.5.jar --name spark_join --verbose /opt/***/dags/spark_join.py
[2025-02-27T15:59:42.608+0000] {spark_submit.py:490} INFO - Using properties file: null
[2025-02-27T15:59:42.660+0000] {spark_submit.py:490} INFO - Parsed arguments:
[2025-02-27T15:59:42.660+0000] {spark_submit.py:490} INFO - master                  spark-master:7077
[2025-02-27T15:59:42.662+0000] {spark_submit.py:490} INFO - remote                  null
[2025-02-27T15:59:42.663+0000] {spark_submit.py:490} INFO - deployMode              null
[2025-02-27T15:59:42.663+0000] {spark_submit.py:490} INFO - executorMemory          null
[2025-02-27T15:59:42.663+0000] {spark_submit.py:490} INFO - executorCores           null
[2025-02-27T15:59:42.663+0000] {spark_submit.py:490} INFO - totalExecutorCores      null
[2025-02-27T15:59:42.663+0000] {spark_submit.py:490} INFO - propertiesFile          null
[2025-02-27T15:59:42.663+0000] {spark_submit.py:490} INFO - driverMemory            null
[2025-02-27T15:59:42.663+0000] {spark_submit.py:490} INFO - driverCores             null
[2025-02-27T15:59:42.663+0000] {spark_submit.py:490} INFO - driverExtraClassPath    /opt/bitnami/spark/jars/postgresql-42.7.5.jar
[2025-02-27T15:59:42.663+0000] {spark_submit.py:490} INFO - driverExtraLibraryPath  null
[2025-02-27T15:59:42.664+0000] {spark_submit.py:490} INFO - driverExtraJavaOptions  null
[2025-02-27T15:59:42.664+0000] {spark_submit.py:490} INFO - supervise               false
[2025-02-27T15:59:42.664+0000] {spark_submit.py:490} INFO - queue                   null
[2025-02-27T15:59:42.664+0000] {spark_submit.py:490} INFO - numExecutors            null
[2025-02-27T15:59:42.664+0000] {spark_submit.py:490} INFO - files                   null
[2025-02-27T15:59:42.664+0000] {spark_submit.py:490} INFO - pyFiles                 null
[2025-02-27T15:59:42.664+0000] {spark_submit.py:490} INFO - archives                null
[2025-02-27T15:59:42.664+0000] {spark_submit.py:490} INFO - mainClass               null
[2025-02-27T15:59:42.665+0000] {spark_submit.py:490} INFO - primaryResource         file:/opt/***/dags/spark_join.py
[2025-02-27T15:59:42.665+0000] {spark_submit.py:490} INFO - name                    spark_join
[2025-02-27T15:59:42.665+0000] {spark_submit.py:490} INFO - childArgs               []
[2025-02-27T15:59:42.665+0000] {spark_submit.py:490} INFO - jars                    /opt/bitnami/spark/jars/postgresql-42.7.5.jar
[2025-02-27T15:59:42.665+0000] {spark_submit.py:490} INFO - packages                null
[2025-02-27T15:59:42.665+0000] {spark_submit.py:490} INFO - packagesExclusions      null
[2025-02-27T15:59:42.666+0000] {spark_submit.py:490} INFO - repositories            null
[2025-02-27T15:59:42.666+0000] {spark_submit.py:490} INFO - verbose                 true
[2025-02-27T15:59:42.666+0000] {spark_submit.py:490} INFO - 
[2025-02-27T15:59:42.666+0000] {spark_submit.py:490} INFO - Spark properties used, including those specified through
[2025-02-27T15:59:42.666+0000] {spark_submit.py:490} INFO - --conf and those from the properties file null:
[2025-02-27T15:59:42.666+0000] {spark_submit.py:490} INFO - (spark.driver.extraClassPath,/opt/bitnami/spark/jars/postgresql-42.7.5.jar)
[2025-02-27T15:59:42.666+0000] {spark_submit.py:490} INFO - (spark.executor.extraClassPath,/opt/bitnami/spark/jars/postgresql-42.7.5.jar)
[2025-02-27T15:59:42.667+0000] {spark_submit.py:490} INFO - (spark.jars,/opt/bitnami/spark/jars/postgresql-42.7.5.jar)
[2025-02-27T15:59:42.667+0000] {spark_submit.py:490} INFO - (spark.master,spark://spark-master:7077)
[2025-02-27T15:59:42.667+0000] {spark_submit.py:490} INFO - 
[2025-02-27T15:59:42.667+0000] {spark_submit.py:490} INFO - 
[2025-02-27T15:59:42.845+0000] {spark_submit.py:490} INFO - 25/02/27 15:59:42 WARN NativeCodeLoader: Unable to load native-hadoop library for your platform... using builtin-java classes where applicable
[2025-02-27T15:59:42.939+0000] {spark_submit.py:490} INFO - Main class:
[2025-02-27T15:59:42.939+0000] {spark_submit.py:490} INFO - org.apache.spark.deploy.PythonRunner
[2025-02-27T15:59:42.939+0000] {spark_submit.py:490} INFO - Arguments:
[2025-02-27T15:59:42.939+0000] {spark_submit.py:490} INFO - file:/opt/***/dags/spark_join.py
[2025-02-27T15:59:42.939+0000] {spark_submit.py:490} INFO - null
[2025-02-27T15:59:42.940+0000] {spark_submit.py:490} INFO - Spark config:
[2025-02-27T15:59:42.940+0000] {spark_submit.py:490} INFO - (spark.app.name,spark_join)
[2025-02-27T15:59:42.940+0000] {spark_submit.py:490} INFO - (spark.app.submitTime,1740671982930)
[2025-02-27T15:59:42.940+0000] {spark_submit.py:490} INFO - (spark.driver.extraClassPath,/opt/bitnami/spark/jars/postgresql-42.7.5.jar)
[2025-02-27T15:59:42.941+0000] {spark_submit.py:490} INFO - (spark.executor.extraClassPath,/opt/bitnami/spark/jars/postgresql-42.7.5.jar)
[2025-02-27T15:59:42.941+0000] {spark_submit.py:490} INFO - (spark.jars,file:///opt/bitnami/spark/jars/postgresql-42.7.5.jar)
[2025-02-27T15:59:42.941+0000] {spark_submit.py:490} INFO - (spark.master,spark-master:7077)
[2025-02-27T15:59:42.941+0000] {spark_submit.py:490} INFO - (spark.repl.local.jars,file:///opt/bitnami/spark/jars/postgresql-42.7.5.jar)
[2025-02-27T15:59:42.941+0000] {spark_submit.py:490} INFO - (spark.submit.deployMode,client)
[2025-02-27T15:59:42.941+0000] {spark_submit.py:490} INFO - (spark.submit.pyFiles,)
[2025-02-27T15:59:42.941+0000] {spark_submit.py:490} INFO - Classpath elements:
[2025-02-27T15:59:42.942+0000] {spark_submit.py:490} INFO - file:///opt/bitnami/spark/jars/postgresql-42.7.5.jar
[2025-02-27T15:59:42.942+0000] {spark_submit.py:490} INFO - 
[2025-02-27T15:59:42.942+0000] {spark_submit.py:490} INFO - 
[2025-02-27T15:59:43.415+0000] {spark_submit.py:490} INFO - 25/02/27 15:59:43 INFO SparkContext: Running Spark version 3.4.4
[2025-02-27T15:59:43.430+0000] {spark_submit.py:490} INFO - 25/02/27 15:59:43 INFO ResourceUtils: ==============================================================
[2025-02-27T15:59:43.430+0000] {spark_submit.py:490} INFO - 25/02/27 15:59:43 INFO ResourceUtils: No custom resources configured for spark.driver.
[2025-02-27T15:59:43.430+0000] {spark_submit.py:490} INFO - 25/02/27 15:59:43 INFO ResourceUtils: ==============================================================
[2025-02-27T15:59:43.430+0000] {spark_submit.py:490} INFO - 25/02/27 15:59:43 INFO SparkContext: Submitted application: JoinVelibTables
[2025-02-27T15:59:43.441+0000] {spark_submit.py:490} INFO - 25/02/27 15:59:43 INFO ResourceProfile: Default ResourceProfile created, executor resources: Map(memory -> name: memory, amount: 1024, script: , vendor: , offHeap -> name: offHeap, amount: 0, script: , vendor: ), task resources: Map(cpus -> name: cpus, amount: 1.0)
[2025-02-27T15:59:43.447+0000] {spark_submit.py:490} INFO - 25/02/27 15:59:43 INFO ResourceProfile: Limiting resource is cpu
[2025-02-27T15:59:43.448+0000] {spark_submit.py:490} INFO - 25/02/27 15:59:43 INFO ResourceProfileManager: Added ResourceProfile id: 0
[2025-02-27T15:59:43.486+0000] {spark_submit.py:490} INFO - 25/02/27 15:59:43 INFO SecurityManager: Changing view acls to: ***
[2025-02-27T15:59:43.486+0000] {spark_submit.py:490} INFO - 25/02/27 15:59:43 INFO SecurityManager: Changing modify acls to: ***
[2025-02-27T15:59:43.487+0000] {spark_submit.py:490} INFO - 25/02/27 15:59:43 INFO SecurityManager: Changing view acls groups to:
[2025-02-27T15:59:43.487+0000] {spark_submit.py:490} INFO - 25/02/27 15:59:43 INFO SecurityManager: Changing modify acls groups to:
[2025-02-27T15:59:43.487+0000] {spark_submit.py:490} INFO - 25/02/27 15:59:43 INFO SecurityManager: SecurityManager: authentication disabled; ui acls disabled; users with view permissions: ***; groups with view permissions: EMPTY; users with modify permissions: ***; groups with modify permissions: EMPTY
[2025-02-27T15:59:43.610+0000] {spark_submit.py:490} INFO - 25/02/27 15:59:43 INFO Utils: Successfully started service 'sparkDriver' on port 34159.
[2025-02-27T15:59:43.626+0000] {spark_submit.py:490} INFO - 25/02/27 15:59:43 INFO SparkEnv: Registering MapOutputTracker
[2025-02-27T15:59:43.645+0000] {spark_submit.py:490} INFO - 25/02/27 15:59:43 INFO SparkEnv: Registering BlockManagerMaster
[2025-02-27T15:59:43.656+0000] {spark_submit.py:490} INFO - 25/02/27 15:59:43 INFO BlockManagerMasterEndpoint: Using org.apache.spark.storage.DefaultTopologyMapper for getting topology information
[2025-02-27T15:59:43.656+0000] {spark_submit.py:490} INFO - 25/02/27 15:59:43 INFO BlockManagerMasterEndpoint: BlockManagerMasterEndpoint up
[2025-02-27T15:59:43.659+0000] {spark_submit.py:490} INFO - 25/02/27 15:59:43 INFO SparkEnv: Registering BlockManagerMasterHeartbeat
[2025-02-27T15:59:43.672+0000] {spark_submit.py:490} INFO - 25/02/27 15:59:43 INFO DiskBlockManager: Created local directory at /tmp/blockmgr-16387316-7828-4049-ae9b-0bb5f357f884
[2025-02-27T15:59:43.681+0000] {spark_submit.py:490} INFO - 25/02/27 15:59:43 INFO MemoryStore: MemoryStore started with capacity 434.4 MiB
[2025-02-27T15:59:43.689+0000] {spark_submit.py:490} INFO - 25/02/27 15:59:43 INFO SparkEnv: Registering OutputCommitCoordinator
[2025-02-27T15:59:43.759+0000] {spark_submit.py:490} INFO - 25/02/27 15:59:43 INFO JettyUtils: Start Jetty 0.0.0.0:4040 for SparkUI
[2025-02-27T15:59:43.814+0000] {spark_submit.py:490} INFO - 25/02/27 15:59:43 INFO Utils: Successfully started service 'SparkUI' on port 4040.
[2025-02-27T15:59:43.834+0000] {spark_submit.py:490} INFO - 25/02/27 15:59:43 INFO SparkContext: Added JAR file:///opt/bitnami/spark/jars/postgresql-42.7.5.jar at spark://f5aed095ee09:34159/jars/postgresql-42.7.5.jar with timestamp 1740671983409
[2025-02-27T15:59:43.882+0000] {spark_submit.py:490} INFO - 25/02/27 15:59:43 INFO StandaloneAppClient$ClientEndpoint: Connecting to master spark://spark-master:7077...
[2025-02-27T15:59:43.911+0000] {spark_submit.py:490} INFO - 25/02/27 15:59:43 INFO TransportClientFactory: Successfully created connection to spark-master/172.18.0.2:7077 after 17 ms (0 ms spent in bootstraps)
[2025-02-27T15:59:44.032+0000] {spark_submit.py:490} INFO - 25/02/27 15:59:44 INFO StandaloneSchedulerBackend: Connected to Spark cluster with app ID app-20250227155943-0002
[2025-02-27T15:59:44.033+0000] {spark_submit.py:490} INFO - 25/02/27 15:59:44 INFO StandaloneAppClient$ClientEndpoint: Executor added: app-20250227155943-0002/0 on worker-20250227155204-172.18.0.5-46129 (172.18.0.5:46129) with 8 core(s)
[2025-02-27T15:59:44.035+0000] {spark_submit.py:490} INFO - 25/02/27 15:59:44 INFO StandaloneSchedulerBackend: Granted executor ID app-20250227155943-0002/0 on hostPort 172.18.0.5:46129 with 8 core(s), 1024.0 MiB RAM
[2025-02-27T15:59:44.039+0000] {spark_submit.py:490} INFO - 25/02/27 15:59:44 INFO Utils: Successfully started service 'org.apache.spark.network.netty.NettyBlockTransferService' on port 46639.
[2025-02-27T15:59:44.039+0000] {spark_submit.py:490} INFO - 25/02/27 15:59:44 INFO NettyBlockTransferService: Server created on f5aed095ee09:46639
[2025-02-27T15:59:44.041+0000] {spark_submit.py:490} INFO - 25/02/27 15:59:44 INFO BlockManager: Using org.apache.spark.storage.RandomBlockReplicationPolicy for block replication policy
[2025-02-27T15:59:44.046+0000] {spark_submit.py:490} INFO - 25/02/27 15:59:44 INFO BlockManagerMaster: Registering BlockManager BlockManagerId(driver, f5aed095ee09, 46639, None)
[2025-02-27T15:59:44.048+0000] {spark_submit.py:490} INFO - 25/02/27 15:59:44 INFO BlockManagerMasterEndpoint: Registering block manager f5aed095ee09:46639 with 434.4 MiB RAM, BlockManagerId(driver, f5aed095ee09, 46639, None)
[2025-02-27T15:59:44.050+0000] {spark_submit.py:490} INFO - 25/02/27 15:59:44 INFO BlockManagerMaster: Registered BlockManager BlockManagerId(driver, f5aed095ee09, 46639, None)
[2025-02-27T15:59:44.051+0000] {spark_submit.py:490} INFO - 25/02/27 15:59:44 INFO BlockManager: Initialized BlockManager: BlockManagerId(driver, f5aed095ee09, 46639, None)
[2025-02-27T15:59:44.113+0000] {spark_submit.py:490} INFO - 25/02/27 15:59:44 INFO StandaloneAppClient$ClientEndpoint: Executor updated: app-20250227155943-0002/0 is now RUNNING
[2025-02-27T15:59:44.218+0000] {spark_submit.py:490} INFO - 25/02/27 15:59:44 INFO StandaloneSchedulerBackend: SchedulerBackend is ready for scheduling beginning after reached minRegisteredResourcesRatio: 0.0
[2025-02-27T15:59:44.240+0000] {spark_submit.py:490} INFO - /home/***/.local/lib/python3.7/site-packages/pyspark/python/lib/pyspark.zip/pyspark/context.py:317: FutureWarning: Python 3.7 support is deprecated in Spark 3.4.
[2025-02-27T15:59:44.241+0000] {spark_submit.py:490} INFO - warnings.warn("Python 3.7 support is deprecated in Spark 3.4.", FutureWarning)
[2025-02-27T15:59:44.346+0000] {spark_submit.py:490} INFO - 25/02/27 15:59:44 INFO SharedState: Setting hive.metastore.warehouse.dir ('null') to the value of spark.sql.warehouse.dir.
[2025-02-27T15:59:44.347+0000] {spark_submit.py:490} INFO - 25/02/27 15:59:44 INFO SharedState: Warehouse path is 'file:/opt/***/spark-warehouse'.
[2025-02-27T15:59:45.917+0000] {spark_submit.py:490} INFO - 25/02/27 15:59:45 INFO StandaloneSchedulerBackend$StandaloneDriverEndpoint: Registered executor NettyRpcEndpointRef(spark-client://Executor) (172.18.0.5:51196) with ID 0,  ResourceProfileId 0
[2025-02-27T15:59:45.964+0000] {spark_submit.py:490} INFO - 25/02/27 15:59:45 INFO BlockManagerMasterEndpoint: Registering block manager 172.18.0.5:35447 with 434.4 MiB RAM, BlockManagerId(0, 172.18.0.5, 35447, None)
[2025-02-27T15:59:46.866+0000] {spark_submit.py:490} INFO - 25/02/27 15:59:46 INFO SparkContext: SparkContext is stopping with exitCode 0.
[2025-02-27T15:59:46.874+0000] {spark_submit.py:490} INFO - 25/02/27 15:59:46 INFO SparkUI: Stopped Spark web UI at http://f5aed095ee09:4040
[2025-02-27T15:59:46.876+0000] {spark_submit.py:490} INFO - 25/02/27 15:59:46 INFO StandaloneSchedulerBackend: Shutting down all executors
[2025-02-27T15:59:46.877+0000] {spark_submit.py:490} INFO - 25/02/27 15:59:46 INFO StandaloneSchedulerBackend$StandaloneDriverEndpoint: Asking each executor to shut down
[2025-02-27T15:59:46.894+0000] {spark_submit.py:490} INFO - 25/02/27 15:59:46 INFO MapOutputTrackerMasterEndpoint: MapOutputTrackerMasterEndpoint stopped!
[2025-02-27T15:59:46.919+0000] {spark_submit.py:490} INFO - 25/02/27 15:59:46 INFO MemoryStore: MemoryStore cleared
[2025-02-27T15:59:46.920+0000] {spark_submit.py:490} INFO - 25/02/27 15:59:46 INFO BlockManager: BlockManager stopped
[2025-02-27T15:59:46.925+0000] {spark_submit.py:490} INFO - 25/02/27 15:59:46 INFO BlockManagerMaster: BlockManagerMaster stopped
[2025-02-27T15:59:46.927+0000] {spark_submit.py:490} INFO - 25/02/27 15:59:46 INFO OutputCommitCoordinator$OutputCommitCoordinatorEndpoint: OutputCommitCoordinator stopped!
[2025-02-27T15:59:46.938+0000] {spark_submit.py:490} INFO - 25/02/27 15:59:46 INFO SparkContext: Successfully stopped SparkContext
[2025-02-27T15:59:47.282+0000] {spark_submit.py:490} INFO - 25/02/27 15:59:47 INFO ShutdownHookManager: Shutdown hook called
[2025-02-27T15:59:47.283+0000] {spark_submit.py:490} INFO - 25/02/27 15:59:47 INFO ShutdownHookManager: Deleting directory /tmp/spark-ec5a55aa-22d8-4d0a-bf0b-45389cc56e9a
[2025-02-27T15:59:47.286+0000] {spark_submit.py:490} INFO - 25/02/27 15:59:47 INFO ShutdownHookManager: Deleting directory /tmp/spark-69a43f27-c800-4c4e-b720-f151d23471c2/pyspark-296d4f5b-abe4-4e06-877d-ee0d8f07c7a5
[2025-02-27T15:59:47.289+0000] {spark_submit.py:490} INFO - 25/02/27 15:59:47 INFO ShutdownHookManager: Deleting directory /tmp/spark-69a43f27-c800-4c4e-b720-f151d23471c2
[2025-02-27T15:59:47.335+0000] {taskinstance.py:1373} INFO - Marking task as SUCCESS. dag_id=api_to_db_dag, task_id=spark_join_task, execution_date=20250227T155938, start_date=20250227T155941, end_date=20250227T155947
[2025-02-27T15:59:47.355+0000] {local_task_job_runner.py:232} INFO - Task exited with return code 0
[2025-02-27T15:59:47.368+0000] {taskinstance.py:2674} INFO - 0 downstream tasks scheduled from follow-on schedule check
