[2025-02-26T17:28:32.540+0000] {taskinstance.py:1087} INFO - Dependencies all met for <TaskInstance: api_to_db_dag.get_velib_data manual__2025-02-26T17:28:30.555826+00:00 [queued]>
[2025-02-26T17:28:32.545+0000] {taskinstance.py:1087} INFO - Dependencies all met for <TaskInstance: api_to_db_dag.get_velib_data manual__2025-02-26T17:28:30.555826+00:00 [queued]>
[2025-02-26T17:28:32.545+0000] {taskinstance.py:1283} INFO - 
--------------------------------------------------------------------------------
[2025-02-26T17:28:32.545+0000] {taskinstance.py:1284} INFO - Starting attempt 1 of 1
[2025-02-26T17:28:32.545+0000] {taskinstance.py:1285} INFO - 
--------------------------------------------------------------------------------
[2025-02-26T17:28:32.552+0000] {taskinstance.py:1304} INFO - Executing <Task(SimpleHttpOperator): get_velib_data> on 2025-02-26 17:28:30.555826+00:00
[2025-02-26T17:28:32.555+0000] {standard_task_runner.py:55} INFO - Started process 188 to run task
[2025-02-26T17:28:32.557+0000] {standard_task_runner.py:82} INFO - Running: ['***', 'tasks', 'run', 'api_to_db_dag', 'get_velib_data', 'manual__2025-02-26T17:28:30.555826+00:00', '--job-id', '6', '--raw', '--subdir', 'DAGS_FOLDER/dag.py', '--cfg-path', '/tmp/tmp3rofivlc']
[2025-02-26T17:28:32.559+0000] {standard_task_runner.py:83} INFO - Job 6: Subtask get_velib_data
[2025-02-26T17:28:32.588+0000] {task_command.py:389} INFO - Running <TaskInstance: api_to_db_dag.get_velib_data manual__2025-02-26T17:28:30.555826+00:00 [running]> on host da5f2e293ce7
[2025-02-26T17:28:32.623+0000] {taskinstance.py:1513} INFO - Exporting the following env vars:
AIRFLOW_CTX_DAG_OWNER=***
AIRFLOW_CTX_DAG_ID=api_to_db_dag
AIRFLOW_CTX_TASK_ID=get_velib_data
AIRFLOW_CTX_EXECUTION_DATE=2025-02-26T17:28:30.555826+00:00
AIRFLOW_CTX_TRY_NUMBER=1
AIRFLOW_CTX_DAG_RUN_ID=manual__2025-02-26T17:28:30.555826+00:00
[2025-02-26T17:28:32.624+0000] {http.py:123} INFO - Calling HTTP method
[2025-02-26T17:28:32.628+0000] {base.py:73} INFO - Using connection ID 'velib_api_connection' for task execution.
[2025-02-26T17:28:32.629+0000] {http.py:150} INFO - Sending 'GET' to url: https://velib-metropole-opendata.smovengo.cloud/opendata/Velib_Metropole/station_status.json
[2025-02-26T17:28:32.836+0000] {taskinstance.py:1327} INFO - Marking task as SUCCESS. dag_id=api_to_db_dag, task_id=get_velib_data, execution_date=20250226T172830, start_date=20250226T172832, end_date=20250226T172832
[2025-02-26T17:28:32.867+0000] {local_task_job.py:159} INFO - Task exited with return code 0
[2025-02-26T17:28:32.882+0000] {taskinstance.py:2582} INFO - 1 downstream tasks scheduled from follow-on schedule check
