[2025-02-27T15:18:20.106+0000] {taskinstance.py:1125} INFO - Dependencies all met for dep_context=non-requeueable deps ti=<TaskInstance: api_to_db_dag.spark_join_task manual__2025-02-27T15:18:15.211750+00:00 [queued]>
[2025-02-27T15:18:20.112+0000] {taskinstance.py:1125} INFO - Dependencies all met for dep_context=requeueable deps ti=<TaskInstance: api_to_db_dag.spark_join_task manual__2025-02-27T15:18:15.211750+00:00 [queued]>
[2025-02-27T15:18:20.112+0000] {taskinstance.py:1331} INFO - Starting attempt 1 of 1
[2025-02-27T15:18:20.119+0000] {taskinstance.py:1350} INFO - Executing <Task(SparkSubmitOperator): spark_join_task> on 2025-02-27 15:18:15.211750+00:00
[2025-02-27T15:18:20.121+0000] {standard_task_runner.py:57} INFO - Started process 186 to run task
[2025-02-27T15:18:20.123+0000] {standard_task_runner.py:84} INFO - Running: ['***', 'tasks', 'run', 'api_to_db_dag', 'spark_join_task', 'manual__2025-02-27T15:18:15.211750+00:00', '--job-id', '18', '--raw', '--subdir', 'DAGS_FOLDER/dag.py', '--cfg-path', '/tmp/tmpa6n71jud']
[2025-02-27T15:18:20.124+0000] {standard_task_runner.py:85} INFO - Job 18: Subtask spark_join_task
[2025-02-27T15:18:20.156+0000] {task_command.py:410} INFO - Running <TaskInstance: api_to_db_dag.spark_join_task manual__2025-02-27T15:18:15.211750+00:00 [running]> on host 16d64e3c1ef2
[2025-02-27T15:18:20.199+0000] {taskinstance.py:1570} INFO - Exporting env vars: AIRFLOW_CTX_DAG_OWNER='***' AIRFLOW_CTX_DAG_ID='api_to_db_dag' AIRFLOW_CTX_TASK_ID='spark_join_task' AIRFLOW_CTX_EXECUTION_DATE='2025-02-27T15:18:15.211750+00:00' AIRFLOW_CTX_TRY_NUMBER='1' AIRFLOW_CTX_DAG_RUN_ID='manual__2025-02-27T15:18:15.211750+00:00'
[2025-02-27T15:18:20.204+0000] {base.py:73} INFO - Using connection ID 'spark_default' for task execution.
[2025-02-27T15:18:20.204+0000] {spark_submit.py:339} INFO - Spark-Submit cmd: spark-submit --master spark-master:7077 --conf spark.master=spark://spark-master:7077 --conf spark.driver.extraClassPath=/opt/bitnami/spark/jars/postgresql-42.7.5.jar --conf spark.executor.extraClassPath=/opt/bitnami/spark/jars/postgresql-42.7.5.jar --conf spark.jars=/opt/bitnami/spark/jars/postgresql-42.7.5.jar --name spark_join --verbose /opt/***/dags/spark_join.py
[2025-02-27T15:18:21.174+0000] {spark_submit.py:490} INFO - Using properties file: null
[2025-02-27T15:18:21.226+0000] {spark_submit.py:490} INFO - Parsed arguments:
[2025-02-27T15:18:21.228+0000] {spark_submit.py:490} INFO - master                  spark-master:7077
[2025-02-27T15:18:21.228+0000] {spark_submit.py:490} INFO - remote                  null
[2025-02-27T15:18:21.228+0000] {spark_submit.py:490} INFO - deployMode              null
[2025-02-27T15:18:21.228+0000] {spark_submit.py:490} INFO - executorMemory          null
[2025-02-27T15:18:21.229+0000] {spark_submit.py:490} INFO - executorCores           null
[2025-02-27T15:18:21.229+0000] {spark_submit.py:490} INFO - totalExecutorCores      null
[2025-02-27T15:18:21.229+0000] {spark_submit.py:490} INFO - propertiesFile          null
[2025-02-27T15:18:21.229+0000] {spark_submit.py:490} INFO - driverMemory            null
[2025-02-27T15:18:21.229+0000] {spark_submit.py:490} INFO - driverCores             null
[2025-02-27T15:18:21.229+0000] {spark_submit.py:490} INFO - driverExtraClassPath    /opt/bitnami/spark/jars/postgresql-42.7.5.jar
[2025-02-27T15:18:21.229+0000] {spark_submit.py:490} INFO - driverExtraLibraryPath  null
[2025-02-27T15:18:21.229+0000] {spark_submit.py:490} INFO - driverExtraJavaOptions  null
[2025-02-27T15:18:21.229+0000] {spark_submit.py:490} INFO - supervise               false
[2025-02-27T15:18:21.229+0000] {spark_submit.py:490} INFO - queue                   null
[2025-02-27T15:18:21.230+0000] {spark_submit.py:490} INFO - numExecutors            null
[2025-02-27T15:18:21.230+0000] {spark_submit.py:490} INFO - files                   null
[2025-02-27T15:18:21.230+0000] {spark_submit.py:490} INFO - pyFiles                 null
[2025-02-27T15:18:21.230+0000] {spark_submit.py:490} INFO - archives                null
[2025-02-27T15:18:21.230+0000] {spark_submit.py:490} INFO - mainClass               null
[2025-02-27T15:18:21.230+0000] {spark_submit.py:490} INFO - primaryResource         file:/opt/***/dags/spark_join.py
[2025-02-27T15:18:21.230+0000] {spark_submit.py:490} INFO - name                    spark_join
[2025-02-27T15:18:21.230+0000] {spark_submit.py:490} INFO - childArgs               []
[2025-02-27T15:18:21.231+0000] {spark_submit.py:490} INFO - jars                    /opt/bitnami/spark/jars/postgresql-42.7.5.jar
[2025-02-27T15:18:21.231+0000] {spark_submit.py:490} INFO - packages                null
[2025-02-27T15:18:21.231+0000] {spark_submit.py:490} INFO - packagesExclusions      null
[2025-02-27T15:18:21.231+0000] {spark_submit.py:490} INFO - repositories            null
[2025-02-27T15:18:21.231+0000] {spark_submit.py:490} INFO - verbose                 true
[2025-02-27T15:18:21.231+0000] {spark_submit.py:490} INFO - 
[2025-02-27T15:18:21.231+0000] {spark_submit.py:490} INFO - Spark properties used, including those specified through
[2025-02-27T15:18:21.232+0000] {spark_submit.py:490} INFO - --conf and those from the properties file null:
[2025-02-27T15:18:21.232+0000] {spark_submit.py:490} INFO - (spark.driver.extraClassPath,/opt/bitnami/spark/jars/postgresql-42.7.5.jar)
[2025-02-27T15:18:21.232+0000] {spark_submit.py:490} INFO - (spark.executor.extraClassPath,/opt/bitnami/spark/jars/postgresql-42.7.5.jar)
[2025-02-27T15:18:21.232+0000] {spark_submit.py:490} INFO - (spark.jars,/opt/bitnami/spark/jars/postgresql-42.7.5.jar)
[2025-02-27T15:18:21.232+0000] {spark_submit.py:490} INFO - (spark.master,spark://spark-master:7077)
[2025-02-27T15:18:21.232+0000] {spark_submit.py:490} INFO - 
[2025-02-27T15:18:21.232+0000] {spark_submit.py:490} INFO - 
[2025-02-27T15:18:21.413+0000] {spark_submit.py:490} INFO - 25/02/27 15:18:21 WARN NativeCodeLoader: Unable to load native-hadoop library for your platform... using builtin-java classes where applicable
[2025-02-27T15:18:21.535+0000] {spark_submit.py:490} INFO - Main class:
[2025-02-27T15:18:21.535+0000] {spark_submit.py:490} INFO - org.apache.spark.deploy.PythonRunner
[2025-02-27T15:18:21.536+0000] {spark_submit.py:490} INFO - Arguments:
[2025-02-27T15:18:21.536+0000] {spark_submit.py:490} INFO - file:/opt/***/dags/spark_join.py
[2025-02-27T15:18:21.537+0000] {spark_submit.py:490} INFO - null
[2025-02-27T15:18:21.538+0000] {spark_submit.py:490} INFO - Spark config:
[2025-02-27T15:18:21.538+0000] {spark_submit.py:490} INFO - (spark.app.name,spark_join)
[2025-02-27T15:18:21.538+0000] {spark_submit.py:490} INFO - (spark.app.submitTime,1740669501516)
[2025-02-27T15:18:21.540+0000] {spark_submit.py:490} INFO - (spark.driver.extraClassPath,/opt/bitnami/spark/jars/postgresql-42.7.5.jar)
[2025-02-27T15:18:21.541+0000] {spark_submit.py:490} INFO - (spark.executor.extraClassPath,/opt/bitnami/spark/jars/postgresql-42.7.5.jar)
[2025-02-27T15:18:21.542+0000] {spark_submit.py:490} INFO - (spark.jars,file:///opt/bitnami/spark/jars/postgresql-42.7.5.jar)
[2025-02-27T15:18:21.542+0000] {spark_submit.py:490} INFO - (spark.master,spark-master:7077)
[2025-02-27T15:18:21.542+0000] {spark_submit.py:490} INFO - (spark.repl.local.jars,file:///opt/bitnami/spark/jars/postgresql-42.7.5.jar)
[2025-02-27T15:18:21.543+0000] {spark_submit.py:490} INFO - (spark.submit.deployMode,client)
[2025-02-27T15:18:21.543+0000] {spark_submit.py:490} INFO - (spark.submit.pyFiles,)
[2025-02-27T15:18:21.544+0000] {spark_submit.py:490} INFO - Classpath elements:
[2025-02-27T15:18:21.544+0000] {spark_submit.py:490} INFO - file:///opt/bitnami/spark/jars/postgresql-42.7.5.jar
[2025-02-27T15:18:21.544+0000] {spark_submit.py:490} INFO - 
[2025-02-27T15:18:21.544+0000] {spark_submit.py:490} INFO - 
[2025-02-27T15:18:22.156+0000] {spark_submit.py:490} INFO - 25/02/27 15:18:22 INFO SparkContext: Running Spark version 3.4.4
[2025-02-27T15:18:22.186+0000] {spark_submit.py:490} INFO - 25/02/27 15:18:22 INFO ResourceUtils: ==============================================================
[2025-02-27T15:18:22.186+0000] {spark_submit.py:490} INFO - 25/02/27 15:18:22 INFO ResourceUtils: No custom resources configured for spark.driver.
[2025-02-27T15:18:22.187+0000] {spark_submit.py:490} INFO - 25/02/27 15:18:22 INFO ResourceUtils: ==============================================================
[2025-02-27T15:18:22.187+0000] {spark_submit.py:490} INFO - 25/02/27 15:18:22 INFO SparkContext: Submitted application: JoinVelibTables
[2025-02-27T15:18:22.199+0000] {spark_submit.py:490} INFO - 25/02/27 15:18:22 INFO ResourceProfile: Default ResourceProfile created, executor resources: Map(memory -> name: memory, amount: 1024, script: , vendor: , offHeap -> name: offHeap, amount: 0, script: , vendor: ), task resources: Map(cpus -> name: cpus, amount: 1.0)
[2025-02-27T15:18:22.206+0000] {spark_submit.py:490} INFO - 25/02/27 15:18:22 INFO ResourceProfile: Limiting resource is cpu
[2025-02-27T15:18:22.207+0000] {spark_submit.py:490} INFO - 25/02/27 15:18:22 INFO ResourceProfileManager: Added ResourceProfile id: 0
[2025-02-27T15:18:22.244+0000] {spark_submit.py:490} INFO - 25/02/27 15:18:22 INFO SecurityManager: Changing view acls to: ***
[2025-02-27T15:18:22.244+0000] {spark_submit.py:490} INFO - 25/02/27 15:18:22 INFO SecurityManager: Changing modify acls to: ***
[2025-02-27T15:18:22.244+0000] {spark_submit.py:490} INFO - 25/02/27 15:18:22 INFO SecurityManager: Changing view acls groups to:
[2025-02-27T15:18:22.244+0000] {spark_submit.py:490} INFO - 25/02/27 15:18:22 INFO SecurityManager: Changing modify acls groups to:
[2025-02-27T15:18:22.245+0000] {spark_submit.py:490} INFO - 25/02/27 15:18:22 INFO SecurityManager: SecurityManager: authentication disabled; ui acls disabled; users with view permissions: ***; groups with view permissions: EMPTY; users with modify permissions: ***; groups with modify permissions: EMPTY
[2025-02-27T15:18:22.367+0000] {spark_submit.py:490} INFO - 25/02/27 15:18:22 INFO Utils: Successfully started service 'sparkDriver' on port 36299.
[2025-02-27T15:18:22.387+0000] {spark_submit.py:490} INFO - 25/02/27 15:18:22 INFO SparkEnv: Registering MapOutputTracker
[2025-02-27T15:18:22.409+0000] {spark_submit.py:490} INFO - 25/02/27 15:18:22 INFO SparkEnv: Registering BlockManagerMaster
[2025-02-27T15:18:22.422+0000] {spark_submit.py:490} INFO - 25/02/27 15:18:22 INFO BlockManagerMasterEndpoint: Using org.apache.spark.storage.DefaultTopologyMapper for getting topology information
[2025-02-27T15:18:22.422+0000] {spark_submit.py:490} INFO - 25/02/27 15:18:22 INFO BlockManagerMasterEndpoint: BlockManagerMasterEndpoint up
[2025-02-27T15:18:22.425+0000] {spark_submit.py:490} INFO - 25/02/27 15:18:22 INFO SparkEnv: Registering BlockManagerMasterHeartbeat
[2025-02-27T15:18:22.444+0000] {spark_submit.py:490} INFO - 25/02/27 15:18:22 INFO DiskBlockManager: Created local directory at /tmp/blockmgr-8135b932-0743-4dde-88d9-2d2eeafb7f70
[2025-02-27T15:18:22.454+0000] {spark_submit.py:490} INFO - 25/02/27 15:18:22 INFO MemoryStore: MemoryStore started with capacity 434.4 MiB
[2025-02-27T15:18:22.463+0000] {spark_submit.py:490} INFO - 25/02/27 15:18:22 INFO SparkEnv: Registering OutputCommitCoordinator
[2025-02-27T15:18:22.533+0000] {spark_submit.py:490} INFO - 25/02/27 15:18:22 INFO JettyUtils: Start Jetty 0.0.0.0:4040 for SparkUI
[2025-02-27T15:18:22.566+0000] {spark_submit.py:490} INFO - 25/02/27 15:18:22 INFO Utils: Successfully started service 'SparkUI' on port 4040.
[2025-02-27T15:18:22.583+0000] {spark_submit.py:490} INFO - 25/02/27 15:18:22 INFO SparkContext: Added JAR file:///opt/bitnami/spark/jars/postgresql-42.7.5.jar at spark://16d64e3c1ef2:36299/jars/postgresql-42.7.5.jar with timestamp 1740669502150
[2025-02-27T15:18:22.627+0000] {spark_submit.py:490} INFO - 25/02/27 15:18:22 INFO StandaloneAppClient$ClientEndpoint: Connecting to master spark://spark-master:7077...
[2025-02-27T15:18:22.657+0000] {spark_submit.py:490} INFO - 25/02/27 15:18:22 INFO TransportClientFactory: Successfully created connection to spark-master/172.18.0.3:7077 after 17 ms (0 ms spent in bootstraps)
[2025-02-27T15:18:22.741+0000] {spark_submit.py:490} INFO - 25/02/27 15:18:22 INFO StandaloneSchedulerBackend: Connected to Spark cluster with app ID app-20250227151822-0001
[2025-02-27T15:18:22.744+0000] {spark_submit.py:490} INFO - 25/02/27 15:18:22 INFO StandaloneAppClient$ClientEndpoint: Executor added: app-20250227151822-0001/0 on worker-20250227151038-172.18.0.4-34829 (172.18.0.4:34829) with 8 core(s)
[2025-02-27T15:18:22.746+0000] {spark_submit.py:490} INFO - 25/02/27 15:18:22 INFO StandaloneSchedulerBackend: Granted executor ID app-20250227151822-0001/0 on hostPort 172.18.0.4:34829 with 8 core(s), 1024.0 MiB RAM
[2025-02-27T15:18:22.747+0000] {spark_submit.py:490} INFO - 25/02/27 15:18:22 INFO Utils: Successfully started service 'org.apache.spark.network.netty.NettyBlockTransferService' on port 35041.
[2025-02-27T15:18:22.748+0000] {spark_submit.py:490} INFO - 25/02/27 15:18:22 INFO NettyBlockTransferService: Server created on 16d64e3c1ef2:35041
[2025-02-27T15:18:22.749+0000] {spark_submit.py:490} INFO - 25/02/27 15:18:22 INFO BlockManager: Using org.apache.spark.storage.RandomBlockReplicationPolicy for block replication policy
[2025-02-27T15:18:22.754+0000] {spark_submit.py:490} INFO - 25/02/27 15:18:22 INFO BlockManagerMaster: Registering BlockManager BlockManagerId(driver, 16d64e3c1ef2, 35041, None)
[2025-02-27T15:18:22.758+0000] {spark_submit.py:490} INFO - 25/02/27 15:18:22 INFO BlockManagerMasterEndpoint: Registering block manager 16d64e3c1ef2:35041 with 434.4 MiB RAM, BlockManagerId(driver, 16d64e3c1ef2, 35041, None)
[2025-02-27T15:18:22.761+0000] {spark_submit.py:490} INFO - 25/02/27 15:18:22 INFO BlockManagerMaster: Registered BlockManager BlockManagerId(driver, 16d64e3c1ef2, 35041, None)
[2025-02-27T15:18:22.762+0000] {spark_submit.py:490} INFO - 25/02/27 15:18:22 INFO BlockManager: Initialized BlockManager: BlockManagerId(driver, 16d64e3c1ef2, 35041, None)
[2025-02-27T15:18:22.846+0000] {spark_submit.py:490} INFO - 25/02/27 15:18:22 INFO StandaloneAppClient$ClientEndpoint: Executor updated: app-20250227151822-0001/0 is now RUNNING
[2025-02-27T15:18:22.931+0000] {spark_submit.py:490} INFO - 25/02/27 15:18:22 INFO StandaloneSchedulerBackend: SchedulerBackend is ready for scheduling beginning after reached minRegisteredResourcesRatio: 0.0
[2025-02-27T15:18:22.956+0000] {spark_submit.py:490} INFO - /home/***/.local/lib/python3.7/site-packages/pyspark/python/lib/pyspark.zip/pyspark/context.py:317: FutureWarning: Python 3.7 support is deprecated in Spark 3.4.
[2025-02-27T15:18:22.957+0000] {spark_submit.py:490} INFO - warnings.warn("Python 3.7 support is deprecated in Spark 3.4.", FutureWarning)
[2025-02-27T15:18:23.102+0000] {spark_submit.py:490} INFO - 25/02/27 15:18:23 INFO SharedState: Setting hive.metastore.warehouse.dir ('null') to the value of spark.sql.warehouse.dir.
[2025-02-27T15:18:23.106+0000] {spark_submit.py:490} INFO - 25/02/27 15:18:23 INFO SharedState: Warehouse path is 'file:/opt/***/spark-warehouse'.
[2025-02-27T15:18:24.358+0000] {spark_submit.py:490} INFO - 25/02/27 15:18:24 INFO StandaloneSchedulerBackend$StandaloneDriverEndpoint: Registered executor NettyRpcEndpointRef(spark-client://Executor) (172.18.0.4:44190) with ID 0,  ResourceProfileId 0
[2025-02-27T15:18:24.402+0000] {spark_submit.py:490} INFO - 25/02/27 15:18:24 INFO BlockManagerMasterEndpoint: Registering block manager 172.18.0.4:40427 with 434.4 MiB RAM, BlockManagerId(0, 172.18.0.4, 40427, None)
[2025-02-27T15:18:25.765+0000] {spark_submit.py:490} INFO - 25/02/27 15:18:25 INFO CodeGenerator: Code generated in 118.516167 ms
[2025-02-27T15:18:25.816+0000] {spark_submit.py:490} INFO - 25/02/27 15:18:25 INFO DAGScheduler: Registering RDD 3 (showString at NativeMethodAccessorImpl.java:0) as input to shuffle 0
[2025-02-27T15:18:25.820+0000] {spark_submit.py:490} INFO - 25/02/27 15:18:25 INFO DAGScheduler: Got map stage job 0 (showString at NativeMethodAccessorImpl.java:0) with 1 output partitions
[2025-02-27T15:18:25.820+0000] {spark_submit.py:490} INFO - 25/02/27 15:18:25 INFO DAGScheduler: Final stage: ShuffleMapStage 0 (showString at NativeMethodAccessorImpl.java:0)
[2025-02-27T15:18:25.821+0000] {spark_submit.py:490} INFO - 25/02/27 15:18:25 INFO DAGScheduler: Parents of final stage: List()
[2025-02-27T15:18:25.822+0000] {spark_submit.py:490} INFO - 25/02/27 15:18:25 INFO DAGScheduler: Missing parents: List()
[2025-02-27T15:18:25.824+0000] {spark_submit.py:490} INFO - 25/02/27 15:18:25 INFO CodeGenerator: Code generated in 11.550291 ms
[2025-02-27T15:18:25.825+0000] {spark_submit.py:490} INFO - 25/02/27 15:18:25 INFO DAGScheduler: Submitting ShuffleMapStage 0 (MapPartitionsRDD[3] at showString at NativeMethodAccessorImpl.java:0), which has no missing parents
[2025-02-27T15:18:25.900+0000] {spark_submit.py:490} INFO - 25/02/27 15:18:25 INFO MemoryStore: Block broadcast_0 stored as values in memory (estimated size 16.8 KiB, free 434.4 MiB)
[2025-02-27T15:18:25.921+0000] {spark_submit.py:490} INFO - 25/02/27 15:18:25 INFO MemoryStore: Block broadcast_0_piece0 stored as bytes in memory (estimated size 8.0 KiB, free 434.4 MiB)
[2025-02-27T15:18:25.923+0000] {spark_submit.py:490} INFO - 25/02/27 15:18:25 INFO BlockManagerInfo: Added broadcast_0_piece0 in memory on 16d64e3c1ef2:35041 (size: 8.0 KiB, free: 434.4 MiB)
[2025-02-27T15:18:25.924+0000] {spark_submit.py:490} INFO - 25/02/27 15:18:25 INFO SparkContext: Created broadcast 0 from broadcast at DAGScheduler.scala:1540
[2025-02-27T15:18:25.934+0000] {spark_submit.py:490} INFO - 25/02/27 15:18:25 INFO DAGScheduler: Submitting 1 missing tasks from ShuffleMapStage 0 (MapPartitionsRDD[3] at showString at NativeMethodAccessorImpl.java:0) (first 15 tasks are for partitions Vector(0))
[2025-02-27T15:18:25.935+0000] {spark_submit.py:490} INFO - 25/02/27 15:18:25 INFO TaskSchedulerImpl: Adding task set 0.0 with 1 tasks resource profile 0
[2025-02-27T15:18:25.946+0000] {spark_submit.py:490} INFO - 25/02/27 15:18:25 INFO DAGScheduler: Registering RDD 5 (showString at NativeMethodAccessorImpl.java:0) as input to shuffle 1
[2025-02-27T15:18:25.946+0000] {spark_submit.py:490} INFO - 25/02/27 15:18:25 INFO DAGScheduler: Got map stage job 1 (showString at NativeMethodAccessorImpl.java:0) with 1 output partitions
[2025-02-27T15:18:25.946+0000] {spark_submit.py:490} INFO - 25/02/27 15:18:25 INFO DAGScheduler: Final stage: ShuffleMapStage 1 (showString at NativeMethodAccessorImpl.java:0)
[2025-02-27T15:18:25.946+0000] {spark_submit.py:490} INFO - 25/02/27 15:18:25 INFO DAGScheduler: Parents of final stage: List()
[2025-02-27T15:18:25.947+0000] {spark_submit.py:490} INFO - 25/02/27 15:18:25 INFO DAGScheduler: Missing parents: List()
[2025-02-27T15:18:25.947+0000] {spark_submit.py:490} INFO - 25/02/27 15:18:25 INFO DAGScheduler: Submitting ShuffleMapStage 1 (MapPartitionsRDD[5] at showString at NativeMethodAccessorImpl.java:0), which has no missing parents
[2025-02-27T15:18:25.961+0000] {spark_submit.py:490} INFO - 25/02/27 15:18:25 INFO MemoryStore: Block broadcast_1 stored as values in memory (estimated size 14.4 KiB, free 434.4 MiB)
[2025-02-27T15:18:25.963+0000] {spark_submit.py:490} INFO - 25/02/27 15:18:25 INFO MemoryStore: Block broadcast_1_piece0 stored as bytes in memory (estimated size 7.5 KiB, free 434.4 MiB)
[2025-02-27T15:18:25.963+0000] {spark_submit.py:490} INFO - 25/02/27 15:18:25 INFO BlockManagerInfo: Added broadcast_1_piece0 in memory on 16d64e3c1ef2:35041 (size: 7.5 KiB, free: 434.4 MiB)
[2025-02-27T15:18:25.964+0000] {spark_submit.py:490} INFO - 25/02/27 15:18:25 INFO SparkContext: Created broadcast 1 from broadcast at DAGScheduler.scala:1540
[2025-02-27T15:18:25.964+0000] {spark_submit.py:490} INFO - 25/02/27 15:18:25 INFO DAGScheduler: Submitting 1 missing tasks from ShuffleMapStage 1 (MapPartitionsRDD[5] at showString at NativeMethodAccessorImpl.java:0) (first 15 tasks are for partitions Vector(0))
[2025-02-27T15:18:25.966+0000] {spark_submit.py:490} INFO - 25/02/27 15:18:25 INFO TaskSchedulerImpl: Adding task set 1.0 with 1 tasks resource profile 0
[2025-02-27T15:18:25.966+0000] {spark_submit.py:490} INFO - 25/02/27 15:18:25 INFO TaskSetManager: Starting task 0.0 in stage 0.0 (TID 0) (172.18.0.4, executor 0, partition 0, PROCESS_LOCAL, 8586 bytes)
[2025-02-27T15:18:25.972+0000] {spark_submit.py:490} INFO - 25/02/27 15:18:25 INFO TaskSetManager: Starting task 0.0 in stage 1.0 (TID 1) (172.18.0.4, executor 0, partition 0, PROCESS_LOCAL, 8586 bytes)
[2025-02-27T15:41:01.471+0000] {local_task_job_runner.py:122} ERROR - Received SIGTERM. Terminating subprocesses
[2025-02-27T15:41:01.612+0000] {process_utils.py:135} INFO - Sending Signals.SIGTERM to group 186. PIDs of all processes in the group: [187, 241, 186]
[2025-02-27T15:41:01.615+0000] {process_utils.py:86} INFO - Sending the signal Signals.SIGTERM to group 186
[2025-02-27T15:41:01.666+0000] {taskinstance.py:1540} ERROR - Received SIGTERM. Terminating subprocesses.
[2025-02-27T15:41:01.691+0000] {process_utils.py:79} INFO - Process psutil.Process(pid=241, status='terminated', started='15:18:21') (241) terminated with exit code None
[2025-02-27T15:41:01.691+0000] {spark_submit.py:615} INFO - Sending kill signal to spark-submit
[2025-02-27T15:41:01.886+0000] {taskinstance.py:1847} ERROR - Task failed with exception
Traceback (most recent call last):
  File "/home/airflow/.local/lib/python3.7/site-packages/airflow/providers/apache/spark/operators/spark_submit.py", line 157, in execute
    self._hook.submit(self._application)
  File "/home/airflow/.local/lib/python3.7/site-packages/airflow/providers/apache/spark/hooks/spark_submit.py", line 409, in submit
    self._process_spark_submit_log(iter(self._submit_sp.stdout))  # type: ignore
  File "/home/airflow/.local/lib/python3.7/site-packages/airflow/providers/apache/spark/hooks/spark_submit.py", line 458, in _process_spark_submit_log
    for line in itr:
  File "/home/airflow/.local/lib/python3.7/site-packages/airflow/models/taskinstance.py", line 1542, in signal_handler
    raise AirflowException("Task received SIGTERM signal")
airflow.exceptions.AirflowException: Task received SIGTERM signal
[2025-02-27T15:41:01.912+0000] {taskinstance.py:1373} INFO - Marking task as FAILED. dag_id=api_to_db_dag, task_id=spark_join_task, execution_date=20250227T151815, start_date=20250227T151820, end_date=20250227T154101
[2025-02-27T15:41:01.984+0000] {standard_task_runner.py:109} ERROR - Failed to execute job 18 for task spark_join_task (Task received SIGTERM signal; 186)
[2025-02-27T15:41:02.017+0000] {process_utils.py:79} INFO - Process psutil.Process(pid=186, status='terminated', exitcode=1, started='15:18:19') (186) terminated with exit code 1
[2025-02-27T15:41:02.021+0000] {process_utils.py:79} INFO - Process psutil.Process(pid=187, status='terminated', started='15:18:19') (187) terminated with exit code None
[2025-02-27T15:41:02.023+0000] {local_task_job_runner.py:232} INFO - Task exited with return code 143
[2025-02-27T15:41:02.090+0000] {taskinstance.py:2674} INFO - 0 downstream tasks scheduled from follow-on schedule check
