[2025-03-02T19:45:05.376+0000] {taskinstance.py:1125} INFO - Dependencies all met for dep_context=non-requeueable deps ti=<TaskInstance: api_to_db_dag.process_raw_velib_station scheduled__2025-03-02T19:30:00+00:00 [queued]>
[2025-03-02T19:45:05.381+0000] {taskinstance.py:1125} INFO - Dependencies all met for dep_context=requeueable deps ti=<TaskInstance: api_to_db_dag.process_raw_velib_station scheduled__2025-03-02T19:30:00+00:00 [queued]>
[2025-03-02T19:45:05.381+0000] {taskinstance.py:1331} INFO - Starting attempt 1 of 2
[2025-03-02T19:45:05.391+0000] {taskinstance.py:1350} INFO - Executing <Task(PythonOperator): process_raw_velib_station> on 2025-03-02 19:30:00+00:00
[2025-03-02T19:45:05.395+0000] {standard_task_runner.py:57} INFO - Started process 87712 to run task
[2025-03-02T19:45:05.398+0000] {standard_task_runner.py:84} INFO - Running: ['***', 'tasks', 'run', 'api_to_db_dag', 'process_raw_velib_station', 'scheduled__2025-03-02T19:30:00+00:00', '--job-id', '223', '--raw', '--subdir', 'DAGS_FOLDER/dag.py', '--cfg-path', '/tmp/tmp6gjrpnpr']
[2025-03-02T19:45:05.400+0000] {standard_task_runner.py:85} INFO - Job 223: Subtask process_raw_velib_station
[2025-03-02T19:45:05.432+0000] {task_command.py:410} INFO - Running <TaskInstance: api_to_db_dag.process_raw_velib_station scheduled__2025-03-02T19:30:00+00:00 [running]> on host 3befbd719c1b
[2025-03-02T19:45:05.501+0000] {taskinstance.py:1570} INFO - Exporting env vars: AIRFLOW_CTX_DAG_OWNER='***' AIRFLOW_CTX_DAG_ID='api_to_db_dag' AIRFLOW_CTX_TASK_ID='process_raw_velib_station' AIRFLOW_CTX_EXECUTION_DATE='2025-03-02T19:30:00+00:00' AIRFLOW_CTX_TRY_NUMBER='1' AIRFLOW_CTX_DAG_RUN_ID='scheduled__2025-03-02T19:30:00+00:00'
[2025-03-02T19:45:05.526+0000] {logging_mixin.py:149} INFO - Error processing file /mnt/data/raw/velib_api/velib_stations/20250301/202503011730.json: [Errno 21] Failed to open local file '/mnt/data/formatted/velib_api/velib_stations/20250301/202503011730.snappy.parquet'. Detail: [errno 21] Is a directory
[2025-03-02T19:45:05.536+0000] {logging_mixin.py:149} INFO - Error processing file /mnt/data/raw/velib_api/velib_stations/20250301/202503010009.json: [Errno 21] Failed to open local file '/mnt/data/formatted/velib_api/velib_stations/20250301/202503010009.snappy.parquet'. Detail: [errno 21] Is a directory
[2025-03-02T19:45:05.576+0000] {logging_mixin.py:149} INFO - Error processing file /mnt/data/raw/velib_api/velib_stations/20250301/202503011100.json: [Errno 21] Failed to open local file '/mnt/data/formatted/velib_api/velib_stations/20250301/202503011100.snappy.parquet'. Detail: [errno 21] Is a directory
[2025-03-02T19:45:05.585+0000] {logging_mixin.py:149} INFO - Error processing file /mnt/data/raw/velib_api/velib_stations/20250301/202503011415.json: [Errno 21] Failed to open local file '/mnt/data/formatted/velib_api/velib_stations/20250301/202503011415.snappy.parquet'. Detail: [errno 21] Is a directory
[2025-03-02T19:45:05.593+0000] {logging_mixin.py:149} INFO - Error processing file /mnt/data/raw/velib_api/velib_stations/20250301/202503011045.json: [Errno 21] Failed to open local file '/mnt/data/formatted/velib_api/velib_stations/20250301/202503011045.snappy.parquet'. Detail: [errno 21] Is a directory
[2025-03-02T19:45:05.601+0000] {logging_mixin.py:149} INFO - Error processing file /mnt/data/raw/velib_api/velib_stations/20250301/202503011815.json: [Errno 21] Failed to open local file '/mnt/data/formatted/velib_api/velib_stations/20250301/202503011815.snappy.parquet'. Detail: [errno 21] Is a directory
[2025-03-02T19:45:05.610+0000] {logging_mixin.py:149} INFO - Error processing file /mnt/data/raw/velib_api/velib_stations/20250301/202503010005.json: [Errno 21] Failed to open local file '/mnt/data/formatted/velib_api/velib_stations/20250301/202503010005.snappy.parquet'. Detail: [errno 21] Is a directory
[2025-03-02T19:45:05.618+0000] {logging_mixin.py:149} INFO - Error processing file /mnt/data/raw/velib_api/velib_stations/20250301/202503010012.json: [Errno 21] Failed to open local file '/mnt/data/formatted/velib_api/velib_stations/20250301/202503010012.snappy.parquet'. Detail: [errno 21] Is a directory
[2025-03-02T19:45:05.627+0000] {logging_mixin.py:149} INFO - Error processing file /mnt/data/raw/velib_api/velib_stations/20250301/202503011615.json: [Errno 21] Failed to open local file '/mnt/data/formatted/velib_api/velib_stations/20250301/202503011615.snappy.parquet'. Detail: [errno 21] Is a directory
[2025-03-02T19:45:05.635+0000] {logging_mixin.py:149} INFO - Error processing file /mnt/data/raw/velib_api/velib_stations/20250301/202503011245.json: [Errno 21] Failed to open local file '/mnt/data/formatted/velib_api/velib_stations/20250301/202503011245.snappy.parquet'. Detail: [errno 21] Is a directory
[2025-03-02T19:45:05.643+0000] {logging_mixin.py:149} INFO - Error processing file /mnt/data/raw/velib_api/velib_stations/20250301/202503010004.json: [Errno 21] Failed to open local file '/mnt/data/formatted/velib_api/velib_stations/20250301/202503010004.snappy.parquet'. Detail: [errno 21] Is a directory
[2025-03-02T19:45:05.652+0000] {logging_mixin.py:149} INFO - Error processing file /mnt/data/raw/velib_api/velib_stations/20250301/202503011300.json: [Errno 21] Failed to open local file '/mnt/data/formatted/velib_api/velib_stations/20250301/202503011300.snappy.parquet'. Detail: [errno 21] Is a directory
[2025-03-02T19:45:05.660+0000] {logging_mixin.py:149} INFO - Error processing file /mnt/data/raw/velib_api/velib_stations/20250301/202503011930.json: [Errno 21] Failed to open local file '/mnt/data/formatted/velib_api/velib_stations/20250301/202503011930.snappy.parquet'. Detail: [errno 21] Is a directory
[2025-03-02T19:45:05.675+0000] {logging_mixin.py:149} INFO - Error processing file /mnt/data/raw/velib_api/velib_stations/20250301/202503011530.json: [Errno 21] Failed to open local file '/mnt/data/formatted/velib_api/velib_stations/20250301/202503011530.snappy.parquet'. Detail: [errno 21] Is a directory
[2025-03-02T19:45:05.691+0000] {logging_mixin.py:149} INFO - Error processing file /mnt/data/raw/velib_api/velib_stations/20250301/202503012035.json: [Errno 21] Failed to open local file '/mnt/data/formatted/velib_api/velib_stations/20250301/202503012035.snappy.parquet'. Detail: [errno 21] Is a directory
[2025-03-02T19:45:05.726+0000] {logging_mixin.py:149} INFO - Error processing file /mnt/data/raw/velib_api/velib_stations/20250301/202503011215.json: [Errno 21] Failed to open local file '/mnt/data/formatted/velib_api/velib_stations/20250301/202503011215.snappy.parquet'. Detail: [errno 21] Is a directory
[2025-03-02T19:45:05.737+0000] {logging_mixin.py:149} INFO - Error processing file /mnt/data/raw/velib_api/velib_stations/20250301/202503011645.json: [Errno 21] Failed to open local file '/mnt/data/formatted/velib_api/velib_stations/20250301/202503011645.snappy.parquet'. Detail: [errno 21] Is a directory
[2025-03-02T19:45:05.746+0000] {logging_mixin.py:149} INFO - Error processing file /mnt/data/raw/velib_api/velib_stations/20250301/202503011130.json: [Errno 21] Failed to open local file '/mnt/data/formatted/velib_api/velib_stations/20250301/202503011130.snappy.parquet'. Detail: [errno 21] Is a directory
[2025-03-02T19:45:05.754+0000] {logging_mixin.py:149} INFO - Error processing file /mnt/data/raw/velib_api/velib_stations/20250301/202503011330.json: [Errno 21] Failed to open local file '/mnt/data/formatted/velib_api/velib_stations/20250301/202503011330.snappy.parquet'. Detail: [errno 21] Is a directory
[2025-03-02T19:45:05.935+0000] {logging_mixin.py:149} INFO - Error processing file /mnt/data/raw/velib_api/velib_stations/20250301/202503010940.json: [Errno 21] Failed to open local file '/mnt/data/formatted/velib_api/velib_stations/20250301/202503010940.snappy.parquet'. Detail: [errno 21] Is a directory
[2025-03-02T19:45:05.945+0000] {logging_mixin.py:149} INFO - Error processing file /mnt/data/raw/velib_api/velib_stations/20250301/202503010002.json: [Errno 21] Failed to open local file '/mnt/data/formatted/velib_api/velib_stations/20250301/202503010002.snappy.parquet'. Detail: [errno 21] Is a directory
[2025-03-02T19:45:05.954+0000] {logging_mixin.py:149} INFO - Error processing file /mnt/data/raw/velib_api/velib_stations/20250301/202503010901.json: [Errno 21] Failed to open local file '/mnt/data/formatted/velib_api/velib_stations/20250301/202503010901.snappy.parquet'. Detail: [errno 21] Is a directory
[2025-03-02T19:45:05.963+0000] {logging_mixin.py:149} INFO - Error processing file /mnt/data/raw/velib_api/velib_stations/20250301/202503011845.json: [Errno 21] Failed to open local file '/mnt/data/formatted/velib_api/velib_stations/20250301/202503011845.snappy.parquet'. Detail: [errno 21] Is a directory
[2025-03-02T19:45:05.972+0000] {logging_mixin.py:149} INFO - Error processing file /mnt/data/raw/velib_api/velib_stations/20250301/202503011900.json: [Errno 21] Failed to open local file '/mnt/data/formatted/velib_api/velib_stations/20250301/202503011900.snappy.parquet'. Detail: [errno 21] Is a directory
[2025-03-02T19:45:05.981+0000] {logging_mixin.py:149} INFO - Error processing file /mnt/data/raw/velib_api/velib_stations/20250301/202503011500.json: [Errno 21] Failed to open local file '/mnt/data/formatted/velib_api/velib_stations/20250301/202503011500.snappy.parquet'. Detail: [errno 21] Is a directory
[2025-03-02T19:45:05.990+0000] {logging_mixin.py:149} INFO - Error processing file /mnt/data/raw/velib_api/velib_stations/20250301/202503011015.json: [Errno 21] Failed to open local file '/mnt/data/formatted/velib_api/velib_stations/20250301/202503011015.snappy.parquet'. Detail: [errno 21] Is a directory
[2025-03-02T19:45:06.000+0000] {logging_mixin.py:149} INFO - Error processing file /mnt/data/raw/velib_api/velib_stations/20250301/202503011445.json: [Errno 21] Failed to open local file '/mnt/data/formatted/velib_api/velib_stations/20250301/202503011445.snappy.parquet'. Detail: [errno 21] Is a directory
[2025-03-02T19:45:06.009+0000] {logging_mixin.py:149} INFO - Error processing file /mnt/data/raw/velib_api/velib_stations/20250301/202503011702.json: [Errno 21] Failed to open local file '/mnt/data/formatted/velib_api/velib_stations/20250301/202503011702.snappy.parquet'. Detail: [errno 21] Is a directory
[2025-03-02T19:45:06.018+0000] {logging_mixin.py:149} INFO - Error processing file /mnt/data/raw/velib_api/velib_stations/20250301/202503010902.json: [Errno 21] Failed to open local file '/mnt/data/formatted/velib_api/velib_stations/20250301/202503010902.snappy.parquet'. Detail: [errno 21] Is a directory
[2025-03-02T19:45:06.038+0000] {logging_mixin.py:149} INFO - Error processing file /mnt/data/raw/velib_api/velib_stations/20250301/202503011000.json: [Errno 21] Failed to open local file '/mnt/data/formatted/velib_api/velib_stations/20250301/202503011000.snappy.parquet'. Detail: [errno 21] Is a directory
[2025-03-02T19:45:06.046+0000] {logging_mixin.py:149} INFO - Error processing file /mnt/data/raw/velib_api/velib_stations/20250301/202503011515.json: [Errno 21] Failed to open local file '/mnt/data/formatted/velib_api/velib_stations/20250301/202503011515.snappy.parquet'. Detail: [errno 21] Is a directory
[2025-03-02T19:45:06.054+0000] {logging_mixin.py:149} INFO - Error processing file /mnt/data/raw/velib_api/velib_stations/20250301/202503011145.json: [Errno 21] Failed to open local file '/mnt/data/formatted/velib_api/velib_stations/20250301/202503011145.snappy.parquet'. Detail: [errno 21] Is a directory
[2025-03-02T19:45:06.063+0000] {logging_mixin.py:149} INFO - Error processing file /mnt/data/raw/velib_api/velib_stations/20250301/202503011915.json: [Errno 21] Failed to open local file '/mnt/data/formatted/velib_api/velib_stations/20250301/202503011915.snappy.parquet'. Detail: [errno 21] Is a directory
[2025-03-02T19:45:06.071+0000] {logging_mixin.py:149} INFO - Error processing file /mnt/data/raw/velib_api/velib_stations/20250301/202503011630.json: [Errno 21] Failed to open local file '/mnt/data/formatted/velib_api/velib_stations/20250301/202503011630.snappy.parquet'. Detail: [errno 21] Is a directory
[2025-03-02T19:45:06.093+0000] {logging_mixin.py:149} INFO - Error processing file /mnt/data/raw/velib_api/velib_stations/20250301/202503011830.json: [Errno 21] Failed to open local file '/mnt/data/formatted/velib_api/velib_stations/20250301/202503011830.snappy.parquet'. Detail: [errno 21] Is a directory
[2025-03-02T19:45:06.104+0000] {logging_mixin.py:149} INFO - Error processing file /mnt/data/raw/velib_api/velib_stations/20250301/202503011430.json: [Errno 21] Failed to open local file '/mnt/data/formatted/velib_api/velib_stations/20250301/202503011430.snappy.parquet'. Detail: [errno 21] Is a directory
[2025-03-02T19:45:06.114+0000] {logging_mixin.py:149} INFO - Error processing file /mnt/data/raw/velib_api/velib_stations/20250301/202503010000.json: [Errno 21] Failed to open local file '/mnt/data/formatted/velib_api/velib_stations/20250301/202503010000.snappy.parquet'. Detail: [errno 21] Is a directory
[2025-03-02T19:45:06.123+0000] {logging_mixin.py:149} INFO - Error processing file /mnt/data/raw/velib_api/velib_stations/20250301/202503011715.json: [Errno 21] Failed to open local file '/mnt/data/formatted/velib_api/velib_stations/20250301/202503011715.snappy.parquet'. Detail: [errno 21] Is a directory
[2025-03-02T19:45:06.134+0000] {logging_mixin.py:149} INFO - Error processing file /mnt/data/raw/velib_api/velib_stations/20250301/202503011345.json: [Errno 21] Failed to open local file '/mnt/data/formatted/velib_api/velib_stations/20250301/202503011345.snappy.parquet'. Detail: [errno 21] Is a directory
[2025-03-02T19:45:06.147+0000] {logging_mixin.py:149} INFO - Error processing file /mnt/data/raw/velib_api/velib_stations/20250301/202503011200.json: [Errno 21] Failed to open local file '/mnt/data/formatted/velib_api/velib_stations/20250301/202503011200.snappy.parquet'. Detail: [errno 21] Is a directory
[2025-03-02T19:45:06.175+0000] {logging_mixin.py:149} INFO - Error processing file /mnt/data/raw/velib_api/velib_stations/20250301/202503011030.json: [Errno 21] Failed to open local file '/mnt/data/formatted/velib_api/velib_stations/20250301/202503011030.snappy.parquet'. Detail: [errno 21] Is a directory
[2025-03-02T19:45:06.198+0000] {logging_mixin.py:149} INFO - Error processing file /mnt/data/raw/velib_api/velib_stations/20250301/202503011548.json: [Errno 21] Failed to open local file '/mnt/data/formatted/velib_api/velib_stations/20250301/202503011548.snappy.parquet'. Detail: [errno 21] Is a directory
[2025-03-02T19:45:06.207+0000] {logging_mixin.py:149} INFO - Error processing file /mnt/data/raw/velib_api/velib_stations/20250301/202503011315.json: [Errno 21] Failed to open local file '/mnt/data/formatted/velib_api/velib_stations/20250301/202503011315.snappy.parquet'. Detail: [errno 21] Is a directory
[2025-03-02T19:45:06.217+0000] {logging_mixin.py:149} INFO - Error processing file /mnt/data/raw/velib_api/velib_stations/20250301/202503011745.json: [Errno 21] Failed to open local file '/mnt/data/formatted/velib_api/velib_stations/20250301/202503011745.snappy.parquet'. Detail: [errno 21] Is a directory
[2025-03-02T19:45:06.227+0000] {logging_mixin.py:149} INFO - Error processing file /mnt/data/raw/velib_api/velib_stations/20250301/202503011600.json: [Errno 21] Failed to open local file '/mnt/data/formatted/velib_api/velib_stations/20250301/202503011600.snappy.parquet'. Detail: [errno 21] Is a directory
[2025-03-02T19:45:06.236+0000] {logging_mixin.py:149} INFO - Error processing file /mnt/data/raw/velib_api/velib_stations/20250301/202503010011.json: [Errno 21] Failed to open local file '/mnt/data/formatted/velib_api/velib_stations/20250301/202503010011.snappy.parquet'. Detail: [errno 21] Is a directory
[2025-03-02T19:45:06.245+0000] {logging_mixin.py:149} INFO - Error processing file /mnt/data/raw/velib_api/velib_stations/20250301/202503010945.json: [Errno 21] Failed to open local file '/mnt/data/formatted/velib_api/velib_stations/20250301/202503010945.snappy.parquet'. Detail: [errno 21] Is a directory
[2025-03-02T19:45:06.278+0000] {logging_mixin.py:149} INFO - Error processing file /mnt/data/raw/velib_api/velib_stations/20250301/202503011945.json: [Errno 21] Failed to open local file '/mnt/data/formatted/velib_api/velib_stations/20250301/202503011945.snappy.parquet'. Detail: [errno 21] Is a directory
[2025-03-02T19:45:06.287+0000] {logging_mixin.py:149} INFO - Error processing file /mnt/data/raw/velib_api/velib_stations/20250301/202503011800.json: [Errno 21] Failed to open local file '/mnt/data/formatted/velib_api/velib_stations/20250301/202503011800.snappy.parquet'. Detail: [errno 21] Is a directory
[2025-03-02T19:45:06.307+0000] {logging_mixin.py:149} INFO - Error processing file /mnt/data/raw/velib_api/velib_stations/20250301/202503011400.json: [Errno 21] Failed to open local file '/mnt/data/formatted/velib_api/velib_stations/20250301/202503011400.snappy.parquet'. Detail: [errno 21] Is a directory
[2025-03-02T19:45:06.315+0000] {logging_mixin.py:149} INFO - Error processing file /mnt/data/raw/velib_api/velib_stations/20250301/202503011115.json: [Errno 21] Failed to open local file '/mnt/data/formatted/velib_api/velib_stations/20250301/202503011115.snappy.parquet'. Detail: [errno 21] Is a directory
[2025-03-02T19:45:06.323+0000] {logging_mixin.py:149} INFO - Error processing file /mnt/data/raw/velib_api/velib_stations/20250301/202503010006.json: [Errno 21] Failed to open local file '/mnt/data/formatted/velib_api/velib_stations/20250301/202503010006.snappy.parquet'. Detail: [errno 21] Is a directory
[2025-03-02T19:45:06.342+0000] {logging_mixin.py:149} INFO - Error processing file /mnt/data/raw/velib_api/velib_stations/20250301/202503010010.json: [Errno 21] Failed to open local file '/mnt/data/formatted/velib_api/velib_stations/20250301/202503010010.snappy.parquet'. Detail: [errno 21] Is a directory
[2025-03-02T19:45:06.361+0000] {logging_mixin.py:149} INFO - Error processing file /mnt/data/raw/velib_api/velib_stations/20250301/202503011230.json: [Errno 21] Failed to open local file '/mnt/data/formatted/velib_api/velib_stations/20250301/202503011230.snappy.parquet'. Detail: [errno 21] Is a directory
[2025-03-02T19:45:06.382+0000] {logging_mixin.py:149} INFO - Error processing file /mnt/data/raw/velib_api/velib_stations/20250228/202502282010.json: [Errno 21] Failed to open local file '/mnt/data/formatted/velib_api/velib_stations/20250228/202502282010.snappy.parquet'. Detail: [errno 21] Is a directory
[2025-03-02T19:45:06.475+0000] {logging_mixin.py:149} INFO - Error processing file /mnt/data/raw/velib_api/velib_stations/20250228/202502281954.json: [Errno 21] Failed to open local file '/mnt/data/formatted/velib_api/velib_stations/20250228/202502281954.snappy.parquet'. Detail: [errno 21] Is a directory
[2025-03-02T19:45:06.485+0000] {logging_mixin.py:149} INFO - Error processing file /mnt/data/raw/velib_api/velib_stations/20250228/202502282102.json: [Errno 21] Failed to open local file '/mnt/data/formatted/velib_api/velib_stations/20250228/202502282102.snappy.parquet'. Detail: [errno 21] Is a directory
[2025-03-02T19:45:06.496+0000] {logging_mixin.py:149} INFO - Error processing file /mnt/data/raw/velib_api/velib_stations/20250228/202502281942.json: [Errno 21] Failed to open local file '/mnt/data/formatted/velib_api/velib_stations/20250228/202502281942.snappy.parquet'. Detail: [errno 21] Is a directory
[2025-03-02T19:45:06.505+0000] {logging_mixin.py:149} INFO - Error processing file /mnt/data/raw/velib_api/velib_stations/20250228/202502282114.json: [Errno 21] Failed to open local file '/mnt/data/formatted/velib_api/velib_stations/20250228/202502282114.snappy.parquet'. Detail: [errno 21] Is a directory
[2025-03-02T19:45:06.513+0000] {logging_mixin.py:149} INFO - Error processing file /mnt/data/raw/velib_api/velib_stations/20250228/202502281915.json: [Errno 21] Failed to open local file '/mnt/data/formatted/velib_api/velib_stations/20250228/202502281915.snappy.parquet'. Detail: [errno 21] Is a directory
[2025-03-02T19:45:06.521+0000] {logging_mixin.py:149} INFO - Error processing file /mnt/data/raw/velib_api/velib_stations/20250228/202502282006.json: [Errno 21] Failed to open local file '/mnt/data/formatted/velib_api/velib_stations/20250228/202502282006.snappy.parquet'. Detail: [errno 21] Is a directory
[2025-03-02T19:45:06.530+0000] {logging_mixin.py:149} INFO - Error processing file /mnt/data/raw/velib_api/velib_stations/20250228/202502282342.json: [Errno 21] Failed to open local file '/mnt/data/formatted/velib_api/velib_stations/20250228/202502282342.snappy.parquet'. Detail: [errno 21] Is a directory
[2025-03-02T19:45:06.538+0000] {logging_mixin.py:149} INFO - Error processing file /mnt/data/raw/velib_api/velib_stations/20250228/202502281958.json: [Errno 21] Failed to open local file '/mnt/data/formatted/velib_api/velib_stations/20250228/202502281958.snappy.parquet'. Detail: [errno 21] Is a directory
[2025-03-02T19:45:06.546+0000] {logging_mixin.py:149} INFO - Error processing file /mnt/data/raw/velib_api/velib_stations/20250228/202502281348.json: [Errno 21] Failed to open local file '/mnt/data/formatted/velib_api/velib_stations/20250228/202502281348.snappy.parquet'. Detail: [errno 21] Is a directory
[2025-03-02T19:45:06.554+0000] {logging_mixin.py:149} INFO - Error processing file /mnt/data/raw/velib_api/velib_stations/20250228/202502282026.json: [Errno 21] Failed to open local file '/mnt/data/formatted/velib_api/velib_stations/20250228/202502282026.snappy.parquet'. Detail: [errno 21] Is a directory
[2025-03-02T19:45:06.562+0000] {logging_mixin.py:149} INFO - Error processing file /mnt/data/raw/velib_api/velib_stations/20250228/202502282030.json: [Errno 21] Failed to open local file '/mnt/data/formatted/velib_api/velib_stations/20250228/202502282030.snappy.parquet'. Detail: [errno 21] Is a directory
[2025-03-02T19:45:06.570+0000] {logging_mixin.py:149} INFO - Error processing file /mnt/data/raw/velib_api/velib_stations/20250228/202502282318.json: [Errno 21] Failed to open local file '/mnt/data/formatted/velib_api/velib_stations/20250228/202502282318.snappy.parquet'. Detail: [errno 21] Is a directory
[2025-03-02T19:45:06.579+0000] {logging_mixin.py:149} INFO - Error processing file /mnt/data/raw/velib_api/velib_stations/20250228/202502281922.json: [Errno 21] Failed to open local file '/mnt/data/formatted/velib_api/velib_stations/20250228/202502281922.snappy.parquet'. Detail: [errno 21] Is a directory
[2025-03-02T19:45:06.587+0000] {logging_mixin.py:149} INFO - Error processing file /mnt/data/raw/velib_api/velib_stations/20250228/202502281758.json: [Errno 21] Failed to open local file '/mnt/data/formatted/velib_api/velib_stations/20250228/202502281758.snappy.parquet'. Detail: [errno 21] Is a directory
[2025-03-02T19:45:06.595+0000] {logging_mixin.py:149} INFO - Error processing file /mnt/data/raw/velib_api/velib_stations/20250228/202502281934.json: [Errno 21] Failed to open local file '/mnt/data/formatted/velib_api/velib_stations/20250228/202502281934.snappy.parquet'. Detail: [errno 21] Is a directory
[2025-03-02T19:45:06.603+0000] {logging_mixin.py:149} INFO - Error processing file /mnt/data/raw/velib_api/velib_stations/20250228/202502282359.json: [Errno 21] Failed to open local file '/mnt/data/formatted/velib_api/velib_stations/20250228/202502282359.snappy.parquet'. Detail: [errno 21] Is a directory
[2025-03-02T19:45:06.611+0000] {logging_mixin.py:149} INFO - Error processing file /mnt/data/raw/velib_api/velib_stations/20250228/202502281918.json: [Errno 21] Failed to open local file '/mnt/data/formatted/velib_api/velib_stations/20250228/202502281918.snappy.parquet'. Detail: [errno 21] Is a directory
[2025-03-02T19:45:06.620+0000] {logging_mixin.py:149} INFO - Error processing file /mnt/data/raw/velib_api/velib_stations/20250228/202502282322.json: [Errno 21] Failed to open local file '/mnt/data/formatted/velib_api/velib_stations/20250228/202502282322.snappy.parquet'. Detail: [errno 21] Is a directory
[2025-03-02T19:45:06.628+0000] {logging_mixin.py:149} INFO - Error processing file /mnt/data/raw/velib_api/velib_stations/20250228/202502282230.json: [Errno 21] Failed to open local file '/mnt/data/formatted/velib_api/velib_stations/20250228/202502282230.snappy.parquet'. Detail: [errno 21] Is a directory
[2025-03-02T19:45:06.654+0000] {logging_mixin.py:149} INFO - Error processing file /mnt/data/raw/velib_api/velib_stations/20250228/202502282158.json: [Errno 21] Failed to open local file '/mnt/data/formatted/velib_api/velib_stations/20250228/202502282158.snappy.parquet'. Detail: [errno 21] Is a directory
[2025-03-02T19:45:06.664+0000] {logging_mixin.py:149} INFO - Error processing file /mnt/data/raw/velib_api/velib_stations/20250228/202502282206.json: [Errno 21] Failed to open local file '/mnt/data/formatted/velib_api/velib_stations/20250228/202502282206.snappy.parquet'. Detail: [errno 21] Is a directory
[2025-03-02T19:45:06.678+0000] {logging_mixin.py:149} INFO - Error processing file /mnt/data/raw/velib_api/velib_stations/20250228/202502282314.json: [Errno 21] Failed to open local file '/mnt/data/formatted/velib_api/velib_stations/20250228/202502282314.snappy.parquet'. Detail: [errno 21] Is a directory
[2025-03-02T19:45:06.686+0000] {logging_mixin.py:149} INFO - Error processing file /mnt/data/raw/velib_api/velib_stations/20250228/202502282302.json: [Errno 21] Failed to open local file '/mnt/data/formatted/velib_api/velib_stations/20250228/202502282302.snappy.parquet'. Detail: [errno 21] Is a directory
[2025-03-02T19:45:06.694+0000] {logging_mixin.py:149} INFO - Error processing file /mnt/data/raw/velib_api/velib_stations/20250228/202502281938.json: [Errno 21] Failed to open local file '/mnt/data/formatted/velib_api/velib_stations/20250228/202502281938.snappy.parquet'. Detail: [errno 21] Is a directory
[2025-03-02T19:45:06.703+0000] {logging_mixin.py:149} INFO - Error processing file /mnt/data/raw/velib_api/velib_stations/20250228/202502282210.json: [Errno 21] Failed to open local file '/mnt/data/formatted/velib_api/velib_stations/20250228/202502282210.snappy.parquet'. Detail: [errno 21] Is a directory
[2025-03-02T19:45:06.712+0000] {logging_mixin.py:149} INFO - Error processing file /mnt/data/raw/velib_api/velib_stations/20250228/202502282050.json: [Errno 21] Failed to open local file '/mnt/data/formatted/velib_api/velib_stations/20250228/202502282050.snappy.parquet'. Detail: [errno 21] Is a directory
[2025-03-02T19:45:06.720+0000] {logging_mixin.py:149} INFO - Error processing file /mnt/data/raw/velib_api/velib_stations/20250228/202502281739.json: [Errno 21] Failed to open local file '/mnt/data/formatted/velib_api/velib_stations/20250228/202502281739.snappy.parquet'. Detail: [errno 21] Is a directory
[2025-03-02T19:45:06.728+0000] {logging_mixin.py:149} INFO - Error processing file /mnt/data/raw/velib_api/velib_stations/20250228/202502282046.json: [Errno 21] Failed to open local file '/mnt/data/formatted/velib_api/velib_stations/20250228/202502282046.snappy.parquet'. Detail: [errno 21] Is a directory
[2025-03-02T19:45:06.737+0000] {logging_mixin.py:149} INFO - Error processing file /mnt/data/raw/velib_api/velib_stations/20250228/202502282338.json: [Errno 21] Failed to open local file '/mnt/data/formatted/velib_api/velib_stations/20250228/202502282338.snappy.parquet'. Detail: [errno 21] Is a directory
[2025-03-02T19:45:06.745+0000] {logging_mixin.py:149} INFO - Error processing file /mnt/data/raw/velib_api/velib_stations/20250228/202502281909.json: [Errno 21] Failed to open local file '/mnt/data/formatted/velib_api/velib_stations/20250228/202502281909.snappy.parquet'. Detail: [errno 21] Is a directory
[2025-03-02T19:45:06.753+0000] {logging_mixin.py:149} INFO - Error processing file /mnt/data/raw/velib_api/velib_stations/20250228/202502281231.json: [Errno 21] Failed to open local file '/mnt/data/formatted/velib_api/velib_stations/20250228/202502281231.snappy.parquet'. Detail: [errno 21] Is a directory
[2025-03-02T19:45:06.771+0000] {logging_mixin.py:149} INFO - Error processing file /mnt/data/raw/velib_api/velib_stations/20250228/202502282108.json: [Errno 21] Failed to open local file '/mnt/data/formatted/velib_api/velib_stations/20250228/202502282108.snappy.parquet'. Detail: [errno 21] Is a directory
[2025-03-02T19:45:06.780+0000] {logging_mixin.py:149} INFO - Error processing file /mnt/data/raw/velib_api/velib_stations/20250228/202502281732.json: [Errno 21] Failed to open local file '/mnt/data/formatted/velib_api/velib_stations/20250228/202502281732.snappy.parquet'. Detail: [errno 21] Is a directory
[2025-03-02T19:45:06.788+0000] {logging_mixin.py:149} INFO - Error processing file /mnt/data/raw/velib_api/velib_stations/20250228/202502281948.json: [Errno 21] Failed to open local file '/mnt/data/formatted/velib_api/velib_stations/20250228/202502281948.snappy.parquet'. Detail: [errno 21] Is a directory
[2025-03-02T19:45:06.797+0000] {logging_mixin.py:149} INFO - Error processing file /mnt/data/raw/velib_api/velib_stations/20250228/202502282020.json: [Errno 21] Failed to open local file '/mnt/data/formatted/velib_api/velib_stations/20250228/202502282020.snappy.parquet'. Detail: [errno 21] Is a directory
[2025-03-02T19:45:06.805+0000] {logging_mixin.py:149} INFO - Error processing file /mnt/data/raw/velib_api/velib_stations/20250228/202502282036.json: [Errno 21] Failed to open local file '/mnt/data/formatted/velib_api/velib_stations/20250228/202502282036.snappy.parquet'. Detail: [errno 21] Is a directory
[2025-03-02T19:45:06.813+0000] {logging_mixin.py:149} INFO - Error processing file /mnt/data/raw/velib_api/velib_stations/20250228/202502282016.json: [Errno 21] Failed to open local file '/mnt/data/formatted/velib_api/velib_stations/20250228/202502282016.snappy.parquet'. Detail: [errno 21] Is a directory
[2025-03-02T19:45:06.821+0000] {logging_mixin.py:149} INFO - Error processing file /mnt/data/raw/velib_api/velib_stations/20250228/202502281952.json: [Errno 21] Failed to open local file '/mnt/data/formatted/velib_api/velib_stations/20250228/202502281952.snappy.parquet'. Detail: [errno 21] Is a directory
[2025-03-02T19:45:06.830+0000] {logging_mixin.py:149} INFO - Error processing file /mnt/data/raw/velib_api/velib_stations/20250228/202502281817.json: [Errno 21] Failed to open local file '/mnt/data/formatted/velib_api/velib_stations/20250228/202502281817.snappy.parquet'. Detail: [errno 21] Is a directory
[2025-03-02T19:45:06.838+0000] {logging_mixin.py:149} INFO - Error processing file /mnt/data/raw/velib_api/velib_stations/20250228/202502282104.json: [Errno 21] Failed to open local file '/mnt/data/formatted/velib_api/velib_stations/20250228/202502282104.snappy.parquet'. Detail: [errno 21] Is a directory
[2025-03-02T19:45:06.847+0000] {logging_mixin.py:149} INFO - Error processing file /mnt/data/raw/velib_api/velib_stations/20250228/202502281728.json: [Errno 21] Failed to open local file '/mnt/data/formatted/velib_api/velib_stations/20250228/202502281728.snappy.parquet'. Detail: [errno 21] Is a directory
[2025-03-02T19:45:06.856+0000] {logging_mixin.py:149} INFO - Error processing file /mnt/data/raw/velib_api/velib_stations/20250228/202502281944.json: [Errno 21] Failed to open local file '/mnt/data/formatted/velib_api/velib_stations/20250228/202502281944.snappy.parquet'. Detail: [errno 21] Is a directory
[2025-03-02T19:45:06.867+0000] {logging_mixin.py:149} INFO - Error processing file /mnt/data/raw/velib_api/velib_stations/20250228/202502282112.json: [Errno 21] Failed to open local file '/mnt/data/formatted/velib_api/velib_stations/20250228/202502282112.snappy.parquet'. Detail: [errno 21] Is a directory
[2025-03-02T19:45:06.878+0000] {logging_mixin.py:149} INFO - Error processing file /mnt/data/raw/velib_api/velib_stations/20250228/202502282000.json: [Errno 21] Failed to open local file '/mnt/data/formatted/velib_api/velib_stations/20250228/202502282000.snappy.parquet'. Detail: [errno 21] Is a directory
[2025-03-02T19:45:06.887+0000] {logging_mixin.py:149} INFO - Error processing file /mnt/data/raw/velib_api/velib_stations/20250228/202502282256.json: [Errno 21] Failed to open local file '/mnt/data/formatted/velib_api/velib_stations/20250228/202502282256.snappy.parquet'. Detail: [errno 21] Is a directory
[2025-03-02T19:45:06.896+0000] {logging_mixin.py:149} INFO - Error processing file /mnt/data/raw/velib_api/velib_stations/20250228/202502282344.json: [Errno 21] Failed to open local file '/mnt/data/formatted/velib_api/velib_stations/20250228/202502282344.snappy.parquet'. Detail: [errno 21] Is a directory
[2025-03-02T19:45:06.908+0000] {logging_mixin.py:149} INFO - Error processing file /mnt/data/raw/velib_api/velib_stations/20250228/202502281354.json: [Errno 21] Failed to open local file '/mnt/data/formatted/velib_api/velib_stations/20250228/202502281354.snappy.parquet'. Detail: [errno 21] Is a directory
[2025-03-02T19:45:06.920+0000] {logging_mixin.py:149} INFO - Error processing file /mnt/data/raw/velib_api/velib_stations/20250228/202502282200.json: [Errno 21] Failed to open local file '/mnt/data/formatted/velib_api/velib_stations/20250228/202502282200.snappy.parquet'. Detail: [errno 21] Is a directory
[2025-03-02T19:45:06.928+0000] {logging_mixin.py:149} INFO - Error processing file /mnt/data/raw/velib_api/velib_stations/20250228/202502282312.json: [Errno 21] Failed to open local file '/mnt/data/formatted/velib_api/velib_stations/20250228/202502282312.snappy.parquet'. Detail: [errno 21] Is a directory
[2025-03-02T19:45:06.937+0000] {logging_mixin.py:149} INFO - Error processing file /mnt/data/raw/velib_api/velib_stations/20250228/202502281928.json: [Errno 21] Failed to open local file '/mnt/data/formatted/velib_api/velib_stations/20250228/202502281928.snappy.parquet'. Detail: [errno 21] Is a directory
[2025-03-02T19:45:07.010+0000] {logging_mixin.py:149} INFO - Error processing file /mnt/data/raw/velib_api/velib_stations/20250228/202502282304.json: [Errno 21] Failed to open local file '/mnt/data/formatted/velib_api/velib_stations/20250228/202502282304.snappy.parquet'. Detail: [errno 21] Is a directory
[2025-03-02T19:45:07.019+0000] {logging_mixin.py:149} INFO - Error processing file /mnt/data/raw/velib_api/velib_stations/20250228/202502282216.json: [Errno 21] Failed to open local file '/mnt/data/formatted/velib_api/velib_stations/20250228/202502282216.snappy.parquet'. Detail: [errno 21] Is a directory
[2025-03-02T19:45:07.029+0000] {logging_mixin.py:149} INFO - Error processing file /mnt/data/raw/velib_api/velib_stations/20250228/202502281338.json: [Errno 21] Failed to open local file '/mnt/data/formatted/velib_api/velib_stations/20250228/202502281338.snappy.parquet'. Detail: [errno 21] Is a directory
[2025-03-02T19:45:07.038+0000] {logging_mixin.py:149} INFO - Error processing file /mnt/data/raw/velib_api/velib_stations/20250228/202502282328.json: [Errno 21] Failed to open local file '/mnt/data/formatted/velib_api/velib_stations/20250228/202502282328.snappy.parquet'. Detail: [errno 21] Is a directory
[2025-03-02T19:45:07.048+0000] {logging_mixin.py:149} INFO - Error processing file /mnt/data/raw/velib_api/velib_stations/20250228/202502282056.json: [Errno 21] Failed to open local file '/mnt/data/formatted/velib_api/velib_stations/20250228/202502282056.snappy.parquet'. Detail: [errno 21] Is a directory
[2025-03-02T19:45:07.058+0000] {logging_mixin.py:149} INFO - Error processing file /mnt/data/raw/velib_api/velib_stations/20250228/202502282040.json: [Errno 21] Failed to open local file '/mnt/data/formatted/velib_api/velib_stations/20250228/202502282040.snappy.parquet'. Detail: [errno 21] Is a directory
[2025-03-02T19:45:07.067+0000] {logging_mixin.py:149} INFO - Error processing file /mnt/data/raw/velib_api/velib_stations/20250228/202502281924.json: [Errno 21] Failed to open local file '/mnt/data/formatted/velib_api/velib_stations/20250228/202502281924.snappy.parquet'. Detail: [errno 21] Is a directory
[2025-03-02T19:45:07.076+0000] {logging_mixin.py:149} INFO - Error processing file /mnt/data/raw/velib_api/velib_stations/20250228/202502282308.json: [Errno 21] Failed to open local file '/mnt/data/formatted/velib_api/velib_stations/20250228/202502282308.snappy.parquet'. Detail: [errno 21] Is a directory
[2025-03-02T19:45:07.085+0000] {logging_mixin.py:149} INFO - Error processing file /mnt/data/raw/velib_api/velib_stations/20250228/202502281932.json: [Errno 21] Failed to open local file '/mnt/data/formatted/velib_api/velib_stations/20250228/202502281932.snappy.parquet'. Detail: [errno 21] Is a directory
[2025-03-02T19:45:07.094+0000] {logging_mixin.py:149} INFO - Error processing file /mnt/data/raw/velib_api/velib_stations/20250228/202502281436.json: [Errno 21] Failed to open local file '/mnt/data/formatted/velib_api/velib_stations/20250228/202502281436.snappy.parquet'. Detail: [errno 21] Is a directory
[2025-03-02T19:45:07.103+0000] {logging_mixin.py:149} INFO - Error processing file /mnt/data/raw/velib_api/velib_stations/20250228/202502282324.json: [Errno 21] Failed to open local file '/mnt/data/formatted/velib_api/velib_stations/20250228/202502282324.snappy.parquet'. Detail: [errno 21] Is a directory
[2025-03-02T19:45:07.111+0000] {logging_mixin.py:149} INFO - Error processing file /mnt/data/raw/velib_api/velib_stations/20250228/202502282236.json: [Errno 21] Failed to open local file '/mnt/data/formatted/velib_api/velib_stations/20250228/202502282236.snappy.parquet'. Detail: [errno 21] Is a directory
[2025-03-02T19:45:07.120+0000] {logging_mixin.py:149} INFO - Error processing file /mnt/data/raw/velib_api/velib_stations/20250228/202502282220.json: [Errno 21] Failed to open local file '/mnt/data/formatted/velib_api/velib_stations/20250228/202502282220.snappy.parquet'. Detail: [errno 21] Is a directory
[2025-03-02T19:45:07.129+0000] {logging_mixin.py:149} INFO - Error processing file /mnt/data/raw/velib_api/velib_stations/20250228/202502282332.json: [Errno 21] Failed to open local file '/mnt/data/formatted/velib_api/velib_stations/20250228/202502282332.snappy.parquet'. Detail: [errno 21] Is a directory
[2025-03-02T19:45:07.137+0000] {logging_mixin.py:149} INFO - Error processing file /mnt/data/raw/velib_api/velib_stations/20250228/202502282258.json: [Errno 21] Failed to open local file '/mnt/data/formatted/velib_api/velib_stations/20250228/202502282258.snappy.parquet'. Detail: [errno 21] Is a directory
[2025-03-02T19:45:07.146+0000] {logging_mixin.py:149} INFO - Error processing file /mnt/data/raw/velib_api/velib_stations/20250228/202502282034.json: [Errno 21] Failed to open local file '/mnt/data/formatted/velib_api/velib_stations/20250228/202502282034.snappy.parquet'. Detail: [errno 21] Is a directory
[2025-03-02T19:45:07.155+0000] {logging_mixin.py:149} INFO - Error processing file /mnt/data/raw/velib_api/velib_stations/20250228/202502282022.json: [Errno 21] Failed to open local file '/mnt/data/formatted/velib_api/velib_stations/20250228/202502282022.snappy.parquet'. Detail: [errno 21] Is a directory
[2025-03-02T19:45:07.163+0000] {logging_mixin.py:149} INFO - Error processing file /mnt/data/raw/velib_api/velib_stations/20250228/202502281819.json: [Errno 21] Failed to open local file '/mnt/data/formatted/velib_api/velib_stations/20250228/202502281819.snappy.parquet'. Detail: [errno 21] Is a directory
[2025-03-02T19:45:07.172+0000] {logging_mixin.py:149} INFO - Error processing file /mnt/data/raw/velib_api/velib_stations/20250228/202502282018.json: [Errno 21] Failed to open local file '/mnt/data/formatted/velib_api/velib_stations/20250228/202502282018.snappy.parquet'. Detail: [errno 21] Is a directory
[2025-03-02T19:45:07.180+0000] {logging_mixin.py:149} INFO - Error processing file /mnt/data/raw/velib_api/velib_stations/20250228/202502282346.json: [Errno 21] Failed to open local file '/mnt/data/formatted/velib_api/velib_stations/20250228/202502282346.snappy.parquet'. Detail: [errno 21] Is a directory
[2025-03-02T19:45:07.188+0000] {logging_mixin.py:149} INFO - Error processing file /mnt/data/raw/velib_api/velib_stations/20250228/202502282038.json: [Errno 21] Failed to open local file '/mnt/data/formatted/velib_api/velib_stations/20250228/202502282038.snappy.parquet'. Detail: [errno 21] Is a directory
[2025-03-02T19:45:07.196+0000] {logging_mixin.py:149} INFO - Error processing file /mnt/data/raw/velib_api/velib_stations/20250228/202502282254.json: [Errno 21] Failed to open local file '/mnt/data/formatted/velib_api/velib_stations/20250228/202502282254.snappy.parquet'. Detail: [errno 21] Is a directory
[2025-03-02T19:45:07.205+0000] {logging_mixin.py:149} INFO - Error processing file /mnt/data/raw/velib_api/velib_stations/20250228/202502282002.json: [Errno 21] Failed to open local file '/mnt/data/formatted/velib_api/velib_stations/20250228/202502282002.snappy.parquet'. Detail: [errno 21] Is a directory
[2025-03-02T19:45:07.222+0000] {logging_mixin.py:149} INFO - Error processing file /mnt/data/raw/velib_api/velib_stations/20250228/202502282110.json: [Errno 21] Failed to open local file '/mnt/data/formatted/velib_api/velib_stations/20250228/202502282110.snappy.parquet'. Detail: [errno 21] Is a directory
[2025-03-02T19:45:07.234+0000] {logging_mixin.py:149} INFO - Error processing file /mnt/data/raw/velib_api/velib_stations/20250228/202502281803.json: [Errno 21] Failed to open local file '/mnt/data/formatted/velib_api/velib_stations/20250228/202502281803.snappy.parquet'. Detail: [errno 21] Is a directory
[2025-03-02T19:45:07.243+0000] {logging_mixin.py:149} INFO - Error processing file /mnt/data/raw/velib_api/velib_stations/20250228/202502281946.json: [Errno 21] Failed to open local file '/mnt/data/formatted/velib_api/velib_stations/20250228/202502281946.snappy.parquet'. Detail: [errno 21] Is a directory
[2025-03-02T19:45:07.253+0000] {logging_mixin.py:149} INFO - Error processing file /mnt/data/raw/velib_api/velib_stations/20250228/202502282106.json: [Errno 21] Failed to open local file '/mnt/data/formatted/velib_api/velib_stations/20250228/202502282106.snappy.parquet'. Detail: [errno 21] Is a directory
[2025-03-02T19:45:07.262+0000] {logging_mixin.py:149} INFO - Error processing file /mnt/data/raw/velib_api/velib_stations/20250228/202502281950.json: [Errno 21] Failed to open local file '/mnt/data/formatted/velib_api/velib_stations/20250228/202502281950.snappy.parquet'. Detail: [errno 21] Is a directory
[2025-03-02T19:45:07.271+0000] {logging_mixin.py:149} INFO - Error processing file /mnt/data/raw/velib_api/velib_stations/20250228/202502282014.json: [Errno 21] Failed to open local file '/mnt/data/formatted/velib_api/velib_stations/20250228/202502282014.snappy.parquet'. Detail: [errno 21] Is a directory
[2025-03-02T19:45:07.281+0000] {logging_mixin.py:149} INFO - Error processing file /mnt/data/raw/velib_api/velib_stations/20250228/202502281843.json: [Errno 21] Failed to open local file '/mnt/data/formatted/velib_api/velib_stations/20250228/202502281843.snappy.parquet'. Detail: [errno 21] Is a directory
[2025-03-02T19:45:07.292+0000] {logging_mixin.py:149} INFO - Error processing file /mnt/data/raw/velib_api/velib_stations/20250228/202502282042.json: [Errno 21] Failed to open local file '/mnt/data/formatted/velib_api/velib_stations/20250228/202502282042.snappy.parquet'. Detail: [errno 21] Is a directory
[2025-03-02T19:45:07.303+0000] {logging_mixin.py:149} INFO - Error processing file /mnt/data/raw/velib_api/velib_stations/20250228/202502282054.json: [Errno 21] Failed to open local file '/mnt/data/formatted/velib_api/velib_stations/20250228/202502282054.snappy.parquet'. Detail: [errno 21] Is a directory
[2025-03-02T19:45:07.316+0000] {logging_mixin.py:149} INFO - Error processing file /mnt/data/raw/velib_api/velib_stations/20250228/202502281438.json: [Errno 21] Failed to open local file '/mnt/data/formatted/velib_api/velib_stations/20250228/202502281438.snappy.parquet'. Detail: [errno 21] Is a directory
[2025-03-02T19:45:07.324+0000] {logging_mixin.py:149} INFO - Error processing file /mnt/data/raw/velib_api/velib_stations/20250228/202502282214.json: [Errno 21] Failed to open local file '/mnt/data/formatted/velib_api/velib_stations/20250228/202502282214.snappy.parquet'. Detail: [errno 21] Is a directory
[2025-03-02T19:45:07.334+0000] {logging_mixin.py:149} INFO - Error processing file /mnt/data/raw/velib_api/velib_stations/20250228/202502282306.json: [Errno 21] Failed to open local file '/mnt/data/formatted/velib_api/velib_stations/20250228/202502282306.snappy.parquet'. Detail: [errno 21] Is a directory
[2025-03-02T19:45:07.343+0000] {logging_mixin.py:149} INFO - Error processing file /mnt/data/raw/velib_api/velib_stations/20250228/202502282310.json: [Errno 21] Failed to open local file '/mnt/data/formatted/velib_api/velib_stations/20250228/202502282310.snappy.parquet'. Detail: [errno 21] Is a directory
[2025-03-02T19:45:07.351+0000] {logging_mixin.py:149} INFO - Error processing file /mnt/data/raw/velib_api/velib_stations/20250228/202502281300.json: [Errno 21] Failed to open local file '/mnt/data/formatted/velib_api/velib_stations/20250228/202502281300.snappy.parquet'. Detail: [errno 21] Is a directory
[2025-03-02T19:45:07.359+0000] {logging_mixin.py:149} INFO - Error processing file /mnt/data/raw/velib_api/velib_stations/20250228/202502282202.json: [Errno 21] Failed to open local file '/mnt/data/formatted/velib_api/velib_stations/20250228/202502282202.snappy.parquet'. Detail: [errno 21] Is a directory
[2025-03-02T19:45:07.368+0000] {logging_mixin.py:149} INFO - Error processing file /mnt/data/raw/velib_api/velib_stations/20250228/202502281838.json: [Errno 21] Failed to open local file '/mnt/data/formatted/velib_api/velib_stations/20250228/202502281838.snappy.parquet'. Detail: [errno 21] Is a directory
[2025-03-02T19:45:07.376+0000] {logging_mixin.py:149} INFO - Error processing file /mnt/data/raw/velib_api/velib_stations/20250228/202502282330.json: [Errno 21] Failed to open local file '/mnt/data/formatted/velib_api/velib_stations/20250228/202502282330.snappy.parquet'. Detail: [errno 21] Is a directory
[2025-03-02T19:45:07.384+0000] {logging_mixin.py:149} INFO - Error processing file /mnt/data/raw/velib_api/velib_stations/20250228/202502281232.json: [Errno 21] Failed to open local file '/mnt/data/formatted/velib_api/velib_stations/20250228/202502281232.snappy.parquet'. Detail: [errno 21] Is a directory
[2025-03-02T19:45:07.393+0000] {logging_mixin.py:149} INFO - Error processing file /mnt/data/raw/velib_api/velib_stations/20250228/202502282222.json: [Errno 21] Failed to open local file '/mnt/data/formatted/velib_api/velib_stations/20250228/202502282222.snappy.parquet'. Detail: [errno 21] Is a directory
[2025-03-02T19:45:07.401+0000] {logging_mixin.py:149} INFO - Error processing file /mnt/data/raw/velib_api/velib_stations/20250228/202502282058.json: [Errno 21] Failed to open local file '/mnt/data/formatted/velib_api/velib_stations/20250228/202502282058.snappy.parquet'. Detail: [errno 21] Is a directory
[2025-03-02T19:45:07.409+0000] {logging_mixin.py:149} INFO - Error processing file /mnt/data/raw/velib_api/velib_stations/20250228/202502282234.json: [Errno 21] Failed to open local file '/mnt/data/formatted/velib_api/velib_stations/20250228/202502282234.snappy.parquet'. Detail: [errno 21] Is a directory
[2025-03-02T19:45:07.495+0000] {logging_mixin.py:149} INFO - Error processing file /mnt/data/raw/velib_api/velib_stations/20250228/202502282218.json: [Errno 21] Failed to open local file '/mnt/data/formatted/velib_api/velib_stations/20250228/202502282218.snappy.parquet'. Detail: [errno 21] Is a directory
[2025-03-02T19:45:07.505+0000] {logging_mixin.py:149} INFO - Error processing file /mnt/data/raw/velib_api/velib_stations/20250228/202502281930.json: [Errno 21] Failed to open local file '/mnt/data/formatted/velib_api/velib_stations/20250228/202502281930.snappy.parquet'. Detail: [errno 21] Is a directory
[2025-03-02T19:45:07.513+0000] {logging_mixin.py:149} INFO - Error processing file /mnt/data/raw/velib_api/velib_stations/20250228/202502281926.json: [Errno 21] Failed to open local file '/mnt/data/formatted/velib_api/velib_stations/20250228/202502281926.snappy.parquet'. Detail: [errno 21] Is a directory
[2025-03-02T19:45:07.522+0000] {logging_mixin.py:149} INFO - Error processing file /mnt/data/raw/velib_api/velib_stations/20250228/202502282340.json: [Errno 21] Failed to open local file '/mnt/data/formatted/velib_api/velib_stations/20250228/202502282340.snappy.parquet'. Detail: [errno 21] Is a directory
[2025-03-02T19:45:07.531+0000] {logging_mixin.py:149} INFO - Error processing file /mnt/data/raw/velib_api/velib_stations/20250228/202502282252.json: [Errno 21] Failed to open local file '/mnt/data/formatted/velib_api/velib_stations/20250228/202502282252.snappy.parquet'. Detail: [errno 21] Is a directory
[2025-03-02T19:45:07.539+0000] {logging_mixin.py:149} INFO - Error processing file /mnt/data/raw/velib_api/velib_stations/20250228/202502282028.json: [Errno 21] Failed to open local file '/mnt/data/formatted/velib_api/velib_stations/20250228/202502282028.snappy.parquet'. Detail: [errno 21] Is a directory
[2025-03-02T19:45:07.547+0000] {logging_mixin.py:149} INFO - Error processing file /mnt/data/raw/velib_api/velib_stations/20250228/202502281741.json: [Errno 21] Failed to open local file '/mnt/data/formatted/velib_api/velib_stations/20250228/202502281741.snappy.parquet'. Detail: [errno 21] Is a directory
[2025-03-02T19:45:07.556+0000] {logging_mixin.py:149} INFO - Error processing file /mnt/data/raw/velib_api/velib_stations/20250228/202502281346.json: [Errno 21] Failed to open local file '/mnt/data/formatted/velib_api/velib_stations/20250228/202502281346.snappy.parquet'. Detail: [errno 21] Is a directory
[2025-03-02T19:45:07.564+0000] {logging_mixin.py:149} INFO - Error processing file /mnt/data/raw/velib_api/velib_stations/20250228/202502282004.json: [Errno 21] Failed to open local file '/mnt/data/formatted/velib_api/velib_stations/20250228/202502282004.snappy.parquet'. Detail: [errno 21] Is a directory
[2025-03-02T19:45:07.573+0000] {logging_mixin.py:149} INFO - Error processing file /mnt/data/raw/velib_api/velib_stations/20250228/202502282116.json: [Errno 21] Failed to open local file '/mnt/data/formatted/velib_api/velib_stations/20250228/202502282116.snappy.parquet'. Detail: [errno 21] Is a directory
[2025-03-02T19:45:07.581+0000] {logging_mixin.py:149} INFO - Error processing file /mnt/data/raw/velib_api/velib_stations/20250228/202502281413.json: [Errno 21] Failed to open local file '/mnt/data/formatted/velib_api/velib_stations/20250228/202502281413.snappy.parquet'. Detail: [errno 21] Is a directory
[2025-03-02T19:45:07.590+0000] {logging_mixin.py:149} INFO - Error processing file /mnt/data/raw/velib_api/velib_stations/20250228/202502281940.json: [Errno 21] Failed to open local file '/mnt/data/formatted/velib_api/velib_stations/20250228/202502281940.snappy.parquet'. Detail: [errno 21] Is a directory
[2025-03-02T19:45:07.598+0000] {logging_mixin.py:149} INFO - Error processing file /mnt/data/raw/velib_api/velib_stations/20250228/202502282100.json: [Errno 21] Failed to open local file '/mnt/data/formatted/velib_api/velib_stations/20250228/202502282100.snappy.parquet'. Detail: [errno 21] Is a directory
[2025-03-02T19:45:07.606+0000] {logging_mixin.py:149} INFO - Error processing file /mnt/data/raw/velib_api/velib_stations/20250228/202502281956.json: [Errno 21] Failed to open local file '/mnt/data/formatted/velib_api/velib_stations/20250228/202502281956.snappy.parquet'. Detail: [errno 21] Is a directory
[2025-03-02T19:45:07.615+0000] {logging_mixin.py:149} INFO - Error processing file /mnt/data/raw/velib_api/velib_stations/20250228/202502282157.json: [Errno 21] Failed to open local file '/mnt/data/formatted/velib_api/velib_stations/20250228/202502282157.snappy.parquet'. Detail: [errno 21] Is a directory
[2025-03-02T19:45:07.623+0000] {logging_mixin.py:149} INFO - Error processing file /mnt/data/raw/velib_api/velib_stations/20250228/202502282012.json: [Errno 21] Failed to open local file '/mnt/data/formatted/velib_api/velib_stations/20250228/202502282012.snappy.parquet'. Detail: [errno 21] Is a directory
[2025-03-02T19:45:07.632+0000] {logging_mixin.py:149} INFO - Error processing file /mnt/data/raw/velib_api/velib_stations/20250228/202502282032.json: [Errno 21] Failed to open local file '/mnt/data/formatted/velib_api/velib_stations/20250228/202502282032.snappy.parquet'. Detail: [errno 21] Is a directory
[2025-03-02T19:45:07.641+0000] {logging_mixin.py:149} INFO - Error processing file /mnt/data/raw/velib_api/velib_stations/20250228/202502282024.json: [Errno 21] Failed to open local file '/mnt/data/formatted/velib_api/velib_stations/20250228/202502282024.snappy.parquet'. Detail: [errno 21] Is a directory
[2025-03-02T19:45:07.650+0000] {logging_mixin.py:149} INFO - Error processing file /mnt/data/raw/velib_api/velib_stations/20250228/202502281825.json: [Errno 21] Failed to open local file '/mnt/data/formatted/velib_api/velib_stations/20250228/202502281825.snappy.parquet'. Detail: [errno 21] Is a directory
[2025-03-02T19:45:07.658+0000] {logging_mixin.py:149} INFO - Error processing file /mnt/data/raw/velib_api/velib_stations/20250228/202502282008.json: [Errno 21] Failed to open local file '/mnt/data/formatted/velib_api/velib_stations/20250228/202502282008.snappy.parquet'. Detail: [errno 21] Is a directory
[2025-03-02T19:45:07.668+0000] {logging_mixin.py:149} INFO - Error processing file /mnt/data/raw/velib_api/velib_stations/20250228/202502282336.json: [Errno 21] Failed to open local file '/mnt/data/formatted/velib_api/velib_stations/20250228/202502282336.snappy.parquet'. Detail: [errno 21] Is a directory
[2025-03-02T19:45:07.677+0000] {logging_mixin.py:149} INFO - Error processing file /mnt/data/raw/velib_api/velib_stations/20250228/202502282048.json: [Errno 21] Failed to open local file '/mnt/data/formatted/velib_api/velib_stations/20250228/202502282048.snappy.parquet'. Detail: [errno 21] Is a directory
[2025-03-02T19:45:07.685+0000] {logging_mixin.py:149} INFO - Error processing file /mnt/data/raw/velib_api/velib_stations/20250228/202502281234.json: [Errno 21] Failed to open local file '/mnt/data/formatted/velib_api/velib_stations/20250228/202502281234.snappy.parquet'. Detail: [errno 21] Is a directory
[2025-03-02T19:45:07.694+0000] {logging_mixin.py:149} INFO - Error processing file /mnt/data/raw/velib_api/velib_stations/20250228/202502282224.json: [Errno 21] Failed to open local file '/mnt/data/formatted/velib_api/velib_stations/20250228/202502282224.snappy.parquet'. Detail: [errno 21] Is a directory
[2025-03-02T19:45:07.704+0000] {logging_mixin.py:149} INFO - Error processing file /mnt/data/raw/velib_api/velib_stations/20250228/202502282232.json: [Errno 21] Failed to open local file '/mnt/data/formatted/velib_api/velib_stations/20250228/202502282232.snappy.parquet'. Detail: [errno 21] Is a directory
[2025-03-02T19:45:07.713+0000] {logging_mixin.py:149} INFO - Error processing file /mnt/data/raw/velib_api/velib_stations/20250228/202502282320.json: [Errno 21] Failed to open local file '/mnt/data/formatted/velib_api/velib_stations/20250228/202502282320.snappy.parquet'. Detail: [errno 21] Is a directory
[2025-03-02T19:45:07.724+0000] {logging_mixin.py:149} INFO - Error processing file /mnt/data/raw/velib_api/velib_stations/20250228/202502281936.json: [Errno 21] Failed to open local file '/mnt/data/formatted/velib_api/velib_stations/20250228/202502281936.snappy.parquet'. Detail: [errno 21] Is a directory
[2025-03-02T19:45:07.734+0000] {logging_mixin.py:149} INFO - Error processing file /mnt/data/raw/velib_api/velib_stations/20250228/202502281920.json: [Errno 21] Failed to open local file '/mnt/data/formatted/velib_api/velib_stations/20250228/202502281920.snappy.parquet'. Detail: [errno 21] Is a directory
[2025-03-02T19:45:07.745+0000] {logging_mixin.py:149} INFO - Error processing file /mnt/data/raw/velib_api/velib_stations/20250228/202502282208.json: [Errno 21] Failed to open local file '/mnt/data/formatted/velib_api/velib_stations/20250228/202502282208.snappy.parquet'. Detail: [errno 21] Is a directory
[2025-03-02T19:45:07.756+0000] {logging_mixin.py:149} INFO - Error processing file /mnt/data/raw/velib_api/velib_stations/20250228/202502282228.json: [Errno 21] Failed to open local file '/mnt/data/formatted/velib_api/velib_stations/20250228/202502282228.snappy.parquet'. Detail: [errno 21] Is a directory
[2025-03-02T19:45:07.764+0000] {logging_mixin.py:149} INFO - Error processing file /mnt/data/raw/velib_api/velib_stations/20250228/202502281238.json: [Errno 21] Failed to open local file '/mnt/data/formatted/velib_api/velib_stations/20250228/202502281238.snappy.parquet'. Detail: [errno 21] Is a directory
[2025-03-02T19:45:07.775+0000] {logging_mixin.py:149} INFO - Error processing file /mnt/data/raw/velib_api/velib_stations/20250228/202502282044.json: [Errno 21] Failed to open local file '/mnt/data/formatted/velib_api/velib_stations/20250228/202502282044.snappy.parquet'. Detail: [errno 21] Is a directory
[2025-03-02T19:45:07.784+0000] {logging_mixin.py:149} INFO - Error processing file /mnt/data/raw/velib_api/velib_stations/20250228/202502282052.json: [Errno 21] Failed to open local file '/mnt/data/formatted/velib_api/velib_stations/20250228/202502282052.snappy.parquet'. Detail: [errno 21] Is a directory
[2025-03-02T19:45:07.797+0000] {logging_mixin.py:149} INFO - Error processing file /mnt/data/raw/velib_api/velib_stations/20250228/202502281916.json: [Errno 21] Failed to open local file '/mnt/data/formatted/velib_api/velib_stations/20250228/202502281916.snappy.parquet'. Detail: [errno 21] Is a directory
[2025-03-02T19:45:07.808+0000] {logging_mixin.py:149} INFO - Error processing file /mnt/data/raw/velib_api/velib_stations/20250228/202502282212.json: [Errno 21] Failed to open local file '/mnt/data/formatted/velib_api/velib_stations/20250228/202502282212.snappy.parquet'. Detail: [errno 21] Is a directory
[2025-03-02T19:45:07.818+0000] {logging_mixin.py:149} INFO - Error processing file /mnt/data/raw/velib_api/velib_stations/20250228/202502281828.json: [Errno 21] Failed to open local file '/mnt/data/formatted/velib_api/velib_stations/20250228/202502281828.snappy.parquet'. Detail: [errno 21] Is a directory
[2025-03-02T19:45:07.827+0000] {logging_mixin.py:149} INFO - Error processing file /mnt/data/raw/velib_api/velib_stations/20250228/202502282300.json: [Errno 21] Failed to open local file '/mnt/data/formatted/velib_api/velib_stations/20250228/202502282300.snappy.parquet'. Detail: [errno 21] Is a directory
[2025-03-02T19:45:07.840+0000] {logging_mixin.py:149} INFO - Error processing file /mnt/data/raw/velib_api/velib_stations/20250228/202502282316.json: [Errno 21] Failed to open local file '/mnt/data/formatted/velib_api/velib_stations/20250228/202502282316.snappy.parquet'. Detail: [errno 21] Is a directory
[2025-03-02T19:45:07.849+0000] {logging_mixin.py:149} INFO - Error processing file /mnt/data/raw/velib_api/velib_stations/20250228/202502281306.json: [Errno 21] Failed to open local file '/mnt/data/formatted/velib_api/velib_stations/20250228/202502281306.snappy.parquet'. Detail: [errno 21] Is a directory
[2025-03-02T19:45:07.859+0000] {logging_mixin.py:149} INFO - Error processing file /mnt/data/raw/velib_api/velib_stations/20250228/202502282204.json: [Errno 21] Failed to open local file '/mnt/data/formatted/velib_api/velib_stations/20250228/202502282204.snappy.parquet'. Detail: [errno 21] Is a directory
[2025-03-02T19:45:07.868+0000] {logging_mixin.py:149} INFO - Error processing file /mnt/data/raw/velib_api/velib_stations/20250227/202502272248.json: [Errno 21] Failed to open local file '/mnt/data/formatted/velib_api/velib_stations/20250227/202502272248.snappy.parquet'. Detail: [errno 21] Is a directory
[2025-03-02T19:45:07.877+0000] {logging_mixin.py:149} INFO - Error processing file /mnt/data/raw/velib_api/velib_stations/20250227/202502272253.json: [Errno 21] Failed to open local file '/mnt/data/formatted/velib_api/velib_stations/20250227/202502272253.snappy.parquet'. Detail: [errno 21] Is a directory
[2025-03-02T19:45:07.887+0000] {logging_mixin.py:149} INFO - Error processing file /mnt/data/raw/velib_api/velib_stations/20250227/202502272245.json: [Errno 21] Failed to open local file '/mnt/data/formatted/velib_api/velib_stations/20250227/202502272245.snappy.parquet'. Detail: [errno 21] Is a directory
[2025-03-02T19:45:07.901+0000] {logging_mixin.py:149} INFO - Error processing file /mnt/data/raw/velib_api/velib_stations/20250227/202502272300.json: [Errno 21] Failed to open local file '/mnt/data/formatted/velib_api/velib_stations/20250227/202502272300.snappy.parquet'. Detail: [errno 21] Is a directory
[2025-03-02T19:45:07.909+0000] {logging_mixin.py:149} INFO - Error processing file /mnt/data/raw/velib_api/velib_stations/20250227/202502272242.json: [Errno 21] Failed to open local file '/mnt/data/formatted/velib_api/velib_stations/20250227/202502272242.snappy.parquet'. Detail: [errno 21] Is a directory
[2025-03-02T19:45:07.917+0000] {logging_mixin.py:149} INFO - Error processing file /mnt/data/raw/velib_api/velib_stations/20250227/202502272306.json: [Errno 21] Failed to open local file '/mnt/data/formatted/velib_api/velib_stations/20250227/202502272306.snappy.parquet'. Detail: [errno 21] Is a directory
[2025-03-02T19:45:07.926+0000] {logging_mixin.py:149} INFO - Error processing file /mnt/data/raw/velib_api/velib_stations/20250227/202502272234.json: [Errno 21] Failed to open local file '/mnt/data/formatted/velib_api/velib_stations/20250227/202502272234.snappy.parquet'. Detail: [errno 21] Is a directory
[2025-03-02T19:45:07.933+0000] {logging_mixin.py:149} INFO - Error processing file /mnt/data/raw/velib_api/velib_stations/20250227/202502272259.json: [Errno 21] Failed to open local file '/mnt/data/formatted/velib_api/velib_stations/20250227/202502272259.snappy.parquet'. Detail: [errno 21] Is a directory
[2025-03-02T19:45:07.941+0000] {logging_mixin.py:149} INFO - Error processing file /mnt/data/raw/velib_api/velib_stations/20250227/202502272304.json: [Errno 21] Failed to open local file '/mnt/data/formatted/velib_api/velib_stations/20250227/202502272304.snappy.parquet'. Detail: [errno 21] Is a directory
[2025-03-02T19:45:07.949+0000] {logging_mixin.py:149} INFO - Error processing file /mnt/data/raw/velib_api/velib_stations/20250227/202502272312.json: [Errno 21] Failed to open local file '/mnt/data/formatted/velib_api/velib_stations/20250227/202502272312.snappy.parquet'. Detail: [errno 21] Is a directory
[2025-03-02T19:45:07.957+0000] {logging_mixin.py:149} INFO - Error processing file /mnt/data/raw/velib_api/velib_stations/20250227/202502272334.json: [Errno 21] Failed to open local file '/mnt/data/formatted/velib_api/velib_stations/20250227/202502272334.snappy.parquet'. Detail: [errno 21] Is a directory
[2025-03-02T19:45:08.029+0000] {logging_mixin.py:149} INFO - Error processing file /mnt/data/raw/velib_api/velib_stations/20250227/202502272302.json: [Errno 21] Failed to open local file '/mnt/data/formatted/velib_api/velib_stations/20250227/202502272302.snappy.parquet'. Detail: [errno 21] Is a directory
[2025-03-02T19:45:08.485+0000] {python.py:183} INFO - Done. Returned value was: None
[2025-03-02T19:45:08.496+0000] {taskinstance.py:1373} INFO - Marking task as SUCCESS. dag_id=api_to_db_dag, task_id=process_raw_velib_station, execution_date=20250302T193000, start_date=20250302T194505, end_date=20250302T194508
[2025-03-02T19:45:08.531+0000] {local_task_job_runner.py:232} INFO - Task exited with return code 0
[2025-03-02T19:45:08.555+0000] {taskinstance.py:2674} INFO - 1 downstream tasks scheduled from follow-on schedule check
