[2025-03-02T19:15:08.599+0000] {taskinstance.py:1125} INFO - Dependencies all met for dep_context=non-requeueable deps ti=<TaskInstance: api_to_db_dag.save_raw_station_details_information scheduled__2025-03-02T19:00:00+00:00 [queued]>
[2025-03-02T19:15:08.618+0000] {taskinstance.py:1125} INFO - Dependencies all met for dep_context=requeueable deps ti=<TaskInstance: api_to_db_dag.save_raw_station_details_information scheduled__2025-03-02T19:00:00+00:00 [queued]>
[2025-03-02T19:15:08.619+0000] {taskinstance.py:1331} INFO - Starting attempt 1 of 2
[2025-03-02T19:15:08.634+0000] {taskinstance.py:1350} INFO - Executing <Task(PythonOperator): save_raw_station_details_information> on 2025-03-02 19:00:00+00:00
[2025-03-02T19:15:08.646+0000] {clientserver.py:543} INFO - Closing down clientserver connection
[2025-03-02T19:15:08.646+0000] {standard_task_runner.py:57} INFO - Started process 65289 to run task
[2025-03-02T19:15:08.651+0000] {standard_task_runner.py:84} INFO - Running: ['***', 'tasks', 'run', 'api_to_db_dag', 'save_raw_station_details_information', 'scheduled__2025-03-02T19:00:00+00:00', '--job-id', '183', '--raw', '--subdir', 'DAGS_FOLDER/dag.py', '--cfg-path', '/tmp/tmpdabui8u6']
[2025-03-02T19:15:08.653+0000] {standard_task_runner.py:85} INFO - Job 183: Subtask save_raw_station_details_information
[2025-03-02T19:15:08.699+0000] {task_command.py:410} INFO - Running <TaskInstance: api_to_db_dag.save_raw_station_details_information scheduled__2025-03-02T19:00:00+00:00 [running]> on host 3befbd719c1b
[2025-03-02T19:15:08.757+0000] {taskinstance.py:1570} INFO - Exporting env vars: AIRFLOW_CTX_DAG_OWNER='***' AIRFLOW_CTX_DAG_ID='api_to_db_dag' AIRFLOW_CTX_TASK_ID='save_raw_station_details_information' AIRFLOW_CTX_EXECUTION_DATE='2025-03-02T19:00:00+00:00' AIRFLOW_CTX_TRY_NUMBER='1' AIRFLOW_CTX_DAG_RUN_ID='scheduled__2025-03-02T19:00:00+00:00'
[2025-03-02T19:15:08.802+0000] {datalake_saver.py:45} INFO - Data saved successfully to /mnt/data/raw/velib_api/station_information/20250302/202503021915.json
[2025-03-02T19:15:08.802+0000] {python.py:183} INFO - Done. Returned value was: /mnt/data/raw/velib_api/station_information/20250302/202503021915.json
[2025-03-02T19:15:08.817+0000] {taskinstance.py:1373} INFO - Marking task as SUCCESS. dag_id=api_to_db_dag, task_id=save_raw_station_details_information, execution_date=20250302T190000, start_date=20250302T191508, end_date=20250302T191508
[2025-03-02T19:15:08.874+0000] {local_task_job_runner.py:232} INFO - Task exited with return code 0
[2025-03-02T19:15:08.899+0000] {taskinstance.py:2674} INFO - 1 downstream tasks scheduled from follow-on schedule check
[2025-03-02T19:20:28.402+0000] {taskinstance.py:1125} INFO - Dependencies all met for dep_context=non-requeueable deps ti=<TaskInstance: api_to_db_dag.save_raw_station_details_information scheduled__2025-03-02T19:00:00+00:00 [queued]>
[2025-03-02T19:20:28.417+0000] {taskinstance.py:1125} INFO - Dependencies all met for dep_context=requeueable deps ti=<TaskInstance: api_to_db_dag.save_raw_station_details_information scheduled__2025-03-02T19:00:00+00:00 [queued]>
[2025-03-02T19:20:28.418+0000] {taskinstance.py:1331} INFO - Starting attempt 1 of 2
[2025-03-02T19:20:28.444+0000] {taskinstance.py:1350} INFO - Executing <Task(PythonOperator): save_raw_station_details_information> on 2025-03-02 19:00:00+00:00
[2025-03-02T19:20:28.452+0000] {clientserver.py:543} INFO - Closing down clientserver connection
[2025-03-02T19:20:28.452+0000] {standard_task_runner.py:57} INFO - Started process 76665 to run task
[2025-03-02T19:20:28.461+0000] {standard_task_runner.py:84} INFO - Running: ['***', 'tasks', 'run', 'api_to_db_dag', 'save_raw_station_details_information', 'scheduled__2025-03-02T19:00:00+00:00', '--job-id', '191', '--raw', '--subdir', 'DAGS_FOLDER/dag.py', '--cfg-path', '/tmp/tmp6mql9zio']
[2025-03-02T19:20:28.470+0000] {standard_task_runner.py:85} INFO - Job 191: Subtask save_raw_station_details_information
[2025-03-02T19:20:28.553+0000] {task_command.py:410} INFO - Running <TaskInstance: api_to_db_dag.save_raw_station_details_information scheduled__2025-03-02T19:00:00+00:00 [running]> on host 3befbd719c1b
[2025-03-02T19:20:28.638+0000] {taskinstance.py:1570} INFO - Exporting env vars: AIRFLOW_CTX_DAG_OWNER='***' AIRFLOW_CTX_DAG_ID='api_to_db_dag' AIRFLOW_CTX_TASK_ID='save_raw_station_details_information' AIRFLOW_CTX_EXECUTION_DATE='2025-03-02T19:00:00+00:00' AIRFLOW_CTX_TRY_NUMBER='1' AIRFLOW_CTX_DAG_RUN_ID='scheduled__2025-03-02T19:00:00+00:00'
[2025-03-02T19:20:28.700+0000] {datalake_saver.py:45} INFO - Data saved successfully to /mnt/data/raw/velib_api/station_information/20250302/202503021920.json
[2025-03-02T19:20:28.700+0000] {python.py:183} INFO - Done. Returned value was: /mnt/data/raw/velib_api/station_information/20250302/202503021920.json
[2025-03-02T19:20:28.714+0000] {taskinstance.py:1373} INFO - Marking task as SUCCESS. dag_id=api_to_db_dag, task_id=save_raw_station_details_information, execution_date=20250302T190000, start_date=20250302T192028, end_date=20250302T192028
[2025-03-02T19:20:28.728+0000] {local_task_job_runner.py:232} INFO - Task exited with return code 0
[2025-03-02T19:20:28.756+0000] {taskinstance.py:2674} INFO - 1 downstream tasks scheduled from follow-on schedule check
[2025-03-02T19:21:29.207+0000] {taskinstance.py:1125} INFO - Dependencies all met for dep_context=non-requeueable deps ti=<TaskInstance: api_to_db_dag.save_raw_station_details_information scheduled__2025-03-02T19:00:00+00:00 [queued]>
[2025-03-02T19:21:29.221+0000] {taskinstance.py:1125} INFO - Dependencies all met for dep_context=requeueable deps ti=<TaskInstance: api_to_db_dag.save_raw_station_details_information scheduled__2025-03-02T19:00:00+00:00 [queued]>
[2025-03-02T19:21:29.228+0000] {taskinstance.py:1331} INFO - Starting attempt 1 of 2
[2025-03-02T19:21:29.279+0000] {taskinstance.py:1350} INFO - Executing <Task(PythonOperator): save_raw_station_details_information> on 2025-03-02 19:00:00+00:00
[2025-03-02T19:21:29.338+0000] {standard_task_runner.py:57} INFO - Started process 79967 to run task
[2025-03-02T19:21:29.371+0000] {standard_task_runner.py:84} INFO - Running: ['***', 'tasks', 'run', 'api_to_db_dag', 'save_raw_station_details_information', 'scheduled__2025-03-02T19:00:00+00:00', '--job-id', '203', '--raw', '--subdir', 'DAGS_FOLDER/dag.py', '--cfg-path', '/tmp/tmpz9g6ibww']
[2025-03-02T19:21:29.383+0000] {standard_task_runner.py:85} INFO - Job 203: Subtask save_raw_station_details_information
[2025-03-02T19:21:29.565+0000] {task_command.py:410} INFO - Running <TaskInstance: api_to_db_dag.save_raw_station_details_information scheduled__2025-03-02T19:00:00+00:00 [running]> on host 3befbd719c1b
[2025-03-02T19:21:29.776+0000] {taskinstance.py:1570} INFO - Exporting env vars: AIRFLOW_CTX_DAG_OWNER='***' AIRFLOW_CTX_DAG_ID='api_to_db_dag' AIRFLOW_CTX_TASK_ID='save_raw_station_details_information' AIRFLOW_CTX_EXECUTION_DATE='2025-03-02T19:00:00+00:00' AIRFLOW_CTX_TRY_NUMBER='1' AIRFLOW_CTX_DAG_RUN_ID='scheduled__2025-03-02T19:00:00+00:00'
[2025-03-02T19:21:29.981+0000] {datalake_saver.py:45} INFO - Data saved successfully to /mnt/data/raw/velib_api/station_information/20250302/202503021921.json
[2025-03-02T19:21:29.982+0000] {python.py:183} INFO - Done. Returned value was: /mnt/data/raw/velib_api/station_information/20250302/202503021921.json
[2025-03-02T19:21:30.035+0000] {taskinstance.py:1373} INFO - Marking task as SUCCESS. dag_id=api_to_db_dag, task_id=save_raw_station_details_information, execution_date=20250302T190000, start_date=20250302T192129, end_date=20250302T192130
[2025-03-02T19:21:30.110+0000] {local_task_job_runner.py:232} INFO - Task exited with return code 0
[2025-03-02T19:21:30.196+0000] {taskinstance.py:2674} INFO - 1 downstream tasks scheduled from follow-on schedule check
