[2025-03-02T19:00:01.899+0000] {taskinstance.py:1125} INFO - Dependencies all met for dep_context=non-requeueable deps ti=<TaskInstance: api_to_db_dag.get_station_information scheduled__2025-03-02T18:45:00+00:00 [queued]>
[2025-03-02T19:00:01.907+0000] {taskinstance.py:1125} INFO - Dependencies all met for dep_context=requeueable deps ti=<TaskInstance: api_to_db_dag.get_station_information scheduled__2025-03-02T18:45:00+00:00 [queued]>
[2025-03-02T19:00:01.907+0000] {taskinstance.py:1331} INFO - Starting attempt 1 of 2
[2025-03-02T19:00:01.919+0000] {taskinstance.py:1350} INFO - Executing <Task(SimpleHttpOperator): get_station_information> on 2025-03-02 18:45:00+00:00
[2025-03-02T19:00:01.929+0000] {standard_task_runner.py:57} INFO - Started process 15423 to run task
[2025-03-02T19:00:01.932+0000] {standard_task_runner.py:84} INFO - Running: ['***', 'tasks', 'run', 'api_to_db_dag', 'get_station_information', 'scheduled__2025-03-02T18:45:00+00:00', '--job-id', '146', '--raw', '--subdir', 'DAGS_FOLDER/dag.py', '--cfg-path', '/tmp/tmp8xx5dqd0']
[2025-03-02T19:00:01.935+0000] {standard_task_runner.py:85} INFO - Job 146: Subtask get_station_information
[2025-03-02T19:00:01.972+0000] {task_command.py:410} INFO - Running <TaskInstance: api_to_db_dag.get_station_information scheduled__2025-03-02T18:45:00+00:00 [running]> on host 3befbd719c1b
[2025-03-02T19:00:02.029+0000] {taskinstance.py:1570} INFO - Exporting env vars: AIRFLOW_CTX_DAG_OWNER='***' AIRFLOW_CTX_DAG_ID='api_to_db_dag' AIRFLOW_CTX_TASK_ID='get_station_information' AIRFLOW_CTX_EXECUTION_DATE='2025-03-02T18:45:00+00:00' AIRFLOW_CTX_TRY_NUMBER='1' AIRFLOW_CTX_DAG_RUN_ID='scheduled__2025-03-02T18:45:00+00:00'
[2025-03-02T19:00:02.030+0000] {http.py:123} INFO - Calling HTTP method
[2025-03-02T19:00:02.036+0000] {base.py:73} INFO - Using connection ID 'velib_api_connection' for task execution.
[2025-03-02T19:00:02.265+0000] {taskinstance.py:1373} INFO - Marking task as SUCCESS. dag_id=api_to_db_dag, task_id=get_station_information, execution_date=20250302T184500, start_date=20250302T190001, end_date=20250302T190002
[2025-03-02T19:00:02.276+0000] {local_task_job_runner.py:232} INFO - Task exited with return code 0
[2025-03-02T19:00:02.296+0000] {taskinstance.py:2674} INFO - 1 downstream tasks scheduled from follow-on schedule check
[2025-03-02T19:01:51.071+0000] {taskinstance.py:1125} INFO - Dependencies all met for dep_context=non-requeueable deps ti=<TaskInstance: api_to_db_dag.get_station_information scheduled__2025-03-02T18:45:00+00:00 [queued]>
[2025-03-02T19:01:51.085+0000] {taskinstance.py:1125} INFO - Dependencies all met for dep_context=requeueable deps ti=<TaskInstance: api_to_db_dag.get_station_information scheduled__2025-03-02T18:45:00+00:00 [queued]>
[2025-03-02T19:01:51.085+0000] {taskinstance.py:1331} INFO - Starting attempt 1 of 2
[2025-03-02T19:01:51.106+0000] {taskinstance.py:1350} INFO - Executing <Task(SimpleHttpOperator): get_station_information> on 2025-03-02 18:45:00+00:00
[2025-03-02T19:01:51.118+0000] {clientserver.py:543} INFO - Closing down clientserver connection
[2025-03-02T19:01:51.118+0000] {standard_task_runner.py:57} INFO - Started process 20691 to run task
[2025-03-02T19:01:51.135+0000] {standard_task_runner.py:84} INFO - Running: ['***', 'tasks', 'run', 'api_to_db_dag', 'get_station_information', 'scheduled__2025-03-02T18:45:00+00:00', '--job-id', '153', '--raw', '--subdir', 'DAGS_FOLDER/dag.py', '--cfg-path', '/tmp/tmpq1_w954i']
[2025-03-02T19:01:51.145+0000] {standard_task_runner.py:85} INFO - Job 153: Subtask get_station_information
[2025-03-02T19:01:51.247+0000] {task_command.py:410} INFO - Running <TaskInstance: api_to_db_dag.get_station_information scheduled__2025-03-02T18:45:00+00:00 [running]> on host 3befbd719c1b
[2025-03-02T19:01:51.337+0000] {taskinstance.py:1570} INFO - Exporting env vars: AIRFLOW_CTX_DAG_OWNER='***' AIRFLOW_CTX_DAG_ID='api_to_db_dag' AIRFLOW_CTX_TASK_ID='get_station_information' AIRFLOW_CTX_EXECUTION_DATE='2025-03-02T18:45:00+00:00' AIRFLOW_CTX_TRY_NUMBER='1' AIRFLOW_CTX_DAG_RUN_ID='scheduled__2025-03-02T18:45:00+00:00'
[2025-03-02T19:01:51.338+0000] {http.py:123} INFO - Calling HTTP method
[2025-03-02T19:01:51.344+0000] {base.py:73} INFO - Using connection ID 'velib_api_connection' for task execution.
[2025-03-02T19:01:51.529+0000] {taskinstance.py:1373} INFO - Marking task as SUCCESS. dag_id=api_to_db_dag, task_id=get_station_information, execution_date=20250302T184500, start_date=20250302T190151, end_date=20250302T190151
[2025-03-02T19:01:51.558+0000] {local_task_job_runner.py:232} INFO - Task exited with return code 0
[2025-03-02T19:01:51.589+0000] {taskinstance.py:2674} INFO - 1 downstream tasks scheduled from follow-on schedule check
[2025-03-02T19:06:49.436+0000] {taskinstance.py:1125} INFO - Dependencies all met for dep_context=non-requeueable deps ti=<TaskInstance: api_to_db_dag.get_station_information scheduled__2025-03-02T18:45:00+00:00 [queued]>
[2025-03-02T19:06:49.479+0000] {taskinstance.py:1125} INFO - Dependencies all met for dep_context=requeueable deps ti=<TaskInstance: api_to_db_dag.get_station_information scheduled__2025-03-02T18:45:00+00:00 [queued]>
[2025-03-02T19:06:49.481+0000] {taskinstance.py:1331} INFO - Starting attempt 1 of 2
[2025-03-02T19:06:49.550+0000] {taskinstance.py:1350} INFO - Executing <Task(SimpleHttpOperator): get_station_information> on 2025-03-02 18:45:00+00:00
[2025-03-02T19:06:49.626+0000] {standard_task_runner.py:57} INFO - Started process 41982 to run task
[2025-03-02T19:06:49.630+0000] {clientserver.py:543} INFO - Closing down clientserver connection
[2025-03-02T19:06:49.646+0000] {standard_task_runner.py:84} INFO - Running: ['***', 'tasks', 'run', 'api_to_db_dag', 'get_station_information', 'scheduled__2025-03-02T18:45:00+00:00', '--job-id', '166', '--raw', '--subdir', 'DAGS_FOLDER/dag.py', '--cfg-path', '/tmp/tmp8fe8uknu']
[2025-03-02T19:06:49.652+0000] {standard_task_runner.py:85} INFO - Job 166: Subtask get_station_information
[2025-03-02T19:06:49.887+0000] {task_command.py:410} INFO - Running <TaskInstance: api_to_db_dag.get_station_information scheduled__2025-03-02T18:45:00+00:00 [running]> on host 3befbd719c1b
[2025-03-02T19:06:50.233+0000] {taskinstance.py:1570} INFO - Exporting env vars: AIRFLOW_CTX_DAG_OWNER='***' AIRFLOW_CTX_DAG_ID='api_to_db_dag' AIRFLOW_CTX_TASK_ID='get_station_information' AIRFLOW_CTX_EXECUTION_DATE='2025-03-02T18:45:00+00:00' AIRFLOW_CTX_TRY_NUMBER='1' AIRFLOW_CTX_DAG_RUN_ID='scheduled__2025-03-02T18:45:00+00:00'
[2025-03-02T19:06:50.238+0000] {http.py:123} INFO - Calling HTTP method
[2025-03-02T19:06:50.285+0000] {base.py:73} INFO - Using connection ID 'velib_api_connection' for task execution.
[2025-03-02T19:06:50.758+0000] {taskinstance.py:1373} INFO - Marking task as SUCCESS. dag_id=api_to_db_dag, task_id=get_station_information, execution_date=20250302T184500, start_date=20250302T190649, end_date=20250302T190650
[2025-03-02T19:06:50.833+0000] {local_task_job_runner.py:232} INFO - Task exited with return code 0
[2025-03-02T19:06:50.951+0000] {taskinstance.py:2674} INFO - 1 downstream tasks scheduled from follow-on schedule check
[2025-03-02T19:07:17.199+0000] {taskinstance.py:1125} INFO - Dependencies all met for dep_context=non-requeueable deps ti=<TaskInstance: api_to_db_dag.get_station_information scheduled__2025-03-02T18:45:00+00:00 [queued]>
[2025-03-02T19:07:17.213+0000] {taskinstance.py:1125} INFO - Dependencies all met for dep_context=requeueable deps ti=<TaskInstance: api_to_db_dag.get_station_information scheduled__2025-03-02T18:45:00+00:00 [queued]>
[2025-03-02T19:07:17.214+0000] {taskinstance.py:1331} INFO - Starting attempt 1 of 2
[2025-03-02T19:07:17.238+0000] {taskinstance.py:1350} INFO - Executing <Task(SimpleHttpOperator): get_station_information> on 2025-03-02 18:45:00+00:00
[2025-03-02T19:07:17.247+0000] {standard_task_runner.py:57} INFO - Started process 43395 to run task
[2025-03-02T19:07:17.250+0000] {clientserver.py:543} INFO - Closing down clientserver connection
[2025-03-02T19:07:17.264+0000] {standard_task_runner.py:84} INFO - Running: ['***', 'tasks', 'run', 'api_to_db_dag', 'get_station_information', 'scheduled__2025-03-02T18:45:00+00:00', '--job-id', '174', '--raw', '--subdir', 'DAGS_FOLDER/dag.py', '--cfg-path', '/tmp/tmpokum8tmf']
[2025-03-02T19:07:17.268+0000] {standard_task_runner.py:85} INFO - Job 174: Subtask get_station_information
[2025-03-02T19:07:17.422+0000] {task_command.py:410} INFO - Running <TaskInstance: api_to_db_dag.get_station_information scheduled__2025-03-02T18:45:00+00:00 [running]> on host 3befbd719c1b
[2025-03-02T19:07:17.598+0000] {taskinstance.py:1570} INFO - Exporting env vars: AIRFLOW_CTX_DAG_OWNER='***' AIRFLOW_CTX_DAG_ID='api_to_db_dag' AIRFLOW_CTX_TASK_ID='get_station_information' AIRFLOW_CTX_EXECUTION_DATE='2025-03-02T18:45:00+00:00' AIRFLOW_CTX_TRY_NUMBER='1' AIRFLOW_CTX_DAG_RUN_ID='scheduled__2025-03-02T18:45:00+00:00'
[2025-03-02T19:07:17.599+0000] {http.py:123} INFO - Calling HTTP method
[2025-03-02T19:07:17.606+0000] {base.py:73} INFO - Using connection ID 'velib_api_connection' for task execution.
[2025-03-02T19:07:17.866+0000] {taskinstance.py:1373} INFO - Marking task as SUCCESS. dag_id=api_to_db_dag, task_id=get_station_information, execution_date=20250302T184500, start_date=20250302T190717, end_date=20250302T190717
[2025-03-02T19:07:17.900+0000] {local_task_job_runner.py:232} INFO - Task exited with return code 0
[2025-03-02T19:07:17.955+0000] {taskinstance.py:2674} INFO - 1 downstream tasks scheduled from follow-on schedule check
