[2025-02-26T22:45:17.783+0000] {taskinstance.py:1125} INFO - Dependencies all met for dep_context=non-requeueable deps ti=<TaskInstance: api_to_db_dag.spark_join_task scheduled__2025-02-25T00:00:00+00:00 [queued]>
[2025-02-26T22:45:17.788+0000] {taskinstance.py:1125} INFO - Dependencies all met for dep_context=requeueable deps ti=<TaskInstance: api_to_db_dag.spark_join_task scheduled__2025-02-25T00:00:00+00:00 [queued]>
[2025-02-26T22:45:17.788+0000] {taskinstance.py:1331} INFO - Starting attempt 1 of 1
[2025-02-26T22:45:17.801+0000] {taskinstance.py:1350} INFO - Executing <Task(SparkSubmitOperator): spark_join_task> on 2025-02-25 00:00:00+00:00
[2025-02-26T22:45:17.806+0000] {standard_task_runner.py:57} INFO - Started process 234 to run task
[2025-02-26T22:45:17.809+0000] {standard_task_runner.py:84} INFO - Running: ['***', 'tasks', 'run', 'api_to_db_dag', 'spark_join_task', 'scheduled__2025-02-25T00:00:00+00:00', '--job-id', '6', '--raw', '--subdir', 'DAGS_FOLDER/dag.py', '--cfg-path', '/tmp/tmpa7l017p2']
[2025-02-26T22:45:17.811+0000] {standard_task_runner.py:85} INFO - Job 6: Subtask spark_join_task
[2025-02-26T22:45:17.880+0000] {task_command.py:410} INFO - Running <TaskInstance: api_to_db_dag.spark_join_task scheduled__2025-02-25T00:00:00+00:00 [running]> on host 25e15728dc36
[2025-02-26T22:45:17.945+0000] {taskinstance.py:1570} INFO - Exporting env vars: AIRFLOW_CTX_DAG_OWNER='***' AIRFLOW_CTX_DAG_ID='api_to_db_dag' AIRFLOW_CTX_TASK_ID='spark_join_task' AIRFLOW_CTX_EXECUTION_DATE='2025-02-25T00:00:00+00:00' AIRFLOW_CTX_TRY_NUMBER='1' AIRFLOW_CTX_DAG_RUN_ID='scheduled__2025-02-25T00:00:00+00:00'
[2025-02-26T22:45:17.952+0000] {base.py:73} INFO - Using connection ID 'spark_default' for task execution.
[2025-02-26T22:45:17.953+0000] {spark_submit.py:339} INFO - Spark-Submit cmd: spark-submit --master yarn --conf spark.master=spark://spark-master:7077 --name spark_join --verbose --queue root.default /opt/***/dags/spark_join.py
[2025-02-26T22:45:18.033+0000] {spark_submit.py:490} INFO - /home/***/.local/lib/python3.7/site-packages/pyspark/bin/load-spark-env.sh: line 68: ps: command not found
[2025-02-26T22:45:18.036+0000] {spark_submit.py:490} INFO - JAVA_HOME is not set
[2025-02-26T22:45:18.045+0000] {taskinstance.py:1847} ERROR - Task failed with exception
Traceback (most recent call last):
  File "/home/airflow/.local/lib/python3.7/site-packages/airflow/providers/apache/spark/operators/spark_submit.py", line 157, in execute
    self._hook.submit(self._application)
  File "/home/airflow/.local/lib/python3.7/site-packages/airflow/providers/apache/spark/hooks/spark_submit.py", line 422, in submit
    f"Cannot execute: {self._mask_cmd(spark_submit_cmd)}. Error code is: {returncode}."
airflow.exceptions.AirflowException: Cannot execute: spark-submit --master yarn --conf spark.master=spark://spark-master:7077 --name spark_join --verbose --queue root.default /opt/***/dags/spark_join.py. Error code is: 1.
[2025-02-26T22:45:18.049+0000] {taskinstance.py:1373} INFO - Marking task as FAILED. dag_id=api_to_db_dag, task_id=spark_join_task, execution_date=20250225T000000, start_date=20250226T224517, end_date=20250226T224518
[2025-02-26T22:45:18.066+0000] {standard_task_runner.py:109} ERROR - Failed to execute job 6 for task spark_join_task (Cannot execute: spark-submit --master yarn --conf spark.master=spark://spark-master:7077 --name spark_join --verbose --queue root.default /opt/***/dags/spark_join.py. Error code is: 1.; 234)
[2025-02-26T22:45:18.112+0000] {local_task_job_runner.py:232} INFO - Task exited with return code 1
[2025-02-26T22:45:18.125+0000] {taskinstance.py:2674} INFO - 0 downstream tasks scheduled from follow-on schedule check
