[2025-02-27T20:55:26.552+0000] {taskinstance.py:1125} INFO - Dependencies all met for dep_context=non-requeueable deps ti=<TaskInstance: api_to_db_dag.process_raw_velib_station scheduled__2025-02-26T00:00:00+00:00 [queued]>
[2025-02-27T20:55:26.578+0000] {taskinstance.py:1125} INFO - Dependencies all met for dep_context=requeueable deps ti=<TaskInstance: api_to_db_dag.process_raw_velib_station scheduled__2025-02-26T00:00:00+00:00 [queued]>
[2025-02-27T20:55:26.578+0000] {taskinstance.py:1331} INFO - Starting attempt 1 of 1
[2025-02-27T20:55:26.593+0000] {taskinstance.py:1350} INFO - Executing <Task(PythonOperator): process_raw_velib_station> on 2025-02-26 00:00:00+00:00
[2025-02-27T20:55:26.608+0000] {standard_task_runner.py:57} INFO - Started process 595 to run task
[2025-02-27T20:55:26.611+0000] {standard_task_runner.py:84} INFO - Running: ['***', 'tasks', 'run', 'api_to_db_dag', 'process_raw_velib_station', 'scheduled__2025-02-26T00:00:00+00:00', '--job-id', '18', '--raw', '--subdir', 'DAGS_FOLDER/dag.py', '--cfg-path', '/tmp/tmpug4w2ssi']
[2025-02-27T20:55:26.613+0000] {standard_task_runner.py:85} INFO - Job 18: Subtask process_raw_velib_station
[2025-02-27T20:55:26.665+0000] {task_command.py:410} INFO - Running <TaskInstance: api_to_db_dag.process_raw_velib_station scheduled__2025-02-26T00:00:00+00:00 [running]> on host 53fdc8261bae
[2025-02-27T20:55:27.251+0000] {taskinstance.py:1570} INFO - Exporting env vars: AIRFLOW_CTX_DAG_OWNER='***' AIRFLOW_CTX_DAG_ID='api_to_db_dag' AIRFLOW_CTX_TASK_ID='process_raw_velib_station' AIRFLOW_CTX_EXECUTION_DATE='2025-02-26T00:00:00+00:00' AIRFLOW_CTX_TRY_NUMBER='1' AIRFLOW_CTX_DAG_RUN_ID='scheduled__2025-02-26T00:00:00+00:00'
[2025-02-27T20:55:27.645+0000] {taskinstance.py:1847} ERROR - Task failed with exception
Traceback (most recent call last):
  File "/home/airflow/.local/lib/python3.7/site-packages/airflow/operators/python.py", line 181, in execute
    return_value = self.execute_callable()
  File "/home/airflow/.local/lib/python3.7/site-packages/airflow/operators/python.py", line 198, in execute_callable
    return self.python_callable(*self.op_args, **self.op_kwargs)
  File "/opt/airflow/dags/dag.py", line 24, in process_files_in_directory
    convert_and_save_to_formatted(full_path)
  File "/opt/airflow/dags/dag.py", line 55, in convert_and_save_to_formatted
    final_df.to_parquet(formatted_path, compression='snappy')
  File "/home/airflow/.local/lib/python3.7/site-packages/pandas/util/_decorators.py", line 207, in wrapper
    return func(*args, **kwargs)
  File "/home/airflow/.local/lib/python3.7/site-packages/pandas/core/frame.py", line 2685, in to_parquet
    **kwargs,
  File "/home/airflow/.local/lib/python3.7/site-packages/pandas/io/parquet.py", line 423, in to_parquet
    **kwargs,
  File "/home/airflow/.local/lib/python3.7/site-packages/pandas/io/parquet.py", line 167, in write
    self.validate_dataframe(df)
  File "/home/airflow/.local/lib/python3.7/site-packages/pandas/io/parquet.py", line 129, in validate_dataframe
    raise ValueError("parquet must have string column names")
ValueError: parquet must have string column names
[2025-02-27T20:55:27.793+0000] {taskinstance.py:1373} INFO - Marking task as FAILED. dag_id=api_to_db_dag, task_id=process_raw_velib_station, execution_date=20250226T000000, start_date=20250227T205526, end_date=20250227T205527
[2025-02-27T20:55:27.820+0000] {standard_task_runner.py:109} ERROR - Failed to execute job 18 for task process_raw_velib_station (parquet must have string column names; 595)
[2025-02-27T20:55:27.850+0000] {local_task_job_runner.py:232} INFO - Task exited with return code 1
[2025-02-27T20:55:27.904+0000] {taskinstance.py:2674} INFO - 0 downstream tasks scheduled from follow-on schedule check
[2025-02-27T23:34:36.550+0000] {taskinstance.py:1125} INFO - Dependencies all met for dep_context=non-requeueable deps ti=<TaskInstance: api_to_db_dag.process_raw_velib_station scheduled__2025-02-26T00:00:00+00:00 [queued]>
[2025-02-27T23:34:36.560+0000] {taskinstance.py:1125} INFO - Dependencies all met for dep_context=requeueable deps ti=<TaskInstance: api_to_db_dag.process_raw_velib_station scheduled__2025-02-26T00:00:00+00:00 [queued]>
[2025-02-27T23:34:36.560+0000] {taskinstance.py:1331} INFO - Starting attempt 1 of 1
[2025-02-27T23:34:36.573+0000] {taskinstance.py:1350} INFO - Executing <Task(PythonOperator): process_raw_velib_station> on 2025-02-26 00:00:00+00:00
[2025-02-27T23:34:36.606+0000] {clientserver.py:543} INFO - Closing down clientserver connection
[2025-02-27T23:34:36.605+0000] {standard_task_runner.py:57} INFO - Started process 2499 to run task
[2025-02-27T23:34:36.613+0000] {standard_task_runner.py:84} INFO - Running: ['***', 'tasks', 'run', 'api_to_db_dag', 'process_raw_velib_station', 'scheduled__2025-02-26T00:00:00+00:00', '--job-id', '10', '--raw', '--subdir', 'DAGS_FOLDER/dag.py', '--cfg-path', '/tmp/tmp_m97y2_p']
[2025-02-27T23:34:36.615+0000] {standard_task_runner.py:85} INFO - Job 10: Subtask process_raw_velib_station
[2025-02-27T23:34:36.668+0000] {task_command.py:410} INFO - Running <TaskInstance: api_to_db_dag.process_raw_velib_station scheduled__2025-02-26T00:00:00+00:00 [running]> on host 80b2b1669f52
[2025-02-27T23:34:36.803+0000] {taskinstance.py:1570} INFO - Exporting env vars: AIRFLOW_CTX_DAG_OWNER='***' AIRFLOW_CTX_DAG_ID='api_to_db_dag' AIRFLOW_CTX_TASK_ID='process_raw_velib_station' AIRFLOW_CTX_EXECUTION_DATE='2025-02-26T00:00:00+00:00' AIRFLOW_CTX_TRY_NUMBER='1' AIRFLOW_CTX_DAG_RUN_ID='scheduled__2025-02-26T00:00:00+00:00'
[2025-02-27T23:34:36.895+0000] {clientserver.py:505} INFO - Error while sending or receiving.
Traceback (most recent call last):
  File "/home/airflow/.local/lib/python3.7/site-packages/py4j/clientserver.py", line 503, in send_command
    self.socket.sendall(command.encode("utf-8"))
ConnectionResetError: [Errno 104] Connection reset by peer
[2025-02-27T23:34:36.897+0000] {clientserver.py:543} INFO - Closing down clientserver connection
[2025-02-27T23:34:36.897+0000] {java_gateway.py:1052} INFO - Exception while sending command.
Traceback (most recent call last):
  File "/home/airflow/.local/lib/python3.7/site-packages/py4j/clientserver.py", line 503, in send_command
    self.socket.sendall(command.encode("utf-8"))
ConnectionResetError: [Errno 104] Connection reset by peer

During handling of the above exception, another exception occurred:

Traceback (most recent call last):
  File "/home/airflow/.local/lib/python3.7/site-packages/py4j/java_gateway.py", line 1038, in send_command
    response = connection.send_command(command)
  File "/home/airflow/.local/lib/python3.7/site-packages/py4j/clientserver.py", line 507, in send_command
    "Error while sending", e, proto.ERROR_ON_SEND)
py4j.protocol.Py4JNetworkError: Error while sending
[2025-02-27T23:34:36.900+0000] {clientserver.py:543} INFO - Closing down clientserver connection
[2025-02-27T23:34:37.109+0000] {python.py:183} INFO - Done. Returned value was: None
[2025-02-27T23:34:37.117+0000] {taskinstance.py:1373} INFO - Marking task as SUCCESS. dag_id=api_to_db_dag, task_id=process_raw_velib_station, execution_date=20250226T000000, start_date=20250227T233436, end_date=20250227T233437
[2025-02-27T23:34:37.162+0000] {local_task_job_runner.py:232} INFO - Task exited with return code 0
[2025-02-27T23:34:37.207+0000] {taskinstance.py:2674} INFO - 0 downstream tasks scheduled from follow-on schedule check
