[2025-02-27T22:45:23.634+0000] {taskinstance.py:1125} INFO - Dependencies all met for dep_context=non-requeueable deps ti=<TaskInstance: api_to_db_dag.spark_join_task manual__2025-02-27T22:45:19.852317+00:00 [queued]>
[2025-02-27T22:45:23.640+0000] {taskinstance.py:1125} INFO - Dependencies all met for dep_context=requeueable deps ti=<TaskInstance: api_to_db_dag.spark_join_task manual__2025-02-27T22:45:19.852317+00:00 [queued]>
[2025-02-27T22:45:23.640+0000] {taskinstance.py:1331} INFO - Starting attempt 1 of 1
[2025-02-27T22:45:23.649+0000] {taskinstance.py:1350} INFO - Executing <Task(SparkSubmitOperator): spark_join_task> on 2025-02-27 22:45:19.852317+00:00
[2025-02-27T22:45:23.654+0000] {clientserver.py:543} INFO - Closing down clientserver connection
[2025-02-27T22:45:23.654+0000] {standard_task_runner.py:57} INFO - Started process 8648 to run task
[2025-02-27T22:45:23.657+0000] {standard_task_runner.py:84} INFO - Running: ['***', 'tasks', 'run', 'api_to_db_dag', 'spark_join_task', 'manual__2025-02-27T22:45:19.852317+00:00', '--job-id', '92', '--raw', '--subdir', 'DAGS_FOLDER/dag.py', '--cfg-path', '/tmp/tmpqfyihf97']
[2025-02-27T22:45:23.659+0000] {standard_task_runner.py:85} INFO - Job 92: Subtask spark_join_task
[2025-02-27T22:45:23.696+0000] {task_command.py:410} INFO - Running <TaskInstance: api_to_db_dag.spark_join_task manual__2025-02-27T22:45:19.852317+00:00 [running]> on host 53fdc8261bae
[2025-02-27T22:45:23.758+0000] {taskinstance.py:1570} INFO - Exporting env vars: AIRFLOW_CTX_DAG_OWNER='***' AIRFLOW_CTX_DAG_ID='api_to_db_dag' AIRFLOW_CTX_TASK_ID='spark_join_task' AIRFLOW_CTX_EXECUTION_DATE='2025-02-27T22:45:19.852317+00:00' AIRFLOW_CTX_TRY_NUMBER='1' AIRFLOW_CTX_DAG_RUN_ID='manual__2025-02-27T22:45:19.852317+00:00'
[2025-02-27T22:45:23.763+0000] {base.py:73} INFO - Using connection ID 'spark_default' for task execution.
[2025-02-27T22:45:23.764+0000] {spark_submit.py:339} INFO - Spark-Submit cmd: spark-submit --master spark-master:7077 --conf spark.master=spark://spark-master:7077 --conf spark.driver.extraClassPath=/opt/bitnami/spark/jars/postgresql-42.7.5.jar --conf spark.executor.extraClassPath=/opt/bitnami/spark/jars/postgresql-42.7.5.jar --conf spark.jars=/opt/bitnami/spark/jars/postgresql-42.7.5.jar --name spark_join --verbose /opt/***/dags/spark_join.py
[2025-02-27T22:45:24.268+0000] {clientserver.py:505} INFO - Error while sending or receiving.
Traceback (most recent call last):
  File "/home/airflow/.local/lib/python3.7/site-packages/py4j/clientserver.py", line 503, in send_command
    self.socket.sendall(command.encode("utf-8"))
ConnectionResetError: [Errno 104] Connection reset by peer
[2025-02-27T22:45:24.270+0000] {clientserver.py:543} INFO - Closing down clientserver connection
[2025-02-27T22:45:24.271+0000] {java_gateway.py:1052} INFO - Exception while sending command.
Traceback (most recent call last):
  File "/home/airflow/.local/lib/python3.7/site-packages/py4j/clientserver.py", line 503, in send_command
    self.socket.sendall(command.encode("utf-8"))
ConnectionResetError: [Errno 104] Connection reset by peer

During handling of the above exception, another exception occurred:

Traceback (most recent call last):
  File "/home/airflow/.local/lib/python3.7/site-packages/py4j/java_gateway.py", line 1038, in send_command
    response = connection.send_command(command)
  File "/home/airflow/.local/lib/python3.7/site-packages/py4j/clientserver.py", line 507, in send_command
    "Error while sending", e, proto.ERROR_ON_SEND)
py4j.protocol.Py4JNetworkError: Error while sending
[2025-02-27T22:45:24.277+0000] {clientserver.py:543} INFO - Closing down clientserver connection
[2025-02-27T22:45:24.677+0000] {spark_submit.py:490} INFO - Using properties file: null
[2025-02-27T22:45:24.728+0000] {spark_submit.py:490} INFO - Parsed arguments:
[2025-02-27T22:45:24.728+0000] {spark_submit.py:490} INFO - master                  spark-master:7077
[2025-02-27T22:45:24.728+0000] {spark_submit.py:490} INFO - remote                  null
[2025-02-27T22:45:24.728+0000] {spark_submit.py:490} INFO - deployMode              null
[2025-02-27T22:45:24.728+0000] {spark_submit.py:490} INFO - executorMemory          null
[2025-02-27T22:45:24.729+0000] {spark_submit.py:490} INFO - executorCores           null
[2025-02-27T22:45:24.729+0000] {spark_submit.py:490} INFO - totalExecutorCores      null
[2025-02-27T22:45:24.729+0000] {spark_submit.py:490} INFO - propertiesFile          null
[2025-02-27T22:45:24.729+0000] {spark_submit.py:490} INFO - driverMemory            null
[2025-02-27T22:45:24.729+0000] {spark_submit.py:490} INFO - driverCores             null
[2025-02-27T22:45:24.729+0000] {spark_submit.py:490} INFO - driverExtraClassPath    /opt/bitnami/spark/jars/postgresql-42.7.5.jar
[2025-02-27T22:45:24.729+0000] {spark_submit.py:490} INFO - driverExtraLibraryPath  null
[2025-02-27T22:45:24.730+0000] {spark_submit.py:490} INFO - driverExtraJavaOptions  null
[2025-02-27T22:45:24.730+0000] {spark_submit.py:490} INFO - supervise               false
[2025-02-27T22:45:24.730+0000] {spark_submit.py:490} INFO - queue                   null
[2025-02-27T22:45:24.730+0000] {spark_submit.py:490} INFO - numExecutors            null
[2025-02-27T22:45:24.730+0000] {spark_submit.py:490} INFO - files                   null
[2025-02-27T22:45:24.731+0000] {spark_submit.py:490} INFO - pyFiles                 null
[2025-02-27T22:45:24.731+0000] {spark_submit.py:490} INFO - archives                null
[2025-02-27T22:45:24.731+0000] {spark_submit.py:490} INFO - mainClass               null
[2025-02-27T22:45:24.731+0000] {spark_submit.py:490} INFO - primaryResource         file:/opt/***/dags/spark_join.py
[2025-02-27T22:45:24.731+0000] {spark_submit.py:490} INFO - name                    spark_join
[2025-02-27T22:45:24.731+0000] {spark_submit.py:490} INFO - childArgs               []
[2025-02-27T22:45:24.732+0000] {spark_submit.py:490} INFO - jars                    /opt/bitnami/spark/jars/postgresql-42.7.5.jar
[2025-02-27T22:45:24.732+0000] {spark_submit.py:490} INFO - packages                null
[2025-02-27T22:45:24.732+0000] {spark_submit.py:490} INFO - packagesExclusions      null
[2025-02-27T22:45:24.732+0000] {spark_submit.py:490} INFO - repositories            null
[2025-02-27T22:45:24.732+0000] {spark_submit.py:490} INFO - verbose                 true
[2025-02-27T22:45:24.732+0000] {spark_submit.py:490} INFO - 
[2025-02-27T22:45:24.732+0000] {spark_submit.py:490} INFO - Spark properties used, including those specified through
[2025-02-27T22:45:24.732+0000] {spark_submit.py:490} INFO - --conf and those from the properties file null:
[2025-02-27T22:45:24.732+0000] {spark_submit.py:490} INFO - (spark.driver.extraClassPath,/opt/bitnami/spark/jars/postgresql-42.7.5.jar)
[2025-02-27T22:45:24.732+0000] {spark_submit.py:490} INFO - (spark.executor.extraClassPath,/opt/bitnami/spark/jars/postgresql-42.7.5.jar)
[2025-02-27T22:45:24.733+0000] {spark_submit.py:490} INFO - (spark.jars,/opt/bitnami/spark/jars/postgresql-42.7.5.jar)
[2025-02-27T22:45:24.733+0000] {spark_submit.py:490} INFO - (spark.master,spark://spark-master:7077)
[2025-02-27T22:45:24.733+0000] {spark_submit.py:490} INFO - 
[2025-02-27T22:45:24.733+0000] {spark_submit.py:490} INFO - 
[2025-02-27T22:45:24.898+0000] {spark_submit.py:490} INFO - 25/02/27 22:45:24 WARN NativeCodeLoader: Unable to load native-hadoop library for your platform... using builtin-java classes where applicable
[2025-02-27T22:45:25.003+0000] {spark_submit.py:490} INFO - Main class:
[2025-02-27T22:45:25.004+0000] {spark_submit.py:490} INFO - org.apache.spark.deploy.PythonRunner
[2025-02-27T22:45:25.006+0000] {spark_submit.py:490} INFO - Arguments:
[2025-02-27T22:45:25.010+0000] {spark_submit.py:490} INFO - file:/opt/***/dags/spark_join.py
[2025-02-27T22:45:25.012+0000] {spark_submit.py:490} INFO - null
[2025-02-27T22:45:25.014+0000] {spark_submit.py:490} INFO - Spark config:
[2025-02-27T22:45:25.014+0000] {spark_submit.py:490} INFO - (spark.app.name,spark_join)
[2025-02-27T22:45:25.015+0000] {spark_submit.py:490} INFO - (spark.app.submitTime,1740696324988)
[2025-02-27T22:45:25.016+0000] {spark_submit.py:490} INFO - (spark.driver.extraClassPath,/opt/bitnami/spark/jars/postgresql-42.7.5.jar)
[2025-02-27T22:45:25.017+0000] {spark_submit.py:490} INFO - (spark.executor.extraClassPath,/opt/bitnami/spark/jars/postgresql-42.7.5.jar)
[2025-02-27T22:45:25.018+0000] {spark_submit.py:490} INFO - (spark.jars,file:///opt/bitnami/spark/jars/postgresql-42.7.5.jar)
[2025-02-27T22:45:25.020+0000] {spark_submit.py:490} INFO - (spark.master,spark-master:7077)
[2025-02-27T22:45:25.020+0000] {spark_submit.py:490} INFO - (spark.repl.local.jars,file:///opt/bitnami/spark/jars/postgresql-42.7.5.jar)
[2025-02-27T22:45:25.020+0000] {spark_submit.py:490} INFO - (spark.submit.deployMode,client)
[2025-02-27T22:45:25.021+0000] {spark_submit.py:490} INFO - (spark.submit.pyFiles,)
[2025-02-27T22:45:25.021+0000] {spark_submit.py:490} INFO - Classpath elements:
[2025-02-27T22:45:25.022+0000] {spark_submit.py:490} INFO - file:///opt/bitnami/spark/jars/postgresql-42.7.5.jar
[2025-02-27T22:45:25.023+0000] {spark_submit.py:490} INFO - 
[2025-02-27T22:45:25.024+0000] {spark_submit.py:490} INFO - 
[2025-02-27T22:45:25.620+0000] {spark_submit.py:490} INFO - 25/02/27 22:45:25 INFO SparkContext: Running Spark version 3.4.4
[2025-02-27T22:45:25.638+0000] {spark_submit.py:490} INFO - 25/02/27 22:45:25 INFO ResourceUtils: ==============================================================
[2025-02-27T22:45:25.640+0000] {spark_submit.py:490} INFO - 25/02/27 22:45:25 INFO ResourceUtils: No custom resources configured for spark.driver.
[2025-02-27T22:45:25.640+0000] {spark_submit.py:490} INFO - 25/02/27 22:45:25 INFO ResourceUtils: ==============================================================
[2025-02-27T22:45:25.640+0000] {spark_submit.py:490} INFO - 25/02/27 22:45:25 INFO SparkContext: Submitted application: JoinVelibTables
[2025-02-27T22:45:25.651+0000] {spark_submit.py:490} INFO - 25/02/27 22:45:25 INFO ResourceProfile: Default ResourceProfile created, executor resources: Map(cores -> name: cores, amount: 4, script: , vendor: , memory -> name: memory, amount: 4096, script: , vendor: , offHeap -> name: offHeap, amount: 0, script: , vendor: ), task resources: Map(cpus -> name: cpus, amount: 1.0)
[2025-02-27T22:45:25.671+0000] {spark_submit.py:490} INFO - 25/02/27 22:45:25 INFO ResourceProfile: Limiting resource is cpus at 4 tasks per executor
[2025-02-27T22:45:25.672+0000] {spark_submit.py:490} INFO - 25/02/27 22:45:25 INFO ResourceProfileManager: Added ResourceProfile id: 0
[2025-02-27T22:45:25.703+0000] {spark_submit.py:490} INFO - 25/02/27 22:45:25 INFO SecurityManager: Changing view acls to: ***
[2025-02-27T22:45:25.703+0000] {spark_submit.py:490} INFO - 25/02/27 22:45:25 INFO SecurityManager: Changing modify acls to: ***
[2025-02-27T22:45:25.704+0000] {spark_submit.py:490} INFO - 25/02/27 22:45:25 INFO SecurityManager: Changing view acls groups to:
[2025-02-27T22:45:25.704+0000] {spark_submit.py:490} INFO - 25/02/27 22:45:25 INFO SecurityManager: Changing modify acls groups to:
[2025-02-27T22:45:25.704+0000] {spark_submit.py:490} INFO - 25/02/27 22:45:25 INFO SecurityManager: SecurityManager: authentication disabled; ui acls disabled; users with view permissions: ***; groups with view permissions: EMPTY; users with modify permissions: ***; groups with modify permissions: EMPTY
[2025-02-27T22:45:25.852+0000] {spark_submit.py:490} INFO - 25/02/27 22:45:25 INFO Utils: Successfully started service 'sparkDriver' on port 44717.
[2025-02-27T22:45:25.873+0000] {spark_submit.py:490} INFO - 25/02/27 22:45:25 INFO SparkEnv: Registering MapOutputTracker
[2025-02-27T22:45:25.899+0000] {spark_submit.py:490} INFO - 25/02/27 22:45:25 INFO SparkEnv: Registering BlockManagerMaster
[2025-02-27T22:45:25.918+0000] {spark_submit.py:490} INFO - 25/02/27 22:45:25 INFO BlockManagerMasterEndpoint: Using org.apache.spark.storage.DefaultTopologyMapper for getting topology information
[2025-02-27T22:45:25.927+0000] {spark_submit.py:490} INFO - 25/02/27 22:45:25 INFO BlockManagerMasterEndpoint: BlockManagerMasterEndpoint up
[2025-02-27T22:45:25.933+0000] {spark_submit.py:490} INFO - 25/02/27 22:45:25 INFO SparkEnv: Registering BlockManagerMasterHeartbeat
[2025-02-27T22:45:25.953+0000] {spark_submit.py:490} INFO - 25/02/27 22:45:25 INFO DiskBlockManager: Created local directory at /tmp/blockmgr-70bda4fb-d76a-482e-8709-2f57eb408079
[2025-02-27T22:45:25.964+0000] {spark_submit.py:490} INFO - 25/02/27 22:45:25 INFO MemoryStore: MemoryStore started with capacity 434.4 MiB
[2025-02-27T22:45:25.974+0000] {spark_submit.py:490} INFO - 25/02/27 22:45:25 INFO SparkEnv: Registering OutputCommitCoordinator
[2025-02-27T22:45:26.086+0000] {spark_submit.py:490} INFO - 25/02/27 22:45:26 INFO JettyUtils: Start Jetty 0.0.0.0:4040 for SparkUI
[2025-02-27T22:45:26.133+0000] {spark_submit.py:490} INFO - 25/02/27 22:45:26 INFO Utils: Successfully started service 'SparkUI' on port 4040.
[2025-02-27T22:45:26.155+0000] {spark_submit.py:490} INFO - 25/02/27 22:45:26 INFO SparkContext: Added JAR file:///opt/bitnami/spark/jars/postgresql-42.7.5.jar at spark://53fdc8261bae:44717/jars/postgresql-42.7.5.jar with timestamp 1740696325614
[2025-02-27T22:45:26.248+0000] {spark_submit.py:490} INFO - 25/02/27 22:45:26 INFO StandaloneAppClient$ClientEndpoint: Connecting to master spark://spark-master:7077...
[2025-02-27T22:45:26.288+0000] {spark_submit.py:490} INFO - 25/02/27 22:45:26 INFO TransportClientFactory: Successfully created connection to spark-master/172.18.0.3:7077 after 27 ms (0 ms spent in bootstraps)
[2025-02-27T22:45:26.392+0000] {spark_submit.py:490} INFO - 25/02/27 22:45:26 INFO StandaloneSchedulerBackend: Connected to Spark cluster with app ID app-20250227224526-0012
[2025-02-27T22:45:26.393+0000] {spark_submit.py:490} INFO - 25/02/27 22:45:26 INFO StandaloneAppClient$ClientEndpoint: Executor added: app-20250227224526-0012/0 on worker-20250227203627-172.18.0.4-43141 (172.18.0.4:43141) with 4 core(s)
[2025-02-27T22:45:26.409+0000] {spark_submit.py:490} INFO - 25/02/27 22:45:26 INFO Utils: Successfully started service 'org.apache.spark.network.netty.NettyBlockTransferService' on port 46321.
[2025-02-27T22:45:26.409+0000] {spark_submit.py:490} INFO - 25/02/27 22:45:26 INFO NettyBlockTransferService: Server created on 53fdc8261bae:46321
[2025-02-27T22:45:26.410+0000] {spark_submit.py:490} INFO - 25/02/27 22:45:26 INFO StandaloneSchedulerBackend: Granted executor ID app-20250227224526-0012/0 on hostPort 172.18.0.4:43141 with 4 core(s), 4.0 GiB RAM
[2025-02-27T22:45:26.411+0000] {spark_submit.py:490} INFO - 25/02/27 22:45:26 INFO BlockManager: Using org.apache.spark.storage.RandomBlockReplicationPolicy for block replication policy
[2025-02-27T22:45:26.422+0000] {spark_submit.py:490} INFO - 25/02/27 22:45:26 INFO BlockManagerMaster: Registering BlockManager BlockManagerId(driver, 53fdc8261bae, 46321, None)
[2025-02-27T22:45:26.426+0000] {spark_submit.py:490} INFO - 25/02/27 22:45:26 INFO BlockManagerMasterEndpoint: Registering block manager 53fdc8261bae:46321 with 434.4 MiB RAM, BlockManagerId(driver, 53fdc8261bae, 46321, None)
[2025-02-27T22:45:26.427+0000] {spark_submit.py:490} INFO - 25/02/27 22:45:26 INFO BlockManagerMaster: Registered BlockManager BlockManagerId(driver, 53fdc8261bae, 46321, None)
[2025-02-27T22:45:26.430+0000] {spark_submit.py:490} INFO - 25/02/27 22:45:26 INFO BlockManager: Initialized BlockManager: BlockManagerId(driver, 53fdc8261bae, 46321, None)
[2025-02-27T22:45:26.556+0000] {spark_submit.py:490} INFO - 25/02/27 22:45:26 INFO StandaloneAppClient$ClientEndpoint: Executor updated: app-20250227224526-0012/0 is now RUNNING
[2025-02-27T22:45:26.695+0000] {spark_submit.py:490} INFO - 25/02/27 22:45:26 INFO StandaloneSchedulerBackend: SchedulerBackend is ready for scheduling beginning after reached minRegisteredResourcesRatio: 0.0
[2025-02-27T22:45:26.723+0000] {spark_submit.py:490} INFO - /home/***/.local/lib/python3.7/site-packages/pyspark/python/lib/pyspark.zip/pyspark/context.py:317: FutureWarning: Python 3.7 support is deprecated in Spark 3.4.
[2025-02-27T22:45:26.725+0000] {spark_submit.py:490} INFO - warnings.warn("Python 3.7 support is deprecated in Spark 3.4.", FutureWarning)
[2025-02-27T22:45:26.903+0000] {spark_submit.py:490} INFO - 25/02/27 22:45:26 INFO SharedState: Setting hive.metastore.warehouse.dir ('null') to the value of spark.sql.warehouse.dir.
[2025-02-27T22:45:26.904+0000] {spark_submit.py:490} INFO - 25/02/27 22:45:26 INFO SharedState: Warehouse path is 'file:/opt/***/spark-warehouse'.
[2025-02-27T22:45:29.084+0000] {spark_submit.py:490} INFO - Traceback (most recent call last):
[2025-02-27T22:45:29.097+0000] {spark_submit.py:490} INFO - File "/opt/***/dags/spark_join.py", line 41, in <module>
[2025-02-27T22:45:29.098+0000] {spark_submit.py:490} INFO - main()
[2025-02-27T22:45:29.098+0000] {spark_submit.py:490} INFO - File "/opt/***/dags/spark_join.py", line 22, in main
[2025-02-27T22:45:29.098+0000] {spark_submit.py:490} INFO - stations_df = spark.read.jdbc(url=jdbc_url, table="velib_stations", properties=connection_properties)
[2025-02-27T22:45:29.098+0000] {spark_submit.py:490} INFO - File "/home/***/.local/lib/python3.7/site-packages/pyspark/python/lib/pyspark.zip/pyspark/sql/readwriter.py", line 927, in jdbc
[2025-02-27T22:45:29.099+0000] {spark_submit.py:490} INFO - File "/home/***/.local/lib/python3.7/site-packages/pyspark/python/lib/py4j-0.10.9.7-src.zip/py4j/java_gateway.py", line 1323, in __call__
[2025-02-27T22:45:29.099+0000] {spark_submit.py:490} INFO - File "/home/***/.local/lib/python3.7/site-packages/pyspark/python/lib/pyspark.zip/pyspark/errors/exceptions/captured.py", line 169, in deco
[2025-02-27T22:45:29.103+0000] {spark_submit.py:490} INFO - File "/home/***/.local/lib/python3.7/site-packages/pyspark/python/lib/py4j-0.10.9.7-src.zip/py4j/protocol.py", line 328, in get_return_value
[2025-02-27T22:45:29.103+0000] {spark_submit.py:490} INFO - py4j.protocol.Py4JJavaError: An error occurred while calling o35.jdbc.
[2025-02-27T22:45:29.103+0000] {spark_submit.py:490} INFO - : org.postgresql.util.PSQLException: ERROR: relation "velib_stations" does not exist
[2025-02-27T22:45:29.104+0000] {spark_submit.py:490} INFO - Position: 15
[2025-02-27T22:45:29.105+0000] {spark_submit.py:490} INFO - at org.postgresql.core.v3.QueryExecutorImpl.receiveErrorResponse(QueryExecutorImpl.java:2733)
[2025-02-27T22:45:29.108+0000] {spark_submit.py:490} INFO - at org.postgresql.core.v3.QueryExecutorImpl.processResults(QueryExecutorImpl.java:2420)
[2025-02-27T22:45:29.109+0000] {spark_submit.py:490} INFO - at org.postgresql.core.v3.QueryExecutorImpl.execute(QueryExecutorImpl.java:372)
[2025-02-27T22:45:29.114+0000] {spark_submit.py:490} INFO - at org.postgresql.jdbc.PgStatement.executeInternal(PgStatement.java:517)
[2025-02-27T22:45:29.115+0000] {spark_submit.py:490} INFO - at org.postgresql.jdbc.PgStatement.execute(PgStatement.java:434)
[2025-02-27T22:45:29.116+0000] {spark_submit.py:490} INFO - at org.postgresql.jdbc.PgPreparedStatement.executeWithFlags(PgPreparedStatement.java:194)
[2025-02-27T22:45:29.117+0000] {spark_submit.py:490} INFO - at org.postgresql.jdbc.PgPreparedStatement.executeQuery(PgPreparedStatement.java:137)
[2025-02-27T22:45:29.119+0000] {spark_submit.py:490} INFO - at org.apache.spark.sql.execution.datasources.jdbc.JDBCRDD$.getQueryOutputSchema(JDBCRDD.scala:68)
[2025-02-27T22:45:29.119+0000] {spark_submit.py:490} INFO - at org.apache.spark.sql.execution.datasources.jdbc.JDBCRDD$.resolveTable(JDBCRDD.scala:58)
[2025-02-27T22:45:29.119+0000] {spark_submit.py:490} INFO - at org.apache.spark.sql.execution.datasources.jdbc.JDBCRelation$.getSchema(JDBCRelation.scala:241)
[2025-02-27T22:45:29.120+0000] {spark_submit.py:490} INFO - at org.apache.spark.sql.execution.datasources.jdbc.JdbcRelationProvider.createRelation(JdbcRelationProvider.scala:37)
[2025-02-27T22:45:29.120+0000] {spark_submit.py:490} INFO - at org.apache.spark.sql.execution.datasources.DataSource.resolveRelation(DataSource.scala:346)
[2025-02-27T22:45:29.121+0000] {spark_submit.py:490} INFO - at org.apache.spark.sql.DataFrameReader.loadV1Source(DataFrameReader.scala:229)
[2025-02-27T22:45:29.122+0000] {spark_submit.py:490} INFO - at org.apache.spark.sql.DataFrameReader.$anonfun$load$2(DataFrameReader.scala:211)
[2025-02-27T22:45:29.123+0000] {spark_submit.py:490} INFO - at scala.Option.getOrElse(Option.scala:189)
[2025-02-27T22:45:29.124+0000] {spark_submit.py:490} INFO - at org.apache.spark.sql.DataFrameReader.load(DataFrameReader.scala:211)
[2025-02-27T22:45:29.125+0000] {spark_submit.py:490} INFO - at org.apache.spark.sql.DataFrameReader.load(DataFrameReader.scala:172)
[2025-02-27T22:45:29.125+0000] {spark_submit.py:490} INFO - at org.apache.spark.sql.DataFrameReader.jdbc(DataFrameReader.scala:249)
[2025-02-27T22:45:29.126+0000] {spark_submit.py:490} INFO - at java.base/jdk.internal.reflect.NativeMethodAccessorImpl.invoke0(Native Method)
[2025-02-27T22:45:29.126+0000] {spark_submit.py:490} INFO - at java.base/jdk.internal.reflect.NativeMethodAccessorImpl.invoke(NativeMethodAccessorImpl.java:62)
[2025-02-27T22:45:29.127+0000] {spark_submit.py:490} INFO - at java.base/jdk.internal.reflect.DelegatingMethodAccessorImpl.invoke(DelegatingMethodAccessorImpl.java:43)
[2025-02-27T22:45:29.127+0000] {spark_submit.py:490} INFO - at java.base/java.lang.reflect.Method.invoke(Method.java:566)
[2025-02-27T22:45:29.128+0000] {spark_submit.py:490} INFO - at py4j.reflection.MethodInvoker.invoke(MethodInvoker.java:244)
[2025-02-27T22:45:29.128+0000] {spark_submit.py:490} INFO - at py4j.reflection.ReflectionEngine.invoke(ReflectionEngine.java:374)
[2025-02-27T22:45:29.128+0000] {spark_submit.py:490} INFO - at py4j.Gateway.invoke(Gateway.java:282)
[2025-02-27T22:45:29.129+0000] {spark_submit.py:490} INFO - at py4j.commands.AbstractCommand.invokeMethod(AbstractCommand.java:132)
[2025-02-27T22:45:29.129+0000] {spark_submit.py:490} INFO - at py4j.commands.CallCommand.execute(CallCommand.java:79)
[2025-02-27T22:45:29.129+0000] {spark_submit.py:490} INFO - at py4j.ClientServerConnection.waitForCommands(ClientServerConnection.java:182)
[2025-02-27T22:45:29.129+0000] {spark_submit.py:490} INFO - at py4j.ClientServerConnection.run(ClientServerConnection.java:106)
[2025-02-27T22:45:29.129+0000] {spark_submit.py:490} INFO - at java.base/java.lang.Thread.run(Thread.java:829)
[2025-02-27T22:45:29.131+0000] {spark_submit.py:490} INFO - 
[2025-02-27T22:45:29.205+0000] {spark_submit.py:490} INFO - 25/02/27 22:45:29 INFO SparkContext: Invoking stop() from shutdown hook
[2025-02-27T22:45:29.207+0000] {spark_submit.py:490} INFO - 25/02/27 22:45:29 INFO SparkContext: SparkContext is stopping with exitCode 0.
[2025-02-27T22:45:29.241+0000] {spark_submit.py:490} INFO - 25/02/27 22:45:29 INFO SparkUI: Stopped Spark web UI at http://53fdc8261bae:4040
[2025-02-27T22:45:29.264+0000] {spark_submit.py:490} INFO - 25/02/27 22:45:29 INFO StandaloneSchedulerBackend: Shutting down all executors
[2025-02-27T22:45:29.274+0000] {spark_submit.py:490} INFO - 25/02/27 22:45:29 INFO StandaloneSchedulerBackend$StandaloneDriverEndpoint: Asking each executor to shut down
[2025-02-27T22:45:29.313+0000] {spark_submit.py:490} INFO - 25/02/27 22:45:29 INFO MapOutputTrackerMasterEndpoint: MapOutputTrackerMasterEndpoint stopped!
[2025-02-27T22:45:29.360+0000] {spark_submit.py:490} INFO - 25/02/27 22:45:29 INFO MemoryStore: MemoryStore cleared
[2025-02-27T22:45:29.361+0000] {spark_submit.py:490} INFO - 25/02/27 22:45:29 INFO BlockManager: BlockManager stopped
[2025-02-27T22:45:29.380+0000] {spark_submit.py:490} INFO - 25/02/27 22:45:29 WARN TransportChannelHandler: Exception in connection from /172.18.0.4:37876
[2025-02-27T22:45:29.380+0000] {spark_submit.py:490} INFO - java.io.IOException: Connection reset by peer
[2025-02-27T22:45:29.380+0000] {spark_submit.py:490} INFO - at java.base/sun.nio.ch.FileDispatcherImpl.read0(Native Method)
[2025-02-27T22:45:29.381+0000] {spark_submit.py:490} INFO - at java.base/sun.nio.ch.SocketDispatcher.read(SocketDispatcher.java:39)
[2025-02-27T22:45:29.382+0000] {spark_submit.py:490} INFO - at java.base/sun.nio.ch.IOUtil.readIntoNativeBuffer(IOUtil.java:276)
[2025-02-27T22:45:29.383+0000] {spark_submit.py:490} INFO - at java.base/sun.nio.ch.IOUtil.read(IOUtil.java:233)
[2025-02-27T22:45:29.383+0000] {spark_submit.py:490} INFO - at java.base/sun.nio.ch.IOUtil.read(IOUtil.java:223)
[2025-02-27T22:45:29.383+0000] {spark_submit.py:490} INFO - at java.base/sun.nio.ch.SocketChannelImpl.read(SocketChannelImpl.java:356)
[2025-02-27T22:45:29.384+0000] {spark_submit.py:490} INFO - at io.netty.buffer.PooledByteBuf.setBytes(PooledByteBuf.java:259)
[2025-02-27T22:45:29.384+0000] {spark_submit.py:490} INFO - at io.netty.buffer.AbstractByteBuf.writeBytes(AbstractByteBuf.java:1132)
[2025-02-27T22:45:29.384+0000] {spark_submit.py:490} INFO - at io.netty.buffer.WrappedByteBuf.writeBytes(WrappedByteBuf.java:821)
[2025-02-27T22:45:29.385+0000] {spark_submit.py:490} INFO - at io.netty.channel.socket.nio.NioSocketChannel.doReadBytes(NioSocketChannel.java:357)
[2025-02-27T22:45:29.385+0000] {spark_submit.py:490} INFO - at io.netty.channel.nio.AbstractNioByteChannel$NioByteUnsafe.read(AbstractNioByteChannel.java:151)
[2025-02-27T22:45:29.385+0000] {spark_submit.py:490} INFO - at io.netty.channel.nio.NioEventLoop.processSelectedKey(NioEventLoop.java:788)
[2025-02-27T22:45:29.385+0000] {spark_submit.py:490} INFO - at io.netty.channel.nio.NioEventLoop.processSelectedKeysOptimized(NioEventLoop.java:724)
[2025-02-27T22:45:29.385+0000] {spark_submit.py:490} INFO - at io.netty.channel.nio.NioEventLoop.processSelectedKeys(NioEventLoop.java:650)
[2025-02-27T22:45:29.386+0000] {spark_submit.py:490} INFO - at io.netty.channel.nio.NioEventLoop.run(NioEventLoop.java:562)
[2025-02-27T22:45:29.386+0000] {spark_submit.py:490} INFO - at io.netty.util.concurrent.SingleThreadEventExecutor$4.run(SingleThreadEventExecutor.java:997)
[2025-02-27T22:45:29.386+0000] {spark_submit.py:490} INFO - at io.netty.util.internal.ThreadExecutorMap$2.run(ThreadExecutorMap.java:74)
[2025-02-27T22:45:29.387+0000] {spark_submit.py:490} INFO - at io.netty.util.concurrent.FastThreadLocalRunnable.run(FastThreadLocalRunnable.java:30)
[2025-02-27T22:45:29.387+0000] {spark_submit.py:490} INFO - at java.base/java.lang.Thread.run(Thread.java:829)
[2025-02-27T22:45:29.387+0000] {spark_submit.py:490} INFO - 25/02/27 22:45:29 INFO BlockManagerMaster: BlockManagerMaster stopped
[2025-02-27T22:45:29.387+0000] {spark_submit.py:490} INFO - 25/02/27 22:45:29 INFO OutputCommitCoordinator$OutputCommitCoordinatorEndpoint: OutputCommitCoordinator stopped!
[2025-02-27T22:45:29.393+0000] {spark_submit.py:490} INFO - 25/02/27 22:45:29 INFO SparkContext: Successfully stopped SparkContext
[2025-02-27T22:45:29.393+0000] {spark_submit.py:490} INFO - 25/02/27 22:45:29 INFO ShutdownHookManager: Shutdown hook called
[2025-02-27T22:45:29.394+0000] {spark_submit.py:490} INFO - 25/02/27 22:45:29 INFO ShutdownHookManager: Deleting directory /tmp/spark-cd668ef3-b60b-4295-9759-f7d18ead7fb9/pyspark-d9f90e2f-56d9-4f79-8e18-942899deb6ea
[2025-02-27T22:45:29.397+0000] {spark_submit.py:490} INFO - 25/02/27 22:45:29 INFO ShutdownHookManager: Deleting directory /tmp/spark-fddea6f0-66c7-48e8-ab9d-2a86d319faf3
[2025-02-27T22:45:29.400+0000] {spark_submit.py:490} INFO - 25/02/27 22:45:29 INFO ShutdownHookManager: Deleting directory /tmp/spark-cd668ef3-b60b-4295-9759-f7d18ead7fb9
[2025-02-27T22:45:29.460+0000] {taskinstance.py:1847} ERROR - Task failed with exception
Traceback (most recent call last):
  File "/home/airflow/.local/lib/python3.7/site-packages/airflow/providers/apache/spark/operators/spark_submit.py", line 157, in execute
    self._hook.submit(self._application)
  File "/home/airflow/.local/lib/python3.7/site-packages/airflow/providers/apache/spark/hooks/spark_submit.py", line 422, in submit
    f"Cannot execute: {self._mask_cmd(spark_submit_cmd)}. Error code is: {returncode}."
airflow.exceptions.AirflowException: Cannot execute: spark-submit --master spark-master:7077 --conf spark.master=spark://spark-master:7077 --conf spark.driver.extraClassPath=/opt/bitnami/spark/jars/postgresql-42.7.5.jar --conf spark.executor.extraClassPath=/opt/bitnami/spark/jars/postgresql-42.7.5.jar --conf spark.jars=/opt/bitnami/spark/jars/postgresql-42.7.5.jar --name spark_join --verbose /opt/***/dags/spark_join.py. Error code is: 1.
[2025-02-27T22:45:29.467+0000] {taskinstance.py:1373} INFO - Marking task as FAILED. dag_id=api_to_db_dag, task_id=spark_join_task, execution_date=20250227T224519, start_date=20250227T224523, end_date=20250227T224529
[2025-02-27T22:45:29.489+0000] {standard_task_runner.py:109} ERROR - Failed to execute job 92 for task spark_join_task (Cannot execute: spark-submit --master spark-master:7077 --conf spark.master=spark://spark-master:7077 --conf spark.driver.extraClassPath=/opt/bitnami/spark/jars/postgresql-42.7.5.jar --conf spark.executor.extraClassPath=/opt/bitnami/spark/jars/postgresql-42.7.5.jar --conf spark.jars=/opt/bitnami/spark/jars/postgresql-42.7.5.jar --name spark_join --verbose /opt/***/dags/spark_join.py. Error code is: 1.; 8648)
[2025-02-27T22:45:29.531+0000] {local_task_job_runner.py:232} INFO - Task exited with return code 1
[2025-02-27T22:45:29.549+0000] {taskinstance.py:2674} INFO - 0 downstream tasks scheduled from follow-on schedule check
