[2025-02-27T17:12:20.556+0000] {taskinstance.py:1125} INFO - Dependencies all met for dep_context=non-requeueable deps ti=<TaskInstance: api_to_db_dag.spark_join_task manual__2025-02-27T17:12:16.418468+00:00 [queued]>
[2025-02-27T17:12:20.562+0000] {taskinstance.py:1125} INFO - Dependencies all met for dep_context=requeueable deps ti=<TaskInstance: api_to_db_dag.spark_join_task manual__2025-02-27T17:12:16.418468+00:00 [queued]>
[2025-02-27T17:12:20.562+0000] {taskinstance.py:1331} INFO - Starting attempt 1 of 1
[2025-02-27T17:12:20.570+0000] {taskinstance.py:1350} INFO - Executing <Task(SparkSubmitOperator): spark_join_task> on 2025-02-27 17:12:16.418468+00:00
[2025-02-27T17:12:20.573+0000] {standard_task_runner.py:57} INFO - Started process 202 to run task
[2025-02-27T17:12:20.575+0000] {standard_task_runner.py:84} INFO - Running: ['***', 'tasks', 'run', 'api_to_db_dag', 'spark_join_task', 'manual__2025-02-27T17:12:16.418468+00:00', '--job-id', '16', '--raw', '--subdir', 'DAGS_FOLDER/dag.py', '--cfg-path', '/tmp/tmp9yan6b5q']
[2025-02-27T17:12:20.577+0000] {standard_task_runner.py:85} INFO - Job 16: Subtask spark_join_task
[2025-02-27T17:12:20.608+0000] {task_command.py:410} INFO - Running <TaskInstance: api_to_db_dag.spark_join_task manual__2025-02-27T17:12:16.418468+00:00 [running]> on host f4e90ab2c82e
[2025-02-27T17:12:20.651+0000] {taskinstance.py:1570} INFO - Exporting env vars: AIRFLOW_CTX_DAG_OWNER='***' AIRFLOW_CTX_DAG_ID='api_to_db_dag' AIRFLOW_CTX_TASK_ID='spark_join_task' AIRFLOW_CTX_EXECUTION_DATE='2025-02-27T17:12:16.418468+00:00' AIRFLOW_CTX_TRY_NUMBER='1' AIRFLOW_CTX_DAG_RUN_ID='manual__2025-02-27T17:12:16.418468+00:00'
[2025-02-27T17:12:20.655+0000] {base.py:73} INFO - Using connection ID 'spark_default' for task execution.
[2025-02-27T17:12:20.656+0000] {spark_submit.py:339} INFO - Spark-Submit cmd: spark-submit --master spark-master:7077 --conf spark.master=spark://spark-master:7077 --conf spark.driver.extraClassPath=/opt/bitnami/spark/jars/postgresql-42.7.5.jar --conf spark.executor.extraClassPath=/opt/bitnami/spark/jars/postgresql-42.7.5.jar --conf spark.jars=/opt/bitnami/spark/jars/postgresql-42.7.5.jar --name spark_join --verbose /opt/***/dags/spark_join.py
[2025-02-27T17:12:21.648+0000] {spark_submit.py:490} INFO - Using properties file: null
[2025-02-27T17:12:21.698+0000] {spark_submit.py:490} INFO - Parsed arguments:
[2025-02-27T17:12:21.699+0000] {spark_submit.py:490} INFO - master                  spark-master:7077
[2025-02-27T17:12:21.699+0000] {spark_submit.py:490} INFO - remote                  null
[2025-02-27T17:12:21.699+0000] {spark_submit.py:490} INFO - deployMode              null
[2025-02-27T17:12:21.699+0000] {spark_submit.py:490} INFO - executorMemory          null
[2025-02-27T17:12:21.699+0000] {spark_submit.py:490} INFO - executorCores           null
[2025-02-27T17:12:21.699+0000] {spark_submit.py:490} INFO - totalExecutorCores      null
[2025-02-27T17:12:21.699+0000] {spark_submit.py:490} INFO - propertiesFile          null
[2025-02-27T17:12:21.699+0000] {spark_submit.py:490} INFO - driverMemory            null
[2025-02-27T17:12:21.699+0000] {spark_submit.py:490} INFO - driverCores             null
[2025-02-27T17:12:21.699+0000] {spark_submit.py:490} INFO - driverExtraClassPath    /opt/bitnami/spark/jars/postgresql-42.7.5.jar
[2025-02-27T17:12:21.699+0000] {spark_submit.py:490} INFO - driverExtraLibraryPath  null
[2025-02-27T17:12:21.700+0000] {spark_submit.py:490} INFO - driverExtraJavaOptions  null
[2025-02-27T17:12:21.700+0000] {spark_submit.py:490} INFO - supervise               false
[2025-02-27T17:12:21.700+0000] {spark_submit.py:490} INFO - queue                   null
[2025-02-27T17:12:21.700+0000] {spark_submit.py:490} INFO - numExecutors            null
[2025-02-27T17:12:21.700+0000] {spark_submit.py:490} INFO - files                   null
[2025-02-27T17:12:21.700+0000] {spark_submit.py:490} INFO - pyFiles                 null
[2025-02-27T17:12:21.700+0000] {spark_submit.py:490} INFO - archives                null
[2025-02-27T17:12:21.700+0000] {spark_submit.py:490} INFO - mainClass               null
[2025-02-27T17:12:21.700+0000] {spark_submit.py:490} INFO - primaryResource         file:/opt/***/dags/spark_join.py
[2025-02-27T17:12:21.700+0000] {spark_submit.py:490} INFO - name                    spark_join
[2025-02-27T17:12:21.700+0000] {spark_submit.py:490} INFO - childArgs               []
[2025-02-27T17:12:21.700+0000] {spark_submit.py:490} INFO - jars                    /opt/bitnami/spark/jars/postgresql-42.7.5.jar
[2025-02-27T17:12:21.700+0000] {spark_submit.py:490} INFO - packages                null
[2025-02-27T17:12:21.701+0000] {spark_submit.py:490} INFO - packagesExclusions      null
[2025-02-27T17:12:21.701+0000] {spark_submit.py:490} INFO - repositories            null
[2025-02-27T17:12:21.701+0000] {spark_submit.py:490} INFO - verbose                 true
[2025-02-27T17:12:21.701+0000] {spark_submit.py:490} INFO - 
[2025-02-27T17:12:21.701+0000] {spark_submit.py:490} INFO - Spark properties used, including those specified through
[2025-02-27T17:12:21.701+0000] {spark_submit.py:490} INFO - --conf and those from the properties file null:
[2025-02-27T17:12:21.701+0000] {spark_submit.py:490} INFO - (spark.driver.extraClassPath,/opt/bitnami/spark/jars/postgresql-42.7.5.jar)
[2025-02-27T17:12:21.701+0000] {spark_submit.py:490} INFO - (spark.executor.extraClassPath,/opt/bitnami/spark/jars/postgresql-42.7.5.jar)
[2025-02-27T17:12:21.701+0000] {spark_submit.py:490} INFO - (spark.jars,/opt/bitnami/spark/jars/postgresql-42.7.5.jar)
[2025-02-27T17:12:21.701+0000] {spark_submit.py:490} INFO - (spark.master,spark://spark-master:7077)
[2025-02-27T17:12:21.701+0000] {spark_submit.py:490} INFO - 
[2025-02-27T17:12:21.701+0000] {spark_submit.py:490} INFO - 
[2025-02-27T17:12:21.912+0000] {spark_submit.py:490} INFO - 25/02/27 17:12:21 WARN NativeCodeLoader: Unable to load native-hadoop library for your platform... using builtin-java classes where applicable
[2025-02-27T17:12:22.012+0000] {spark_submit.py:490} INFO - Main class:
[2025-02-27T17:12:22.012+0000] {spark_submit.py:490} INFO - org.apache.spark.deploy.PythonRunner
[2025-02-27T17:12:22.012+0000] {spark_submit.py:490} INFO - Arguments:
[2025-02-27T17:12:22.013+0000] {spark_submit.py:490} INFO - file:/opt/***/dags/spark_join.py
[2025-02-27T17:12:22.013+0000] {spark_submit.py:490} INFO - null
[2025-02-27T17:12:22.013+0000] {spark_submit.py:490} INFO - Spark config:
[2025-02-27T17:12:22.013+0000] {spark_submit.py:490} INFO - (spark.app.name,spark_join)
[2025-02-27T17:12:22.013+0000] {spark_submit.py:490} INFO - (spark.app.submitTime,1740676342003)
[2025-02-27T17:12:22.013+0000] {spark_submit.py:490} INFO - (spark.driver.extraClassPath,/opt/bitnami/spark/jars/postgresql-42.7.5.jar)
[2025-02-27T17:12:22.014+0000] {spark_submit.py:490} INFO - (spark.executor.extraClassPath,/opt/bitnami/spark/jars/postgresql-42.7.5.jar)
[2025-02-27T17:12:22.014+0000] {spark_submit.py:490} INFO - (spark.jars,file:///opt/bitnami/spark/jars/postgresql-42.7.5.jar)
[2025-02-27T17:12:22.014+0000] {spark_submit.py:490} INFO - (spark.master,spark-master:7077)
[2025-02-27T17:12:22.014+0000] {spark_submit.py:490} INFO - (spark.repl.local.jars,file:///opt/bitnami/spark/jars/postgresql-42.7.5.jar)
[2025-02-27T17:12:22.014+0000] {spark_submit.py:490} INFO - (spark.submit.deployMode,client)
[2025-02-27T17:12:22.014+0000] {spark_submit.py:490} INFO - (spark.submit.pyFiles,)
[2025-02-27T17:12:22.014+0000] {spark_submit.py:490} INFO - Classpath elements:
[2025-02-27T17:12:22.014+0000] {spark_submit.py:490} INFO - file:///opt/bitnami/spark/jars/postgresql-42.7.5.jar
[2025-02-27T17:12:22.014+0000] {spark_submit.py:490} INFO - 
[2025-02-27T17:12:22.014+0000] {spark_submit.py:490} INFO - 
[2025-02-27T17:12:22.696+0000] {spark_submit.py:490} INFO - 25/02/27 17:12:22 INFO SparkContext: Running Spark version 3.4.4
[2025-02-27T17:12:22.712+0000] {spark_submit.py:490} INFO - 25/02/27 17:12:22 INFO ResourceUtils: ==============================================================
[2025-02-27T17:12:22.712+0000] {spark_submit.py:490} INFO - 25/02/27 17:12:22 INFO ResourceUtils: No custom resources configured for spark.driver.
[2025-02-27T17:12:22.712+0000] {spark_submit.py:490} INFO - 25/02/27 17:12:22 INFO ResourceUtils: ==============================================================
[2025-02-27T17:12:22.712+0000] {spark_submit.py:490} INFO - 25/02/27 17:12:22 INFO SparkContext: Submitted application: JoinVelibTables
[2025-02-27T17:12:22.727+0000] {spark_submit.py:490} INFO - 25/02/27 17:12:22 INFO ResourceProfile: Default ResourceProfile created, executor resources: Map(cores -> name: cores, amount: 4, script: , vendor: , memory -> name: memory, amount: 4096, script: , vendor: , offHeap -> name: offHeap, amount: 0, script: , vendor: ), task resources: Map(cpus -> name: cpus, amount: 1.0)
[2025-02-27T17:12:22.745+0000] {spark_submit.py:490} INFO - 25/02/27 17:12:22 INFO ResourceProfile: Limiting resource is cpus at 4 tasks per executor
[2025-02-27T17:12:22.746+0000] {spark_submit.py:490} INFO - 25/02/27 17:12:22 INFO ResourceProfileManager: Added ResourceProfile id: 0
[2025-02-27T17:12:22.781+0000] {spark_submit.py:490} INFO - 25/02/27 17:12:22 INFO SecurityManager: Changing view acls to: ***
[2025-02-27T17:12:22.781+0000] {spark_submit.py:490} INFO - 25/02/27 17:12:22 INFO SecurityManager: Changing modify acls to: ***
[2025-02-27T17:12:22.781+0000] {spark_submit.py:490} INFO - 25/02/27 17:12:22 INFO SecurityManager: Changing view acls groups to:
[2025-02-27T17:12:22.781+0000] {spark_submit.py:490} INFO - 25/02/27 17:12:22 INFO SecurityManager: Changing modify acls groups to:
[2025-02-27T17:12:22.782+0000] {spark_submit.py:490} INFO - 25/02/27 17:12:22 INFO SecurityManager: SecurityManager: authentication disabled; ui acls disabled; users with view permissions: ***; groups with view permissions: EMPTY; users with modify permissions: ***; groups with modify permissions: EMPTY
[2025-02-27T17:12:23.049+0000] {spark_submit.py:490} INFO - 25/02/27 17:12:23 INFO Utils: Successfully started service 'sparkDriver' on port 36411.
[2025-02-27T17:12:23.073+0000] {spark_submit.py:490} INFO - 25/02/27 17:12:23 INFO SparkEnv: Registering MapOutputTracker
[2025-02-27T17:12:23.105+0000] {spark_submit.py:490} INFO - 25/02/27 17:12:23 INFO SparkEnv: Registering BlockManagerMaster
[2025-02-27T17:12:23.117+0000] {spark_submit.py:490} INFO - 25/02/27 17:12:23 INFO BlockManagerMasterEndpoint: Using org.apache.spark.storage.DefaultTopologyMapper for getting topology information
[2025-02-27T17:12:23.118+0000] {spark_submit.py:490} INFO - 25/02/27 17:12:23 INFO BlockManagerMasterEndpoint: BlockManagerMasterEndpoint up
[2025-02-27T17:12:23.120+0000] {spark_submit.py:490} INFO - 25/02/27 17:12:23 INFO SparkEnv: Registering BlockManagerMasterHeartbeat
[2025-02-27T17:12:23.140+0000] {spark_submit.py:490} INFO - 25/02/27 17:12:23 INFO DiskBlockManager: Created local directory at /tmp/blockmgr-a262ddbd-064f-4a12-8891-a1838ba04fb2
[2025-02-27T17:12:23.150+0000] {spark_submit.py:490} INFO - 25/02/27 17:12:23 INFO MemoryStore: MemoryStore started with capacity 434.4 MiB
[2025-02-27T17:12:23.160+0000] {spark_submit.py:490} INFO - 25/02/27 17:12:23 INFO SparkEnv: Registering OutputCommitCoordinator
[2025-02-27T17:12:23.243+0000] {spark_submit.py:490} INFO - 25/02/27 17:12:23 INFO JettyUtils: Start Jetty 0.0.0.0:4040 for SparkUI
[2025-02-27T17:12:23.292+0000] {spark_submit.py:490} INFO - 25/02/27 17:12:23 INFO Utils: Successfully started service 'SparkUI' on port 4040.
[2025-02-27T17:12:23.315+0000] {spark_submit.py:490} INFO - 25/02/27 17:12:23 INFO SparkContext: Added JAR file:///opt/bitnami/spark/jars/postgresql-42.7.5.jar at spark://f4e90ab2c82e:36411/jars/postgresql-42.7.5.jar with timestamp 1740676342690
[2025-02-27T17:12:23.381+0000] {spark_submit.py:490} INFO - 25/02/27 17:12:23 INFO StandaloneAppClient$ClientEndpoint: Connecting to master spark://spark-master:7077...
[2025-02-27T17:12:23.409+0000] {spark_submit.py:490} INFO - 25/02/27 17:12:23 INFO TransportClientFactory: Successfully created connection to spark-master/172.18.0.3:7077 after 16 ms (0 ms spent in bootstraps)
[2025-02-27T17:12:23.617+0000] {spark_submit.py:490} INFO - 25/02/27 17:12:23 INFO StandaloneSchedulerBackend: Connected to Spark cluster with app ID app-20250227171223-0000
[2025-02-27T17:12:23.624+0000] {spark_submit.py:490} INFO - 25/02/27 17:12:23 INFO Utils: Successfully started service 'org.apache.spark.network.netty.NettyBlockTransferService' on port 33129.
[2025-02-27T17:12:23.628+0000] {spark_submit.py:490} INFO - 25/02/27 17:12:23 INFO NettyBlockTransferService: Server created on f4e90ab2c82e:33129
[2025-02-27T17:12:23.628+0000] {spark_submit.py:490} INFO - 25/02/27 17:12:23 INFO BlockManager: Using org.apache.spark.storage.RandomBlockReplicationPolicy for block replication policy
[2025-02-27T17:12:23.630+0000] {spark_submit.py:490} INFO - 25/02/27 17:12:23 INFO BlockManagerMaster: Registering BlockManager BlockManagerId(driver, f4e90ab2c82e, 33129, None)
[2025-02-27T17:12:23.634+0000] {spark_submit.py:490} INFO - 25/02/27 17:12:23 INFO StandaloneAppClient$ClientEndpoint: Executor added: app-20250227171223-0000/0 on worker-20250227171126-172.18.0.4-35525 (172.18.0.4:35525) with 4 core(s)
[2025-02-27T17:12:23.634+0000] {spark_submit.py:490} INFO - 25/02/27 17:12:23 INFO BlockManagerMasterEndpoint: Registering block manager f4e90ab2c82e:33129 with 434.4 MiB RAM, BlockManagerId(driver, f4e90ab2c82e, 33129, None)
[2025-02-27T17:12:23.636+0000] {spark_submit.py:490} INFO - 25/02/27 17:12:23 INFO StandaloneSchedulerBackend: Granted executor ID app-20250227171223-0000/0 on hostPort 172.18.0.4:35525 with 4 core(s), 4.0 GiB RAM
[2025-02-27T17:12:23.639+0000] {spark_submit.py:490} INFO - 25/02/27 17:12:23 INFO BlockManagerMaster: Registered BlockManager BlockManagerId(driver, f4e90ab2c82e, 33129, None)
[2025-02-27T17:12:23.639+0000] {spark_submit.py:490} INFO - 25/02/27 17:12:23 INFO BlockManager: Initialized BlockManager: BlockManagerId(driver, f4e90ab2c82e, 33129, None)
[2025-02-27T17:12:23.835+0000] {spark_submit.py:490} INFO - 25/02/27 17:12:23 INFO StandaloneSchedulerBackend: SchedulerBackend is ready for scheduling beginning after reached minRegisteredResourcesRatio: 0.0
[2025-02-27T17:12:23.868+0000] {spark_submit.py:490} INFO - /home/***/.local/lib/python3.7/site-packages/pyspark/python/lib/pyspark.zip/pyspark/context.py:317: FutureWarning: Python 3.7 support is deprecated in Spark 3.4.
[2025-02-27T17:12:23.869+0000] {spark_submit.py:490} INFO - warnings.warn("Python 3.7 support is deprecated in Spark 3.4.", FutureWarning)
[2025-02-27T17:12:23.873+0000] {spark_submit.py:490} INFO - 25/02/27 17:12:23 INFO StandaloneAppClient$ClientEndpoint: Executor updated: app-20250227171223-0000/0 is now RUNNING
[2025-02-27T17:12:24.000+0000] {spark_submit.py:490} INFO - 25/02/27 17:12:24 INFO SharedState: Setting hive.metastore.warehouse.dir ('null') to the value of spark.sql.warehouse.dir.
[2025-02-27T17:12:24.012+0000] {spark_submit.py:490} INFO - 25/02/27 17:12:24 INFO SharedState: Warehouse path is 'file:/opt/***/spark-warehouse'.
[2025-02-27T17:12:25.566+0000] {spark_submit.py:490} INFO - 25/02/27 17:12:25 INFO StandaloneSchedulerBackend$StandaloneDriverEndpoint: Registered executor NettyRpcEndpointRef(spark-client://Executor) (172.18.0.4:53536) with ID 0,  ResourceProfileId 0
[2025-02-27T17:12:25.630+0000] {spark_submit.py:490} INFO - 25/02/27 17:12:25 INFO BlockManagerMasterEndpoint: Registering block manager 172.18.0.4:41037 with 2.2 GiB RAM, BlockManagerId(0, 172.18.0.4, 41037, None)
[2025-02-27T17:12:26.732+0000] {spark_submit.py:490} INFO - 25/02/27 17:12:26 INFO CodeGenerator: Code generated in 108.944792 ms
[2025-02-27T17:12:26.784+0000] {spark_submit.py:490} INFO - 25/02/27 17:12:26 INFO DAGScheduler: Registering RDD 3 (parquet at NativeMethodAccessorImpl.java:0) as input to shuffle 0
[2025-02-27T17:12:26.788+0000] {spark_submit.py:490} INFO - 25/02/27 17:12:26 INFO DAGScheduler: Got map stage job 0 (parquet at NativeMethodAccessorImpl.java:0) with 1 output partitions
[2025-02-27T17:12:26.788+0000] {spark_submit.py:490} INFO - 25/02/27 17:12:26 INFO DAGScheduler: Final stage: ShuffleMapStage 0 (parquet at NativeMethodAccessorImpl.java:0)
[2025-02-27T17:12:26.789+0000] {spark_submit.py:490} INFO - 25/02/27 17:12:26 INFO DAGScheduler: Parents of final stage: List()
[2025-02-27T17:12:26.789+0000] {spark_submit.py:490} INFO - 25/02/27 17:12:26 INFO DAGScheduler: Missing parents: List()
[2025-02-27T17:12:26.790+0000] {spark_submit.py:490} INFO - 25/02/27 17:12:26 INFO CodeGenerator: Code generated in 8.685166 ms
[2025-02-27T17:12:26.793+0000] {spark_submit.py:490} INFO - 25/02/27 17:12:26 INFO DAGScheduler: Submitting ShuffleMapStage 0 (MapPartitionsRDD[3] at parquet at NativeMethodAccessorImpl.java:0), which has no missing parents
[2025-02-27T17:12:26.867+0000] {spark_submit.py:490} INFO - 25/02/27 17:12:26 INFO MemoryStore: Block broadcast_0 stored as values in memory (estimated size 16.8 KiB, free 434.4 MiB)
[2025-02-27T17:12:26.887+0000] {spark_submit.py:490} INFO - 25/02/27 17:12:26 INFO MemoryStore: Block broadcast_0_piece0 stored as bytes in memory (estimated size 8.0 KiB, free 434.4 MiB)
[2025-02-27T17:12:26.888+0000] {spark_submit.py:490} INFO - 25/02/27 17:12:26 INFO BlockManagerInfo: Added broadcast_0_piece0 in memory on f4e90ab2c82e:33129 (size: 8.0 KiB, free: 434.4 MiB)
[2025-02-27T17:12:26.890+0000] {spark_submit.py:490} INFO - 25/02/27 17:12:26 INFO SparkContext: Created broadcast 0 from broadcast at DAGScheduler.scala:1540
[2025-02-27T17:12:26.900+0000] {spark_submit.py:490} INFO - 25/02/27 17:12:26 INFO DAGScheduler: Submitting 1 missing tasks from ShuffleMapStage 0 (MapPartitionsRDD[3] at parquet at NativeMethodAccessorImpl.java:0) (first 15 tasks are for partitions Vector(0))
[2025-02-27T17:12:26.900+0000] {spark_submit.py:490} INFO - 25/02/27 17:12:26 INFO TaskSchedulerImpl: Adding task set 0.0 with 1 tasks resource profile 0
[2025-02-27T17:12:26.911+0000] {spark_submit.py:490} INFO - 25/02/27 17:12:26 INFO DAGScheduler: Registering RDD 5 (parquet at NativeMethodAccessorImpl.java:0) as input to shuffle 1
[2025-02-27T17:12:26.911+0000] {spark_submit.py:490} INFO - 25/02/27 17:12:26 INFO DAGScheduler: Got map stage job 1 (parquet at NativeMethodAccessorImpl.java:0) with 1 output partitions
[2025-02-27T17:12:26.911+0000] {spark_submit.py:490} INFO - 25/02/27 17:12:26 INFO DAGScheduler: Final stage: ShuffleMapStage 1 (parquet at NativeMethodAccessorImpl.java:0)
[2025-02-27T17:12:26.911+0000] {spark_submit.py:490} INFO - 25/02/27 17:12:26 INFO DAGScheduler: Parents of final stage: List()
[2025-02-27T17:12:26.912+0000] {spark_submit.py:490} INFO - 25/02/27 17:12:26 INFO DAGScheduler: Missing parents: List()
[2025-02-27T17:12:26.913+0000] {spark_submit.py:490} INFO - 25/02/27 17:12:26 INFO DAGScheduler: Submitting ShuffleMapStage 1 (MapPartitionsRDD[5] at parquet at NativeMethodAccessorImpl.java:0), which has no missing parents
[2025-02-27T17:12:26.921+0000] {spark_submit.py:490} INFO - 25/02/27 17:12:26 INFO MemoryStore: Block broadcast_1 stored as values in memory (estimated size 14.4 KiB, free 434.4 MiB)
[2025-02-27T17:12:26.923+0000] {spark_submit.py:490} INFO - 25/02/27 17:12:26 INFO TaskSetManager: Starting task 0.0 in stage 0.0 (TID 0) (172.18.0.4, executor 0, partition 0, PROCESS_LOCAL, 8586 bytes)
[2025-02-27T17:12:26.924+0000] {spark_submit.py:490} INFO - 25/02/27 17:12:26 INFO MemoryStore: Block broadcast_1_piece0 stored as bytes in memory (estimated size 7.5 KiB, free 434.4 MiB)
[2025-02-27T17:12:26.924+0000] {spark_submit.py:490} INFO - 25/02/27 17:12:26 INFO BlockManagerInfo: Added broadcast_1_piece0 in memory on f4e90ab2c82e:33129 (size: 7.5 KiB, free: 434.4 MiB)
[2025-02-27T17:12:26.925+0000] {spark_submit.py:490} INFO - 25/02/27 17:12:26 INFO SparkContext: Created broadcast 1 from broadcast at DAGScheduler.scala:1540
[2025-02-27T17:12:26.925+0000] {spark_submit.py:490} INFO - 25/02/27 17:12:26 INFO DAGScheduler: Submitting 1 missing tasks from ShuffleMapStage 1 (MapPartitionsRDD[5] at parquet at NativeMethodAccessorImpl.java:0) (first 15 tasks are for partitions Vector(0))
[2025-02-27T17:12:26.927+0000] {spark_submit.py:490} INFO - 25/02/27 17:12:26 INFO TaskSchedulerImpl: Adding task set 1.0 with 1 tasks resource profile 0
[2025-02-27T17:12:26.930+0000] {spark_submit.py:490} INFO - 25/02/27 17:12:26 INFO TaskSetManager: Starting task 0.0 in stage 1.0 (TID 1) (172.18.0.4, executor 0, partition 0, PROCESS_LOCAL, 8586 bytes)
[2025-02-27T17:20:05.374+0000] {local_task_job_runner.py:122} ERROR - Received SIGTERM. Terminating subprocesses
[2025-02-27T17:20:05.536+0000] {process_utils.py:135} INFO - Sending Signals.SIGTERM to group 202. PIDs of all processes in the group: [203, 257, 202]
[2025-02-27T17:20:05.538+0000] {process_utils.py:86} INFO - Sending the signal Signals.SIGTERM to group 202
[2025-02-27T17:20:05.574+0000] {taskinstance.py:1540} ERROR - Received SIGTERM. Terminating subprocesses.
[2025-02-27T17:20:05.596+0000] {spark_submit.py:615} INFO - Sending kill signal to spark-submit
[2025-02-27T17:20:05.611+0000] {process_utils.py:79} INFO - Process psutil.Process(pid=257, status='terminated', started='17:12:21') (257) terminated with exit code None
[2025-02-27T17:20:05.702+0000] {taskinstance.py:1847} ERROR - Task failed with exception
Traceback (most recent call last):
  File "/home/airflow/.local/lib/python3.7/site-packages/airflow/providers/apache/spark/operators/spark_submit.py", line 157, in execute
    self._hook.submit(self._application)
  File "/home/airflow/.local/lib/python3.7/site-packages/airflow/providers/apache/spark/hooks/spark_submit.py", line 409, in submit
    self._process_spark_submit_log(iter(self._submit_sp.stdout))  # type: ignore
  File "/home/airflow/.local/lib/python3.7/site-packages/airflow/providers/apache/spark/hooks/spark_submit.py", line 458, in _process_spark_submit_log
    for line in itr:
  File "/home/airflow/.local/lib/python3.7/site-packages/airflow/models/taskinstance.py", line 1542, in signal_handler
    raise AirflowException("Task received SIGTERM signal")
airflow.exceptions.AirflowException: Task received SIGTERM signal
[2025-02-27T17:20:05.739+0000] {taskinstance.py:1373} INFO - Marking task as FAILED. dag_id=api_to_db_dag, task_id=spark_join_task, execution_date=20250227T171216, start_date=20250227T171220, end_date=20250227T172005
[2025-02-27T17:20:05.793+0000] {standard_task_runner.py:109} ERROR - Failed to execute job 16 for task spark_join_task (Task received SIGTERM signal; 202)
[2025-02-27T17:20:05.841+0000] {process_utils.py:79} INFO - Process psutil.Process(pid=203, status='terminated', started='17:12:20') (203) terminated with exit code None
[2025-02-27T17:20:05.846+0000] {process_utils.py:79} INFO - Process psutil.Process(pid=202, status='terminated', exitcode=1, started='17:12:20') (202) terminated with exit code 1
[2025-02-27T17:20:05.850+0000] {local_task_job_runner.py:232} INFO - Task exited with return code 143
[2025-02-27T17:20:05.915+0000] {taskinstance.py:2674} INFO - 0 downstream tasks scheduled from follow-on schedule check
