[2025-02-26T17:58:04.719+0000] {taskinstance.py:1087} INFO - Dependencies all met for <TaskInstance: api_to_db_dag.get_velib_data manual__2025-02-26T17:58:03.422918+00:00 [queued]>
[2025-02-26T17:58:04.726+0000] {taskinstance.py:1087} INFO - Dependencies all met for <TaskInstance: api_to_db_dag.get_velib_data manual__2025-02-26T17:58:03.422918+00:00 [queued]>
[2025-02-26T17:58:04.726+0000] {taskinstance.py:1283} INFO - 
--------------------------------------------------------------------------------
[2025-02-26T17:58:04.726+0000] {taskinstance.py:1284} INFO - Starting attempt 1 of 1
[2025-02-26T17:58:04.726+0000] {taskinstance.py:1285} INFO - 
--------------------------------------------------------------------------------
[2025-02-26T17:58:04.734+0000] {taskinstance.py:1304} INFO - Executing <Task(SimpleHttpOperator): get_velib_data> on 2025-02-26 17:58:03.422918+00:00
[2025-02-26T17:58:04.737+0000] {standard_task_runner.py:55} INFO - Started process 215 to run task
[2025-02-26T17:58:04.739+0000] {standard_task_runner.py:82} INFO - Running: ['***', 'tasks', 'run', 'api_to_db_dag', 'get_velib_data', 'manual__2025-02-26T17:58:03.422918+00:00', '--job-id', '7', '--raw', '--subdir', 'DAGS_FOLDER/dag.py', '--cfg-path', '/tmp/tmpmzbk28lx']
[2025-02-26T17:58:04.740+0000] {standard_task_runner.py:83} INFO - Job 7: Subtask get_velib_data
[2025-02-26T17:58:04.776+0000] {task_command.py:389} INFO - Running <TaskInstance: api_to_db_dag.get_velib_data manual__2025-02-26T17:58:03.422918+00:00 [running]> on host 110d01ca39ff
[2025-02-26T17:58:04.818+0000] {taskinstance.py:1513} INFO - Exporting the following env vars:
AIRFLOW_CTX_DAG_OWNER=***
AIRFLOW_CTX_DAG_ID=api_to_db_dag
AIRFLOW_CTX_TASK_ID=get_velib_data
AIRFLOW_CTX_EXECUTION_DATE=2025-02-26T17:58:03.422918+00:00
AIRFLOW_CTX_TRY_NUMBER=1
AIRFLOW_CTX_DAG_RUN_ID=manual__2025-02-26T17:58:03.422918+00:00
[2025-02-26T17:58:04.818+0000] {http.py:123} INFO - Calling HTTP method
[2025-02-26T17:58:04.823+0000] {base.py:73} INFO - Using connection ID 'velib_api_connection' for task execution.
[2025-02-26T17:58:04.824+0000] {http.py:150} INFO - Sending 'GET' to url: https://velib-metropole-opendata.smovengo.cloud/opendata/Velib_Metropole/station_status.json
[2025-02-26T17:58:05.005+0000] {taskinstance.py:1327} INFO - Marking task as SUCCESS. dag_id=api_to_db_dag, task_id=get_velib_data, execution_date=20250226T175803, start_date=20250226T175804, end_date=20250226T175805
[2025-02-26T17:58:05.039+0000] {local_task_job.py:159} INFO - Task exited with return code 0
[2025-02-26T17:58:05.054+0000] {taskinstance.py:2582} INFO - 1 downstream tasks scheduled from follow-on schedule check
