[2025-03-02T15:16:41.067+0000] {taskinstance.py:1125} INFO - Dependencies all met for dep_context=non-requeueable deps ti=<TaskInstance: api_to_db_dag.get_velib_data scheduled__2025-03-02T15:00:00+00:00 [queued]>
[2025-03-02T15:16:41.077+0000] {taskinstance.py:1125} INFO - Dependencies all met for dep_context=requeueable deps ti=<TaskInstance: api_to_db_dag.get_velib_data scheduled__2025-03-02T15:00:00+00:00 [queued]>
[2025-03-02T15:16:41.079+0000] {taskinstance.py:1331} INFO - Starting attempt 1 of 2
[2025-03-02T15:16:41.089+0000] {taskinstance.py:1350} INFO - Executing <Task(SimpleHttpOperator): get_velib_data> on 2025-03-02 15:00:00+00:00
[2025-03-02T15:16:41.096+0000] {standard_task_runner.py:57} INFO - Started process 250 to run task
[2025-03-02T15:16:41.098+0000] {standard_task_runner.py:84} INFO - Running: ['***', 'tasks', 'run', 'api_to_db_dag', 'get_velib_data', 'scheduled__2025-03-02T15:00:00+00:00', '--job-id', '2', '--raw', '--subdir', 'DAGS_FOLDER/dag.py', '--cfg-path', '/tmp/tmpf_3be8n4']
[2025-03-02T15:16:41.102+0000] {standard_task_runner.py:85} INFO - Job 2: Subtask get_velib_data
[2025-03-02T15:16:41.203+0000] {task_command.py:410} INFO - Running <TaskInstance: api_to_db_dag.get_velib_data scheduled__2025-03-02T15:00:00+00:00 [running]> on host aff32853cb20
[2025-03-02T15:16:41.320+0000] {taskinstance.py:1570} INFO - Exporting env vars: AIRFLOW_CTX_DAG_OWNER='***' AIRFLOW_CTX_DAG_ID='api_to_db_dag' AIRFLOW_CTX_TASK_ID='get_velib_data' AIRFLOW_CTX_EXECUTION_DATE='2025-03-02T15:00:00+00:00' AIRFLOW_CTX_TRY_NUMBER='1' AIRFLOW_CTX_DAG_RUN_ID='scheduled__2025-03-02T15:00:00+00:00'
[2025-03-02T15:16:41.322+0000] {http.py:123} INFO - Calling HTTP method
[2025-03-02T15:16:41.332+0000] {base.py:73} INFO - Using connection ID 'velib_api_connection' for task execution.
[2025-03-02T15:16:41.588+0000] {taskinstance.py:1373} INFO - Marking task as SUCCESS. dag_id=api_to_db_dag, task_id=get_velib_data, execution_date=20250302T150000, start_date=20250302T151641, end_date=20250302T151641
[2025-03-02T15:16:41.608+0000] {local_task_job_runner.py:232} INFO - Task exited with return code 0
[2025-03-02T15:16:41.630+0000] {taskinstance.py:2674} INFO - 1 downstream tasks scheduled from follow-on schedule check
[2025-03-02T15:27:22.735+0000] {taskinstance.py:1125} INFO - Dependencies all met for dep_context=non-requeueable deps ti=<TaskInstance: api_to_db_dag.get_velib_data scheduled__2025-03-02T15:00:00+00:00 [queued]>
[2025-03-02T15:27:22.746+0000] {taskinstance.py:1125} INFO - Dependencies all met for dep_context=requeueable deps ti=<TaskInstance: api_to_db_dag.get_velib_data scheduled__2025-03-02T15:00:00+00:00 [queued]>
[2025-03-02T15:27:22.747+0000] {taskinstance.py:1331} INFO - Starting attempt 1 of 2
[2025-03-02T15:27:22.761+0000] {taskinstance.py:1350} INFO - Executing <Task(SimpleHttpOperator): get_velib_data> on 2025-03-02 15:00:00+00:00
[2025-03-02T15:27:22.771+0000] {standard_task_runner.py:57} INFO - Started process 318 to run task
[2025-03-02T15:27:22.774+0000] {standard_task_runner.py:84} INFO - Running: ['***', 'tasks', 'run', 'api_to_db_dag', 'get_velib_data', 'scheduled__2025-03-02T15:00:00+00:00', '--job-id', '3', '--raw', '--subdir', 'DAGS_FOLDER/dag.py', '--cfg-path', '/tmp/tmpudlqayit']
[2025-03-02T15:27:22.775+0000] {standard_task_runner.py:85} INFO - Job 3: Subtask get_velib_data
[2025-03-02T15:27:22.836+0000] {task_command.py:410} INFO - Running <TaskInstance: api_to_db_dag.get_velib_data scheduled__2025-03-02T15:00:00+00:00 [running]> on host 471351a9a62d
[2025-03-02T15:27:22.904+0000] {taskinstance.py:1570} INFO - Exporting env vars: AIRFLOW_CTX_DAG_OWNER='***' AIRFLOW_CTX_DAG_ID='api_to_db_dag' AIRFLOW_CTX_TASK_ID='get_velib_data' AIRFLOW_CTX_EXECUTION_DATE='2025-03-02T15:00:00+00:00' AIRFLOW_CTX_TRY_NUMBER='1' AIRFLOW_CTX_DAG_RUN_ID='scheduled__2025-03-02T15:00:00+00:00'
[2025-03-02T15:27:22.908+0000] {http.py:123} INFO - Calling HTTP method
[2025-03-02T15:27:22.918+0000] {base.py:73} INFO - Using connection ID 'velib_api_connection' for task execution.
[2025-03-02T15:27:23.142+0000] {taskinstance.py:1373} INFO - Marking task as SUCCESS. dag_id=api_to_db_dag, task_id=get_velib_data, execution_date=20250302T150000, start_date=20250302T152722, end_date=20250302T152723
[2025-03-02T15:27:23.159+0000] {local_task_job_runner.py:232} INFO - Task exited with return code 0
[2025-03-02T15:27:23.181+0000] {taskinstance.py:2674} INFO - 1 downstream tasks scheduled from follow-on schedule check
