[2025-02-27T16:20:17.481+0000] {taskinstance.py:1125} INFO - Dependencies all met for dep_context=non-requeueable deps ti=<TaskInstance: api_to_db_dag.spark_join_task manual__2025-02-27T16:20:13.065826+00:00 [queued]>
[2025-02-27T16:20:17.488+0000] {taskinstance.py:1125} INFO - Dependencies all met for dep_context=requeueable deps ti=<TaskInstance: api_to_db_dag.spark_join_task manual__2025-02-27T16:20:13.065826+00:00 [queued]>
[2025-02-27T16:20:17.489+0000] {taskinstance.py:1331} INFO - Starting attempt 1 of 1
[2025-02-27T16:20:17.497+0000] {taskinstance.py:1350} INFO - Executing <Task(SparkSubmitOperator): spark_join_task> on 2025-02-27 16:20:13.065826+00:00
[2025-02-27T16:20:17.501+0000] {standard_task_runner.py:57} INFO - Started process 207 to run task
[2025-02-27T16:20:17.504+0000] {standard_task_runner.py:84} INFO - Running: ['***', 'tasks', 'run', 'api_to_db_dag', 'spark_join_task', 'manual__2025-02-27T16:20:13.065826+00:00', '--job-id', '16', '--raw', '--subdir', 'DAGS_FOLDER/dag.py', '--cfg-path', '/tmp/tmp9uqj0oe4']
[2025-02-27T16:20:17.506+0000] {standard_task_runner.py:85} INFO - Job 16: Subtask spark_join_task
[2025-02-27T16:20:17.540+0000] {task_command.py:410} INFO - Running <TaskInstance: api_to_db_dag.spark_join_task manual__2025-02-27T16:20:13.065826+00:00 [running]> on host e84fbebffd18
[2025-02-27T16:20:17.592+0000] {taskinstance.py:1570} INFO - Exporting env vars: AIRFLOW_CTX_DAG_OWNER='***' AIRFLOW_CTX_DAG_ID='api_to_db_dag' AIRFLOW_CTX_TASK_ID='spark_join_task' AIRFLOW_CTX_EXECUTION_DATE='2025-02-27T16:20:13.065826+00:00' AIRFLOW_CTX_TRY_NUMBER='1' AIRFLOW_CTX_DAG_RUN_ID='manual__2025-02-27T16:20:13.065826+00:00'
[2025-02-27T16:20:17.598+0000] {base.py:73} INFO - Using connection ID 'spark_default' for task execution.
[2025-02-27T16:20:17.598+0000] {spark_submit.py:339} INFO - Spark-Submit cmd: spark-submit --master spark-master:7077 --conf spark.master=spark://spark-master:7077 --conf spark.driver.extraClassPath=/opt/bitnami/spark/jars/postgresql-42.7.5.jar --conf spark.executor.extraClassPath=/opt/bitnami/spark/jars/postgresql-42.7.5.jar --conf spark.jars=/opt/bitnami/spark/jars/postgresql-42.7.5.jar --name spark_join --verbose /opt/***/dags/spark_join.py
[2025-02-27T16:20:18.702+0000] {spark_submit.py:490} INFO - Using properties file: null
[2025-02-27T16:20:18.762+0000] {spark_submit.py:490} INFO - Parsed arguments:
[2025-02-27T16:20:18.765+0000] {spark_submit.py:490} INFO - master                  spark-master:7077
[2025-02-27T16:20:18.765+0000] {spark_submit.py:490} INFO - remote                  null
[2025-02-27T16:20:18.766+0000] {spark_submit.py:490} INFO - deployMode              null
[2025-02-27T16:20:18.766+0000] {spark_submit.py:490} INFO - executorMemory          null
[2025-02-27T16:20:18.766+0000] {spark_submit.py:490} INFO - executorCores           null
[2025-02-27T16:20:18.766+0000] {spark_submit.py:490} INFO - totalExecutorCores      null
[2025-02-27T16:20:18.766+0000] {spark_submit.py:490} INFO - propertiesFile          null
[2025-02-27T16:20:18.766+0000] {spark_submit.py:490} INFO - driverMemory            null
[2025-02-27T16:20:18.766+0000] {spark_submit.py:490} INFO - driverCores             null
[2025-02-27T16:20:18.766+0000] {spark_submit.py:490} INFO - driverExtraClassPath    /opt/bitnami/spark/jars/postgresql-42.7.5.jar
[2025-02-27T16:20:18.766+0000] {spark_submit.py:490} INFO - driverExtraLibraryPath  null
[2025-02-27T16:20:18.767+0000] {spark_submit.py:490} INFO - driverExtraJavaOptions  null
[2025-02-27T16:20:18.767+0000] {spark_submit.py:490} INFO - supervise               false
[2025-02-27T16:20:18.767+0000] {spark_submit.py:490} INFO - queue                   null
[2025-02-27T16:20:18.767+0000] {spark_submit.py:490} INFO - numExecutors            null
[2025-02-27T16:20:18.767+0000] {spark_submit.py:490} INFO - files                   null
[2025-02-27T16:20:18.767+0000] {spark_submit.py:490} INFO - pyFiles                 null
[2025-02-27T16:20:18.767+0000] {spark_submit.py:490} INFO - archives                null
[2025-02-27T16:20:18.767+0000] {spark_submit.py:490} INFO - mainClass               null
[2025-02-27T16:20:18.768+0000] {spark_submit.py:490} INFO - primaryResource         file:/opt/***/dags/spark_join.py
[2025-02-27T16:20:18.768+0000] {spark_submit.py:490} INFO - name                    spark_join
[2025-02-27T16:20:18.768+0000] {spark_submit.py:490} INFO - childArgs               []
[2025-02-27T16:20:18.768+0000] {spark_submit.py:490} INFO - jars                    /opt/bitnami/spark/jars/postgresql-42.7.5.jar
[2025-02-27T16:20:18.768+0000] {spark_submit.py:490} INFO - packages                null
[2025-02-27T16:20:18.768+0000] {spark_submit.py:490} INFO - packagesExclusions      null
[2025-02-27T16:20:18.768+0000] {spark_submit.py:490} INFO - repositories            null
[2025-02-27T16:20:18.768+0000] {spark_submit.py:490} INFO - verbose                 true
[2025-02-27T16:20:18.768+0000] {spark_submit.py:490} INFO - 
[2025-02-27T16:20:18.768+0000] {spark_submit.py:490} INFO - Spark properties used, including those specified through
[2025-02-27T16:20:18.769+0000] {spark_submit.py:490} INFO - --conf and those from the properties file null:
[2025-02-27T16:20:18.769+0000] {spark_submit.py:490} INFO - (spark.driver.extraClassPath,/opt/bitnami/spark/jars/postgresql-42.7.5.jar)
[2025-02-27T16:20:18.769+0000] {spark_submit.py:490} INFO - (spark.executor.extraClassPath,/opt/bitnami/spark/jars/postgresql-42.7.5.jar)
[2025-02-27T16:20:18.769+0000] {spark_submit.py:490} INFO - (spark.jars,/opt/bitnami/spark/jars/postgresql-42.7.5.jar)
[2025-02-27T16:20:18.769+0000] {spark_submit.py:490} INFO - (spark.master,spark://spark-master:7077)
[2025-02-27T16:20:18.769+0000] {spark_submit.py:490} INFO - 
[2025-02-27T16:20:18.769+0000] {spark_submit.py:490} INFO - 
[2025-02-27T16:20:18.974+0000] {spark_submit.py:490} INFO - 25/02/27 16:20:18 WARN NativeCodeLoader: Unable to load native-hadoop library for your platform... using builtin-java classes where applicable
[2025-02-27T16:20:19.093+0000] {spark_submit.py:490} INFO - Main class:
[2025-02-27T16:20:19.094+0000] {spark_submit.py:490} INFO - org.apache.spark.deploy.PythonRunner
[2025-02-27T16:20:19.094+0000] {spark_submit.py:490} INFO - Arguments:
[2025-02-27T16:20:19.094+0000] {spark_submit.py:490} INFO - file:/opt/***/dags/spark_join.py
[2025-02-27T16:20:19.095+0000] {spark_submit.py:490} INFO - null
[2025-02-27T16:20:19.095+0000] {spark_submit.py:490} INFO - Spark config:
[2025-02-27T16:20:19.095+0000] {spark_submit.py:490} INFO - (spark.app.name,spark_join)
[2025-02-27T16:20:19.095+0000] {spark_submit.py:490} INFO - (spark.app.submitTime,1740673219085)
[2025-02-27T16:20:19.095+0000] {spark_submit.py:490} INFO - (spark.driver.extraClassPath,/opt/bitnami/spark/jars/postgresql-42.7.5.jar)
[2025-02-27T16:20:19.096+0000] {spark_submit.py:490} INFO - (spark.executor.extraClassPath,/opt/bitnami/spark/jars/postgresql-42.7.5.jar)
[2025-02-27T16:20:19.096+0000] {spark_submit.py:490} INFO - (spark.jars,file:///opt/bitnami/spark/jars/postgresql-42.7.5.jar)
[2025-02-27T16:20:19.096+0000] {spark_submit.py:490} INFO - (spark.master,spark-master:7077)
[2025-02-27T16:20:19.096+0000] {spark_submit.py:490} INFO - (spark.repl.local.jars,file:///opt/bitnami/spark/jars/postgresql-42.7.5.jar)
[2025-02-27T16:20:19.096+0000] {spark_submit.py:490} INFO - (spark.submit.deployMode,client)
[2025-02-27T16:20:19.096+0000] {spark_submit.py:490} INFO - (spark.submit.pyFiles,)
[2025-02-27T16:20:19.096+0000] {spark_submit.py:490} INFO - Classpath elements:
[2025-02-27T16:20:19.096+0000] {spark_submit.py:490} INFO - file:///opt/bitnami/spark/jars/postgresql-42.7.5.jar
[2025-02-27T16:20:19.096+0000] {spark_submit.py:490} INFO - 
[2025-02-27T16:20:19.097+0000] {spark_submit.py:490} INFO - 
[2025-02-27T16:20:19.864+0000] {spark_submit.py:490} INFO - 25/02/27 16:20:19 INFO SparkContext: Running Spark version 3.4.4
[2025-02-27T16:20:19.880+0000] {spark_submit.py:490} INFO - 25/02/27 16:20:19 INFO ResourceUtils: ==============================================================
[2025-02-27T16:20:19.881+0000] {spark_submit.py:490} INFO - 25/02/27 16:20:19 INFO ResourceUtils: No custom resources configured for spark.driver.
[2025-02-27T16:20:19.881+0000] {spark_submit.py:490} INFO - 25/02/27 16:20:19 INFO ResourceUtils: ==============================================================
[2025-02-27T16:20:19.881+0000] {spark_submit.py:490} INFO - 25/02/27 16:20:19 INFO SparkContext: Submitted application: JoinVelibTables
[2025-02-27T16:20:19.893+0000] {spark_submit.py:490} INFO - 25/02/27 16:20:19 INFO ResourceProfile: Default ResourceProfile created, executor resources: Map(memory -> name: memory, amount: 2048, script: , vendor: , offHeap -> name: offHeap, amount: 0, script: , vendor: ), task resources: Map(cpus -> name: cpus, amount: 1.0)
[2025-02-27T16:20:19.907+0000] {spark_submit.py:490} INFO - 25/02/27 16:20:19 INFO ResourceProfile: Limiting resource is cpu
[2025-02-27T16:20:19.909+0000] {spark_submit.py:490} INFO - 25/02/27 16:20:19 INFO ResourceProfileManager: Added ResourceProfile id: 0
[2025-02-27T16:20:19.937+0000] {spark_submit.py:490} INFO - 25/02/27 16:20:19 INFO SecurityManager: Changing view acls to: ***
[2025-02-27T16:20:19.937+0000] {spark_submit.py:490} INFO - 25/02/27 16:20:19 INFO SecurityManager: Changing modify acls to: ***
[2025-02-27T16:20:19.937+0000] {spark_submit.py:490} INFO - 25/02/27 16:20:19 INFO SecurityManager: Changing view acls groups to:
[2025-02-27T16:20:19.937+0000] {spark_submit.py:490} INFO - 25/02/27 16:20:19 INFO SecurityManager: Changing modify acls groups to:
[2025-02-27T16:20:19.938+0000] {spark_submit.py:490} INFO - 25/02/27 16:20:19 INFO SecurityManager: SecurityManager: authentication disabled; ui acls disabled; users with view permissions: ***; groups with view permissions: EMPTY; users with modify permissions: ***; groups with modify permissions: EMPTY
[2025-02-27T16:20:20.060+0000] {spark_submit.py:490} INFO - 25/02/27 16:20:20 INFO Utils: Successfully started service 'sparkDriver' on port 34459.
[2025-02-27T16:20:20.077+0000] {spark_submit.py:490} INFO - 25/02/27 16:20:20 INFO SparkEnv: Registering MapOutputTracker
[2025-02-27T16:20:20.096+0000] {spark_submit.py:490} INFO - 25/02/27 16:20:20 INFO SparkEnv: Registering BlockManagerMaster
[2025-02-27T16:20:20.107+0000] {spark_submit.py:490} INFO - 25/02/27 16:20:20 INFO BlockManagerMasterEndpoint: Using org.apache.spark.storage.DefaultTopologyMapper for getting topology information
[2025-02-27T16:20:20.107+0000] {spark_submit.py:490} INFO - 25/02/27 16:20:20 INFO BlockManagerMasterEndpoint: BlockManagerMasterEndpoint up
[2025-02-27T16:20:20.110+0000] {spark_submit.py:490} INFO - 25/02/27 16:20:20 INFO SparkEnv: Registering BlockManagerMasterHeartbeat
[2025-02-27T16:20:20.124+0000] {spark_submit.py:490} INFO - 25/02/27 16:20:20 INFO DiskBlockManager: Created local directory at /tmp/blockmgr-9f8e4826-faeb-47ba-aab2-d0499eb9b956
[2025-02-27T16:20:20.133+0000] {spark_submit.py:490} INFO - 25/02/27 16:20:20 INFO MemoryStore: MemoryStore started with capacity 434.4 MiB
[2025-02-27T16:20:20.142+0000] {spark_submit.py:490} INFO - 25/02/27 16:20:20 INFO SparkEnv: Registering OutputCommitCoordinator
[2025-02-27T16:20:20.234+0000] {spark_submit.py:490} INFO - 25/02/27 16:20:20 INFO JettyUtils: Start Jetty 0.0.0.0:4040 for SparkUI
[2025-02-27T16:20:20.278+0000] {spark_submit.py:490} INFO - 25/02/27 16:20:20 INFO Utils: Successfully started service 'SparkUI' on port 4040.
[2025-02-27T16:20:20.300+0000] {spark_submit.py:490} INFO - 25/02/27 16:20:20 INFO SparkContext: Added JAR file:///opt/bitnami/spark/jars/postgresql-42.7.5.jar at spark://e84fbebffd18:34459/jars/postgresql-42.7.5.jar with timestamp 1740673219858
[2025-02-27T16:20:20.354+0000] {spark_submit.py:490} INFO - 25/02/27 16:20:20 INFO StandaloneAppClient$ClientEndpoint: Connecting to master spark://spark-master:7077...
[2025-02-27T16:20:20.383+0000] {spark_submit.py:490} INFO - 25/02/27 16:20:20 INFO TransportClientFactory: Successfully created connection to spark-master/172.19.0.2:7077 after 16 ms (0 ms spent in bootstraps)
[2025-02-27T16:20:20.651+0000] {spark_submit.py:490} INFO - 25/02/27 16:20:20 INFO StandaloneSchedulerBackend: Connected to Spark cluster with app ID app-20250227162020-0000
[2025-02-27T16:20:20.657+0000] {spark_submit.py:490} INFO - 25/02/27 16:20:20 INFO Utils: Successfully started service 'org.apache.spark.network.netty.NettyBlockTransferService' on port 38495.
[2025-02-27T16:20:20.658+0000] {spark_submit.py:490} INFO - 25/02/27 16:20:20 INFO NettyBlockTransferService: Server created on e84fbebffd18:38495
[2025-02-27T16:20:20.659+0000] {spark_submit.py:490} INFO - 25/02/27 16:20:20 INFO BlockManager: Using org.apache.spark.storage.RandomBlockReplicationPolicy for block replication policy
[2025-02-27T16:20:20.664+0000] {spark_submit.py:490} INFO - 25/02/27 16:20:20 INFO BlockManagerMaster: Registering BlockManager BlockManagerId(driver, e84fbebffd18, 38495, None)
[2025-02-27T16:20:20.667+0000] {spark_submit.py:490} INFO - 25/02/27 16:20:20 INFO BlockManagerMasterEndpoint: Registering block manager e84fbebffd18:38495 with 434.4 MiB RAM, BlockManagerId(driver, e84fbebffd18, 38495, None)
[2025-02-27T16:20:20.668+0000] {spark_submit.py:490} INFO - 25/02/27 16:20:20 INFO BlockManagerMaster: Registered BlockManager BlockManagerId(driver, e84fbebffd18, 38495, None)
[2025-02-27T16:20:20.669+0000] {spark_submit.py:490} INFO - 25/02/27 16:20:20 INFO BlockManager: Initialized BlockManager: BlockManagerId(driver, e84fbebffd18, 38495, None)
[2025-02-27T16:20:20.801+0000] {spark_submit.py:490} INFO - 25/02/27 16:20:20 INFO StandaloneSchedulerBackend: SchedulerBackend is ready for scheduling beginning after reached minRegisteredResourcesRatio: 0.0
[2025-02-27T16:20:20.819+0000] {spark_submit.py:490} INFO - /home/***/.local/lib/python3.7/site-packages/pyspark/python/lib/pyspark.zip/pyspark/context.py:317: FutureWarning: Python 3.7 support is deprecated in Spark 3.4.
[2025-02-27T16:20:20.820+0000] {spark_submit.py:490} INFO - warnings.warn("Python 3.7 support is deprecated in Spark 3.4.", FutureWarning)
[2025-02-27T16:20:20.929+0000] {spark_submit.py:490} INFO - 25/02/27 16:20:20 INFO SharedState: Setting hive.metastore.warehouse.dir ('null') to the value of spark.sql.warehouse.dir.
[2025-02-27T16:20:20.931+0000] {spark_submit.py:490} INFO - 25/02/27 16:20:20 INFO SharedState: Warehouse path is 'file:/opt/***/spark-warehouse'.
[2025-02-27T16:20:23.203+0000] {spark_submit.py:490} INFO - 25/02/27 16:20:23 INFO CodeGenerator: Code generated in 111.069375 ms
[2025-02-27T16:20:23.248+0000] {spark_submit.py:490} INFO - 25/02/27 16:20:23 INFO DAGScheduler: Registering RDD 3 (parquet at NativeMethodAccessorImpl.java:0) as input to shuffle 0
[2025-02-27T16:20:23.251+0000] {spark_submit.py:490} INFO - 25/02/27 16:20:23 INFO DAGScheduler: Got map stage job 0 (parquet at NativeMethodAccessorImpl.java:0) with 1 output partitions
[2025-02-27T16:20:23.251+0000] {spark_submit.py:490} INFO - 25/02/27 16:20:23 INFO DAGScheduler: Final stage: ShuffleMapStage 0 (parquet at NativeMethodAccessorImpl.java:0)
[2025-02-27T16:20:23.252+0000] {spark_submit.py:490} INFO - 25/02/27 16:20:23 INFO DAGScheduler: Parents of final stage: List()
[2025-02-27T16:20:23.253+0000] {spark_submit.py:490} INFO - 25/02/27 16:20:23 INFO DAGScheduler: Missing parents: List()
[2025-02-27T16:20:23.253+0000] {spark_submit.py:490} INFO - 25/02/27 16:20:23 INFO CodeGenerator: Code generated in 9.055791 ms
[2025-02-27T16:20:23.255+0000] {spark_submit.py:490} INFO - 25/02/27 16:20:23 INFO DAGScheduler: Submitting ShuffleMapStage 0 (MapPartitionsRDD[3] at parquet at NativeMethodAccessorImpl.java:0), which has no missing parents
[2025-02-27T16:20:23.359+0000] {spark_submit.py:490} INFO - 25/02/27 16:20:23 INFO MemoryStore: Block broadcast_0 stored as values in memory (estimated size 16.8 KiB, free 434.4 MiB)
[2025-02-27T16:20:23.376+0000] {spark_submit.py:490} INFO - 25/02/27 16:20:23 INFO MemoryStore: Block broadcast_0_piece0 stored as bytes in memory (estimated size 8.0 KiB, free 434.4 MiB)
[2025-02-27T16:20:23.378+0000] {spark_submit.py:490} INFO - 25/02/27 16:20:23 INFO BlockManagerInfo: Added broadcast_0_piece0 in memory on e84fbebffd18:38495 (size: 8.0 KiB, free: 434.4 MiB)
[2025-02-27T16:20:23.380+0000] {spark_submit.py:490} INFO - 25/02/27 16:20:23 INFO SparkContext: Created broadcast 0 from broadcast at DAGScheduler.scala:1540
[2025-02-27T16:20:23.390+0000] {spark_submit.py:490} INFO - 25/02/27 16:20:23 INFO DAGScheduler: Submitting 1 missing tasks from ShuffleMapStage 0 (MapPartitionsRDD[3] at parquet at NativeMethodAccessorImpl.java:0) (first 15 tasks are for partitions Vector(0))
[2025-02-27T16:20:23.390+0000] {spark_submit.py:490} INFO - 25/02/27 16:20:23 INFO TaskSchedulerImpl: Adding task set 0.0 with 1 tasks resource profile 0
[2025-02-27T16:20:23.401+0000] {spark_submit.py:490} INFO - 25/02/27 16:20:23 INFO DAGScheduler: Registering RDD 5 (parquet at NativeMethodAccessorImpl.java:0) as input to shuffle 1
[2025-02-27T16:20:23.402+0000] {spark_submit.py:490} INFO - 25/02/27 16:20:23 INFO DAGScheduler: Got map stage job 1 (parquet at NativeMethodAccessorImpl.java:0) with 1 output partitions
[2025-02-27T16:20:23.402+0000] {spark_submit.py:490} INFO - 25/02/27 16:20:23 INFO DAGScheduler: Final stage: ShuffleMapStage 1 (parquet at NativeMethodAccessorImpl.java:0)
[2025-02-27T16:20:23.402+0000] {spark_submit.py:490} INFO - 25/02/27 16:20:23 INFO DAGScheduler: Parents of final stage: List()
[2025-02-27T16:20:23.402+0000] {spark_submit.py:490} INFO - 25/02/27 16:20:23 INFO DAGScheduler: Missing parents: List()
[2025-02-27T16:20:23.403+0000] {spark_submit.py:490} INFO - 25/02/27 16:20:23 INFO DAGScheduler: Submitting ShuffleMapStage 1 (MapPartitionsRDD[5] at parquet at NativeMethodAccessorImpl.java:0), which has no missing parents
[2025-02-27T16:20:23.409+0000] {spark_submit.py:490} INFO - 25/02/27 16:20:23 INFO MemoryStore: Block broadcast_1 stored as values in memory (estimated size 14.4 KiB, free 434.4 MiB)
[2025-02-27T16:20:23.414+0000] {spark_submit.py:490} INFO - 25/02/27 16:20:23 INFO MemoryStore: Block broadcast_1_piece0 stored as bytes in memory (estimated size 7.5 KiB, free 434.4 MiB)
[2025-02-27T16:20:23.414+0000] {spark_submit.py:490} INFO - 25/02/27 16:20:23 INFO BlockManagerInfo: Added broadcast_1_piece0 in memory on e84fbebffd18:38495 (size: 7.5 KiB, free: 434.4 MiB)
[2025-02-27T16:20:23.415+0000] {spark_submit.py:490} INFO - 25/02/27 16:20:23 INFO SparkContext: Created broadcast 1 from broadcast at DAGScheduler.scala:1540
[2025-02-27T16:20:23.415+0000] {spark_submit.py:490} INFO - 25/02/27 16:20:23 INFO DAGScheduler: Submitting 1 missing tasks from ShuffleMapStage 1 (MapPartitionsRDD[5] at parquet at NativeMethodAccessorImpl.java:0) (first 15 tasks are for partitions Vector(0))
[2025-02-27T16:20:23.415+0000] {spark_submit.py:490} INFO - 25/02/27 16:20:23 INFO TaskSchedulerImpl: Adding task set 1.0 with 1 tasks resource profile 0
[2025-02-27T16:20:38.415+0000] {spark_submit.py:490} INFO - 25/02/27 16:20:38 WARN TaskSchedulerImpl: Initial job has not accepted any resources; check your cluster UI to ensure that workers are registered and have sufficient resources
[2025-02-27T16:20:53.405+0000] {spark_submit.py:490} INFO - 25/02/27 16:20:53 WARN TaskSchedulerImpl: Initial job has not accepted any resources; check your cluster UI to ensure that workers are registered and have sufficient resources
[2025-02-27T16:21:08.410+0000] {spark_submit.py:490} INFO - 25/02/27 16:21:08 WARN TaskSchedulerImpl: Initial job has not accepted any resources; check your cluster UI to ensure that workers are registered and have sufficient resources
[2025-02-27T16:21:23.407+0000] {spark_submit.py:490} INFO - 25/02/27 16:21:23 WARN TaskSchedulerImpl: Initial job has not accepted any resources; check your cluster UI to ensure that workers are registered and have sufficient resources
[2025-02-27T16:21:38.401+0000] {spark_submit.py:490} INFO - 25/02/27 16:21:38 WARN TaskSchedulerImpl: Initial job has not accepted any resources; check your cluster UI to ensure that workers are registered and have sufficient resources
[2025-02-27T16:21:53.407+0000] {spark_submit.py:490} INFO - 25/02/27 16:21:53 WARN TaskSchedulerImpl: Initial job has not accepted any resources; check your cluster UI to ensure that workers are registered and have sufficient resources
[2025-02-27T16:22:08.409+0000] {spark_submit.py:490} INFO - 25/02/27 16:22:08 WARN TaskSchedulerImpl: Initial job has not accepted any resources; check your cluster UI to ensure that workers are registered and have sufficient resources
[2025-02-27T16:22:23.427+0000] {spark_submit.py:490} INFO - 25/02/27 16:22:23 WARN TaskSchedulerImpl: Initial job has not accepted any resources; check your cluster UI to ensure that workers are registered and have sufficient resources
[2025-02-27T16:22:38.407+0000] {spark_submit.py:490} INFO - 25/02/27 16:22:38 WARN TaskSchedulerImpl: Initial job has not accepted any resources; check your cluster UI to ensure that workers are registered and have sufficient resources
[2025-02-27T16:22:53.408+0000] {spark_submit.py:490} INFO - 25/02/27 16:22:53 WARN TaskSchedulerImpl: Initial job has not accepted any resources; check your cluster UI to ensure that workers are registered and have sufficient resources
[2025-02-27T16:23:08.413+0000] {spark_submit.py:490} INFO - 25/02/27 16:23:08 WARN TaskSchedulerImpl: Initial job has not accepted any resources; check your cluster UI to ensure that workers are registered and have sufficient resources
[2025-02-27T16:23:23.402+0000] {spark_submit.py:490} INFO - 25/02/27 16:23:23 WARN TaskSchedulerImpl: Initial job has not accepted any resources; check your cluster UI to ensure that workers are registered and have sufficient resources
[2025-02-27T16:23:38.405+0000] {spark_submit.py:490} INFO - 25/02/27 16:23:38 WARN TaskSchedulerImpl: Initial job has not accepted any resources; check your cluster UI to ensure that workers are registered and have sufficient resources
[2025-02-27T16:23:53.409+0000] {spark_submit.py:490} INFO - 25/02/27 16:23:53 WARN TaskSchedulerImpl: Initial job has not accepted any resources; check your cluster UI to ensure that workers are registered and have sufficient resources
[2025-02-27T16:24:08.413+0000] {spark_submit.py:490} INFO - 25/02/27 16:24:08 WARN TaskSchedulerImpl: Initial job has not accepted any resources; check your cluster UI to ensure that workers are registered and have sufficient resources
[2025-02-27T16:24:23.403+0000] {spark_submit.py:490} INFO - 25/02/27 16:24:23 WARN TaskSchedulerImpl: Initial job has not accepted any resources; check your cluster UI to ensure that workers are registered and have sufficient resources
[2025-02-27T16:24:38.413+0000] {spark_submit.py:490} INFO - 25/02/27 16:24:38 WARN TaskSchedulerImpl: Initial job has not accepted any resources; check your cluster UI to ensure that workers are registered and have sufficient resources
[2025-02-27T16:24:53.403+0000] {spark_submit.py:490} INFO - 25/02/27 16:24:53 WARN TaskSchedulerImpl: Initial job has not accepted any resources; check your cluster UI to ensure that workers are registered and have sufficient resources
[2025-02-27T16:25:08.401+0000] {spark_submit.py:490} INFO - 25/02/27 16:25:08 WARN TaskSchedulerImpl: Initial job has not accepted any resources; check your cluster UI to ensure that workers are registered and have sufficient resources
[2025-02-27T16:25:23.406+0000] {spark_submit.py:490} INFO - 25/02/27 16:25:23 WARN TaskSchedulerImpl: Initial job has not accepted any resources; check your cluster UI to ensure that workers are registered and have sufficient resources
[2025-02-27T16:25:37.946+0000] {local_task_job_runner.py:122} ERROR - Received SIGTERM. Terminating subprocesses
[2025-02-27T16:25:38.109+0000] {process_utils.py:135} INFO - Sending Signals.SIGTERM to group 207. PIDs of all processes in the group: [208, 262, 207]
[2025-02-27T16:25:38.122+0000] {process_utils.py:86} INFO - Sending the signal Signals.SIGTERM to group 207
[2025-02-27T16:25:38.163+0000] {taskinstance.py:1540} ERROR - Received SIGTERM. Terminating subprocesses.
[2025-02-27T16:25:38.171+0000] {spark_submit.py:615} INFO - Sending kill signal to spark-submit
[2025-02-27T16:25:38.275+0000] {taskinstance.py:1847} ERROR - Task failed with exception
Traceback (most recent call last):
  File "/home/airflow/.local/lib/python3.7/site-packages/airflow/providers/apache/spark/operators/spark_submit.py", line 157, in execute
    self._hook.submit(self._application)
  File "/home/airflow/.local/lib/python3.7/site-packages/airflow/providers/apache/spark/hooks/spark_submit.py", line 409, in submit
    self._process_spark_submit_log(iter(self._submit_sp.stdout))  # type: ignore
  File "/home/airflow/.local/lib/python3.7/site-packages/airflow/providers/apache/spark/hooks/spark_submit.py", line 458, in _process_spark_submit_log
    for line in itr:
  File "/home/airflow/.local/lib/python3.7/site-packages/airflow/models/taskinstance.py", line 1542, in signal_handler
    raise AirflowException("Task received SIGTERM signal")
airflow.exceptions.AirflowException: Task received SIGTERM signal
[2025-02-27T16:25:38.296+0000] {taskinstance.py:1373} INFO - Marking task as FAILED. dag_id=api_to_db_dag, task_id=spark_join_task, execution_date=20250227T162013, start_date=20250227T162017, end_date=20250227T162538
[2025-02-27T16:25:38.372+0000] {standard_task_runner.py:109} ERROR - Failed to execute job 16 for task spark_join_task (Task received SIGTERM signal; 207)
[2025-02-27T16:25:38.405+0000] {process_utils.py:79} INFO - Process psutil.Process(pid=208, status='terminated', started='16:20:17') (208) terminated with exit code None
[2025-02-27T16:25:38.407+0000] {process_utils.py:79} INFO - Process psutil.Process(pid=262, status='terminated', started='16:20:18') (262) terminated with exit code None
[2025-02-27T16:25:38.408+0000] {process_utils.py:79} INFO - Process psutil.Process(pid=207, status='terminated', exitcode=1, started='16:20:17') (207) terminated with exit code 1
[2025-02-27T16:25:38.410+0000] {local_task_job_runner.py:232} INFO - Task exited with return code 143
[2025-02-27T16:25:38.450+0000] {taskinstance.py:2674} INFO - 0 downstream tasks scheduled from follow-on schedule check
