[2025-02-28T21:58:16.274+0000] {taskinstance.py:1125} INFO - Dependencies all met for dep_context=non-requeueable deps ti=<TaskInstance: api_to_db_dag.index_parquet_to_elasticsearch scheduled__2025-02-28T21:56:00+00:00 [queued]>
[2025-02-28T21:58:16.280+0000] {taskinstance.py:1125} INFO - Dependencies all met for dep_context=requeueable deps ti=<TaskInstance: api_to_db_dag.index_parquet_to_elasticsearch scheduled__2025-02-28T21:56:00+00:00 [queued]>
[2025-02-28T21:58:16.280+0000] {taskinstance.py:1331} INFO - Starting attempt 1 of 1
[2025-02-28T21:58:16.288+0000] {taskinstance.py:1350} INFO - Executing <Task(PythonOperator): index_parquet_to_elasticsearch> on 2025-02-28 21:56:00+00:00
[2025-02-28T21:58:16.293+0000] {standard_task_runner.py:57} INFO - Started process 2409 to run task
[2025-02-28T21:58:16.295+0000] {standard_task_runner.py:84} INFO - Running: ['***', 'tasks', 'run', 'api_to_db_dag', 'index_parquet_to_elasticsearch', 'scheduled__2025-02-28T21:56:00+00:00', '--job-id', '663', '--raw', '--subdir', 'DAGS_FOLDER/dag.py', '--cfg-path', '/tmp/tmpzpihq0im']
[2025-02-28T21:58:16.297+0000] {standard_task_runner.py:85} INFO - Job 663: Subtask index_parquet_to_elasticsearch
[2025-02-28T21:58:16.328+0000] {task_command.py:410} INFO - Running <TaskInstance: api_to_db_dag.index_parquet_to_elasticsearch scheduled__2025-02-28T21:56:00+00:00 [running]> on host 2e469bce1432
[2025-02-28T21:58:16.383+0000] {taskinstance.py:1570} INFO - Exporting env vars: AIRFLOW_CTX_DAG_OWNER='***' AIRFLOW_CTX_DAG_ID='api_to_db_dag' AIRFLOW_CTX_TASK_ID='index_parquet_to_elasticsearch' AIRFLOW_CTX_EXECUTION_DATE='2025-02-28T21:56:00+00:00' AIRFLOW_CTX_TRY_NUMBER='1' AIRFLOW_CTX_DAG_RUN_ID='scheduled__2025-02-28T21:56:00+00:00'
[2025-02-28T21:58:16.430+0000] {logging_mixin.py:149} WARNING - /home/***/.local/lib/python3.7/site-packages/pandas/core/array_algos/replace.py:84 FutureWarning: elementwise comparison failed; returning scalar instead, but in the future will perform elementwise comparison
[2025-02-28T21:58:16.446+0000] {base.py:271} INFO - HEAD http://elasticsearch:9200/velib_data_analytics [status:200 request:0.008s]
[2025-02-28T21:58:16.508+0000] {base.py:271} INFO - POST http://elasticsearch:9200/_bulk [status:200 request:0.019s]
[2025-02-28T21:58:16.538+0000] {base.py:271} INFO - POST http://elasticsearch:9200/_bulk [status:200 request:0.023s]
[2025-02-28T21:58:16.571+0000] {base.py:271} INFO - POST http://elasticsearch:9200/_bulk [status:200 request:0.024s]
[2025-02-28T21:58:16.643+0000] {base.py:271} INFO - POST http://elasticsearch:9200/_bulk [status:200 request:0.063s]
[2025-02-28T21:58:16.668+0000] {base.py:271} INFO - POST http://elasticsearch:9200/_bulk [status:200 request:0.017s]
[2025-02-28T21:58:16.690+0000] {base.py:271} INFO - POST http://elasticsearch:9200/_bulk [status:200 request:0.013s]
[2025-02-28T21:58:16.709+0000] {base.py:271} INFO - POST http://elasticsearch:9200/_bulk [status:200 request:0.012s]
[2025-02-28T21:58:16.729+0000] {base.py:271} INFO - POST http://elasticsearch:9200/_bulk [status:200 request:0.013s]
[2025-02-28T21:58:16.747+0000] {base.py:271} INFO - POST http://elasticsearch:9200/_bulk [status:200 request:0.011s]
[2025-02-28T21:58:16.766+0000] {base.py:271} INFO - POST http://elasticsearch:9200/_bulk [status:200 request:0.012s]
[2025-02-28T21:58:16.792+0000] {base.py:271} INFO - POST http://elasticsearch:9200/_bulk [status:200 request:0.017s]
[2025-02-28T21:58:16.812+0000] {base.py:271} INFO - POST http://elasticsearch:9200/_bulk [status:200 request:0.013s]
[2025-02-28T21:58:16.820+0000] {base.py:271} INFO - POST http://elasticsearch:9200/_bulk [status:200 request:0.005s]
[2025-02-28T21:58:16.820+0000] {logging_mixin.py:149} INFO - Les données ont été ajoutées dans l'index 'velib_data_analytics'.
[2025-02-28T21:58:16.822+0000] {python.py:183} INFO - Done. Returned value was: None
[2025-02-28T21:58:16.830+0000] {taskinstance.py:1373} INFO - Marking task as SUCCESS. dag_id=api_to_db_dag, task_id=index_parquet_to_elasticsearch, execution_date=20250228T215600, start_date=20250228T215816, end_date=20250228T215816
[2025-02-28T21:58:16.885+0000] {local_task_job_runner.py:232} INFO - Task exited with return code 0
[2025-02-28T21:58:16.898+0000] {taskinstance.py:2674} INFO - 0 downstream tasks scheduled from follow-on schedule check
