[2025-02-26T17:50:05.009+0000] {taskinstance.py:1087} INFO - Dependencies all met for <TaskInstance: api_to_db_dag.get_velib_data manual__2025-02-26T17:50:03.411934+00:00 [queued]>
[2025-02-26T17:50:05.014+0000] {taskinstance.py:1087} INFO - Dependencies all met for <TaskInstance: api_to_db_dag.get_velib_data manual__2025-02-26T17:50:03.411934+00:00 [queued]>
[2025-02-26T17:50:05.014+0000] {taskinstance.py:1283} INFO - 
--------------------------------------------------------------------------------
[2025-02-26T17:50:05.014+0000] {taskinstance.py:1284} INFO - Starting attempt 1 of 1
[2025-02-26T17:50:05.014+0000] {taskinstance.py:1285} INFO - 
--------------------------------------------------------------------------------
[2025-02-26T17:50:05.021+0000] {taskinstance.py:1304} INFO - Executing <Task(SimpleHttpOperator): get_velib_data> on 2025-02-26 17:50:03.411934+00:00
[2025-02-26T17:50:05.023+0000] {standard_task_runner.py:55} INFO - Started process 194 to run task
[2025-02-26T17:50:05.025+0000] {standard_task_runner.py:82} INFO - Running: ['***', 'tasks', 'run', 'api_to_db_dag', 'get_velib_data', 'manual__2025-02-26T17:50:03.411934+00:00', '--job-id', '4', '--raw', '--subdir', 'DAGS_FOLDER/dag.py', '--cfg-path', '/tmp/tmpf0lk2du6']
[2025-02-26T17:50:05.026+0000] {standard_task_runner.py:83} INFO - Job 4: Subtask get_velib_data
[2025-02-26T17:50:05.056+0000] {task_command.py:389} INFO - Running <TaskInstance: api_to_db_dag.get_velib_data manual__2025-02-26T17:50:03.411934+00:00 [running]> on host 9ac572fed58f
[2025-02-26T17:50:05.092+0000] {taskinstance.py:1513} INFO - Exporting the following env vars:
AIRFLOW_CTX_DAG_OWNER=***
AIRFLOW_CTX_DAG_ID=api_to_db_dag
AIRFLOW_CTX_TASK_ID=get_velib_data
AIRFLOW_CTX_EXECUTION_DATE=2025-02-26T17:50:03.411934+00:00
AIRFLOW_CTX_TRY_NUMBER=1
AIRFLOW_CTX_DAG_RUN_ID=manual__2025-02-26T17:50:03.411934+00:00
[2025-02-26T17:50:05.092+0000] {http.py:123} INFO - Calling HTTP method
[2025-02-26T17:50:05.097+0000] {base.py:73} INFO - Using connection ID 'velib_api_connection' for task execution.
[2025-02-26T17:50:05.098+0000] {http.py:150} INFO - Sending 'GET' to url: https://velib-metropole-opendata.smovengo.cloud/opendata/Velib_Metropole/station_status.json
[2025-02-26T17:50:05.334+0000] {taskinstance.py:1327} INFO - Marking task as SUCCESS. dag_id=api_to_db_dag, task_id=get_velib_data, execution_date=20250226T175003, start_date=20250226T175005, end_date=20250226T175005
[2025-02-26T17:50:05.372+0000] {local_task_job.py:159} INFO - Task exited with return code 0
[2025-02-26T17:50:05.386+0000] {taskinstance.py:2582} INFO - 1 downstream tasks scheduled from follow-on schedule check
