[2025-02-27T19:18:14.963+0000] {taskinstance.py:1125} INFO - Dependencies all met for dep_context=non-requeueable deps ti=<TaskInstance: api_to_db_dag.spark_join_task manual__2025-02-27T19:18:10.819009+00:00 [queued]>
[2025-02-27T19:18:14.968+0000] {taskinstance.py:1125} INFO - Dependencies all met for dep_context=requeueable deps ti=<TaskInstance: api_to_db_dag.spark_join_task manual__2025-02-27T19:18:10.819009+00:00 [queued]>
[2025-02-27T19:18:14.968+0000] {taskinstance.py:1331} INFO - Starting attempt 1 of 1
[2025-02-27T19:18:14.974+0000] {taskinstance.py:1350} INFO - Executing <Task(SparkSubmitOperator): spark_join_task> on 2025-02-27 19:18:10.819009+00:00
[2025-02-27T19:18:14.976+0000] {standard_task_runner.py:57} INFO - Started process 202 to run task
[2025-02-27T19:18:14.978+0000] {standard_task_runner.py:84} INFO - Running: ['***', 'tasks', 'run', 'api_to_db_dag', 'spark_join_task', 'manual__2025-02-27T19:18:10.819009+00:00', '--job-id', '16', '--raw', '--subdir', 'DAGS_FOLDER/dag.py', '--cfg-path', '/tmp/tmp_jomoows']
[2025-02-27T19:18:14.979+0000] {standard_task_runner.py:85} INFO - Job 16: Subtask spark_join_task
[2025-02-27T19:18:15.005+0000] {task_command.py:410} INFO - Running <TaskInstance: api_to_db_dag.spark_join_task manual__2025-02-27T19:18:10.819009+00:00 [running]> on host 4ff83f64f86f
[2025-02-27T19:18:15.052+0000] {taskinstance.py:1570} INFO - Exporting env vars: AIRFLOW_CTX_DAG_OWNER='***' AIRFLOW_CTX_DAG_ID='api_to_db_dag' AIRFLOW_CTX_TASK_ID='spark_join_task' AIRFLOW_CTX_EXECUTION_DATE='2025-02-27T19:18:10.819009+00:00' AIRFLOW_CTX_TRY_NUMBER='1' AIRFLOW_CTX_DAG_RUN_ID='manual__2025-02-27T19:18:10.819009+00:00'
[2025-02-27T19:18:15.057+0000] {base.py:73} INFO - Using connection ID 'spark_default' for task execution.
[2025-02-27T19:18:15.057+0000] {spark_submit.py:339} INFO - Spark-Submit cmd: spark-submit --master spark-master:7077 --conf spark.master=spark://spark-master:7077 --conf spark.driver.extraClassPath=/opt/bitnami/spark/jars/postgresql-42.7.5.jar --conf spark.executor.extraClassPath=/opt/bitnami/spark/jars/postgresql-42.7.5.jar --conf spark.jars=/opt/bitnami/spark/jars/postgresql-42.7.5.jar --name spark_join --verbose /opt/***/dags/spark_join.py
[2025-02-27T19:18:16.186+0000] {spark_submit.py:490} INFO - Using properties file: null
[2025-02-27T19:18:16.239+0000] {spark_submit.py:490} INFO - Parsed arguments:
[2025-02-27T19:18:16.240+0000] {spark_submit.py:490} INFO - master                  spark-master:7077
[2025-02-27T19:18:16.240+0000] {spark_submit.py:490} INFO - remote                  null
[2025-02-27T19:18:16.240+0000] {spark_submit.py:490} INFO - deployMode              null
[2025-02-27T19:18:16.240+0000] {spark_submit.py:490} INFO - executorMemory          null
[2025-02-27T19:18:16.240+0000] {spark_submit.py:490} INFO - executorCores           null
[2025-02-27T19:18:16.240+0000] {spark_submit.py:490} INFO - totalExecutorCores      null
[2025-02-27T19:18:16.240+0000] {spark_submit.py:490} INFO - propertiesFile          null
[2025-02-27T19:18:16.240+0000] {spark_submit.py:490} INFO - driverMemory            null
[2025-02-27T19:18:16.244+0000] {spark_submit.py:490} INFO - driverCores             null
[2025-02-27T19:18:16.244+0000] {spark_submit.py:490} INFO - driverExtraClassPath    /opt/bitnami/spark/jars/postgresql-42.7.5.jar
[2025-02-27T19:18:16.245+0000] {spark_submit.py:490} INFO - driverExtraLibraryPath  null
[2025-02-27T19:18:16.245+0000] {spark_submit.py:490} INFO - driverExtraJavaOptions  null
[2025-02-27T19:18:16.245+0000] {spark_submit.py:490} INFO - supervise               false
[2025-02-27T19:18:16.245+0000] {spark_submit.py:490} INFO - queue                   null
[2025-02-27T19:18:16.245+0000] {spark_submit.py:490} INFO - numExecutors            null
[2025-02-27T19:18:16.245+0000] {spark_submit.py:490} INFO - files                   null
[2025-02-27T19:18:16.245+0000] {spark_submit.py:490} INFO - pyFiles                 null
[2025-02-27T19:18:16.245+0000] {spark_submit.py:490} INFO - archives                null
[2025-02-27T19:18:16.245+0000] {spark_submit.py:490} INFO - mainClass               null
[2025-02-27T19:18:16.246+0000] {spark_submit.py:490} INFO - primaryResource         file:/opt/***/dags/spark_join.py
[2025-02-27T19:18:16.246+0000] {spark_submit.py:490} INFO - name                    spark_join
[2025-02-27T19:18:16.246+0000] {spark_submit.py:490} INFO - childArgs               []
[2025-02-27T19:18:16.246+0000] {spark_submit.py:490} INFO - jars                    /opt/bitnami/spark/jars/postgresql-42.7.5.jar
[2025-02-27T19:18:16.246+0000] {spark_submit.py:490} INFO - packages                null
[2025-02-27T19:18:16.246+0000] {spark_submit.py:490} INFO - packagesExclusions      null
[2025-02-27T19:18:16.247+0000] {spark_submit.py:490} INFO - repositories            null
[2025-02-27T19:18:16.247+0000] {spark_submit.py:490} INFO - verbose                 true
[2025-02-27T19:18:16.247+0000] {spark_submit.py:490} INFO - 
[2025-02-27T19:18:16.247+0000] {spark_submit.py:490} INFO - Spark properties used, including those specified through
[2025-02-27T19:18:16.247+0000] {spark_submit.py:490} INFO - --conf and those from the properties file null:
[2025-02-27T19:18:16.247+0000] {spark_submit.py:490} INFO - (spark.driver.extraClassPath,/opt/bitnami/spark/jars/postgresql-42.7.5.jar)
[2025-02-27T19:18:16.247+0000] {spark_submit.py:490} INFO - (spark.executor.extraClassPath,/opt/bitnami/spark/jars/postgresql-42.7.5.jar)
[2025-02-27T19:18:16.248+0000] {spark_submit.py:490} INFO - (spark.jars,/opt/bitnami/spark/jars/postgresql-42.7.5.jar)
[2025-02-27T19:18:16.248+0000] {spark_submit.py:490} INFO - (spark.master,spark://spark-master:7077)
[2025-02-27T19:18:16.248+0000] {spark_submit.py:490} INFO - 
[2025-02-27T19:18:16.248+0000] {spark_submit.py:490} INFO - 
[2025-02-27T19:18:16.430+0000] {spark_submit.py:490} INFO - 25/02/27 19:18:16 WARN NativeCodeLoader: Unable to load native-hadoop library for your platform... using builtin-java classes where applicable
[2025-02-27T19:18:16.534+0000] {spark_submit.py:490} INFO - Main class:
[2025-02-27T19:18:16.534+0000] {spark_submit.py:490} INFO - org.apache.spark.deploy.PythonRunner
[2025-02-27T19:18:16.534+0000] {spark_submit.py:490} INFO - Arguments:
[2025-02-27T19:18:16.535+0000] {spark_submit.py:490} INFO - file:/opt/***/dags/spark_join.py
[2025-02-27T19:18:16.535+0000] {spark_submit.py:490} INFO - null
[2025-02-27T19:18:16.535+0000] {spark_submit.py:490} INFO - Spark config:
[2025-02-27T19:18:16.535+0000] {spark_submit.py:490} INFO - (spark.app.name,spark_join)
[2025-02-27T19:18:16.536+0000] {spark_submit.py:490} INFO - (spark.app.submitTime,1740683896526)
[2025-02-27T19:18:16.536+0000] {spark_submit.py:490} INFO - (spark.driver.extraClassPath,/opt/bitnami/spark/jars/postgresql-42.7.5.jar)
[2025-02-27T19:18:16.536+0000] {spark_submit.py:490} INFO - (spark.executor.extraClassPath,/opt/bitnami/spark/jars/postgresql-42.7.5.jar)
[2025-02-27T19:18:16.536+0000] {spark_submit.py:490} INFO - (spark.jars,file:///opt/bitnami/spark/jars/postgresql-42.7.5.jar)
[2025-02-27T19:18:16.536+0000] {spark_submit.py:490} INFO - (spark.master,spark-master:7077)
[2025-02-27T19:18:16.536+0000] {spark_submit.py:490} INFO - (spark.repl.local.jars,file:///opt/bitnami/spark/jars/postgresql-42.7.5.jar)
[2025-02-27T19:18:16.536+0000] {spark_submit.py:490} INFO - (spark.submit.deployMode,client)
[2025-02-27T19:18:16.537+0000] {spark_submit.py:490} INFO - (spark.submit.pyFiles,)
[2025-02-27T19:18:16.537+0000] {spark_submit.py:490} INFO - Classpath elements:
[2025-02-27T19:18:16.537+0000] {spark_submit.py:490} INFO - file:///opt/bitnami/spark/jars/postgresql-42.7.5.jar
[2025-02-27T19:18:16.537+0000] {spark_submit.py:490} INFO - 
[2025-02-27T19:18:16.537+0000] {spark_submit.py:490} INFO - 
[2025-02-27T19:18:17.247+0000] {spark_submit.py:490} INFO - 25/02/27 19:18:17 INFO SparkContext: Running Spark version 3.4.4
[2025-02-27T19:18:17.272+0000] {spark_submit.py:490} INFO - 25/02/27 19:18:17 INFO ResourceUtils: ==============================================================
[2025-02-27T19:18:17.273+0000] {spark_submit.py:490} INFO - 25/02/27 19:18:17 INFO ResourceUtils: No custom resources configured for spark.driver.
[2025-02-27T19:18:17.273+0000] {spark_submit.py:490} INFO - 25/02/27 19:18:17 INFO ResourceUtils: ==============================================================
[2025-02-27T19:18:17.273+0000] {spark_submit.py:490} INFO - 25/02/27 19:18:17 INFO SparkContext: Submitted application: JoinVelibTables
[2025-02-27T19:18:17.290+0000] {spark_submit.py:490} INFO - 25/02/27 19:18:17 INFO ResourceProfile: Default ResourceProfile created, executor resources: Map(cores -> name: cores, amount: 4, script: , vendor: , memory -> name: memory, amount: 4096, script: , vendor: , offHeap -> name: offHeap, amount: 0, script: , vendor: ), task resources: Map(cpus -> name: cpus, amount: 1.0)
[2025-02-27T19:18:17.298+0000] {spark_submit.py:490} INFO - 25/02/27 19:18:17 INFO ResourceProfile: Limiting resource is cpus at 4 tasks per executor
[2025-02-27T19:18:17.301+0000] {spark_submit.py:490} INFO - 25/02/27 19:18:17 INFO ResourceProfileManager: Added ResourceProfile id: 0
[2025-02-27T19:18:17.359+0000] {spark_submit.py:490} INFO - 25/02/27 19:18:17 INFO SecurityManager: Changing view acls to: ***
[2025-02-27T19:18:17.360+0000] {spark_submit.py:490} INFO - 25/02/27 19:18:17 INFO SecurityManager: Changing modify acls to: ***
[2025-02-27T19:18:17.360+0000] {spark_submit.py:490} INFO - 25/02/27 19:18:17 INFO SecurityManager: Changing view acls groups to:
[2025-02-27T19:18:17.360+0000] {spark_submit.py:490} INFO - 25/02/27 19:18:17 INFO SecurityManager: Changing modify acls groups to:
[2025-02-27T19:18:17.360+0000] {spark_submit.py:490} INFO - 25/02/27 19:18:17 INFO SecurityManager: SecurityManager: authentication disabled; ui acls disabled; users with view permissions: ***; groups with view permissions: EMPTY; users with modify permissions: ***; groups with modify permissions: EMPTY
[2025-02-27T19:18:17.505+0000] {spark_submit.py:490} INFO - 25/02/27 19:18:17 INFO Utils: Successfully started service 'sparkDriver' on port 39035.
[2025-02-27T19:18:17.522+0000] {spark_submit.py:490} INFO - 25/02/27 19:18:17 INFO SparkEnv: Registering MapOutputTracker
[2025-02-27T19:18:17.544+0000] {spark_submit.py:490} INFO - 25/02/27 19:18:17 INFO SparkEnv: Registering BlockManagerMaster
[2025-02-27T19:18:17.558+0000] {spark_submit.py:490} INFO - 25/02/27 19:18:17 INFO BlockManagerMasterEndpoint: Using org.apache.spark.storage.DefaultTopologyMapper for getting topology information
[2025-02-27T19:18:17.558+0000] {spark_submit.py:490} INFO - 25/02/27 19:18:17 INFO BlockManagerMasterEndpoint: BlockManagerMasterEndpoint up
[2025-02-27T19:18:17.560+0000] {spark_submit.py:490} INFO - 25/02/27 19:18:17 INFO SparkEnv: Registering BlockManagerMasterHeartbeat
[2025-02-27T19:18:17.578+0000] {spark_submit.py:490} INFO - 25/02/27 19:18:17 INFO DiskBlockManager: Created local directory at /tmp/blockmgr-fbf3cf9b-81cd-41ec-9e20-6291b17fe205
[2025-02-27T19:18:17.589+0000] {spark_submit.py:490} INFO - 25/02/27 19:18:17 INFO MemoryStore: MemoryStore started with capacity 434.4 MiB
[2025-02-27T19:18:17.599+0000] {spark_submit.py:490} INFO - 25/02/27 19:18:17 INFO SparkEnv: Registering OutputCommitCoordinator
[2025-02-27T19:18:17.683+0000] {spark_submit.py:490} INFO - 25/02/27 19:18:17 INFO JettyUtils: Start Jetty 0.0.0.0:4040 for SparkUI
[2025-02-27T19:18:17.726+0000] {spark_submit.py:490} INFO - 25/02/27 19:18:17 INFO Utils: Successfully started service 'SparkUI' on port 4040.
[2025-02-27T19:18:17.747+0000] {spark_submit.py:490} INFO - 25/02/27 19:18:17 INFO SparkContext: Added JAR file:///opt/bitnami/spark/jars/postgresql-42.7.5.jar at spark://4ff83f64f86f:39035/jars/postgresql-42.7.5.jar with timestamp 1740683897231
[2025-02-27T19:18:17.793+0000] {spark_submit.py:490} INFO - 25/02/27 19:18:17 INFO StandaloneAppClient$ClientEndpoint: Connecting to master spark://spark-master:7077...
[2025-02-27T19:18:17.823+0000] {spark_submit.py:490} INFO - 25/02/27 19:18:17 INFO TransportClientFactory: Successfully created connection to spark-master/172.18.0.3:7077 after 16 ms (0 ms spent in bootstraps)
[2025-02-27T19:18:17.964+0000] {spark_submit.py:490} INFO - 25/02/27 19:18:17 INFO StandaloneSchedulerBackend: Connected to Spark cluster with app ID app-20250227191817-0000
[2025-02-27T19:18:17.969+0000] {spark_submit.py:490} INFO - 25/02/27 19:18:17 INFO Utils: Successfully started service 'org.apache.spark.network.netty.NettyBlockTransferService' on port 37609.
[2025-02-27T19:18:17.970+0000] {spark_submit.py:490} INFO - 25/02/27 19:18:17 INFO NettyBlockTransferService: Server created on 4ff83f64f86f:37609
[2025-02-27T19:18:17.971+0000] {spark_submit.py:490} INFO - 25/02/27 19:18:17 INFO BlockManager: Using org.apache.spark.storage.RandomBlockReplicationPolicy for block replication policy
[2025-02-27T19:18:17.974+0000] {spark_submit.py:490} INFO - 25/02/27 19:18:17 INFO BlockManagerMaster: Registering BlockManager BlockManagerId(driver, 4ff83f64f86f, 37609, None)
[2025-02-27T19:18:17.977+0000] {spark_submit.py:490} INFO - 25/02/27 19:18:17 INFO BlockManagerMasterEndpoint: Registering block manager 4ff83f64f86f:37609 with 434.4 MiB RAM, BlockManagerId(driver, 4ff83f64f86f, 37609, None)
[2025-02-27T19:18:17.978+0000] {spark_submit.py:490} INFO - 25/02/27 19:18:17 INFO BlockManagerMaster: Registered BlockManager BlockManagerId(driver, 4ff83f64f86f, 37609, None)
[2025-02-27T19:18:17.979+0000] {spark_submit.py:490} INFO - 25/02/27 19:18:17 INFO BlockManager: Initialized BlockManager: BlockManagerId(driver, 4ff83f64f86f, 37609, None)
[2025-02-27T19:18:17.985+0000] {spark_submit.py:490} INFO - 25/02/27 19:18:17 INFO StandaloneAppClient$ClientEndpoint: Executor added: app-20250227191817-0000/0 on worker-20250227191710-172.18.0.6-40729 (172.18.0.6:40729) with 4 core(s)
[2025-02-27T19:18:17.987+0000] {spark_submit.py:490} INFO - 25/02/27 19:18:17 INFO StandaloneSchedulerBackend: Granted executor ID app-20250227191817-0000/0 on hostPort 172.18.0.6:40729 with 4 core(s), 4.0 GiB RAM
[2025-02-27T19:18:18.169+0000] {spark_submit.py:490} INFO - 25/02/27 19:18:18 INFO StandaloneSchedulerBackend: SchedulerBackend is ready for scheduling beginning after reached minRegisteredResourcesRatio: 0.0
[2025-02-27T19:18:18.178+0000] {spark_submit.py:490} INFO - 25/02/27 19:18:18 INFO StandaloneAppClient$ClientEndpoint: Executor updated: app-20250227191817-0000/0 is now RUNNING
[2025-02-27T19:18:18.199+0000] {spark_submit.py:490} INFO - /home/***/.local/lib/python3.7/site-packages/pyspark/python/lib/pyspark.zip/pyspark/context.py:317: FutureWarning: Python 3.7 support is deprecated in Spark 3.4.
[2025-02-27T19:18:18.202+0000] {spark_submit.py:490} INFO - warnings.warn("Python 3.7 support is deprecated in Spark 3.4.", FutureWarning)
[2025-02-27T19:18:18.300+0000] {spark_submit.py:490} INFO - 25/02/27 19:18:18 INFO SharedState: Setting hive.metastore.warehouse.dir ('null') to the value of spark.sql.warehouse.dir.
[2025-02-27T19:18:18.302+0000] {spark_submit.py:490} INFO - 25/02/27 19:18:18 INFO SharedState: Warehouse path is 'file:/opt/***/spark-warehouse'.
[2025-02-27T19:18:19.656+0000] {spark_submit.py:490} INFO - 25/02/27 19:18:19 INFO StandaloneSchedulerBackend$StandaloneDriverEndpoint: Registered executor NettyRpcEndpointRef(spark-client://Executor) (172.18.0.6:55434) with ID 0,  ResourceProfileId 0
[2025-02-27T19:18:19.702+0000] {spark_submit.py:490} INFO - 25/02/27 19:18:19 INFO BlockManagerMasterEndpoint: Registering block manager 172.18.0.6:39921 with 2.2 GiB RAM, BlockManagerId(0, 172.18.0.6, 39921, None)
[2025-02-27T19:18:20.869+0000] {spark_submit.py:490} INFO - 25/02/27 19:18:20 INFO CodeGenerator: Code generated in 110.645834 ms
[2025-02-27T19:18:20.925+0000] {spark_submit.py:490} INFO - 25/02/27 19:18:20 INFO DAGScheduler: Registering RDD 3 (showString at NativeMethodAccessorImpl.java:0) as input to shuffle 0
[2025-02-27T19:18:20.929+0000] {spark_submit.py:490} INFO - 25/02/27 19:18:20 INFO DAGScheduler: Got map stage job 0 (showString at NativeMethodAccessorImpl.java:0) with 1 output partitions
[2025-02-27T19:18:20.929+0000] {spark_submit.py:490} INFO - 25/02/27 19:18:20 INFO DAGScheduler: Final stage: ShuffleMapStage 0 (showString at NativeMethodAccessorImpl.java:0)
[2025-02-27T19:18:20.929+0000] {spark_submit.py:490} INFO - 25/02/27 19:18:20 INFO DAGScheduler: Parents of final stage: List()
[2025-02-27T19:18:20.931+0000] {spark_submit.py:490} INFO - 25/02/27 19:18:20 INFO DAGScheduler: Missing parents: List()
[2025-02-27T19:18:20.933+0000] {spark_submit.py:490} INFO - 25/02/27 19:18:20 INFO CodeGenerator: Code generated in 12.176458 ms
[2025-02-27T19:18:20.934+0000] {spark_submit.py:490} INFO - 25/02/27 19:18:20 INFO DAGScheduler: Submitting ShuffleMapStage 0 (MapPartitionsRDD[3] at showString at NativeMethodAccessorImpl.java:0), which has no missing parents
[2025-02-27T19:18:21.017+0000] {spark_submit.py:490} INFO - 25/02/27 19:18:21 INFO MemoryStore: Block broadcast_0 stored as values in memory (estimated size 16.8 KiB, free 434.4 MiB)
[2025-02-27T19:18:21.038+0000] {spark_submit.py:490} INFO - 25/02/27 19:18:21 INFO MemoryStore: Block broadcast_0_piece0 stored as bytes in memory (estimated size 8.0 KiB, free 434.4 MiB)
[2025-02-27T19:18:21.040+0000] {spark_submit.py:490} INFO - 25/02/27 19:18:21 INFO BlockManagerInfo: Added broadcast_0_piece0 in memory on 4ff83f64f86f:37609 (size: 8.0 KiB, free: 434.4 MiB)
[2025-02-27T19:18:21.042+0000] {spark_submit.py:490} INFO - 25/02/27 19:18:21 INFO SparkContext: Created broadcast 0 from broadcast at DAGScheduler.scala:1540
[2025-02-27T19:18:21.054+0000] {spark_submit.py:490} INFO - 25/02/27 19:18:21 INFO DAGScheduler: Submitting 1 missing tasks from ShuffleMapStage 0 (MapPartitionsRDD[3] at showString at NativeMethodAccessorImpl.java:0) (first 15 tasks are for partitions Vector(0))
[2025-02-27T19:18:21.054+0000] {spark_submit.py:490} INFO - 25/02/27 19:18:21 INFO TaskSchedulerImpl: Adding task set 0.0 with 1 tasks resource profile 0
[2025-02-27T19:18:21.066+0000] {spark_submit.py:490} INFO - 25/02/27 19:18:21 INFO DAGScheduler: Registering RDD 5 (showString at NativeMethodAccessorImpl.java:0) as input to shuffle 1
[2025-02-27T19:18:21.066+0000] {spark_submit.py:490} INFO - 25/02/27 19:18:21 INFO DAGScheduler: Got map stage job 1 (showString at NativeMethodAccessorImpl.java:0) with 1 output partitions
[2025-02-27T19:18:21.066+0000] {spark_submit.py:490} INFO - 25/02/27 19:18:21 INFO DAGScheduler: Final stage: ShuffleMapStage 1 (showString at NativeMethodAccessorImpl.java:0)
[2025-02-27T19:18:21.067+0000] {spark_submit.py:490} INFO - 25/02/27 19:18:21 INFO DAGScheduler: Parents of final stage: List()
[2025-02-27T19:18:21.067+0000] {spark_submit.py:490} INFO - 25/02/27 19:18:21 INFO DAGScheduler: Missing parents: List()
[2025-02-27T19:18:21.068+0000] {spark_submit.py:490} INFO - 25/02/27 19:18:21 INFO DAGScheduler: Submitting ShuffleMapStage 1 (MapPartitionsRDD[5] at showString at NativeMethodAccessorImpl.java:0), which has no missing parents
[2025-02-27T19:18:21.076+0000] {spark_submit.py:490} INFO - 25/02/27 19:18:21 INFO MemoryStore: Block broadcast_1 stored as values in memory (estimated size 14.4 KiB, free 434.4 MiB)
[2025-02-27T19:18:21.079+0000] {spark_submit.py:490} INFO - 25/02/27 19:18:21 INFO MemoryStore: Block broadcast_1_piece0 stored as bytes in memory (estimated size 7.5 KiB, free 434.4 MiB)
[2025-02-27T19:18:21.081+0000] {spark_submit.py:490} INFO - 25/02/27 19:18:21 INFO BlockManagerInfo: Added broadcast_1_piece0 in memory on 4ff83f64f86f:37609 (size: 7.5 KiB, free: 434.4 MiB)
[2025-02-27T19:18:21.085+0000] {spark_submit.py:490} INFO - 25/02/27 19:18:21 INFO SparkContext: Created broadcast 1 from broadcast at DAGScheduler.scala:1540
[2025-02-27T19:18:21.089+0000] {spark_submit.py:490} INFO - 25/02/27 19:18:21 INFO DAGScheduler: Submitting 1 missing tasks from ShuffleMapStage 1 (MapPartitionsRDD[5] at showString at NativeMethodAccessorImpl.java:0) (first 15 tasks are for partitions Vector(0))
[2025-02-27T19:18:21.089+0000] {spark_submit.py:490} INFO - 25/02/27 19:18:21 INFO TaskSchedulerImpl: Adding task set 1.0 with 1 tasks resource profile 0
[2025-02-27T19:18:21.089+0000] {spark_submit.py:490} INFO - 25/02/27 19:18:21 INFO TaskSetManager: Starting task 0.0 in stage 0.0 (TID 0) (172.18.0.6, executor 0, partition 0, PROCESS_LOCAL, 8586 bytes)
[2025-02-27T19:18:21.096+0000] {spark_submit.py:490} INFO - 25/02/27 19:18:21 INFO TaskSetManager: Starting task 0.0 in stage 1.0 (TID 1) (172.18.0.6, executor 0, partition 0, PROCESS_LOCAL, 8586 bytes)
[2025-02-27T19:25:47.198+0000] {local_task_job_runner.py:122} ERROR - Received SIGTERM. Terminating subprocesses
[2025-02-27T19:25:47.215+0000] {process_utils.py:135} INFO - Sending Signals.SIGTERM to group 202. PIDs of all processes in the group: [203, 257, 202]
[2025-02-27T19:25:47.218+0000] {process_utils.py:86} INFO - Sending the signal Signals.SIGTERM to group 202
[2025-02-27T19:25:47.227+0000] {taskinstance.py:1540} ERROR - Received SIGTERM. Terminating subprocesses.
[2025-02-27T19:25:47.234+0000] {spark_submit.py:615} INFO - Sending kill signal to spark-submit
[2025-02-27T19:25:47.301+0000] {taskinstance.py:1847} ERROR - Task failed with exception
Traceback (most recent call last):
  File "/home/airflow/.local/lib/python3.7/site-packages/airflow/providers/apache/spark/operators/spark_submit.py", line 157, in execute
    self._hook.submit(self._application)
  File "/home/airflow/.local/lib/python3.7/site-packages/airflow/providers/apache/spark/hooks/spark_submit.py", line 409, in submit
    self._process_spark_submit_log(iter(self._submit_sp.stdout))  # type: ignore
  File "/home/airflow/.local/lib/python3.7/site-packages/airflow/providers/apache/spark/hooks/spark_submit.py", line 458, in _process_spark_submit_log
    for line in itr:
  File "/home/airflow/.local/lib/python3.7/site-packages/airflow/models/taskinstance.py", line 1542, in signal_handler
    raise AirflowException("Task received SIGTERM signal")
airflow.exceptions.AirflowException: Task received SIGTERM signal
[2025-02-27T19:25:47.313+0000] {taskinstance.py:1373} INFO - Marking task as FAILED. dag_id=api_to_db_dag, task_id=spark_join_task, execution_date=20250227T191810, start_date=20250227T191814, end_date=20250227T192547
[2025-02-27T19:25:47.350+0000] {standard_task_runner.py:109} ERROR - Failed to execute job 16 for task spark_join_task (Task received SIGTERM signal; 202)
[2025-02-27T19:25:47.359+0000] {process_utils.py:79} INFO - Process psutil.Process(pid=202, status='terminated', exitcode=1, started='19:18:14') (202) terminated with exit code 1
[2025-02-27T19:25:47.360+0000] {process_utils.py:79} INFO - Process psutil.Process(pid=203, status='terminated', started='19:18:14') (203) terminated with exit code None
[2025-02-27T19:25:47.360+0000] {process_utils.py:79} INFO - Process psutil.Process(pid=257, status='terminated', started='19:18:15') (257) terminated with exit code None
[2025-02-27T19:25:47.361+0000] {local_task_job_runner.py:232} INFO - Task exited with return code 143
[2025-02-27T19:25:47.393+0000] {taskinstance.py:2674} INFO - 0 downstream tasks scheduled from follow-on schedule check
