[2025-02-27T11:13:55.377+0000] {taskinstance.py:1125} INFO - Dependencies all met for dep_context=non-requeueable deps ti=<TaskInstance: api_to_db_dag.create_station_informations_table manual__2025-02-27T11:13:54.260735+00:00 [queued]>
[2025-02-27T11:13:55.386+0000] {taskinstance.py:1125} INFO - Dependencies all met for dep_context=requeueable deps ti=<TaskInstance: api_to_db_dag.create_station_informations_table manual__2025-02-27T11:13:54.260735+00:00 [queued]>
[2025-02-27T11:13:55.387+0000] {taskinstance.py:1331} INFO - Starting attempt 1 of 1
[2025-02-27T11:13:55.401+0000] {taskinstance.py:1350} INFO - Executing <Task(PostgresOperator): create_station_informations_table> on 2025-02-27 11:13:54.260735+00:00
[2025-02-27T11:13:55.405+0000] {standard_task_runner.py:57} INFO - Started process 229 to run task
[2025-02-27T11:13:55.415+0000] {standard_task_runner.py:84} INFO - Running: ['***', 'tasks', 'run', 'api_to_db_dag', 'create_station_informations_table', 'manual__2025-02-27T11:13:54.260735+00:00', '--job-id', '7', '--raw', '--subdir', 'DAGS_FOLDER/dag.py', '--cfg-path', '/tmp/tmphydxgq_w']
[2025-02-27T11:13:55.424+0000] {standard_task_runner.py:85} INFO - Job 7: Subtask create_station_informations_table
[2025-02-27T11:13:55.480+0000] {task_command.py:410} INFO - Running <TaskInstance: api_to_db_dag.create_station_informations_table manual__2025-02-27T11:13:54.260735+00:00 [running]> on host 4e453fff3cdd
[2025-02-27T11:13:55.569+0000] {taskinstance.py:1570} INFO - Exporting env vars: AIRFLOW_CTX_DAG_OWNER='***' AIRFLOW_CTX_DAG_ID='api_to_db_dag' AIRFLOW_CTX_TASK_ID='create_station_informations_table' AIRFLOW_CTX_EXECUTION_DATE='2025-02-27T11:13:54.260735+00:00' AIRFLOW_CTX_TRY_NUMBER='1' AIRFLOW_CTX_DAG_RUN_ID='manual__2025-02-27T11:13:54.260735+00:00'
[2025-02-27T11:13:55.570+0000] {sql.py:262} INFO - Executing: 
            CREATE TABLE IF NOT EXISTS velib_station_details (
            station_id BIGINT PRIMARY KEY, 
            capacity INT,                   
            lat DOUBLE PRECISION,          
            lon DOUBLE PRECISION,           
            name VARCHAR(255)               
        );
        
[2025-02-27T11:13:55.578+0000] {base.py:73} INFO - Using connection ID 'postgres_default' for task execution.
[2025-02-27T11:13:55.696+0000] {base.py:73} INFO - Using connection ID 'postgres_default' for task execution.
[2025-02-27T11:13:55.700+0000] {sql.py:375} INFO - Running statement: 
            CREATE TABLE IF NOT EXISTS velib_station_details (
            station_id BIGINT PRIMARY KEY, 
            capacity INT,                   
            lat DOUBLE PRECISION,          
            lon DOUBLE PRECISION,           
            name VARCHAR(255)               
        );
        , parameters: None
[2025-02-27T11:13:55.714+0000] {taskinstance.py:1373} INFO - Marking task as SUCCESS. dag_id=api_to_db_dag, task_id=create_station_informations_table, execution_date=20250227T111354, start_date=20250227T111355, end_date=20250227T111355
[2025-02-27T11:13:55.751+0000] {local_task_job_runner.py:232} INFO - Task exited with return code 0
[2025-02-27T11:13:55.779+0000] {taskinstance.py:2674} INFO - 1 downstream tasks scheduled from follow-on schedule check
