[2025-02-26T20:18:20.060+0000] {taskinstance.py:1087} INFO - Dependencies all met for <TaskInstance: api_to_db_dag.get_velib_data manual__2025-02-26T20:18:18.225664+00:00 [queued]>
[2025-02-26T20:18:20.065+0000] {taskinstance.py:1087} INFO - Dependencies all met for <TaskInstance: api_to_db_dag.get_velib_data manual__2025-02-26T20:18:18.225664+00:00 [queued]>
[2025-02-26T20:18:20.066+0000] {taskinstance.py:1283} INFO - 
--------------------------------------------------------------------------------
[2025-02-26T20:18:20.066+0000] {taskinstance.py:1284} INFO - Starting attempt 1 of 1
[2025-02-26T20:18:20.066+0000] {taskinstance.py:1285} INFO - 
--------------------------------------------------------------------------------
[2025-02-26T20:18:20.072+0000] {taskinstance.py:1304} INFO - Executing <Task(SimpleHttpOperator): get_velib_data> on 2025-02-26 20:18:18.225664+00:00
[2025-02-26T20:18:20.074+0000] {standard_task_runner.py:55} INFO - Started process 184 to run task
[2025-02-26T20:18:20.076+0000] {standard_task_runner.py:82} INFO - Running: ['***', 'tasks', 'run', 'api_to_db_dag', 'get_velib_data', 'manual__2025-02-26T20:18:18.225664+00:00', '--job-id', '4', '--raw', '--subdir', 'DAGS_FOLDER/dag.py', '--cfg-path', '/tmp/tmp0eg65mrj']
[2025-02-26T20:18:20.078+0000] {standard_task_runner.py:83} INFO - Job 4: Subtask get_velib_data
[2025-02-26T20:18:20.108+0000] {task_command.py:389} INFO - Running <TaskInstance: api_to_db_dag.get_velib_data manual__2025-02-26T20:18:18.225664+00:00 [running]> on host da414a641e9d
[2025-02-26T20:18:20.142+0000] {taskinstance.py:1513} INFO - Exporting the following env vars:
AIRFLOW_CTX_DAG_OWNER=***
AIRFLOW_CTX_DAG_ID=api_to_db_dag
AIRFLOW_CTX_TASK_ID=get_velib_data
AIRFLOW_CTX_EXECUTION_DATE=2025-02-26T20:18:18.225664+00:00
AIRFLOW_CTX_TRY_NUMBER=1
AIRFLOW_CTX_DAG_RUN_ID=manual__2025-02-26T20:18:18.225664+00:00
[2025-02-26T20:18:20.143+0000] {http.py:123} INFO - Calling HTTP method
[2025-02-26T20:18:20.147+0000] {base.py:73} INFO - Using connection ID 'velib_api_connection' for task execution.
[2025-02-26T20:18:20.148+0000] {http.py:150} INFO - Sending 'GET' to url: https://velib-metropole-opendata.smovengo.cloud/opendata/Velib_Metropole/station_status.json
[2025-02-26T20:18:20.355+0000] {taskinstance.py:1327} INFO - Marking task as SUCCESS. dag_id=api_to_db_dag, task_id=get_velib_data, execution_date=20250226T201818, start_date=20250226T201820, end_date=20250226T201820
[2025-02-26T20:18:20.379+0000] {local_task_job.py:159} INFO - Task exited with return code 0
[2025-02-26T20:18:20.392+0000] {taskinstance.py:2582} INFO - 0 downstream tasks scheduled from follow-on schedule check
