[2025-02-27T12:38:07.501+0000] {taskinstance.py:1125} INFO - Dependencies all met for dep_context=non-requeueable deps ti=<TaskInstance: api_to_db_dag.create_velib_station_status_table manual__2025-02-27T12:38:05.777694+00:00 [queued]>
[2025-02-27T12:38:07.510+0000] {taskinstance.py:1125} INFO - Dependencies all met for dep_context=requeueable deps ti=<TaskInstance: api_to_db_dag.create_velib_station_status_table manual__2025-02-27T12:38:05.777694+00:00 [queued]>
[2025-02-27T12:38:07.511+0000] {taskinstance.py:1331} INFO - Starting attempt 1 of 1
[2025-02-27T12:38:07.519+0000] {taskinstance.py:1350} INFO - Executing <Task(PostgresOperator): create_velib_station_status_table> on 2025-02-27 12:38:05.777694+00:00
[2025-02-27T12:38:07.522+0000] {standard_task_runner.py:57} INFO - Started process 177 to run task
[2025-02-27T12:38:07.525+0000] {standard_task_runner.py:84} INFO - Running: ['***', 'tasks', 'run', 'api_to_db_dag', 'create_velib_station_status_table', 'manual__2025-02-27T12:38:05.777694+00:00', '--job-id', '3', '--raw', '--subdir', 'DAGS_FOLDER/dag.py', '--cfg-path', '/tmp/tmpdj5ynx1h']
[2025-02-27T12:38:07.526+0000] {standard_task_runner.py:85} INFO - Job 3: Subtask create_velib_station_status_table
[2025-02-27T12:38:07.575+0000] {task_command.py:410} INFO - Running <TaskInstance: api_to_db_dag.create_velib_station_status_table manual__2025-02-27T12:38:05.777694+00:00 [running]> on host 493d37524ffa
[2025-02-27T12:38:07.636+0000] {taskinstance.py:1570} INFO - Exporting env vars: AIRFLOW_CTX_DAG_OWNER='***' AIRFLOW_CTX_DAG_ID='api_to_db_dag' AIRFLOW_CTX_TASK_ID='create_velib_station_status_table' AIRFLOW_CTX_EXECUTION_DATE='2025-02-27T12:38:05.777694+00:00' AIRFLOW_CTX_TRY_NUMBER='1' AIRFLOW_CTX_DAG_RUN_ID='manual__2025-02-27T12:38:05.777694+00:00'
[2025-02-27T12:38:07.637+0000] {sql.py:262} INFO - Executing: 
        DO $$
        BEGIN
            IF NOT EXISTS (
                SELECT 1 FROM information_schema.tables 
                WHERE table_schema = 'public' AND table_name = 'velib_stations'
            ) THEN
                EXECUTE '
                    CREATE TABLE velib_stations(
                        station_id BIGINT,
                        is_installed INT,
                        is_renting INT,
                        is_returning INT,
                        last_reported TIMESTAMP,
                        numBikesAvailable INT,
                        numDocksAvailable INT,
                        num_bikes_available INT,
                        num_ebikes_available INT,
                        num_mechanical_bikes_available INT,
                        num_docks_available INT,
                        PRIMARY KEY (station_id, last_reported)
                    );
                ';
            END IF;
        END
        $$;
    
[2025-02-27T12:38:07.643+0000] {base.py:73} INFO - Using connection ID 'postgres_default' for task execution.
[2025-02-27T12:38:07.750+0000] {base.py:73} INFO - Using connection ID 'postgres_default' for task execution.
[2025-02-27T12:38:07.753+0000] {sql.py:375} INFO - Running statement: 
        DO $$
        BEGIN
            IF NOT EXISTS (
                SELECT 1 FROM information_schema.tables 
                WHERE table_schema = 'public' AND table_name = 'velib_stations'
            ) THEN
                EXECUTE '
                    CREATE TABLE velib_stations(
                        station_id BIGINT,
                        is_installed INT,
                        is_renting INT,
                        is_returning INT,
                        last_reported TIMESTAMP,
                        numBikesAvailable INT,
                        numDocksAvailable INT,
                        num_bikes_available INT,
                        num_ebikes_available INT,
                        num_mechanical_bikes_available INT,
                        num_docks_available INT,
                        PRIMARY KEY (station_id, last_reported)
                    );
                ';
            END IF;
        END
        $$;
    , parameters: None
[2025-02-27T12:38:07.777+0000] {taskinstance.py:1847} ERROR - Task failed with exception
Traceback (most recent call last):
  File "/home/airflow/.local/lib/python3.7/site-packages/airflow/providers/common/sql/operators/sql.py", line 274, in execute
    **extra_kwargs,
  File "/home/airflow/.local/lib/python3.7/site-packages/airflow/providers/common/sql/hooks/sql.py", line 349, in run
    self._run_command(cur, sql_statement, parameters)
  File "/home/airflow/.local/lib/python3.7/site-packages/airflow/providers/common/sql/hooks/sql.py", line 380, in _run_command
    cur.execute(sql_statement)
psycopg2.errors.UniqueViolation: duplicate key value violates unique constraint "pg_type_typname_nsp_index"
DETAIL:  Key (typname, typnamespace)=(velib_stations, 2200) already exists.
CONTEXT:  SQL statement "
                    CREATE TABLE velib_stations(
                        station_id BIGINT,
                        is_installed INT,
                        is_renting INT,
                        is_returning INT,
                        last_reported TIMESTAMP,
                        numBikesAvailable INT,
                        numDocksAvailable INT,
                        num_bikes_available INT,
                        num_ebikes_available INT,
                        num_mechanical_bikes_available INT,
                        num_docks_available INT,
                        PRIMARY KEY (station_id, last_reported)
                    );
                "
PL/pgSQL function inline_code_block line 7 at EXECUTE

[2025-02-27T12:38:07.782+0000] {taskinstance.py:1373} INFO - Marking task as FAILED. dag_id=api_to_db_dag, task_id=create_velib_station_status_table, execution_date=20250227T123805, start_date=20250227T123807, end_date=20250227T123807
[2025-02-27T12:38:07.793+0000] {standard_task_runner.py:109} ERROR - Failed to execute job 3 for task create_velib_station_status_table (duplicate key value violates unique constraint "pg_type_typname_nsp_index"
DETAIL:  Key (typname, typnamespace)=(velib_stations, 2200) already exists.
CONTEXT:  SQL statement "
                    CREATE TABLE velib_stations(
                        station_id BIGINT,
                        is_installed INT,
                        is_renting INT,
                        is_returning INT,
                        last_reported TIMESTAMP,
                        numBikesAvailable INT,
                        numDocksAvailable INT,
                        num_bikes_available INT,
                        num_ebikes_available INT,
                        num_mechanical_bikes_available INT,
                        num_docks_available INT,
                        PRIMARY KEY (station_id, last_reported)
                    );
                "
PL/pgSQL function inline_code_block line 7 at EXECUTE
; 177)
[2025-02-27T12:38:07.829+0000] {local_task_job_runner.py:232} INFO - Task exited with return code 1
[2025-02-27T12:38:07.859+0000] {taskinstance.py:2674} INFO - 0 downstream tasks scheduled from follow-on schedule check
