[2025-02-27T22:48:57.051+0000] {taskinstance.py:1125} INFO - Dependencies all met for dep_context=non-requeueable deps ti=<TaskInstance: api_to_db_dag.process_daily_data manual__2025-02-27T22:48:42.323652+00:00 [queued]>
[2025-02-27T22:48:57.057+0000] {taskinstance.py:1125} INFO - Dependencies all met for dep_context=requeueable deps ti=<TaskInstance: api_to_db_dag.process_daily_data manual__2025-02-27T22:48:42.323652+00:00 [queued]>
[2025-02-27T22:48:57.057+0000] {taskinstance.py:1331} INFO - Starting attempt 1 of 1
[2025-02-27T22:48:57.065+0000] {taskinstance.py:1350} INFO - Executing <Task(PythonOperator): process_daily_data> on 2025-02-27 22:48:42.323652+00:00
[2025-02-27T22:48:57.072+0000] {clientserver.py:543} INFO - Closing down clientserver connection
[2025-02-27T22:48:57.072+0000] {standard_task_runner.py:57} INFO - Started process 11875 to run task
[2025-02-27T22:48:57.076+0000] {standard_task_runner.py:84} INFO - Running: ['***', 'tasks', 'run', 'api_to_db_dag', 'process_daily_data', 'manual__2025-02-27T22:48:42.323652+00:00', '--job-id', '105', '--raw', '--subdir', 'DAGS_FOLDER/dag.py', '--cfg-path', '/tmp/tmp5r502_wl']
[2025-02-27T22:48:57.078+0000] {standard_task_runner.py:85} INFO - Job 105: Subtask process_daily_data
[2025-02-27T22:48:57.115+0000] {task_command.py:410} INFO - Running <TaskInstance: api_to_db_dag.process_daily_data manual__2025-02-27T22:48:42.323652+00:00 [running]> on host 53fdc8261bae
[2025-02-27T22:48:57.167+0000] {taskinstance.py:1570} INFO - Exporting env vars: AIRFLOW_CTX_DAG_OWNER='***' AIRFLOW_CTX_DAG_ID='api_to_db_dag' AIRFLOW_CTX_TASK_ID='process_daily_data' AIRFLOW_CTX_EXECUTION_DATE='2025-02-27T22:48:42.323652+00:00' AIRFLOW_CTX_TRY_NUMBER='1' AIRFLOW_CTX_DAG_RUN_ID='manual__2025-02-27T22:48:42.323652+00:00'
[2025-02-27T22:48:57.840+0000] {clientserver.py:505} INFO - Error while sending or receiving.
Traceback (most recent call last):
  File "/home/airflow/.local/lib/python3.7/site-packages/py4j/clientserver.py", line 503, in send_command
    self.socket.sendall(command.encode("utf-8"))
ConnectionResetError: [Errno 104] Connection reset by peer
[2025-02-27T22:48:57.842+0000] {clientserver.py:543} INFO - Closing down clientserver connection
[2025-02-27T22:48:57.846+0000] {java_gateway.py:1052} INFO - Exception while sending command.
Traceback (most recent call last):
  File "/home/airflow/.local/lib/python3.7/site-packages/py4j/clientserver.py", line 503, in send_command
    self.socket.sendall(command.encode("utf-8"))
ConnectionResetError: [Errno 104] Connection reset by peer

During handling of the above exception, another exception occurred:

Traceback (most recent call last):
  File "/home/airflow/.local/lib/python3.7/site-packages/py4j/java_gateway.py", line 1038, in send_command
    response = connection.send_command(command)
  File "/home/airflow/.local/lib/python3.7/site-packages/py4j/clientserver.py", line 507, in send_command
    "Error while sending", e, proto.ERROR_ON_SEND)
py4j.protocol.Py4JNetworkError: Error while sending
[2025-02-27T22:48:57.850+0000] {clientserver.py:543} INFO - Closing down clientserver connection
[2025-02-27T22:49:02.086+0000] {taskinstance.py:1847} ERROR - Task failed with exception
Traceback (most recent call last):
  File "/home/airflow/.local/lib/python3.7/site-packages/airflow/operators/python.py", line 181, in execute
    return_value = self.execute_callable()
  File "/home/airflow/.local/lib/python3.7/site-packages/airflow/operators/python.py", line 198, in execute_callable
    return self.python_callable(*self.op_args, **self.op_kwargs)
  File "/opt/airflow/dags/dag.py", line 42, in combine_data
    final_df.write.format("parquet").save(f"/mnt/data/usage/{os.path.basename(current_day_directory)}.parquet")
  File "/home/airflow/.local/lib/python3.7/site-packages/pyspark/sql/readwriter.py", line 1398, in save
    self._jwrite.save(path)
  File "/home/airflow/.local/lib/python3.7/site-packages/py4j/java_gateway.py", line 1323, in __call__
    answer, self.gateway_client, self.target_id, self.name)
  File "/home/airflow/.local/lib/python3.7/site-packages/pyspark/errors/exceptions/captured.py", line 175, in deco
    raise converted from None
pyspark.errors.exceptions.captured.AnalysisException: [COLUMN_ALREADY_EXISTS] The column `capacity` already exists. Consider to choose another name or rename the existing column.
[2025-02-27T22:49:02.118+0000] {taskinstance.py:1373} INFO - Marking task as FAILED. dag_id=api_to_db_dag, task_id=process_daily_data, execution_date=20250227T224842, start_date=20250227T224857, end_date=20250227T224902
[2025-02-27T22:49:02.140+0000] {standard_task_runner.py:109} ERROR - Failed to execute job 105 for task process_daily_data ([COLUMN_ALREADY_EXISTS] The column `capacity` already exists. Consider to choose another name or rename the existing column.; 11875)
[2025-02-27T22:49:02.164+0000] {local_task_job_runner.py:232} INFO - Task exited with return code 1
[2025-02-27T22:49:02.181+0000] {taskinstance.py:2674} INFO - 0 downstream tasks scheduled from follow-on schedule check
