[2025-02-27T13:58:12.726+0000] {taskinstance.py:1125} INFO - Dependencies all met for dep_context=non-requeueable deps ti=<TaskInstance: api_to_db_dag.create_velib_station_status_table manual__2025-02-27T13:58:11.880894+00:00 [queued]>
[2025-02-27T13:58:12.731+0000] {taskinstance.py:1125} INFO - Dependencies all met for dep_context=requeueable deps ti=<TaskInstance: api_to_db_dag.create_velib_station_status_table manual__2025-02-27T13:58:11.880894+00:00 [queued]>
[2025-02-27T13:58:12.731+0000] {taskinstance.py:1331} INFO - Starting attempt 1 of 1
[2025-02-27T13:58:12.742+0000] {taskinstance.py:1350} INFO - Executing <Task(PostgresOperator): create_velib_station_status_table> on 2025-02-27 13:58:11.880894+00:00
[2025-02-27T13:58:12.746+0000] {standard_task_runner.py:57} INFO - Started process 188 to run task
[2025-02-27T13:58:12.752+0000] {standard_task_runner.py:84} INFO - Running: ['***', 'tasks', 'run', 'api_to_db_dag', 'create_velib_station_status_table', 'manual__2025-02-27T13:58:11.880894+00:00', '--job-id', '4', '--raw', '--subdir', 'DAGS_FOLDER/dag.py', '--cfg-path', '/tmp/tmpn7zsjdva']
[2025-02-27T13:58:12.759+0000] {standard_task_runner.py:85} INFO - Job 4: Subtask create_velib_station_status_table
[2025-02-27T13:58:12.835+0000] {task_command.py:410} INFO - Running <TaskInstance: api_to_db_dag.create_velib_station_status_table manual__2025-02-27T13:58:11.880894+00:00 [running]> on host 90fb001151ab
[2025-02-27T13:58:12.907+0000] {taskinstance.py:1570} INFO - Exporting env vars: AIRFLOW_CTX_DAG_OWNER='***' AIRFLOW_CTX_DAG_ID='api_to_db_dag' AIRFLOW_CTX_TASK_ID='create_velib_station_status_table' AIRFLOW_CTX_EXECUTION_DATE='2025-02-27T13:58:11.880894+00:00' AIRFLOW_CTX_TRY_NUMBER='1' AIRFLOW_CTX_DAG_RUN_ID='manual__2025-02-27T13:58:11.880894+00:00'
[2025-02-27T13:58:12.907+0000] {sql.py:262} INFO - Executing: 
        DO $$
        BEGIN
            -- Vérifiez d'abord si le type existe et le supprimer
            IF EXISTS (SELECT 1 FROM pg_type WHERE typname = 'velib_stations') THEN
                EXECUTE 'DROP TYPE IF EXISTS velib_stations CASCADE';
            END IF;
            -- Ensuite, créez la table si elle n'existe pas
            IF NOT EXISTS (
                SELECT 1 FROM information_schema.tables 
                WHERE table_schema = 'public' AND table_name = 'velib_stations'
            ) THEN
                EXECUTE '
                    CREATE TABLE velib_stations(
                        station_id BIGINT,
                        is_installed INT,
                        is_renting INT,
                        is_returning INT,
                        last_reported TIMESTAMP,
                        numBikesAvailable INT,
                        numDocksAvailable INT,
                        num_bikes_available INT,
                        num_ebikes_available INT,
                        num_mechanical_bikes_available INT,
                        num_docks_available INT,
                        PRIMARY KEY (station_id, last_reported)
                    );
                ';
            END IF;
        END
        $$;
    
[2025-02-27T13:58:12.917+0000] {base.py:73} INFO - Using connection ID 'postgres_default' for task execution.
[2025-02-27T13:58:13.033+0000] {base.py:73} INFO - Using connection ID 'postgres_default' for task execution.
[2025-02-27T13:58:13.037+0000] {sql.py:375} INFO - Running statement: 
        DO $$
        BEGIN
            -- Vérifiez d'abord si le type existe et le supprimer
            IF EXISTS (SELECT 1 FROM pg_type WHERE typname = 'velib_stations') THEN
                EXECUTE 'DROP TYPE IF EXISTS velib_stations CASCADE';
            END IF;
            -- Ensuite, créez la table si elle n'existe pas
            IF NOT EXISTS (
                SELECT 1 FROM information_schema.tables 
                WHERE table_schema = 'public' AND table_name = 'velib_stations'
            ) THEN
                EXECUTE '
                    CREATE TABLE velib_stations(
                        station_id BIGINT,
                        is_installed INT,
                        is_renting INT,
                        is_returning INT,
                        last_reported TIMESTAMP,
                        numBikesAvailable INT,
                        numDocksAvailable INT,
                        num_bikes_available INT,
                        num_ebikes_available INT,
                        num_mechanical_bikes_available INT,
                        num_docks_available INT,
                        PRIMARY KEY (station_id, last_reported)
                    );
                ';
            END IF;
        END
        $$;
    , parameters: None
[2025-02-27T13:58:13.041+0000] {taskinstance.py:1847} ERROR - Task failed with exception
Traceback (most recent call last):
  File "/home/airflow/.local/lib/python3.7/site-packages/airflow/providers/common/sql/operators/sql.py", line 274, in execute
    **extra_kwargs,
  File "/home/airflow/.local/lib/python3.7/site-packages/airflow/providers/common/sql/hooks/sql.py", line 349, in run
    self._run_command(cur, sql_statement, parameters)
  File "/home/airflow/.local/lib/python3.7/site-packages/airflow/providers/common/sql/hooks/sql.py", line 380, in _run_command
    cur.execute(sql_statement)
psycopg2.errors.DependentObjectsStillExist: cannot drop type velib_stations because table velib_stations requires it
HINT:  You can drop table velib_stations instead.
CONTEXT:  SQL statement "DROP TYPE IF EXISTS velib_stations CASCADE"
PL/pgSQL function inline_code_block line 5 at EXECUTE

[2025-02-27T13:58:13.048+0000] {taskinstance.py:1373} INFO - Marking task as FAILED. dag_id=api_to_db_dag, task_id=create_velib_station_status_table, execution_date=20250227T135811, start_date=20250227T135812, end_date=20250227T135813
[2025-02-27T13:58:13.057+0000] {standard_task_runner.py:109} ERROR - Failed to execute job 4 for task create_velib_station_status_table (cannot drop type velib_stations because table velib_stations requires it
HINT:  You can drop table velib_stations instead.
CONTEXT:  SQL statement "DROP TYPE IF EXISTS velib_stations CASCADE"
PL/pgSQL function inline_code_block line 5 at EXECUTE
; 188)
[2025-02-27T13:58:13.098+0000] {local_task_job_runner.py:232} INFO - Task exited with return code 1
[2025-02-27T13:58:13.127+0000] {taskinstance.py:2674} INFO - 0 downstream tasks scheduled from follow-on schedule check
