[2025-02-26T21:01:44.224+0000] {taskinstance.py:1087} INFO - Dependencies all met for <TaskInstance: api_to_db_dag.get_velib_data manual__2025-02-26T21:01:42.481352+00:00 [queued]>
[2025-02-26T21:01:44.230+0000] {taskinstance.py:1087} INFO - Dependencies all met for <TaskInstance: api_to_db_dag.get_velib_data manual__2025-02-26T21:01:42.481352+00:00 [queued]>
[2025-02-26T21:01:44.232+0000] {taskinstance.py:1283} INFO - 
--------------------------------------------------------------------------------
[2025-02-26T21:01:44.232+0000] {taskinstance.py:1284} INFO - Starting attempt 1 of 1
[2025-02-26T21:01:44.233+0000] {taskinstance.py:1285} INFO - 
--------------------------------------------------------------------------------
[2025-02-26T21:01:44.242+0000] {taskinstance.py:1304} INFO - Executing <Task(SimpleHttpOperator): get_velib_data> on 2025-02-26 21:01:42.481352+00:00
[2025-02-26T21:01:44.244+0000] {standard_task_runner.py:55} INFO - Started process 206 to run task
[2025-02-26T21:01:44.248+0000] {standard_task_runner.py:82} INFO - Running: ['***', 'tasks', 'run', 'api_to_db_dag', 'get_velib_data', 'manual__2025-02-26T21:01:42.481352+00:00', '--job-id', '7', '--raw', '--subdir', 'DAGS_FOLDER/dag.py', '--cfg-path', '/tmp/tmpdftfz53q']
[2025-02-26T21:01:44.249+0000] {standard_task_runner.py:83} INFO - Job 7: Subtask get_velib_data
[2025-02-26T21:01:44.287+0000] {task_command.py:389} INFO - Running <TaskInstance: api_to_db_dag.get_velib_data manual__2025-02-26T21:01:42.481352+00:00 [running]> on host 31a764ff7239
[2025-02-26T21:01:44.321+0000] {taskinstance.py:1513} INFO - Exporting the following env vars:
AIRFLOW_CTX_DAG_OWNER=***
AIRFLOW_CTX_DAG_ID=api_to_db_dag
AIRFLOW_CTX_TASK_ID=get_velib_data
AIRFLOW_CTX_EXECUTION_DATE=2025-02-26T21:01:42.481352+00:00
AIRFLOW_CTX_TRY_NUMBER=1
AIRFLOW_CTX_DAG_RUN_ID=manual__2025-02-26T21:01:42.481352+00:00
[2025-02-26T21:01:44.322+0000] {http.py:123} INFO - Calling HTTP method
[2025-02-26T21:01:44.327+0000] {base.py:73} INFO - Using connection ID 'velib_api_connection' for task execution.
[2025-02-26T21:01:44.328+0000] {http.py:150} INFO - Sending 'GET' to url: https://velib-metropole-opendata.smovengo.cloud/opendata/Velib_Metropole/station_status.json
[2025-02-26T21:01:44.532+0000] {taskinstance.py:1327} INFO - Marking task as SUCCESS. dag_id=api_to_db_dag, task_id=get_velib_data, execution_date=20250226T210142, start_date=20250226T210144, end_date=20250226T210144
[2025-02-26T21:01:44.555+0000] {local_task_job.py:159} INFO - Task exited with return code 0
[2025-02-26T21:01:44.567+0000] {taskinstance.py:2582} INFO - 1 downstream tasks scheduled from follow-on schedule check
