[2025-02-27T10:50:25.118+0000] {taskinstance.py:1125} INFO - Dependencies all met for dep_context=non-requeueable deps ti=<TaskInstance: api_to_db_dag.create_station_informations_table manual__2025-02-27T10:50:23.480449+00:00 [queued]>
[2025-02-27T10:50:25.147+0000] {taskinstance.py:1125} INFO - Dependencies all met for dep_context=requeueable deps ti=<TaskInstance: api_to_db_dag.create_station_informations_table manual__2025-02-27T10:50:23.480449+00:00 [queued]>
[2025-02-27T10:50:25.148+0000] {taskinstance.py:1331} INFO - Starting attempt 1 of 1
[2025-02-27T10:50:25.159+0000] {taskinstance.py:1350} INFO - Executing <Task(PostgresOperator): create_station_informations_table> on 2025-02-27 10:50:23.480449+00:00
[2025-02-27T10:50:25.162+0000] {standard_task_runner.py:57} INFO - Started process 181 to run task
[2025-02-27T10:50:25.170+0000] {standard_task_runner.py:84} INFO - Running: ['***', 'tasks', 'run', 'api_to_db_dag', 'create_station_informations_table', 'manual__2025-02-27T10:50:23.480449+00:00', '--job-id', '4', '--raw', '--subdir', 'DAGS_FOLDER/dag.py', '--cfg-path', '/tmp/tmp8av7m83w']
[2025-02-27T10:50:25.173+0000] {standard_task_runner.py:85} INFO - Job 4: Subtask create_station_informations_table
[2025-02-27T10:50:25.316+0000] {task_command.py:410} INFO - Running <TaskInstance: api_to_db_dag.create_station_informations_table manual__2025-02-27T10:50:23.480449+00:00 [running]> on host 5869344327a9
[2025-02-27T10:50:25.496+0000] {taskinstance.py:1570} INFO - Exporting env vars: AIRFLOW_CTX_DAG_OWNER='***' AIRFLOW_CTX_DAG_ID='api_to_db_dag' AIRFLOW_CTX_TASK_ID='create_station_informations_table' AIRFLOW_CTX_EXECUTION_DATE='2025-02-27T10:50:23.480449+00:00' AIRFLOW_CTX_TRY_NUMBER='1' AIRFLOW_CTX_DAG_RUN_ID='manual__2025-02-27T10:50:23.480449+00:00'
[2025-02-27T10:50:25.498+0000] {sql.py:262} INFO - Executing: 
            CREATE TABLE IF NOT EXISTS velib_station_details (
            station_id BIGINT PRIMARY KEY, 
            capacity INT,                   
            lat DOUBLE PRECISION,          
            lon DOUBLE PRECISION,           
            name VARCHAR(255)               
        );
        
[2025-02-27T10:50:25.504+0000] {base.py:73} INFO - Using connection ID 'postgres_default' for task execution.
[2025-02-27T10:50:25.642+0000] {base.py:73} INFO - Using connection ID 'postgres_default' for task execution.
[2025-02-27T10:50:25.647+0000] {sql.py:375} INFO - Running statement: 
            CREATE TABLE IF NOT EXISTS velib_station_details (
            station_id BIGINT PRIMARY KEY, 
            capacity INT,                   
            lat DOUBLE PRECISION,          
            lon DOUBLE PRECISION,           
            name VARCHAR(255)               
        );
        , parameters: None
[2025-02-27T10:50:25.659+0000] {taskinstance.py:1373} INFO - Marking task as SUCCESS. dag_id=api_to_db_dag, task_id=create_station_informations_table, execution_date=20250227T105023, start_date=20250227T105025, end_date=20250227T105025
[2025-02-27T10:50:25.676+0000] {local_task_job_runner.py:232} INFO - Task exited with return code 0
[2025-02-27T10:50:25.695+0000] {taskinstance.py:2674} INFO - 1 downstream tasks scheduled from follow-on schedule check
