[2025-02-26T20:23:24.370+0000] {taskinstance.py:1087} INFO - Dependencies all met for <TaskInstance: api_to_db_dag.create_velib_station_status_table manual__2025-02-26T20:23:24.005145+00:00 [queued]>
[2025-02-26T20:23:24.377+0000] {taskinstance.py:1087} INFO - Dependencies all met for <TaskInstance: api_to_db_dag.create_velib_station_status_table manual__2025-02-26T20:23:24.005145+00:00 [queued]>
[2025-02-26T20:23:24.377+0000] {taskinstance.py:1283} INFO - 
--------------------------------------------------------------------------------
[2025-02-26T20:23:24.378+0000] {taskinstance.py:1284} INFO - Starting attempt 1 of 1
[2025-02-26T20:23:24.378+0000] {taskinstance.py:1285} INFO - 
--------------------------------------------------------------------------------
[2025-02-26T20:23:24.386+0000] {taskinstance.py:1304} INFO - Executing <Task(PostgresOperator): create_velib_station_status_table> on 2025-02-26 20:23:24.005145+00:00
[2025-02-26T20:23:24.389+0000] {standard_task_runner.py:55} INFO - Started process 209 to run task
[2025-02-26T20:23:24.392+0000] {standard_task_runner.py:82} INFO - Running: ['***', 'tasks', 'run', 'api_to_db_dag', 'create_velib_station_status_table', 'manual__2025-02-26T20:23:24.005145+00:00', '--job-id', '6', '--raw', '--subdir', 'DAGS_FOLDER/dag.py', '--cfg-path', '/tmp/tmpotwmz6w6']
[2025-02-26T20:23:24.393+0000] {standard_task_runner.py:83} INFO - Job 6: Subtask create_velib_station_status_table
[2025-02-26T20:23:24.434+0000] {task_command.py:389} INFO - Running <TaskInstance: api_to_db_dag.create_velib_station_status_table manual__2025-02-26T20:23:24.005145+00:00 [running]> on host a5cd9f39530b
[2025-02-26T20:23:24.476+0000] {taskinstance.py:1513} INFO - Exporting the following env vars:
AIRFLOW_CTX_DAG_OWNER=***
AIRFLOW_CTX_DAG_ID=api_to_db_dag
AIRFLOW_CTX_TASK_ID=create_velib_station_status_table
AIRFLOW_CTX_EXECUTION_DATE=2025-02-26T20:23:24.005145+00:00
AIRFLOW_CTX_TRY_NUMBER=1
AIRFLOW_CTX_DAG_RUN_ID=manual__2025-02-26T20:23:24.005145+00:00
[2025-02-26T20:23:24.477+0000] {sql.py:253} INFO - Executing: 
            CREATE TABLE IF NOT EXISTS velib_stations(
                station_id BIGINT,
                is_installed INT,
                is_renting INT,
                is_returning INT,
                last_reported TIMESTAMP,
                numBikesAvailable INT,
                numDocksAvailable INT,
                num_bikes_available INT,
                num_ebikes_available INT,
                num_mechanical_bikes_available INT,
                num_docks_available INT
            );
            
[2025-02-26T20:23:24.481+0000] {base.py:73} INFO - Using connection ID 'postgres_default' for task execution.
[2025-02-26T20:23:24.594+0000] {base.py:73} INFO - Using connection ID 'postgres_default' for task execution.
[2025-02-26T20:23:24.596+0000] {sql.py:364} INFO - Running statement: 
            CREATE TABLE IF NOT EXISTS velib_stations(
                station_id BIGINT,
                is_installed INT,
                is_renting INT,
                is_returning INT,
                last_reported TIMESTAMP,
                numBikesAvailable INT,
                numDocksAvailable INT,
                num_bikes_available INT,
                num_ebikes_available INT,
                num_mechanical_bikes_available INT,
                num_docks_available INT
            );
            , parameters: None
[2025-02-26T20:23:24.603+0000] {taskinstance.py:1327} INFO - Marking task as SUCCESS. dag_id=api_to_db_dag, task_id=create_velib_station_status_table, execution_date=20250226T202324, start_date=20250226T202324, end_date=20250226T202324
[2025-02-26T20:23:24.613+0000] {local_task_job.py:159} INFO - Task exited with return code 0
[2025-02-26T20:23:24.629+0000] {taskinstance.py:2582} INFO - 1 downstream tasks scheduled from follow-on schedule check
