[2025-02-28T22:52:22.843+0000] {taskinstance.py:1125} INFO - Dependencies all met for dep_context=non-requeueable deps ti=<TaskInstance: api_to_db_dag.index_parquet_to_elasticsearch scheduled__2025-02-28T22:48:00+00:00 [queued]>
[2025-02-28T22:52:22.849+0000] {taskinstance.py:1125} INFO - Dependencies all met for dep_context=requeueable deps ti=<TaskInstance: api_to_db_dag.index_parquet_to_elasticsearch scheduled__2025-02-28T22:48:00+00:00 [queued]>
[2025-02-28T22:52:22.851+0000] {taskinstance.py:1331} INFO - Starting attempt 1 of 1
[2025-02-28T22:52:22.865+0000] {taskinstance.py:1350} INFO - Executing <Task(PythonOperator): index_parquet_to_elasticsearch> on 2025-02-28 22:48:00+00:00
[2025-02-28T22:52:22.874+0000] {standard_task_runner.py:57} INFO - Started process 1831 to run task
[2025-02-28T22:52:22.877+0000] {standard_task_runner.py:84} INFO - Running: ['***', 'tasks', 'run', 'api_to_db_dag', 'index_parquet_to_elasticsearch', 'scheduled__2025-02-28T22:48:00+00:00', '--job-id', '17', '--raw', '--subdir', 'DAGS_FOLDER/dag.py', '--cfg-path', '/tmp/tmpa2t8e9h2']
[2025-02-28T22:52:22.881+0000] {standard_task_runner.py:85} INFO - Job 17: Subtask index_parquet_to_elasticsearch
[2025-02-28T22:52:22.916+0000] {task_command.py:410} INFO - Running <TaskInstance: api_to_db_dag.index_parquet_to_elasticsearch scheduled__2025-02-28T22:48:00+00:00 [running]> on host 6f198c45f89f
[2025-02-28T22:52:22.963+0000] {taskinstance.py:1570} INFO - Exporting env vars: AIRFLOW_CTX_DAG_OWNER='***' AIRFLOW_CTX_DAG_ID='api_to_db_dag' AIRFLOW_CTX_TASK_ID='index_parquet_to_elasticsearch' AIRFLOW_CTX_EXECUTION_DATE='2025-02-28T22:48:00+00:00' AIRFLOW_CTX_TRY_NUMBER='1' AIRFLOW_CTX_DAG_RUN_ID='scheduled__2025-02-28T22:48:00+00:00'
[2025-02-28T22:52:23.044+0000] {logging_mixin.py:149} WARNING - /home/***/.local/lib/python3.7/site-packages/pandas/core/array_algos/replace.py:84 FutureWarning: elementwise comparison failed; returning scalar instead, but in the future will perform elementwise comparison
[2025-02-28T22:52:23.175+0000] {base.py:299} WARNING - PUT http://elasticsearch:9200/velib_analytics [status:400 request:0.116s]
[2025-02-28T22:52:23.176+0000] {taskinstance.py:1847} ERROR - Task failed with exception
Traceback (most recent call last):
  File "/home/airflow/.local/lib/python3.7/site-packages/airflow/operators/python.py", line 181, in execute
    return_value = self.execute_callable()
  File "/home/airflow/.local/lib/python3.7/site-packages/airflow/operators/python.py", line 198, in execute_callable
    return self.python_callable(*self.op_args, **self.op_kwargs)
  File "/opt/airflow/dags/dag.py", line 112, in index_parquet_to_elasticsearch
    es.indices.create(index=index_name, body=mapping)
  File "/home/airflow/.local/lib/python3.7/site-packages/elasticsearch/client/utils.py", line 168, in _wrapped
    return func(*args, params=params, headers=headers, **kwargs)
  File "/home/airflow/.local/lib/python3.7/site-packages/elasticsearch/client/indices.py", line 124, in create
    "PUT", _make_path(index), params=params, headers=headers, body=body
  File "/home/airflow/.local/lib/python3.7/site-packages/elasticsearch/transport.py", line 415, in perform_request
    raise e
  File "/home/airflow/.local/lib/python3.7/site-packages/elasticsearch/transport.py", line 388, in perform_request
    timeout=timeout,
  File "/home/airflow/.local/lib/python3.7/site-packages/elasticsearch/connection/http_urllib3.py", line 277, in perform_request
    self._raise_error(response.status, raw_data)
  File "/home/airflow/.local/lib/python3.7/site-packages/elasticsearch/connection/base.py", line 331, in _raise_error
    status_code, error_message, additional_info
elasticsearch.exceptions.RequestError: RequestError(400, 'resource_already_exists_exception', 'index [velib_analytics/hBf2Dl3LQruKLJv9D6zbuw] already exists')
[2025-02-28T22:52:23.186+0000] {taskinstance.py:1373} INFO - Marking task as FAILED. dag_id=api_to_db_dag, task_id=index_parquet_to_elasticsearch, execution_date=20250228T224800, start_date=20250228T225222, end_date=20250228T225223
[2025-02-28T22:52:23.201+0000] {standard_task_runner.py:109} ERROR - Failed to execute job 17 for task index_parquet_to_elasticsearch (RequestError(400, 'resource_already_exists_exception', 'index [velib_analytics/hBf2Dl3LQruKLJv9D6zbuw] already exists'); 1831)
[2025-02-28T22:52:23.261+0000] {local_task_job_runner.py:232} INFO - Task exited with return code 1
[2025-02-28T22:52:23.280+0000] {taskinstance.py:2674} INFO - 0 downstream tasks scheduled from follow-on schedule check
