[2025-02-26T17:28:33.601+0000] {taskinstance.py:1087} INFO - Dependencies all met for <TaskInstance: api_to_db_dag.insert_velib_data manual__2025-02-26T17:28:30.555826+00:00 [queued]>
[2025-02-26T17:28:33.607+0000] {taskinstance.py:1087} INFO - Dependencies all met for <TaskInstance: api_to_db_dag.insert_velib_data manual__2025-02-26T17:28:30.555826+00:00 [queued]>
[2025-02-26T17:28:33.607+0000] {taskinstance.py:1283} INFO - 
--------------------------------------------------------------------------------
[2025-02-26T17:28:33.607+0000] {taskinstance.py:1284} INFO - Starting attempt 1 of 1
[2025-02-26T17:28:33.607+0000] {taskinstance.py:1285} INFO - 
--------------------------------------------------------------------------------
[2025-02-26T17:28:33.613+0000] {taskinstance.py:1304} INFO - Executing <Task(PostgresOperator): insert_velib_data> on 2025-02-26 17:28:30.555826+00:00
[2025-02-26T17:28:33.616+0000] {standard_task_runner.py:55} INFO - Started process 190 to run task
[2025-02-26T17:28:33.618+0000] {standard_task_runner.py:82} INFO - Running: ['***', 'tasks', 'run', 'api_to_db_dag', 'insert_velib_data', 'manual__2025-02-26T17:28:30.555826+00:00', '--job-id', '7', '--raw', '--subdir', 'DAGS_FOLDER/dag.py', '--cfg-path', '/tmp/tmpnm88aiwy']
[2025-02-26T17:28:33.619+0000] {standard_task_runner.py:83} INFO - Job 7: Subtask insert_velib_data
[2025-02-26T17:28:33.648+0000] {task_command.py:389} INFO - Running <TaskInstance: api_to_db_dag.insert_velib_data manual__2025-02-26T17:28:30.555826+00:00 [running]> on host da5f2e293ce7
[2025-02-26T17:28:33.679+0000] {abstractoperator.py:596} ERROR - Exception rendering Jinja template for task 'insert_velib_data', field 'sql'. Template: "\n    {% set stations = ti.xcom_pull(task_ids='get_velib_data')['data']['stations'] %}\n    INSERT INTO velib_station_status (\n            station_id,\n            station_code,\n            is_installed,\n            is_renting,\n            is_returning,\n            last_reported,\n            numBikesAvailable,\n            numDocksAvailable,\n            num_bikes_available,\n            num_ebikes_available,\n            num_mechanical_bikes_available,\n            num_docks_available\n        )\n        VALUES\n        {% for station in stations %}\n        (\n            {{ station.station_id }},\n            '{{ station.stationCode }}',\n            {{ station.is_installed }},\n            {{ station.is_renting }},\n            {{ station.is_returning }},\n            to_timestamp({{ station.last_reported }}),\n            {{ station.numBikesAvailable }},\n            {{ station.numDocksAvailable }},\n            {{ station.num_bikes_available }},\n            {# Extract the ebike count from the list #}\n            {% for bike in station.num_bikes_available_types %}\n                {% if bike.ebike is defined %}{{ bike.ebike }}{% endif %}\n            {% endfor %},\n            {# Extract the mechanical count #}\n            {% for bike in station.num_bikes_available_types %}\n                {% if bike.mechanical is defined %}{{ bike.mechanical }}{% endif %}\n            {% endfor %},\n            {{ station.num_docks_available }}\n        ){% if not loop.last %},{% endif %}\n        {% endfor %};\n        "
Traceback (most recent call last):
  File "/home/airflow/.local/lib/python3.7/site-packages/airflow/models/abstractoperator.py", line 589, in _do_render_template_fields
    seen_oids,
  File "/home/airflow/.local/lib/python3.7/site-packages/airflow/models/abstractoperator.py", line 646, in render_template
    return render_template_to_string(template, context)
  File "/home/airflow/.local/lib/python3.7/site-packages/airflow/utils/helpers.py", line 288, in render_template_to_string
    return render_template(template, cast(MutableMapping[str, Any], context), native=False)
  File "/home/airflow/.local/lib/python3.7/site-packages/airflow/utils/helpers.py", line 283, in render_template
    return "".join(nodes)
  File "<template>", line 20, in root
  File "/home/airflow/.local/lib/python3.7/site-packages/jinja2/sandbox.py", line 303, in getitem
    return obj[argument]
  File "/home/airflow/.local/lib/python3.7/site-packages/jinja2/runtime.py", line 852, in _fail_with_undefined_error
    raise self._undefined_exception(self._undefined_message)
jinja2.exceptions.UndefinedError: 'str object' has no attribute 'data'
[2025-02-26T17:28:33.680+0000] {taskinstance.py:1772} ERROR - Task failed with exception
Traceback (most recent call last):
  File "/home/airflow/.local/lib/python3.7/site-packages/airflow/models/taskinstance.py", line 1378, in _run_raw_task
    self._execute_task_with_callbacks(context, test_mode)
  File "/home/airflow/.local/lib/python3.7/site-packages/airflow/models/taskinstance.py", line 1497, in _execute_task_with_callbacks
    task_orig = self.render_templates(context=context)
  File "/home/airflow/.local/lib/python3.7/site-packages/airflow/models/taskinstance.py", line 2119, in render_templates
    original_task.render_template_fields(context)
  File "/home/airflow/.local/lib/python3.7/site-packages/airflow/models/baseoperator.py", line 1196, in render_template_fields
    self._do_render_template_fields(self, self.template_fields, context, jinja_env, set())
  File "/home/airflow/.local/lib/python3.7/site-packages/airflow/utils/session.py", line 75, in wrapper
    return func(*args, session=session, **kwargs)
  File "/home/airflow/.local/lib/python3.7/site-packages/airflow/models/abstractoperator.py", line 589, in _do_render_template_fields
    seen_oids,
  File "/home/airflow/.local/lib/python3.7/site-packages/airflow/models/abstractoperator.py", line 646, in render_template
    return render_template_to_string(template, context)
  File "/home/airflow/.local/lib/python3.7/site-packages/airflow/utils/helpers.py", line 288, in render_template_to_string
    return render_template(template, cast(MutableMapping[str, Any], context), native=False)
  File "/home/airflow/.local/lib/python3.7/site-packages/airflow/utils/helpers.py", line 283, in render_template
    return "".join(nodes)
  File "<template>", line 20, in root
  File "/home/airflow/.local/lib/python3.7/site-packages/jinja2/sandbox.py", line 303, in getitem
    return obj[argument]
  File "/home/airflow/.local/lib/python3.7/site-packages/jinja2/runtime.py", line 852, in _fail_with_undefined_error
    raise self._undefined_exception(self._undefined_message)
jinja2.exceptions.UndefinedError: 'str object' has no attribute 'data'
[2025-02-26T17:28:33.684+0000] {taskinstance.py:1327} INFO - Marking task as FAILED. dag_id=api_to_db_dag, task_id=insert_velib_data, execution_date=20250226T172830, start_date=20250226T172833, end_date=20250226T172833
[2025-02-26T17:28:33.689+0000] {standard_task_runner.py:105} ERROR - Failed to execute job 7 for task insert_velib_data ('str object' has no attribute 'data'; 190)
[2025-02-26T17:28:33.717+0000] {local_task_job.py:159} INFO - Task exited with return code 1
[2025-02-26T17:28:33.728+0000] {taskinstance.py:2582} INFO - 0 downstream tasks scheduled from follow-on schedule check
