[2025-02-27T14:54:44.308+0000] {taskinstance.py:1125} INFO - Dependencies all met for dep_context=non-requeueable deps ti=<TaskInstance: api_to_db_dag.spark_join_task manual__2025-02-27T14:54:40.628948+00:00 [queued]>
[2025-02-27T14:54:44.312+0000] {taskinstance.py:1125} INFO - Dependencies all met for dep_context=requeueable deps ti=<TaskInstance: api_to_db_dag.spark_join_task manual__2025-02-27T14:54:40.628948+00:00 [queued]>
[2025-02-27T14:54:44.312+0000] {taskinstance.py:1331} INFO - Starting attempt 1 of 1
[2025-02-27T14:54:44.319+0000] {taskinstance.py:1350} INFO - Executing <Task(SparkSubmitOperator): spark_join_task> on 2025-02-27 14:54:40.628948+00:00
[2025-02-27T14:54:44.322+0000] {standard_task_runner.py:57} INFO - Started process 492 to run task
[2025-02-27T14:54:44.324+0000] {standard_task_runner.py:84} INFO - Running: ['***', 'tasks', 'run', 'api_to_db_dag', 'spark_join_task', 'manual__2025-02-27T14:54:40.628948+00:00', '--job-id', '19', '--raw', '--subdir', 'DAGS_FOLDER/dag.py', '--cfg-path', '/tmp/tmp6_wilayf']
[2025-02-27T14:54:44.325+0000] {standard_task_runner.py:85} INFO - Job 19: Subtask spark_join_task
[2025-02-27T14:54:44.355+0000] {task_command.py:410} INFO - Running <TaskInstance: api_to_db_dag.spark_join_task manual__2025-02-27T14:54:40.628948+00:00 [running]> on host b6fe49d0fb59
[2025-02-27T14:54:44.400+0000] {taskinstance.py:1570} INFO - Exporting env vars: AIRFLOW_CTX_DAG_OWNER='***' AIRFLOW_CTX_DAG_ID='api_to_db_dag' AIRFLOW_CTX_TASK_ID='spark_join_task' AIRFLOW_CTX_EXECUTION_DATE='2025-02-27T14:54:40.628948+00:00' AIRFLOW_CTX_TRY_NUMBER='1' AIRFLOW_CTX_DAG_RUN_ID='manual__2025-02-27T14:54:40.628948+00:00'
[2025-02-27T14:54:44.405+0000] {base.py:73} INFO - Using connection ID 'spark_default' for task execution.
[2025-02-27T14:54:44.406+0000] {spark_submit.py:339} INFO - Spark-Submit cmd: spark-submit --master spark-master:7077 --conf spark.master=spark://spark-master:7077 --conf spark.driver.extraClassPath=/opt/bitnami/spark/jars/postgresql-42.7.5.jar --conf spark.executor.extraClassPath=/opt/bitnami/spark/jars/postgresql-42.7.5.jar --name spark_join --verbose /opt/***/dags/spark_join.py
[2025-02-27T14:54:45.368+0000] {spark_submit.py:490} INFO - Using properties file: null
[2025-02-27T14:54:45.428+0000] {spark_submit.py:490} INFO - Parsed arguments:
[2025-02-27T14:54:45.428+0000] {spark_submit.py:490} INFO - master                  spark-master:7077
[2025-02-27T14:54:45.429+0000] {spark_submit.py:490} INFO - remote                  null
[2025-02-27T14:54:45.429+0000] {spark_submit.py:490} INFO - deployMode              null
[2025-02-27T14:54:45.429+0000] {spark_submit.py:490} INFO - executorMemory          null
[2025-02-27T14:54:45.429+0000] {spark_submit.py:490} INFO - executorCores           null
[2025-02-27T14:54:45.429+0000] {spark_submit.py:490} INFO - totalExecutorCores      null
[2025-02-27T14:54:45.429+0000] {spark_submit.py:490} INFO - propertiesFile          null
[2025-02-27T14:54:45.429+0000] {spark_submit.py:490} INFO - driverMemory            null
[2025-02-27T14:54:45.429+0000] {spark_submit.py:490} INFO - driverCores             null
[2025-02-27T14:54:45.429+0000] {spark_submit.py:490} INFO - driverExtraClassPath    /opt/bitnami/spark/jars/postgresql-42.7.5.jar
[2025-02-27T14:54:45.430+0000] {spark_submit.py:490} INFO - driverExtraLibraryPath  null
[2025-02-27T14:54:45.430+0000] {spark_submit.py:490} INFO - driverExtraJavaOptions  null
[2025-02-27T14:54:45.430+0000] {spark_submit.py:490} INFO - supervise               false
[2025-02-27T14:54:45.430+0000] {spark_submit.py:490} INFO - queue                   null
[2025-02-27T14:54:45.430+0000] {spark_submit.py:490} INFO - numExecutors            null
[2025-02-27T14:54:45.430+0000] {spark_submit.py:490} INFO - files                   null
[2025-02-27T14:54:45.430+0000] {spark_submit.py:490} INFO - pyFiles                 null
[2025-02-27T14:54:45.430+0000] {spark_submit.py:490} INFO - archives                null
[2025-02-27T14:54:45.430+0000] {spark_submit.py:490} INFO - mainClass               null
[2025-02-27T14:54:45.430+0000] {spark_submit.py:490} INFO - primaryResource         file:/opt/***/dags/spark_join.py
[2025-02-27T14:54:45.431+0000] {spark_submit.py:490} INFO - name                    spark_join
[2025-02-27T14:54:45.431+0000] {spark_submit.py:490} INFO - childArgs               []
[2025-02-27T14:54:45.431+0000] {spark_submit.py:490} INFO - jars                    null
[2025-02-27T14:54:45.431+0000] {spark_submit.py:490} INFO - packages                null
[2025-02-27T14:54:45.431+0000] {spark_submit.py:490} INFO - packagesExclusions      null
[2025-02-27T14:54:45.431+0000] {spark_submit.py:490} INFO - repositories            null
[2025-02-27T14:54:45.431+0000] {spark_submit.py:490} INFO - verbose                 true
[2025-02-27T14:54:45.431+0000] {spark_submit.py:490} INFO - 
[2025-02-27T14:54:45.431+0000] {spark_submit.py:490} INFO - Spark properties used, including those specified through
[2025-02-27T14:54:45.431+0000] {spark_submit.py:490} INFO - --conf and those from the properties file null:
[2025-02-27T14:54:45.431+0000] {spark_submit.py:490} INFO - (spark.driver.extraClassPath,/opt/bitnami/spark/jars/postgresql-42.7.5.jar)
[2025-02-27T14:54:45.432+0000] {spark_submit.py:490} INFO - (spark.executor.extraClassPath,/opt/bitnami/spark/jars/postgresql-42.7.5.jar)
[2025-02-27T14:54:45.432+0000] {spark_submit.py:490} INFO - (spark.master,spark://spark-master:7077)
[2025-02-27T14:54:45.432+0000] {spark_submit.py:490} INFO - 
[2025-02-27T14:54:45.432+0000] {spark_submit.py:490} INFO - 
[2025-02-27T14:54:45.580+0000] {spark_submit.py:490} INFO - Main class:
[2025-02-27T14:54:45.580+0000] {spark_submit.py:490} INFO - org.apache.spark.deploy.PythonRunner
[2025-02-27T14:54:45.581+0000] {spark_submit.py:490} INFO - Arguments:
[2025-02-27T14:54:45.581+0000] {spark_submit.py:490} INFO - file:/opt/***/dags/spark_join.py
[2025-02-27T14:54:45.581+0000] {spark_submit.py:490} INFO - null
[2025-02-27T14:54:45.581+0000] {spark_submit.py:490} INFO - Spark config:
[2025-02-27T14:54:45.581+0000] {spark_submit.py:490} INFO - (spark.app.name,spark_join)
[2025-02-27T14:54:45.581+0000] {spark_submit.py:490} INFO - (spark.app.submitTime,1740668085571)
[2025-02-27T14:54:45.582+0000] {spark_submit.py:490} INFO - (spark.driver.extraClassPath,/opt/bitnami/spark/jars/postgresql-42.7.5.jar)
[2025-02-27T14:54:45.582+0000] {spark_submit.py:490} INFO - (spark.executor.extraClassPath,/opt/bitnami/spark/jars/postgresql-42.7.5.jar)
[2025-02-27T14:54:45.582+0000] {spark_submit.py:490} INFO - (spark.master,spark-master:7077)
[2025-02-27T14:54:45.582+0000] {spark_submit.py:490} INFO - (spark.submit.deployMode,client)
[2025-02-27T14:54:45.582+0000] {spark_submit.py:490} INFO - (spark.submit.pyFiles,)
[2025-02-27T14:54:45.582+0000] {spark_submit.py:490} INFO - Classpath elements:
[2025-02-27T14:54:45.583+0000] {spark_submit.py:490} INFO - 
[2025-02-27T14:54:45.583+0000] {spark_submit.py:490} INFO - 
[2025-02-27T14:54:45.583+0000] {spark_submit.py:490} INFO - 
[2025-02-27T14:54:46.048+0000] {spark_submit.py:490} INFO - 25/02/27 14:54:46 INFO SparkContext: Running Spark version 3.4.4
[2025-02-27T14:54:46.087+0000] {spark_submit.py:490} INFO - 25/02/27 14:54:46 WARN NativeCodeLoader: Unable to load native-hadoop library for your platform... using builtin-java classes where applicable
[2025-02-27T14:54:46.143+0000] {spark_submit.py:490} INFO - 25/02/27 14:54:46 INFO ResourceUtils: ==============================================================
[2025-02-27T14:54:46.144+0000] {spark_submit.py:490} INFO - 25/02/27 14:54:46 INFO ResourceUtils: No custom resources configured for spark.driver.
[2025-02-27T14:54:46.144+0000] {spark_submit.py:490} INFO - 25/02/27 14:54:46 INFO ResourceUtils: ==============================================================
[2025-02-27T14:54:46.144+0000] {spark_submit.py:490} INFO - 25/02/27 14:54:46 INFO SparkContext: Submitted application: JoinVelibTables
[2025-02-27T14:54:46.157+0000] {spark_submit.py:490} INFO - 25/02/27 14:54:46 INFO ResourceProfile: Default ResourceProfile created, executor resources: Map(memory -> name: memory, amount: 1024, script: , vendor: , offHeap -> name: offHeap, amount: 0, script: , vendor: ), task resources: Map(cpus -> name: cpus, amount: 1.0)
[2025-02-27T14:54:46.163+0000] {spark_submit.py:490} INFO - 25/02/27 14:54:46 INFO ResourceProfile: Limiting resource is cpu
[2025-02-27T14:54:46.164+0000] {spark_submit.py:490} INFO - 25/02/27 14:54:46 INFO ResourceProfileManager: Added ResourceProfile id: 0
[2025-02-27T14:54:46.193+0000] {spark_submit.py:490} INFO - 25/02/27 14:54:46 INFO SecurityManager: Changing view acls to: ***
[2025-02-27T14:54:46.194+0000] {spark_submit.py:490} INFO - 25/02/27 14:54:46 INFO SecurityManager: Changing modify acls to: ***
[2025-02-27T14:54:46.198+0000] {spark_submit.py:490} INFO - 25/02/27 14:54:46 INFO SecurityManager: Changing view acls groups to:
[2025-02-27T14:54:46.198+0000] {spark_submit.py:490} INFO - 25/02/27 14:54:46 INFO SecurityManager: Changing modify acls groups to:
[2025-02-27T14:54:46.198+0000] {spark_submit.py:490} INFO - 25/02/27 14:54:46 INFO SecurityManager: SecurityManager: authentication disabled; ui acls disabled; users with view permissions: ***; groups with view permissions: EMPTY; users with modify permissions: ***; groups with modify permissions: EMPTY
[2025-02-27T14:54:46.316+0000] {spark_submit.py:490} INFO - 25/02/27 14:54:46 INFO Utils: Successfully started service 'sparkDriver' on port 42231.
[2025-02-27T14:54:46.330+0000] {spark_submit.py:490} INFO - 25/02/27 14:54:46 INFO SparkEnv: Registering MapOutputTracker
[2025-02-27T14:54:46.348+0000] {spark_submit.py:490} INFO - 25/02/27 14:54:46 INFO SparkEnv: Registering BlockManagerMaster
[2025-02-27T14:54:46.358+0000] {spark_submit.py:490} INFO - 25/02/27 14:54:46 INFO BlockManagerMasterEndpoint: Using org.apache.spark.storage.DefaultTopologyMapper for getting topology information
[2025-02-27T14:54:46.358+0000] {spark_submit.py:490} INFO - 25/02/27 14:54:46 INFO BlockManagerMasterEndpoint: BlockManagerMasterEndpoint up
[2025-02-27T14:54:46.361+0000] {spark_submit.py:490} INFO - 25/02/27 14:54:46 INFO SparkEnv: Registering BlockManagerMasterHeartbeat
[2025-02-27T14:54:46.375+0000] {spark_submit.py:490} INFO - 25/02/27 14:54:46 INFO DiskBlockManager: Created local directory at /tmp/blockmgr-e5084790-e137-4ab6-a5de-9f8438780f78
[2025-02-27T14:54:46.384+0000] {spark_submit.py:490} INFO - 25/02/27 14:54:46 INFO MemoryStore: MemoryStore started with capacity 434.4 MiB
[2025-02-27T14:54:46.392+0000] {spark_submit.py:490} INFO - 25/02/27 14:54:46 INFO SparkEnv: Registering OutputCommitCoordinator
[2025-02-27T14:54:46.473+0000] {spark_submit.py:490} INFO - 25/02/27 14:54:46 INFO JettyUtils: Start Jetty 0.0.0.0:4040 for SparkUI
[2025-02-27T14:54:46.506+0000] {spark_submit.py:490} INFO - 25/02/27 14:54:46 INFO Utils: Successfully started service 'SparkUI' on port 4040.
[2025-02-27T14:54:46.566+0000] {spark_submit.py:490} INFO - 25/02/27 14:54:46 INFO StandaloneAppClient$ClientEndpoint: Connecting to master spark://spark-master:7077...
[2025-02-27T14:54:46.592+0000] {spark_submit.py:490} INFO - 25/02/27 14:54:46 INFO TransportClientFactory: Successfully created connection to spark-master/172.18.0.3:7077 after 15 ms (0 ms spent in bootstraps)
[2025-02-27T14:54:46.655+0000] {spark_submit.py:490} INFO - 25/02/27 14:54:46 INFO StandaloneSchedulerBackend: Connected to Spark cluster with app ID app-20250227145446-0002
[2025-02-27T14:54:46.659+0000] {spark_submit.py:490} INFO - 25/02/27 14:54:46 INFO StandaloneAppClient$ClientEndpoint: Executor added: app-20250227145446-0002/0 on worker-20250227144119-172.18.0.5-38479 (172.18.0.5:38479) with 8 core(s)
[2025-02-27T14:54:46.661+0000] {spark_submit.py:490} INFO - 25/02/27 14:54:46 INFO StandaloneSchedulerBackend: Granted executor ID app-20250227145446-0002/0 on hostPort 172.18.0.5:38479 with 8 core(s), 1024.0 MiB RAM
[2025-02-27T14:54:46.669+0000] {spark_submit.py:490} INFO - 25/02/27 14:54:46 INFO Utils: Successfully started service 'org.apache.spark.network.netty.NettyBlockTransferService' on port 45793.
[2025-02-27T14:54:46.672+0000] {spark_submit.py:490} INFO - 25/02/27 14:54:46 INFO NettyBlockTransferService: Server created on b6fe49d0fb59:45793
[2025-02-27T14:54:46.673+0000] {spark_submit.py:490} INFO - 25/02/27 14:54:46 INFO BlockManager: Using org.apache.spark.storage.RandomBlockReplicationPolicy for block replication policy
[2025-02-27T14:54:46.679+0000] {spark_submit.py:490} INFO - 25/02/27 14:54:46 INFO BlockManagerMaster: Registering BlockManager BlockManagerId(driver, b6fe49d0fb59, 45793, None)
[2025-02-27T14:54:46.682+0000] {spark_submit.py:490} INFO - 25/02/27 14:54:46 INFO BlockManagerMasterEndpoint: Registering block manager b6fe49d0fb59:45793 with 434.4 MiB RAM, BlockManagerId(driver, b6fe49d0fb59, 45793, None)
[2025-02-27T14:54:46.684+0000] {spark_submit.py:490} INFO - 25/02/27 14:54:46 INFO BlockManagerMaster: Registered BlockManager BlockManagerId(driver, b6fe49d0fb59, 45793, None)
[2025-02-27T14:54:46.685+0000] {spark_submit.py:490} INFO - 25/02/27 14:54:46 INFO BlockManager: Initialized BlockManager: BlockManagerId(driver, b6fe49d0fb59, 45793, None)
[2025-02-27T14:54:46.721+0000] {spark_submit.py:490} INFO - 25/02/27 14:54:46 INFO StandaloneAppClient$ClientEndpoint: Executor updated: app-20250227145446-0002/0 is now RUNNING
[2025-02-27T14:54:46.850+0000] {spark_submit.py:490} INFO - 25/02/27 14:54:46 INFO StandaloneSchedulerBackend: SchedulerBackend is ready for scheduling beginning after reached minRegisteredResourcesRatio: 0.0
[2025-02-27T14:54:46.898+0000] {spark_submit.py:490} INFO - /home/***/.local/lib/python3.7/site-packages/pyspark/python/lib/pyspark.zip/pyspark/context.py:317: FutureWarning: Python 3.7 support is deprecated in Spark 3.4.
[2025-02-27T14:54:46.899+0000] {spark_submit.py:490} INFO - warnings.warn("Python 3.7 support is deprecated in Spark 3.4.", FutureWarning)
[2025-02-27T14:54:47.036+0000] {spark_submit.py:490} INFO - 25/02/27 14:54:47 INFO SharedState: Setting hive.metastore.warehouse.dir ('null') to the value of spark.sql.warehouse.dir.
[2025-02-27T14:54:47.044+0000] {spark_submit.py:490} INFO - 25/02/27 14:54:47 INFO SharedState: Warehouse path is 'file:/opt/***/spark-warehouse'.
[2025-02-27T14:54:47.654+0000] {spark_submit.py:490} INFO - Traceback (most recent call last):
[2025-02-27T14:54:47.655+0000] {spark_submit.py:490} INFO - File "/opt/***/dags/spark_join.py", line 32, in <module>
[2025-02-27T14:54:47.655+0000] {spark_submit.py:490} INFO - main()
[2025-02-27T14:54:47.655+0000] {spark_submit.py:490} INFO - File "/opt/***/dags/spark_join.py", line 20, in main
[2025-02-27T14:54:47.655+0000] {spark_submit.py:490} INFO - stations_df = spark.read.jdbc(url=jdbc_url, table="velib_stations", properties=connection_properties)
[2025-02-27T14:54:47.656+0000] {spark_submit.py:490} INFO - File "/home/***/.local/lib/python3.7/site-packages/pyspark/python/lib/pyspark.zip/pyspark/sql/readwriter.py", line 927, in jdbc
[2025-02-27T14:54:47.656+0000] {spark_submit.py:490} INFO - File "/home/***/.local/lib/python3.7/site-packages/pyspark/python/lib/py4j-0.10.9.7-src.zip/py4j/java_gateway.py", line 1323, in __call__
[2025-02-27T14:54:47.656+0000] {spark_submit.py:490} INFO - File "/home/***/.local/lib/python3.7/site-packages/pyspark/python/lib/pyspark.zip/pyspark/errors/exceptions/captured.py", line 169, in deco
[2025-02-27T14:54:47.656+0000] {spark_submit.py:490} INFO - File "/home/***/.local/lib/python3.7/site-packages/pyspark/python/lib/py4j-0.10.9.7-src.zip/py4j/protocol.py", line 328, in get_return_value
[2025-02-27T14:54:47.657+0000] {spark_submit.py:490} INFO - py4j.protocol.Py4JJavaError: An error occurred while calling o29.jdbc.
[2025-02-27T14:54:47.657+0000] {spark_submit.py:490} INFO - : java.lang.ClassNotFoundException: org.postgresql.Driver
[2025-02-27T14:54:47.657+0000] {spark_submit.py:490} INFO - at java.base/java.net.URLClassLoader.findClass(URLClassLoader.java:476)
[2025-02-27T14:54:47.657+0000] {spark_submit.py:490} INFO - at java.base/java.lang.ClassLoader.loadClass(ClassLoader.java:594)
[2025-02-27T14:54:47.657+0000] {spark_submit.py:490} INFO - at java.base/java.lang.ClassLoader.loadClass(ClassLoader.java:527)
[2025-02-27T14:54:47.657+0000] {spark_submit.py:490} INFO - at org.apache.spark.sql.execution.datasources.jdbc.DriverRegistry$.register(DriverRegistry.scala:46)
[2025-02-27T14:54:47.658+0000] {spark_submit.py:490} INFO - at org.apache.spark.sql.execution.datasources.jdbc.JDBCOptions.$anonfun$driverClass$1(JDBCOptions.scala:103)
[2025-02-27T14:54:47.658+0000] {spark_submit.py:490} INFO - at org.apache.spark.sql.execution.datasources.jdbc.JDBCOptions.$anonfun$driverClass$1$adapted(JDBCOptions.scala:103)
[2025-02-27T14:54:47.658+0000] {spark_submit.py:490} INFO - at scala.Option.foreach(Option.scala:407)
[2025-02-27T14:54:47.658+0000] {spark_submit.py:490} INFO - at org.apache.spark.sql.execution.datasources.jdbc.JDBCOptions.<init>(JDBCOptions.scala:103)
[2025-02-27T14:54:47.658+0000] {spark_submit.py:490} INFO - at org.apache.spark.sql.execution.datasources.jdbc.JDBCOptions.<init>(JDBCOptions.scala:41)
[2025-02-27T14:54:47.658+0000] {spark_submit.py:490} INFO - at org.apache.spark.sql.execution.datasources.jdbc.JdbcRelationProvider.createRelation(JdbcRelationProvider.scala:34)
[2025-02-27T14:54:47.658+0000] {spark_submit.py:490} INFO - at org.apache.spark.sql.execution.datasources.DataSource.resolveRelation(DataSource.scala:346)
[2025-02-27T14:54:47.658+0000] {spark_submit.py:490} INFO - at org.apache.spark.sql.DataFrameReader.loadV1Source(DataFrameReader.scala:229)
[2025-02-27T14:54:47.658+0000] {spark_submit.py:490} INFO - at org.apache.spark.sql.DataFrameReader.$anonfun$load$2(DataFrameReader.scala:211)
[2025-02-27T14:54:47.658+0000] {spark_submit.py:490} INFO - at scala.Option.getOrElse(Option.scala:189)
[2025-02-27T14:54:47.659+0000] {spark_submit.py:490} INFO - at org.apache.spark.sql.DataFrameReader.load(DataFrameReader.scala:211)
[2025-02-27T14:54:47.659+0000] {spark_submit.py:490} INFO - at org.apache.spark.sql.DataFrameReader.load(DataFrameReader.scala:172)
[2025-02-27T14:54:47.659+0000] {spark_submit.py:490} INFO - at org.apache.spark.sql.DataFrameReader.jdbc(DataFrameReader.scala:249)
[2025-02-27T14:54:47.659+0000] {spark_submit.py:490} INFO - at java.base/jdk.internal.reflect.NativeMethodAccessorImpl.invoke0(Native Method)
[2025-02-27T14:54:47.659+0000] {spark_submit.py:490} INFO - at java.base/jdk.internal.reflect.NativeMethodAccessorImpl.invoke(NativeMethodAccessorImpl.java:62)
[2025-02-27T14:54:47.659+0000] {spark_submit.py:490} INFO - at java.base/jdk.internal.reflect.DelegatingMethodAccessorImpl.invoke(DelegatingMethodAccessorImpl.java:43)
[2025-02-27T14:54:47.659+0000] {spark_submit.py:490} INFO - at java.base/java.lang.reflect.Method.invoke(Method.java:566)
[2025-02-27T14:54:47.659+0000] {spark_submit.py:490} INFO - at py4j.reflection.MethodInvoker.invoke(MethodInvoker.java:244)
[2025-02-27T14:54:47.659+0000] {spark_submit.py:490} INFO - at py4j.reflection.ReflectionEngine.invoke(ReflectionEngine.java:374)
[2025-02-27T14:54:47.659+0000] {spark_submit.py:490} INFO - at py4j.Gateway.invoke(Gateway.java:282)
[2025-02-27T14:54:47.659+0000] {spark_submit.py:490} INFO - at py4j.commands.AbstractCommand.invokeMethod(AbstractCommand.java:132)
[2025-02-27T14:54:47.659+0000] {spark_submit.py:490} INFO - at py4j.commands.CallCommand.execute(CallCommand.java:79)
[2025-02-27T14:54:47.659+0000] {spark_submit.py:490} INFO - at py4j.ClientServerConnection.waitForCommands(ClientServerConnection.java:182)
[2025-02-27T14:54:47.660+0000] {spark_submit.py:490} INFO - at py4j.ClientServerConnection.run(ClientServerConnection.java:106)
[2025-02-27T14:54:47.660+0000] {spark_submit.py:490} INFO - at java.base/java.lang.Thread.run(Thread.java:829)
[2025-02-27T14:54:47.660+0000] {spark_submit.py:490} INFO - 
[2025-02-27T14:54:47.682+0000] {spark_submit.py:490} INFO - 25/02/27 14:54:47 INFO SparkContext: Invoking stop() from shutdown hook
[2025-02-27T14:54:47.684+0000] {spark_submit.py:490} INFO - 25/02/27 14:54:47 INFO SparkContext: SparkContext is stopping with exitCode 0.
[2025-02-27T14:54:47.693+0000] {spark_submit.py:490} INFO - 25/02/27 14:54:47 INFO SparkUI: Stopped Spark web UI at http://b6fe49d0fb59:4040
[2025-02-27T14:54:47.697+0000] {spark_submit.py:490} INFO - 25/02/27 14:54:47 INFO StandaloneSchedulerBackend: Shutting down all executors
[2025-02-27T14:54:47.700+0000] {spark_submit.py:490} INFO - 25/02/27 14:54:47 INFO StandaloneSchedulerBackend$StandaloneDriverEndpoint: Asking each executor to shut down
[2025-02-27T14:54:47.713+0000] {spark_submit.py:490} INFO - 25/02/27 14:54:47 INFO MapOutputTrackerMasterEndpoint: MapOutputTrackerMasterEndpoint stopped!
[2025-02-27T14:54:47.722+0000] {spark_submit.py:490} INFO - 25/02/27 14:54:47 INFO MemoryStore: MemoryStore cleared
[2025-02-27T14:54:47.722+0000] {spark_submit.py:490} INFO - 25/02/27 14:54:47 INFO BlockManager: BlockManager stopped
[2025-02-27T14:54:47.725+0000] {spark_submit.py:490} INFO - 25/02/27 14:54:47 INFO BlockManagerMaster: BlockManagerMaster stopped
[2025-02-27T14:54:47.727+0000] {spark_submit.py:490} INFO - 25/02/27 14:54:47 INFO OutputCommitCoordinator$OutputCommitCoordinatorEndpoint: OutputCommitCoordinator stopped!
[2025-02-27T14:54:47.736+0000] {spark_submit.py:490} INFO - 25/02/27 14:54:47 INFO SparkContext: Successfully stopped SparkContext
[2025-02-27T14:54:47.736+0000] {spark_submit.py:490} INFO - 25/02/27 14:54:47 INFO ShutdownHookManager: Shutdown hook called
[2025-02-27T14:54:47.741+0000] {spark_submit.py:490} INFO - 25/02/27 14:54:47 INFO ShutdownHookManager: Deleting directory /tmp/spark-fbed7e0d-5d1c-4681-aabd-561c7186e398
[2025-02-27T14:54:47.749+0000] {spark_submit.py:490} INFO - 25/02/27 14:54:47 INFO ShutdownHookManager: Deleting directory /tmp/spark-8b3acc00-be77-4816-9d9a-e81b418b3c88/pyspark-44f9278c-1fb4-4423-b18b-fc916a543f29
[2025-02-27T14:54:47.754+0000] {spark_submit.py:490} INFO - 25/02/27 14:54:47 INFO ShutdownHookManager: Deleting directory /tmp/spark-8b3acc00-be77-4816-9d9a-e81b418b3c88
[2025-02-27T14:54:47.790+0000] {taskinstance.py:1847} ERROR - Task failed with exception
Traceback (most recent call last):
  File "/home/airflow/.local/lib/python3.7/site-packages/airflow/providers/apache/spark/operators/spark_submit.py", line 157, in execute
    self._hook.submit(self._application)
  File "/home/airflow/.local/lib/python3.7/site-packages/airflow/providers/apache/spark/hooks/spark_submit.py", line 422, in submit
    f"Cannot execute: {self._mask_cmd(spark_submit_cmd)}. Error code is: {returncode}."
airflow.exceptions.AirflowException: Cannot execute: spark-submit --master spark-master:7077 --conf spark.master=spark://spark-master:7077 --conf spark.driver.extraClassPath=/opt/bitnami/spark/jars/postgresql-42.7.5.jar --conf spark.executor.extraClassPath=/opt/bitnami/spark/jars/postgresql-42.7.5.jar --name spark_join --verbose /opt/***/dags/spark_join.py. Error code is: 1.
[2025-02-27T14:54:47.792+0000] {taskinstance.py:1373} INFO - Marking task as FAILED. dag_id=api_to_db_dag, task_id=spark_join_task, execution_date=20250227T145440, start_date=20250227T145444, end_date=20250227T145447
[2025-02-27T14:54:47.800+0000] {standard_task_runner.py:109} ERROR - Failed to execute job 19 for task spark_join_task (Cannot execute: spark-submit --master spark-master:7077 --conf spark.master=spark://spark-master:7077 --conf spark.driver.extraClassPath=/opt/bitnami/spark/jars/postgresql-42.7.5.jar --conf spark.executor.extraClassPath=/opt/bitnami/spark/jars/postgresql-42.7.5.jar --name spark_join --verbose /opt/***/dags/spark_join.py. Error code is: 1.; 492)
[2025-02-27T14:54:47.835+0000] {local_task_job_runner.py:232} INFO - Task exited with return code 1
[2025-02-27T14:54:47.848+0000] {taskinstance.py:2674} INFO - 0 downstream tasks scheduled from follow-on schedule check
