[2025-02-27T16:08:55.003+0000] {taskinstance.py:1125} INFO - Dependencies all met for dep_context=non-requeueable deps ti=<TaskInstance: api_to_db_dag.spark_join_task manual__2025-02-27T16:08:50.430616+00:00 [queued]>
[2025-02-27T16:08:55.007+0000] {taskinstance.py:1125} INFO - Dependencies all met for dep_context=requeueable deps ti=<TaskInstance: api_to_db_dag.spark_join_task manual__2025-02-27T16:08:50.430616+00:00 [queued]>
[2025-02-27T16:08:55.008+0000] {taskinstance.py:1331} INFO - Starting attempt 1 of 1
[2025-02-27T16:08:55.014+0000] {taskinstance.py:1350} INFO - Executing <Task(SparkSubmitOperator): spark_join_task> on 2025-02-27 16:08:50.430616+00:00
[2025-02-27T16:08:55.018+0000] {standard_task_runner.py:57} INFO - Started process 503 to run task
[2025-02-27T16:08:55.020+0000] {standard_task_runner.py:84} INFO - Running: ['***', 'tasks', 'run', 'api_to_db_dag', 'spark_join_task', 'manual__2025-02-27T16:08:50.430616+00:00', '--job-id', '24', '--raw', '--subdir', 'DAGS_FOLDER/dag.py', '--cfg-path', '/tmp/tmpaqw_sm1u']
[2025-02-27T16:08:55.021+0000] {standard_task_runner.py:85} INFO - Job 24: Subtask spark_join_task
[2025-02-27T16:08:55.045+0000] {task_command.py:410} INFO - Running <TaskInstance: api_to_db_dag.spark_join_task manual__2025-02-27T16:08:50.430616+00:00 [running]> on host 70227d8e9381
[2025-02-27T16:08:55.091+0000] {taskinstance.py:1570} INFO - Exporting env vars: AIRFLOW_CTX_DAG_OWNER='***' AIRFLOW_CTX_DAG_ID='api_to_db_dag' AIRFLOW_CTX_TASK_ID='spark_join_task' AIRFLOW_CTX_EXECUTION_DATE='2025-02-27T16:08:50.430616+00:00' AIRFLOW_CTX_TRY_NUMBER='1' AIRFLOW_CTX_DAG_RUN_ID='manual__2025-02-27T16:08:50.430616+00:00'
[2025-02-27T16:08:55.095+0000] {base.py:73} INFO - Using connection ID 'spark_default' for task execution.
[2025-02-27T16:08:55.096+0000] {spark_submit.py:339} INFO - Spark-Submit cmd: spark-submit --master spark-master:7077 --conf spark.master=spark://spark-master:7077 --conf spark.driver.extraClassPath=/opt/bitnami/spark/jars/postgresql-42.7.5.jar --conf spark.executor.extraClassPath=/opt/bitnami/spark/jars/postgresql-42.7.5.jar --conf spark.jars=/opt/bitnami/spark/jars/postgresql-42.7.5.jar --name spark_join --verbose /opt/***/dags/spark_join.py
[2025-02-27T16:08:56.162+0000] {spark_submit.py:490} INFO - Using properties file: null
[2025-02-27T16:08:56.215+0000] {spark_submit.py:490} INFO - Parsed arguments:
[2025-02-27T16:08:56.215+0000] {spark_submit.py:490} INFO - master                  spark-master:7077
[2025-02-27T16:08:56.215+0000] {spark_submit.py:490} INFO - remote                  null
[2025-02-27T16:08:56.215+0000] {spark_submit.py:490} INFO - deployMode              null
[2025-02-27T16:08:56.216+0000] {spark_submit.py:490} INFO - executorMemory          null
[2025-02-27T16:08:56.216+0000] {spark_submit.py:490} INFO - executorCores           null
[2025-02-27T16:08:56.216+0000] {spark_submit.py:490} INFO - totalExecutorCores      null
[2025-02-27T16:08:56.216+0000] {spark_submit.py:490} INFO - propertiesFile          null
[2025-02-27T16:08:56.216+0000] {spark_submit.py:490} INFO - driverMemory            null
[2025-02-27T16:08:56.216+0000] {spark_submit.py:490} INFO - driverCores             null
[2025-02-27T16:08:56.216+0000] {spark_submit.py:490} INFO - driverExtraClassPath    /opt/bitnami/spark/jars/postgresql-42.7.5.jar
[2025-02-27T16:08:56.216+0000] {spark_submit.py:490} INFO - driverExtraLibraryPath  null
[2025-02-27T16:08:56.216+0000] {spark_submit.py:490} INFO - driverExtraJavaOptions  null
[2025-02-27T16:08:56.217+0000] {spark_submit.py:490} INFO - supervise               false
[2025-02-27T16:08:56.217+0000] {spark_submit.py:490} INFO - queue                   null
[2025-02-27T16:08:56.217+0000] {spark_submit.py:490} INFO - numExecutors            null
[2025-02-27T16:08:56.217+0000] {spark_submit.py:490} INFO - files                   null
[2025-02-27T16:08:56.217+0000] {spark_submit.py:490} INFO - pyFiles                 null
[2025-02-27T16:08:56.217+0000] {spark_submit.py:490} INFO - archives                null
[2025-02-27T16:08:56.217+0000] {spark_submit.py:490} INFO - mainClass               null
[2025-02-27T16:08:56.217+0000] {spark_submit.py:490} INFO - primaryResource         file:/opt/***/dags/spark_join.py
[2025-02-27T16:08:56.218+0000] {spark_submit.py:490} INFO - name                    spark_join
[2025-02-27T16:08:56.218+0000] {spark_submit.py:490} INFO - childArgs               []
[2025-02-27T16:08:56.218+0000] {spark_submit.py:490} INFO - jars                    /opt/bitnami/spark/jars/postgresql-42.7.5.jar
[2025-02-27T16:08:56.218+0000] {spark_submit.py:490} INFO - packages                null
[2025-02-27T16:08:56.218+0000] {spark_submit.py:490} INFO - packagesExclusions      null
[2025-02-27T16:08:56.218+0000] {spark_submit.py:490} INFO - repositories            null
[2025-02-27T16:08:56.218+0000] {spark_submit.py:490} INFO - verbose                 true
[2025-02-27T16:08:56.219+0000] {spark_submit.py:490} INFO - 
[2025-02-27T16:08:56.219+0000] {spark_submit.py:490} INFO - Spark properties used, including those specified through
[2025-02-27T16:08:56.219+0000] {spark_submit.py:490} INFO - --conf and those from the properties file null:
[2025-02-27T16:08:56.219+0000] {spark_submit.py:490} INFO - (spark.driver.extraClassPath,/opt/bitnami/spark/jars/postgresql-42.7.5.jar)
[2025-02-27T16:08:56.219+0000] {spark_submit.py:490} INFO - (spark.executor.extraClassPath,/opt/bitnami/spark/jars/postgresql-42.7.5.jar)
[2025-02-27T16:08:56.219+0000] {spark_submit.py:490} INFO - (spark.jars,/opt/bitnami/spark/jars/postgresql-42.7.5.jar)
[2025-02-27T16:08:56.219+0000] {spark_submit.py:490} INFO - (spark.master,spark://spark-master:7077)
[2025-02-27T16:08:56.219+0000] {spark_submit.py:490} INFO - 
[2025-02-27T16:08:56.219+0000] {spark_submit.py:490} INFO - 
[2025-02-27T16:08:56.392+0000] {spark_submit.py:490} INFO - 25/02/27 16:08:56 WARN NativeCodeLoader: Unable to load native-hadoop library for your platform... using builtin-java classes where applicable
[2025-02-27T16:08:56.498+0000] {spark_submit.py:490} INFO - Main class:
[2025-02-27T16:08:56.498+0000] {spark_submit.py:490} INFO - org.apache.spark.deploy.PythonRunner
[2025-02-27T16:08:56.498+0000] {spark_submit.py:490} INFO - Arguments:
[2025-02-27T16:08:56.499+0000] {spark_submit.py:490} INFO - file:/opt/***/dags/spark_join.py
[2025-02-27T16:08:56.499+0000] {spark_submit.py:490} INFO - null
[2025-02-27T16:08:56.499+0000] {spark_submit.py:490} INFO - Spark config:
[2025-02-27T16:08:56.500+0000] {spark_submit.py:490} INFO - (spark.app.name,spark_join)
[2025-02-27T16:08:56.500+0000] {spark_submit.py:490} INFO - (spark.app.submitTime,1740672536489)
[2025-02-27T16:08:56.500+0000] {spark_submit.py:490} INFO - (spark.driver.extraClassPath,/opt/bitnami/spark/jars/postgresql-42.7.5.jar)
[2025-02-27T16:08:56.500+0000] {spark_submit.py:490} INFO - (spark.executor.extraClassPath,/opt/bitnami/spark/jars/postgresql-42.7.5.jar)
[2025-02-27T16:08:56.500+0000] {spark_submit.py:490} INFO - (spark.jars,file:///opt/bitnami/spark/jars/postgresql-42.7.5.jar)
[2025-02-27T16:08:56.500+0000] {spark_submit.py:490} INFO - (spark.master,spark-master:7077)
[2025-02-27T16:08:56.500+0000] {spark_submit.py:490} INFO - (spark.repl.local.jars,file:///opt/bitnami/spark/jars/postgresql-42.7.5.jar)
[2025-02-27T16:08:56.500+0000] {spark_submit.py:490} INFO - (spark.submit.deployMode,client)
[2025-02-27T16:08:56.500+0000] {spark_submit.py:490} INFO - (spark.submit.pyFiles,)
[2025-02-27T16:08:56.501+0000] {spark_submit.py:490} INFO - Classpath elements:
[2025-02-27T16:08:56.501+0000] {spark_submit.py:490} INFO - file:///opt/bitnami/spark/jars/postgresql-42.7.5.jar
[2025-02-27T16:08:56.501+0000] {spark_submit.py:490} INFO - 
[2025-02-27T16:08:56.501+0000] {spark_submit.py:490} INFO - 
[2025-02-27T16:08:57.008+0000] {spark_submit.py:490} INFO - 25/02/27 16:08:57 INFO SparkContext: Running Spark version 3.4.4
[2025-02-27T16:08:57.030+0000] {spark_submit.py:490} INFO - 25/02/27 16:08:57 INFO ResourceUtils: ==============================================================
[2025-02-27T16:08:57.031+0000] {spark_submit.py:490} INFO - 25/02/27 16:08:57 INFO ResourceUtils: No custom resources configured for spark.driver.
[2025-02-27T16:08:57.032+0000] {spark_submit.py:490} INFO - 25/02/27 16:08:57 INFO ResourceUtils: ==============================================================
[2025-02-27T16:08:57.032+0000] {spark_submit.py:490} INFO - 25/02/27 16:08:57 INFO SparkContext: Submitted application: JoinVelibTables
[2025-02-27T16:08:57.045+0000] {spark_submit.py:490} INFO - 25/02/27 16:08:57 INFO ResourceProfile: Default ResourceProfile created, executor resources: Map(memory -> name: memory, amount: 1024, script: , vendor: , offHeap -> name: offHeap, amount: 0, script: , vendor: ), task resources: Map(cpus -> name: cpus, amount: 1.0)
[2025-02-27T16:08:57.051+0000] {spark_submit.py:490} INFO - 25/02/27 16:08:57 INFO ResourceProfile: Limiting resource is cpu
[2025-02-27T16:08:57.051+0000] {spark_submit.py:490} INFO - 25/02/27 16:08:57 INFO ResourceProfileManager: Added ResourceProfile id: 0
[2025-02-27T16:08:57.091+0000] {spark_submit.py:490} INFO - 25/02/27 16:08:57 INFO SecurityManager: Changing view acls to: ***
[2025-02-27T16:08:57.092+0000] {spark_submit.py:490} INFO - 25/02/27 16:08:57 INFO SecurityManager: Changing modify acls to: ***
[2025-02-27T16:08:57.092+0000] {spark_submit.py:490} INFO - 25/02/27 16:08:57 INFO SecurityManager: Changing view acls groups to:
[2025-02-27T16:08:57.092+0000] {spark_submit.py:490} INFO - 25/02/27 16:08:57 INFO SecurityManager: Changing modify acls groups to:
[2025-02-27T16:08:57.092+0000] {spark_submit.py:490} INFO - 25/02/27 16:08:57 INFO SecurityManager: SecurityManager: authentication disabled; ui acls disabled; users with view permissions: ***; groups with view permissions: EMPTY; users with modify permissions: ***; groups with modify permissions: EMPTY
[2025-02-27T16:08:57.203+0000] {spark_submit.py:490} INFO - 25/02/27 16:08:57 INFO Utils: Successfully started service 'sparkDriver' on port 41095.
[2025-02-27T16:08:57.220+0000] {spark_submit.py:490} INFO - 25/02/27 16:08:57 INFO SparkEnv: Registering MapOutputTracker
[2025-02-27T16:08:57.239+0000] {spark_submit.py:490} INFO - 25/02/27 16:08:57 INFO SparkEnv: Registering BlockManagerMaster
[2025-02-27T16:08:57.250+0000] {spark_submit.py:490} INFO - 25/02/27 16:08:57 INFO BlockManagerMasterEndpoint: Using org.apache.spark.storage.DefaultTopologyMapper for getting topology information
[2025-02-27T16:08:57.250+0000] {spark_submit.py:490} INFO - 25/02/27 16:08:57 INFO BlockManagerMasterEndpoint: BlockManagerMasterEndpoint up
[2025-02-27T16:08:57.252+0000] {spark_submit.py:490} INFO - 25/02/27 16:08:57 INFO SparkEnv: Registering BlockManagerMasterHeartbeat
[2025-02-27T16:08:57.266+0000] {spark_submit.py:490} INFO - 25/02/27 16:08:57 INFO DiskBlockManager: Created local directory at /tmp/blockmgr-671889df-2aac-42b5-90fb-b632697c0c5f
[2025-02-27T16:08:57.276+0000] {spark_submit.py:490} INFO - 25/02/27 16:08:57 INFO MemoryStore: MemoryStore started with capacity 434.4 MiB
[2025-02-27T16:08:57.284+0000] {spark_submit.py:490} INFO - 25/02/27 16:08:57 INFO SparkEnv: Registering OutputCommitCoordinator
[2025-02-27T16:08:57.361+0000] {spark_submit.py:490} INFO - 25/02/27 16:08:57 INFO JettyUtils: Start Jetty 0.0.0.0:4040 for SparkUI
[2025-02-27T16:08:57.397+0000] {spark_submit.py:490} INFO - 25/02/27 16:08:57 INFO Utils: Successfully started service 'SparkUI' on port 4040.
[2025-02-27T16:08:57.417+0000] {spark_submit.py:490} INFO - 25/02/27 16:08:57 INFO SparkContext: Added JAR file:///opt/bitnami/spark/jars/postgresql-42.7.5.jar at spark://70227d8e9381:41095/jars/postgresql-42.7.5.jar with timestamp 1740672536998
[2025-02-27T16:08:57.462+0000] {spark_submit.py:490} INFO - 25/02/27 16:08:57 INFO StandaloneAppClient$ClientEndpoint: Connecting to master spark://spark-master:7077...
[2025-02-27T16:08:57.494+0000] {spark_submit.py:490} INFO - 25/02/27 16:08:57 INFO TransportClientFactory: Successfully created connection to spark-master/172.18.0.3:7077 after 18 ms (0 ms spent in bootstraps)
[2025-02-27T16:08:57.585+0000] {spark_submit.py:490} INFO - 25/02/27 16:08:57 INFO StandaloneSchedulerBackend: Connected to Spark cluster with app ID app-20250227160857-0002
[2025-02-27T16:08:57.589+0000] {spark_submit.py:490} INFO - 25/02/27 16:08:57 INFO StandaloneAppClient$ClientEndpoint: Executor added: app-20250227160857-0002/0 on worker-20250227160532-172.18.0.5-33737 (172.18.0.5:33737) with 8 core(s)
[2025-02-27T16:08:57.591+0000] {spark_submit.py:490} INFO - 25/02/27 16:08:57 INFO StandaloneSchedulerBackend: Granted executor ID app-20250227160857-0002/0 on hostPort 172.18.0.5:33737 with 8 core(s), 1024.0 MiB RAM
[2025-02-27T16:08:57.594+0000] {spark_submit.py:490} INFO - 25/02/27 16:08:57 INFO Utils: Successfully started service 'org.apache.spark.network.netty.NettyBlockTransferService' on port 36911.
[2025-02-27T16:08:57.595+0000] {spark_submit.py:490} INFO - 25/02/27 16:08:57 INFO NettyBlockTransferService: Server created on 70227d8e9381:36911
[2025-02-27T16:08:57.596+0000] {spark_submit.py:490} INFO - 25/02/27 16:08:57 INFO BlockManager: Using org.apache.spark.storage.RandomBlockReplicationPolicy for block replication policy
[2025-02-27T16:08:57.601+0000] {spark_submit.py:490} INFO - 25/02/27 16:08:57 INFO BlockManagerMaster: Registering BlockManager BlockManagerId(driver, 70227d8e9381, 36911, None)
[2025-02-27T16:08:57.605+0000] {spark_submit.py:490} INFO - 25/02/27 16:08:57 INFO BlockManagerMasterEndpoint: Registering block manager 70227d8e9381:36911 with 434.4 MiB RAM, BlockManagerId(driver, 70227d8e9381, 36911, None)
[2025-02-27T16:08:57.607+0000] {spark_submit.py:490} INFO - 25/02/27 16:08:57 INFO BlockManagerMaster: Registered BlockManager BlockManagerId(driver, 70227d8e9381, 36911, None)
[2025-02-27T16:08:57.608+0000] {spark_submit.py:490} INFO - 25/02/27 16:08:57 INFO BlockManager: Initialized BlockManager: BlockManagerId(driver, 70227d8e9381, 36911, None)
[2025-02-27T16:08:57.667+0000] {spark_submit.py:490} INFO - 25/02/27 16:08:57 INFO StandaloneAppClient$ClientEndpoint: Executor updated: app-20250227160857-0002/0 is now RUNNING
[2025-02-27T16:08:57.790+0000] {spark_submit.py:490} INFO - 25/02/27 16:08:57 INFO StandaloneSchedulerBackend: SchedulerBackend is ready for scheduling beginning after reached minRegisteredResourcesRatio: 0.0
[2025-02-27T16:08:57.809+0000] {spark_submit.py:490} INFO - /home/***/.local/lib/python3.7/site-packages/pyspark/python/lib/pyspark.zip/pyspark/context.py:317: FutureWarning: Python 3.7 support is deprecated in Spark 3.4.
[2025-02-27T16:08:57.810+0000] {spark_submit.py:490} INFO - warnings.warn("Python 3.7 support is deprecated in Spark 3.4.", FutureWarning)
[2025-02-27T16:08:57.913+0000] {spark_submit.py:490} INFO - 25/02/27 16:08:57 INFO SharedState: Setting hive.metastore.warehouse.dir ('null') to the value of spark.sql.warehouse.dir.
[2025-02-27T16:08:57.915+0000] {spark_submit.py:490} INFO - 25/02/27 16:08:57 INFO SharedState: Warehouse path is 'file:/opt/***/spark-warehouse'.
[2025-02-27T16:08:59.117+0000] {spark_submit.py:490} INFO - 25/02/27 16:08:59 INFO StandaloneSchedulerBackend$StandaloneDriverEndpoint: Registered executor NettyRpcEndpointRef(spark-client://Executor) (172.18.0.5:58238) with ID 0,  ResourceProfileId 0
[2025-02-27T16:08:59.159+0000] {spark_submit.py:490} INFO - 25/02/27 16:08:59 INFO BlockManagerMasterEndpoint: Registering block manager 172.18.0.5:42131 with 434.4 MiB RAM, BlockManagerId(0, 172.18.0.5, 42131, None)
[2025-02-27T16:09:00.659+0000] {spark_submit.py:490} INFO - 25/02/27 16:09:00 INFO CodeGenerator: Code generated in 115.117083 ms
[2025-02-27T16:09:00.714+0000] {spark_submit.py:490} INFO - 25/02/27 16:09:00 INFO DAGScheduler: Registering RDD 3 (parquet at NativeMethodAccessorImpl.java:0) as input to shuffle 0
[2025-02-27T16:09:00.718+0000] {spark_submit.py:490} INFO - 25/02/27 16:09:00 INFO DAGScheduler: Got map stage job 0 (parquet at NativeMethodAccessorImpl.java:0) with 1 output partitions
[2025-02-27T16:09:00.719+0000] {spark_submit.py:490} INFO - 25/02/27 16:09:00 INFO DAGScheduler: Final stage: ShuffleMapStage 0 (parquet at NativeMethodAccessorImpl.java:0)
[2025-02-27T16:09:00.719+0000] {spark_submit.py:490} INFO - 25/02/27 16:09:00 INFO DAGScheduler: Parents of final stage: List()
[2025-02-27T16:09:00.720+0000] {spark_submit.py:490} INFO - 25/02/27 16:09:00 INFO DAGScheduler: Missing parents: List()
[2025-02-27T16:09:00.721+0000] {spark_submit.py:490} INFO - 25/02/27 16:09:00 INFO CodeGenerator: Code generated in 9.540625 ms
[2025-02-27T16:09:00.723+0000] {spark_submit.py:490} INFO - 25/02/27 16:09:00 INFO DAGScheduler: Submitting ShuffleMapStage 0 (MapPartitionsRDD[3] at parquet at NativeMethodAccessorImpl.java:0), which has no missing parents
[2025-02-27T16:09:00.798+0000] {spark_submit.py:490} INFO - 25/02/27 16:09:00 INFO MemoryStore: Block broadcast_0 stored as values in memory (estimated size 16.8 KiB, free 434.4 MiB)
[2025-02-27T16:09:00.817+0000] {spark_submit.py:490} INFO - 25/02/27 16:09:00 INFO MemoryStore: Block broadcast_0_piece0 stored as bytes in memory (estimated size 8.0 KiB, free 434.4 MiB)
[2025-02-27T16:09:00.818+0000] {spark_submit.py:490} INFO - 25/02/27 16:09:00 INFO BlockManagerInfo: Added broadcast_0_piece0 in memory on 70227d8e9381:36911 (size: 8.0 KiB, free: 434.4 MiB)
[2025-02-27T16:09:00.820+0000] {spark_submit.py:490} INFO - 25/02/27 16:09:00 INFO SparkContext: Created broadcast 0 from broadcast at DAGScheduler.scala:1540
[2025-02-27T16:09:00.831+0000] {spark_submit.py:490} INFO - 25/02/27 16:09:00 INFO DAGScheduler: Submitting 1 missing tasks from ShuffleMapStage 0 (MapPartitionsRDD[3] at parquet at NativeMethodAccessorImpl.java:0) (first 15 tasks are for partitions Vector(0))
[2025-02-27T16:09:00.832+0000] {spark_submit.py:490} INFO - 25/02/27 16:09:00 INFO TaskSchedulerImpl: Adding task set 0.0 with 1 tasks resource profile 0
[2025-02-27T16:09:00.843+0000] {spark_submit.py:490} INFO - 25/02/27 16:09:00 INFO DAGScheduler: Registering RDD 5 (parquet at NativeMethodAccessorImpl.java:0) as input to shuffle 1
[2025-02-27T16:09:00.844+0000] {spark_submit.py:490} INFO - 25/02/27 16:09:00 INFO DAGScheduler: Got map stage job 1 (parquet at NativeMethodAccessorImpl.java:0) with 1 output partitions
[2025-02-27T16:09:00.844+0000] {spark_submit.py:490} INFO - 25/02/27 16:09:00 INFO DAGScheduler: Final stage: ShuffleMapStage 1 (parquet at NativeMethodAccessorImpl.java:0)
[2025-02-27T16:09:00.844+0000] {spark_submit.py:490} INFO - 25/02/27 16:09:00 INFO DAGScheduler: Parents of final stage: List()
[2025-02-27T16:09:00.844+0000] {spark_submit.py:490} INFO - 25/02/27 16:09:00 INFO DAGScheduler: Missing parents: List()
[2025-02-27T16:09:00.845+0000] {spark_submit.py:490} INFO - 25/02/27 16:09:00 INFO DAGScheduler: Submitting ShuffleMapStage 1 (MapPartitionsRDD[5] at parquet at NativeMethodAccessorImpl.java:0), which has no missing parents
[2025-02-27T16:09:00.853+0000] {spark_submit.py:490} INFO - 25/02/27 16:09:00 INFO MemoryStore: Block broadcast_1 stored as values in memory (estimated size 14.4 KiB, free 434.4 MiB)
[2025-02-27T16:09:00.857+0000] {spark_submit.py:490} INFO - 25/02/27 16:09:00 INFO MemoryStore: Block broadcast_1_piece0 stored as bytes in memory (estimated size 7.5 KiB, free 434.4 MiB)
[2025-02-27T16:09:00.860+0000] {spark_submit.py:490} INFO - 25/02/27 16:09:00 INFO BlockManagerInfo: Added broadcast_1_piece0 in memory on 70227d8e9381:36911 (size: 7.5 KiB, free: 434.4 MiB)
[2025-02-27T16:09:00.860+0000] {spark_submit.py:490} INFO - 25/02/27 16:09:00 INFO SparkContext: Created broadcast 1 from broadcast at DAGScheduler.scala:1540
[2025-02-27T16:09:00.860+0000] {spark_submit.py:490} INFO - 25/02/27 16:09:00 INFO TaskSetManager: Starting task 0.0 in stage 0.0 (TID 0) (172.18.0.5, executor 0, partition 0, PROCESS_LOCAL, 8586 bytes)
[2025-02-27T16:09:00.860+0000] {spark_submit.py:490} INFO - 25/02/27 16:09:00 INFO DAGScheduler: Submitting 1 missing tasks from ShuffleMapStage 1 (MapPartitionsRDD[5] at parquet at NativeMethodAccessorImpl.java:0) (first 15 tasks are for partitions Vector(0))
[2025-02-27T16:09:00.860+0000] {spark_submit.py:490} INFO - 25/02/27 16:09:00 INFO TaskSchedulerImpl: Adding task set 1.0 with 1 tasks resource profile 0
[2025-02-27T16:09:00.866+0000] {spark_submit.py:490} INFO - 25/02/27 16:09:00 INFO TaskSetManager: Starting task 0.0 in stage 1.0 (TID 1) (172.18.0.5, executor 0, partition 0, PROCESS_LOCAL, 8586 bytes)
[2025-02-27T16:17:47.669+0000] {local_task_job_runner.py:122} ERROR - Received SIGTERM. Terminating subprocesses
[2025-02-27T16:17:47.856+0000] {process_utils.py:135} INFO - Sending Signals.SIGTERM to group 503. PIDs of all processes in the group: [504, 559, 503]
[2025-02-27T16:17:47.859+0000] {process_utils.py:86} INFO - Sending the signal Signals.SIGTERM to group 503
[2025-02-27T16:17:47.865+0000] {taskinstance.py:1540} ERROR - Received SIGTERM. Terminating subprocesses.
[2025-02-27T16:17:47.892+0000] {spark_submit.py:615} INFO - Sending kill signal to spark-submit
[2025-02-27T16:17:48.021+0000] {taskinstance.py:1847} ERROR - Task failed with exception
Traceback (most recent call last):
  File "/home/airflow/.local/lib/python3.7/site-packages/airflow/providers/apache/spark/operators/spark_submit.py", line 157, in execute
    self._hook.submit(self._application)
  File "/home/airflow/.local/lib/python3.7/site-packages/airflow/providers/apache/spark/hooks/spark_submit.py", line 409, in submit
    self._process_spark_submit_log(iter(self._submit_sp.stdout))  # type: ignore
  File "/home/airflow/.local/lib/python3.7/site-packages/airflow/providers/apache/spark/hooks/spark_submit.py", line 458, in _process_spark_submit_log
    for line in itr:
  File "/home/airflow/.local/lib/python3.7/site-packages/airflow/models/taskinstance.py", line 1542, in signal_handler
    raise AirflowException("Task received SIGTERM signal")
airflow.exceptions.AirflowException: Task received SIGTERM signal
[2025-02-27T16:17:48.051+0000] {taskinstance.py:1373} INFO - Marking task as FAILED. dag_id=api_to_db_dag, task_id=spark_join_task, execution_date=20250227T160850, start_date=20250227T160855, end_date=20250227T161748
[2025-02-27T16:17:48.089+0000] {standard_task_runner.py:109} ERROR - Failed to execute job 24 for task spark_join_task (Task received SIGTERM signal; 503)
[2025-02-27T16:17:48.130+0000] {process_utils.py:79} INFO - Process psutil.Process(pid=504, status='terminated', started='16:08:54') (504) terminated with exit code None
[2025-02-27T16:17:48.137+0000] {process_utils.py:79} INFO - Process psutil.Process(pid=503, status='terminated', exitcode=1, started='16:08:54') (503) terminated with exit code 1
[2025-02-27T16:17:48.139+0000] {process_utils.py:79} INFO - Process psutil.Process(pid=559, status='terminated', started='16:08:56') (559) terminated with exit code None
[2025-02-27T16:17:48.140+0000] {local_task_job_runner.py:232} INFO - Task exited with return code 143
[2025-02-27T16:17:48.231+0000] {taskinstance.py:2674} INFO - 0 downstream tasks scheduled from follow-on schedule check
