[2025-02-28T21:10:16.187+0000] {taskinstance.py:1125} INFO - Dependencies all met for dep_context=non-requeueable deps ti=<TaskInstance: api_to_db_dag.index_parquet_to_elasticsearch scheduled__2025-02-28T21:08:00+00:00 [queued]>
[2025-02-28T21:10:16.193+0000] {taskinstance.py:1125} INFO - Dependencies all met for dep_context=requeueable deps ti=<TaskInstance: api_to_db_dag.index_parquet_to_elasticsearch scheduled__2025-02-28T21:08:00+00:00 [queued]>
[2025-02-28T21:10:16.193+0000] {taskinstance.py:1331} INFO - Starting attempt 1 of 1
[2025-02-28T21:10:16.201+0000] {taskinstance.py:1350} INFO - Executing <Task(PythonOperator): index_parquet_to_elasticsearch> on 2025-02-28 21:08:00+00:00
[2025-02-28T21:10:16.204+0000] {standard_task_runner.py:57} INFO - Started process 88654 to run task
[2025-02-28T21:10:16.207+0000] {standard_task_runner.py:84} INFO - Running: ['***', 'tasks', 'run', 'api_to_db_dag', 'index_parquet_to_elasticsearch', 'scheduled__2025-02-28T21:08:00+00:00', '--job-id', '615', '--raw', '--subdir', 'DAGS_FOLDER/dag.py', '--cfg-path', '/tmp/tmprep_534p']
[2025-02-28T21:10:16.209+0000] {standard_task_runner.py:85} INFO - Job 615: Subtask index_parquet_to_elasticsearch
[2025-02-28T21:10:16.241+0000] {task_command.py:410} INFO - Running <TaskInstance: api_to_db_dag.index_parquet_to_elasticsearch scheduled__2025-02-28T21:08:00+00:00 [running]> on host 2e469bce1432
[2025-02-28T21:10:16.293+0000] {taskinstance.py:1570} INFO - Exporting env vars: AIRFLOW_CTX_DAG_OWNER='***' AIRFLOW_CTX_DAG_ID='api_to_db_dag' AIRFLOW_CTX_TASK_ID='index_parquet_to_elasticsearch' AIRFLOW_CTX_EXECUTION_DATE='2025-02-28T21:08:00+00:00' AIRFLOW_CTX_TRY_NUMBER='1' AIRFLOW_CTX_DAG_RUN_ID='scheduled__2025-02-28T21:08:00+00:00'
[2025-02-28T21:10:16.423+0000] {logging_mixin.py:149} WARNING - /home/***/.local/lib/python3.7/site-packages/pandas/core/array_algos/replace.py:84 FutureWarning: elementwise comparison failed; returning scalar instead, but in the future will perform elementwise comparison
[2025-02-28T21:10:16.606+0000] {base.py:271} INFO - HEAD http://elasticsearch:9200/velib_data_analytics [status:200 request:0.010s]
[2025-02-28T21:10:17.862+0000] {base.py:271} INFO - POST http://elasticsearch:9200/_bulk [status:200 request:0.023s]
[2025-02-28T21:10:17.911+0000] {base.py:271} INFO - POST http://elasticsearch:9200/_bulk [status:200 request:0.039s]
[2025-02-28T21:10:17.969+0000] {base.py:271} INFO - POST http://elasticsearch:9200/_bulk [status:200 request:0.050s]
[2025-02-28T21:10:17.989+0000] {base.py:271} INFO - POST http://elasticsearch:9200/_bulk [status:200 request:0.012s]
[2025-02-28T21:10:18.009+0000] {base.py:271} INFO - POST http://elasticsearch:9200/_bulk [status:200 request:0.013s]
[2025-02-28T21:10:18.029+0000] {base.py:271} INFO - POST http://elasticsearch:9200/_bulk [status:200 request:0.013s]
[2025-02-28T21:10:18.048+0000] {base.py:271} INFO - POST http://elasticsearch:9200/_bulk [status:200 request:0.011s]
[2025-02-28T21:10:18.068+0000] {base.py:271} INFO - POST http://elasticsearch:9200/_bulk [status:200 request:0.012s]
[2025-02-28T21:10:18.105+0000] {base.py:271} INFO - POST http://elasticsearch:9200/_bulk [status:200 request:0.030s]
[2025-02-28T21:10:18.130+0000] {base.py:271} INFO - POST http://elasticsearch:9200/_bulk [status:200 request:0.016s]
[2025-02-28T21:10:18.156+0000] {base.py:271} INFO - POST http://elasticsearch:9200/_bulk [status:200 request:0.016s]
[2025-02-28T21:10:18.179+0000] {base.py:271} INFO - POST http://elasticsearch:9200/_bulk [status:200 request:0.015s]
[2025-02-28T21:10:18.203+0000] {base.py:271} INFO - POST http://elasticsearch:9200/_bulk [status:200 request:0.015s]
[2025-02-28T21:10:18.223+0000] {base.py:271} INFO - POST http://elasticsearch:9200/_bulk [status:200 request:0.013s]
[2025-02-28T21:10:18.243+0000] {base.py:271} INFO - POST http://elasticsearch:9200/_bulk [status:200 request:0.012s]
[2025-02-28T21:10:18.274+0000] {base.py:271} INFO - POST http://elasticsearch:9200/_bulk [status:200 request:0.023s]
[2025-02-28T21:10:18.330+0000] {base.py:271} INFO - POST http://elasticsearch:9200/_bulk [status:200 request:0.049s]
[2025-02-28T21:10:18.351+0000] {base.py:271} INFO - POST http://elasticsearch:9200/_bulk [status:200 request:0.013s]
[2025-02-28T21:10:18.371+0000] {base.py:271} INFO - POST http://elasticsearch:9200/_bulk [status:200 request:0.013s]
[2025-02-28T21:10:18.390+0000] {base.py:271} INFO - POST http://elasticsearch:9200/_bulk [status:200 request:0.012s]
[2025-02-28T21:10:18.411+0000] {base.py:271} INFO - POST http://elasticsearch:9200/_bulk [status:200 request:0.014s]
[2025-02-28T21:10:18.430+0000] {base.py:271} INFO - POST http://elasticsearch:9200/_bulk [status:200 request:0.011s]
[2025-02-28T21:10:18.450+0000] {base.py:271} INFO - POST http://elasticsearch:9200/_bulk [status:200 request:0.012s]
[2025-02-28T21:10:18.469+0000] {base.py:271} INFO - POST http://elasticsearch:9200/_bulk [status:200 request:0.012s]
[2025-02-28T21:10:18.490+0000] {base.py:271} INFO - POST http://elasticsearch:9200/_bulk [status:200 request:0.013s]
[2025-02-28T21:10:18.511+0000] {base.py:271} INFO - POST http://elasticsearch:9200/_bulk [status:200 request:0.012s]
[2025-02-28T21:10:18.531+0000] {base.py:271} INFO - POST http://elasticsearch:9200/_bulk [status:200 request:0.012s]
[2025-02-28T21:10:18.564+0000] {base.py:271} INFO - POST http://elasticsearch:9200/_bulk [status:200 request:0.026s]
[2025-02-28T21:10:18.584+0000] {base.py:271} INFO - POST http://elasticsearch:9200/_bulk [status:200 request:0.013s]
[2025-02-28T21:10:18.604+0000] {base.py:271} INFO - POST http://elasticsearch:9200/_bulk [status:200 request:0.013s]
[2025-02-28T21:10:18.625+0000] {base.py:271} INFO - POST http://elasticsearch:9200/_bulk [status:200 request:0.012s]
[2025-02-28T21:10:18.645+0000] {base.py:271} INFO - POST http://elasticsearch:9200/_bulk [status:200 request:0.012s]
[2025-02-28T21:10:18.764+0000] {base.py:271} INFO - POST http://elasticsearch:9200/_bulk [status:200 request:0.017s]
[2025-02-28T21:10:18.786+0000] {base.py:271} INFO - POST http://elasticsearch:9200/_bulk [status:200 request:0.014s]
[2025-02-28T21:10:18.806+0000] {base.py:271} INFO - POST http://elasticsearch:9200/_bulk [status:200 request:0.012s]
[2025-02-28T21:10:18.826+0000] {base.py:271} INFO - POST http://elasticsearch:9200/_bulk [status:200 request:0.011s]
[2025-02-28T21:10:18.845+0000] {base.py:271} INFO - POST http://elasticsearch:9200/_bulk [status:200 request:0.011s]
[2025-02-28T21:10:18.863+0000] {base.py:271} INFO - POST http://elasticsearch:9200/_bulk [status:200 request:0.011s]
[2025-02-28T21:10:18.889+0000] {base.py:271} INFO - POST http://elasticsearch:9200/_bulk [status:200 request:0.018s]
[2025-02-28T21:10:18.920+0000] {base.py:271} INFO - POST http://elasticsearch:9200/_bulk [status:200 request:0.011s]
[2025-02-28T21:10:18.937+0000] {base.py:271} INFO - POST http://elasticsearch:9200/_bulk [status:200 request:0.010s]
[2025-02-28T21:10:18.955+0000] {base.py:271} INFO - POST http://elasticsearch:9200/_bulk [status:200 request:0.010s]
[2025-02-28T21:10:18.974+0000] {base.py:271} INFO - POST http://elasticsearch:9200/_bulk [status:200 request:0.010s]
[2025-02-28T21:10:18.990+0000] {base.py:271} INFO - POST http://elasticsearch:9200/_bulk [status:200 request:0.009s]
[2025-02-28T21:10:19.006+0000] {base.py:271} INFO - POST http://elasticsearch:9200/_bulk [status:200 request:0.009s]
[2025-02-28T21:10:19.023+0000] {base.py:271} INFO - POST http://elasticsearch:9200/_bulk [status:200 request:0.009s]
[2025-02-28T21:10:19.038+0000] {base.py:271} INFO - POST http://elasticsearch:9200/_bulk [status:200 request:0.009s]
[2025-02-28T21:10:19.055+0000] {base.py:271} INFO - POST http://elasticsearch:9200/_bulk [status:200 request:0.009s]
[2025-02-28T21:10:19.072+0000] {base.py:271} INFO - POST http://elasticsearch:9200/_bulk [status:200 request:0.009s]
[2025-02-28T21:10:19.088+0000] {base.py:271} INFO - POST http://elasticsearch:9200/_bulk [status:200 request:0.009s]
[2025-02-28T21:10:19.105+0000] {base.py:271} INFO - POST http://elasticsearch:9200/_bulk [status:200 request:0.009s]
[2025-02-28T21:10:19.123+0000] {base.py:271} INFO - POST http://elasticsearch:9200/_bulk [status:200 request:0.010s]
[2025-02-28T21:10:19.139+0000] {base.py:271} INFO - POST http://elasticsearch:9200/_bulk [status:200 request:0.009s]
[2025-02-28T21:10:19.158+0000] {base.py:271} INFO - POST http://elasticsearch:9200/_bulk [status:200 request:0.011s]
[2025-02-28T21:10:19.177+0000] {base.py:271} INFO - POST http://elasticsearch:9200/_bulk [status:200 request:0.012s]
[2025-02-28T21:10:19.197+0000] {base.py:271} INFO - POST http://elasticsearch:9200/_bulk [status:200 request:0.012s]
[2025-02-28T21:10:19.230+0000] {base.py:271} INFO - POST http://elasticsearch:9200/_bulk [status:200 request:0.025s]
[2025-02-28T21:10:19.267+0000] {base.py:271} INFO - POST http://elasticsearch:9200/_bulk [status:200 request:0.025s]
[2025-02-28T21:10:19.289+0000] {base.py:271} INFO - POST http://elasticsearch:9200/_bulk [status:200 request:0.013s]
[2025-02-28T21:10:19.313+0000] {base.py:271} INFO - POST http://elasticsearch:9200/_bulk [status:200 request:0.014s]
[2025-02-28T21:10:19.356+0000] {base.py:271} INFO - POST http://elasticsearch:9200/_bulk [status:200 request:0.034s]
[2025-02-28T21:10:19.409+0000] {base.py:271} INFO - POST http://elasticsearch:9200/_bulk [status:200 request:0.029s]
[2025-02-28T21:10:19.447+0000] {base.py:271} INFO - POST http://elasticsearch:9200/_bulk [status:200 request:0.013s]
[2025-02-28T21:10:19.468+0000] {base.py:271} INFO - POST http://elasticsearch:9200/_bulk [status:200 request:0.012s]
[2025-02-28T21:10:19.488+0000] {base.py:271} INFO - POST http://elasticsearch:9200/_bulk [status:200 request:0.011s]
[2025-02-28T21:10:19.507+0000] {base.py:271} INFO - POST http://elasticsearch:9200/_bulk [status:200 request:0.011s]
[2025-02-28T21:10:19.528+0000] {base.py:271} INFO - POST http://elasticsearch:9200/_bulk [status:200 request:0.012s]
[2025-02-28T21:10:19.549+0000] {base.py:271} INFO - POST http://elasticsearch:9200/_bulk [status:200 request:0.013s]
[2025-02-28T21:10:19.573+0000] {base.py:271} INFO - POST http://elasticsearch:9200/_bulk [status:200 request:0.016s]
[2025-02-28T21:10:19.590+0000] {base.py:271} INFO - POST http://elasticsearch:9200/_bulk [status:200 request:0.010s]
[2025-02-28T21:10:19.607+0000] {base.py:271} INFO - POST http://elasticsearch:9200/_bulk [status:200 request:0.009s]
[2025-02-28T21:10:19.625+0000] {base.py:271} INFO - POST http://elasticsearch:9200/_bulk [status:200 request:0.010s]
[2025-02-28T21:10:19.643+0000] {base.py:271} INFO - POST http://elasticsearch:9200/_bulk [status:200 request:0.010s]
[2025-02-28T21:10:19.661+0000] {base.py:271} INFO - POST http://elasticsearch:9200/_bulk [status:200 request:0.010s]
[2025-02-28T21:10:19.680+0000] {base.py:271} INFO - POST http://elasticsearch:9200/_bulk [status:200 request:0.011s]
[2025-02-28T21:10:19.698+0000] {base.py:271} INFO - POST http://elasticsearch:9200/_bulk [status:200 request:0.010s]
[2025-02-28T21:10:19.716+0000] {base.py:271} INFO - POST http://elasticsearch:9200/_bulk [status:200 request:0.010s]
[2025-02-28T21:10:19.734+0000] {base.py:271} INFO - POST http://elasticsearch:9200/_bulk [status:200 request:0.010s]
[2025-02-28T21:10:19.752+0000] {base.py:271} INFO - POST http://elasticsearch:9200/_bulk [status:200 request:0.010s]
[2025-02-28T21:10:19.772+0000] {base.py:271} INFO - POST http://elasticsearch:9200/_bulk [status:200 request:0.011s]
[2025-02-28T21:10:19.790+0000] {base.py:271} INFO - POST http://elasticsearch:9200/_bulk [status:200 request:0.010s]
[2025-02-28T21:10:19.807+0000] {base.py:271} INFO - POST http://elasticsearch:9200/_bulk [status:200 request:0.010s]
[2025-02-28T21:10:19.827+0000] {base.py:271} INFO - POST http://elasticsearch:9200/_bulk [status:200 request:0.010s]
[2025-02-28T21:10:19.845+0000] {base.py:271} INFO - POST http://elasticsearch:9200/_bulk [status:200 request:0.010s]
[2025-02-28T21:10:19.872+0000] {base.py:271} INFO - POST http://elasticsearch:9200/_bulk [status:200 request:0.018s]
[2025-02-28T21:10:19.889+0000] {base.py:271} INFO - POST http://elasticsearch:9200/_bulk [status:200 request:0.010s]
[2025-02-28T21:10:19.906+0000] {base.py:271} INFO - POST http://elasticsearch:9200/_bulk [status:200 request:0.009s]
[2025-02-28T21:10:19.929+0000] {base.py:271} INFO - POST http://elasticsearch:9200/_bulk [status:200 request:0.011s]
[2025-02-28T21:10:19.945+0000] {base.py:271} INFO - POST http://elasticsearch:9200/_bulk [status:200 request:0.009s]
[2025-02-28T21:10:19.962+0000] {base.py:271} INFO - POST http://elasticsearch:9200/_bulk [status:200 request:0.009s]
[2025-02-28T21:10:19.978+0000] {base.py:271} INFO - POST http://elasticsearch:9200/_bulk [status:200 request:0.009s]
[2025-02-28T21:10:19.994+0000] {base.py:271} INFO - POST http://elasticsearch:9200/_bulk [status:200 request:0.009s]
[2025-02-28T21:10:20.011+0000] {base.py:271} INFO - POST http://elasticsearch:9200/_bulk [status:200 request:0.009s]
[2025-02-28T21:10:20.026+0000] {base.py:271} INFO - POST http://elasticsearch:9200/_bulk [status:200 request:0.008s]
[2025-02-28T21:10:20.043+0000] {base.py:271} INFO - POST http://elasticsearch:9200/_bulk [status:200 request:0.009s]
[2025-02-28T21:10:20.071+0000] {base.py:271} INFO - POST http://elasticsearch:9200/_bulk [status:200 request:0.021s]
[2025-02-28T21:10:20.098+0000] {base.py:271} INFO - POST http://elasticsearch:9200/_bulk [status:200 request:0.016s]
[2025-02-28T21:10:20.127+0000] {base.py:271} INFO - POST http://elasticsearch:9200/_bulk [status:200 request:0.015s]
[2025-02-28T21:10:20.177+0000] {base.py:271} INFO - POST http://elasticsearch:9200/_bulk [status:200 request:0.042s]
[2025-02-28T21:10:20.203+0000] {base.py:271} INFO - POST http://elasticsearch:9200/_bulk [status:200 request:0.011s]
[2025-02-28T21:10:20.219+0000] {base.py:271} INFO - POST http://elasticsearch:9200/_bulk [status:200 request:0.009s]
[2025-02-28T21:10:20.236+0000] {base.py:271} INFO - POST http://elasticsearch:9200/_bulk [status:200 request:0.010s]
[2025-02-28T21:10:20.252+0000] {base.py:271} INFO - POST http://elasticsearch:9200/_bulk [status:200 request:0.009s]
[2025-02-28T21:10:20.268+0000] {base.py:271} INFO - POST http://elasticsearch:9200/_bulk [status:200 request:0.009s]
[2025-02-28T21:10:20.284+0000] {base.py:271} INFO - POST http://elasticsearch:9200/_bulk [status:200 request:0.008s]
[2025-02-28T21:10:20.300+0000] {base.py:271} INFO - POST http://elasticsearch:9200/_bulk [status:200 request:0.009s]
[2025-02-28T21:10:20.319+0000] {base.py:271} INFO - POST http://elasticsearch:9200/_bulk [status:200 request:0.011s]
[2025-02-28T21:10:20.335+0000] {base.py:271} INFO - POST http://elasticsearch:9200/_bulk [status:200 request:0.009s]
[2025-02-28T21:10:20.352+0000] {base.py:271} INFO - POST http://elasticsearch:9200/_bulk [status:200 request:0.009s]
[2025-02-28T21:10:20.369+0000] {base.py:271} INFO - POST http://elasticsearch:9200/_bulk [status:200 request:0.010s]
[2025-02-28T21:10:20.388+0000] {base.py:271} INFO - POST http://elasticsearch:9200/_bulk [status:200 request:0.010s]
[2025-02-28T21:10:20.408+0000] {base.py:271} INFO - POST http://elasticsearch:9200/_bulk [status:200 request:0.012s]
[2025-02-28T21:10:20.426+0000] {base.py:271} INFO - POST http://elasticsearch:9200/_bulk [status:200 request:0.010s]
[2025-02-28T21:10:20.444+0000] {base.py:271} INFO - POST http://elasticsearch:9200/_bulk [status:200 request:0.010s]
[2025-02-28T21:10:20.464+0000] {base.py:271} INFO - POST http://elasticsearch:9200/_bulk [status:200 request:0.011s]
[2025-02-28T21:10:20.486+0000] {base.py:271} INFO - POST http://elasticsearch:9200/_bulk [status:200 request:0.014s]
[2025-02-28T21:10:20.504+0000] {base.py:271} INFO - POST http://elasticsearch:9200/_bulk [status:200 request:0.009s]
[2025-02-28T21:10:20.521+0000] {base.py:271} INFO - POST http://elasticsearch:9200/_bulk [status:200 request:0.010s]
[2025-02-28T21:10:20.538+0000] {base.py:271} INFO - POST http://elasticsearch:9200/_bulk [status:200 request:0.010s]
[2025-02-28T21:10:20.555+0000] {base.py:271} INFO - POST http://elasticsearch:9200/_bulk [status:200 request:0.009s]
[2025-02-28T21:10:20.571+0000] {base.py:271} INFO - POST http://elasticsearch:9200/_bulk [status:200 request:0.009s]
[2025-02-28T21:10:20.587+0000] {base.py:271} INFO - POST http://elasticsearch:9200/_bulk [status:200 request:0.009s]
[2025-02-28T21:10:20.604+0000] {base.py:271} INFO - POST http://elasticsearch:9200/_bulk [status:200 request:0.009s]
[2025-02-28T21:10:20.620+0000] {base.py:271} INFO - POST http://elasticsearch:9200/_bulk [status:200 request:0.009s]
[2025-02-28T21:10:20.636+0000] {base.py:271} INFO - POST http://elasticsearch:9200/_bulk [status:200 request:0.009s]
[2025-02-28T21:10:20.652+0000] {base.py:271} INFO - POST http://elasticsearch:9200/_bulk [status:200 request:0.009s]
[2025-02-28T21:10:20.668+0000] {base.py:271} INFO - POST http://elasticsearch:9200/_bulk [status:200 request:0.009s]
[2025-02-28T21:10:20.687+0000] {base.py:271} INFO - POST http://elasticsearch:9200/_bulk [status:200 request:0.012s]
[2025-02-28T21:10:20.705+0000] {base.py:271} INFO - POST http://elasticsearch:9200/_bulk [status:200 request:0.010s]
[2025-02-28T21:10:20.722+0000] {base.py:271} INFO - POST http://elasticsearch:9200/_bulk [status:200 request:0.009s]
[2025-02-28T21:10:20.739+0000] {base.py:271} INFO - POST http://elasticsearch:9200/_bulk [status:200 request:0.009s]
[2025-02-28T21:10:20.756+0000] {base.py:271} INFO - POST http://elasticsearch:9200/_bulk [status:200 request:0.009s]
[2025-02-28T21:10:20.774+0000] {base.py:271} INFO - POST http://elasticsearch:9200/_bulk [status:200 request:0.011s]
[2025-02-28T21:10:20.794+0000] {base.py:271} INFO - POST http://elasticsearch:9200/_bulk [status:200 request:0.013s]
[2025-02-28T21:10:20.811+0000] {base.py:271} INFO - POST http://elasticsearch:9200/_bulk [status:200 request:0.009s]
[2025-02-28T21:10:20.827+0000] {base.py:271} INFO - POST http://elasticsearch:9200/_bulk [status:200 request:0.009s]
[2025-02-28T21:10:20.843+0000] {base.py:271} INFO - POST http://elasticsearch:9200/_bulk [status:200 request:0.009s]
[2025-02-28T21:10:20.860+0000] {base.py:271} INFO - POST http://elasticsearch:9200/_bulk [status:200 request:0.009s]
[2025-02-28T21:10:20.880+0000] {base.py:271} INFO - POST http://elasticsearch:9200/_bulk [status:200 request:0.013s]
[2025-02-28T21:10:20.896+0000] {base.py:271} INFO - POST http://elasticsearch:9200/_bulk [status:200 request:0.008s]
[2025-02-28T21:10:20.912+0000] {base.py:271} INFO - POST http://elasticsearch:9200/_bulk [status:200 request:0.009s]
[2025-02-28T21:10:20.931+0000] {base.py:271} INFO - POST http://elasticsearch:9200/_bulk [status:200 request:0.012s]
[2025-02-28T21:10:20.958+0000] {base.py:271} INFO - POST http://elasticsearch:9200/_bulk [status:200 request:0.010s]
[2025-02-28T21:10:20.975+0000] {base.py:271} INFO - POST http://elasticsearch:9200/_bulk [status:200 request:0.009s]
[2025-02-28T21:10:20.992+0000] {base.py:271} INFO - POST http://elasticsearch:9200/_bulk [status:200 request:0.009s]
[2025-02-28T21:10:21.007+0000] {base.py:271} INFO - POST http://elasticsearch:9200/_bulk [status:200 request:0.008s]
[2025-02-28T21:10:21.024+0000] {base.py:271} INFO - POST http://elasticsearch:9200/_bulk [status:200 request:0.009s]
[2025-02-28T21:10:21.040+0000] {base.py:271} INFO - POST http://elasticsearch:9200/_bulk [status:200 request:0.009s]
[2025-02-28T21:10:21.058+0000] {base.py:271} INFO - POST http://elasticsearch:9200/_bulk [status:200 request:0.010s]
[2025-02-28T21:10:21.078+0000] {base.py:271} INFO - POST http://elasticsearch:9200/_bulk [status:200 request:0.012s]
[2025-02-28T21:10:21.144+0000] {base.py:271} INFO - POST http://elasticsearch:9200/_bulk [status:200 request:0.053s]
[2025-02-28T21:10:21.175+0000] {base.py:271} INFO - POST http://elasticsearch:9200/_bulk [status:200 request:0.014s]
[2025-02-28T21:10:21.194+0000] {base.py:271} INFO - POST http://elasticsearch:9200/_bulk [status:200 request:0.011s]
[2025-02-28T21:10:21.214+0000] {base.py:271} INFO - POST http://elasticsearch:9200/_bulk [status:200 request:0.011s]
[2025-02-28T21:10:21.242+0000] {base.py:271} INFO - POST http://elasticsearch:9200/_bulk [status:200 request:0.014s]
[2025-02-28T21:10:21.265+0000] {base.py:271} INFO - POST http://elasticsearch:9200/_bulk [status:200 request:0.011s]
[2025-02-28T21:10:21.282+0000] {base.py:271} INFO - POST http://elasticsearch:9200/_bulk [status:200 request:0.009s]
[2025-02-28T21:10:21.298+0000] {base.py:271} INFO - POST http://elasticsearch:9200/_bulk [status:200 request:0.009s]
[2025-02-28T21:10:21.319+0000] {base.py:271} INFO - POST http://elasticsearch:9200/_bulk [status:200 request:0.013s]
[2025-02-28T21:10:21.336+0000] {base.py:271} INFO - POST http://elasticsearch:9200/_bulk [status:200 request:0.009s]
[2025-02-28T21:10:21.351+0000] {base.py:271} INFO - POST http://elasticsearch:9200/_bulk [status:200 request:0.008s]
[2025-02-28T21:10:21.368+0000] {base.py:271} INFO - POST http://elasticsearch:9200/_bulk [status:200 request:0.009s]
[2025-02-28T21:10:21.389+0000] {base.py:271} INFO - POST http://elasticsearch:9200/_bulk [status:200 request:0.011s]
[2025-02-28T21:10:21.410+0000] {base.py:271} INFO - POST http://elasticsearch:9200/_bulk [status:200 request:0.011s]
[2025-02-28T21:10:21.429+0000] {base.py:271} INFO - POST http://elasticsearch:9200/_bulk [status:200 request:0.011s]
[2025-02-28T21:10:21.445+0000] {base.py:271} INFO - POST http://elasticsearch:9200/_bulk [status:200 request:0.008s]
[2025-02-28T21:10:21.464+0000] {base.py:271} INFO - POST http://elasticsearch:9200/_bulk [status:200 request:0.010s]
[2025-02-28T21:10:21.483+0000] {base.py:271} INFO - POST http://elasticsearch:9200/_bulk [status:200 request:0.012s]
[2025-02-28T21:10:21.519+0000] {base.py:271} INFO - POST http://elasticsearch:9200/_bulk [status:200 request:0.012s]
[2025-02-28T21:10:21.536+0000] {base.py:271} INFO - POST http://elasticsearch:9200/_bulk [status:200 request:0.010s]
[2025-02-28T21:10:21.557+0000] {base.py:271} INFO - POST http://elasticsearch:9200/_bulk [status:200 request:0.014s]
[2025-02-28T21:10:21.575+0000] {base.py:271} INFO - POST http://elasticsearch:9200/_bulk [status:200 request:0.010s]
[2025-02-28T21:10:21.594+0000] {base.py:271} INFO - POST http://elasticsearch:9200/_bulk [status:200 request:0.011s]
[2025-02-28T21:10:21.618+0000] {base.py:271} INFO - POST http://elasticsearch:9200/_bulk [status:200 request:0.014s]
[2025-02-28T21:10:21.636+0000] {base.py:271} INFO - POST http://elasticsearch:9200/_bulk [status:200 request:0.010s]
[2025-02-28T21:10:21.655+0000] {base.py:271} INFO - POST http://elasticsearch:9200/_bulk [status:200 request:0.010s]
[2025-02-28T21:10:21.672+0000] {base.py:271} INFO - POST http://elasticsearch:9200/_bulk [status:200 request:0.010s]
[2025-02-28T21:10:21.688+0000] {base.py:271} INFO - POST http://elasticsearch:9200/_bulk [status:200 request:0.009s]
[2025-02-28T21:10:21.706+0000] {base.py:271} INFO - POST http://elasticsearch:9200/_bulk [status:200 request:0.011s]
[2025-02-28T21:10:21.724+0000] {base.py:271} INFO - POST http://elasticsearch:9200/_bulk [status:200 request:0.010s]
[2025-02-28T21:10:21.742+0000] {base.py:271} INFO - POST http://elasticsearch:9200/_bulk [status:200 request:0.009s]
[2025-02-28T21:10:21.758+0000] {base.py:271} INFO - POST http://elasticsearch:9200/_bulk [status:200 request:0.009s]
[2025-02-28T21:10:21.775+0000] {base.py:271} INFO - POST http://elasticsearch:9200/_bulk [status:200 request:0.010s]
[2025-02-28T21:10:21.792+0000] {base.py:271} INFO - POST http://elasticsearch:9200/_bulk [status:200 request:0.009s]
[2025-02-28T21:10:21.808+0000] {base.py:271} INFO - POST http://elasticsearch:9200/_bulk [status:200 request:0.009s]
[2025-02-28T21:10:21.824+0000] {base.py:271} INFO - POST http://elasticsearch:9200/_bulk [status:200 request:0.009s]
[2025-02-28T21:10:21.840+0000] {base.py:271} INFO - POST http://elasticsearch:9200/_bulk [status:200 request:0.008s]
[2025-02-28T21:10:21.856+0000] {base.py:271} INFO - POST http://elasticsearch:9200/_bulk [status:200 request:0.009s]
[2025-02-28T21:10:21.872+0000] {base.py:271} INFO - POST http://elasticsearch:9200/_bulk [status:200 request:0.009s]
[2025-02-28T21:10:21.888+0000] {base.py:271} INFO - POST http://elasticsearch:9200/_bulk [status:200 request:0.008s]
[2025-02-28T21:10:21.904+0000] {base.py:271} INFO - POST http://elasticsearch:9200/_bulk [status:200 request:0.009s]
[2025-02-28T21:10:21.920+0000] {base.py:271} INFO - POST http://elasticsearch:9200/_bulk [status:200 request:0.008s]
[2025-02-28T21:10:21.936+0000] {base.py:271} INFO - POST http://elasticsearch:9200/_bulk [status:200 request:0.008s]
[2025-02-28T21:10:21.953+0000] {base.py:271} INFO - POST http://elasticsearch:9200/_bulk [status:200 request:0.010s]
[2025-02-28T21:10:21.971+0000] {base.py:271} INFO - POST http://elasticsearch:9200/_bulk [status:200 request:0.010s]
[2025-02-28T21:10:21.988+0000] {base.py:271} INFO - POST http://elasticsearch:9200/_bulk [status:200 request:0.010s]
[2025-02-28T21:10:22.005+0000] {base.py:271} INFO - POST http://elasticsearch:9200/_bulk [status:200 request:0.010s]
[2025-02-28T21:10:22.023+0000] {base.py:271} INFO - POST http://elasticsearch:9200/_bulk [status:200 request:0.010s]
[2025-02-28T21:10:22.046+0000] {base.py:271} INFO - POST http://elasticsearch:9200/_bulk [status:200 request:0.014s]
[2025-02-28T21:10:22.078+0000] {base.py:271} INFO - POST http://elasticsearch:9200/_bulk [status:200 request:0.017s]
[2025-02-28T21:10:22.110+0000] {base.py:271} INFO - POST http://elasticsearch:9200/_bulk [status:200 request:0.019s]
[2025-02-28T21:10:22.133+0000] {base.py:271} INFO - POST http://elasticsearch:9200/_bulk [status:200 request:0.012s]
[2025-02-28T21:10:22.160+0000] {base.py:271} INFO - POST http://elasticsearch:9200/_bulk [status:200 request:0.018s]
[2025-02-28T21:10:22.179+0000] {base.py:271} INFO - POST http://elasticsearch:9200/_bulk [status:200 request:0.011s]
[2025-02-28T21:10:22.199+0000] {base.py:271} INFO - POST http://elasticsearch:9200/_bulk [status:200 request:0.011s]
[2025-02-28T21:10:22.243+0000] {base.py:271} INFO - POST http://elasticsearch:9200/_bulk [status:200 request:0.032s]
[2025-02-28T21:10:22.274+0000] {base.py:271} INFO - POST http://elasticsearch:9200/_bulk [status:200 request:0.021s]
[2025-02-28T21:10:22.311+0000] {base.py:271} INFO - POST http://elasticsearch:9200/_bulk [status:200 request:0.025s]
[2025-02-28T21:10:22.331+0000] {base.py:271} INFO - POST http://elasticsearch:9200/_bulk [status:200 request:0.010s]
[2025-02-28T21:10:22.358+0000] {base.py:271} INFO - POST http://elasticsearch:9200/_bulk [status:200 request:0.016s]
[2025-02-28T21:10:22.377+0000] {base.py:271} INFO - POST http://elasticsearch:9200/_bulk [status:200 request:0.011s]
[2025-02-28T21:10:22.395+0000] {base.py:271} INFO - POST http://elasticsearch:9200/_bulk [status:200 request:0.010s]
[2025-02-28T21:10:22.414+0000] {base.py:271} INFO - POST http://elasticsearch:9200/_bulk [status:200 request:0.011s]
[2025-02-28T21:10:22.439+0000] {base.py:271} INFO - POST http://elasticsearch:9200/_bulk [status:200 request:0.010s]
[2025-02-28T21:10:22.457+0000] {base.py:271} INFO - POST http://elasticsearch:9200/_bulk [status:200 request:0.010s]
[2025-02-28T21:10:22.475+0000] {base.py:271} INFO - POST http://elasticsearch:9200/_bulk [status:200 request:0.010s]
[2025-02-28T21:10:22.494+0000] {base.py:271} INFO - POST http://elasticsearch:9200/_bulk [status:200 request:0.011s]
[2025-02-28T21:10:22.513+0000] {base.py:271} INFO - POST http://elasticsearch:9200/_bulk [status:200 request:0.010s]
[2025-02-28T21:10:22.542+0000] {base.py:271} INFO - POST http://elasticsearch:9200/_bulk [status:200 request:0.011s]
[2025-02-28T21:10:22.562+0000] {base.py:271} INFO - POST http://elasticsearch:9200/_bulk [status:200 request:0.011s]
[2025-02-28T21:10:22.580+0000] {base.py:271} INFO - POST http://elasticsearch:9200/_bulk [status:200 request:0.010s]
[2025-02-28T21:10:22.616+0000] {base.py:271} INFO - POST http://elasticsearch:9200/_bulk [status:200 request:0.014s]
[2025-02-28T21:10:22.659+0000] {base.py:271} INFO - POST http://elasticsearch:9200/_bulk [status:200 request:0.016s]
[2025-02-28T21:10:22.693+0000] {base.py:271} INFO - POST http://elasticsearch:9200/_bulk [status:200 request:0.024s]
[2025-02-28T21:10:22.721+0000] {base.py:271} INFO - POST http://elasticsearch:9200/_bulk [status:200 request:0.013s]
[2025-02-28T21:10:22.757+0000] {base.py:271} INFO - POST http://elasticsearch:9200/_bulk [status:200 request:0.016s]
[2025-02-28T21:10:22.780+0000] {base.py:271} INFO - POST http://elasticsearch:9200/_bulk [status:200 request:0.013s]
[2025-02-28T21:10:22.809+0000] {base.py:271} INFO - POST http://elasticsearch:9200/_bulk [status:200 request:0.014s]
[2025-02-28T21:10:22.831+0000] {base.py:271} INFO - POST http://elasticsearch:9200/_bulk [status:200 request:0.014s]
[2025-02-28T21:10:22.853+0000] {base.py:271} INFO - POST http://elasticsearch:9200/_bulk [status:200 request:0.013s]
[2025-02-28T21:10:22.893+0000] {base.py:271} INFO - POST http://elasticsearch:9200/_bulk [status:200 request:0.030s]
[2025-02-28T21:10:22.968+0000] {base.py:271} INFO - POST http://elasticsearch:9200/_bulk [status:200 request:0.065s]
[2025-02-28T21:10:23.046+0000] {base.py:271} INFO - POST http://elasticsearch:9200/_bulk [status:200 request:0.015s]
[2025-02-28T21:10:23.077+0000] {base.py:271} INFO - POST http://elasticsearch:9200/_bulk [status:200 request:0.018s]
[2025-02-28T21:10:23.104+0000] {base.py:271} INFO - POST http://elasticsearch:9200/_bulk [status:200 request:0.016s]
[2025-02-28T21:10:23.140+0000] {base.py:271} INFO - POST http://elasticsearch:9200/_bulk [status:200 request:0.028s]
[2025-02-28T21:10:23.163+0000] {base.py:271} INFO - POST http://elasticsearch:9200/_bulk [status:200 request:0.014s]
[2025-02-28T21:10:23.193+0000] {base.py:271} INFO - POST http://elasticsearch:9200/_bulk [status:200 request:0.021s]
[2025-02-28T21:10:23.214+0000] {base.py:271} INFO - POST http://elasticsearch:9200/_bulk [status:200 request:0.012s]
[2025-02-28T21:10:23.252+0000] {base.py:271} INFO - POST http://elasticsearch:9200/_bulk [status:200 request:0.029s]
[2025-02-28T21:10:23.332+0000] {base.py:271} INFO - POST http://elasticsearch:9200/_bulk [status:200 request:0.072s]
[2025-02-28T21:10:23.357+0000] {base.py:271} INFO - POST http://elasticsearch:9200/_bulk [status:200 request:0.015s]
[2025-02-28T21:10:23.407+0000] {base.py:271} INFO - POST http://elasticsearch:9200/_bulk [status:200 request:0.041s]
[2025-02-28T21:10:23.429+0000] {base.py:271} INFO - POST http://elasticsearch:9200/_bulk [status:200 request:0.013s]
[2025-02-28T21:10:23.465+0000] {base.py:271} INFO - POST http://elasticsearch:9200/_bulk [status:200 request:0.017s]
[2025-02-28T21:10:23.530+0000] {base.py:271} INFO - POST http://elasticsearch:9200/_bulk [status:200 request:0.031s]
[2025-02-28T21:10:23.560+0000] {base.py:271} INFO - POST http://elasticsearch:9200/_bulk [status:200 request:0.014s]
[2025-02-28T21:10:23.585+0000] {base.py:271} INFO - POST http://elasticsearch:9200/_bulk [status:200 request:0.016s]
[2025-02-28T21:10:23.617+0000] {base.py:271} INFO - POST http://elasticsearch:9200/_bulk [status:200 request:0.015s]
[2025-02-28T21:10:23.644+0000] {base.py:271} INFO - POST http://elasticsearch:9200/_bulk [status:200 request:0.018s]
[2025-02-28T21:10:23.678+0000] {base.py:271} INFO - POST http://elasticsearch:9200/_bulk [status:200 request:0.022s]
[2025-02-28T21:10:23.700+0000] {base.py:271} INFO - POST http://elasticsearch:9200/_bulk [status:200 request:0.014s]
[2025-02-28T21:10:23.725+0000] {base.py:271} INFO - POST http://elasticsearch:9200/_bulk [status:200 request:0.012s]
[2025-02-28T21:10:23.745+0000] {base.py:271} INFO - POST http://elasticsearch:9200/_bulk [status:200 request:0.012s]
[2025-02-28T21:10:23.767+0000] {base.py:271} INFO - POST http://elasticsearch:9200/_bulk [status:200 request:0.013s]
[2025-02-28T21:10:23.797+0000] {base.py:271} INFO - POST http://elasticsearch:9200/_bulk [status:200 request:0.022s]
[2025-02-28T21:10:23.826+0000] {base.py:271} INFO - POST http://elasticsearch:9200/_bulk [status:200 request:0.017s]
[2025-02-28T21:10:23.829+0000] {logging_mixin.py:149} INFO - Les données ont été ajoutées dans l'index 'velib_data_analytics'.
[2025-02-28T21:10:24.085+0000] {python.py:183} INFO - Done. Returned value was: None
[2025-02-28T21:10:24.156+0000] {taskinstance.py:1373} INFO - Marking task as SUCCESS. dag_id=api_to_db_dag, task_id=index_parquet_to_elasticsearch, execution_date=20250228T210800, start_date=20250228T211016, end_date=20250228T211024
[2025-02-28T21:10:24.282+0000] {local_task_job_runner.py:232} INFO - Task exited with return code 0
[2025-02-28T21:10:24.341+0000] {taskinstance.py:2674} INFO - 0 downstream tasks scheduled from follow-on schedule check
