[2025-02-27T15:53:42.861+0000] {taskinstance.py:1125} INFO - Dependencies all met for dep_context=non-requeueable deps ti=<TaskInstance: api_to_db_dag.spark_join_task manual__2025-02-27T15:53:38.464010+00:00 [queued]>
[2025-02-27T15:53:42.866+0000] {taskinstance.py:1125} INFO - Dependencies all met for dep_context=requeueable deps ti=<TaskInstance: api_to_db_dag.spark_join_task manual__2025-02-27T15:53:38.464010+00:00 [queued]>
[2025-02-27T15:53:42.866+0000] {taskinstance.py:1331} INFO - Starting attempt 1 of 1
[2025-02-27T15:53:42.874+0000] {taskinstance.py:1350} INFO - Executing <Task(SparkSubmitOperator): spark_join_task> on 2025-02-27 15:53:38.464010+00:00
[2025-02-27T15:53:42.876+0000] {standard_task_runner.py:57} INFO - Started process 374 to run task
[2025-02-27T15:53:42.878+0000] {standard_task_runner.py:84} INFO - Running: ['***', 'tasks', 'run', 'api_to_db_dag', 'spark_join_task', 'manual__2025-02-27T15:53:38.464010+00:00', '--job-id', '17', '--raw', '--subdir', 'DAGS_FOLDER/dag.py', '--cfg-path', '/tmp/tmp9u10k89g']
[2025-02-27T15:53:42.880+0000] {standard_task_runner.py:85} INFO - Job 17: Subtask spark_join_task
[2025-02-27T15:53:42.904+0000] {task_command.py:410} INFO - Running <TaskInstance: api_to_db_dag.spark_join_task manual__2025-02-27T15:53:38.464010+00:00 [running]> on host f5aed095ee09
[2025-02-27T15:53:42.952+0000] {taskinstance.py:1570} INFO - Exporting env vars: AIRFLOW_CTX_DAG_OWNER='***' AIRFLOW_CTX_DAG_ID='api_to_db_dag' AIRFLOW_CTX_TASK_ID='spark_join_task' AIRFLOW_CTX_EXECUTION_DATE='2025-02-27T15:53:38.464010+00:00' AIRFLOW_CTX_TRY_NUMBER='1' AIRFLOW_CTX_DAG_RUN_ID='manual__2025-02-27T15:53:38.464010+00:00'
[2025-02-27T15:53:42.957+0000] {base.py:73} INFO - Using connection ID 'spark_default' for task execution.
[2025-02-27T15:53:42.958+0000] {spark_submit.py:339} INFO - Spark-Submit cmd: spark-submit --master spark-master:7077 --conf spark.master=spark://spark-master:7077 --conf spark.driver.extraClassPath=/opt/bitnami/spark/jars/postgresql-42.7.5.jar --conf spark.executor.extraClassPath=/opt/bitnami/spark/jars/postgresql-42.7.5.jar --conf spark.jars=/opt/bitnami/spark/jars/postgresql-42.7.5.jar --name spark_join --verbose /opt/***/dags/spark_join.py
[2025-02-27T15:53:43.926+0000] {spark_submit.py:490} INFO - Using properties file: null
[2025-02-27T15:53:43.982+0000] {spark_submit.py:490} INFO - Parsed arguments:
[2025-02-27T15:53:43.982+0000] {spark_submit.py:490} INFO - master                  spark-master:7077
[2025-02-27T15:53:43.982+0000] {spark_submit.py:490} INFO - remote                  null
[2025-02-27T15:53:43.983+0000] {spark_submit.py:490} INFO - deployMode              null
[2025-02-27T15:53:43.983+0000] {spark_submit.py:490} INFO - executorMemory          null
[2025-02-27T15:53:43.983+0000] {spark_submit.py:490} INFO - executorCores           null
[2025-02-27T15:53:43.983+0000] {spark_submit.py:490} INFO - totalExecutorCores      null
[2025-02-27T15:53:43.983+0000] {spark_submit.py:490} INFO - propertiesFile          null
[2025-02-27T15:53:43.983+0000] {spark_submit.py:490} INFO - driverMemory            null
[2025-02-27T15:53:43.984+0000] {spark_submit.py:490} INFO - driverCores             null
[2025-02-27T15:53:43.984+0000] {spark_submit.py:490} INFO - driverExtraClassPath    /opt/bitnami/spark/jars/postgresql-42.7.5.jar
[2025-02-27T15:53:43.984+0000] {spark_submit.py:490} INFO - driverExtraLibraryPath  null
[2025-02-27T15:53:43.984+0000] {spark_submit.py:490} INFO - driverExtraJavaOptions  null
[2025-02-27T15:53:43.984+0000] {spark_submit.py:490} INFO - supervise               false
[2025-02-27T15:53:43.984+0000] {spark_submit.py:490} INFO - queue                   null
[2025-02-27T15:53:43.984+0000] {spark_submit.py:490} INFO - numExecutors            null
[2025-02-27T15:53:43.985+0000] {spark_submit.py:490} INFO - files                   null
[2025-02-27T15:53:43.985+0000] {spark_submit.py:490} INFO - pyFiles                 null
[2025-02-27T15:53:43.985+0000] {spark_submit.py:490} INFO - archives                null
[2025-02-27T15:53:43.985+0000] {spark_submit.py:490} INFO - mainClass               null
[2025-02-27T15:53:43.985+0000] {spark_submit.py:490} INFO - primaryResource         file:/opt/***/dags/spark_join.py
[2025-02-27T15:53:43.985+0000] {spark_submit.py:490} INFO - name                    spark_join
[2025-02-27T15:53:43.985+0000] {spark_submit.py:490} INFO - childArgs               []
[2025-02-27T15:53:43.985+0000] {spark_submit.py:490} INFO - jars                    /opt/bitnami/spark/jars/postgresql-42.7.5.jar
[2025-02-27T15:53:43.986+0000] {spark_submit.py:490} INFO - packages                null
[2025-02-27T15:53:43.986+0000] {spark_submit.py:490} INFO - packagesExclusions      null
[2025-02-27T15:53:43.986+0000] {spark_submit.py:490} INFO - repositories            null
[2025-02-27T15:53:43.986+0000] {spark_submit.py:490} INFO - verbose                 true
[2025-02-27T15:53:43.986+0000] {spark_submit.py:490} INFO - 
[2025-02-27T15:53:43.986+0000] {spark_submit.py:490} INFO - Spark properties used, including those specified through
[2025-02-27T15:53:43.986+0000] {spark_submit.py:490} INFO - --conf and those from the properties file null:
[2025-02-27T15:53:43.987+0000] {spark_submit.py:490} INFO - (spark.driver.extraClassPath,/opt/bitnami/spark/jars/postgresql-42.7.5.jar)
[2025-02-27T15:53:43.987+0000] {spark_submit.py:490} INFO - (spark.executor.extraClassPath,/opt/bitnami/spark/jars/postgresql-42.7.5.jar)
[2025-02-27T15:53:43.987+0000] {spark_submit.py:490} INFO - (spark.jars,/opt/bitnami/spark/jars/postgresql-42.7.5.jar)
[2025-02-27T15:53:43.987+0000] {spark_submit.py:490} INFO - (spark.master,spark://spark-master:7077)
[2025-02-27T15:53:43.987+0000] {spark_submit.py:490} INFO - 
[2025-02-27T15:53:43.987+0000] {spark_submit.py:490} INFO - 
[2025-02-27T15:53:44.161+0000] {spark_submit.py:490} INFO - 25/02/27 15:53:44 WARN NativeCodeLoader: Unable to load native-hadoop library for your platform... using builtin-java classes where applicable
[2025-02-27T15:53:44.255+0000] {spark_submit.py:490} INFO - Main class:
[2025-02-27T15:53:44.255+0000] {spark_submit.py:490} INFO - org.apache.spark.deploy.PythonRunner
[2025-02-27T15:53:44.255+0000] {spark_submit.py:490} INFO - Arguments:
[2025-02-27T15:53:44.255+0000] {spark_submit.py:490} INFO - file:/opt/***/dags/spark_join.py
[2025-02-27T15:53:44.255+0000] {spark_submit.py:490} INFO - null
[2025-02-27T15:53:44.256+0000] {spark_submit.py:490} INFO - Spark config:
[2025-02-27T15:53:44.256+0000] {spark_submit.py:490} INFO - (spark.app.name,spark_join)
[2025-02-27T15:53:44.256+0000] {spark_submit.py:490} INFO - (spark.app.submitTime,1740671624246)
[2025-02-27T15:53:44.257+0000] {spark_submit.py:490} INFO - (spark.driver.extraClassPath,/opt/bitnami/spark/jars/postgresql-42.7.5.jar)
[2025-02-27T15:53:44.257+0000] {spark_submit.py:490} INFO - (spark.executor.extraClassPath,/opt/bitnami/spark/jars/postgresql-42.7.5.jar)
[2025-02-27T15:53:44.257+0000] {spark_submit.py:490} INFO - (spark.jars,file:///opt/bitnami/spark/jars/postgresql-42.7.5.jar)
[2025-02-27T15:53:44.257+0000] {spark_submit.py:490} INFO - (spark.master,spark-master:7077)
[2025-02-27T15:53:44.257+0000] {spark_submit.py:490} INFO - (spark.repl.local.jars,file:///opt/bitnami/spark/jars/postgresql-42.7.5.jar)
[2025-02-27T15:53:44.257+0000] {spark_submit.py:490} INFO - (spark.submit.deployMode,client)
[2025-02-27T15:53:44.257+0000] {spark_submit.py:490} INFO - (spark.submit.pyFiles,)
[2025-02-27T15:53:44.257+0000] {spark_submit.py:490} INFO - Classpath elements:
[2025-02-27T15:53:44.257+0000] {spark_submit.py:490} INFO - file:///opt/bitnami/spark/jars/postgresql-42.7.5.jar
[2025-02-27T15:53:44.257+0000] {spark_submit.py:490} INFO - 
[2025-02-27T15:53:44.258+0000] {spark_submit.py:490} INFO - 
[2025-02-27T15:53:44.800+0000] {spark_submit.py:490} INFO - 25/02/27 15:53:44 INFO SparkContext: Running Spark version 3.4.4
[2025-02-27T15:53:44.822+0000] {spark_submit.py:490} INFO - 25/02/27 15:53:44 INFO ResourceUtils: ==============================================================
[2025-02-27T15:53:44.823+0000] {spark_submit.py:490} INFO - 25/02/27 15:53:44 INFO ResourceUtils: No custom resources configured for spark.driver.
[2025-02-27T15:53:44.823+0000] {spark_submit.py:490} INFO - 25/02/27 15:53:44 INFO ResourceUtils: ==============================================================
[2025-02-27T15:53:44.823+0000] {spark_submit.py:490} INFO - 25/02/27 15:53:44 INFO SparkContext: Submitted application: JoinVelibTables
[2025-02-27T15:53:44.836+0000] {spark_submit.py:490} INFO - 25/02/27 15:53:44 INFO ResourceProfile: Default ResourceProfile created, executor resources: Map(memory -> name: memory, amount: 1024, script: , vendor: , offHeap -> name: offHeap, amount: 0, script: , vendor: ), task resources: Map(cpus -> name: cpus, amount: 1.0)
[2025-02-27T15:53:44.860+0000] {spark_submit.py:490} INFO - 25/02/27 15:53:44 INFO ResourceProfile: Limiting resource is cpu
[2025-02-27T15:53:44.861+0000] {spark_submit.py:490} INFO - 25/02/27 15:53:44 INFO ResourceProfileManager: Added ResourceProfile id: 0
[2025-02-27T15:53:44.890+0000] {spark_submit.py:490} INFO - 25/02/27 15:53:44 INFO SecurityManager: Changing view acls to: ***
[2025-02-27T15:53:44.891+0000] {spark_submit.py:490} INFO - 25/02/27 15:53:44 INFO SecurityManager: Changing modify acls to: ***
[2025-02-27T15:53:44.891+0000] {spark_submit.py:490} INFO - 25/02/27 15:53:44 INFO SecurityManager: Changing view acls groups to:
[2025-02-27T15:53:44.891+0000] {spark_submit.py:490} INFO - 25/02/27 15:53:44 INFO SecurityManager: Changing modify acls groups to:
[2025-02-27T15:53:44.891+0000] {spark_submit.py:490} INFO - 25/02/27 15:53:44 INFO SecurityManager: SecurityManager: authentication disabled; ui acls disabled; users with view permissions: ***; groups with view permissions: EMPTY; users with modify permissions: ***; groups with modify permissions: EMPTY
[2025-02-27T15:53:45.009+0000] {spark_submit.py:490} INFO - 25/02/27 15:53:45 INFO Utils: Successfully started service 'sparkDriver' on port 45501.
[2025-02-27T15:53:45.026+0000] {spark_submit.py:490} INFO - 25/02/27 15:53:45 INFO SparkEnv: Registering MapOutputTracker
[2025-02-27T15:53:45.046+0000] {spark_submit.py:490} INFO - 25/02/27 15:53:45 INFO SparkEnv: Registering BlockManagerMaster
[2025-02-27T15:53:45.057+0000] {spark_submit.py:490} INFO - 25/02/27 15:53:45 INFO BlockManagerMasterEndpoint: Using org.apache.spark.storage.DefaultTopologyMapper for getting topology information
[2025-02-27T15:53:45.057+0000] {spark_submit.py:490} INFO - 25/02/27 15:53:45 INFO BlockManagerMasterEndpoint: BlockManagerMasterEndpoint up
[2025-02-27T15:53:45.059+0000] {spark_submit.py:490} INFO - 25/02/27 15:53:45 INFO SparkEnv: Registering BlockManagerMasterHeartbeat
[2025-02-27T15:53:45.071+0000] {spark_submit.py:490} INFO - 25/02/27 15:53:45 INFO DiskBlockManager: Created local directory at /tmp/blockmgr-d0a2f330-050a-493a-bba4-1ee3fcb4c988
[2025-02-27T15:53:45.081+0000] {spark_submit.py:490} INFO - 25/02/27 15:53:45 INFO MemoryStore: MemoryStore started with capacity 434.4 MiB
[2025-02-27T15:53:45.090+0000] {spark_submit.py:490} INFO - 25/02/27 15:53:45 INFO SparkEnv: Registering OutputCommitCoordinator
[2025-02-27T15:53:45.165+0000] {spark_submit.py:490} INFO - 25/02/27 15:53:45 INFO JettyUtils: Start Jetty 0.0.0.0:4040 for SparkUI
[2025-02-27T15:53:45.200+0000] {spark_submit.py:490} INFO - 25/02/27 15:53:45 INFO Utils: Successfully started service 'SparkUI' on port 4040.
[2025-02-27T15:53:45.223+0000] {spark_submit.py:490} INFO - 25/02/27 15:53:45 INFO SparkContext: Added JAR file:///opt/bitnami/spark/jars/postgresql-42.7.5.jar at spark://f5aed095ee09:45501/jars/postgresql-42.7.5.jar with timestamp 1740671624789
[2025-02-27T15:53:45.268+0000] {spark_submit.py:490} INFO - 25/02/27 15:53:45 INFO StandaloneAppClient$ClientEndpoint: Connecting to master spark://spark-master:7077...
[2025-02-27T15:53:45.297+0000] {spark_submit.py:490} INFO - 25/02/27 15:53:45 INFO TransportClientFactory: Successfully created connection to spark-master/172.18.0.2:7077 after 17 ms (0 ms spent in bootstraps)
[2025-02-27T15:53:45.385+0000] {spark_submit.py:490} INFO - 25/02/27 15:53:45 INFO StandaloneSchedulerBackend: Connected to Spark cluster with app ID app-20250227155345-0001
[2025-02-27T15:53:45.387+0000] {spark_submit.py:490} INFO - 25/02/27 15:53:45 INFO StandaloneAppClient$ClientEndpoint: Executor added: app-20250227155345-0001/0 on worker-20250227155204-172.18.0.5-46129 (172.18.0.5:46129) with 8 core(s)
[2025-02-27T15:53:45.388+0000] {spark_submit.py:490} INFO - 25/02/27 15:53:45 INFO StandaloneSchedulerBackend: Granted executor ID app-20250227155345-0001/0 on hostPort 172.18.0.5:46129 with 8 core(s), 1024.0 MiB RAM
[2025-02-27T15:53:45.390+0000] {spark_submit.py:490} INFO - 25/02/27 15:53:45 INFO Utils: Successfully started service 'org.apache.spark.network.netty.NettyBlockTransferService' on port 45309.
[2025-02-27T15:53:45.390+0000] {spark_submit.py:490} INFO - 25/02/27 15:53:45 INFO NettyBlockTransferService: Server created on f5aed095ee09:45309
[2025-02-27T15:53:45.392+0000] {spark_submit.py:490} INFO - 25/02/27 15:53:45 INFO BlockManager: Using org.apache.spark.storage.RandomBlockReplicationPolicy for block replication policy
[2025-02-27T15:53:45.397+0000] {spark_submit.py:490} INFO - 25/02/27 15:53:45 INFO BlockManagerMaster: Registering BlockManager BlockManagerId(driver, f5aed095ee09, 45309, None)
[2025-02-27T15:53:45.400+0000] {spark_submit.py:490} INFO - 25/02/27 15:53:45 INFO BlockManagerMasterEndpoint: Registering block manager f5aed095ee09:45309 with 434.4 MiB RAM, BlockManagerId(driver, f5aed095ee09, 45309, None)
[2025-02-27T15:53:45.401+0000] {spark_submit.py:490} INFO - 25/02/27 15:53:45 INFO BlockManagerMaster: Registered BlockManager BlockManagerId(driver, f5aed095ee09, 45309, None)
[2025-02-27T15:53:45.402+0000] {spark_submit.py:490} INFO - 25/02/27 15:53:45 INFO BlockManager: Initialized BlockManager: BlockManagerId(driver, f5aed095ee09, 45309, None)
[2025-02-27T15:53:45.522+0000] {spark_submit.py:490} INFO - 25/02/27 15:53:45 INFO StandaloneAppClient$ClientEndpoint: Executor updated: app-20250227155345-0001/0 is now RUNNING
[2025-02-27T15:53:45.652+0000] {spark_submit.py:490} INFO - 25/02/27 15:53:45 INFO StandaloneSchedulerBackend: SchedulerBackend is ready for scheduling beginning after reached minRegisteredResourcesRatio: 0.0
[2025-02-27T15:53:45.713+0000] {spark_submit.py:490} INFO - /home/***/.local/lib/python3.7/site-packages/pyspark/python/lib/pyspark.zip/pyspark/context.py:317: FutureWarning: Python 3.7 support is deprecated in Spark 3.4.
[2025-02-27T15:53:45.713+0000] {spark_submit.py:490} INFO - warnings.warn("Python 3.7 support is deprecated in Spark 3.4.", FutureWarning)
[2025-02-27T15:53:45.812+0000] {spark_submit.py:490} INFO - 25/02/27 15:53:45 INFO SharedState: Setting hive.metastore.warehouse.dir ('null') to the value of spark.sql.warehouse.dir.
[2025-02-27T15:53:45.815+0000] {spark_submit.py:490} INFO - 25/02/27 15:53:45 INFO SharedState: Warehouse path is 'file:/opt/***/spark-warehouse'.
[2025-02-27T15:53:47.373+0000] {spark_submit.py:490} INFO - 25/02/27 15:53:47 INFO StandaloneSchedulerBackend$StandaloneDriverEndpoint: Registered executor NettyRpcEndpointRef(spark-client://Executor) (172.18.0.5:58824) with ID 0,  ResourceProfileId 0
[2025-02-27T15:53:47.421+0000] {spark_submit.py:490} INFO - 25/02/27 15:53:47 INFO BlockManagerMasterEndpoint: Registering block manager 172.18.0.5:43855 with 434.4 MiB RAM, BlockManagerId(0, 172.18.0.5, 43855, None)
[2025-02-27T15:53:48.021+0000] {spark_submit.py:490} INFO - 25/02/27 15:53:48 INFO SparkContext: SparkContext is stopping with exitCode 0.
[2025-02-27T15:53:48.029+0000] {spark_submit.py:490} INFO - 25/02/27 15:53:48 INFO SparkUI: Stopped Spark web UI at http://f5aed095ee09:4040
[2025-02-27T15:53:48.032+0000] {spark_submit.py:490} INFO - 25/02/27 15:53:48 INFO StandaloneSchedulerBackend: Shutting down all executors
[2025-02-27T15:53:48.033+0000] {spark_submit.py:490} INFO - 25/02/27 15:53:48 INFO StandaloneSchedulerBackend$StandaloneDriverEndpoint: Asking each executor to shut down
[2025-02-27T15:53:48.052+0000] {spark_submit.py:490} INFO - 25/02/27 15:53:48 INFO MapOutputTrackerMasterEndpoint: MapOutputTrackerMasterEndpoint stopped!
[2025-02-27T15:53:48.067+0000] {spark_submit.py:490} INFO - 25/02/27 15:53:48 INFO MemoryStore: MemoryStore cleared
[2025-02-27T15:53:48.067+0000] {spark_submit.py:490} INFO - 25/02/27 15:53:48 INFO BlockManager: BlockManager stopped
[2025-02-27T15:53:48.071+0000] {spark_submit.py:490} INFO - 25/02/27 15:53:48 INFO BlockManagerMaster: BlockManagerMaster stopped
[2025-02-27T15:53:48.072+0000] {spark_submit.py:490} INFO - 25/02/27 15:53:48 INFO OutputCommitCoordinator$OutputCommitCoordinatorEndpoint: OutputCommitCoordinator stopped!
[2025-02-27T15:53:48.085+0000] {spark_submit.py:490} INFO - 25/02/27 15:53:48 INFO SparkContext: Successfully stopped SparkContext
[2025-02-27T15:53:48.240+0000] {spark_submit.py:490} INFO - 25/02/27 15:53:48 INFO ShutdownHookManager: Shutdown hook called
[2025-02-27T15:53:48.240+0000] {spark_submit.py:490} INFO - 25/02/27 15:53:48 INFO ShutdownHookManager: Deleting directory /tmp/spark-8c608f1d-b88f-452b-8be8-097e236f5b46
[2025-02-27T15:53:48.243+0000] {spark_submit.py:490} INFO - 25/02/27 15:53:48 INFO ShutdownHookManager: Deleting directory /tmp/spark-41289062-c244-486e-8d34-b8e3b6a1b628
[2025-02-27T15:53:48.246+0000] {spark_submit.py:490} INFO - 25/02/27 15:53:48 INFO ShutdownHookManager: Deleting directory /tmp/spark-8c608f1d-b88f-452b-8be8-097e236f5b46/pyspark-193b80e1-f0c1-4f45-947c-aa7ecee2d890
[2025-02-27T15:53:48.299+0000] {taskinstance.py:1373} INFO - Marking task as SUCCESS. dag_id=api_to_db_dag, task_id=spark_join_task, execution_date=20250227T155338, start_date=20250227T155342, end_date=20250227T155348
[2025-02-27T15:53:48.322+0000] {local_task_job_runner.py:232} INFO - Task exited with return code 0
[2025-02-27T15:53:48.337+0000] {taskinstance.py:2674} INFO - 0 downstream tasks scheduled from follow-on schedule check
