[2025-02-28T20:28:17.701+0000] {taskinstance.py:1125} INFO - Dependencies all met for dep_context=non-requeueable deps ti=<TaskInstance: api_to_db_dag.index_parquet_to_elasticsearch scheduled__2025-02-28T20:26:00+00:00 [queued]>
[2025-02-28T20:28:17.706+0000] {taskinstance.py:1125} INFO - Dependencies all met for dep_context=requeueable deps ti=<TaskInstance: api_to_db_dag.index_parquet_to_elasticsearch scheduled__2025-02-28T20:26:00+00:00 [queued]>
[2025-02-28T20:28:17.706+0000] {taskinstance.py:1331} INFO - Starting attempt 1 of 1
[2025-02-28T20:28:17.713+0000] {taskinstance.py:1350} INFO - Executing <Task(PythonOperator): index_parquet_to_elasticsearch> on 2025-02-28 20:26:00+00:00
[2025-02-28T20:28:17.717+0000] {standard_task_runner.py:57} INFO - Started process 73131 to run task
[2025-02-28T20:28:17.719+0000] {standard_task_runner.py:84} INFO - Running: ['***', 'tasks', 'run', 'api_to_db_dag', 'index_parquet_to_elasticsearch', 'scheduled__2025-02-28T20:26:00+00:00', '--job-id', '447', '--raw', '--subdir', 'DAGS_FOLDER/dag.py', '--cfg-path', '/tmp/tmphonujxdm']
[2025-02-28T20:28:17.722+0000] {standard_task_runner.py:85} INFO - Job 447: Subtask index_parquet_to_elasticsearch
[2025-02-28T20:28:17.760+0000] {task_command.py:410} INFO - Running <TaskInstance: api_to_db_dag.index_parquet_to_elasticsearch scheduled__2025-02-28T20:26:00+00:00 [running]> on host 2e469bce1432
[2025-02-28T20:28:17.833+0000] {taskinstance.py:1570} INFO - Exporting env vars: AIRFLOW_CTX_DAG_OWNER='***' AIRFLOW_CTX_DAG_ID='api_to_db_dag' AIRFLOW_CTX_TASK_ID='index_parquet_to_elasticsearch' AIRFLOW_CTX_EXECUTION_DATE='2025-02-28T20:26:00+00:00' AIRFLOW_CTX_TRY_NUMBER='1' AIRFLOW_CTX_DAG_RUN_ID='scheduled__2025-02-28T20:26:00+00:00'
[2025-02-28T20:28:17.928+0000] {logging_mixin.py:149} WARNING - /home/***/.local/lib/python3.7/site-packages/pandas/core/array_algos/replace.py:84 FutureWarning: elementwise comparison failed; returning scalar instead, but in the future will perform elementwise comparison
[2025-02-28T20:28:18.047+0000] {base.py:271} INFO - HEAD http://elasticsearch:9200/velib_data_analytics [status:200 request:0.007s]
[2025-02-28T20:28:18.817+0000] {base.py:271} INFO - POST http://elasticsearch:9200/_bulk [status:200 request:0.018s]
[2025-02-28T20:28:18.850+0000] {base.py:271} INFO - POST http://elasticsearch:9200/_bulk [status:200 request:0.024s]
[2025-02-28T20:28:18.886+0000] {base.py:271} INFO - POST http://elasticsearch:9200/_bulk [status:200 request:0.028s]
[2025-02-28T20:28:18.908+0000] {base.py:271} INFO - POST http://elasticsearch:9200/_bulk [status:200 request:0.014s]
[2025-02-28T20:28:18.930+0000] {base.py:271} INFO - POST http://elasticsearch:9200/_bulk [status:200 request:0.014s]
[2025-02-28T20:28:18.950+0000] {base.py:271} INFO - POST http://elasticsearch:9200/_bulk [status:200 request:0.013s]
[2025-02-28T20:28:18.970+0000] {base.py:271} INFO - POST http://elasticsearch:9200/_bulk [status:200 request:0.012s]
[2025-02-28T20:28:18.997+0000] {base.py:271} INFO - POST http://elasticsearch:9200/_bulk [status:200 request:0.018s]
[2025-02-28T20:28:19.022+0000] {base.py:271} INFO - POST http://elasticsearch:9200/_bulk [status:200 request:0.016s]
[2025-02-28T20:28:19.042+0000] {base.py:271} INFO - POST http://elasticsearch:9200/_bulk [status:200 request:0.013s]
[2025-02-28T20:28:19.067+0000] {base.py:271} INFO - POST http://elasticsearch:9200/_bulk [status:200 request:0.017s]
[2025-02-28T20:28:19.090+0000] {base.py:271} INFO - POST http://elasticsearch:9200/_bulk [status:200 request:0.014s]
[2025-02-28T20:28:19.110+0000] {base.py:271} INFO - POST http://elasticsearch:9200/_bulk [status:200 request:0.012s]
[2025-02-28T20:28:19.130+0000] {base.py:271} INFO - POST http://elasticsearch:9200/_bulk [status:200 request:0.012s]
[2025-02-28T20:28:19.166+0000] {base.py:271} INFO - POST http://elasticsearch:9200/_bulk [status:200 request:0.027s]
[2025-02-28T20:28:19.188+0000] {base.py:271} INFO - POST http://elasticsearch:9200/_bulk [status:200 request:0.013s]
[2025-02-28T20:28:19.209+0000] {base.py:271} INFO - POST http://elasticsearch:9200/_bulk [status:200 request:0.013s]
[2025-02-28T20:28:19.245+0000] {base.py:271} INFO - POST http://elasticsearch:9200/_bulk [status:200 request:0.026s]
[2025-02-28T20:28:19.268+0000] {base.py:271} INFO - POST http://elasticsearch:9200/_bulk [status:200 request:0.013s]
[2025-02-28T20:28:19.289+0000] {base.py:271} INFO - POST http://elasticsearch:9200/_bulk [status:200 request:0.013s]
[2025-02-28T20:28:19.310+0000] {base.py:271} INFO - POST http://elasticsearch:9200/_bulk [status:200 request:0.013s]
[2025-02-28T20:28:19.328+0000] {base.py:271} INFO - POST http://elasticsearch:9200/_bulk [status:200 request:0.011s]
[2025-02-28T20:28:19.351+0000] {base.py:271} INFO - POST http://elasticsearch:9200/_bulk [status:200 request:0.014s]
[2025-02-28T20:28:19.374+0000] {base.py:271} INFO - POST http://elasticsearch:9200/_bulk [status:200 request:0.015s]
[2025-02-28T20:28:19.394+0000] {base.py:271} INFO - POST http://elasticsearch:9200/_bulk [status:200 request:0.012s]
[2025-02-28T20:28:19.444+0000] {base.py:271} INFO - POST http://elasticsearch:9200/_bulk [status:200 request:0.042s]
[2025-02-28T20:28:19.466+0000] {base.py:271} INFO - POST http://elasticsearch:9200/_bulk [status:200 request:0.013s]
[2025-02-28T20:28:19.486+0000] {base.py:271} INFO - POST http://elasticsearch:9200/_bulk [status:200 request:0.013s]
[2025-02-28T20:28:19.506+0000] {base.py:271} INFO - POST http://elasticsearch:9200/_bulk [status:200 request:0.012s]
[2025-02-28T20:28:19.527+0000] {base.py:271} INFO - POST http://elasticsearch:9200/_bulk [status:200 request:0.013s]
[2025-02-28T20:28:19.551+0000] {base.py:271} INFO - POST http://elasticsearch:9200/_bulk [status:200 request:0.016s]
[2025-02-28T20:28:19.575+0000] {base.py:271} INFO - POST http://elasticsearch:9200/_bulk [status:200 request:0.016s]
[2025-02-28T20:28:19.598+0000] {base.py:271} INFO - POST http://elasticsearch:9200/_bulk [status:200 request:0.015s]
[2025-02-28T20:28:19.618+0000] {base.py:271} INFO - POST http://elasticsearch:9200/_bulk [status:200 request:0.013s]
[2025-02-28T20:28:19.636+0000] {base.py:271} INFO - POST http://elasticsearch:9200/_bulk [status:200 request:0.010s]
[2025-02-28T20:28:19.652+0000] {base.py:271} INFO - POST http://elasticsearch:9200/_bulk [status:200 request:0.009s]
[2025-02-28T20:28:19.668+0000] {base.py:271} INFO - POST http://elasticsearch:9200/_bulk [status:200 request:0.008s]
[2025-02-28T20:28:19.684+0000] {base.py:271} INFO - POST http://elasticsearch:9200/_bulk [status:200 request:0.009s]
[2025-02-28T20:28:19.701+0000] {base.py:271} INFO - POST http://elasticsearch:9200/_bulk [status:200 request:0.009s]
[2025-02-28T20:28:19.718+0000] {base.py:271} INFO - POST http://elasticsearch:9200/_bulk [status:200 request:0.009s]
[2025-02-28T20:28:19.735+0000] {base.py:271} INFO - POST http://elasticsearch:9200/_bulk [status:200 request:0.009s]
[2025-02-28T20:28:19.751+0000] {base.py:271} INFO - POST http://elasticsearch:9200/_bulk [status:200 request:0.008s]
[2025-02-28T20:28:19.767+0000] {base.py:271} INFO - POST http://elasticsearch:9200/_bulk [status:200 request:0.008s]
[2025-02-28T20:28:19.783+0000] {base.py:271} INFO - POST http://elasticsearch:9200/_bulk [status:200 request:0.009s]
[2025-02-28T20:28:19.799+0000] {base.py:271} INFO - POST http://elasticsearch:9200/_bulk [status:200 request:0.008s]
[2025-02-28T20:28:19.816+0000] {base.py:271} INFO - POST http://elasticsearch:9200/_bulk [status:200 request:0.009s]
[2025-02-28T20:28:19.832+0000] {base.py:271} INFO - POST http://elasticsearch:9200/_bulk [status:200 request:0.009s]
[2025-02-28T20:28:19.848+0000] {base.py:271} INFO - POST http://elasticsearch:9200/_bulk [status:200 request:0.008s]
[2025-02-28T20:28:19.864+0000] {base.py:271} INFO - POST http://elasticsearch:9200/_bulk [status:200 request:0.008s]
[2025-02-28T20:28:19.881+0000] {base.py:271} INFO - POST http://elasticsearch:9200/_bulk [status:200 request:0.009s]
[2025-02-28T20:28:19.896+0000] {base.py:271} INFO - POST http://elasticsearch:9200/_bulk [status:200 request:0.008s]
[2025-02-28T20:28:19.913+0000] {base.py:271} INFO - POST http://elasticsearch:9200/_bulk [status:200 request:0.009s]
[2025-02-28T20:28:19.929+0000] {base.py:271} INFO - POST http://elasticsearch:9200/_bulk [status:200 request:0.008s]
[2025-02-28T20:28:19.944+0000] {base.py:271} INFO - POST http://elasticsearch:9200/_bulk [status:200 request:0.009s]
[2025-02-28T20:28:19.960+0000] {base.py:271} INFO - POST http://elasticsearch:9200/_bulk [status:200 request:0.008s]
[2025-02-28T20:28:19.976+0000] {base.py:271} INFO - POST http://elasticsearch:9200/_bulk [status:200 request:0.008s]
[2025-02-28T20:28:19.991+0000] {base.py:271} INFO - POST http://elasticsearch:9200/_bulk [status:200 request:0.008s]
[2025-02-28T20:28:20.007+0000] {base.py:271} INFO - POST http://elasticsearch:9200/_bulk [status:200 request:0.009s]
[2025-02-28T20:28:20.023+0000] {base.py:271} INFO - POST http://elasticsearch:9200/_bulk [status:200 request:0.008s]
[2025-02-28T20:28:20.038+0000] {base.py:271} INFO - POST http://elasticsearch:9200/_bulk [status:200 request:0.008s]
[2025-02-28T20:28:20.055+0000] {base.py:271} INFO - POST http://elasticsearch:9200/_bulk [status:200 request:0.009s]
[2025-02-28T20:28:20.072+0000] {base.py:271} INFO - POST http://elasticsearch:9200/_bulk [status:200 request:0.010s]
[2025-02-28T20:28:20.090+0000] {base.py:271} INFO - POST http://elasticsearch:9200/_bulk [status:200 request:0.009s]
[2025-02-28T20:28:20.106+0000] {base.py:271} INFO - POST http://elasticsearch:9200/_bulk [status:200 request:0.009s]
[2025-02-28T20:28:20.123+0000] {base.py:271} INFO - POST http://elasticsearch:9200/_bulk [status:200 request:0.009s]
[2025-02-28T20:28:20.143+0000] {base.py:271} INFO - POST http://elasticsearch:9200/_bulk [status:200 request:0.012s]
[2025-02-28T20:28:20.170+0000] {base.py:271} INFO - POST http://elasticsearch:9200/_bulk [status:200 request:0.016s]
[2025-02-28T20:28:20.190+0000] {base.py:271} INFO - POST http://elasticsearch:9200/_bulk [status:200 request:0.012s]
[2025-02-28T20:28:20.215+0000] {base.py:271} INFO - POST http://elasticsearch:9200/_bulk [status:200 request:0.017s]
[2025-02-28T20:28:20.233+0000] {base.py:271} INFO - POST http://elasticsearch:9200/_bulk [status:200 request:0.010s]
[2025-02-28T20:28:20.249+0000] {base.py:271} INFO - POST http://elasticsearch:9200/_bulk [status:200 request:0.009s]
[2025-02-28T20:28:20.265+0000] {base.py:271} INFO - POST http://elasticsearch:9200/_bulk [status:200 request:0.009s]
[2025-02-28T20:28:20.281+0000] {base.py:271} INFO - POST http://elasticsearch:9200/_bulk [status:200 request:0.008s]
[2025-02-28T20:28:20.296+0000] {base.py:271} INFO - POST http://elasticsearch:9200/_bulk [status:200 request:0.009s]
[2025-02-28T20:28:20.313+0000] {base.py:271} INFO - POST http://elasticsearch:9200/_bulk [status:200 request:0.009s]
[2025-02-28T20:28:20.328+0000] {base.py:271} INFO - POST http://elasticsearch:9200/_bulk [status:200 request:0.008s]
[2025-02-28T20:28:20.344+0000] {base.py:271} INFO - POST http://elasticsearch:9200/_bulk [status:200 request:0.008s]
[2025-02-28T20:28:20.360+0000] {base.py:271} INFO - POST http://elasticsearch:9200/_bulk [status:200 request:0.008s]
[2025-02-28T20:28:20.376+0000] {base.py:271} INFO - POST http://elasticsearch:9200/_bulk [status:200 request:0.009s]
[2025-02-28T20:28:20.391+0000] {base.py:271} INFO - POST http://elasticsearch:9200/_bulk [status:200 request:0.008s]
[2025-02-28T20:28:20.407+0000] {base.py:271} INFO - POST http://elasticsearch:9200/_bulk [status:200 request:0.008s]
[2025-02-28T20:28:20.423+0000] {base.py:271} INFO - POST http://elasticsearch:9200/_bulk [status:200 request:0.009s]
[2025-02-28T20:28:20.438+0000] {base.py:271} INFO - POST http://elasticsearch:9200/_bulk [status:200 request:0.008s]
[2025-02-28T20:28:20.454+0000] {base.py:271} INFO - POST http://elasticsearch:9200/_bulk [status:200 request:0.008s]
[2025-02-28T20:28:20.471+0000] {base.py:271} INFO - POST http://elasticsearch:9200/_bulk [status:200 request:0.009s]
[2025-02-28T20:28:20.486+0000] {base.py:271} INFO - POST http://elasticsearch:9200/_bulk [status:200 request:0.008s]
[2025-02-28T20:28:20.502+0000] {base.py:271} INFO - POST http://elasticsearch:9200/_bulk [status:200 request:0.008s]
[2025-02-28T20:28:20.518+0000] {base.py:271} INFO - POST http://elasticsearch:9200/_bulk [status:200 request:0.009s]
[2025-02-28T20:28:20.533+0000] {base.py:271} INFO - POST http://elasticsearch:9200/_bulk [status:200 request:0.008s]
[2025-02-28T20:28:20.552+0000] {base.py:271} INFO - POST http://elasticsearch:9200/_bulk [status:200 request:0.011s]
[2025-02-28T20:28:20.571+0000] {base.py:271} INFO - POST http://elasticsearch:9200/_bulk [status:200 request:0.010s]
[2025-02-28T20:28:20.590+0000] {base.py:271} INFO - POST http://elasticsearch:9200/_bulk [status:200 request:0.011s]
[2025-02-28T20:28:20.609+0000] {base.py:271} INFO - POST http://elasticsearch:9200/_bulk [status:200 request:0.010s]
[2025-02-28T20:28:20.643+0000] {base.py:271} INFO - POST http://elasticsearch:9200/_bulk [status:200 request:0.025s]
[2025-02-28T20:28:20.660+0000] {base.py:271} INFO - POST http://elasticsearch:9200/_bulk [status:200 request:0.010s]
[2025-02-28T20:28:20.676+0000] {base.py:271} INFO - POST http://elasticsearch:9200/_bulk [status:200 request:0.008s]
[2025-02-28T20:28:20.693+0000] {base.py:271} INFO - POST http://elasticsearch:9200/_bulk [status:200 request:0.008s]
[2025-02-28T20:28:20.710+0000] {base.py:271} INFO - POST http://elasticsearch:9200/_bulk [status:200 request:0.010s]
[2025-02-28T20:28:20.726+0000] {base.py:271} INFO - POST http://elasticsearch:9200/_bulk [status:200 request:0.009s]
[2025-02-28T20:28:20.742+0000] {base.py:271} INFO - POST http://elasticsearch:9200/_bulk [status:200 request:0.009s]
[2025-02-28T20:28:20.759+0000] {base.py:271} INFO - POST http://elasticsearch:9200/_bulk [status:200 request:0.009s]
[2025-02-28T20:28:20.775+0000] {base.py:271} INFO - POST http://elasticsearch:9200/_bulk [status:200 request:0.009s]
[2025-02-28T20:28:20.791+0000] {base.py:271} INFO - POST http://elasticsearch:9200/_bulk [status:200 request:0.009s]
[2025-02-28T20:28:20.807+0000] {base.py:271} INFO - POST http://elasticsearch:9200/_bulk [status:200 request:0.009s]
[2025-02-28T20:28:20.823+0000] {base.py:271} INFO - POST http://elasticsearch:9200/_bulk [status:200 request:0.009s]
[2025-02-28T20:28:20.840+0000] {base.py:271} INFO - POST http://elasticsearch:9200/_bulk [status:200 request:0.009s]
[2025-02-28T20:28:20.856+0000] {base.py:271} INFO - POST http://elasticsearch:9200/_bulk [status:200 request:0.009s]
[2025-02-28T20:28:20.871+0000] {base.py:271} INFO - POST http://elasticsearch:9200/_bulk [status:200 request:0.009s]
[2025-02-28T20:28:20.887+0000] {base.py:271} INFO - POST http://elasticsearch:9200/_bulk [status:200 request:0.008s]
[2025-02-28T20:28:20.903+0000] {base.py:271} INFO - POST http://elasticsearch:9200/_bulk [status:200 request:0.009s]
[2025-02-28T20:28:20.999+0000] {base.py:271} INFO - POST http://elasticsearch:9200/_bulk [status:200 request:0.010s]
[2025-02-28T20:28:21.016+0000] {base.py:271} INFO - POST http://elasticsearch:9200/_bulk [status:200 request:0.009s]
[2025-02-28T20:28:21.031+0000] {base.py:271} INFO - POST http://elasticsearch:9200/_bulk [status:200 request:0.009s]
[2025-02-28T20:28:21.059+0000] {base.py:271} INFO - POST http://elasticsearch:9200/_bulk [status:200 request:0.021s]
[2025-02-28T20:28:21.083+0000] {base.py:271} INFO - POST http://elasticsearch:9200/_bulk [status:200 request:0.013s]
[2025-02-28T20:28:21.109+0000] {base.py:271} INFO - POST http://elasticsearch:9200/_bulk [status:200 request:0.014s]
[2025-02-28T20:28:21.149+0000] {base.py:271} INFO - POST http://elasticsearch:9200/_bulk [status:200 request:0.032s]
[2025-02-28T20:28:21.175+0000] {base.py:271} INFO - POST http://elasticsearch:9200/_bulk [status:200 request:0.013s]
[2025-02-28T20:28:21.195+0000] {base.py:271} INFO - POST http://elasticsearch:9200/_bulk [status:200 request:0.009s]
[2025-02-28T20:28:21.219+0000] {base.py:271} INFO - POST http://elasticsearch:9200/_bulk [status:200 request:0.013s]
[2025-02-28T20:28:21.235+0000] {base.py:271} INFO - POST http://elasticsearch:9200/_bulk [status:200 request:0.009s]
[2025-02-28T20:28:21.252+0000] {base.py:271} INFO - POST http://elasticsearch:9200/_bulk [status:200 request:0.009s]
[2025-02-28T20:28:21.270+0000] {base.py:271} INFO - POST http://elasticsearch:9200/_bulk [status:200 request:0.010s]
[2025-02-28T20:28:21.287+0000] {base.py:271} INFO - POST http://elasticsearch:9200/_bulk [status:200 request:0.009s]
[2025-02-28T20:28:21.304+0000] {base.py:271} INFO - POST http://elasticsearch:9200/_bulk [status:200 request:0.010s]
[2025-02-28T20:28:21.321+0000] {base.py:271} INFO - POST http://elasticsearch:9200/_bulk [status:200 request:0.009s]
[2025-02-28T20:28:21.344+0000] {base.py:271} INFO - POST http://elasticsearch:9200/_bulk [status:200 request:0.014s]
[2025-02-28T20:28:21.363+0000] {base.py:271} INFO - POST http://elasticsearch:9200/_bulk [status:200 request:0.011s]
[2025-02-28T20:28:21.381+0000] {base.py:271} INFO - POST http://elasticsearch:9200/_bulk [status:200 request:0.010s]
[2025-02-28T20:28:21.399+0000] {base.py:271} INFO - POST http://elasticsearch:9200/_bulk [status:200 request:0.010s]
[2025-02-28T20:28:21.418+0000] {base.py:271} INFO - POST http://elasticsearch:9200/_bulk [status:200 request:0.010s]
[2025-02-28T20:28:21.436+0000] {base.py:271} INFO - POST http://elasticsearch:9200/_bulk [status:200 request:0.011s]
[2025-02-28T20:28:21.462+0000] {base.py:271} INFO - POST http://elasticsearch:9200/_bulk [status:200 request:0.013s]
[2025-02-28T20:28:21.480+0000] {base.py:271} INFO - POST http://elasticsearch:9200/_bulk [status:200 request:0.010s]
[2025-02-28T20:28:21.497+0000] {base.py:271} INFO - POST http://elasticsearch:9200/_bulk [status:200 request:0.009s]
[2025-02-28T20:28:21.519+0000] {base.py:271} INFO - POST http://elasticsearch:9200/_bulk [status:200 request:0.014s]
[2025-02-28T20:28:21.534+0000] {base.py:271} INFO - POST http://elasticsearch:9200/_bulk [status:200 request:0.008s]
[2025-02-28T20:28:21.551+0000] {base.py:271} INFO - POST http://elasticsearch:9200/_bulk [status:200 request:0.009s]
[2025-02-28T20:28:21.569+0000] {base.py:271} INFO - POST http://elasticsearch:9200/_bulk [status:200 request:0.011s]
[2025-02-28T20:28:21.593+0000] {base.py:271} INFO - POST http://elasticsearch:9200/_bulk [status:200 request:0.010s]
[2025-02-28T20:28:21.609+0000] {base.py:271} INFO - POST http://elasticsearch:9200/_bulk [status:200 request:0.009s]
[2025-02-28T20:28:21.627+0000] {base.py:271} INFO - POST http://elasticsearch:9200/_bulk [status:200 request:0.010s]
[2025-02-28T20:28:21.644+0000] {base.py:271} INFO - POST http://elasticsearch:9200/_bulk [status:200 request:0.010s]
[2025-02-28T20:28:21.663+0000] {base.py:271} INFO - POST http://elasticsearch:9200/_bulk [status:200 request:0.010s]
[2025-02-28T20:28:21.681+0000] {base.py:271} INFO - POST http://elasticsearch:9200/_bulk [status:200 request:0.010s]
[2025-02-28T20:28:21.699+0000] {base.py:271} INFO - POST http://elasticsearch:9200/_bulk [status:200 request:0.010s]
[2025-02-28T20:28:21.716+0000] {base.py:271} INFO - POST http://elasticsearch:9200/_bulk [status:200 request:0.009s]
[2025-02-28T20:28:21.735+0000] {base.py:271} INFO - POST http://elasticsearch:9200/_bulk [status:200 request:0.011s]
[2025-02-28T20:28:21.753+0000] {base.py:271} INFO - POST http://elasticsearch:9200/_bulk [status:200 request:0.009s]
[2025-02-28T20:28:21.769+0000] {base.py:271} INFO - POST http://elasticsearch:9200/_bulk [status:200 request:0.009s]
[2025-02-28T20:28:21.786+0000] {base.py:271} INFO - POST http://elasticsearch:9200/_bulk [status:200 request:0.009s]
[2025-02-28T20:28:21.802+0000] {base.py:271} INFO - POST http://elasticsearch:9200/_bulk [status:200 request:0.009s]
[2025-02-28T20:28:21.819+0000] {base.py:271} INFO - POST http://elasticsearch:9200/_bulk [status:200 request:0.009s]
[2025-02-28T20:28:21.841+0000] {base.py:271} INFO - POST http://elasticsearch:9200/_bulk [status:200 request:0.011s]
[2025-02-28T20:28:21.857+0000] {base.py:271} INFO - POST http://elasticsearch:9200/_bulk [status:200 request:0.008s]
[2025-02-28T20:28:21.873+0000] {base.py:271} INFO - POST http://elasticsearch:9200/_bulk [status:200 request:0.009s]
[2025-02-28T20:28:21.889+0000] {base.py:271} INFO - POST http://elasticsearch:9200/_bulk [status:200 request:0.009s]
[2025-02-28T20:28:21.909+0000] {base.py:271} INFO - POST http://elasticsearch:9200/_bulk [status:200 request:0.012s]
[2025-02-28T20:28:21.926+0000] {base.py:271} INFO - POST http://elasticsearch:9200/_bulk [status:200 request:0.010s]
[2025-02-28T20:28:21.943+0000] {base.py:271} INFO - POST http://elasticsearch:9200/_bulk [status:200 request:0.009s]
[2025-02-28T20:28:21.958+0000] {base.py:271} INFO - POST http://elasticsearch:9200/_bulk [status:200 request:0.008s]
[2025-02-28T20:28:21.974+0000] {base.py:271} INFO - POST http://elasticsearch:9200/_bulk [status:200 request:0.009s]
[2025-02-28T20:28:21.990+0000] {base.py:271} INFO - POST http://elasticsearch:9200/_bulk [status:200 request:0.009s]
[2025-02-28T20:28:22.005+0000] {base.py:271} INFO - POST http://elasticsearch:9200/_bulk [status:200 request:0.008s]
[2025-02-28T20:28:22.021+0000] {base.py:271} INFO - POST http://elasticsearch:9200/_bulk [status:200 request:0.008s]
[2025-02-28T20:28:22.037+0000] {base.py:271} INFO - POST http://elasticsearch:9200/_bulk [status:200 request:0.009s]
[2025-02-28T20:28:22.055+0000] {base.py:271} INFO - POST http://elasticsearch:9200/_bulk [status:200 request:0.010s]
[2025-02-28T20:28:22.074+0000] {base.py:271} INFO - POST http://elasticsearch:9200/_bulk [status:200 request:0.011s]
[2025-02-28T20:28:22.092+0000] {base.py:271} INFO - POST http://elasticsearch:9200/_bulk [status:200 request:0.009s]
[2025-02-28T20:28:22.109+0000] {base.py:271} INFO - POST http://elasticsearch:9200/_bulk [status:200 request:0.009s]
[2025-02-28T20:28:22.126+0000] {base.py:271} INFO - POST http://elasticsearch:9200/_bulk [status:200 request:0.009s]
[2025-02-28T20:28:22.143+0000] {base.py:271} INFO - POST http://elasticsearch:9200/_bulk [status:200 request:0.010s]
[2025-02-28T20:28:22.158+0000] {base.py:271} INFO - POST http://elasticsearch:9200/_bulk [status:200 request:0.008s]
[2025-02-28T20:28:22.178+0000] {base.py:271} INFO - POST http://elasticsearch:9200/_bulk [status:200 request:0.012s]
[2025-02-28T20:28:22.196+0000] {base.py:271} INFO - POST http://elasticsearch:9200/_bulk [status:200 request:0.009s]
[2025-02-28T20:28:22.214+0000] {base.py:271} INFO - POST http://elasticsearch:9200/_bulk [status:200 request:0.009s]
[2025-02-28T20:28:22.230+0000] {base.py:271} INFO - POST http://elasticsearch:9200/_bulk [status:200 request:0.008s]
[2025-02-28T20:28:22.261+0000] {base.py:271} INFO - POST http://elasticsearch:9200/_bulk [status:200 request:0.020s]
[2025-02-28T20:28:22.285+0000] {base.py:271} INFO - POST http://elasticsearch:9200/_bulk [status:200 request:0.012s]
[2025-02-28T20:28:22.306+0000] {base.py:271} INFO - POST http://elasticsearch:9200/_bulk [status:200 request:0.012s]
[2025-02-28T20:28:22.353+0000] {base.py:271} INFO - POST http://elasticsearch:9200/_bulk [status:200 request:0.038s]
[2025-02-28T20:28:22.398+0000] {base.py:271} INFO - POST http://elasticsearch:9200/_bulk [status:200 request:0.016s]
[2025-02-28T20:28:22.422+0000] {base.py:271} INFO - POST http://elasticsearch:9200/_bulk [status:200 request:0.012s]
[2025-02-28T20:28:22.440+0000] {base.py:271} INFO - POST http://elasticsearch:9200/_bulk [status:200 request:0.010s]
[2025-02-28T20:28:22.460+0000] {base.py:271} INFO - POST http://elasticsearch:9200/_bulk [status:200 request:0.011s]
[2025-02-28T20:28:22.478+0000] {base.py:271} INFO - POST http://elasticsearch:9200/_bulk [status:200 request:0.010s]
[2025-02-28T20:28:22.498+0000] {base.py:271} INFO - POST http://elasticsearch:9200/_bulk [status:200 request:0.011s]
[2025-02-28T20:28:22.516+0000] {base.py:271} INFO - POST http://elasticsearch:9200/_bulk [status:200 request:0.009s]
[2025-02-28T20:28:22.534+0000] {base.py:271} INFO - POST http://elasticsearch:9200/_bulk [status:200 request:0.011s]
[2025-02-28T20:28:22.553+0000] {base.py:271} INFO - POST http://elasticsearch:9200/_bulk [status:200 request:0.009s]
[2025-02-28T20:28:22.572+0000] {base.py:271} INFO - POST http://elasticsearch:9200/_bulk [status:200 request:0.011s]
[2025-02-28T20:28:22.589+0000] {base.py:271} INFO - POST http://elasticsearch:9200/_bulk [status:200 request:0.009s]
[2025-02-28T20:28:22.606+0000] {base.py:271} INFO - POST http://elasticsearch:9200/_bulk [status:200 request:0.009s]
[2025-02-28T20:28:22.625+0000] {base.py:271} INFO - POST http://elasticsearch:9200/_bulk [status:200 request:0.012s]
[2025-02-28T20:28:22.644+0000] {base.py:271} INFO - POST http://elasticsearch:9200/_bulk [status:200 request:0.012s]
[2025-02-28T20:28:22.645+0000] {logging_mixin.py:149} INFO - Les données ont été ajoutées dans l'index 'velib_data_analytics'.
[2025-02-28T20:28:22.693+0000] {python.py:183} INFO - Done. Returned value was: None
[2025-02-28T20:28:22.703+0000] {taskinstance.py:1373} INFO - Marking task as SUCCESS. dag_id=api_to_db_dag, task_id=index_parquet_to_elasticsearch, execution_date=20250228T202600, start_date=20250228T202817, end_date=20250228T202822
[2025-02-28T20:28:22.753+0000] {local_task_job_runner.py:232} INFO - Task exited with return code 0
[2025-02-28T20:28:22.781+0000] {taskinstance.py:2674} INFO - 0 downstream tasks scheduled from follow-on schedule check
