[2025-03-02T19:15:08.706+0000] {taskinstance.py:1125} INFO - Dependencies all met for dep_context=non-requeueable deps ti=<TaskInstance: api_to_db_dag.save_raw_station_information scheduled__2025-03-02T19:00:00+00:00 [queued]>
[2025-03-02T19:15:08.711+0000] {taskinstance.py:1125} INFO - Dependencies all met for dep_context=requeueable deps ti=<TaskInstance: api_to_db_dag.save_raw_station_information scheduled__2025-03-02T19:00:00+00:00 [queued]>
[2025-03-02T19:15:08.712+0000] {taskinstance.py:1331} INFO - Starting attempt 1 of 2
[2025-03-02T19:15:08.720+0000] {taskinstance.py:1350} INFO - Executing <Task(PythonOperator): save_raw_station_information> on 2025-03-02 19:00:00+00:00
[2025-03-02T19:15:08.725+0000] {standard_task_runner.py:57} INFO - Started process 65290 to run task
[2025-03-02T19:15:08.725+0000] {clientserver.py:543} INFO - Closing down clientserver connection
[2025-03-02T19:15:08.729+0000] {standard_task_runner.py:84} INFO - Running: ['***', 'tasks', 'run', 'api_to_db_dag', 'save_raw_station_information', 'scheduled__2025-03-02T19:00:00+00:00', '--job-id', '184', '--raw', '--subdir', 'DAGS_FOLDER/dag.py', '--cfg-path', '/tmp/tmpdtdd3mst']
[2025-03-02T19:15:08.732+0000] {standard_task_runner.py:85} INFO - Job 184: Subtask save_raw_station_information
[2025-03-02T19:15:08.760+0000] {task_command.py:410} INFO - Running <TaskInstance: api_to_db_dag.save_raw_station_information scheduled__2025-03-02T19:00:00+00:00 [running]> on host 3befbd719c1b
[2025-03-02T19:15:08.816+0000] {taskinstance.py:1570} INFO - Exporting env vars: AIRFLOW_CTX_DAG_OWNER='***' AIRFLOW_CTX_DAG_ID='api_to_db_dag' AIRFLOW_CTX_TASK_ID='save_raw_station_information' AIRFLOW_CTX_EXECUTION_DATE='2025-03-02T19:00:00+00:00' AIRFLOW_CTX_TRY_NUMBER='1' AIRFLOW_CTX_DAG_RUN_ID='scheduled__2025-03-02T19:00:00+00:00'
[2025-03-02T19:15:08.944+0000] {datalake_saver.py:45} INFO - Data saved successfully to /mnt/data/raw/velib_api/velib_stations/20250302/202503021915.json
[2025-03-02T19:15:08.945+0000] {python.py:183} INFO - Done. Returned value was: /mnt/data/raw/velib_api/velib_stations/20250302/202503021915.json
[2025-03-02T19:15:08.967+0000] {taskinstance.py:1373} INFO - Marking task as SUCCESS. dag_id=api_to_db_dag, task_id=save_raw_station_information, execution_date=20250302T190000, start_date=20250302T191508, end_date=20250302T191508
[2025-03-02T19:15:08.991+0000] {local_task_job_runner.py:232} INFO - Task exited with return code 0
[2025-03-02T19:15:09.040+0000] {taskinstance.py:2674} INFO - 1 downstream tasks scheduled from follow-on schedule check
[2025-03-02T19:20:28.380+0000] {taskinstance.py:1125} INFO - Dependencies all met for dep_context=non-requeueable deps ti=<TaskInstance: api_to_db_dag.save_raw_station_information scheduled__2025-03-02T19:00:00+00:00 [queued]>
[2025-03-02T19:20:28.390+0000] {taskinstance.py:1125} INFO - Dependencies all met for dep_context=requeueable deps ti=<TaskInstance: api_to_db_dag.save_raw_station_information scheduled__2025-03-02T19:00:00+00:00 [queued]>
[2025-03-02T19:20:28.391+0000] {taskinstance.py:1331} INFO - Starting attempt 1 of 2
[2025-03-02T19:20:28.404+0000] {taskinstance.py:1350} INFO - Executing <Task(PythonOperator): save_raw_station_information> on 2025-03-02 19:00:00+00:00
[2025-03-02T19:20:28.435+0000] {standard_task_runner.py:57} INFO - Started process 76664 to run task
[2025-03-02T19:20:28.435+0000] {clientserver.py:543} INFO - Closing down clientserver connection
[2025-03-02T19:20:28.456+0000] {standard_task_runner.py:84} INFO - Running: ['***', 'tasks', 'run', 'api_to_db_dag', 'save_raw_station_information', 'scheduled__2025-03-02T19:00:00+00:00', '--job-id', '190', '--raw', '--subdir', 'DAGS_FOLDER/dag.py', '--cfg-path', '/tmp/tmpog66h1wz']
[2025-03-02T19:20:28.460+0000] {standard_task_runner.py:85} INFO - Job 190: Subtask save_raw_station_information
[2025-03-02T19:20:28.538+0000] {task_command.py:410} INFO - Running <TaskInstance: api_to_db_dag.save_raw_station_information scheduled__2025-03-02T19:00:00+00:00 [running]> on host 3befbd719c1b
[2025-03-02T19:20:28.618+0000] {taskinstance.py:1570} INFO - Exporting env vars: AIRFLOW_CTX_DAG_OWNER='***' AIRFLOW_CTX_DAG_ID='api_to_db_dag' AIRFLOW_CTX_TASK_ID='save_raw_station_information' AIRFLOW_CTX_EXECUTION_DATE='2025-03-02T19:00:00+00:00' AIRFLOW_CTX_TRY_NUMBER='1' AIRFLOW_CTX_DAG_RUN_ID='scheduled__2025-03-02T19:00:00+00:00'
[2025-03-02T19:20:28.716+0000] {datalake_saver.py:45} INFO - Data saved successfully to /mnt/data/raw/velib_api/velib_stations/20250302/202503021920.json
[2025-03-02T19:20:28.717+0000] {python.py:183} INFO - Done. Returned value was: /mnt/data/raw/velib_api/velib_stations/20250302/202503021920.json
[2025-03-02T19:20:28.745+0000] {taskinstance.py:1373} INFO - Marking task as SUCCESS. dag_id=api_to_db_dag, task_id=save_raw_station_information, execution_date=20250302T190000, start_date=20250302T192028, end_date=20250302T192028
[2025-03-02T19:20:28.788+0000] {local_task_job_runner.py:232} INFO - Task exited with return code 0
[2025-03-02T19:20:28.815+0000] {taskinstance.py:2674} INFO - 1 downstream tasks scheduled from follow-on schedule check
[2025-03-02T19:21:29.171+0000] {taskinstance.py:1125} INFO - Dependencies all met for dep_context=non-requeueable deps ti=<TaskInstance: api_to_db_dag.save_raw_station_information scheduled__2025-03-02T19:00:00+00:00 [queued]>
[2025-03-02T19:21:29.203+0000] {taskinstance.py:1125} INFO - Dependencies all met for dep_context=requeueable deps ti=<TaskInstance: api_to_db_dag.save_raw_station_information scheduled__2025-03-02T19:00:00+00:00 [queued]>
[2025-03-02T19:21:29.204+0000] {taskinstance.py:1331} INFO - Starting attempt 1 of 2
[2025-03-02T19:21:29.241+0000] {taskinstance.py:1350} INFO - Executing <Task(PythonOperator): save_raw_station_information> on 2025-03-02 19:00:00+00:00
[2025-03-02T19:21:29.341+0000] {standard_task_runner.py:57} INFO - Started process 79966 to run task
[2025-03-02T19:21:29.356+0000] {standard_task_runner.py:84} INFO - Running: ['***', 'tasks', 'run', 'api_to_db_dag', 'save_raw_station_information', 'scheduled__2025-03-02T19:00:00+00:00', '--job-id', '202', '--raw', '--subdir', 'DAGS_FOLDER/dag.py', '--cfg-path', '/tmp/tmp__2azxka']
[2025-03-02T19:21:29.367+0000] {standard_task_runner.py:85} INFO - Job 202: Subtask save_raw_station_information
[2025-03-02T19:21:29.548+0000] {task_command.py:410} INFO - Running <TaskInstance: api_to_db_dag.save_raw_station_information scheduled__2025-03-02T19:00:00+00:00 [running]> on host 3befbd719c1b
[2025-03-02T19:21:29.779+0000] {taskinstance.py:1570} INFO - Exporting env vars: AIRFLOW_CTX_DAG_OWNER='***' AIRFLOW_CTX_DAG_ID='api_to_db_dag' AIRFLOW_CTX_TASK_ID='save_raw_station_information' AIRFLOW_CTX_EXECUTION_DATE='2025-03-02T19:00:00+00:00' AIRFLOW_CTX_TRY_NUMBER='1' AIRFLOW_CTX_DAG_RUN_ID='scheduled__2025-03-02T19:00:00+00:00'
[2025-03-02T19:21:30.131+0000] {datalake_saver.py:45} INFO - Data saved successfully to /mnt/data/raw/velib_api/velib_stations/20250302/202503021921.json
[2025-03-02T19:21:30.133+0000] {python.py:183} INFO - Done. Returned value was: /mnt/data/raw/velib_api/velib_stations/20250302/202503021921.json
[2025-03-02T19:21:30.188+0000] {taskinstance.py:1373} INFO - Marking task as SUCCESS. dag_id=api_to_db_dag, task_id=save_raw_station_information, execution_date=20250302T190000, start_date=20250302T192129, end_date=20250302T192130
[2025-03-02T19:21:30.261+0000] {local_task_job_runner.py:232} INFO - Task exited with return code 0
[2025-03-02T19:21:30.379+0000] {taskinstance.py:2674} INFO - 1 downstream tasks scheduled from follow-on schedule check
