[2025-02-28T20:46:17.602+0000] {taskinstance.py:1125} INFO - Dependencies all met for dep_context=non-requeueable deps ti=<TaskInstance: api_to_db_dag.index_parquet_to_elasticsearch scheduled__2025-02-28T20:44:00+00:00 [queued]>
[2025-02-28T20:46:17.607+0000] {taskinstance.py:1125} INFO - Dependencies all met for dep_context=requeueable deps ti=<TaskInstance: api_to_db_dag.index_parquet_to_elasticsearch scheduled__2025-02-28T20:44:00+00:00 [queued]>
[2025-02-28T20:46:17.608+0000] {taskinstance.py:1331} INFO - Starting attempt 1 of 1
[2025-02-28T20:46:17.615+0000] {taskinstance.py:1350} INFO - Executing <Task(PythonOperator): index_parquet_to_elasticsearch> on 2025-02-28 20:44:00+00:00
[2025-02-28T20:46:17.619+0000] {standard_task_runner.py:57} INFO - Started process 79570 to run task
[2025-02-28T20:46:17.621+0000] {standard_task_runner.py:84} INFO - Running: ['***', 'tasks', 'run', 'api_to_db_dag', 'index_parquet_to_elasticsearch', 'scheduled__2025-02-28T20:44:00+00:00', '--job-id', '519', '--raw', '--subdir', 'DAGS_FOLDER/dag.py', '--cfg-path', '/tmp/tmpf7hw4g7r']
[2025-02-28T20:46:17.623+0000] {standard_task_runner.py:85} INFO - Job 519: Subtask index_parquet_to_elasticsearch
[2025-02-28T20:46:17.667+0000] {task_command.py:410} INFO - Running <TaskInstance: api_to_db_dag.index_parquet_to_elasticsearch scheduled__2025-02-28T20:44:00+00:00 [running]> on host 2e469bce1432
[2025-02-28T20:46:17.738+0000] {taskinstance.py:1570} INFO - Exporting env vars: AIRFLOW_CTX_DAG_OWNER='***' AIRFLOW_CTX_DAG_ID='api_to_db_dag' AIRFLOW_CTX_TASK_ID='index_parquet_to_elasticsearch' AIRFLOW_CTX_EXECUTION_DATE='2025-02-28T20:44:00+00:00' AIRFLOW_CTX_TRY_NUMBER='1' AIRFLOW_CTX_DAG_RUN_ID='scheduled__2025-02-28T20:44:00+00:00'
[2025-02-28T20:46:17.855+0000] {logging_mixin.py:149} WARNING - /home/***/.local/lib/python3.7/site-packages/pandas/core/array_algos/replace.py:84 FutureWarning: elementwise comparison failed; returning scalar instead, but in the future will perform elementwise comparison
[2025-02-28T20:46:17.982+0000] {base.py:271} INFO - HEAD http://elasticsearch:9200/velib_data_analytics [status:200 request:0.005s]
[2025-02-28T20:46:18.978+0000] {base.py:271} INFO - POST http://elasticsearch:9200/_bulk [status:200 request:0.030s]
[2025-02-28T20:46:19.017+0000] {base.py:271} INFO - POST http://elasticsearch:9200/_bulk [status:200 request:0.027s]
[2025-02-28T20:46:19.084+0000] {base.py:271} INFO - POST http://elasticsearch:9200/_bulk [status:200 request:0.060s]
[2025-02-28T20:46:19.105+0000] {base.py:271} INFO - POST http://elasticsearch:9200/_bulk [status:200 request:0.013s]
[2025-02-28T20:46:19.124+0000] {base.py:271} INFO - POST http://elasticsearch:9200/_bulk [status:200 request:0.012s]
[2025-02-28T20:46:19.143+0000] {base.py:271} INFO - POST http://elasticsearch:9200/_bulk [status:200 request:0.012s]
[2025-02-28T20:46:19.164+0000] {base.py:271} INFO - POST http://elasticsearch:9200/_bulk [status:200 request:0.013s]
[2025-02-28T20:46:19.184+0000] {base.py:271} INFO - POST http://elasticsearch:9200/_bulk [status:200 request:0.013s]
[2025-02-28T20:46:19.207+0000] {base.py:271} INFO - POST http://elasticsearch:9200/_bulk [status:200 request:0.016s]
[2025-02-28T20:46:19.253+0000] {base.py:271} INFO - POST http://elasticsearch:9200/_bulk [status:200 request:0.034s]
[2025-02-28T20:46:19.274+0000] {base.py:271} INFO - POST http://elasticsearch:9200/_bulk [status:200 request:0.013s]
[2025-02-28T20:46:19.295+0000] {base.py:271} INFO - POST http://elasticsearch:9200/_bulk [status:200 request:0.013s]
[2025-02-28T20:46:19.315+0000] {base.py:271} INFO - POST http://elasticsearch:9200/_bulk [status:200 request:0.013s]
[2025-02-28T20:46:19.340+0000] {base.py:271} INFO - POST http://elasticsearch:9200/_bulk [status:200 request:0.015s]
[2025-02-28T20:46:19.377+0000] {base.py:271} INFO - POST http://elasticsearch:9200/_bulk [status:200 request:0.029s]
[2025-02-28T20:46:19.416+0000] {base.py:271} INFO - POST http://elasticsearch:9200/_bulk [status:200 request:0.029s]
[2025-02-28T20:46:19.436+0000] {base.py:271} INFO - POST http://elasticsearch:9200/_bulk [status:200 request:0.012s]
[2025-02-28T20:46:19.457+0000] {base.py:271} INFO - POST http://elasticsearch:9200/_bulk [status:200 request:0.013s]
[2025-02-28T20:46:19.481+0000] {base.py:271} INFO - POST http://elasticsearch:9200/_bulk [status:200 request:0.015s]
[2025-02-28T20:46:19.501+0000] {base.py:271} INFO - POST http://elasticsearch:9200/_bulk [status:200 request:0.013s]
[2025-02-28T20:46:19.533+0000] {base.py:271} INFO - POST http://elasticsearch:9200/_bulk [status:200 request:0.024s]
[2025-02-28T20:46:19.558+0000] {base.py:271} INFO - POST http://elasticsearch:9200/_bulk [status:200 request:0.016s]
[2025-02-28T20:46:19.583+0000] {base.py:271} INFO - POST http://elasticsearch:9200/_bulk [status:200 request:0.017s]
[2025-02-28T20:46:19.631+0000] {base.py:271} INFO - POST http://elasticsearch:9200/_bulk [status:200 request:0.037s]
[2025-02-28T20:46:19.659+0000] {base.py:271} INFO - POST http://elasticsearch:9200/_bulk [status:200 request:0.018s]
[2025-02-28T20:46:19.685+0000] {base.py:271} INFO - POST http://elasticsearch:9200/_bulk [status:200 request:0.016s]
[2025-02-28T20:46:19.712+0000] {base.py:271} INFO - POST http://elasticsearch:9200/_bulk [status:200 request:0.019s]
[2025-02-28T20:46:19.744+0000] {base.py:271} INFO - POST http://elasticsearch:9200/_bulk [status:200 request:0.016s]
[2025-02-28T20:46:19.767+0000] {base.py:271} INFO - POST http://elasticsearch:9200/_bulk [status:200 request:0.013s]
[2025-02-28T20:46:19.789+0000] {base.py:271} INFO - POST http://elasticsearch:9200/_bulk [status:200 request:0.014s]
[2025-02-28T20:46:19.816+0000] {base.py:271} INFO - POST http://elasticsearch:9200/_bulk [status:200 request:0.014s]
[2025-02-28T20:46:19.842+0000] {base.py:271} INFO - POST http://elasticsearch:9200/_bulk [status:200 request:0.013s]
[2025-02-28T20:46:19.862+0000] {base.py:271} INFO - POST http://elasticsearch:9200/_bulk [status:200 request:0.012s]
[2025-02-28T20:46:19.882+0000] {base.py:271} INFO - POST http://elasticsearch:9200/_bulk [status:200 request:0.012s]
[2025-02-28T20:46:19.915+0000] {base.py:271} INFO - POST http://elasticsearch:9200/_bulk [status:200 request:0.025s]
[2025-02-28T20:46:19.939+0000] {base.py:271} INFO - POST http://elasticsearch:9200/_bulk [status:200 request:0.012s]
[2025-02-28T20:46:19.962+0000] {base.py:271} INFO - POST http://elasticsearch:9200/_bulk [status:200 request:0.015s]
[2025-02-28T20:46:19.984+0000] {base.py:271} INFO - POST http://elasticsearch:9200/_bulk [status:200 request:0.013s]
[2025-02-28T20:46:20.045+0000] {base.py:271} INFO - POST http://elasticsearch:9200/_bulk [status:200 request:0.053s]
[2025-02-28T20:46:20.064+0000] {base.py:271} INFO - POST http://elasticsearch:9200/_bulk [status:200 request:0.012s]
[2025-02-28T20:46:20.084+0000] {base.py:271} INFO - POST http://elasticsearch:9200/_bulk [status:200 request:0.012s]
[2025-02-28T20:46:20.102+0000] {base.py:271} INFO - POST http://elasticsearch:9200/_bulk [status:200 request:0.010s]
[2025-02-28T20:46:20.120+0000] {base.py:271} INFO - POST http://elasticsearch:9200/_bulk [status:200 request:0.010s]
[2025-02-28T20:46:20.137+0000] {base.py:271} INFO - POST http://elasticsearch:9200/_bulk [status:200 request:0.009s]
[2025-02-28T20:46:20.154+0000] {base.py:271} INFO - POST http://elasticsearch:9200/_bulk [status:200 request:0.010s]
[2025-02-28T20:46:20.171+0000] {base.py:271} INFO - POST http://elasticsearch:9200/_bulk [status:200 request:0.010s]
[2025-02-28T20:46:20.188+0000] {base.py:271} INFO - POST http://elasticsearch:9200/_bulk [status:200 request:0.009s]
[2025-02-28T20:46:20.209+0000] {base.py:271} INFO - POST http://elasticsearch:9200/_bulk [status:200 request:0.014s]
[2025-02-28T20:46:20.230+0000] {base.py:271} INFO - POST http://elasticsearch:9200/_bulk [status:200 request:0.011s]
[2025-02-28T20:46:20.248+0000] {base.py:271} INFO - POST http://elasticsearch:9200/_bulk [status:200 request:0.010s]
[2025-02-28T20:46:20.267+0000] {base.py:271} INFO - POST http://elasticsearch:9200/_bulk [status:200 request:0.011s]
[2025-02-28T20:46:20.284+0000] {base.py:271} INFO - POST http://elasticsearch:9200/_bulk [status:200 request:0.009s]
[2025-02-28T20:46:20.302+0000] {base.py:271} INFO - POST http://elasticsearch:9200/_bulk [status:200 request:0.010s]
[2025-02-28T20:46:20.320+0000] {base.py:271} INFO - POST http://elasticsearch:9200/_bulk [status:200 request:0.010s]
[2025-02-28T20:46:20.338+0000] {base.py:271} INFO - POST http://elasticsearch:9200/_bulk [status:200 request:0.010s]
[2025-02-28T20:46:20.355+0000] {base.py:271} INFO - POST http://elasticsearch:9200/_bulk [status:200 request:0.010s]
[2025-02-28T20:46:20.372+0000] {base.py:271} INFO - POST http://elasticsearch:9200/_bulk [status:200 request:0.010s]
[2025-02-28T20:46:20.390+0000] {base.py:271} INFO - POST http://elasticsearch:9200/_bulk [status:200 request:0.010s]
[2025-02-28T20:46:20.408+0000] {base.py:271} INFO - POST http://elasticsearch:9200/_bulk [status:200 request:0.010s]
[2025-02-28T20:46:20.431+0000] {base.py:271} INFO - POST http://elasticsearch:9200/_bulk [status:200 request:0.011s]
[2025-02-28T20:46:20.451+0000] {base.py:271} INFO - POST http://elasticsearch:9200/_bulk [status:200 request:0.012s]
[2025-02-28T20:46:20.469+0000] {base.py:271} INFO - POST http://elasticsearch:9200/_bulk [status:200 request:0.010s]
[2025-02-28T20:46:20.492+0000] {base.py:271} INFO - POST http://elasticsearch:9200/_bulk [status:200 request:0.014s]
[2025-02-28T20:46:20.510+0000] {base.py:271} INFO - POST http://elasticsearch:9200/_bulk [status:200 request:0.010s]
[2025-02-28T20:46:20.543+0000] {base.py:271} INFO - POST http://elasticsearch:9200/_bulk [status:200 request:0.013s]
[2025-02-28T20:46:20.561+0000] {base.py:271} INFO - POST http://elasticsearch:9200/_bulk [status:200 request:0.011s]
[2025-02-28T20:46:20.580+0000] {base.py:271} INFO - POST http://elasticsearch:9200/_bulk [status:200 request:0.010s]
[2025-02-28T20:46:20.598+0000] {base.py:271} INFO - POST http://elasticsearch:9200/_bulk [status:200 request:0.010s]
[2025-02-28T20:46:20.616+0000] {base.py:271} INFO - POST http://elasticsearch:9200/_bulk [status:200 request:0.010s]
[2025-02-28T20:46:20.803+0000] {base.py:271} INFO - POST http://elasticsearch:9200/_bulk [status:200 request:0.035s]
[2025-02-28T20:46:20.831+0000] {base.py:271} INFO - POST http://elasticsearch:9200/_bulk [status:200 request:0.017s]
[2025-02-28T20:46:20.864+0000] {base.py:271} INFO - POST http://elasticsearch:9200/_bulk [status:200 request:0.014s]
[2025-02-28T20:46:20.886+0000] {base.py:271} INFO - POST http://elasticsearch:9200/_bulk [status:200 request:0.012s]
[2025-02-28T20:46:20.919+0000] {base.py:271} INFO - POST http://elasticsearch:9200/_bulk [status:200 request:0.023s]
[2025-02-28T20:46:20.957+0000] {base.py:271} INFO - POST http://elasticsearch:9200/_bulk [status:200 request:0.025s]
[2025-02-28T20:46:21.035+0000] {base.py:271} INFO - POST http://elasticsearch:9200/_bulk [status:200 request:0.031s]
[2025-02-28T20:46:21.096+0000] {base.py:271} INFO - POST http://elasticsearch:9200/_bulk [status:200 request:0.045s]
[2025-02-28T20:46:21.136+0000] {base.py:271} INFO - POST http://elasticsearch:9200/_bulk [status:200 request:0.021s]
[2025-02-28T20:46:21.190+0000] {base.py:271} INFO - POST http://elasticsearch:9200/_bulk [status:200 request:0.040s]
[2025-02-28T20:46:21.225+0000] {base.py:271} INFO - POST http://elasticsearch:9200/_bulk [status:200 request:0.022s]
[2025-02-28T20:46:21.277+0000] {base.py:271} INFO - POST http://elasticsearch:9200/_bulk [status:200 request:0.039s]
[2025-02-28T20:46:21.315+0000] {base.py:271} INFO - POST http://elasticsearch:9200/_bulk [status:200 request:0.018s]
[2025-02-28T20:46:21.360+0000] {base.py:271} INFO - POST http://elasticsearch:9200/_bulk [status:200 request:0.032s]
[2025-02-28T20:46:21.502+0000] {base.py:271} INFO - POST http://elasticsearch:9200/_bulk [status:200 request:0.132s]
[2025-02-28T20:46:21.527+0000] {base.py:271} INFO - POST http://elasticsearch:9200/_bulk [status:200 request:0.015s]
[2025-02-28T20:46:21.551+0000] {base.py:271} INFO - POST http://elasticsearch:9200/_bulk [status:200 request:0.015s]
[2025-02-28T20:46:21.573+0000] {base.py:271} INFO - POST http://elasticsearch:9200/_bulk [status:200 request:0.015s]
[2025-02-28T20:46:21.596+0000] {base.py:271} INFO - POST http://elasticsearch:9200/_bulk [status:200 request:0.015s]
[2025-02-28T20:46:21.617+0000] {base.py:271} INFO - POST http://elasticsearch:9200/_bulk [status:200 request:0.013s]
[2025-02-28T20:46:21.637+0000] {base.py:271} INFO - POST http://elasticsearch:9200/_bulk [status:200 request:0.012s]
[2025-02-28T20:46:21.659+0000] {base.py:271} INFO - POST http://elasticsearch:9200/_bulk [status:200 request:0.014s]
[2025-02-28T20:46:21.680+0000] {base.py:271} INFO - POST http://elasticsearch:9200/_bulk [status:200 request:0.013s]
[2025-02-28T20:46:21.711+0000] {base.py:271} INFO - POST http://elasticsearch:9200/_bulk [status:200 request:0.023s]
[2025-02-28T20:46:21.732+0000] {base.py:271} INFO - POST http://elasticsearch:9200/_bulk [status:200 request:0.013s]
[2025-02-28T20:46:21.754+0000] {base.py:271} INFO - POST http://elasticsearch:9200/_bulk [status:200 request:0.014s]
[2025-02-28T20:46:21.777+0000] {base.py:271} INFO - POST http://elasticsearch:9200/_bulk [status:200 request:0.015s]
[2025-02-28T20:46:21.799+0000] {base.py:271} INFO - POST http://elasticsearch:9200/_bulk [status:200 request:0.014s]
[2025-02-28T20:46:21.822+0000] {base.py:271} INFO - POST http://elasticsearch:9200/_bulk [status:200 request:0.014s]
[2025-02-28T20:46:21.865+0000] {base.py:271} INFO - POST http://elasticsearch:9200/_bulk [status:200 request:0.019s]
[2025-02-28T20:46:21.891+0000] {base.py:271} INFO - POST http://elasticsearch:9200/_bulk [status:200 request:0.016s]
[2025-02-28T20:46:21.916+0000] {base.py:271} INFO - POST http://elasticsearch:9200/_bulk [status:200 request:0.013s]
[2025-02-28T20:46:21.936+0000] {base.py:271} INFO - POST http://elasticsearch:9200/_bulk [status:200 request:0.012s]
[2025-02-28T20:46:21.959+0000] {base.py:271} INFO - POST http://elasticsearch:9200/_bulk [status:200 request:0.014s]
[2025-02-28T20:46:21.980+0000] {base.py:271} INFO - POST http://elasticsearch:9200/_bulk [status:200 request:0.011s]
[2025-02-28T20:46:22.017+0000] {base.py:271} INFO - POST http://elasticsearch:9200/_bulk [status:200 request:0.029s]
[2025-02-28T20:46:22.038+0000] {base.py:271} INFO - POST http://elasticsearch:9200/_bulk [status:200 request:0.012s]
[2025-02-28T20:46:22.063+0000] {base.py:271} INFO - POST http://elasticsearch:9200/_bulk [status:200 request:0.014s]
[2025-02-28T20:46:22.100+0000] {base.py:271} INFO - POST http://elasticsearch:9200/_bulk [status:200 request:0.026s]
[2025-02-28T20:46:22.122+0000] {base.py:271} INFO - POST http://elasticsearch:9200/_bulk [status:200 request:0.012s]
[2025-02-28T20:46:22.142+0000] {base.py:271} INFO - POST http://elasticsearch:9200/_bulk [status:200 request:0.011s]
[2025-02-28T20:46:22.161+0000] {base.py:271} INFO - POST http://elasticsearch:9200/_bulk [status:200 request:0.010s]
[2025-02-28T20:46:22.179+0000] {base.py:271} INFO - POST http://elasticsearch:9200/_bulk [status:200 request:0.010s]
[2025-02-28T20:46:22.198+0000] {base.py:271} INFO - POST http://elasticsearch:9200/_bulk [status:200 request:0.010s]
[2025-02-28T20:46:22.214+0000] {base.py:271} INFO - POST http://elasticsearch:9200/_bulk [status:200 request:0.009s]
[2025-02-28T20:46:22.233+0000] {base.py:271} INFO - POST http://elasticsearch:9200/_bulk [status:200 request:0.010s]
[2025-02-28T20:46:22.262+0000] {base.py:271} INFO - POST http://elasticsearch:9200/_bulk [status:200 request:0.017s]
[2025-02-28T20:46:22.281+0000] {base.py:271} INFO - POST http://elasticsearch:9200/_bulk [status:200 request:0.010s]
[2025-02-28T20:46:22.299+0000] {base.py:271} INFO - POST http://elasticsearch:9200/_bulk [status:200 request:0.010s]
[2025-02-28T20:46:22.317+0000] {base.py:271} INFO - POST http://elasticsearch:9200/_bulk [status:200 request:0.010s]
[2025-02-28T20:46:22.335+0000] {base.py:271} INFO - POST http://elasticsearch:9200/_bulk [status:200 request:0.009s]
[2025-02-28T20:46:22.352+0000] {base.py:271} INFO - POST http://elasticsearch:9200/_bulk [status:200 request:0.009s]
[2025-02-28T20:46:22.370+0000] {base.py:271} INFO - POST http://elasticsearch:9200/_bulk [status:200 request:0.010s]
[2025-02-28T20:46:22.391+0000] {base.py:271} INFO - POST http://elasticsearch:9200/_bulk [status:200 request:0.013s]
[2025-02-28T20:46:22.410+0000] {base.py:271} INFO - POST http://elasticsearch:9200/_bulk [status:200 request:0.011s]
[2025-02-28T20:46:22.428+0000] {base.py:271} INFO - POST http://elasticsearch:9200/_bulk [status:200 request:0.010s]
[2025-02-28T20:46:22.445+0000] {base.py:271} INFO - POST http://elasticsearch:9200/_bulk [status:200 request:0.010s]
[2025-02-28T20:46:22.463+0000] {base.py:271} INFO - POST http://elasticsearch:9200/_bulk [status:200 request:0.010s]
[2025-02-28T20:46:22.480+0000] {base.py:271} INFO - POST http://elasticsearch:9200/_bulk [status:200 request:0.009s]
[2025-02-28T20:46:22.497+0000] {base.py:271} INFO - POST http://elasticsearch:9200/_bulk [status:200 request:0.010s]
[2025-02-28T20:46:22.515+0000] {base.py:271} INFO - POST http://elasticsearch:9200/_bulk [status:200 request:0.010s]
[2025-02-28T20:46:22.532+0000] {base.py:271} INFO - POST http://elasticsearch:9200/_bulk [status:200 request:0.009s]
[2025-02-28T20:46:22.550+0000] {base.py:271} INFO - POST http://elasticsearch:9200/_bulk [status:200 request:0.010s]
[2025-02-28T20:46:22.567+0000] {base.py:271} INFO - POST http://elasticsearch:9200/_bulk [status:200 request:0.010s]
[2025-02-28T20:46:22.585+0000] {base.py:271} INFO - POST http://elasticsearch:9200/_bulk [status:200 request:0.010s]
[2025-02-28T20:46:22.602+0000] {base.py:271} INFO - POST http://elasticsearch:9200/_bulk [status:200 request:0.009s]
[2025-02-28T20:46:22.620+0000] {base.py:271} INFO - POST http://elasticsearch:9200/_bulk [status:200 request:0.011s]
[2025-02-28T20:46:22.657+0000] {base.py:271} INFO - POST http://elasticsearch:9200/_bulk [status:200 request:0.023s]
[2025-02-28T20:46:22.688+0000] {base.py:271} INFO - POST http://elasticsearch:9200/_bulk [status:200 request:0.018s]
[2025-02-28T20:46:22.718+0000] {base.py:271} INFO - POST http://elasticsearch:9200/_bulk [status:200 request:0.015s]
[2025-02-28T20:46:22.761+0000] {base.py:271} INFO - POST http://elasticsearch:9200/_bulk [status:200 request:0.027s]
[2025-02-28T20:46:22.798+0000] {base.py:271} INFO - POST http://elasticsearch:9200/_bulk [status:200 request:0.013s]
[2025-02-28T20:46:22.820+0000] {base.py:271} INFO - POST http://elasticsearch:9200/_bulk [status:200 request:0.011s]
[2025-02-28T20:46:22.839+0000] {base.py:271} INFO - POST http://elasticsearch:9200/_bulk [status:200 request:0.010s]
[2025-02-28T20:46:22.859+0000] {base.py:271} INFO - POST http://elasticsearch:9200/_bulk [status:200 request:0.012s]
[2025-02-28T20:46:22.882+0000] {base.py:271} INFO - POST http://elasticsearch:9200/_bulk [status:200 request:0.014s]
[2025-02-28T20:46:22.904+0000] {base.py:271} INFO - POST http://elasticsearch:9200/_bulk [status:200 request:0.014s]
[2025-02-28T20:46:22.925+0000] {base.py:271} INFO - POST http://elasticsearch:9200/_bulk [status:200 request:0.013s]
[2025-02-28T20:46:22.951+0000] {base.py:271} INFO - POST http://elasticsearch:9200/_bulk [status:200 request:0.014s]
[2025-02-28T20:46:22.994+0000] {base.py:271} INFO - POST http://elasticsearch:9200/_bulk [status:200 request:0.034s]
[2025-02-28T20:46:23.019+0000] {base.py:271} INFO - POST http://elasticsearch:9200/_bulk [status:200 request:0.015s]
[2025-02-28T20:46:23.046+0000] {base.py:271} INFO - POST http://elasticsearch:9200/_bulk [status:200 request:0.018s]
[2025-02-28T20:46:23.070+0000] {base.py:271} INFO - POST http://elasticsearch:9200/_bulk [status:200 request:0.015s]
[2025-02-28T20:46:23.093+0000] {base.py:271} INFO - POST http://elasticsearch:9200/_bulk [status:200 request:0.015s]
[2025-02-28T20:46:23.117+0000] {base.py:271} INFO - POST http://elasticsearch:9200/_bulk [status:200 request:0.015s]
[2025-02-28T20:46:23.140+0000] {base.py:271} INFO - POST http://elasticsearch:9200/_bulk [status:200 request:0.014s]
[2025-02-28T20:46:23.163+0000] {base.py:271} INFO - POST http://elasticsearch:9200/_bulk [status:200 request:0.015s]
[2025-02-28T20:46:23.188+0000] {base.py:271} INFO - POST http://elasticsearch:9200/_bulk [status:200 request:0.017s]
[2025-02-28T20:46:23.218+0000] {base.py:271} INFO - POST http://elasticsearch:9200/_bulk [status:200 request:0.018s]
[2025-02-28T20:46:23.262+0000] {base.py:271} INFO - POST http://elasticsearch:9200/_bulk [status:200 request:0.021s]
[2025-02-28T20:46:23.299+0000] {base.py:271} INFO - POST http://elasticsearch:9200/_bulk [status:200 request:0.021s]
[2025-02-28T20:46:23.337+0000] {base.py:271} INFO - POST http://elasticsearch:9200/_bulk [status:200 request:0.025s]
[2025-02-28T20:46:23.374+0000] {base.py:271} INFO - POST http://elasticsearch:9200/_bulk [status:200 request:0.022s]
[2025-02-28T20:46:23.403+0000] {base.py:271} INFO - POST http://elasticsearch:9200/_bulk [status:200 request:0.018s]
[2025-02-28T20:46:23.431+0000] {base.py:271} INFO - POST http://elasticsearch:9200/_bulk [status:200 request:0.017s]
[2025-02-28T20:46:23.455+0000] {base.py:271} INFO - POST http://elasticsearch:9200/_bulk [status:200 request:0.015s]
[2025-02-28T20:46:23.490+0000] {base.py:271} INFO - POST http://elasticsearch:9200/_bulk [status:200 request:0.025s]
[2025-02-28T20:46:23.510+0000] {base.py:271} INFO - POST http://elasticsearch:9200/_bulk [status:200 request:0.012s]
[2025-02-28T20:46:23.529+0000] {base.py:271} INFO - POST http://elasticsearch:9200/_bulk [status:200 request:0.011s]
[2025-02-28T20:46:23.548+0000] {base.py:271} INFO - POST http://elasticsearch:9200/_bulk [status:200 request:0.010s]
[2025-02-28T20:46:23.568+0000] {base.py:271} INFO - POST http://elasticsearch:9200/_bulk [status:200 request:0.010s]
[2025-02-28T20:46:23.586+0000] {base.py:271} INFO - POST http://elasticsearch:9200/_bulk [status:200 request:0.010s]
[2025-02-28T20:46:23.607+0000] {base.py:271} INFO - POST http://elasticsearch:9200/_bulk [status:200 request:0.012s]
[2025-02-28T20:46:23.628+0000] {base.py:271} INFO - POST http://elasticsearch:9200/_bulk [status:200 request:0.012s]
[2025-02-28T20:46:23.646+0000] {base.py:271} INFO - POST http://elasticsearch:9200/_bulk [status:200 request:0.010s]
[2025-02-28T20:46:23.665+0000] {base.py:271} INFO - POST http://elasticsearch:9200/_bulk [status:200 request:0.010s]
[2025-02-28T20:46:23.682+0000] {base.py:271} INFO - POST http://elasticsearch:9200/_bulk [status:200 request:0.010s]
[2025-02-28T20:46:23.704+0000] {base.py:271} INFO - POST http://elasticsearch:9200/_bulk [status:200 request:0.013s]
[2025-02-28T20:46:23.729+0000] {base.py:271} INFO - POST http://elasticsearch:9200/_bulk [status:200 request:0.012s]
[2025-02-28T20:46:23.749+0000] {base.py:271} INFO - POST http://elasticsearch:9200/_bulk [status:200 request:0.011s]
[2025-02-28T20:46:23.768+0000] {base.py:271} INFO - POST http://elasticsearch:9200/_bulk [status:200 request:0.011s]
[2025-02-28T20:46:23.787+0000] {base.py:271} INFO - POST http://elasticsearch:9200/_bulk [status:200 request:0.010s]
[2025-02-28T20:46:23.807+0000] {base.py:271} INFO - POST http://elasticsearch:9200/_bulk [status:200 request:0.011s]
[2025-02-28T20:46:23.828+0000] {base.py:271} INFO - POST http://elasticsearch:9200/_bulk [status:200 request:0.012s]
[2025-02-28T20:46:23.848+0000] {base.py:271} INFO - POST http://elasticsearch:9200/_bulk [status:200 request:0.010s]
[2025-02-28T20:46:23.866+0000] {base.py:271} INFO - POST http://elasticsearch:9200/_bulk [status:200 request:0.010s]
[2025-02-28T20:46:23.884+0000] {base.py:271} INFO - POST http://elasticsearch:9200/_bulk [status:200 request:0.010s]
[2025-02-28T20:46:23.902+0000] {base.py:271} INFO - POST http://elasticsearch:9200/_bulk [status:200 request:0.010s]
[2025-02-28T20:46:23.920+0000] {base.py:271} INFO - POST http://elasticsearch:9200/_bulk [status:200 request:0.010s]
[2025-02-28T20:46:23.939+0000] {base.py:271} INFO - POST http://elasticsearch:9200/_bulk [status:200 request:0.010s]
[2025-02-28T20:46:23.958+0000] {base.py:271} INFO - POST http://elasticsearch:9200/_bulk [status:200 request:0.010s]
[2025-02-28T20:46:23.976+0000] {base.py:271} INFO - POST http://elasticsearch:9200/_bulk [status:200 request:0.010s]
[2025-02-28T20:46:23.993+0000] {base.py:271} INFO - POST http://elasticsearch:9200/_bulk [status:200 request:0.009s]
[2025-02-28T20:46:24.010+0000] {base.py:271} INFO - POST http://elasticsearch:9200/_bulk [status:200 request:0.009s]
[2025-02-28T20:46:24.028+0000] {base.py:271} INFO - POST http://elasticsearch:9200/_bulk [status:200 request:0.009s]
[2025-02-28T20:46:24.044+0000] {base.py:271} INFO - POST http://elasticsearch:9200/_bulk [status:200 request:0.009s]
[2025-02-28T20:46:24.061+0000] {base.py:271} INFO - POST http://elasticsearch:9200/_bulk [status:200 request:0.009s]
[2025-02-28T20:46:24.079+0000] {base.py:271} INFO - POST http://elasticsearch:9200/_bulk [status:200 request:0.010s]
[2025-02-28T20:46:24.119+0000] {base.py:271} INFO - POST http://elasticsearch:9200/_bulk [status:200 request:0.025s]
[2025-02-28T20:46:24.143+0000] {base.py:271} INFO - POST http://elasticsearch:9200/_bulk [status:200 request:0.015s]
[2025-02-28T20:46:24.166+0000] {base.py:271} INFO - POST http://elasticsearch:9200/_bulk [status:200 request:0.012s]
[2025-02-28T20:46:24.186+0000] {base.py:271} INFO - POST http://elasticsearch:9200/_bulk [status:200 request:0.011s]
[2025-02-28T20:46:24.211+0000] {base.py:271} INFO - POST http://elasticsearch:9200/_bulk [status:200 request:0.017s]
[2025-02-28T20:46:24.240+0000] {base.py:271} INFO - POST http://elasticsearch:9200/_bulk [status:200 request:0.012s]
[2025-02-28T20:46:24.258+0000] {base.py:271} INFO - POST http://elasticsearch:9200/_bulk [status:200 request:0.010s]
[2025-02-28T20:46:24.279+0000] {base.py:271} INFO - POST http://elasticsearch:9200/_bulk [status:200 request:0.011s]
[2025-02-28T20:46:24.297+0000] {base.py:271} INFO - POST http://elasticsearch:9200/_bulk [status:200 request:0.010s]
[2025-02-28T20:46:24.321+0000] {base.py:271} INFO - POST http://elasticsearch:9200/_bulk [status:200 request:0.015s]
[2025-02-28T20:46:24.363+0000] {base.py:271} INFO - POST http://elasticsearch:9200/_bulk [status:200 request:0.022s]
[2025-02-28T20:46:24.391+0000] {base.py:271} INFO - POST http://elasticsearch:9200/_bulk [status:200 request:0.017s]
[2025-02-28T20:46:24.487+0000] {base.py:271} INFO - POST http://elasticsearch:9200/_bulk [status:200 request:0.084s]
[2025-02-28T20:46:24.636+0000] {base.py:271} INFO - POST http://elasticsearch:9200/_bulk [status:200 request:0.111s]
[2025-02-28T20:46:24.675+0000] {base.py:271} INFO - POST http://elasticsearch:9200/_bulk [status:200 request:0.023s]
[2025-02-28T20:46:24.728+0000] {base.py:271} INFO - POST http://elasticsearch:9200/_bulk [status:200 request:0.030s]
[2025-02-28T20:46:24.757+0000] {base.py:271} INFO - POST http://elasticsearch:9200/_bulk [status:200 request:0.016s]
[2025-02-28T20:46:24.786+0000] {base.py:271} INFO - POST http://elasticsearch:9200/_bulk [status:200 request:0.015s]
[2025-02-28T20:46:24.829+0000] {base.py:271} INFO - POST http://elasticsearch:9200/_bulk [status:200 request:0.032s]
[2025-02-28T20:46:24.856+0000] {base.py:271} INFO - POST http://elasticsearch:9200/_bulk [status:200 request:0.017s]
[2025-02-28T20:46:24.886+0000] {base.py:271} INFO - POST http://elasticsearch:9200/_bulk [status:200 request:0.019s]
[2025-02-28T20:46:24.912+0000] {base.py:271} INFO - POST http://elasticsearch:9200/_bulk [status:200 request:0.013s]
[2025-02-28T20:46:24.933+0000] {base.py:271} INFO - POST http://elasticsearch:9200/_bulk [status:200 request:0.012s]
[2025-02-28T20:46:24.955+0000] {base.py:271} INFO - POST http://elasticsearch:9200/_bulk [status:200 request:0.010s]
[2025-02-28T20:46:24.963+0000] {base.py:271} INFO - POST http://elasticsearch:9200/_bulk [status:200 request:0.005s]
[2025-02-28T20:46:24.964+0000] {logging_mixin.py:149} INFO - Les données ont été ajoutées dans l'index 'velib_data_analytics'.
[2025-02-28T20:46:25.152+0000] {python.py:183} INFO - Done. Returned value was: None
[2025-02-28T20:46:25.226+0000] {taskinstance.py:1373} INFO - Marking task as SUCCESS. dag_id=api_to_db_dag, task_id=index_parquet_to_elasticsearch, execution_date=20250228T204400, start_date=20250228T204617, end_date=20250228T204625
[2025-02-28T20:46:25.480+0000] {local_task_job_runner.py:232} INFO - Task exited with return code 0
[2025-02-28T20:46:25.574+0000] {taskinstance.py:2674} INFO - 0 downstream tasks scheduled from follow-on schedule check
