[2025-03-01T22:45:01.560+0000] {taskinstance.py:1125} INFO - Dependencies all met for dep_context=non-requeueable deps ti=<TaskInstance: api_to_db_dag.get_station_information scheduled__2025-03-01T22:30:00+00:00 [queued]>
[2025-03-01T22:45:01.566+0000] {taskinstance.py:1125} INFO - Dependencies all met for dep_context=requeueable deps ti=<TaskInstance: api_to_db_dag.get_station_information scheduled__2025-03-01T22:30:00+00:00 [queued]>
[2025-03-01T22:45:01.566+0000] {taskinstance.py:1331} INFO - Starting attempt 1 of 2
[2025-03-01T22:45:01.577+0000] {taskinstance.py:1350} INFO - Executing <Task(SimpleHttpOperator): get_station_information> on 2025-03-01 22:30:00+00:00
[2025-03-01T22:45:01.583+0000] {standard_task_runner.py:57} INFO - Started process 18996 to run task
[2025-03-01T22:45:01.585+0000] {standard_task_runner.py:84} INFO - Running: ['***', 'tasks', 'run', 'api_to_db_dag', 'get_station_information', 'scheduled__2025-03-01T22:30:00+00:00', '--job-id', '487', '--raw', '--subdir', 'DAGS_FOLDER/dag.py', '--cfg-path', '/tmp/tmpcsw7ho3p']
[2025-03-01T22:45:01.591+0000] {standard_task_runner.py:85} INFO - Job 487: Subtask get_station_information
[2025-03-01T22:45:01.648+0000] {task_command.py:410} INFO - Running <TaskInstance: api_to_db_dag.get_station_information scheduled__2025-03-01T22:30:00+00:00 [running]> on host 7d0564f8eb8b
[2025-03-01T22:45:01.705+0000] {taskinstance.py:1570} INFO - Exporting env vars: AIRFLOW_CTX_DAG_OWNER='***' AIRFLOW_CTX_DAG_ID='api_to_db_dag' AIRFLOW_CTX_TASK_ID='get_station_information' AIRFLOW_CTX_EXECUTION_DATE='2025-03-01T22:30:00+00:00' AIRFLOW_CTX_TRY_NUMBER='1' AIRFLOW_CTX_DAG_RUN_ID='scheduled__2025-03-01T22:30:00+00:00'
[2025-03-01T22:45:01.706+0000] {http.py:123} INFO - Calling HTTP method
[2025-03-01T22:45:01.711+0000] {base.py:73} INFO - Using connection ID 'velib_api_connection' for task execution.
[2025-03-01T22:45:01.925+0000] {taskinstance.py:1373} INFO - Marking task as SUCCESS. dag_id=api_to_db_dag, task_id=get_station_information, execution_date=20250301T223000, start_date=20250301T224501, end_date=20250301T224501
[2025-03-01T22:45:01.971+0000] {local_task_job_runner.py:232} INFO - Task exited with return code 0
[2025-03-01T22:45:01.991+0000] {taskinstance.py:2674} INFO - 1 downstream tasks scheduled from follow-on schedule check
[2025-03-01T22:47:38.198+0000] {taskinstance.py:1125} INFO - Dependencies all met for dep_context=non-requeueable deps ti=<TaskInstance: api_to_db_dag.get_station_information scheduled__2025-03-01T22:30:00+00:00 [queued]>
[2025-03-01T22:47:38.203+0000] {taskinstance.py:1125} INFO - Dependencies all met for dep_context=requeueable deps ti=<TaskInstance: api_to_db_dag.get_station_information scheduled__2025-03-01T22:30:00+00:00 [queued]>
[2025-03-01T22:47:38.204+0000] {taskinstance.py:1331} INFO - Starting attempt 1 of 2
[2025-03-01T22:47:38.214+0000] {taskinstance.py:1350} INFO - Executing <Task(SimpleHttpOperator): get_station_information> on 2025-03-01 22:30:00+00:00
[2025-03-01T22:47:38.218+0000] {standard_task_runner.py:57} INFO - Started process 21491 to run task
[2025-03-01T22:47:38.220+0000] {standard_task_runner.py:84} INFO - Running: ['***', 'tasks', 'run', 'api_to_db_dag', 'get_station_information', 'scheduled__2025-03-01T22:30:00+00:00', '--job-id', '504', '--raw', '--subdir', 'DAGS_FOLDER/dag.py', '--cfg-path', '/tmp/tmp08f2g9ga']
[2025-03-01T22:47:38.222+0000] {standard_task_runner.py:85} INFO - Job 504: Subtask get_station_information
[2025-03-01T22:47:38.251+0000] {task_command.py:410} INFO - Running <TaskInstance: api_to_db_dag.get_station_information scheduled__2025-03-01T22:30:00+00:00 [running]> on host 7d0564f8eb8b
[2025-03-01T22:47:38.307+0000] {taskinstance.py:1570} INFO - Exporting env vars: AIRFLOW_CTX_DAG_OWNER='***' AIRFLOW_CTX_DAG_ID='api_to_db_dag' AIRFLOW_CTX_TASK_ID='get_station_information' AIRFLOW_CTX_EXECUTION_DATE='2025-03-01T22:30:00+00:00' AIRFLOW_CTX_TRY_NUMBER='1' AIRFLOW_CTX_DAG_RUN_ID='scheduled__2025-03-01T22:30:00+00:00'
[2025-03-01T22:47:38.307+0000] {http.py:123} INFO - Calling HTTP method
[2025-03-01T22:47:38.313+0000] {base.py:73} INFO - Using connection ID 'velib_api_connection' for task execution.
[2025-03-01T22:47:38.495+0000] {taskinstance.py:1373} INFO - Marking task as SUCCESS. dag_id=api_to_db_dag, task_id=get_station_information, execution_date=20250301T223000, start_date=20250301T224738, end_date=20250301T224738
[2025-03-01T22:47:38.524+0000] {local_task_job_runner.py:232} INFO - Task exited with return code 0
[2025-03-01T22:47:38.541+0000] {taskinstance.py:2674} INFO - 1 downstream tasks scheduled from follow-on schedule check
