[2025-02-27T20:55:23.979+0000] {taskinstance.py:1125} INFO - Dependencies all met for dep_context=non-requeueable deps ti=<TaskInstance: api_to_db_dag.save_station_details_information scheduled__2025-02-26T00:00:00+00:00 [queued]>
[2025-02-27T20:55:23.991+0000] {taskinstance.py:1125} INFO - Dependencies all met for dep_context=requeueable deps ti=<TaskInstance: api_to_db_dag.save_station_details_information scheduled__2025-02-26T00:00:00+00:00 [queued]>
[2025-02-27T20:55:23.994+0000] {taskinstance.py:1331} INFO - Starting attempt 1 of 1
[2025-02-27T20:55:24.008+0000] {taskinstance.py:1350} INFO - Executing <Task(PythonOperator): save_station_details_information> on 2025-02-26 00:00:00+00:00
[2025-02-27T20:55:24.019+0000] {standard_task_runner.py:57} INFO - Started process 437 to run task
[2025-02-27T20:55:24.023+0000] {standard_task_runner.py:84} INFO - Running: ['***', 'tasks', 'run', 'api_to_db_dag', 'save_station_details_information', 'scheduled__2025-02-26T00:00:00+00:00', '--job-id', '16', '--raw', '--subdir', 'DAGS_FOLDER/dag.py', '--cfg-path', '/tmp/tmpq8kjf4d9']
[2025-02-27T20:55:24.025+0000] {standard_task_runner.py:85} INFO - Job 16: Subtask save_station_details_information
[2025-02-27T20:55:24.089+0000] {task_command.py:410} INFO - Running <TaskInstance: api_to_db_dag.save_station_details_information scheduled__2025-02-26T00:00:00+00:00 [running]> on host 53fdc8261bae
[2025-02-27T20:55:24.503+0000] {taskinstance.py:1570} INFO - Exporting env vars: AIRFLOW_CTX_DAG_OWNER='***' AIRFLOW_CTX_DAG_ID='api_to_db_dag' AIRFLOW_CTX_TASK_ID='save_station_details_information' AIRFLOW_CTX_EXECUTION_DATE='2025-02-26T00:00:00+00:00' AIRFLOW_CTX_TRY_NUMBER='1' AIRFLOW_CTX_DAG_RUN_ID='scheduled__2025-02-26T00:00:00+00:00'
[2025-02-27T20:55:24.658+0000] {python.py:183} INFO - Done. Returned value was: /mnt/data/raw/velib_api/station_information/202502272055/extract.json
[2025-02-27T20:55:24.685+0000] {taskinstance.py:1373} INFO - Marking task as SUCCESS. dag_id=api_to_db_dag, task_id=save_station_details_information, execution_date=20250226T000000, start_date=20250227T205523, end_date=20250227T205524
[2025-02-27T20:55:24.714+0000] {local_task_job_runner.py:232} INFO - Task exited with return code 0
[2025-02-27T20:55:24.747+0000] {taskinstance.py:2674} INFO - 1 downstream tasks scheduled from follow-on schedule check
[2025-02-27T23:34:30.875+0000] {taskinstance.py:1125} INFO - Dependencies all met for dep_context=non-requeueable deps ti=<TaskInstance: api_to_db_dag.save_station_details_information scheduled__2025-02-26T00:00:00+00:00 [queued]>
[2025-02-27T23:34:30.881+0000] {taskinstance.py:1125} INFO - Dependencies all met for dep_context=requeueable deps ti=<TaskInstance: api_to_db_dag.save_station_details_information scheduled__2025-02-26T00:00:00+00:00 [queued]>
[2025-02-27T23:34:30.882+0000] {taskinstance.py:1331} INFO - Starting attempt 1 of 1
[2025-02-27T23:34:30.892+0000] {taskinstance.py:1350} INFO - Executing <Task(PythonOperator): save_station_details_information> on 2025-02-26 00:00:00+00:00
[2025-02-27T23:34:30.897+0000] {clientserver.py:543} INFO - Closing down clientserver connection
[2025-02-27T23:34:30.897+0000] {standard_task_runner.py:57} INFO - Started process 1875 to run task
[2025-02-27T23:34:30.904+0000] {standard_task_runner.py:84} INFO - Running: ['***', 'tasks', 'run', 'api_to_db_dag', 'save_station_details_information', 'scheduled__2025-02-26T00:00:00+00:00', '--job-id', '8', '--raw', '--subdir', 'DAGS_FOLDER/dag.py', '--cfg-path', '/tmp/tmpl8s4k1gs']
[2025-02-27T23:34:30.914+0000] {standard_task_runner.py:85} INFO - Job 8: Subtask save_station_details_information
[2025-02-27T23:34:30.935+0000] {clientserver.py:505} INFO - Error while sending or receiving.
Traceback (most recent call last):
  File "/home/airflow/.local/lib/python3.7/site-packages/py4j/clientserver.py", line 503, in send_command
    self.socket.sendall(command.encode("utf-8"))
ConnectionResetError: [Errno 104] Connection reset by peer
[2025-02-27T23:34:30.937+0000] {clientserver.py:543} INFO - Closing down clientserver connection
[2025-02-27T23:34:30.938+0000] {java_gateway.py:1052} INFO - Exception while sending command.
Traceback (most recent call last):
  File "/home/airflow/.local/lib/python3.7/site-packages/py4j/clientserver.py", line 503, in send_command
    self.socket.sendall(command.encode("utf-8"))
ConnectionResetError: [Errno 104] Connection reset by peer

During handling of the above exception, another exception occurred:

Traceback (most recent call last):
  File "/home/airflow/.local/lib/python3.7/site-packages/py4j/java_gateway.py", line 1038, in send_command
    response = connection.send_command(command)
  File "/home/airflow/.local/lib/python3.7/site-packages/py4j/clientserver.py", line 507, in send_command
    "Error while sending", e, proto.ERROR_ON_SEND)
py4j.protocol.Py4JNetworkError: Error while sending
[2025-02-27T23:34:30.942+0000] {clientserver.py:543} INFO - Closing down clientserver connection
[2025-02-27T23:34:30.968+0000] {task_command.py:410} INFO - Running <TaskInstance: api_to_db_dag.save_station_details_information scheduled__2025-02-26T00:00:00+00:00 [running]> on host 80b2b1669f52
[2025-02-27T23:34:31.026+0000] {taskinstance.py:1570} INFO - Exporting env vars: AIRFLOW_CTX_DAG_OWNER='***' AIRFLOW_CTX_DAG_ID='api_to_db_dag' AIRFLOW_CTX_TASK_ID='save_station_details_information' AIRFLOW_CTX_EXECUTION_DATE='2025-02-26T00:00:00+00:00' AIRFLOW_CTX_TRY_NUMBER='1' AIRFLOW_CTX_DAG_RUN_ID='scheduled__2025-02-26T00:00:00+00:00'
[2025-02-27T23:34:31.093+0000] {python.py:183} INFO - Done. Returned value was: /mnt/data/raw/velib_api/station_information/20250227/202502272334.json
[2025-02-27T23:34:31.109+0000] {taskinstance.py:1373} INFO - Marking task as SUCCESS. dag_id=api_to_db_dag, task_id=save_station_details_information, execution_date=20250226T000000, start_date=20250227T233430, end_date=20250227T233431
[2025-02-27T23:34:31.120+0000] {local_task_job_runner.py:232} INFO - Task exited with return code 0
[2025-02-27T23:34:31.140+0000] {taskinstance.py:2674} INFO - 1 downstream tasks scheduled from follow-on schedule check
