[2025-03-02T19:00:04.956+0000] {taskinstance.py:1125} INFO - Dependencies all met for dep_context=non-requeueable deps ti=<TaskInstance: api_to_db_dag.process_raw_station_information scheduled__2025-03-02T18:45:00+00:00 [queued]>
[2025-03-02T19:00:04.969+0000] {taskinstance.py:1125} INFO - Dependencies all met for dep_context=requeueable deps ti=<TaskInstance: api_to_db_dag.process_raw_station_information scheduled__2025-03-02T18:45:00+00:00 [queued]>
[2025-03-02T19:00:04.969+0000] {taskinstance.py:1331} INFO - Starting attempt 1 of 2
[2025-03-02T19:00:04.979+0000] {taskinstance.py:1350} INFO - Executing <Task(PythonOperator): process_raw_station_information> on 2025-03-02 18:45:00+00:00
[2025-03-02T19:00:04.988+0000] {standard_task_runner.py:57} INFO - Started process 15480 to run task
[2025-03-02T19:00:04.990+0000] {standard_task_runner.py:84} INFO - Running: ['***', 'tasks', 'run', 'api_to_db_dag', 'process_raw_station_information', 'scheduled__2025-03-02T18:45:00+00:00', '--job-id', '151', '--raw', '--subdir', 'DAGS_FOLDER/dag.py', '--cfg-path', '/tmp/tmpkmff4x08']
[2025-03-02T19:00:04.993+0000] {standard_task_runner.py:85} INFO - Job 151: Subtask process_raw_station_information
[2025-03-02T19:00:05.032+0000] {task_command.py:410} INFO - Running <TaskInstance: api_to_db_dag.process_raw_station_information scheduled__2025-03-02T18:45:00+00:00 [running]> on host 3befbd719c1b
[2025-03-02T19:00:05.107+0000] {taskinstance.py:1570} INFO - Exporting env vars: AIRFLOW_CTX_DAG_OWNER='***' AIRFLOW_CTX_DAG_ID='api_to_db_dag' AIRFLOW_CTX_TASK_ID='process_raw_station_information' AIRFLOW_CTX_EXECUTION_DATE='2025-03-02T18:45:00+00:00' AIRFLOW_CTX_TRY_NUMBER='1' AIRFLOW_CTX_DAG_RUN_ID='scheduled__2025-03-02T18:45:00+00:00'
[2025-03-02T19:00:07.604+0000] {logging_mixin.py:149} WARNING - /home/***/.local/lib/python3.7/site-packages/pyspark/context.py:317 FutureWarning: Python 3.7 support is deprecated in Spark 3.4.
[2025-03-02T19:00:13.584+0000] {logging_mixin.py:149} INFO - Error processing file /mnt/data/raw/velib_api/station_information/20250301/202503012130.json: [UNRESOLVED_COLUMN.WITH_SUGGESTION] A column or function parameter with name `data`.`stations` cannot be resolved. Did you mean one of the following? [`_corrupt_record`].; line 1 pos 8;
'Project ['explode('data.stations) AS station#98]
+- Relation [_corrupt_record#96] json
[2025-03-02T19:00:13.878+0000] {logging_mixin.py:149} INFO - Error processing file /mnt/data/raw/velib_api/station_information/20250301/202503012219.json: [UNRESOLVED_COLUMN.WITH_SUGGESTION] A column or function parameter with name `data`.`stations` cannot be resolved. Did you mean one of the following? [`_corrupt_record`].; line 1 pos 8;
'Project ['explode('data.stations) AS station#110]
+- Relation [_corrupt_record#108] json
[2025-03-02T19:00:17.214+0000] {logging_mixin.py:149} INFO - Error processing file /mnt/data/raw/velib_api/station_information/20250301/202503012330.json: [UNRESOLVED_COLUMN.WITH_SUGGESTION] A column or function parameter with name `data`.`stations` cannot be resolved. Did you mean one of the following? [`_corrupt_record`].; line 1 pos 8;
'Project ['explode('data.stations) AS station#694]
+- Relation [_corrupt_record#692] json
[2025-03-02T19:00:17.325+0000] {logging_mixin.py:149} INFO - Error processing file /mnt/data/raw/velib_api/station_information/20250301/202503012100.json: [UNRESOLVED_COLUMN.WITH_SUGGESTION] A column or function parameter with name `data`.`stations` cannot be resolved. Did you mean one of the following? [`_corrupt_record`].; line 1 pos 8;
'Project ['explode('data.stations) AS station#706]
+- Relation [_corrupt_record#704] json
[2025-03-02T19:00:18.042+0000] {logging_mixin.py:149} INFO - Error processing file /mnt/data/raw/velib_api/station_information/20250301/202503012245.json: [UNRESOLVED_COLUMN.WITH_SUGGESTION] A column or function parameter with name `data`.`stations` cannot be resolved. Did you mean one of the following? [`_corrupt_record`].; line 1 pos 8;
'Project ['explode('data.stations) AS station#894]
+- Relation [_corrupt_record#892] json
[2025-03-02T19:00:18.146+0000] {logging_mixin.py:149} INFO - Error processing file /mnt/data/raw/velib_api/station_information/20250301/202503012300.json: [UNRESOLVED_COLUMN.WITH_SUGGESTION] A column or function parameter with name `data`.`stations` cannot be resolved. Did you mean one of the following? [`_corrupt_record`].; line 1 pos 8;
'Project ['explode('data.stations) AS station#906]
+- Relation [_corrupt_record#904] json
[2025-03-02T19:00:19.768+0000] {logging_mixin.py:149} INFO - Error processing file /mnt/data/raw/velib_api/station_information/20250301/202503012315.json: [UNRESOLVED_COLUMN.WITH_SUGGESTION] A column or function parameter with name `data`.`stations` cannot be resolved. Did you mean one of the following? [`_corrupt_record`].; line 1 pos 8;
'Project ['explode('data.stations) AS station#1358]
+- Relation [_corrupt_record#1356] json
[2025-03-02T19:00:20.461+0000] {logging_mixin.py:149} INFO - Error processing file /mnt/data/raw/velib_api/station_information/20250301/202503012123.json: [UNRESOLVED_COLUMN.WITH_SUGGESTION] A column or function parameter with name `data`.`stations` cannot be resolved. Did you mean one of the following? [`_corrupt_record`].; line 1 pos 8;
'Project ['explode('data.stations) AS station#1590]
+- Relation [_corrupt_record#1588] json
[2025-03-02T19:00:21.504+0000] {logging_mixin.py:149} INFO - Error processing file /mnt/data/raw/velib_api/station_information/20250301/202503012247.json: [UNRESOLVED_COLUMN.WITH_SUGGESTION] A column or function parameter with name `data`.`stations` cannot be resolved. Did you mean one of the following? [`_corrupt_record`].; line 1 pos 8;
'Project ['explode('data.stations) AS station#1866]
+- Relation [_corrupt_record#1864] json
[2025-03-02T19:00:21.798+0000] {logging_mixin.py:149} INFO - Error processing file /mnt/data/raw/velib_api/station_information/20250301/202503012221.json: [UNRESOLVED_COLUMN.WITH_SUGGESTION] A column or function parameter with name `data`.`stations` cannot be resolved. Did you mean one of the following? [`_corrupt_record`].; line 1 pos 8;
'Project ['explode('data.stations) AS station#1922]
+- Relation [_corrupt_record#1920] json
[2025-03-02T19:00:22.761+0000] {logging_mixin.py:149} INFO - Error processing file /mnt/data/raw/velib_api/station_information/20250301/202503012201.json: [UNRESOLVED_COLUMN.WITH_SUGGESTION] A column or function parameter with name `data`.`stations` cannot be resolved. Did you mean one of the following? [`_corrupt_record`].; line 1 pos 8;
'Project ['explode('data.stations) AS station#2198]
+- Relation [_corrupt_record#2196] json
[2025-03-02T19:00:22.832+0000] {logging_mixin.py:149} INFO - Error processing file /mnt/data/raw/velib_api/station_information/20250301/202503012145.json: [UNRESOLVED_COLUMN.WITH_SUGGESTION] A column or function parameter with name `data`.`stations` cannot be resolved. Did you mean one of the following? [`_corrupt_record`].; line 1 pos 8;
'Project ['explode('data.stations) AS station#2210]
+- Relation [_corrupt_record#2208] json
[2025-03-02T19:00:23.153+0000] {logging_mixin.py:149} INFO - Error processing file /mnt/data/raw/velib_api/station_information/20250301/202503012056.json: [UNRESOLVED_COLUMN.WITH_SUGGESTION] A column or function parameter with name `data`.`stations` cannot be resolved. Did you mean one of the following? [`_corrupt_record`].; line 1 pos 8;
'Project ['explode('data.stations) AS station#2310]
+- Relation [_corrupt_record#2308] json
[2025-03-02T19:00:23.618+0000] {logging_mixin.py:149} INFO - Error processing file /mnt/data/raw/velib_api/station_information/20250301/202503012216.json: [UNRESOLVED_COLUMN.WITH_SUGGESTION] A column or function parameter with name `data`.`stations` cannot be resolved. Did you mean one of the following? [`_corrupt_record`].; line 1 pos 8;
'Project ['explode('data.stations) AS station#2454]
+- Relation [_corrupt_record#2452] json
[2025-03-02T19:00:23.812+0000] {logging_mixin.py:149} INFO - Error processing file /mnt/data/raw/velib_api/station_information/20250301/202503012236.json: [UNRESOLVED_COLUMN.WITH_SUGGESTION] A column or function parameter with name `data`.`stations` cannot be resolved. Did you mean one of the following? [`_corrupt_record`].; line 1 pos 8;
'Project ['explode('data.stations) AS station#2510]
+- Relation [_corrupt_record#2508] json
[2025-03-02T19:00:24.003+0000] {logging_mixin.py:149} INFO - Error processing file /mnt/data/raw/velib_api/station_information/20250301/202503012220.json: [UNRESOLVED_COLUMN.WITH_SUGGESTION] A column or function parameter with name `data`.`stations` cannot be resolved. Did you mean one of the following? [`_corrupt_record`].; line 1 pos 8;
'Project ['explode('data.stations) AS station#2566]
+- Relation [_corrupt_record#2564] json
[2025-03-02T19:00:45.568+0000] {logging_mixin.py:149} INFO - Error processing file /mnt/data/raw/velib_api/station_information/20250302/202503021851.json: [UNRESOLVED_COLUMN.WITH_SUGGESTION] A column or function parameter with name `data`.`stations` cannot be resolved. Did you mean one of the following? [`_corrupt_record`].; line 1 pos 8;
'Project ['explode('data.stations) AS station#9222]
+- Relation [_corrupt_record#9220] json
[2025-03-02T19:00:45.692+0000] {logging_mixin.py:149} INFO - Error processing file /mnt/data/raw/velib_api/station_information/20250302/202503021345.json: [UNRESOLVED_COLUMN.WITH_SUGGESTION] A column or function parameter with name `data`.`stations` cannot be resolved. Did you mean one of the following? [`_corrupt_record`].; line 1 pos 8;
'Project ['explode('data.stations) AS station#9234]
+- Relation [_corrupt_record#9232] json
[2025-03-02T19:00:45.780+0000] {logging_mixin.py:149} INFO - Error processing file /mnt/data/raw/velib_api/station_information/20250302/202503021715.json: [UNRESOLVED_COLUMN.WITH_SUGGESTION] A column or function parameter with name `data`.`stations` cannot be resolved. Did you mean one of the following? [`_corrupt_record`].; line 1 pos 8;
'Project ['explode('data.stations) AS station#9246]
+- Relation [_corrupt_record#9244] json
[2025-03-02T19:00:45.852+0000] {logging_mixin.py:149} INFO - Error processing file /mnt/data/raw/velib_api/station_information/20250302/202503021830.json: [UNRESOLVED_COLUMN.WITH_SUGGESTION] A column or function parameter with name `data`.`stations` cannot be resolved. Did you mean one of the following? [`_corrupt_record`].; line 1 pos 8;
'Project ['explode('data.stations) AS station#9258]
+- Relation [_corrupt_record#9256] json
[2025-03-02T19:00:45.938+0000] {logging_mixin.py:149} INFO - Error processing file /mnt/data/raw/velib_api/station_information/20250302/202503021430.json: [UNRESOLVED_COLUMN.WITH_SUGGESTION] A column or function parameter with name `data`.`stations` cannot be resolved. Did you mean one of the following? [`_corrupt_record`].; line 1 pos 8;
'Project ['explode('data.stations) AS station#9270]
+- Relation [_corrupt_record#9268] json
[2025-03-02T19:00:46.013+0000] {logging_mixin.py:149} INFO - Error processing file /mnt/data/raw/velib_api/station_information/20250302/202503021630.json: [UNRESOLVED_COLUMN.WITH_SUGGESTION] A column or function parameter with name `data`.`stations` cannot be resolved. Did you mean one of the following? [`_corrupt_record`].; line 1 pos 8;
'Project ['explode('data.stations) AS station#9282]
+- Relation [_corrupt_record#9280] json
[2025-03-02T19:00:46.089+0000] {logging_mixin.py:149} INFO - Error processing file /mnt/data/raw/velib_api/station_information/20250302/202503021734.json: [UNRESOLVED_COLUMN.WITH_SUGGESTION] A column or function parameter with name `data`.`stations` cannot be resolved. Did you mean one of the following? [`_corrupt_record`].; line 1 pos 8;
'Project ['explode('data.stations) AS station#9294]
+- Relation [_corrupt_record#9292] json
[2025-03-02T19:00:46.148+0000] {logging_mixin.py:149} INFO - Error processing file /mnt/data/raw/velib_api/station_information/20250302/202503021554.json: [UNRESOLVED_COLUMN.WITH_SUGGESTION] A column or function parameter with name `data`.`stations` cannot be resolved. Did you mean one of the following? [`_corrupt_record`].; line 1 pos 8;
'Project ['explode('data.stations) AS station#9306]
+- Relation [_corrupt_record#9304] json
[2025-03-02T19:00:46.204+0000] {logging_mixin.py:149} INFO - Error processing file /mnt/data/raw/velib_api/station_information/20250302/202503021800.json: [UNRESOLVED_COLUMN.WITH_SUGGESTION] A column or function parameter with name `data`.`stations` cannot be resolved. Did you mean one of the following? [`_corrupt_record`].; line 1 pos 8;
'Project ['explode('data.stations) AS station#9318]
+- Relation [_corrupt_record#9316] json
[2025-03-02T19:00:46.284+0000] {logging_mixin.py:149} INFO - Error processing file /mnt/data/raw/velib_api/station_information/20250302/202503021400.json: [UNRESOLVED_COLUMN.WITH_SUGGESTION] A column or function parameter with name `data`.`stations` cannot be resolved. Did you mean one of the following? [`_corrupt_record`].; line 1 pos 8;
'Project ['explode('data.stations) AS station#9330]
+- Relation [_corrupt_record#9328] json
[2025-03-02T19:00:46.380+0000] {logging_mixin.py:149} INFO - Error processing file /mnt/data/raw/velib_api/station_information/20250302/202503021745.json: [UNRESOLVED_COLUMN.WITH_SUGGESTION] A column or function parameter with name `data`.`stations` cannot be resolved. Did you mean one of the following? [`_corrupt_record`].; line 1 pos 8;
'Project ['explode('data.stations) AS station#9342]
+- Relation [_corrupt_record#9340] json
[2025-03-02T19:00:46.469+0000] {logging_mixin.py:149} INFO - Error processing file /mnt/data/raw/velib_api/station_information/20250302/202503021600.json: [UNRESOLVED_COLUMN.WITH_SUGGESTION] A column or function parameter with name `data`.`stations` cannot be resolved. Did you mean one of the following? [`_corrupt_record`].; line 1 pos 8;
'Project ['explode('data.stations) AS station#9354]
+- Relation [_corrupt_record#9352] json
[2025-03-02T19:00:46.536+0000] {logging_mixin.py:149} INFO - Error processing file /mnt/data/raw/velib_api/station_information/20250302/202503021548.json: [UNRESOLVED_COLUMN.WITH_SUGGESTION] A column or function parameter with name `data`.`stations` cannot be resolved. Did you mean one of the following? [`_corrupt_record`].; line 1 pos 8;
'Project ['explode('data.stations) AS station#9366]
+- Relation [_corrupt_record#9364] json
[2025-03-02T19:00:46.592+0000] {logging_mixin.py:149} INFO - Error processing file /mnt/data/raw/velib_api/station_information/20250302/202503021530.json: [UNRESOLVED_COLUMN.WITH_SUGGESTION] A column or function parameter with name `data`.`stations` cannot be resolved. Did you mean one of the following? [`_corrupt_record`].; line 1 pos 8;
'Project ['explode('data.stations) AS station#9378]
+- Relation [_corrupt_record#9376] json
[2025-03-02T19:00:46.687+0000] {logging_mixin.py:149} INFO - Error processing file /mnt/data/raw/velib_api/station_information/20250302/202503021615.json: [UNRESOLVED_COLUMN.WITH_SUGGESTION] A column or function parameter with name `data`.`stations` cannot be resolved. Did you mean one of the following? [`_corrupt_record`].; line 1 pos 8;
'Project ['explode('data.stations) AS station#9390]
+- Relation [_corrupt_record#9388] json
[2025-03-02T19:00:46.766+0000] {logging_mixin.py:149} INFO - Error processing file /mnt/data/raw/velib_api/station_information/20250302/202503021854.json: [UNRESOLVED_COLUMN.WITH_SUGGESTION] A column or function parameter with name `data`.`stations` cannot be resolved. Did you mean one of the following? [`_corrupt_record`].; line 1 pos 8;
'Project ['explode('data.stations) AS station#9402]
+- Relation [_corrupt_record#9400] json
[2025-03-02T19:00:46.829+0000] {logging_mixin.py:149} INFO - Error processing file /mnt/data/raw/velib_api/station_information/20250302/202503021815.json: [UNRESOLVED_COLUMN.WITH_SUGGESTION] A column or function parameter with name `data`.`stations` cannot be resolved. Did you mean one of the following? [`_corrupt_record`].; line 1 pos 8;
'Project ['explode('data.stations) AS station#9414]
+- Relation [_corrupt_record#9412] json
[2025-03-02T19:00:46.891+0000] {logging_mixin.py:149} INFO - Error processing file /mnt/data/raw/velib_api/station_information/20250302/202503021527.json: [UNRESOLVED_COLUMN.WITH_SUGGESTION] A column or function parameter with name `data`.`stations` cannot be resolved. Did you mean one of the following? [`_corrupt_record`].; line 1 pos 8;
'Project ['explode('data.stations) AS station#9426]
+- Relation [_corrupt_record#9424] json
[2025-03-02T19:00:47.025+0000] {logging_mixin.py:149} INFO - Error processing file /mnt/data/raw/velib_api/station_information/20250302/202503021516.json: [UNRESOLVED_COLUMN.WITH_SUGGESTION] A column or function parameter with name `data`.`stations` cannot be resolved. Did you mean one of the following? [`_corrupt_record`].; line 1 pos 8;
'Project ['explode('data.stations) AS station#9438]
+- Relation [_corrupt_record#9436] json
[2025-03-02T19:00:47.088+0000] {logging_mixin.py:149} INFO - Error processing file /mnt/data/raw/velib_api/station_information/20250302/202503021845.json: [UNRESOLVED_COLUMN.WITH_SUGGESTION] A column or function parameter with name `data`.`stations` cannot be resolved. Did you mean one of the following? [`_corrupt_record`].; line 1 pos 8;
'Project ['explode('data.stations) AS station#9450]
+- Relation [_corrupt_record#9448] json
[2025-03-02T19:00:47.161+0000] {logging_mixin.py:149} INFO - Error processing file /mnt/data/raw/velib_api/station_information/20250302/202503021900.json: [UNRESOLVED_COLUMN.WITH_SUGGESTION] A column or function parameter with name `data`.`stations` cannot be resolved. Did you mean one of the following? [`_corrupt_record`].; line 1 pos 8;
'Project ['explode('data.stations) AS station#9462]
+- Relation [_corrupt_record#9460] json
[2025-03-02T19:00:47.224+0000] {logging_mixin.py:149} INFO - Error processing file /mnt/data/raw/velib_api/station_information/20250302/202503021500.json: [UNRESOLVED_COLUMN.WITH_SUGGESTION] A column or function parameter with name `data`.`stations` cannot be resolved. Did you mean one of the following? [`_corrupt_record`].; line 1 pos 8;
'Project ['explode('data.stations) AS station#9474]
+- Relation [_corrupt_record#9472] json
[2025-03-02T19:00:47.288+0000] {logging_mixin.py:149} INFO - Error processing file /mnt/data/raw/velib_api/station_information/20250302/202503021445.json: [UNRESOLVED_COLUMN.WITH_SUGGESTION] A column or function parameter with name `data`.`stations` cannot be resolved. Did you mean one of the following? [`_corrupt_record`].; line 1 pos 8;
'Project ['explode('data.stations) AS station#9486]
+- Relation [_corrupt_record#9484] json
[2025-03-02T19:00:47.348+0000] {logging_mixin.py:149} INFO - Error processing file /mnt/data/raw/velib_api/station_information/20250302/202503021645.json: [UNRESOLVED_COLUMN.WITH_SUGGESTION] A column or function parameter with name `data`.`stations` cannot be resolved. Did you mean one of the following? [`_corrupt_record`].; line 1 pos 8;
'Project ['explode('data.stations) AS station#9498]
+- Relation [_corrupt_record#9496] json
[2025-03-02T19:00:47.401+0000] {logging_mixin.py:149} INFO - Error processing file /mnt/data/raw/velib_api/station_information/20250302/202503021700.json: [UNRESOLVED_COLUMN.WITH_SUGGESTION] A column or function parameter with name `data`.`stations` cannot be resolved. Did you mean one of the following? [`_corrupt_record`].; line 1 pos 8;
'Project ['explode('data.stations) AS station#9510]
+- Relation [_corrupt_record#9508] json
[2025-03-02T19:00:47.454+0000] {logging_mixin.py:149} INFO - Error processing file /mnt/data/raw/velib_api/station_information/20250302/202503021429.json: [UNRESOLVED_COLUMN.WITH_SUGGESTION] A column or function parameter with name `data`.`stations` cannot be resolved. Did you mean one of the following? [`_corrupt_record`].; line 1 pos 8;
'Project ['explode('data.stations) AS station#9522]
+- Relation [_corrupt_record#9520] json
[2025-03-02T19:00:47.455+0000] {python.py:183} INFO - Done. Returned value was: None
[2025-03-02T19:00:47.483+0000] {taskinstance.py:1373} INFO - Marking task as SUCCESS. dag_id=api_to_db_dag, task_id=process_raw_station_information, execution_date=20250302T184500, start_date=20250302T190004, end_date=20250302T190047
[2025-03-02T19:00:47.559+0000] {local_task_job_runner.py:232} INFO - Task exited with return code 0
[2025-03-02T19:00:47.587+0000] {taskinstance.py:2674} INFO - 0 downstream tasks scheduled from follow-on schedule check
[2025-03-02T19:02:03.537+0000] {taskinstance.py:1125} INFO - Dependencies all met for dep_context=non-requeueable deps ti=<TaskInstance: api_to_db_dag.process_raw_station_information scheduled__2025-03-02T18:45:00+00:00 [queued]>
[2025-03-02T19:02:03.545+0000] {taskinstance.py:1125} INFO - Dependencies all met for dep_context=requeueable deps ti=<TaskInstance: api_to_db_dag.process_raw_station_information scheduled__2025-03-02T18:45:00+00:00 [queued]>
[2025-03-02T19:02:03.545+0000] {taskinstance.py:1331} INFO - Starting attempt 1 of 2
[2025-03-02T19:02:03.556+0000] {taskinstance.py:1350} INFO - Executing <Task(PythonOperator): process_raw_station_information> on 2025-03-02 18:45:00+00:00
[2025-03-02T19:02:03.571+0000] {clientserver.py:543} INFO - Closing down clientserver connection
[2025-03-02T19:02:03.572+0000] {standard_task_runner.py:57} INFO - Started process 21984 to run task
[2025-03-02T19:02:03.587+0000] {standard_task_runner.py:84} INFO - Running: ['***', 'tasks', 'run', 'api_to_db_dag', 'process_raw_station_information', 'scheduled__2025-03-02T18:45:00+00:00', '--job-id', '161', '--raw', '--subdir', 'DAGS_FOLDER/dag.py', '--cfg-path', '/tmp/tmpeguily8y']
[2025-03-02T19:02:03.589+0000] {standard_task_runner.py:85} INFO - Job 161: Subtask process_raw_station_information
[2025-03-02T19:02:03.687+0000] {task_command.py:410} INFO - Running <TaskInstance: api_to_db_dag.process_raw_station_information scheduled__2025-03-02T18:45:00+00:00 [running]> on host 3befbd719c1b
[2025-03-02T19:02:03.960+0000] {taskinstance.py:1570} INFO - Exporting env vars: AIRFLOW_CTX_DAG_OWNER='***' AIRFLOW_CTX_DAG_ID='api_to_db_dag' AIRFLOW_CTX_TASK_ID='process_raw_station_information' AIRFLOW_CTX_EXECUTION_DATE='2025-03-02T18:45:00+00:00' AIRFLOW_CTX_TRY_NUMBER='1' AIRFLOW_CTX_DAG_RUN_ID='scheduled__2025-03-02T18:45:00+00:00'
[2025-03-02T19:02:12.368+0000] {logging_mixin.py:149} INFO - Error processing file /mnt/data/raw/velib_api/station_information/20250301/202503011730.json: An error occurred while calling o49.parquet.
: ExitCodeException exitCode=1: chmod: cannot access '/mnt/data/formatted/velib_api/station_information/20250301/202503011730.snappy.parquet': No such file or directory

	at org.apache.hadoop.util.Shell.runCommand(Shell.java:1007)
	at org.apache.hadoop.util.Shell.run(Shell.java:900)
	at org.apache.hadoop.util.Shell$ShellCommandExecutor.execute(Shell.java:1212)
	at org.apache.hadoop.util.Shell.execCommand(Shell.java:1306)
	at org.apache.hadoop.util.Shell.execCommand(Shell.java:1288)
	at org.apache.hadoop.fs.RawLocalFileSystem.setPermission(RawLocalFileSystem.java:978)
	at org.apache.hadoop.fs.RawLocalFileSystem.mkOneDirWithMode(RawLocalFileSystem.java:660)
	at org.apache.hadoop.fs.RawLocalFileSystem.mkdirsWithOptionalPermission(RawLocalFileSystem.java:700)
	at org.apache.hadoop.fs.RawLocalFileSystem.mkdirs(RawLocalFileSystem.java:672)
	at org.apache.hadoop.fs.RawLocalFileSystem.mkdirsWithOptionalPermission(RawLocalFileSystem.java:699)
	at org.apache.hadoop.fs.RawLocalFileSystem.mkdirs(RawLocalFileSystem.java:672)
	at org.apache.hadoop.fs.RawLocalFileSystem.mkdirsWithOptionalPermission(RawLocalFileSystem.java:699)
	at org.apache.hadoop.fs.RawLocalFileSystem.mkdirs(RawLocalFileSystem.java:672)
	at org.apache.hadoop.fs.ChecksumFileSystem.mkdirs(ChecksumFileSystem.java:788)
	at org.apache.hadoop.mapreduce.lib.output.FileOutputCommitter.setupJob(FileOutputCommitter.java:356)
	at org.apache.spark.internal.io.HadoopMapReduceCommitProtocol.setupJob(HadoopMapReduceCommitProtocol.scala:188)
	at org.apache.spark.sql.execution.datasources.FileFormatWriter$.writeAndCommit(FileFormatWriter.scala:269)
	at org.apache.spark.sql.execution.datasources.FileFormatWriter$.executeWrite(FileFormatWriter.scala:304)
	at org.apache.spark.sql.execution.datasources.FileFormatWriter$.write(FileFormatWriter.scala:190)
	at org.apache.spark.sql.execution.datasources.InsertIntoHadoopFsRelationCommand.run(InsertIntoHadoopFsRelationCommand.scala:190)
	at org.apache.spark.sql.execution.command.DataWritingCommandExec.sideEffectResult$lzycompute(commands.scala:113)
	at org.apache.spark.sql.execution.command.DataWritingCommandExec.sideEffectResult(commands.scala:111)
	at org.apache.spark.sql.execution.command.DataWritingCommandExec.executeCollect(commands.scala:125)
	at org.apache.spark.sql.execution.QueryExecution$$anonfun$eagerlyExecuteCommands$1.$anonfun$applyOrElse$1(QueryExecution.scala:98)
	at org.apache.spark.sql.execution.SQLExecution$.$anonfun$withNewExecutionId$6(SQLExecution.scala:118)
	at org.apache.spark.sql.execution.SQLExecution$.withSQLConfPropagated(SQLExecution.scala:195)
	at org.apache.spark.sql.execution.SQLExecution$.$anonfun$withNewExecutionId$1(SQLExecution.scala:103)
	at org.apache.spark.sql.SparkSession.withActive(SparkSession.scala:827)
	at org.apache.spark.sql.execution.SQLExecution$.withNewExecutionId(SQLExecution.scala:65)
	at org.apache.spark.sql.execution.QueryExecution$$anonfun$eagerlyExecuteCommands$1.applyOrElse(QueryExecution.scala:98)
	at org.apache.spark.sql.execution.QueryExecution$$anonfun$eagerlyExecuteCommands$1.applyOrElse(QueryExecution.scala:94)
	at org.apache.spark.sql.catalyst.trees.TreeNode.$anonfun$transformDownWithPruning$1(TreeNode.scala:512)
	at org.apache.spark.sql.catalyst.trees.CurrentOrigin$.withOrigin(TreeNode.scala:104)
	at org.apache.spark.sql.catalyst.trees.TreeNode.transformDownWithPruning(TreeNode.scala:512)
	at org.apache.spark.sql.catalyst.plans.logical.LogicalPlan.org$apache$spark$sql$catalyst$plans$logical$AnalysisHelper$$super$transformDownWithPruning(LogicalPlan.scala:31)
	at org.apache.spark.sql.catalyst.plans.logical.AnalysisHelper.transformDownWithPruning(AnalysisHelper.scala:267)
	at org.apache.spark.sql.catalyst.plans.logical.AnalysisHelper.transformDownWithPruning$(AnalysisHelper.scala:263)
	at org.apache.spark.sql.catalyst.plans.logical.LogicalPlan.transformDownWithPruning(LogicalPlan.scala:31)
	at org.apache.spark.sql.catalyst.plans.logical.LogicalPlan.transformDownWithPruning(LogicalPlan.scala:31)
	at org.apache.spark.sql.catalyst.trees.TreeNode.transformDown(TreeNode.scala:488)
	at org.apache.spark.sql.execution.QueryExecution.eagerlyExecuteCommands(QueryExecution.scala:94)
	at org.apache.spark.sql.execution.QueryExecution.commandExecuted$lzycompute(QueryExecution.scala:81)
	at org.apache.spark.sql.execution.QueryExecution.commandExecuted(QueryExecution.scala:79)
	at org.apache.spark.sql.execution.QueryExecution.assertCommandExecuted(QueryExecution.scala:133)
	at org.apache.spark.sql.DataFrameWriter.runCommand(DataFrameWriter.scala:856)
	at org.apache.spark.sql.DataFrameWriter.saveToV1Source(DataFrameWriter.scala:387)
	at org.apache.spark.sql.DataFrameWriter.saveInternal(DataFrameWriter.scala:360)
	at org.apache.spark.sql.DataFrameWriter.save(DataFrameWriter.scala:239)
	at org.apache.spark.sql.DataFrameWriter.parquet(DataFrameWriter.scala:789)
	at java.base/jdk.internal.reflect.NativeMethodAccessorImpl.invoke0(Native Method)
	at java.base/jdk.internal.reflect.NativeMethodAccessorImpl.invoke(NativeMethodAccessorImpl.java:62)
	at java.base/jdk.internal.reflect.DelegatingMethodAccessorImpl.invoke(DelegatingMethodAccessorImpl.java:43)
	at java.base/java.lang.reflect.Method.invoke(Method.java:566)
	at py4j.reflection.MethodInvoker.invoke(MethodInvoker.java:244)
	at py4j.reflection.ReflectionEngine.invoke(ReflectionEngine.java:374)
	at py4j.Gateway.invoke(Gateway.java:282)
	at py4j.commands.AbstractCommand.invokeMethod(AbstractCommand.java:132)
	at py4j.commands.CallCommand.execute(CallCommand.java:79)
	at py4j.ClientServerConnection.waitForCommands(ClientServerConnection.java:182)
	at py4j.ClientServerConnection.run(ClientServerConnection.java:106)
	at java.base/java.lang.Thread.run(Thread.java:829)
[2025-03-02T19:02:17.487+0000] {logging_mixin.py:149} INFO - Error processing file /mnt/data/raw/velib_api/station_information/20250301/202503012130.json: [UNRESOLVED_COLUMN.WITH_SUGGESTION] A column or function parameter with name `data`.`stations` cannot be resolved. Did you mean one of the following? [`_corrupt_record`].; line 1 pos 8;
'Project ['explode('data.stations) AS station#97]
+- Relation [_corrupt_record#95] json
[2025-03-02T19:02:19.227+0000] {logging_mixin.py:149} INFO - Error processing file /mnt/data/raw/velib_api/station_information/20250301/202503012219.json: [UNRESOLVED_COLUMN.WITH_SUGGESTION] A column or function parameter with name `data`.`stations` cannot be resolved. Did you mean one of the following? [`_corrupt_record`].; line 1 pos 8;
'Project ['explode('data.stations) AS station#109]
+- Relation [_corrupt_record#107] json
[2025-03-02T19:02:20.736+0000] {logging_mixin.py:149} INFO - Error processing file /mnt/data/raw/velib_api/station_information/20250301/202503011100.json: An error occurred while calling o116.parquet.
: java.io.FileNotFoundException: File file:/mnt/data/formatted/velib_api/station_information/20250301/202503011100.snappy.parquet/_temporary/0 does not exist
	at org.apache.hadoop.fs.RawLocalFileSystem.listStatus(RawLocalFileSystem.java:597)
	at org.apache.hadoop.fs.FileSystem.listStatus(FileSystem.java:1972)
	at org.apache.hadoop.fs.FileSystem.listStatus(FileSystem.java:2014)
	at org.apache.hadoop.fs.ChecksumFileSystem.listStatus(ChecksumFileSystem.java:761)
	at org.apache.hadoop.fs.FileSystem.listStatus(FileSystem.java:1972)
	at org.apache.hadoop.fs.FileSystem.listStatus(FileSystem.java:2014)
	at org.apache.hadoop.mapreduce.lib.output.FileOutputCommitter.getAllCommittedTaskPaths(FileOutputCommitter.java:334)
	at org.apache.hadoop.mapreduce.lib.output.FileOutputCommitter.commitJobInternal(FileOutputCommitter.java:404)
	at org.apache.hadoop.mapreduce.lib.output.FileOutputCommitter.commitJob(FileOutputCommitter.java:377)
	at org.apache.parquet.hadoop.ParquetOutputCommitter.commitJob(ParquetOutputCommitter.java:48)
	at org.apache.spark.internal.io.HadoopMapReduceCommitProtocol.commitJob(HadoopMapReduceCommitProtocol.scala:192)
	at org.apache.spark.sql.execution.datasources.FileFormatWriter$.$anonfun$writeAndCommit$3(FileFormatWriter.scala:275)
	at scala.runtime.java8.JFunction0$mcV$sp.apply(JFunction0$mcV$sp.java:23)
	at org.apache.spark.util.Utils$.timeTakenMs(Utils.scala:640)
	at org.apache.spark.sql.execution.datasources.FileFormatWriter$.writeAndCommit(FileFormatWriter.scala:275)
	at org.apache.spark.sql.execution.datasources.FileFormatWriter$.executeWrite(FileFormatWriter.scala:304)
	at org.apache.spark.sql.execution.datasources.FileFormatWriter$.write(FileFormatWriter.scala:190)
	at org.apache.spark.sql.execution.datasources.InsertIntoHadoopFsRelationCommand.run(InsertIntoHadoopFsRelationCommand.scala:190)
	at org.apache.spark.sql.execution.command.DataWritingCommandExec.sideEffectResult$lzycompute(commands.scala:113)
	at org.apache.spark.sql.execution.command.DataWritingCommandExec.sideEffectResult(commands.scala:111)
	at org.apache.spark.sql.execution.command.DataWritingCommandExec.executeCollect(commands.scala:125)
	at org.apache.spark.sql.execution.QueryExecution$$anonfun$eagerlyExecuteCommands$1.$anonfun$applyOrElse$1(QueryExecution.scala:98)
	at org.apache.spark.sql.execution.SQLExecution$.$anonfun$withNewExecutionId$6(SQLExecution.scala:118)
	at org.apache.spark.sql.execution.SQLExecution$.withSQLConfPropagated(SQLExecution.scala:195)
	at org.apache.spark.sql.execution.SQLExecution$.$anonfun$withNewExecutionId$1(SQLExecution.scala:103)
	at org.apache.spark.sql.SparkSession.withActive(SparkSession.scala:827)
	at org.apache.spark.sql.execution.SQLExecution$.withNewExecutionId(SQLExecution.scala:65)
	at org.apache.spark.sql.execution.QueryExecution$$anonfun$eagerlyExecuteCommands$1.applyOrElse(QueryExecution.scala:98)
	at org.apache.spark.sql.execution.QueryExecution$$anonfun$eagerlyExecuteCommands$1.applyOrElse(QueryExecution.scala:94)
	at org.apache.spark.sql.catalyst.trees.TreeNode.$anonfun$transformDownWithPruning$1(TreeNode.scala:512)
	at org.apache.spark.sql.catalyst.trees.CurrentOrigin$.withOrigin(TreeNode.scala:104)
	at org.apache.spark.sql.catalyst.trees.TreeNode.transformDownWithPruning(TreeNode.scala:512)
	at org.apache.spark.sql.catalyst.plans.logical.LogicalPlan.org$apache$spark$sql$catalyst$plans$logical$AnalysisHelper$$super$transformDownWithPruning(LogicalPlan.scala:31)
	at org.apache.spark.sql.catalyst.plans.logical.AnalysisHelper.transformDownWithPruning(AnalysisHelper.scala:267)
	at org.apache.spark.sql.catalyst.plans.logical.AnalysisHelper.transformDownWithPruning$(AnalysisHelper.scala:263)
	at org.apache.spark.sql.catalyst.plans.logical.LogicalPlan.transformDownWithPruning(LogicalPlan.scala:31)
	at org.apache.spark.sql.catalyst.plans.logical.LogicalPlan.transformDownWithPruning(LogicalPlan.scala:31)
	at org.apache.spark.sql.catalyst.trees.TreeNode.transformDown(TreeNode.scala:488)
	at org.apache.spark.sql.execution.QueryExecution.eagerlyExecuteCommands(QueryExecution.scala:94)
	at org.apache.spark.sql.execution.QueryExecution.commandExecuted$lzycompute(QueryExecution.scala:81)
	at org.apache.spark.sql.execution.QueryExecution.commandExecuted(QueryExecution.scala:79)
	at org.apache.spark.sql.execution.QueryExecution.assertCommandExecuted(QueryExecution.scala:133)
	at org.apache.spark.sql.DataFrameWriter.runCommand(DataFrameWriter.scala:856)
	at org.apache.spark.sql.DataFrameWriter.saveToV1Source(DataFrameWriter.scala:387)
	at org.apache.spark.sql.DataFrameWriter.saveInternal(DataFrameWriter.scala:360)
	at org.apache.spark.sql.DataFrameWriter.save(DataFrameWriter.scala:239)
	at org.apache.spark.sql.DataFrameWriter.parquet(DataFrameWriter.scala:789)
	at java.base/jdk.internal.reflect.NativeMethodAccessorImpl.invoke0(Native Method)
	at java.base/jdk.internal.reflect.NativeMethodAccessorImpl.invoke(NativeMethodAccessorImpl.java:62)
	at java.base/jdk.internal.reflect.DelegatingMethodAccessorImpl.invoke(DelegatingMethodAccessorImpl.java:43)
	at java.base/java.lang.reflect.Method.invoke(Method.java:566)
	at py4j.reflection.MethodInvoker.invoke(MethodInvoker.java:244)
	at py4j.reflection.ReflectionEngine.invoke(ReflectionEngine.java:374)
	at py4j.Gateway.invoke(Gateway.java:282)
	at py4j.commands.AbstractCommand.invokeMethod(AbstractCommand.java:132)
	at py4j.commands.CallCommand.execute(CallCommand.java:79)
	at py4j.ClientServerConnection.waitForCommands(ClientServerConnection.java:182)
	at py4j.ClientServerConnection.run(ClientServerConnection.java:106)
	at java.base/java.lang.Thread.run(Thread.java:829)
[2025-03-02T19:02:29.233+0000] {logging_mixin.py:149} INFO - Error processing file /mnt/data/raw/velib_api/station_information/20250301/202503011615.json: An error occurred while calling o267.parquet.
: java.io.FileNotFoundException: File file:/mnt/data/formatted/velib_api/station_information/20250301/202503011615.snappy.parquet/_temporary/0 does not exist
	at org.apache.hadoop.fs.RawLocalFileSystem.listStatus(RawLocalFileSystem.java:597)
	at org.apache.hadoop.fs.FileSystem.listStatus(FileSystem.java:1972)
	at org.apache.hadoop.fs.FileSystem.listStatus(FileSystem.java:2014)
	at org.apache.hadoop.fs.ChecksumFileSystem.listStatus(ChecksumFileSystem.java:761)
	at org.apache.hadoop.fs.FileSystem.listStatus(FileSystem.java:1972)
	at org.apache.hadoop.fs.FileSystem.listStatus(FileSystem.java:2014)
	at org.apache.hadoop.mapreduce.lib.output.FileOutputCommitter.getAllCommittedTaskPaths(FileOutputCommitter.java:334)
	at org.apache.hadoop.mapreduce.lib.output.FileOutputCommitter.commitJobInternal(FileOutputCommitter.java:404)
	at org.apache.hadoop.mapreduce.lib.output.FileOutputCommitter.commitJob(FileOutputCommitter.java:377)
	at org.apache.parquet.hadoop.ParquetOutputCommitter.commitJob(ParquetOutputCommitter.java:48)
	at org.apache.spark.internal.io.HadoopMapReduceCommitProtocol.commitJob(HadoopMapReduceCommitProtocol.scala:192)
	at org.apache.spark.sql.execution.datasources.FileFormatWriter$.$anonfun$writeAndCommit$3(FileFormatWriter.scala:275)
	at scala.runtime.java8.JFunction0$mcV$sp.apply(JFunction0$mcV$sp.java:23)
	at org.apache.spark.util.Utils$.timeTakenMs(Utils.scala:640)
	at org.apache.spark.sql.execution.datasources.FileFormatWriter$.writeAndCommit(FileFormatWriter.scala:275)
	at org.apache.spark.sql.execution.datasources.FileFormatWriter$.executeWrite(FileFormatWriter.scala:304)
	at org.apache.spark.sql.execution.datasources.FileFormatWriter$.write(FileFormatWriter.scala:190)
	at org.apache.spark.sql.execution.datasources.InsertIntoHadoopFsRelationCommand.run(InsertIntoHadoopFsRelationCommand.scala:190)
	at org.apache.spark.sql.execution.command.DataWritingCommandExec.sideEffectResult$lzycompute(commands.scala:113)
	at org.apache.spark.sql.execution.command.DataWritingCommandExec.sideEffectResult(commands.scala:111)
	at org.apache.spark.sql.execution.command.DataWritingCommandExec.executeCollect(commands.scala:125)
	at org.apache.spark.sql.execution.QueryExecution$$anonfun$eagerlyExecuteCommands$1.$anonfun$applyOrElse$1(QueryExecution.scala:98)
	at org.apache.spark.sql.execution.SQLExecution$.$anonfun$withNewExecutionId$6(SQLExecution.scala:118)
	at org.apache.spark.sql.execution.SQLExecution$.withSQLConfPropagated(SQLExecution.scala:195)
	at org.apache.spark.sql.execution.SQLExecution$.$anonfun$withNewExecutionId$1(SQLExecution.scala:103)
	at org.apache.spark.sql.SparkSession.withActive(SparkSession.scala:827)
	at org.apache.spark.sql.execution.SQLExecution$.withNewExecutionId(SQLExecution.scala:65)
	at org.apache.spark.sql.execution.QueryExecution$$anonfun$eagerlyExecuteCommands$1.applyOrElse(QueryExecution.scala:98)
	at org.apache.spark.sql.execution.QueryExecution$$anonfun$eagerlyExecuteCommands$1.applyOrElse(QueryExecution.scala:94)
	at org.apache.spark.sql.catalyst.trees.TreeNode.$anonfun$transformDownWithPruning$1(TreeNode.scala:512)
	at org.apache.spark.sql.catalyst.trees.CurrentOrigin$.withOrigin(TreeNode.scala:104)
	at org.apache.spark.sql.catalyst.trees.TreeNode.transformDownWithPruning(TreeNode.scala:512)
	at org.apache.spark.sql.catalyst.plans.logical.LogicalPlan.org$apache$spark$sql$catalyst$plans$logical$AnalysisHelper$$super$transformDownWithPruning(LogicalPlan.scala:31)
	at org.apache.spark.sql.catalyst.plans.logical.AnalysisHelper.transformDownWithPruning(AnalysisHelper.scala:267)
	at org.apache.spark.sql.catalyst.plans.logical.AnalysisHelper.transformDownWithPruning$(AnalysisHelper.scala:263)
	at org.apache.spark.sql.catalyst.plans.logical.LogicalPlan.transformDownWithPruning(LogicalPlan.scala:31)
	at org.apache.spark.sql.catalyst.plans.logical.LogicalPlan.transformDownWithPruning(LogicalPlan.scala:31)
	at org.apache.spark.sql.catalyst.trees.TreeNode.transformDown(TreeNode.scala:488)
	at org.apache.spark.sql.execution.QueryExecution.eagerlyExecuteCommands(QueryExecution.scala:94)
	at org.apache.spark.sql.execution.QueryExecution.commandExecuted$lzycompute(QueryExecution.scala:81)
	at org.apache.spark.sql.execution.QueryExecution.commandExecuted(QueryExecution.scala:79)
	at org.apache.spark.sql.execution.QueryExecution.assertCommandExecuted(QueryExecution.scala:133)
	at org.apache.spark.sql.DataFrameWriter.runCommand(DataFrameWriter.scala:856)
	at org.apache.spark.sql.DataFrameWriter.saveToV1Source(DataFrameWriter.scala:387)
	at org.apache.spark.sql.DataFrameWriter.saveInternal(DataFrameWriter.scala:360)
	at org.apache.spark.sql.DataFrameWriter.save(DataFrameWriter.scala:239)
	at org.apache.spark.sql.DataFrameWriter.parquet(DataFrameWriter.scala:789)
	at java.base/jdk.internal.reflect.NativeMethodAccessorImpl.invoke0(Native Method)
	at java.base/jdk.internal.reflect.NativeMethodAccessorImpl.invoke(NativeMethodAccessorImpl.java:62)
	at java.base/jdk.internal.reflect.DelegatingMethodAccessorImpl.invoke(DelegatingMethodAccessorImpl.java:43)
	at java.base/java.lang.reflect.Method.invoke(Method.java:566)
	at py4j.reflection.MethodInvoker.invoke(MethodInvoker.java:244)
	at py4j.reflection.ReflectionEngine.invoke(ReflectionEngine.java:374)
	at py4j.Gateway.invoke(Gateway.java:282)
	at py4j.commands.AbstractCommand.invokeMethod(AbstractCommand.java:132)
	at py4j.commands.CallCommand.execute(CallCommand.java:79)
	at py4j.ClientServerConnection.waitForCommands(ClientServerConnection.java:182)
	at py4j.ClientServerConnection.run(ClientServerConnection.java:106)
	at java.base/java.lang.Thread.run(Thread.java:829)
[2025-03-02T19:02:31.003+0000] {logging_mixin.py:149} INFO - Error processing file /mnt/data/raw/velib_api/station_information/20250301/202503010004.json: An error occurred while calling o318.parquet.
: java.io.FileNotFoundException: File file:/mnt/data/formatted/velib_api/station_information/20250301/202503010004.snappy.parquet/_temporary/0 does not exist
	at org.apache.hadoop.fs.RawLocalFileSystem.listStatus(RawLocalFileSystem.java:597)
	at org.apache.hadoop.fs.FileSystem.listStatus(FileSystem.java:1972)
	at org.apache.hadoop.fs.FileSystem.listStatus(FileSystem.java:2014)
	at org.apache.hadoop.fs.ChecksumFileSystem.listStatus(ChecksumFileSystem.java:761)
	at org.apache.hadoop.fs.FileSystem.listStatus(FileSystem.java:1972)
	at org.apache.hadoop.fs.FileSystem.listStatus(FileSystem.java:2014)
	at org.apache.hadoop.mapreduce.lib.output.FileOutputCommitter.getAllCommittedTaskPaths(FileOutputCommitter.java:334)
	at org.apache.hadoop.mapreduce.lib.output.FileOutputCommitter.commitJobInternal(FileOutputCommitter.java:404)
	at org.apache.hadoop.mapreduce.lib.output.FileOutputCommitter.commitJob(FileOutputCommitter.java:377)
	at org.apache.parquet.hadoop.ParquetOutputCommitter.commitJob(ParquetOutputCommitter.java:48)
	at org.apache.spark.internal.io.HadoopMapReduceCommitProtocol.commitJob(HadoopMapReduceCommitProtocol.scala:192)
	at org.apache.spark.sql.execution.datasources.FileFormatWriter$.$anonfun$writeAndCommit$3(FileFormatWriter.scala:275)
	at scala.runtime.java8.JFunction0$mcV$sp.apply(JFunction0$mcV$sp.java:23)
	at org.apache.spark.util.Utils$.timeTakenMs(Utils.scala:640)
	at org.apache.spark.sql.execution.datasources.FileFormatWriter$.writeAndCommit(FileFormatWriter.scala:275)
	at org.apache.spark.sql.execution.datasources.FileFormatWriter$.executeWrite(FileFormatWriter.scala:304)
	at org.apache.spark.sql.execution.datasources.FileFormatWriter$.write(FileFormatWriter.scala:190)
	at org.apache.spark.sql.execution.datasources.InsertIntoHadoopFsRelationCommand.run(InsertIntoHadoopFsRelationCommand.scala:190)
	at org.apache.spark.sql.execution.command.DataWritingCommandExec.sideEffectResult$lzycompute(commands.scala:113)
	at org.apache.spark.sql.execution.command.DataWritingCommandExec.sideEffectResult(commands.scala:111)
	at org.apache.spark.sql.execution.command.DataWritingCommandExec.executeCollect(commands.scala:125)
	at org.apache.spark.sql.execution.QueryExecution$$anonfun$eagerlyExecuteCommands$1.$anonfun$applyOrElse$1(QueryExecution.scala:98)
	at org.apache.spark.sql.execution.SQLExecution$.$anonfun$withNewExecutionId$6(SQLExecution.scala:118)
	at org.apache.spark.sql.execution.SQLExecution$.withSQLConfPropagated(SQLExecution.scala:195)
	at org.apache.spark.sql.execution.SQLExecution$.$anonfun$withNewExecutionId$1(SQLExecution.scala:103)
	at org.apache.spark.sql.SparkSession.withActive(SparkSession.scala:827)
	at org.apache.spark.sql.execution.SQLExecution$.withNewExecutionId(SQLExecution.scala:65)
	at org.apache.spark.sql.execution.QueryExecution$$anonfun$eagerlyExecuteCommands$1.applyOrElse(QueryExecution.scala:98)
	at org.apache.spark.sql.execution.QueryExecution$$anonfun$eagerlyExecuteCommands$1.applyOrElse(QueryExecution.scala:94)
	at org.apache.spark.sql.catalyst.trees.TreeNode.$anonfun$transformDownWithPruning$1(TreeNode.scala:512)
	at org.apache.spark.sql.catalyst.trees.CurrentOrigin$.withOrigin(TreeNode.scala:104)
	at org.apache.spark.sql.catalyst.trees.TreeNode.transformDownWithPruning(TreeNode.scala:512)
	at org.apache.spark.sql.catalyst.plans.logical.LogicalPlan.org$apache$spark$sql$catalyst$plans$logical$AnalysisHelper$$super$transformDownWithPruning(LogicalPlan.scala:31)
	at org.apache.spark.sql.catalyst.plans.logical.AnalysisHelper.transformDownWithPruning(AnalysisHelper.scala:267)
	at org.apache.spark.sql.catalyst.plans.logical.AnalysisHelper.transformDownWithPruning$(AnalysisHelper.scala:263)
	at org.apache.spark.sql.catalyst.plans.logical.LogicalPlan.transformDownWithPruning(LogicalPlan.scala:31)
	at org.apache.spark.sql.catalyst.plans.logical.LogicalPlan.transformDownWithPruning(LogicalPlan.scala:31)
	at org.apache.spark.sql.catalyst.trees.TreeNode.transformDown(TreeNode.scala:488)
	at org.apache.spark.sql.execution.QueryExecution.eagerlyExecuteCommands(QueryExecution.scala:94)
	at org.apache.spark.sql.execution.QueryExecution.commandExecuted$lzycompute(QueryExecution.scala:81)
	at org.apache.spark.sql.execution.QueryExecution.commandExecuted(QueryExecution.scala:79)
	at org.apache.spark.sql.execution.QueryExecution.assertCommandExecuted(QueryExecution.scala:133)
	at org.apache.spark.sql.DataFrameWriter.runCommand(DataFrameWriter.scala:856)
	at org.apache.spark.sql.DataFrameWriter.saveToV1Source(DataFrameWriter.scala:387)
	at org.apache.spark.sql.DataFrameWriter.saveInternal(DataFrameWriter.scala:360)
	at org.apache.spark.sql.DataFrameWriter.save(DataFrameWriter.scala:239)
	at org.apache.spark.sql.DataFrameWriter.parquet(DataFrameWriter.scala:789)
	at java.base/jdk.internal.reflect.NativeMethodAccessorImpl.invoke0(Native Method)
	at java.base/jdk.internal.reflect.NativeMethodAccessorImpl.invoke(NativeMethodAccessorImpl.java:62)
	at java.base/jdk.internal.reflect.DelegatingMethodAccessorImpl.invoke(DelegatingMethodAccessorImpl.java:43)
	at java.base/java.lang.reflect.Method.invoke(Method.java:566)
	at py4j.reflection.MethodInvoker.invoke(MethodInvoker.java:244)
	at py4j.reflection.ReflectionEngine.invoke(ReflectionEngine.java:374)
	at py4j.Gateway.invoke(Gateway.java:282)
	at py4j.commands.AbstractCommand.invokeMethod(AbstractCommand.java:132)
	at py4j.commands.CallCommand.execute(CallCommand.java:79)
	at py4j.ClientServerConnection.waitForCommands(ClientServerConnection.java:182)
	at py4j.ClientServerConnection.run(ClientServerConnection.java:106)
	at java.base/java.lang.Thread.run(Thread.java:829)
[2025-03-02T19:02:34.421+0000] {logging_mixin.py:149} INFO - Error processing file /mnt/data/raw/velib_api/station_information/20250301/202503012330.json: [UNRESOLVED_COLUMN.WITH_SUGGESTION] A column or function parameter with name `data`.`stations` cannot be resolved. Did you mean one of the following? [`_corrupt_record`].; line 1 pos 8;
'Project ['explode('data.stations) AS station#693]
+- Relation [_corrupt_record#691] json
[2025-03-02T19:02:34.803+0000] {logging_mixin.py:149} INFO - Error processing file /mnt/data/raw/velib_api/station_information/20250301/202503012100.json: [UNRESOLVED_COLUMN.WITH_SUGGESTION] A column or function parameter with name `data`.`stations` cannot be resolved. Did you mean one of the following? [`_corrupt_record`].; line 1 pos 8;
'Project ['explode('data.stations) AS station#705]
+- Relation [_corrupt_record#703] json
[2025-03-02T19:02:37.585+0000] {logging_mixin.py:149} INFO - Error processing file /mnt/data/raw/velib_api/station_information/20250301/202503012245.json: [UNRESOLVED_COLUMN.WITH_SUGGESTION] A column or function parameter with name `data`.`stations` cannot be resolved. Did you mean one of the following? [`_corrupt_record`].; line 1 pos 8;
'Project ['explode('data.stations) AS station#893]
+- Relation [_corrupt_record#891] json
[2025-03-02T19:02:37.861+0000] {logging_mixin.py:149} INFO - Error processing file /mnt/data/raw/velib_api/station_information/20250301/202503012300.json: [UNRESOLVED_COLUMN.WITH_SUGGESTION] A column or function parameter with name `data`.`stations` cannot be resolved. Did you mean one of the following? [`_corrupt_record`].; line 1 pos 8;
'Project ['explode('data.stations) AS station#905]
+- Relation [_corrupt_record#903] json
[2025-03-02T19:02:44.550+0000] {logging_mixin.py:149} INFO - Error processing file /mnt/data/raw/velib_api/station_information/20250301/202503012315.json: [UNRESOLVED_COLUMN.WITH_SUGGESTION] A column or function parameter with name `data`.`stations` cannot be resolved. Did you mean one of the following? [`_corrupt_record`].; line 1 pos 8;
'Project ['explode('data.stations) AS station#1357]
+- Relation [_corrupt_record#1355] json
[2025-03-02T19:02:47.621+0000] {logging_mixin.py:149} INFO - Error processing file /mnt/data/raw/velib_api/station_information/20250301/202503012123.json: [UNRESOLVED_COLUMN.WITH_SUGGESTION] A column or function parameter with name `data`.`stations` cannot be resolved. Did you mean one of the following? [`_corrupt_record`].; line 1 pos 8;
'Project ['explode('data.stations) AS station#1589]
+- Relation [_corrupt_record#1587] json
[2025-03-02T19:02:51.608+0000] {logging_mixin.py:149} INFO - Error processing file /mnt/data/raw/velib_api/station_information/20250301/202503012247.json: [UNRESOLVED_COLUMN.WITH_SUGGESTION] A column or function parameter with name `data`.`stations` cannot be resolved. Did you mean one of the following? [`_corrupt_record`].; line 1 pos 8;
'Project ['explode('data.stations) AS station#1865]
+- Relation [_corrupt_record#1863] json
[2025-03-02T19:02:52.992+0000] {logging_mixin.py:149} INFO - Error processing file /mnt/data/raw/velib_api/station_information/20250301/202503012221.json: [UNRESOLVED_COLUMN.WITH_SUGGESTION] A column or function parameter with name `data`.`stations` cannot be resolved. Did you mean one of the following? [`_corrupt_record`].; line 1 pos 8;
'Project ['explode('data.stations) AS station#1921]
+- Relation [_corrupt_record#1919] json
[2025-03-02T19:02:57.857+0000] {logging_mixin.py:149} INFO - Error processing file /mnt/data/raw/velib_api/station_information/20250301/202503012201.json: [UNRESOLVED_COLUMN.WITH_SUGGESTION] A column or function parameter with name `data`.`stations` cannot be resolved. Did you mean one of the following? [`_corrupt_record`].; line 1 pos 8;
'Project ['explode('data.stations) AS station#2197]
+- Relation [_corrupt_record#2195] json
[2025-03-02T19:02:58.084+0000] {logging_mixin.py:149} INFO - Error processing file /mnt/data/raw/velib_api/station_information/20250301/202503012145.json: [UNRESOLVED_COLUMN.WITH_SUGGESTION] A column or function parameter with name `data`.`stations` cannot be resolved. Did you mean one of the following? [`_corrupt_record`].; line 1 pos 8;
'Project ['explode('data.stations) AS station#2209]
+- Relation [_corrupt_record#2207] json
[2025-03-02T19:02:59.825+0000] {logging_mixin.py:149} INFO - Error processing file /mnt/data/raw/velib_api/station_information/20250301/202503012056.json: [UNRESOLVED_COLUMN.WITH_SUGGESTION] A column or function parameter with name `data`.`stations` cannot be resolved. Did you mean one of the following? [`_corrupt_record`].; line 1 pos 8;
'Project ['explode('data.stations) AS station#2309]
+- Relation [_corrupt_record#2307] json
[2025-03-02T19:03:02.996+0000] {logging_mixin.py:149} INFO - Error processing file /mnt/data/raw/velib_api/station_information/20250301/202503012216.json: [UNRESOLVED_COLUMN.WITH_SUGGESTION] A column or function parameter with name `data`.`stations` cannot be resolved. Did you mean one of the following? [`_corrupt_record`].; line 1 pos 8;
'Project ['explode('data.stations) AS station#2453]
+- Relation [_corrupt_record#2451] json
[2025-03-02T19:03:04.083+0000] {logging_mixin.py:149} INFO - Error processing file /mnt/data/raw/velib_api/station_information/20250301/202503012236.json: [UNRESOLVED_COLUMN.WITH_SUGGESTION] A column or function parameter with name `data`.`stations` cannot be resolved. Did you mean one of the following? [`_corrupt_record`].; line 1 pos 8;
'Project ['explode('data.stations) AS station#2509]
+- Relation [_corrupt_record#2507] json
[2025-03-02T19:03:05.528+0000] {logging_mixin.py:149} INFO - Error processing file /mnt/data/raw/velib_api/station_information/20250301/202503012220.json: [UNRESOLVED_COLUMN.WITH_SUGGESTION] A column or function parameter with name `data`.`stations` cannot be resolved. Did you mean one of the following? [`_corrupt_record`].; line 1 pos 8;
'Project ['explode('data.stations) AS station#2565]
+- Relation [_corrupt_record#2563] json
[2025-03-02T19:05:55.305+0000] {logging_mixin.py:149} INFO - Error processing file /mnt/data/raw/velib_api/station_information/20250302/202503021851.json: [UNRESOLVED_COLUMN.WITH_SUGGESTION] A column or function parameter with name `data`.`stations` cannot be resolved. Did you mean one of the following? [`_corrupt_record`].; line 1 pos 8;
'Project ['explode('data.stations) AS station#9221]
+- Relation [_corrupt_record#9219] json
[2025-03-02T19:05:55.850+0000] {local_task_job_runner.py:299} WARNING - State of this instance has been externally set to None. Terminating instance.
[2025-03-02T19:05:55.924+0000] {process_utils.py:135} INFO - Sending Signals.SIGTERM to group 21984. PIDs of all processes in the group: [21984]
[2025-03-02T19:05:55.925+0000] {process_utils.py:86} INFO - Sending the signal Signals.SIGTERM to group 21984
[2025-03-02T19:05:55.930+0000] {taskinstance.py:1540} ERROR - Received SIGTERM. Terminating subprocesses.
[2025-03-02T19:05:55.932+0000] {clientserver.py:538} INFO - Error while receiving.
Traceback (most recent call last):
  File "/home/airflow/.local/lib/python3.7/site-packages/py4j/clientserver.py", line 511, in send_command
    answer = smart_decode(self.stream.readline()[:-1])
  File "/usr/local/lib/python3.7/socket.py", line 589, in readinto
    return self._sock.recv_into(b)
  File "/home/airflow/.local/lib/python3.7/site-packages/airflow/models/taskinstance.py", line 1542, in signal_handler
    raise AirflowException("Task received SIGTERM signal")
airflow.exceptions.AirflowException: Task received SIGTERM signal
[2025-03-02T19:05:55.983+0000] {clientserver.py:543} INFO - Closing down clientserver connection
[2025-03-02T19:05:55.989+0000] {java_gateway.py:1056} ERROR - Exception while sending command.
Traceback (most recent call last):
  File "/home/airflow/.local/lib/python3.7/site-packages/py4j/clientserver.py", line 511, in send_command
    answer = smart_decode(self.stream.readline()[:-1])
  File "/usr/local/lib/python3.7/socket.py", line 589, in readinto
    return self._sock.recv_into(b)
  File "/home/airflow/.local/lib/python3.7/site-packages/airflow/models/taskinstance.py", line 1542, in signal_handler
    raise AirflowException("Task received SIGTERM signal")
airflow.exceptions.AirflowException: Task received SIGTERM signal

During handling of the above exception, another exception occurred:

Traceback (most recent call last):
  File "/home/airflow/.local/lib/python3.7/site-packages/py4j/java_gateway.py", line 1038, in send_command
    response = connection.send_command(command)
  File "/home/airflow/.local/lib/python3.7/site-packages/py4j/clientserver.py", line 540, in send_command
    "Error while sending or receiving", e, proto.ERROR_ON_RECEIVE)
py4j.protocol.Py4JNetworkError: Error while sending or receiving
[2025-03-02T19:05:55.995+0000] {clientserver.py:543} INFO - Closing down clientserver connection
[2025-03-02T19:05:55.998+0000] {logging_mixin.py:149} INFO - Error processing file /mnt/data/raw/velib_api/station_information/20250302/202503021345.json: An error occurred while calling o5290.json
[2025-03-02T19:05:57.766+0000] {logging_mixin.py:149} INFO - Error processing file /mnt/data/raw/velib_api/station_information/20250302/202503021715.json: [UNRESOLVED_COLUMN.WITH_SUGGESTION] A column or function parameter with name `data`.`stations` cannot be resolved. Did you mean one of the following? [`_corrupt_record`].; line 1 pos 8;
'Project ['explode('data.stations) AS station#9243]
+- Relation [_corrupt_record#9241] json
[2025-03-02T19:05:59.405+0000] {logging_mixin.py:149} INFO - Error processing file /mnt/data/raw/velib_api/station_information/20250302/202503021830.json: [UNRESOLVED_COLUMN.WITH_SUGGESTION] A column or function parameter with name `data`.`stations` cannot be resolved. Did you mean one of the following? [`_corrupt_record`].; line 1 pos 8;
'Project ['explode('data.stations) AS station#9255]
+- Relation [_corrupt_record#9253] json
[2025-03-02T19:06:02.751+0000] {logging_mixin.py:149} INFO - Error processing file /mnt/data/raw/velib_api/station_information/20250302/202503021430.json: [UNRESOLVED_COLUMN.WITH_SUGGESTION] A column or function parameter with name `data`.`stations` cannot be resolved. Did you mean one of the following? [`_corrupt_record`].; line 1 pos 8;
'Project ['explode('data.stations) AS station#9267]
+- Relation [_corrupt_record#9265] json
[2025-03-02T19:06:04.563+0000] {logging_mixin.py:149} INFO - Error processing file /mnt/data/raw/velib_api/station_information/20250302/202503021630.json: [UNRESOLVED_COLUMN.WITH_SUGGESTION] A column or function parameter with name `data`.`stations` cannot be resolved. Did you mean one of the following? [`_corrupt_record`].; line 1 pos 8;
'Project ['explode('data.stations) AS station#9279]
+- Relation [_corrupt_record#9277] json
[2025-03-02T19:06:06.140+0000] {logging_mixin.py:149} INFO - Error processing file /mnt/data/raw/velib_api/station_information/20250302/202503021734.json: [UNRESOLVED_COLUMN.WITH_SUGGESTION] A column or function parameter with name `data`.`stations` cannot be resolved. Did you mean one of the following? [`_corrupt_record`].; line 1 pos 8;
'Project ['explode('data.stations) AS station#9291]
+- Relation [_corrupt_record#9289] json
[2025-03-02T19:06:06.951+0000] {logging_mixin.py:149} INFO - Error processing file /mnt/data/raw/velib_api/station_information/20250302/202503021554.json: [UNRESOLVED_COLUMN.WITH_SUGGESTION] A column or function parameter with name `data`.`stations` cannot be resolved. Did you mean one of the following? [`_corrupt_record`].; line 1 pos 8;
'Project ['explode('data.stations) AS station#9303]
+- Relation [_corrupt_record#9301] json
[2025-03-02T19:06:08.693+0000] {logging_mixin.py:149} INFO - Error processing file /mnt/data/raw/velib_api/station_information/20250302/202503021800.json: [UNRESOLVED_COLUMN.WITH_SUGGESTION] A column or function parameter with name `data`.`stations` cannot be resolved. Did you mean one of the following? [`_corrupt_record`].; line 1 pos 8;
'Project ['explode('data.stations) AS station#9315]
+- Relation [_corrupt_record#9313] json
[2025-03-02T19:06:10.079+0000] {logging_mixin.py:149} INFO - Error processing file /mnt/data/raw/velib_api/station_information/20250302/202503021400.json: [UNRESOLVED_COLUMN.WITH_SUGGESTION] A column or function parameter with name `data`.`stations` cannot be resolved. Did you mean one of the following? [`_corrupt_record`].; line 1 pos 8;
'Project ['explode('data.stations) AS station#9327]
+- Relation [_corrupt_record#9325] json
[2025-03-02T19:06:11.297+0000] {logging_mixin.py:149} INFO - Error processing file /mnt/data/raw/velib_api/station_information/20250302/202503021745.json: [UNRESOLVED_COLUMN.WITH_SUGGESTION] A column or function parameter with name `data`.`stations` cannot be resolved. Did you mean one of the following? [`_corrupt_record`].; line 1 pos 8;
'Project ['explode('data.stations) AS station#9339]
+- Relation [_corrupt_record#9337] json
[2025-03-02T19:06:13.010+0000] {logging_mixin.py:149} INFO - Error processing file /mnt/data/raw/velib_api/station_information/20250302/202503021600.json: [UNRESOLVED_COLUMN.WITH_SUGGESTION] A column or function parameter with name `data`.`stations` cannot be resolved. Did you mean one of the following? [`_corrupt_record`].; line 1 pos 8;
'Project ['explode('data.stations) AS station#9351]
+- Relation [_corrupt_record#9349] json
[2025-03-02T19:06:14.353+0000] {logging_mixin.py:149} INFO - Error processing file /mnt/data/raw/velib_api/station_information/20250302/202503021548.json: [UNRESOLVED_COLUMN.WITH_SUGGESTION] A column or function parameter with name `data`.`stations` cannot be resolved. Did you mean one of the following? [`_corrupt_record`].; line 1 pos 8;
'Project ['explode('data.stations) AS station#9363]
+- Relation [_corrupt_record#9361] json
[2025-03-02T19:06:15.695+0000] {logging_mixin.py:149} INFO - Error processing file /mnt/data/raw/velib_api/station_information/20250302/202503021530.json: [UNRESOLVED_COLUMN.WITH_SUGGESTION] A column or function parameter with name `data`.`stations` cannot be resolved. Did you mean one of the following? [`_corrupt_record`].; line 1 pos 8;
'Project ['explode('data.stations) AS station#9375]
+- Relation [_corrupt_record#9373] json
[2025-03-02T19:06:17.059+0000] {logging_mixin.py:149} INFO - Error processing file /mnt/data/raw/velib_api/station_information/20250302/202503021615.json: [UNRESOLVED_COLUMN.WITH_SUGGESTION] A column or function parameter with name `data`.`stations` cannot be resolved. Did you mean one of the following? [`_corrupt_record`].; line 1 pos 8;
'Project ['explode('data.stations) AS station#9387]
+- Relation [_corrupt_record#9385] json
[2025-03-02T19:06:17.878+0000] {logging_mixin.py:149} INFO - Error processing file /mnt/data/raw/velib_api/station_information/20250302/202503021854.json: [UNRESOLVED_COLUMN.WITH_SUGGESTION] A column or function parameter with name `data`.`stations` cannot be resolved. Did you mean one of the following? [`_corrupt_record`].; line 1 pos 8;
'Project ['explode('data.stations) AS station#9399]
+- Relation [_corrupt_record#9397] json
[2025-03-02T19:06:19.118+0000] {logging_mixin.py:149} INFO - Error processing file /mnt/data/raw/velib_api/station_information/20250302/202503021815.json: [UNRESOLVED_COLUMN.WITH_SUGGESTION] A column or function parameter with name `data`.`stations` cannot be resolved. Did you mean one of the following? [`_corrupt_record`].; line 1 pos 8;
'Project ['explode('data.stations) AS station#9411]
+- Relation [_corrupt_record#9409] json
[2025-03-02T19:06:19.902+0000] {logging_mixin.py:149} INFO - Error processing file /mnt/data/raw/velib_api/station_information/20250302/202503021527.json: [UNRESOLVED_COLUMN.WITH_SUGGESTION] A column or function parameter with name `data`.`stations` cannot be resolved. Did you mean one of the following? [`_corrupt_record`].; line 1 pos 8;
'Project ['explode('data.stations) AS station#9423]
+- Relation [_corrupt_record#9421] json
[2025-03-02T19:06:20.594+0000] {logging_mixin.py:149} INFO - Error processing file /mnt/data/raw/velib_api/station_information/20250302/202503021516.json: [UNRESOLVED_COLUMN.WITH_SUGGESTION] A column or function parameter with name `data`.`stations` cannot be resolved. Did you mean one of the following? [`_corrupt_record`].; line 1 pos 8;
'Project ['explode('data.stations) AS station#9435]
+- Relation [_corrupt_record#9433] json
[2025-03-02T19:06:23.239+0000] {logging_mixin.py:149} INFO - Error processing file /mnt/data/raw/velib_api/station_information/20250302/202503021845.json: [UNRESOLVED_COLUMN.WITH_SUGGESTION] A column or function parameter with name `data`.`stations` cannot be resolved. Did you mean one of the following? [`_corrupt_record`].; line 1 pos 8;
'Project ['explode('data.stations) AS station#9447]
+- Relation [_corrupt_record#9445] json
[2025-03-02T19:06:24.754+0000] {logging_mixin.py:149} INFO - Error processing file /mnt/data/raw/velib_api/station_information/20250302/202503021900.json: [UNRESOLVED_COLUMN.WITH_SUGGESTION] A column or function parameter with name `data`.`stations` cannot be resolved. Did you mean one of the following? [`_corrupt_record`].; line 1 pos 8;
'Project ['explode('data.stations) AS station#9459]
+- Relation [_corrupt_record#9457] json
[2025-03-02T19:06:26.397+0000] {logging_mixin.py:149} INFO - Error processing file /mnt/data/raw/velib_api/station_information/20250302/202503021500.json: [UNRESOLVED_COLUMN.WITH_SUGGESTION] A column or function parameter with name `data`.`stations` cannot be resolved. Did you mean one of the following? [`_corrupt_record`].; line 1 pos 8;
'Project ['explode('data.stations) AS station#9471]
+- Relation [_corrupt_record#9469] json
[2025-03-02T19:06:28.634+0000] {logging_mixin.py:149} INFO - Error processing file /mnt/data/raw/velib_api/station_information/20250302/202503021445.json: [UNRESOLVED_COLUMN.WITH_SUGGESTION] A column or function parameter with name `data`.`stations` cannot be resolved. Did you mean one of the following? [`_corrupt_record`].; line 1 pos 8;
'Project ['explode('data.stations) AS station#9483]
+- Relation [_corrupt_record#9481] json
[2025-03-02T19:06:29.625+0000] {logging_mixin.py:149} INFO - Error processing file /mnt/data/raw/velib_api/station_information/20250302/202503021901.json: [UNRESOLVED_COLUMN.WITH_SUGGESTION] A column or function parameter with name `data`.`stations` cannot be resolved. Did you mean one of the following? [`_corrupt_record`].; line 1 pos 8;
'Project ['explode('data.stations) AS station#9495]
+- Relation [_corrupt_record#9493] json
[2025-03-02T19:06:30.445+0000] {logging_mixin.py:149} INFO - Error processing file /mnt/data/raw/velib_api/station_information/20250302/202503021645.json: [UNRESOLVED_COLUMN.WITH_SUGGESTION] A column or function parameter with name `data`.`stations` cannot be resolved. Did you mean one of the following? [`_corrupt_record`].; line 1 pos 8;
'Project ['explode('data.stations) AS station#9507]
+- Relation [_corrupt_record#9505] json
[2025-03-02T19:06:31.570+0000] {logging_mixin.py:149} INFO - Error processing file /mnt/data/raw/velib_api/station_information/20250302/202503021700.json: [UNRESOLVED_COLUMN.WITH_SUGGESTION] A column or function parameter with name `data`.`stations` cannot be resolved. Did you mean one of the following? [`_corrupt_record`].; line 1 pos 8;
'Project ['explode('data.stations) AS station#9519]
+- Relation [_corrupt_record#9517] json
[2025-03-02T19:06:32.941+0000] {logging_mixin.py:149} INFO - Error processing file /mnt/data/raw/velib_api/station_information/20250302/202503021429.json: [UNRESOLVED_COLUMN.WITH_SUGGESTION] A column or function parameter with name `data`.`stations` cannot be resolved. Did you mean one of the following? [`_corrupt_record`].; line 1 pos 8;
'Project ['explode('data.stations) AS station#9531]
+- Relation [_corrupt_record#9529] json
[2025-03-02T19:06:32.954+0000] {python.py:183} INFO - Done. Returned value was: None
[2025-03-02T19:06:33.386+0000] {taskinstance.py:1373} INFO - Marking task as SUCCESS. dag_id=api_to_db_dag, task_id=process_raw_station_information, execution_date=20250302T184500, start_date=, end_date=20250302T190633
[2025-03-02T19:06:33.509+0000] {standard_task_runner.py:109} ERROR - Failed to execute job 161 for task process_raw_station_information ((psycopg2.errors.UniqueViolation) duplicate key value violates unique constraint "dag_run_dag_id_execution_date_key"
DETAIL:  Key (dag_id, execution_date)=(api_to_db_dag, 2025-03-02 18:45:00+00) already exists.

[SQL: INSERT INTO dag_run (id, dag_id, queued_at, execution_date, start_date, end_date, state, run_id, creating_job_id, external_trigger, run_type, conf, data_interval_start, data_interval_end, last_scheduling_decision, dag_hash, log_template_id, updated_at) VALUES (%(id)s, %(dag_id)s, %(queued_at)s, %(execution_date)s, %(start_date)s, %(end_date)s, %(state)s, %(run_id)s, %(creating_job_id)s, %(external_trigger)s, %(run_type)s, %(conf)s, %(data_interval_start)s, %(data_interval_end)s, %(last_scheduling_decision)s, %(dag_hash)s, %(log_template_id)s, %(updated_at)s)]
[parameters: {'id': 19, 'dag_id': 'api_to_db_dag', 'queued_at': datetime.datetime(2025, 3, 2, 19, 1, 44, 898133, tzinfo=Timezone('UTC')), 'execution_date': datetime.datetime(2025, 3, 2, 18, 45, tzinfo=Timezone('UTC')), 'start_date': datetime.datetime(2025, 3, 2, 19, 1, 44, 923011, tzinfo=Timezone('UTC')), 'end_date': None, 'state': 'running', 'run_id': 'scheduled__2025-03-02T18:45:00+00:00', 'creating_job_id': 84, 'external_trigger': False, 'run_type': 'scheduled', 'conf': <psycopg2.extensions.Binary object at 0xffff8a198540>, 'data_interval_start': datetime.datetime(2025, 3, 2, 18, 45, tzinfo=Timezone('UTC')), 'data_interval_end': datetime.datetime(2025, 3, 2, 19, 0, tzinfo=Timezone('UTC')), 'last_scheduling_decision': datetime.datetime(2025, 3, 2, 19, 2, 2, 365090, tzinfo=Timezone('UTC')), 'dag_hash': '02478b0d9bfae15057430050998a44f8', 'log_template_id': 4, 'updated_at': datetime.datetime(2025, 3, 2, 19, 2, 2, 369190, tzinfo=Timezone('UTC'))}]
(Background on this error at: https://sqlalche.me/e/14/gkpj); 21984)
[2025-03-02T19:06:33.759+0000] {process_utils.py:79} INFO - Process psutil.Process(pid=21984, status='terminated', exitcode=1, started='19:02:02') (21984) terminated with exit code 1
[2025-03-02T19:07:35.112+0000] {taskinstance.py:1125} INFO - Dependencies all met for dep_context=non-requeueable deps ti=<TaskInstance: api_to_db_dag.process_raw_station_information scheduled__2025-03-02T18:45:00+00:00 [queued]>
[2025-03-02T19:07:35.138+0000] {taskinstance.py:1125} INFO - Dependencies all met for dep_context=requeueable deps ti=<TaskInstance: api_to_db_dag.process_raw_station_information scheduled__2025-03-02T18:45:00+00:00 [queued]>
[2025-03-02T19:07:35.143+0000] {taskinstance.py:1331} INFO - Starting attempt 1 of 2
[2025-03-02T19:07:35.165+0000] {taskinstance.py:1350} INFO - Executing <Task(PythonOperator): process_raw_station_information> on 2025-03-02 18:45:00+00:00
[2025-03-02T19:07:35.181+0000] {standard_task_runner.py:57} INFO - Started process 45229 to run task
[2025-03-02T19:07:35.181+0000] {clientserver.py:543} INFO - Closing down clientserver connection
[2025-03-02T19:07:35.192+0000] {standard_task_runner.py:84} INFO - Running: ['***', 'tasks', 'run', 'api_to_db_dag', 'process_raw_station_information', 'scheduled__2025-03-02T18:45:00+00:00', '--job-id', '178', '--raw', '--subdir', 'DAGS_FOLDER/dag.py', '--cfg-path', '/tmp/tmp_jb_mtpm']
[2025-03-02T19:07:35.194+0000] {standard_task_runner.py:85} INFO - Job 178: Subtask process_raw_station_information
[2025-03-02T19:07:35.255+0000] {task_command.py:410} INFO - Running <TaskInstance: api_to_db_dag.process_raw_station_information scheduled__2025-03-02T18:45:00+00:00 [running]> on host 3befbd719c1b
[2025-03-02T19:07:35.296+0000] {clientserver.py:505} INFO - Error while sending or receiving.
Traceback (most recent call last):
  File "/home/airflow/.local/lib/python3.7/site-packages/py4j/clientserver.py", line 503, in send_command
    self.socket.sendall(command.encode("utf-8"))
ConnectionResetError: [Errno 104] Connection reset by peer
[2025-03-02T19:07:35.298+0000] {clientserver.py:543} INFO - Closing down clientserver connection
[2025-03-02T19:07:35.298+0000] {java_gateway.py:1052} INFO - Exception while sending command.
Traceback (most recent call last):
  File "/home/airflow/.local/lib/python3.7/site-packages/py4j/clientserver.py", line 503, in send_command
    self.socket.sendall(command.encode("utf-8"))
ConnectionResetError: [Errno 104] Connection reset by peer

During handling of the above exception, another exception occurred:

Traceback (most recent call last):
  File "/home/airflow/.local/lib/python3.7/site-packages/py4j/java_gateway.py", line 1038, in send_command
    response = connection.send_command(command)
  File "/home/airflow/.local/lib/python3.7/site-packages/py4j/clientserver.py", line 507, in send_command
    "Error while sending", e, proto.ERROR_ON_SEND)
py4j.protocol.Py4JNetworkError: Error while sending
[2025-03-02T19:07:35.305+0000] {clientserver.py:543} INFO - Closing down clientserver connection
[2025-03-02T19:07:35.369+0000] {taskinstance.py:1570} INFO - Exporting env vars: AIRFLOW_CTX_DAG_OWNER='***' AIRFLOW_CTX_DAG_ID='api_to_db_dag' AIRFLOW_CTX_TASK_ID='process_raw_station_information' AIRFLOW_CTX_EXECUTION_DATE='2025-03-02T18:45:00+00:00' AIRFLOW_CTX_TRY_NUMBER='1' AIRFLOW_CTX_DAG_RUN_ID='scheduled__2025-03-02T18:45:00+00:00'
[2025-03-02T19:07:54.234+0000] {logging_mixin.py:149} INFO - Error processing file /mnt/data/raw/velib_api/station_information/20250301/202503012130.json: [UNRESOLVED_COLUMN.WITH_SUGGESTION] A column or function parameter with name `data`.`stations` cannot be resolved. Did you mean one of the following? [`_corrupt_record`].; line 1 pos 8;
'Project ['explode('data.stations) AS station#98]
+- Relation [_corrupt_record#96] json
[2025-03-02T19:07:54.964+0000] {logging_mixin.py:149} INFO - Error processing file /mnt/data/raw/velib_api/station_information/20250301/202503012219.json: [UNRESOLVED_COLUMN.WITH_SUGGESTION] A column or function parameter with name `data`.`stations` cannot be resolved. Did you mean one of the following? [`_corrupt_record`].; line 1 pos 8;
'Project ['explode('data.stations) AS station#110]
+- Relation [_corrupt_record#108] json
[2025-03-02T19:08:08.818+0000] {logging_mixin.py:149} INFO - Error processing file /mnt/data/raw/velib_api/station_information/20250301/202503012330.json: [UNRESOLVED_COLUMN.WITH_SUGGESTION] A column or function parameter with name `data`.`stations` cannot be resolved. Did you mean one of the following? [`_corrupt_record`].; line 1 pos 8;
'Project ['explode('data.stations) AS station#694]
+- Relation [_corrupt_record#692] json
[2025-03-02T19:08:09.232+0000] {logging_mixin.py:149} INFO - Error processing file /mnt/data/raw/velib_api/station_information/20250301/202503012100.json: [UNRESOLVED_COLUMN.WITH_SUGGESTION] A column or function parameter with name `data`.`stations` cannot be resolved. Did you mean one of the following? [`_corrupt_record`].; line 1 pos 8;
'Project ['explode('data.stations) AS station#706]
+- Relation [_corrupt_record#704] json
[2025-03-02T19:08:12.898+0000] {logging_mixin.py:149} INFO - Error processing file /mnt/data/raw/velib_api/station_information/20250301/202503012245.json: [UNRESOLVED_COLUMN.WITH_SUGGESTION] A column or function parameter with name `data`.`stations` cannot be resolved. Did you mean one of the following? [`_corrupt_record`].; line 1 pos 8;
'Project ['explode('data.stations) AS station#894]
+- Relation [_corrupt_record#892] json
[2025-03-02T19:08:13.223+0000] {logging_mixin.py:149} INFO - Error processing file /mnt/data/raw/velib_api/station_information/20250301/202503012300.json: [UNRESOLVED_COLUMN.WITH_SUGGESTION] A column or function parameter with name `data`.`stations` cannot be resolved. Did you mean one of the following? [`_corrupt_record`].; line 1 pos 8;
'Project ['explode('data.stations) AS station#906]
+- Relation [_corrupt_record#904] json
[2025-03-02T19:08:22.476+0000] {logging_mixin.py:149} INFO - Error processing file /mnt/data/raw/velib_api/station_information/20250301/202503012315.json: [UNRESOLVED_COLUMN.WITH_SUGGESTION] A column or function parameter with name `data`.`stations` cannot be resolved. Did you mean one of the following? [`_corrupt_record`].; line 1 pos 8;
'Project ['explode('data.stations) AS station#1358]
+- Relation [_corrupt_record#1356] json
[2025-03-02T19:08:28.876+0000] {logging_mixin.py:149} INFO - Error processing file /mnt/data/raw/velib_api/station_information/20250301/202503012123.json: [UNRESOLVED_COLUMN.WITH_SUGGESTION] A column or function parameter with name `data`.`stations` cannot be resolved. Did you mean one of the following? [`_corrupt_record`].; line 1 pos 8;
'Project ['explode('data.stations) AS station#1590]
+- Relation [_corrupt_record#1588] json
[2025-03-02T19:08:36.053+0000] {logging_mixin.py:149} INFO - Error processing file /mnt/data/raw/velib_api/station_information/20250301/202503012247.json: [UNRESOLVED_COLUMN.WITH_SUGGESTION] A column or function parameter with name `data`.`stations` cannot be resolved. Did you mean one of the following? [`_corrupt_record`].; line 1 pos 8;
'Project ['explode('data.stations) AS station#1866]
+- Relation [_corrupt_record#1864] json
[2025-03-02T19:08:37.275+0000] {logging_mixin.py:149} INFO - Error processing file /mnt/data/raw/velib_api/station_information/20250301/202503012221.json: [UNRESOLVED_COLUMN.WITH_SUGGESTION] A column or function parameter with name `data`.`stations` cannot be resolved. Did you mean one of the following? [`_corrupt_record`].; line 1 pos 8;
'Project ['explode('data.stations) AS station#1922]
+- Relation [_corrupt_record#1920] json
[2025-03-02T19:08:43.061+0000] {logging_mixin.py:149} INFO - Error processing file /mnt/data/raw/velib_api/station_information/20250301/202503012201.json: [UNRESOLVED_COLUMN.WITH_SUGGESTION] A column or function parameter with name `data`.`stations` cannot be resolved. Did you mean one of the following? [`_corrupt_record`].; line 1 pos 8;
'Project ['explode('data.stations) AS station#2198]
+- Relation [_corrupt_record#2196] json
[2025-03-02T19:08:43.366+0000] {logging_mixin.py:149} INFO - Error processing file /mnt/data/raw/velib_api/station_information/20250301/202503012145.json: [UNRESOLVED_COLUMN.WITH_SUGGESTION] A column or function parameter with name `data`.`stations` cannot be resolved. Did you mean one of the following? [`_corrupt_record`].; line 1 pos 8;
'Project ['explode('data.stations) AS station#2210]
+- Relation [_corrupt_record#2208] json
[2025-03-02T19:08:45.717+0000] {logging_mixin.py:149} INFO - Error processing file /mnt/data/raw/velib_api/station_information/20250301/202503012056.json: [UNRESOLVED_COLUMN.WITH_SUGGESTION] A column or function parameter with name `data`.`stations` cannot be resolved. Did you mean one of the following? [`_corrupt_record`].; line 1 pos 8;
'Project ['explode('data.stations) AS station#2310]
+- Relation [_corrupt_record#2308] json
[2025-03-02T19:08:49.293+0000] {logging_mixin.py:149} INFO - Error processing file /mnt/data/raw/velib_api/station_information/20250301/202503012216.json: [UNRESOLVED_COLUMN.WITH_SUGGESTION] A column or function parameter with name `data`.`stations` cannot be resolved. Did you mean one of the following? [`_corrupt_record`].; line 1 pos 8;
'Project ['explode('data.stations) AS station#2454]
+- Relation [_corrupt_record#2452] json
[2025-03-02T19:08:50.458+0000] {logging_mixin.py:149} INFO - Error processing file /mnt/data/raw/velib_api/station_information/20250301/202503012236.json: [UNRESOLVED_COLUMN.WITH_SUGGESTION] A column or function parameter with name `data`.`stations` cannot be resolved. Did you mean one of the following? [`_corrupt_record`].; line 1 pos 8;
'Project ['explode('data.stations) AS station#2510]
+- Relation [_corrupt_record#2508] json
[2025-03-02T19:08:51.918+0000] {logging_mixin.py:149} INFO - Error processing file /mnt/data/raw/velib_api/station_information/20250301/202503012220.json: [UNRESOLVED_COLUMN.WITH_SUGGESTION] A column or function parameter with name `data`.`stations` cannot be resolved. Did you mean one of the following? [`_corrupt_record`].; line 1 pos 8;
'Project ['explode('data.stations) AS station#2566]
+- Relation [_corrupt_record#2564] json
[2025-03-02T19:12:47.422+0000] {logging_mixin.py:149} INFO - Error processing file /mnt/data/raw/velib_api/station_information/20250302/202503021851.json: [UNRESOLVED_COLUMN.WITH_SUGGESTION] A column or function parameter with name `data`.`stations` cannot be resolved. Did you mean one of the following? [`_corrupt_record`].; line 1 pos 8;
'Project ['explode('data.stations) AS station#9222]
+- Relation [_corrupt_record#9220] json
[2025-03-02T19:12:48.529+0000] {logging_mixin.py:149} INFO - Error processing file /mnt/data/raw/velib_api/station_information/20250302/202503021345.json: [UNRESOLVED_COLUMN.WITH_SUGGESTION] A column or function parameter with name `data`.`stations` cannot be resolved. Did you mean one of the following? [`_corrupt_record`].; line 1 pos 8;
'Project ['explode('data.stations) AS station#9234]
+- Relation [_corrupt_record#9232] json
[2025-03-02T19:12:49.405+0000] {logging_mixin.py:149} INFO - Error processing file /mnt/data/raw/velib_api/station_information/20250302/202503021715.json: [UNRESOLVED_COLUMN.WITH_SUGGESTION] A column or function parameter with name `data`.`stations` cannot be resolved. Did you mean one of the following? [`_corrupt_record`].; line 1 pos 8;
'Project ['explode('data.stations) AS station#9246]
+- Relation [_corrupt_record#9244] json
[2025-03-02T19:12:50.153+0000] {logging_mixin.py:149} INFO - Error processing file /mnt/data/raw/velib_api/station_information/20250302/202503021830.json: [UNRESOLVED_COLUMN.WITH_SUGGESTION] A column or function parameter with name `data`.`stations` cannot be resolved. Did you mean one of the following? [`_corrupt_record`].; line 1 pos 8;
'Project ['explode('data.stations) AS station#9258]
+- Relation [_corrupt_record#9256] json
[2025-03-02T19:12:50.664+0000] {logging_mixin.py:149} INFO - Error processing file /mnt/data/raw/velib_api/station_information/20250302/202503021430.json: [UNRESOLVED_COLUMN.WITH_SUGGESTION] A column or function parameter with name `data`.`stations` cannot be resolved. Did you mean one of the following? [`_corrupt_record`].; line 1 pos 8;
'Project ['explode('data.stations) AS station#9270]
+- Relation [_corrupt_record#9268] json
[2025-03-02T19:12:51.234+0000] {logging_mixin.py:149} INFO - Error processing file /mnt/data/raw/velib_api/station_information/20250302/202503021630.json: [UNRESOLVED_COLUMN.WITH_SUGGESTION] A column or function parameter with name `data`.`stations` cannot be resolved. Did you mean one of the following? [`_corrupt_record`].; line 1 pos 8;
'Project ['explode('data.stations) AS station#9282]
+- Relation [_corrupt_record#9280] json
[2025-03-02T19:12:51.639+0000] {logging_mixin.py:149} INFO - Error processing file /mnt/data/raw/velib_api/station_information/20250302/202503021734.json: [UNRESOLVED_COLUMN.WITH_SUGGESTION] A column or function parameter with name `data`.`stations` cannot be resolved. Did you mean one of the following? [`_corrupt_record`].; line 1 pos 8;
'Project ['explode('data.stations) AS station#9294]
+- Relation [_corrupt_record#9292] json
[2025-03-02T19:12:52.120+0000] {logging_mixin.py:149} INFO - Error processing file /mnt/data/raw/velib_api/station_information/20250302/202503021554.json: [UNRESOLVED_COLUMN.WITH_SUGGESTION] A column or function parameter with name `data`.`stations` cannot be resolved. Did you mean one of the following? [`_corrupt_record`].; line 1 pos 8;
'Project ['explode('data.stations) AS station#9306]
+- Relation [_corrupt_record#9304] json
[2025-03-02T19:12:52.649+0000] {logging_mixin.py:149} INFO - Error processing file /mnt/data/raw/velib_api/station_information/20250302/202503021800.json: [UNRESOLVED_COLUMN.WITH_SUGGESTION] A column or function parameter with name `data`.`stations` cannot be resolved. Did you mean one of the following? [`_corrupt_record`].; line 1 pos 8;
'Project ['explode('data.stations) AS station#9318]
+- Relation [_corrupt_record#9316] json
[2025-03-02T19:12:53.057+0000] {logging_mixin.py:149} INFO - Error processing file /mnt/data/raw/velib_api/station_information/20250302/202503021400.json: [UNRESOLVED_COLUMN.WITH_SUGGESTION] A column or function parameter with name `data`.`stations` cannot be resolved. Did you mean one of the following? [`_corrupt_record`].; line 1 pos 8;
'Project ['explode('data.stations) AS station#9330]
+- Relation [_corrupt_record#9328] json
[2025-03-02T19:12:53.251+0000] {logging_mixin.py:149} INFO - Error processing file /mnt/data/raw/velib_api/station_information/20250302/202503021745.json: [UNRESOLVED_COLUMN.WITH_SUGGESTION] A column or function parameter with name `data`.`stations` cannot be resolved. Did you mean one of the following? [`_corrupt_record`].; line 1 pos 8;
'Project ['explode('data.stations) AS station#9342]
+- Relation [_corrupt_record#9340] json
[2025-03-02T19:12:53.563+0000] {logging_mixin.py:149} INFO - Error processing file /mnt/data/raw/velib_api/station_information/20250302/202503021600.json: [UNRESOLVED_COLUMN.WITH_SUGGESTION] A column or function parameter with name `data`.`stations` cannot be resolved. Did you mean one of the following? [`_corrupt_record`].; line 1 pos 8;
'Project ['explode('data.stations) AS station#9354]
+- Relation [_corrupt_record#9352] json
[2025-03-02T19:12:53.947+0000] {logging_mixin.py:149} INFO - Error processing file /mnt/data/raw/velib_api/station_information/20250302/202503021548.json: [UNRESOLVED_COLUMN.WITH_SUGGESTION] A column or function parameter with name `data`.`stations` cannot be resolved. Did you mean one of the following? [`_corrupt_record`].; line 1 pos 8;
'Project ['explode('data.stations) AS station#9366]
+- Relation [_corrupt_record#9364] json
[2025-03-02T19:12:54.150+0000] {logging_mixin.py:149} INFO - Error processing file /mnt/data/raw/velib_api/station_information/20250302/202503021530.json: [UNRESOLVED_COLUMN.WITH_SUGGESTION] A column or function parameter with name `data`.`stations` cannot be resolved. Did you mean one of the following? [`_corrupt_record`].; line 1 pos 8;
'Project ['explode('data.stations) AS station#9378]
+- Relation [_corrupt_record#9376] json
[2025-03-02T19:12:54.329+0000] {logging_mixin.py:149} INFO - Error processing file /mnt/data/raw/velib_api/station_information/20250302/202503021615.json: [UNRESOLVED_COLUMN.WITH_SUGGESTION] A column or function parameter with name `data`.`stations` cannot be resolved. Did you mean one of the following? [`_corrupt_record`].; line 1 pos 8;
'Project ['explode('data.stations) AS station#9390]
+- Relation [_corrupt_record#9388] json
[2025-03-02T19:12:54.668+0000] {logging_mixin.py:149} INFO - Error processing file /mnt/data/raw/velib_api/station_information/20250302/202503021906.json: [UNRESOLVED_COLUMN.WITH_SUGGESTION] A column or function parameter with name `data`.`stations` cannot be resolved. Did you mean one of the following? [`_corrupt_record`].; line 1 pos 8;
'Project ['explode('data.stations) AS station#9402]
+- Relation [_corrupt_record#9400] json
[2025-03-02T19:12:54.978+0000] {logging_mixin.py:149} INFO - Error processing file /mnt/data/raw/velib_api/station_information/20250302/202503021854.json: [UNRESOLVED_COLUMN.WITH_SUGGESTION] A column or function parameter with name `data`.`stations` cannot be resolved. Did you mean one of the following? [`_corrupt_record`].; line 1 pos 8;
'Project ['explode('data.stations) AS station#9414]
+- Relation [_corrupt_record#9412] json
[2025-03-02T19:12:55.237+0000] {logging_mixin.py:149} INFO - Error processing file /mnt/data/raw/velib_api/station_information/20250302/202503021907.json: [UNRESOLVED_COLUMN.WITH_SUGGESTION] A column or function parameter with name `data`.`stations` cannot be resolved. Did you mean one of the following? [`_corrupt_record`].; line 1 pos 8;
'Project ['explode('data.stations) AS station#9426]
+- Relation [_corrupt_record#9424] json
[2025-03-02T19:12:55.521+0000] {logging_mixin.py:149} INFO - Error processing file /mnt/data/raw/velib_api/station_information/20250302/202503021815.json: [UNRESOLVED_COLUMN.WITH_SUGGESTION] A column or function parameter with name `data`.`stations` cannot be resolved. Did you mean one of the following? [`_corrupt_record`].; line 1 pos 8;
'Project ['explode('data.stations) AS station#9438]
+- Relation [_corrupt_record#9436] json
[2025-03-02T19:12:55.802+0000] {logging_mixin.py:149} INFO - Error processing file /mnt/data/raw/velib_api/station_information/20250302/202503021527.json: [UNRESOLVED_COLUMN.WITH_SUGGESTION] A column or function parameter with name `data`.`stations` cannot be resolved. Did you mean one of the following? [`_corrupt_record`].; line 1 pos 8;
'Project ['explode('data.stations) AS station#9450]
+- Relation [_corrupt_record#9448] json
[2025-03-02T19:12:55.984+0000] {logging_mixin.py:149} INFO - Error processing file /mnt/data/raw/velib_api/station_information/20250302/202503021516.json: [UNRESOLVED_COLUMN.WITH_SUGGESTION] A column or function parameter with name `data`.`stations` cannot be resolved. Did you mean one of the following? [`_corrupt_record`].; line 1 pos 8;
'Project ['explode('data.stations) AS station#9462]
+- Relation [_corrupt_record#9460] json
[2025-03-02T19:12:56.138+0000] {logging_mixin.py:149} INFO - Error processing file /mnt/data/raw/velib_api/station_information/20250302/202503021845.json: [UNRESOLVED_COLUMN.WITH_SUGGESTION] A column or function parameter with name `data`.`stations` cannot be resolved. Did you mean one of the following? [`_corrupt_record`].; line 1 pos 8;
'Project ['explode('data.stations) AS station#9474]
+- Relation [_corrupt_record#9472] json
[2025-03-02T19:12:56.318+0000] {logging_mixin.py:149} INFO - Error processing file /mnt/data/raw/velib_api/station_information/20250302/202503021900.json: [UNRESOLVED_COLUMN.WITH_SUGGESTION] A column or function parameter with name `data`.`stations` cannot be resolved. Did you mean one of the following? [`_corrupt_record`].; line 1 pos 8;
'Project ['explode('data.stations) AS station#9486]
+- Relation [_corrupt_record#9484] json
[2025-03-02T19:12:56.595+0000] {logging_mixin.py:149} INFO - Error processing file /mnt/data/raw/velib_api/station_information/20250302/202503021500.json: [UNRESOLVED_COLUMN.WITH_SUGGESTION] A column or function parameter with name `data`.`stations` cannot be resolved. Did you mean one of the following? [`_corrupt_record`].; line 1 pos 8;
'Project ['explode('data.stations) AS station#9498]
+- Relation [_corrupt_record#9496] json
[2025-03-02T19:12:56.913+0000] {logging_mixin.py:149} INFO - Error processing file /mnt/data/raw/velib_api/station_information/20250302/202503021445.json: [UNRESOLVED_COLUMN.WITH_SUGGESTION] A column or function parameter with name `data`.`stations` cannot be resolved. Did you mean one of the following? [`_corrupt_record`].; line 1 pos 8;
'Project ['explode('data.stations) AS station#9510]
+- Relation [_corrupt_record#9508] json
[2025-03-02T19:12:57.338+0000] {logging_mixin.py:149} INFO - Error processing file /mnt/data/raw/velib_api/station_information/20250302/202503021901.json: [UNRESOLVED_COLUMN.WITH_SUGGESTION] A column or function parameter with name `data`.`stations` cannot be resolved. Did you mean one of the following? [`_corrupt_record`].; line 1 pos 8;
'Project ['explode('data.stations) AS station#9522]
+- Relation [_corrupt_record#9520] json
[2025-03-02T19:12:57.566+0000] {logging_mixin.py:149} INFO - Error processing file /mnt/data/raw/velib_api/station_information/20250302/202503021645.json: [UNRESOLVED_COLUMN.WITH_SUGGESTION] A column or function parameter with name `data`.`stations` cannot be resolved. Did you mean one of the following? [`_corrupt_record`].; line 1 pos 8;
'Project ['explode('data.stations) AS station#9534]
+- Relation [_corrupt_record#9532] json
[2025-03-02T19:12:57.816+0000] {logging_mixin.py:149} INFO - Error processing file /mnt/data/raw/velib_api/station_information/20250302/202503021700.json: [UNRESOLVED_COLUMN.WITH_SUGGESTION] A column or function parameter with name `data`.`stations` cannot be resolved. Did you mean one of the following? [`_corrupt_record`].; line 1 pos 8;
'Project ['explode('data.stations) AS station#9546]
+- Relation [_corrupt_record#9544] json
[2025-03-02T19:12:58.049+0000] {logging_mixin.py:149} INFO - Error processing file /mnt/data/raw/velib_api/station_information/20250302/202503021429.json: [UNRESOLVED_COLUMN.WITH_SUGGESTION] A column or function parameter with name `data`.`stations` cannot be resolved. Did you mean one of the following? [`_corrupt_record`].; line 1 pos 8;
'Project ['explode('data.stations) AS station#9558]
+- Relation [_corrupt_record#9556] json
[2025-03-02T19:12:58.052+0000] {python.py:183} INFO - Done. Returned value was: None
[2025-03-02T19:12:58.127+0000] {taskinstance.py:1373} INFO - Marking task as SUCCESS. dag_id=api_to_db_dag, task_id=process_raw_station_information, execution_date=20250302T184500, start_date=20250302T190735, end_date=20250302T191258
[2025-03-02T19:12:58.201+0000] {local_task_job_runner.py:232} INFO - Task exited with return code 0
[2025-03-02T19:12:58.271+0000] {taskinstance.py:2674} INFO - 0 downstream tasks scheduled from follow-on schedule check
