[2025-03-01T22:45:04.282+0000] {taskinstance.py:1125} INFO - Dependencies all met for dep_context=non-requeueable deps ti=<TaskInstance: api_to_db_dag.process_raw_station_information scheduled__2025-03-01T22:30:00+00:00 [queued]>
[2025-03-01T22:45:04.287+0000] {taskinstance.py:1125} INFO - Dependencies all met for dep_context=requeueable deps ti=<TaskInstance: api_to_db_dag.process_raw_station_information scheduled__2025-03-01T22:30:00+00:00 [queued]>
[2025-03-01T22:45:04.290+0000] {taskinstance.py:1331} INFO - Starting attempt 1 of 2
[2025-03-01T22:45:04.305+0000] {taskinstance.py:1350} INFO - Executing <Task(PythonOperator): process_raw_station_information> on 2025-03-01 22:30:00+00:00
[2025-03-01T22:45:04.309+0000] {standard_task_runner.py:57} INFO - Started process 19052 to run task
[2025-03-01T22:45:04.314+0000] {standard_task_runner.py:84} INFO - Running: ['***', 'tasks', 'run', 'api_to_db_dag', 'process_raw_station_information', 'scheduled__2025-03-01T22:30:00+00:00', '--job-id', '491', '--raw', '--subdir', 'DAGS_FOLDER/dag.py', '--cfg-path', '/tmp/tmp02uagjvk']
[2025-03-01T22:45:04.319+0000] {standard_task_runner.py:85} INFO - Job 491: Subtask process_raw_station_information
[2025-03-01T22:45:04.365+0000] {task_command.py:410} INFO - Running <TaskInstance: api_to_db_dag.process_raw_station_information scheduled__2025-03-01T22:30:00+00:00 [running]> on host 7d0564f8eb8b
[2025-03-01T22:45:04.436+0000] {taskinstance.py:1570} INFO - Exporting env vars: AIRFLOW_CTX_DAG_OWNER='***' AIRFLOW_CTX_DAG_ID='api_to_db_dag' AIRFLOW_CTX_TASK_ID='process_raw_station_information' AIRFLOW_CTX_EXECUTION_DATE='2025-03-01T22:30:00+00:00' AIRFLOW_CTX_TRY_NUMBER='1' AIRFLOW_CTX_DAG_RUN_ID='scheduled__2025-03-01T22:30:00+00:00'
[2025-03-01T22:45:08.093+0000] {python.py:183} INFO - Done. Returned value was: None
[2025-03-01T22:45:08.101+0000] {taskinstance.py:1373} INFO - Marking task as SUCCESS. dag_id=api_to_db_dag, task_id=process_raw_station_information, execution_date=20250301T223000, start_date=20250301T224504, end_date=20250301T224508
[2025-03-01T22:45:08.122+0000] {local_task_job_runner.py:232} INFO - Task exited with return code 0
[2025-03-01T22:45:08.139+0000] {taskinstance.py:2674} INFO - 0 downstream tasks scheduled from follow-on schedule check
[2025-03-01T22:47:40.328+0000] {taskinstance.py:1125} INFO - Dependencies all met for dep_context=non-requeueable deps ti=<TaskInstance: api_to_db_dag.process_raw_station_information scheduled__2025-03-01T22:30:00+00:00 [queued]>
[2025-03-01T22:47:40.340+0000] {taskinstance.py:1125} INFO - Dependencies all met for dep_context=requeueable deps ti=<TaskInstance: api_to_db_dag.process_raw_station_information scheduled__2025-03-01T22:30:00+00:00 [queued]>
[2025-03-01T22:47:40.342+0000] {taskinstance.py:1331} INFO - Starting attempt 1 of 2
[2025-03-01T22:47:40.356+0000] {taskinstance.py:1350} INFO - Executing <Task(PythonOperator): process_raw_station_information> on 2025-03-01 22:30:00+00:00
[2025-03-01T22:47:40.361+0000] {standard_task_runner.py:57} INFO - Started process 21547 to run task
[2025-03-01T22:47:40.363+0000] {standard_task_runner.py:84} INFO - Running: ['***', 'tasks', 'run', 'api_to_db_dag', 'process_raw_station_information', 'scheduled__2025-03-01T22:30:00+00:00', '--job-id', '508', '--raw', '--subdir', 'DAGS_FOLDER/dag.py', '--cfg-path', '/tmp/tmpmrnseulh']
[2025-03-01T22:47:40.365+0000] {standard_task_runner.py:85} INFO - Job 508: Subtask process_raw_station_information
[2025-03-01T22:47:40.390+0000] {task_command.py:410} INFO - Running <TaskInstance: api_to_db_dag.process_raw_station_information scheduled__2025-03-01T22:30:00+00:00 [running]> on host 7d0564f8eb8b
[2025-03-01T22:47:40.441+0000] {taskinstance.py:1570} INFO - Exporting env vars: AIRFLOW_CTX_DAG_OWNER='***' AIRFLOW_CTX_DAG_ID='api_to_db_dag' AIRFLOW_CTX_TASK_ID='process_raw_station_information' AIRFLOW_CTX_EXECUTION_DATE='2025-03-01T22:30:00+00:00' AIRFLOW_CTX_TRY_NUMBER='1' AIRFLOW_CTX_DAG_RUN_ID='scheduled__2025-03-01T22:30:00+00:00'
[2025-03-01T22:47:43.372+0000] {python.py:183} INFO - Done. Returned value was: None
[2025-03-01T22:47:43.380+0000] {taskinstance.py:1373} INFO - Marking task as SUCCESS. dag_id=api_to_db_dag, task_id=process_raw_station_information, execution_date=20250301T223000, start_date=20250301T224740, end_date=20250301T224743
[2025-03-01T22:47:43.402+0000] {local_task_job_runner.py:232} INFO - Task exited with return code 0
[2025-03-01T22:47:43.421+0000] {taskinstance.py:2674} INFO - 0 downstream tasks scheduled from follow-on schedule check
