[2025-03-02T19:15:04.271+0000] {taskinstance.py:1125} INFO - Dependencies all met for dep_context=non-requeueable deps ti=<TaskInstance: api_to_db_dag.get_velib_data scheduled__2025-03-02T19:00:00+00:00 [queued]>
[2025-03-02T19:15:04.281+0000] {taskinstance.py:1125} INFO - Dependencies all met for dep_context=requeueable deps ti=<TaskInstance: api_to_db_dag.get_velib_data scheduled__2025-03-02T19:00:00+00:00 [queued]>
[2025-03-02T19:15:04.281+0000] {taskinstance.py:1331} INFO - Starting attempt 1 of 2
[2025-03-02T19:15:04.291+0000] {taskinstance.py:1350} INFO - Executing <Task(SimpleHttpOperator): get_velib_data> on 2025-03-02 19:00:00+00:00
[2025-03-02T19:15:04.301+0000] {standard_task_runner.py:57} INFO - Started process 64872 to run task
[2025-03-02T19:15:04.301+0000] {clientserver.py:543} INFO - Closing down clientserver connection
[2025-03-02T19:15:04.323+0000] {standard_task_runner.py:84} INFO - Running: ['***', 'tasks', 'run', 'api_to_db_dag', 'get_velib_data', 'scheduled__2025-03-02T19:00:00+00:00', '--job-id', '181', '--raw', '--subdir', 'DAGS_FOLDER/dag.py', '--cfg-path', '/tmp/tmp8jsctm_r']
[2025-03-02T19:15:04.326+0000] {standard_task_runner.py:85} INFO - Job 181: Subtask get_velib_data
[2025-03-02T19:15:04.380+0000] {task_command.py:410} INFO - Running <TaskInstance: api_to_db_dag.get_velib_data scheduled__2025-03-02T19:00:00+00:00 [running]> on host 3befbd719c1b
[2025-03-02T19:15:04.514+0000] {taskinstance.py:1570} INFO - Exporting env vars: AIRFLOW_CTX_DAG_OWNER='***' AIRFLOW_CTX_DAG_ID='api_to_db_dag' AIRFLOW_CTX_TASK_ID='get_velib_data' AIRFLOW_CTX_EXECUTION_DATE='2025-03-02T19:00:00+00:00' AIRFLOW_CTX_TRY_NUMBER='1' AIRFLOW_CTX_DAG_RUN_ID='scheduled__2025-03-02T19:00:00+00:00'
[2025-03-02T19:15:04.515+0000] {http.py:123} INFO - Calling HTTP method
[2025-03-02T19:15:04.525+0000] {base.py:73} INFO - Using connection ID 'velib_api_connection' for task execution.
[2025-03-02T19:15:04.738+0000] {clientserver.py:505} INFO - Error while sending or receiving.
Traceback (most recent call last):
  File "/home/airflow/.local/lib/python3.7/site-packages/py4j/clientserver.py", line 503, in send_command
    self.socket.sendall(command.encode("utf-8"))
ConnectionResetError: [Errno 104] Connection reset by peer
[2025-03-02T19:15:04.740+0000] {clientserver.py:543} INFO - Closing down clientserver connection
[2025-03-02T19:15:04.741+0000] {java_gateway.py:1052} INFO - Exception while sending command.
Traceback (most recent call last):
  File "/home/airflow/.local/lib/python3.7/site-packages/py4j/clientserver.py", line 503, in send_command
    self.socket.sendall(command.encode("utf-8"))
ConnectionResetError: [Errno 104] Connection reset by peer

During handling of the above exception, another exception occurred:

Traceback (most recent call last):
  File "/home/airflow/.local/lib/python3.7/site-packages/py4j/java_gateway.py", line 1038, in send_command
    response = connection.send_command(command)
  File "/home/airflow/.local/lib/python3.7/site-packages/py4j/clientserver.py", line 507, in send_command
    "Error while sending", e, proto.ERROR_ON_SEND)
py4j.protocol.Py4JNetworkError: Error while sending
[2025-03-02T19:15:04.747+0000] {clientserver.py:543} INFO - Closing down clientserver connection
[2025-03-02T19:15:04.763+0000] {taskinstance.py:1373} INFO - Marking task as SUCCESS. dag_id=api_to_db_dag, task_id=get_velib_data, execution_date=20250302T190000, start_date=20250302T191504, end_date=20250302T191504
[2025-03-02T19:15:04.821+0000] {local_task_job_runner.py:232} INFO - Task exited with return code 0
[2025-03-02T19:15:04.842+0000] {taskinstance.py:2674} INFO - 1 downstream tasks scheduled from follow-on schedule check
[2025-03-02T19:20:21.424+0000] {taskinstance.py:1125} INFO - Dependencies all met for dep_context=non-requeueable deps ti=<TaskInstance: api_to_db_dag.get_velib_data scheduled__2025-03-02T19:00:00+00:00 [queued]>
[2025-03-02T19:20:21.435+0000] {taskinstance.py:1125} INFO - Dependencies all met for dep_context=requeueable deps ti=<TaskInstance: api_to_db_dag.get_velib_data scheduled__2025-03-02T19:00:00+00:00 [queued]>
[2025-03-02T19:20:21.435+0000] {taskinstance.py:1331} INFO - Starting attempt 1 of 2
[2025-03-02T19:20:21.450+0000] {taskinstance.py:1350} INFO - Executing <Task(SimpleHttpOperator): get_velib_data> on 2025-03-02 19:00:00+00:00
[2025-03-02T19:20:21.457+0000] {clientserver.py:543} INFO - Closing down clientserver connection
[2025-03-02T19:20:21.457+0000] {standard_task_runner.py:57} INFO - Started process 76341 to run task
[2025-03-02T19:20:21.469+0000] {standard_task_runner.py:84} INFO - Running: ['***', 'tasks', 'run', 'api_to_db_dag', 'get_velib_data', 'scheduled__2025-03-02T19:00:00+00:00', '--job-id', '188', '--raw', '--subdir', 'DAGS_FOLDER/dag.py', '--cfg-path', '/tmp/tmpgohszgwc']
[2025-03-02T19:20:21.473+0000] {standard_task_runner.py:85} INFO - Job 188: Subtask get_velib_data
[2025-03-02T19:20:21.525+0000] {task_command.py:410} INFO - Running <TaskInstance: api_to_db_dag.get_velib_data scheduled__2025-03-02T19:00:00+00:00 [running]> on host 3befbd719c1b
[2025-03-02T19:20:21.586+0000] {taskinstance.py:1570} INFO - Exporting env vars: AIRFLOW_CTX_DAG_OWNER='***' AIRFLOW_CTX_DAG_ID='api_to_db_dag' AIRFLOW_CTX_TASK_ID='get_velib_data' AIRFLOW_CTX_EXECUTION_DATE='2025-03-02T19:00:00+00:00' AIRFLOW_CTX_TRY_NUMBER='1' AIRFLOW_CTX_DAG_RUN_ID='scheduled__2025-03-02T19:00:00+00:00'
[2025-03-02T19:20:21.588+0000] {http.py:123} INFO - Calling HTTP method
[2025-03-02T19:20:21.594+0000] {base.py:73} INFO - Using connection ID 'velib_api_connection' for task execution.
[2025-03-02T19:20:21.844+0000] {taskinstance.py:1373} INFO - Marking task as SUCCESS. dag_id=api_to_db_dag, task_id=get_velib_data, execution_date=20250302T190000, start_date=20250302T192021, end_date=20250302T192021
[2025-03-02T19:20:21.889+0000] {local_task_job_runner.py:232} INFO - Task exited with return code 0
[2025-03-02T19:20:21.949+0000] {taskinstance.py:2674} INFO - 1 downstream tasks scheduled from follow-on schedule check
[2025-03-02T19:21:24.270+0000] {taskinstance.py:1125} INFO - Dependencies all met for dep_context=non-requeueable deps ti=<TaskInstance: api_to_db_dag.get_velib_data scheduled__2025-03-02T19:00:00+00:00 [queued]>
[2025-03-02T19:21:24.310+0000] {taskinstance.py:1125} INFO - Dependencies all met for dep_context=requeueable deps ti=<TaskInstance: api_to_db_dag.get_velib_data scheduled__2025-03-02T19:00:00+00:00 [queued]>
[2025-03-02T19:21:24.311+0000] {taskinstance.py:1331} INFO - Starting attempt 1 of 2
[2025-03-02T19:21:24.334+0000] {taskinstance.py:1350} INFO - Executing <Task(SimpleHttpOperator): get_velib_data> on 2025-03-02 19:00:00+00:00
[2025-03-02T19:21:24.396+0000] {standard_task_runner.py:57} INFO - Started process 79520 to run task
[2025-03-02T19:21:24.413+0000] {standard_task_runner.py:84} INFO - Running: ['***', 'tasks', 'run', 'api_to_db_dag', 'get_velib_data', 'scheduled__2025-03-02T19:00:00+00:00', '--job-id', '198', '--raw', '--subdir', 'DAGS_FOLDER/dag.py', '--cfg-path', '/tmp/tmpsc98zb6r']
[2025-03-02T19:21:24.419+0000] {standard_task_runner.py:85} INFO - Job 198: Subtask get_velib_data
[2025-03-02T19:21:24.574+0000] {task_command.py:410} INFO - Running <TaskInstance: api_to_db_dag.get_velib_data scheduled__2025-03-02T19:00:00+00:00 [running]> on host 3befbd719c1b
[2025-03-02T19:21:25.041+0000] {taskinstance.py:1570} INFO - Exporting env vars: AIRFLOW_CTX_DAG_OWNER='***' AIRFLOW_CTX_DAG_ID='api_to_db_dag' AIRFLOW_CTX_TASK_ID='get_velib_data' AIRFLOW_CTX_EXECUTION_DATE='2025-03-02T19:00:00+00:00' AIRFLOW_CTX_TRY_NUMBER='1' AIRFLOW_CTX_DAG_RUN_ID='scheduled__2025-03-02T19:00:00+00:00'
[2025-03-02T19:21:25.046+0000] {http.py:123} INFO - Calling HTTP method
[2025-03-02T19:21:25.134+0000] {base.py:73} INFO - Using connection ID 'velib_api_connection' for task execution.
[2025-03-02T19:21:25.509+0000] {taskinstance.py:1373} INFO - Marking task as SUCCESS. dag_id=api_to_db_dag, task_id=get_velib_data, execution_date=20250302T190000, start_date=20250302T192124, end_date=20250302T192125
[2025-03-02T19:21:25.562+0000] {local_task_job_runner.py:232} INFO - Task exited with return code 0
[2025-03-02T19:21:25.730+0000] {taskinstance.py:2674} INFO - 1 downstream tasks scheduled from follow-on schedule check
