[2025-02-26T20:55:45.439+0000] {taskinstance.py:1087} INFO - Dependencies all met for <TaskInstance: api_to_db_dag.insert_station_details manual__2025-02-26T20:55:40.044669+00:00 [queued]>
[2025-02-26T20:55:45.445+0000] {taskinstance.py:1087} INFO - Dependencies all met for <TaskInstance: api_to_db_dag.insert_station_details manual__2025-02-26T20:55:40.044669+00:00 [queued]>
[2025-02-26T20:55:45.445+0000] {taskinstance.py:1283} INFO - 
--------------------------------------------------------------------------------
[2025-02-26T20:55:45.445+0000] {taskinstance.py:1284} INFO - Starting attempt 1 of 1
[2025-02-26T20:55:45.445+0000] {taskinstance.py:1285} INFO - 
--------------------------------------------------------------------------------
[2025-02-26T20:55:45.451+0000] {taskinstance.py:1304} INFO - Executing <Task(PostgresOperator): insert_station_details> on 2025-02-26 20:55:40.044669+00:00
[2025-02-26T20:55:45.454+0000] {standard_task_runner.py:55} INFO - Started process 193 to run task
[2025-02-26T20:55:45.456+0000] {standard_task_runner.py:82} INFO - Running: ['***', 'tasks', 'run', 'api_to_db_dag', 'insert_station_details', 'manual__2025-02-26T20:55:40.044669+00:00', '--job-id', '8', '--raw', '--subdir', 'DAGS_FOLDER/dag.py', '--cfg-path', '/tmp/tmpip2ab7c7']
[2025-02-26T20:55:45.457+0000] {standard_task_runner.py:83} INFO - Job 8: Subtask insert_station_details
[2025-02-26T20:55:45.487+0000] {task_command.py:389} INFO - Running <TaskInstance: api_to_db_dag.insert_station_details manual__2025-02-26T20:55:40.044669+00:00 [running]> on host c6275f5db567
[2025-02-26T20:55:45.516+0000] {abstractoperator.py:596} ERROR - Exception rendering Jinja template for task 'insert_station_details', field 'sql'. Template: "\n        {% set stations = ti.xcom_pull(task_ids='get_velib_data')['data']['stations'] %}\n        INSERT INTO velib_station_details (\n            station_id,\n            capacity,\n            lat,\n            lon,\n            name\n        )\n        VALUES\n        {% for station in stations %}\n        (\n            {{ station.station_id }},\n            {{ station.capacity }},\n            {{ station.lat }},\n            {{ station.lon }},\n            '{{ station.name }}'\n        ){% if not loop.last %},{% endif %}\n        {% endfor %};\n        "
Traceback (most recent call last):
  File "/home/airflow/.local/lib/python3.7/site-packages/airflow/models/abstractoperator.py", line 589, in _do_render_template_fields
    seen_oids,
  File "/home/airflow/.local/lib/python3.7/site-packages/airflow/models/abstractoperator.py", line 646, in render_template
    return render_template_to_string(template, context)
  File "/home/airflow/.local/lib/python3.7/site-packages/airflow/utils/helpers.py", line 288, in render_template_to_string
    return render_template(template, cast(MutableMapping[str, Any], context), native=False)
  File "/home/airflow/.local/lib/python3.7/site-packages/airflow/utils/helpers.py", line 283, in render_template
    return "".join(nodes)
  File "<template>", line 25, in root
  File "/home/airflow/.local/lib/python3.7/site-packages/jinja2/runtime.py", line 852, in _fail_with_undefined_error
    raise self._undefined_exception(self._undefined_message)
jinja2.exceptions.UndefinedError: 'dict object' has no attribute 'capacity'
[2025-02-26T20:55:45.517+0000] {taskinstance.py:1772} ERROR - Task failed with exception
Traceback (most recent call last):
  File "/home/airflow/.local/lib/python3.7/site-packages/airflow/models/taskinstance.py", line 1378, in _run_raw_task
    self._execute_task_with_callbacks(context, test_mode)
  File "/home/airflow/.local/lib/python3.7/site-packages/airflow/models/taskinstance.py", line 1497, in _execute_task_with_callbacks
    task_orig = self.render_templates(context=context)
  File "/home/airflow/.local/lib/python3.7/site-packages/airflow/models/taskinstance.py", line 2119, in render_templates
    original_task.render_template_fields(context)
  File "/home/airflow/.local/lib/python3.7/site-packages/airflow/models/baseoperator.py", line 1196, in render_template_fields
    self._do_render_template_fields(self, self.template_fields, context, jinja_env, set())
  File "/home/airflow/.local/lib/python3.7/site-packages/airflow/utils/session.py", line 75, in wrapper
    return func(*args, session=session, **kwargs)
  File "/home/airflow/.local/lib/python3.7/site-packages/airflow/models/abstractoperator.py", line 589, in _do_render_template_fields
    seen_oids,
  File "/home/airflow/.local/lib/python3.7/site-packages/airflow/models/abstractoperator.py", line 646, in render_template
    return render_template_to_string(template, context)
  File "/home/airflow/.local/lib/python3.7/site-packages/airflow/utils/helpers.py", line 288, in render_template_to_string
    return render_template(template, cast(MutableMapping[str, Any], context), native=False)
  File "/home/airflow/.local/lib/python3.7/site-packages/airflow/utils/helpers.py", line 283, in render_template
    return "".join(nodes)
  File "<template>", line 25, in root
  File "/home/airflow/.local/lib/python3.7/site-packages/jinja2/runtime.py", line 852, in _fail_with_undefined_error
    raise self._undefined_exception(self._undefined_message)
jinja2.exceptions.UndefinedError: 'dict object' has no attribute 'capacity'
[2025-02-26T20:55:45.521+0000] {taskinstance.py:1327} INFO - Marking task as FAILED. dag_id=api_to_db_dag, task_id=insert_station_details, execution_date=20250226T205540, start_date=20250226T205545, end_date=20250226T205545
[2025-02-26T20:55:45.527+0000] {standard_task_runner.py:105} ERROR - Failed to execute job 8 for task insert_station_details ('dict object' has no attribute 'capacity'; 193)
[2025-02-26T20:55:45.558+0000] {local_task_job.py:159} INFO - Task exited with return code 1
[2025-02-26T20:55:45.569+0000] {taskinstance.py:2582} INFO - 0 downstream tasks scheduled from follow-on schedule check
