[2025-02-28T22:18:16.825+0000] {taskinstance.py:1125} INFO - Dependencies all met for dep_context=non-requeueable deps ti=<TaskInstance: api_to_db_dag.index_parquet_to_elasticsearch scheduled__2025-02-28T22:16:00+00:00 [queued]>
[2025-02-28T22:18:16.831+0000] {taskinstance.py:1125} INFO - Dependencies all met for dep_context=requeueable deps ti=<TaskInstance: api_to_db_dag.index_parquet_to_elasticsearch scheduled__2025-02-28T22:16:00+00:00 [queued]>
[2025-02-28T22:18:16.831+0000] {taskinstance.py:1331} INFO - Starting attempt 1 of 1
[2025-02-28T22:18:16.839+0000] {taskinstance.py:1350} INFO - Executing <Task(PythonOperator): index_parquet_to_elasticsearch> on 2025-02-28 22:16:00+00:00
[2025-02-28T22:18:16.845+0000] {standard_task_runner.py:57} INFO - Started process 10747 to run task
[2025-02-28T22:18:16.848+0000] {standard_task_runner.py:84} INFO - Running: ['***', 'tasks', 'run', 'api_to_db_dag', 'index_parquet_to_elasticsearch', 'scheduled__2025-02-28T22:16:00+00:00', '--job-id', '743', '--raw', '--subdir', 'DAGS_FOLDER/dag.py', '--cfg-path', '/tmp/tmp6zmhgqfm']
[2025-02-28T22:18:16.851+0000] {standard_task_runner.py:85} INFO - Job 743: Subtask index_parquet_to_elasticsearch
[2025-02-28T22:18:16.884+0000] {task_command.py:410} INFO - Running <TaskInstance: api_to_db_dag.index_parquet_to_elasticsearch scheduled__2025-02-28T22:16:00+00:00 [running]> on host 2e469bce1432
[2025-02-28T22:18:16.946+0000] {taskinstance.py:1570} INFO - Exporting env vars: AIRFLOW_CTX_DAG_OWNER='***' AIRFLOW_CTX_DAG_ID='api_to_db_dag' AIRFLOW_CTX_TASK_ID='index_parquet_to_elasticsearch' AIRFLOW_CTX_EXECUTION_DATE='2025-02-28T22:16:00+00:00' AIRFLOW_CTX_TRY_NUMBER='1' AIRFLOW_CTX_DAG_RUN_ID='scheduled__2025-02-28T22:16:00+00:00'
[2025-02-28T22:18:17.002+0000] {logging_mixin.py:149} WARNING - /home/***/.local/lib/python3.7/site-packages/pandas/core/array_algos/replace.py:84 FutureWarning: elementwise comparison failed; returning scalar instead, but in the future will perform elementwise comparison
[2025-02-28T22:18:17.046+0000] {base.py:271} INFO - HEAD http://elasticsearch:9200/velib_data_analytics [status:200 request:0.018s]
[2025-02-28T22:18:17.248+0000] {base.py:271} INFO - POST http://elasticsearch:9200/_bulk [status:200 request:0.023s]
[2025-02-28T22:18:17.270+0000] {base.py:271} INFO - POST http://elasticsearch:9200/_bulk [status:200 request:0.014s]
[2025-02-28T22:18:17.291+0000] {base.py:271} INFO - POST http://elasticsearch:9200/_bulk [status:200 request:0.013s]
[2025-02-28T22:18:17.312+0000] {base.py:271} INFO - POST http://elasticsearch:9200/_bulk [status:200 request:0.013s]
[2025-02-28T22:18:17.356+0000] {base.py:271} INFO - POST http://elasticsearch:9200/_bulk [status:200 request:0.030s]
[2025-02-28T22:18:17.394+0000] {base.py:271} INFO - POST http://elasticsearch:9200/_bulk [status:200 request:0.029s]
[2025-02-28T22:18:17.421+0000] {base.py:271} INFO - POST http://elasticsearch:9200/_bulk [status:200 request:0.015s]
[2025-02-28T22:18:17.454+0000] {base.py:271} INFO - POST http://elasticsearch:9200/_bulk [status:200 request:0.022s]
[2025-02-28T22:18:17.475+0000] {base.py:271} INFO - POST http://elasticsearch:9200/_bulk [status:200 request:0.013s]
[2025-02-28T22:18:17.495+0000] {base.py:271} INFO - POST http://elasticsearch:9200/_bulk [status:200 request:0.012s]
[2025-02-28T22:18:17.514+0000] {base.py:271} INFO - POST http://elasticsearch:9200/_bulk [status:200 request:0.012s]
[2025-02-28T22:18:17.533+0000] {base.py:271} INFO - POST http://elasticsearch:9200/_bulk [status:200 request:0.012s]
[2025-02-28T22:18:17.552+0000] {base.py:271} INFO - POST http://elasticsearch:9200/_bulk [status:200 request:0.012s]
[2025-02-28T22:18:17.571+0000] {base.py:271} INFO - POST http://elasticsearch:9200/_bulk [status:200 request:0.012s]
[2025-02-28T22:18:17.650+0000] {base.py:271} INFO - POST http://elasticsearch:9200/_bulk [status:200 request:0.072s]
[2025-02-28T22:18:17.676+0000] {base.py:271} INFO - POST http://elasticsearch:9200/_bulk [status:200 request:0.017s]
[2025-02-28T22:18:17.701+0000] {base.py:271} INFO - POST http://elasticsearch:9200/_bulk [status:200 request:0.015s]
[2025-02-28T22:18:17.745+0000] {base.py:271} INFO - POST http://elasticsearch:9200/_bulk [status:200 request:0.033s]
[2025-02-28T22:18:17.767+0000] {base.py:271} INFO - POST http://elasticsearch:9200/_bulk [status:200 request:0.012s]
[2025-02-28T22:18:17.787+0000] {base.py:271} INFO - POST http://elasticsearch:9200/_bulk [status:200 request:0.012s]
[2025-02-28T22:18:17.807+0000] {base.py:271} INFO - POST http://elasticsearch:9200/_bulk [status:200 request:0.013s]
[2025-02-28T22:18:17.835+0000] {base.py:271} INFO - POST http://elasticsearch:9200/_bulk [status:200 request:0.015s]
[2025-02-28T22:18:17.859+0000] {base.py:271} INFO - POST http://elasticsearch:9200/_bulk [status:200 request:0.016s]
[2025-02-28T22:18:17.880+0000] {base.py:271} INFO - POST http://elasticsearch:9200/_bulk [status:200 request:0.013s]
[2025-02-28T22:18:17.913+0000] {base.py:271} INFO - POST http://elasticsearch:9200/_bulk [status:200 request:0.018s]
[2025-02-28T22:18:17.942+0000] {base.py:271} INFO - POST http://elasticsearch:9200/_bulk [status:200 request:0.021s]
[2025-02-28T22:18:17.970+0000] {base.py:271} INFO - POST http://elasticsearch:9200/_bulk [status:200 request:0.014s]
[2025-02-28T22:18:17.993+0000] {base.py:271} INFO - POST http://elasticsearch:9200/_bulk [status:200 request:0.014s]
[2025-02-28T22:18:18.014+0000] {base.py:271} INFO - POST http://elasticsearch:9200/_bulk [status:200 request:0.013s]
[2025-02-28T22:18:18.035+0000] {base.py:271} INFO - POST http://elasticsearch:9200/_bulk [status:200 request:0.013s]
[2025-02-28T22:18:18.054+0000] {base.py:271} INFO - POST http://elasticsearch:9200/_bulk [status:200 request:0.012s]
[2025-02-28T22:18:18.094+0000] {base.py:271} INFO - POST http://elasticsearch:9200/_bulk [status:200 request:0.032s]
[2025-02-28T22:18:18.114+0000] {base.py:271} INFO - POST http://elasticsearch:9200/_bulk [status:200 request:0.012s]
[2025-02-28T22:18:18.135+0000] {base.py:271} INFO - POST http://elasticsearch:9200/_bulk [status:200 request:0.013s]
[2025-02-28T22:18:18.155+0000] {base.py:271} INFO - POST http://elasticsearch:9200/_bulk [status:200 request:0.012s]
[2025-02-28T22:18:18.175+0000] {base.py:271} INFO - POST http://elasticsearch:9200/_bulk [status:200 request:0.012s]
[2025-02-28T22:18:18.195+0000] {base.py:271} INFO - POST http://elasticsearch:9200/_bulk [status:200 request:0.012s]
[2025-02-28T22:18:18.218+0000] {base.py:271} INFO - POST http://elasticsearch:9200/_bulk [status:200 request:0.015s]
[2025-02-28T22:18:18.240+0000] {base.py:271} INFO - POST http://elasticsearch:9200/_bulk [status:200 request:0.014s]
[2025-02-28T22:18:18.261+0000] {base.py:271} INFO - POST http://elasticsearch:9200/_bulk [status:200 request:0.011s]
[2025-02-28T22:18:18.279+0000] {base.py:271} INFO - POST http://elasticsearch:9200/_bulk [status:200 request:0.010s]
[2025-02-28T22:18:18.281+0000] {logging_mixin.py:149} INFO - Les données ont été ajoutées dans l'index 'velib_data_analytics'.
[2025-02-28T22:18:18.289+0000] {python.py:183} INFO - Done. Returned value was: None
[2025-02-28T22:18:18.304+0000] {taskinstance.py:1373} INFO - Marking task as SUCCESS. dag_id=api_to_db_dag, task_id=index_parquet_to_elasticsearch, execution_date=20250228T221600, start_date=20250228T221816, end_date=20250228T221818
[2025-02-28T22:18:18.346+0000] {local_task_job_runner.py:232} INFO - Task exited with return code 0
[2025-02-28T22:18:18.363+0000] {taskinstance.py:2674} INFO - 0 downstream tasks scheduled from follow-on schedule check
