[2025-03-01T22:36:37.430+0000] {taskinstance.py:1125} INFO - Dependencies all met for dep_context=non-requeueable deps ti=<TaskInstance: api_to_db_dag.index_data_to_elasticsearch manual__2025-03-01T22:36:20.376374+00:00 [queued]>
[2025-03-01T22:36:37.436+0000] {taskinstance.py:1125} INFO - Dependencies all met for dep_context=requeueable deps ti=<TaskInstance: api_to_db_dag.index_data_to_elasticsearch manual__2025-03-01T22:36:20.376374+00:00 [queued]>
[2025-03-01T22:36:37.436+0000] {taskinstance.py:1331} INFO - Starting attempt 1 of 2
[2025-03-01T22:36:37.444+0000] {taskinstance.py:1350} INFO - Executing <Task(PythonOperator): index_data_to_elasticsearch> on 2025-03-01 22:36:20.376374+00:00
[2025-03-01T22:36:37.449+0000] {standard_task_runner.py:57} INFO - Started process 18666 to run task
[2025-03-01T22:36:37.453+0000] {standard_task_runner.py:84} INFO - Running: ['***', 'tasks', 'run', 'api_to_db_dag', 'index_data_to_elasticsearch', 'manual__2025-03-01T22:36:20.376374+00:00', '--job-id', '485', '--raw', '--subdir', 'DAGS_FOLDER/dag.py', '--cfg-path', '/tmp/tmpknsxf6l9']
[2025-03-01T22:36:37.459+0000] {standard_task_runner.py:85} INFO - Job 485: Subtask index_data_to_elasticsearch
[2025-03-01T22:36:37.490+0000] {task_command.py:410} INFO - Running <TaskInstance: api_to_db_dag.index_data_to_elasticsearch manual__2025-03-01T22:36:20.376374+00:00 [running]> on host 7d0564f8eb8b
[2025-03-01T22:36:37.540+0000] {taskinstance.py:1570} INFO - Exporting env vars: AIRFLOW_CTX_DAG_OWNER='***' AIRFLOW_CTX_DAG_ID='api_to_db_dag' AIRFLOW_CTX_TASK_ID='index_data_to_elasticsearch' AIRFLOW_CTX_EXECUTION_DATE='2025-03-01T22:36:20.376374+00:00' AIRFLOW_CTX_TRY_NUMBER='1' AIRFLOW_CTX_DAG_RUN_ID='manual__2025-03-01T22:36:20.376374+00:00'
[2025-03-01T22:36:37.560+0000] {taskinstance.py:1847} ERROR - Task failed with exception
Traceback (most recent call last):
  File "/home/airflow/.local/lib/python3.7/site-packages/airflow/operators/python.py", line 181, in execute
    return_value = self.execute_callable()
  File "/home/airflow/.local/lib/python3.7/site-packages/airflow/operators/python.py", line 198, in execute_callable
    return self.python_callable(*self.op_args, **self.op_kwargs)
  File "/opt/airflow/dags/lib/elastic_indexer.py", line 15, in index_parquet_to_elasticsearch
    table = pq.read_table(directory_path)
  File "/home/airflow/.local/lib/python3.7/site-packages/pyarrow/parquet/__init__.py", line 2793, in read_table
    thrift_container_size_limit=thrift_container_size_limit,
  File "/home/airflow/.local/lib/python3.7/site-packages/pyarrow/parquet/__init__.py", line 2382, in __init__
    ignore_prefixes=ignore_prefixes)
  File "/home/airflow/.local/lib/python3.7/site-packages/pyarrow/dataset.py", line 771, in dataset
    'instead of the given type: {}'.format(type(source).__name__)
TypeError: Expected a path-like, list of path-likes or a list of Datasets instead of the given type: NoneType
[2025-03-01T22:36:37.565+0000] {taskinstance.py:1373} INFO - Marking task as UP_FOR_RETRY. dag_id=api_to_db_dag, task_id=index_data_to_elasticsearch, execution_date=20250301T223620, start_date=20250301T223637, end_date=20250301T223637
[2025-03-01T22:36:37.571+0000] {standard_task_runner.py:109} ERROR - Failed to execute job 485 for task index_data_to_elasticsearch (Expected a path-like, list of path-likes or a list of Datasets instead of the given type: NoneType; 18666)
[2025-03-01T22:36:37.601+0000] {local_task_job_runner.py:232} INFO - Task exited with return code 1
[2025-03-01T22:36:37.612+0000] {taskinstance.py:2674} INFO - 0 downstream tasks scheduled from follow-on schedule check
