[2025-03-02T19:00:03.707+0000] {taskinstance.py:1125} INFO - Dependencies all met for dep_context=non-requeueable deps ti=<TaskInstance: api_to_db_dag.save_raw_station_information scheduled__2025-03-02T18:45:00+00:00 [queued]>
[2025-03-02T19:00:03.712+0000] {taskinstance.py:1125} INFO - Dependencies all met for dep_context=requeueable deps ti=<TaskInstance: api_to_db_dag.save_raw_station_information scheduled__2025-03-02T18:45:00+00:00 [queued]>
[2025-03-02T19:00:03.712+0000] {taskinstance.py:1331} INFO - Starting attempt 1 of 2
[2025-03-02T19:00:03.720+0000] {taskinstance.py:1350} INFO - Executing <Task(PythonOperator): save_raw_station_information> on 2025-03-02 18:45:00+00:00
[2025-03-02T19:00:03.726+0000] {standard_task_runner.py:57} INFO - Started process 15451 to run task
[2025-03-02T19:00:03.729+0000] {standard_task_runner.py:84} INFO - Running: ['***', 'tasks', 'run', 'api_to_db_dag', 'save_raw_station_information', 'scheduled__2025-03-02T18:45:00+00:00', '--job-id', '148', '--raw', '--subdir', 'DAGS_FOLDER/dag.py', '--cfg-path', '/tmp/tmpijpgk2df']
[2025-03-02T19:00:03.730+0000] {standard_task_runner.py:85} INFO - Job 148: Subtask save_raw_station_information
[2025-03-02T19:00:03.781+0000] {task_command.py:410} INFO - Running <TaskInstance: api_to_db_dag.save_raw_station_information scheduled__2025-03-02T18:45:00+00:00 [running]> on host 3befbd719c1b
[2025-03-02T19:00:03.844+0000] {taskinstance.py:1570} INFO - Exporting env vars: AIRFLOW_CTX_DAG_OWNER='***' AIRFLOW_CTX_DAG_ID='api_to_db_dag' AIRFLOW_CTX_TASK_ID='save_raw_station_information' AIRFLOW_CTX_EXECUTION_DATE='2025-03-02T18:45:00+00:00' AIRFLOW_CTX_TRY_NUMBER='1' AIRFLOW_CTX_DAG_RUN_ID='scheduled__2025-03-02T18:45:00+00:00'
[2025-03-02T19:00:03.934+0000] {datalake_saver.py:45} INFO - Data saved successfully to /mnt/data/raw/velib_api/velib_stations/20250302/202503021900.json
[2025-03-02T19:00:03.934+0000] {python.py:183} INFO - Done. Returned value was: /mnt/data/raw/velib_api/velib_stations/20250302/202503021900.json
[2025-03-02T19:00:03.951+0000] {taskinstance.py:1373} INFO - Marking task as SUCCESS. dag_id=api_to_db_dag, task_id=save_raw_station_information, execution_date=20250302T184500, start_date=20250302T190003, end_date=20250302T190003
[2025-03-02T19:00:03.989+0000] {local_task_job_runner.py:232} INFO - Task exited with return code 0
[2025-03-02T19:00:04.023+0000] {taskinstance.py:2674} INFO - 0 downstream tasks scheduled from follow-on schedule check
[2025-03-02T19:01:57.093+0000] {taskinstance.py:1125} INFO - Dependencies all met for dep_context=non-requeueable deps ti=<TaskInstance: api_to_db_dag.save_raw_station_information scheduled__2025-03-02T18:45:00+00:00 [queued]>
[2025-03-02T19:01:57.104+0000] {taskinstance.py:1125} INFO - Dependencies all met for dep_context=requeueable deps ti=<TaskInstance: api_to_db_dag.save_raw_station_information scheduled__2025-03-02T18:45:00+00:00 [queued]>
[2025-03-02T19:01:57.104+0000] {taskinstance.py:1331} INFO - Starting attempt 1 of 2
[2025-03-02T19:01:57.119+0000] {taskinstance.py:1350} INFO - Executing <Task(PythonOperator): save_raw_station_information> on 2025-03-02 18:45:00+00:00
[2025-03-02T19:01:57.161+0000] {standard_task_runner.py:57} INFO - Started process 21329 to run task
[2025-03-02T19:01:57.161+0000] {clientserver.py:543} INFO - Closing down clientserver connection
[2025-03-02T19:01:57.169+0000] {clientserver.py:505} INFO - Error while sending or receiving.
Traceback (most recent call last):
  File "/home/airflow/.local/lib/python3.7/site-packages/py4j/clientserver.py", line 503, in send_command
    self.socket.sendall(command.encode("utf-8"))
ConnectionResetError: [Errno 104] Connection reset by peer
[2025-03-02T19:01:57.170+0000] {standard_task_runner.py:84} INFO - Running: ['***', 'tasks', 'run', 'api_to_db_dag', 'save_raw_station_information', 'scheduled__2025-03-02T18:45:00+00:00', '--job-id', '156', '--raw', '--subdir', 'DAGS_FOLDER/dag.py', '--cfg-path', '/tmp/tmpezgqhhr0']
[2025-03-02T19:01:57.173+0000] {clientserver.py:543} INFO - Closing down clientserver connection
[2025-03-02T19:01:57.173+0000] {standard_task_runner.py:85} INFO - Job 156: Subtask save_raw_station_information
[2025-03-02T19:01:57.174+0000] {java_gateway.py:1052} INFO - Exception while sending command.
Traceback (most recent call last):
  File "/home/airflow/.local/lib/python3.7/site-packages/py4j/clientserver.py", line 503, in send_command
    self.socket.sendall(command.encode("utf-8"))
ConnectionResetError: [Errno 104] Connection reset by peer

During handling of the above exception, another exception occurred:

Traceback (most recent call last):
  File "/home/airflow/.local/lib/python3.7/site-packages/py4j/java_gateway.py", line 1038, in send_command
    response = connection.send_command(command)
  File "/home/airflow/.local/lib/python3.7/site-packages/py4j/clientserver.py", line 507, in send_command
    "Error while sending", e, proto.ERROR_ON_SEND)
py4j.protocol.Py4JNetworkError: Error while sending
[2025-03-02T19:01:57.182+0000] {clientserver.py:543} INFO - Closing down clientserver connection
[2025-03-02T19:01:57.231+0000] {task_command.py:410} INFO - Running <TaskInstance: api_to_db_dag.save_raw_station_information scheduled__2025-03-02T18:45:00+00:00 [running]> on host 3befbd719c1b
[2025-03-02T19:01:57.326+0000] {taskinstance.py:1570} INFO - Exporting env vars: AIRFLOW_CTX_DAG_OWNER='***' AIRFLOW_CTX_DAG_ID='api_to_db_dag' AIRFLOW_CTX_TASK_ID='save_raw_station_information' AIRFLOW_CTX_EXECUTION_DATE='2025-03-02T18:45:00+00:00' AIRFLOW_CTX_TRY_NUMBER='1' AIRFLOW_CTX_DAG_RUN_ID='scheduled__2025-03-02T18:45:00+00:00'
[2025-03-02T19:01:57.518+0000] {datalake_saver.py:45} INFO - Data saved successfully to /mnt/data/raw/velib_api/velib_stations/20250302/202503021901.json
[2025-03-02T19:01:57.520+0000] {python.py:183} INFO - Done. Returned value was: /mnt/data/raw/velib_api/velib_stations/20250302/202503021901.json
[2025-03-02T19:01:57.546+0000] {taskinstance.py:1373} INFO - Marking task as SUCCESS. dag_id=api_to_db_dag, task_id=save_raw_station_information, execution_date=20250302T184500, start_date=20250302T190157, end_date=20250302T190157
[2025-03-02T19:01:57.591+0000] {local_task_job_runner.py:232} INFO - Task exited with return code 0
[2025-03-02T19:01:57.676+0000] {taskinstance.py:2674} INFO - 1 downstream tasks scheduled from follow-on schedule check
[2025-03-02T19:07:26.343+0000] {taskinstance.py:1125} INFO - Dependencies all met for dep_context=non-requeueable deps ti=<TaskInstance: api_to_db_dag.save_raw_station_information scheduled__2025-03-02T18:45:00+00:00 [queued]>
[2025-03-02T19:07:26.383+0000] {taskinstance.py:1125} INFO - Dependencies all met for dep_context=requeueable deps ti=<TaskInstance: api_to_db_dag.save_raw_station_information scheduled__2025-03-02T18:45:00+00:00 [queued]>
[2025-03-02T19:07:26.384+0000] {taskinstance.py:1331} INFO - Starting attempt 1 of 2
[2025-03-02T19:07:26.420+0000] {taskinstance.py:1350} INFO - Executing <Task(PythonOperator): save_raw_station_information> on 2025-03-02 18:45:00+00:00
[2025-03-02T19:07:26.437+0000] {clientserver.py:543} INFO - Closing down clientserver connection
[2025-03-02T19:07:26.434+0000] {standard_task_runner.py:57} INFO - Started process 44182 to run task
[2025-03-02T19:07:26.449+0000] {standard_task_runner.py:84} INFO - Running: ['***', 'tasks', 'run', 'api_to_db_dag', 'save_raw_station_information', 'scheduled__2025-03-02T18:45:00+00:00', '--job-id', '176', '--raw', '--subdir', 'DAGS_FOLDER/dag.py', '--cfg-path', '/tmp/tmp468o0g4a']
[2025-03-02T19:07:26.477+0000] {standard_task_runner.py:85} INFO - Job 176: Subtask save_raw_station_information
[2025-03-02T19:07:26.576+0000] {task_command.py:410} INFO - Running <TaskInstance: api_to_db_dag.save_raw_station_information scheduled__2025-03-02T18:45:00+00:00 [running]> on host 3befbd719c1b
[2025-03-02T19:07:26.722+0000] {taskinstance.py:1570} INFO - Exporting env vars: AIRFLOW_CTX_DAG_OWNER='***' AIRFLOW_CTX_DAG_ID='api_to_db_dag' AIRFLOW_CTX_TASK_ID='save_raw_station_information' AIRFLOW_CTX_EXECUTION_DATE='2025-03-02T18:45:00+00:00' AIRFLOW_CTX_TRY_NUMBER='1' AIRFLOW_CTX_DAG_RUN_ID='scheduled__2025-03-02T18:45:00+00:00'
[2025-03-02T19:07:27.034+0000] {datalake_saver.py:45} INFO - Data saved successfully to /mnt/data/raw/velib_api/velib_stations/20250302/202503021907.json
[2025-03-02T19:07:27.036+0000] {python.py:183} INFO - Done. Returned value was: /mnt/data/raw/velib_api/velib_stations/20250302/202503021907.json
[2025-03-02T19:07:27.068+0000] {taskinstance.py:1373} INFO - Marking task as SUCCESS. dag_id=api_to_db_dag, task_id=save_raw_station_information, execution_date=20250302T184500, start_date=20250302T190726, end_date=20250302T190727
[2025-03-02T19:07:27.129+0000] {local_task_job_runner.py:232} INFO - Task exited with return code 0
[2025-03-02T19:07:27.182+0000] {taskinstance.py:2674} INFO - 1 downstream tasks scheduled from follow-on schedule check
