[2025-02-28T20:04:16.445+0000] {taskinstance.py:1125} INFO - Dependencies all met for dep_context=non-requeueable deps ti=<TaskInstance: api_to_db_dag.index_parquet_to_elasticsearch scheduled__2025-02-28T20:02:00+00:00 [queued]>
[2025-02-28T20:04:16.451+0000] {taskinstance.py:1125} INFO - Dependencies all met for dep_context=requeueable deps ti=<TaskInstance: api_to_db_dag.index_parquet_to_elasticsearch scheduled__2025-02-28T20:02:00+00:00 [queued]>
[2025-02-28T20:04:16.451+0000] {taskinstance.py:1331} INFO - Starting attempt 1 of 1
[2025-02-28T20:04:16.459+0000] {taskinstance.py:1350} INFO - Executing <Task(PythonOperator): index_parquet_to_elasticsearch> on 2025-02-28 20:02:00+00:00
[2025-02-28T20:04:16.463+0000] {standard_task_runner.py:57} INFO - Started process 65056 to run task
[2025-02-28T20:04:16.466+0000] {standard_task_runner.py:84} INFO - Running: ['***', 'tasks', 'run', 'api_to_db_dag', 'index_parquet_to_elasticsearch', 'scheduled__2025-02-28T20:02:00+00:00', '--job-id', '351', '--raw', '--subdir', 'DAGS_FOLDER/dag.py', '--cfg-path', '/tmp/tmppdapxf6c']
[2025-02-28T20:04:16.468+0000] {standard_task_runner.py:85} INFO - Job 351: Subtask index_parquet_to_elasticsearch
[2025-02-28T20:04:16.506+0000] {task_command.py:410} INFO - Running <TaskInstance: api_to_db_dag.index_parquet_to_elasticsearch scheduled__2025-02-28T20:02:00+00:00 [running]> on host 2e469bce1432
[2025-02-28T20:04:16.581+0000] {taskinstance.py:1570} INFO - Exporting env vars: AIRFLOW_CTX_DAG_OWNER='***' AIRFLOW_CTX_DAG_ID='api_to_db_dag' AIRFLOW_CTX_TASK_ID='index_parquet_to_elasticsearch' AIRFLOW_CTX_EXECUTION_DATE='2025-02-28T20:02:00+00:00' AIRFLOW_CTX_TRY_NUMBER='1' AIRFLOW_CTX_DAG_RUN_ID='scheduled__2025-02-28T20:02:00+00:00'
[2025-02-28T20:04:16.657+0000] {logging_mixin.py:149} WARNING - /home/***/.local/lib/python3.7/site-packages/pandas/core/array_algos/replace.py:84 FutureWarning: elementwise comparison failed; returning scalar instead, but in the future will perform elementwise comparison
[2025-02-28T20:04:16.751+0000] {base.py:271} INFO - HEAD http://elasticsearch:9200/velib_data_analytics [status:200 request:0.007s]
[2025-02-28T20:04:17.430+0000] {base.py:271} INFO - POST http://elasticsearch:9200/_bulk [status:200 request:0.019s]
[2025-02-28T20:04:17.479+0000] {base.py:271} INFO - POST http://elasticsearch:9200/_bulk [status:200 request:0.039s]
[2025-02-28T20:04:17.506+0000] {base.py:271} INFO - POST http://elasticsearch:9200/_bulk [status:200 request:0.015s]
[2025-02-28T20:04:17.536+0000] {base.py:271} INFO - POST http://elasticsearch:9200/_bulk [status:200 request:0.022s]
[2025-02-28T20:04:17.558+0000] {base.py:271} INFO - POST http://elasticsearch:9200/_bulk [status:200 request:0.013s]
[2025-02-28T20:04:17.579+0000] {base.py:271} INFO - POST http://elasticsearch:9200/_bulk [status:200 request:0.014s]
[2025-02-28T20:04:17.601+0000] {base.py:271} INFO - POST http://elasticsearch:9200/_bulk [status:200 request:0.013s]
[2025-02-28T20:04:17.639+0000] {base.py:271} INFO - POST http://elasticsearch:9200/_bulk [status:200 request:0.029s]
[2025-02-28T20:04:17.665+0000] {base.py:271} INFO - POST http://elasticsearch:9200/_bulk [status:200 request:0.013s]
[2025-02-28T20:04:17.686+0000] {base.py:271} INFO - POST http://elasticsearch:9200/_bulk [status:200 request:0.013s]
[2025-02-28T20:04:17.708+0000] {base.py:271} INFO - POST http://elasticsearch:9200/_bulk [status:200 request:0.014s]
[2025-02-28T20:04:17.729+0000] {base.py:271} INFO - POST http://elasticsearch:9200/_bulk [status:200 request:0.012s]
[2025-02-28T20:04:17.748+0000] {base.py:271} INFO - POST http://elasticsearch:9200/_bulk [status:200 request:0.012s]
[2025-02-28T20:04:17.768+0000] {base.py:271} INFO - POST http://elasticsearch:9200/_bulk [status:200 request:0.012s]
[2025-02-28T20:04:17.789+0000] {base.py:271} INFO - POST http://elasticsearch:9200/_bulk [status:200 request:0.013s]
[2025-02-28T20:04:17.809+0000] {base.py:271} INFO - POST http://elasticsearch:9200/_bulk [status:200 request:0.012s]
[2025-02-28T20:04:17.829+0000] {base.py:271} INFO - POST http://elasticsearch:9200/_bulk [status:200 request:0.013s]
[2025-02-28T20:04:17.862+0000] {base.py:271} INFO - POST http://elasticsearch:9200/_bulk [status:200 request:0.025s]
[2025-02-28T20:04:17.896+0000] {base.py:271} INFO - POST http://elasticsearch:9200/_bulk [status:200 request:0.016s]
[2025-02-28T20:04:17.921+0000] {base.py:271} INFO - POST http://elasticsearch:9200/_bulk [status:200 request:0.017s]
[2025-02-28T20:04:17.944+0000] {base.py:271} INFO - POST http://elasticsearch:9200/_bulk [status:200 request:0.015s]
[2025-02-28T20:04:18.016+0000] {base.py:271} INFO - POST http://elasticsearch:9200/_bulk [status:200 request:0.064s]
[2025-02-28T20:04:18.041+0000] {base.py:271} INFO - POST http://elasticsearch:9200/_bulk [status:200 request:0.016s]
[2025-02-28T20:04:18.077+0000] {base.py:271} INFO - POST http://elasticsearch:9200/_bulk [status:200 request:0.027s]
[2025-02-28T20:04:18.099+0000] {base.py:271} INFO - POST http://elasticsearch:9200/_bulk [status:200 request:0.014s]
[2025-02-28T20:04:18.131+0000] {base.py:271} INFO - POST http://elasticsearch:9200/_bulk [status:200 request:0.024s]
[2025-02-28T20:04:18.153+0000] {base.py:271} INFO - POST http://elasticsearch:9200/_bulk [status:200 request:0.014s]
[2025-02-28T20:04:18.174+0000] {base.py:271} INFO - POST http://elasticsearch:9200/_bulk [status:200 request:0.013s]
[2025-02-28T20:04:18.194+0000] {base.py:271} INFO - POST http://elasticsearch:9200/_bulk [status:200 request:0.013s]
[2025-02-28T20:04:18.227+0000] {base.py:271} INFO - POST http://elasticsearch:9200/_bulk [status:200 request:0.025s]
[2025-02-28T20:04:18.251+0000] {base.py:271} INFO - POST http://elasticsearch:9200/_bulk [status:200 request:0.014s]
[2025-02-28T20:04:18.273+0000] {base.py:271} INFO - POST http://elasticsearch:9200/_bulk [status:200 request:0.015s]
[2025-02-28T20:04:18.298+0000] {base.py:271} INFO - POST http://elasticsearch:9200/_bulk [status:200 request:0.015s]
[2025-02-28T20:04:18.330+0000] {base.py:271} INFO - POST http://elasticsearch:9200/_bulk [status:200 request:0.023s]
[2025-02-28T20:04:18.350+0000] {base.py:271} INFO - POST http://elasticsearch:9200/_bulk [status:200 request:0.012s]
[2025-02-28T20:04:18.371+0000] {base.py:271} INFO - POST http://elasticsearch:9200/_bulk [status:200 request:0.013s]
[2025-02-28T20:04:18.391+0000] {base.py:271} INFO - POST http://elasticsearch:9200/_bulk [status:200 request:0.012s]
[2025-02-28T20:04:18.411+0000] {base.py:271} INFO - POST http://elasticsearch:9200/_bulk [status:200 request:0.012s]
[2025-02-28T20:04:18.432+0000] {base.py:271} INFO - POST http://elasticsearch:9200/_bulk [status:200 request:0.012s]
[2025-02-28T20:04:18.450+0000] {base.py:271} INFO - POST http://elasticsearch:9200/_bulk [status:200 request:0.011s]
[2025-02-28T20:04:18.467+0000] {base.py:271} INFO - POST http://elasticsearch:9200/_bulk [status:200 request:0.010s]
[2025-02-28T20:04:18.484+0000] {base.py:271} INFO - POST http://elasticsearch:9200/_bulk [status:200 request:0.010s]
[2025-02-28T20:04:18.502+0000] {base.py:271} INFO - POST http://elasticsearch:9200/_bulk [status:200 request:0.010s]
[2025-02-28T20:04:18.519+0000] {base.py:271} INFO - POST http://elasticsearch:9200/_bulk [status:200 request:0.010s]
[2025-02-28T20:04:18.535+0000] {base.py:271} INFO - POST http://elasticsearch:9200/_bulk [status:200 request:0.009s]
[2025-02-28T20:04:18.552+0000] {base.py:271} INFO - POST http://elasticsearch:9200/_bulk [status:200 request:0.010s]
[2025-02-28T20:04:18.571+0000] {base.py:271} INFO - POST http://elasticsearch:9200/_bulk [status:200 request:0.010s]
[2025-02-28T20:04:18.594+0000] {base.py:271} INFO - POST http://elasticsearch:9200/_bulk [status:200 request:0.013s]
[2025-02-28T20:04:18.611+0000] {base.py:271} INFO - POST http://elasticsearch:9200/_bulk [status:200 request:0.009s]
[2025-02-28T20:04:18.628+0000] {base.py:271} INFO - POST http://elasticsearch:9200/_bulk [status:200 request:0.009s]
[2025-02-28T20:04:18.645+0000] {base.py:271} INFO - POST http://elasticsearch:9200/_bulk [status:200 request:0.009s]
[2025-02-28T20:04:18.666+0000] {base.py:271} INFO - POST http://elasticsearch:9200/_bulk [status:200 request:0.013s]
[2025-02-28T20:04:18.684+0000] {base.py:271} INFO - POST http://elasticsearch:9200/_bulk [status:200 request:0.009s]
[2025-02-28T20:04:18.701+0000] {base.py:271} INFO - POST http://elasticsearch:9200/_bulk [status:200 request:0.009s]
[2025-02-28T20:04:18.719+0000] {base.py:271} INFO - POST http://elasticsearch:9200/_bulk [status:200 request:0.010s]
[2025-02-28T20:04:18.736+0000] {base.py:271} INFO - POST http://elasticsearch:9200/_bulk [status:200 request:0.009s]
[2025-02-28T20:04:18.752+0000] {base.py:271} INFO - POST http://elasticsearch:9200/_bulk [status:200 request:0.009s]
[2025-02-28T20:04:18.769+0000] {base.py:271} INFO - POST http://elasticsearch:9200/_bulk [status:200 request:0.009s]
[2025-02-28T20:04:18.786+0000] {base.py:271} INFO - POST http://elasticsearch:9200/_bulk [status:200 request:0.010s]
[2025-02-28T20:04:18.803+0000] {base.py:271} INFO - POST http://elasticsearch:9200/_bulk [status:200 request:0.009s]
[2025-02-28T20:04:18.820+0000] {base.py:271} INFO - POST http://elasticsearch:9200/_bulk [status:200 request:0.010s]
[2025-02-28T20:04:18.837+0000] {base.py:271} INFO - POST http://elasticsearch:9200/_bulk [status:200 request:0.009s]
[2025-02-28T20:04:18.855+0000] {base.py:271} INFO - POST http://elasticsearch:9200/_bulk [status:200 request:0.011s]
[2025-02-28T20:04:18.872+0000] {base.py:271} INFO - POST http://elasticsearch:9200/_bulk [status:200 request:0.010s]
[2025-02-28T20:04:18.891+0000] {base.py:271} INFO - POST http://elasticsearch:9200/_bulk [status:200 request:0.012s]
[2025-02-28T20:04:18.940+0000] {base.py:271} INFO - POST http://elasticsearch:9200/_bulk [status:200 request:0.042s]
[2025-02-28T20:04:18.963+0000] {base.py:271} INFO - POST http://elasticsearch:9200/_bulk [status:200 request:0.013s]
[2025-02-28T20:04:18.984+0000] {base.py:271} INFO - POST http://elasticsearch:9200/_bulk [status:200 request:0.012s]
[2025-02-28T20:04:19.032+0000] {base.py:271} INFO - POST http://elasticsearch:9200/_bulk [status:200 request:0.035s]
[2025-02-28T20:04:19.055+0000] {base.py:271} INFO - POST http://elasticsearch:9200/_bulk [status:200 request:0.011s]
[2025-02-28T20:04:19.074+0000] {base.py:271} INFO - POST http://elasticsearch:9200/_bulk [status:200 request:0.011s]
[2025-02-28T20:04:19.096+0000] {base.py:271} INFO - POST http://elasticsearch:9200/_bulk [status:200 request:0.011s]
[2025-02-28T20:04:19.115+0000] {base.py:271} INFO - POST http://elasticsearch:9200/_bulk [status:200 request:0.011s]
[2025-02-28T20:04:19.135+0000] {base.py:271} INFO - POST http://elasticsearch:9200/_bulk [status:200 request:0.011s]
[2025-02-28T20:04:19.155+0000] {base.py:271} INFO - POST http://elasticsearch:9200/_bulk [status:200 request:0.011s]
[2025-02-28T20:04:19.174+0000] {base.py:271} INFO - POST http://elasticsearch:9200/_bulk [status:200 request:0.010s]
[2025-02-28T20:04:19.192+0000] {base.py:271} INFO - POST http://elasticsearch:9200/_bulk [status:200 request:0.009s]
[2025-02-28T20:04:19.209+0000] {base.py:271} INFO - POST http://elasticsearch:9200/_bulk [status:200 request:0.010s]
[2025-02-28T20:04:19.226+0000] {base.py:271} INFO - POST http://elasticsearch:9200/_bulk [status:200 request:0.009s]
[2025-02-28T20:04:19.243+0000] {base.py:271} INFO - POST http://elasticsearch:9200/_bulk [status:200 request:0.009s]
[2025-02-28T20:04:19.260+0000] {base.py:271} INFO - POST http://elasticsearch:9200/_bulk [status:200 request:0.010s]
[2025-02-28T20:04:19.278+0000] {base.py:271} INFO - POST http://elasticsearch:9200/_bulk [status:200 request:0.009s]
[2025-02-28T20:04:19.296+0000] {base.py:271} INFO - POST http://elasticsearch:9200/_bulk [status:200 request:0.010s]
[2025-02-28T20:04:19.319+0000] {base.py:271} INFO - POST http://elasticsearch:9200/_bulk [status:200 request:0.013s]
[2025-02-28T20:04:19.337+0000] {base.py:271} INFO - POST http://elasticsearch:9200/_bulk [status:200 request:0.010s]
[2025-02-28T20:04:19.357+0000] {base.py:271} INFO - POST http://elasticsearch:9200/_bulk [status:200 request:0.011s]
[2025-02-28T20:04:19.375+0000] {base.py:271} INFO - POST http://elasticsearch:9200/_bulk [status:200 request:0.010s]
[2025-02-28T20:04:19.393+0000] {base.py:271} INFO - POST http://elasticsearch:9200/_bulk [status:200 request:0.009s]
[2025-02-28T20:04:19.413+0000] {base.py:271} INFO - POST http://elasticsearch:9200/_bulk [status:200 request:0.012s]
[2025-02-28T20:04:19.431+0000] {base.py:271} INFO - POST http://elasticsearch:9200/_bulk [status:200 request:0.010s]
[2025-02-28T20:04:19.448+0000] {base.py:271} INFO - POST http://elasticsearch:9200/_bulk [status:200 request:0.009s]
[2025-02-28T20:04:19.466+0000] {base.py:271} INFO - POST http://elasticsearch:9200/_bulk [status:200 request:0.010s]
[2025-02-28T20:04:19.483+0000] {base.py:271} INFO - POST http://elasticsearch:9200/_bulk [status:200 request:0.009s]
[2025-02-28T20:04:19.504+0000] {base.py:271} INFO - POST http://elasticsearch:9200/_bulk [status:200 request:0.013s]
[2025-02-28T20:04:19.522+0000] {base.py:271} INFO - POST http://elasticsearch:9200/_bulk [status:200 request:0.010s]
[2025-02-28T20:04:19.545+0000] {base.py:271} INFO - POST http://elasticsearch:9200/_bulk [status:200 request:0.011s]
[2025-02-28T20:04:19.564+0000] {base.py:271} INFO - POST http://elasticsearch:9200/_bulk [status:200 request:0.011s]
[2025-02-28T20:04:19.587+0000] {base.py:271} INFO - POST http://elasticsearch:9200/_bulk [status:200 request:0.015s]
[2025-02-28T20:04:19.617+0000] {base.py:271} INFO - POST http://elasticsearch:9200/_bulk [status:200 request:0.012s]
[2025-02-28T20:04:19.634+0000] {base.py:271} INFO - POST http://elasticsearch:9200/_bulk [status:200 request:0.010s]
[2025-02-28T20:04:19.658+0000] {base.py:271} INFO - POST http://elasticsearch:9200/_bulk [status:200 request:0.011s]
[2025-02-28T20:04:19.688+0000] {base.py:271} INFO - POST http://elasticsearch:9200/_bulk [status:200 request:0.022s]
[2025-02-28T20:04:19.818+0000] {base.py:271} INFO - POST http://elasticsearch:9200/_bulk [status:200 request:0.094s]
[2025-02-28T20:04:19.840+0000] {base.py:271} INFO - POST http://elasticsearch:9200/_bulk [status:200 request:0.011s]
[2025-02-28T20:04:19.859+0000] {base.py:271} INFO - POST http://elasticsearch:9200/_bulk [status:200 request:0.010s]
[2025-02-28T20:04:19.876+0000] {base.py:271} INFO - POST http://elasticsearch:9200/_bulk [status:200 request:0.009s]
[2025-02-28T20:04:19.896+0000] {base.py:271} INFO - POST http://elasticsearch:9200/_bulk [status:200 request:0.011s]
[2025-02-28T20:04:19.918+0000] {base.py:271} INFO - POST http://elasticsearch:9200/_bulk [status:200 request:0.014s]
[2025-02-28T20:04:19.936+0000] {base.py:271} INFO - POST http://elasticsearch:9200/_bulk [status:200 request:0.009s]
[2025-02-28T20:04:19.955+0000] {base.py:271} INFO - POST http://elasticsearch:9200/_bulk [status:200 request:0.011s]
[2025-02-28T20:04:19.973+0000] {base.py:271} INFO - POST http://elasticsearch:9200/_bulk [status:200 request:0.010s]
[2025-02-28T20:04:19.992+0000] {base.py:271} INFO - POST http://elasticsearch:9200/_bulk [status:200 request:0.011s]
[2025-02-28T20:04:20.010+0000] {base.py:271} INFO - POST http://elasticsearch:9200/_bulk [status:200 request:0.010s]
[2025-02-28T20:04:20.029+0000] {base.py:271} INFO - POST http://elasticsearch:9200/_bulk [status:200 request:0.011s]
[2025-02-28T20:04:20.047+0000] {base.py:271} INFO - POST http://elasticsearch:9200/_bulk [status:200 request:0.010s]
[2025-02-28T20:04:20.066+0000] {base.py:271} INFO - POST http://elasticsearch:9200/_bulk [status:200 request:0.011s]
[2025-02-28T20:04:20.091+0000] {base.py:271} INFO - POST http://elasticsearch:9200/_bulk [status:200 request:0.017s]
[2025-02-28T20:04:20.112+0000] {base.py:271} INFO - POST http://elasticsearch:9200/_bulk [status:200 request:0.012s]
[2025-02-28T20:04:20.131+0000] {base.py:271} INFO - POST http://elasticsearch:9200/_bulk [status:200 request:0.011s]
[2025-02-28T20:04:20.149+0000] {base.py:271} INFO - POST http://elasticsearch:9200/_bulk [status:200 request:0.010s]
[2025-02-28T20:04:20.167+0000] {base.py:271} INFO - POST http://elasticsearch:9200/_bulk [status:200 request:0.010s]
[2025-02-28T20:04:20.186+0000] {base.py:271} INFO - POST http://elasticsearch:9200/_bulk [status:200 request:0.011s]
[2025-02-28T20:04:20.205+0000] {base.py:271} INFO - POST http://elasticsearch:9200/_bulk [status:200 request:0.010s]
[2025-02-28T20:04:20.227+0000] {base.py:271} INFO - POST http://elasticsearch:9200/_bulk [status:200 request:0.013s]
[2025-02-28T20:04:20.248+0000] {base.py:271} INFO - POST http://elasticsearch:9200/_bulk [status:200 request:0.011s]
[2025-02-28T20:04:20.285+0000] {base.py:271} INFO - POST http://elasticsearch:9200/_bulk [status:200 request:0.028s]
[2025-02-28T20:04:20.310+0000] {base.py:271} INFO - POST http://elasticsearch:9200/_bulk [status:200 request:0.014s]
[2025-02-28T20:04:20.329+0000] {base.py:271} INFO - POST http://elasticsearch:9200/_bulk [status:200 request:0.011s]
[2025-02-28T20:04:20.347+0000] {base.py:271} INFO - POST http://elasticsearch:9200/_bulk [status:200 request:0.010s]
[2025-02-28T20:04:20.376+0000] {base.py:271} INFO - POST http://elasticsearch:9200/_bulk [status:200 request:0.012s]
[2025-02-28T20:04:20.396+0000] {base.py:271} INFO - POST http://elasticsearch:9200/_bulk [status:200 request:0.012s]
[2025-02-28T20:04:20.416+0000] {base.py:271} INFO - POST http://elasticsearch:9200/_bulk [status:200 request:0.011s]
[2025-02-28T20:04:20.437+0000] {base.py:271} INFO - POST http://elasticsearch:9200/_bulk [status:200 request:0.012s]
[2025-02-28T20:04:20.459+0000] {base.py:271} INFO - POST http://elasticsearch:9200/_bulk [status:200 request:0.012s]
[2025-02-28T20:04:20.476+0000] {base.py:271} INFO - POST http://elasticsearch:9200/_bulk [status:200 request:0.009s]
[2025-02-28T20:04:20.495+0000] {base.py:271} INFO - POST http://elasticsearch:9200/_bulk [status:200 request:0.011s]
[2025-02-28T20:04:20.519+0000] {base.py:271} INFO - POST http://elasticsearch:9200/_bulk [status:200 request:0.016s]
[2025-02-28T20:04:20.536+0000] {base.py:271} INFO - POST http://elasticsearch:9200/_bulk [status:200 request:0.009s]
[2025-02-28T20:04:20.555+0000] {base.py:271} INFO - POST http://elasticsearch:9200/_bulk [status:200 request:0.011s]
[2025-02-28T20:04:20.766+0000] {base.py:271} INFO - POST http://elasticsearch:9200/_bulk [status:200 request:0.011s]
[2025-02-28T20:04:20.789+0000] {base.py:271} INFO - POST http://elasticsearch:9200/_bulk [status:200 request:0.015s]
[2025-02-28T20:04:20.815+0000] {base.py:271} INFO - POST http://elasticsearch:9200/_bulk [status:200 request:0.013s]
[2025-02-28T20:04:20.834+0000] {base.py:271} INFO - POST http://elasticsearch:9200/_bulk [status:200 request:0.011s]
[2025-02-28T20:04:20.854+0000] {base.py:271} INFO - POST http://elasticsearch:9200/_bulk [status:200 request:0.011s]
[2025-02-28T20:04:20.873+0000] {base.py:271} INFO - POST http://elasticsearch:9200/_bulk [status:200 request:0.011s]
[2025-02-28T20:04:20.923+0000] {base.py:271} INFO - POST http://elasticsearch:9200/_bulk [status:200 request:0.029s]
[2025-02-28T20:04:20.943+0000] {base.py:271} INFO - POST http://elasticsearch:9200/_bulk [status:200 request:0.011s]
[2025-02-28T20:04:20.982+0000] {base.py:271} INFO - POST http://elasticsearch:9200/_bulk [status:200 request:0.031s]
[2025-02-28T20:04:21.005+0000] {base.py:271} INFO - POST http://elasticsearch:9200/_bulk [status:200 request:0.012s]
[2025-02-28T20:04:21.023+0000] {base.py:271} INFO - POST http://elasticsearch:9200/_bulk [status:200 request:0.010s]
[2025-02-28T20:04:21.041+0000] {base.py:271} INFO - POST http://elasticsearch:9200/_bulk [status:200 request:0.010s]
[2025-02-28T20:04:21.058+0000] {base.py:271} INFO - POST http://elasticsearch:9200/_bulk [status:200 request:0.009s]
[2025-02-28T20:04:21.076+0000] {base.py:271} INFO - POST http://elasticsearch:9200/_bulk [status:200 request:0.010s]
[2025-02-28T20:04:21.094+0000] {base.py:271} INFO - POST http://elasticsearch:9200/_bulk [status:200 request:0.010s]
[2025-02-28T20:04:21.111+0000] {base.py:271} INFO - POST http://elasticsearch:9200/_bulk [status:200 request:0.010s]
[2025-02-28T20:04:21.128+0000] {base.py:271} INFO - POST http://elasticsearch:9200/_bulk [status:200 request:0.010s]
[2025-02-28T20:04:21.146+0000] {base.py:271} INFO - POST http://elasticsearch:9200/_bulk [status:200 request:0.010s]
[2025-02-28T20:04:21.171+0000] {base.py:271} INFO - POST http://elasticsearch:9200/_bulk [status:200 request:0.016s]
[2025-02-28T20:04:21.189+0000] {base.py:271} INFO - POST http://elasticsearch:9200/_bulk [status:200 request:0.010s]
[2025-02-28T20:04:21.197+0000] {base.py:271} INFO - POST http://elasticsearch:9200/_bulk [status:200 request:0.004s]
[2025-02-28T20:04:21.198+0000] {logging_mixin.py:149} INFO - Les données ont été ajoutées dans l'index 'velib_data_analytics'.
[2025-02-28T20:04:21.241+0000] {python.py:183} INFO - Done. Returned value was: None
[2025-02-28T20:04:21.254+0000] {taskinstance.py:1373} INFO - Marking task as SUCCESS. dag_id=api_to_db_dag, task_id=index_parquet_to_elasticsearch, execution_date=20250228T200200, start_date=20250228T200416, end_date=20250228T200421
[2025-02-28T20:04:21.303+0000] {local_task_job_runner.py:232} INFO - Task exited with return code 0
[2025-02-28T20:04:21.354+0000] {taskinstance.py:2674} INFO - 0 downstream tasks scheduled from follow-on schedule check
