[2025-02-27T11:59:46.339+0000] {taskinstance.py:1125} INFO - Dependencies all met for dep_context=non-requeueable deps ti=<TaskInstance: api_to_db_dag.spark_join_task manual__2025-02-27T11:59:45.314178+00:00 [queued]>
[2025-02-27T11:59:46.351+0000] {taskinstance.py:1125} INFO - Dependencies all met for dep_context=requeueable deps ti=<TaskInstance: api_to_db_dag.spark_join_task manual__2025-02-27T11:59:45.314178+00:00 [queued]>
[2025-02-27T11:59:46.353+0000] {taskinstance.py:1331} INFO - Starting attempt 1 of 1
[2025-02-27T11:59:46.369+0000] {taskinstance.py:1350} INFO - Executing <Task(SparkSubmitOperator): spark_join_task> on 2025-02-27 11:59:45.314178+00:00
[2025-02-27T11:59:46.373+0000] {standard_task_runner.py:57} INFO - Started process 212 to run task
[2025-02-27T11:59:46.376+0000] {standard_task_runner.py:84} INFO - Running: ['***', 'tasks', 'run', 'api_to_db_dag', 'spark_join_task', 'manual__2025-02-27T11:59:45.314178+00:00', '--job-id', '4', '--raw', '--subdir', 'DAGS_FOLDER/dag.py', '--cfg-path', '/tmp/tmp4rzdldyl']
[2025-02-27T11:59:46.379+0000] {standard_task_runner.py:85} INFO - Job 4: Subtask spark_join_task
[2025-02-27T11:59:46.516+0000] {task_command.py:410} INFO - Running <TaskInstance: api_to_db_dag.spark_join_task manual__2025-02-27T11:59:45.314178+00:00 [running]> on host 8e4c40b4e563
[2025-02-27T11:59:46.707+0000] {taskinstance.py:1570} INFO - Exporting env vars: AIRFLOW_CTX_DAG_OWNER='***' AIRFLOW_CTX_DAG_ID='api_to_db_dag' AIRFLOW_CTX_TASK_ID='spark_join_task' AIRFLOW_CTX_EXECUTION_DATE='2025-02-27T11:59:45.314178+00:00' AIRFLOW_CTX_TRY_NUMBER='1' AIRFLOW_CTX_DAG_RUN_ID='manual__2025-02-27T11:59:45.314178+00:00'
[2025-02-27T11:59:46.728+0000] {base.py:73} INFO - Using connection ID 'spark_default' for task execution.
[2025-02-27T11:59:46.734+0000] {spark_submit.py:339} INFO - Spark-Submit cmd: spark-submit --master spark-master:7077 --conf spark.master=spark://spark-master:7077 --name spark_join --verbose /opt/***/dags/spark_join.py
[2025-02-27T11:59:48.127+0000] {spark_submit.py:490} INFO - Using properties file: null
[2025-02-27T11:59:48.191+0000] {spark_submit.py:490} INFO - Parsed arguments:
[2025-02-27T11:59:48.191+0000] {spark_submit.py:490} INFO - master                  spark-master:7077
[2025-02-27T11:59:48.191+0000] {spark_submit.py:490} INFO - remote                  null
[2025-02-27T11:59:48.192+0000] {spark_submit.py:490} INFO - deployMode              null
[2025-02-27T11:59:48.192+0000] {spark_submit.py:490} INFO - executorMemory          null
[2025-02-27T11:59:48.192+0000] {spark_submit.py:490} INFO - executorCores           null
[2025-02-27T11:59:48.192+0000] {spark_submit.py:490} INFO - totalExecutorCores      null
[2025-02-27T11:59:48.192+0000] {spark_submit.py:490} INFO - propertiesFile          null
[2025-02-27T11:59:48.192+0000] {spark_submit.py:490} INFO - driverMemory            null
[2025-02-27T11:59:48.192+0000] {spark_submit.py:490} INFO - driverCores             null
[2025-02-27T11:59:48.192+0000] {spark_submit.py:490} INFO - driverExtraClassPath    null
[2025-02-27T11:59:48.192+0000] {spark_submit.py:490} INFO - driverExtraLibraryPath  null
[2025-02-27T11:59:48.193+0000] {spark_submit.py:490} INFO - driverExtraJavaOptions  null
[2025-02-27T11:59:48.193+0000] {spark_submit.py:490} INFO - supervise               false
[2025-02-27T11:59:48.193+0000] {spark_submit.py:490} INFO - queue                   null
[2025-02-27T11:59:48.193+0000] {spark_submit.py:490} INFO - numExecutors            null
[2025-02-27T11:59:48.193+0000] {spark_submit.py:490} INFO - files                   null
[2025-02-27T11:59:48.193+0000] {spark_submit.py:490} INFO - pyFiles                 null
[2025-02-27T11:59:48.193+0000] {spark_submit.py:490} INFO - archives                null
[2025-02-27T11:59:48.193+0000] {spark_submit.py:490} INFO - mainClass               null
[2025-02-27T11:59:48.193+0000] {spark_submit.py:490} INFO - primaryResource         file:/opt/***/dags/spark_join.py
[2025-02-27T11:59:48.193+0000] {spark_submit.py:490} INFO - name                    spark_join
[2025-02-27T11:59:48.194+0000] {spark_submit.py:490} INFO - childArgs               []
[2025-02-27T11:59:48.194+0000] {spark_submit.py:490} INFO - jars                    null
[2025-02-27T11:59:48.194+0000] {spark_submit.py:490} INFO - packages                null
[2025-02-27T11:59:48.194+0000] {spark_submit.py:490} INFO - packagesExclusions      null
[2025-02-27T11:59:48.194+0000] {spark_submit.py:490} INFO - repositories            null
[2025-02-27T11:59:48.194+0000] {spark_submit.py:490} INFO - verbose                 true
[2025-02-27T11:59:48.194+0000] {spark_submit.py:490} INFO - 
[2025-02-27T11:59:48.194+0000] {spark_submit.py:490} INFO - Spark properties used, including those specified through
[2025-02-27T11:59:48.194+0000] {spark_submit.py:490} INFO - --conf and those from the properties file null:
[2025-02-27T11:59:48.194+0000] {spark_submit.py:490} INFO - (spark.master,spark://spark-master:7077)
[2025-02-27T11:59:48.195+0000] {spark_submit.py:490} INFO - 
[2025-02-27T11:59:48.195+0000] {spark_submit.py:490} INFO - 
[2025-02-27T11:59:48.394+0000] {spark_submit.py:490} INFO - Main class:
[2025-02-27T11:59:48.394+0000] {spark_submit.py:490} INFO - org.apache.spark.deploy.PythonRunner
[2025-02-27T11:59:48.395+0000] {spark_submit.py:490} INFO - Arguments:
[2025-02-27T11:59:48.395+0000] {spark_submit.py:490} INFO - file:/opt/***/dags/spark_join.py
[2025-02-27T11:59:48.395+0000] {spark_submit.py:490} INFO - null
[2025-02-27T11:59:48.396+0000] {spark_submit.py:490} INFO - Spark config:
[2025-02-27T11:59:48.397+0000] {spark_submit.py:490} INFO - (spark.app.name,spark_join)
[2025-02-27T11:59:48.397+0000] {spark_submit.py:490} INFO - (spark.app.submitTime,1740657588384)
[2025-02-27T11:59:48.397+0000] {spark_submit.py:490} INFO - (spark.master,spark-master:7077)
[2025-02-27T11:59:48.398+0000] {spark_submit.py:490} INFO - (spark.submit.deployMode,client)
[2025-02-27T11:59:48.398+0000] {spark_submit.py:490} INFO - (spark.submit.pyFiles,)
[2025-02-27T11:59:48.398+0000] {spark_submit.py:490} INFO - Classpath elements:
[2025-02-27T11:59:48.398+0000] {spark_submit.py:490} INFO - 
[2025-02-27T11:59:48.398+0000] {spark_submit.py:490} INFO - 
[2025-02-27T11:59:48.401+0000] {spark_submit.py:490} INFO - 
[2025-02-27T11:59:49.547+0000] {spark_submit.py:490} INFO - 25/02/27 11:59:49 INFO SparkContext: Running Spark version 3.4.4
[2025-02-27T11:59:49.596+0000] {spark_submit.py:490} INFO - 25/02/27 11:59:49 WARN NativeCodeLoader: Unable to load native-hadoop library for your platform... using builtin-java classes where applicable
[2025-02-27T11:59:49.697+0000] {spark_submit.py:490} INFO - 25/02/27 11:59:49 INFO ResourceUtils: ==============================================================
[2025-02-27T11:59:49.702+0000] {spark_submit.py:490} INFO - 25/02/27 11:59:49 INFO ResourceUtils: No custom resources configured for spark.driver.
[2025-02-27T11:59:49.703+0000] {spark_submit.py:490} INFO - 25/02/27 11:59:49 INFO ResourceUtils: ==============================================================
[2025-02-27T11:59:49.703+0000] {spark_submit.py:490} INFO - 25/02/27 11:59:49 INFO SparkContext: Submitted application: JoinVelibTables
[2025-02-27T11:59:49.724+0000] {spark_submit.py:490} INFO - 25/02/27 11:59:49 INFO ResourceProfile: Default ResourceProfile created, executor resources: Map(cores -> name: cores, amount: 1, script: , vendor: , memory -> name: memory, amount: 1024, script: , vendor: , offHeap -> name: offHeap, amount: 0, script: , vendor: ), task resources: Map(cpus -> name: cpus, amount: 1.0)
[2025-02-27T11:59:49.733+0000] {spark_submit.py:490} INFO - 25/02/27 11:59:49 INFO ResourceProfile: Limiting resource is cpu
[2025-02-27T11:59:49.733+0000] {spark_submit.py:490} INFO - 25/02/27 11:59:49 INFO ResourceProfileManager: Added ResourceProfile id: 0
[2025-02-27T11:59:49.797+0000] {spark_submit.py:490} INFO - 25/02/27 11:59:49 INFO SecurityManager: Changing view acls to: ***
[2025-02-27T11:59:49.797+0000] {spark_submit.py:490} INFO - 25/02/27 11:59:49 INFO SecurityManager: Changing modify acls to: ***
[2025-02-27T11:59:49.797+0000] {spark_submit.py:490} INFO - 25/02/27 11:59:49 INFO SecurityManager: Changing view acls groups to:
[2025-02-27T11:59:49.798+0000] {spark_submit.py:490} INFO - 25/02/27 11:59:49 INFO SecurityManager: Changing modify acls groups to:
[2025-02-27T11:59:49.798+0000] {spark_submit.py:490} INFO - 25/02/27 11:59:49 INFO SecurityManager: SecurityManager: authentication disabled; ui acls disabled; users with view permissions: ***; groups with view permissions: EMPTY; users with modify permissions: ***; groups with modify permissions: EMPTY
[2025-02-27T11:59:50.111+0000] {spark_submit.py:490} INFO - 25/02/27 11:59:50 INFO Utils: Successfully started service 'sparkDriver' on port 40907.
[2025-02-27T11:59:50.144+0000] {spark_submit.py:490} INFO - 25/02/27 11:59:50 INFO SparkEnv: Registering MapOutputTracker
[2025-02-27T11:59:50.194+0000] {spark_submit.py:490} INFO - 25/02/27 11:59:50 INFO SparkEnv: Registering BlockManagerMaster
[2025-02-27T11:59:50.218+0000] {spark_submit.py:490} INFO - 25/02/27 11:59:50 INFO BlockManagerMasterEndpoint: Using org.apache.spark.storage.DefaultTopologyMapper for getting topology information
[2025-02-27T11:59:50.219+0000] {spark_submit.py:490} INFO - 25/02/27 11:59:50 INFO BlockManagerMasterEndpoint: BlockManagerMasterEndpoint up
[2025-02-27T11:59:50.224+0000] {spark_submit.py:490} INFO - 25/02/27 11:59:50 INFO SparkEnv: Registering BlockManagerMasterHeartbeat
[2025-02-27T11:59:50.265+0000] {spark_submit.py:490} INFO - 25/02/27 11:59:50 INFO DiskBlockManager: Created local directory at /tmp/blockmgr-0a63cf84-def0-461a-8208-3c07ab15ce9c
[2025-02-27T11:59:50.285+0000] {spark_submit.py:490} INFO - 25/02/27 11:59:50 INFO MemoryStore: MemoryStore started with capacity 434.4 MiB
[2025-02-27T11:59:50.298+0000] {spark_submit.py:490} INFO - 25/02/27 11:59:50 INFO SparkEnv: Registering OutputCommitCoordinator
[2025-02-27T11:59:50.405+0000] {spark_submit.py:490} INFO - 25/02/27 11:59:50 INFO JettyUtils: Start Jetty 0.0.0.0:4040 for SparkUI
[2025-02-27T11:59:50.510+0000] {spark_submit.py:490} INFO - 25/02/27 11:59:50 WARN Utils: Service 'SparkUI' could not bind on port 4040. Attempting port 4041.
[2025-02-27T11:59:50.526+0000] {spark_submit.py:490} INFO - 25/02/27 11:59:50 INFO Utils: Successfully started service 'SparkUI' on port 4041.
[2025-02-27T11:59:50.643+0000] {spark_submit.py:490} INFO - 25/02/27 11:59:50 ERROR SparkContext: Error initializing SparkContext.
[2025-02-27T11:59:50.643+0000] {spark_submit.py:490} INFO - org.apache.spark.SparkException: Could not parse Master URL: 'spark-master:7077'
[2025-02-27T11:59:50.644+0000] {spark_submit.py:490} INFO - at org.apache.spark.SparkContext$.org$apache$spark$SparkContext$$createTaskScheduler(SparkContext.scala:3028)
[2025-02-27T11:59:50.644+0000] {spark_submit.py:490} INFO - at org.apache.spark.SparkContext.<init>(SparkContext.scala:563)
[2025-02-27T11:59:50.644+0000] {spark_submit.py:490} INFO - at org.apache.spark.api.java.JavaSparkContext.<init>(JavaSparkContext.scala:58)
[2025-02-27T11:59:50.644+0000] {spark_submit.py:490} INFO - at java.base/jdk.internal.reflect.NativeConstructorAccessorImpl.newInstance0(Native Method)
[2025-02-27T11:59:50.644+0000] {spark_submit.py:490} INFO - at java.base/jdk.internal.reflect.NativeConstructorAccessorImpl.newInstance(NativeConstructorAccessorImpl.java:62)
[2025-02-27T11:59:50.646+0000] {spark_submit.py:490} INFO - at java.base/jdk.internal.reflect.DelegatingConstructorAccessorImpl.newInstance(DelegatingConstructorAccessorImpl.java:45)
[2025-02-27T11:59:50.649+0000] {spark_submit.py:490} INFO - at java.base/java.lang.reflect.Constructor.newInstance(Constructor.java:490)
[2025-02-27T11:59:50.651+0000] {spark_submit.py:490} INFO - at py4j.reflection.MethodInvoker.invoke(MethodInvoker.java:247)
[2025-02-27T11:59:50.652+0000] {spark_submit.py:490} INFO - at py4j.reflection.ReflectionEngine.invoke(ReflectionEngine.java:374)
[2025-02-27T11:59:50.653+0000] {spark_submit.py:490} INFO - at py4j.Gateway.invoke(Gateway.java:238)
[2025-02-27T11:59:50.654+0000] {spark_submit.py:490} INFO - at py4j.commands.ConstructorCommand.invokeConstructor(ConstructorCommand.java:80)
[2025-02-27T11:59:50.655+0000] {spark_submit.py:490} INFO - at py4j.commands.ConstructorCommand.execute(ConstructorCommand.java:69)
[2025-02-27T11:59:50.655+0000] {spark_submit.py:490} INFO - at py4j.ClientServerConnection.waitForCommands(ClientServerConnection.java:182)
[2025-02-27T11:59:50.656+0000] {spark_submit.py:490} INFO - at py4j.ClientServerConnection.run(ClientServerConnection.java:106)
[2025-02-27T11:59:50.658+0000] {spark_submit.py:490} INFO - at java.base/java.lang.Thread.run(Thread.java:829)
[2025-02-27T11:59:50.659+0000] {spark_submit.py:490} INFO - 25/02/27 11:59:50 INFO SparkContext: SparkContext is stopping with exitCode 0.
[2025-02-27T11:59:50.679+0000] {spark_submit.py:490} INFO - 25/02/27 11:59:50 INFO SparkUI: Stopped Spark web UI at http://8e4c40b4e563:4041
[2025-02-27T11:59:50.757+0000] {spark_submit.py:490} INFO - 25/02/27 11:59:50 INFO MapOutputTrackerMasterEndpoint: MapOutputTrackerMasterEndpoint stopped!
[2025-02-27T11:59:50.780+0000] {spark_submit.py:490} INFO - 25/02/27 11:59:50 INFO MemoryStore: MemoryStore cleared
[2025-02-27T11:59:50.781+0000] {spark_submit.py:490} INFO - 25/02/27 11:59:50 INFO BlockManager: BlockManager stopped
[2025-02-27T11:59:50.801+0000] {spark_submit.py:490} INFO - 25/02/27 11:59:50 INFO BlockManagerMaster: BlockManagerMaster stopped
[2025-02-27T11:59:50.803+0000] {spark_submit.py:490} INFO - 25/02/27 11:59:50 WARN MetricsSystem: Stopping a MetricsSystem that is not running
[2025-02-27T11:59:50.812+0000] {spark_submit.py:490} INFO - 25/02/27 11:59:50 INFO OutputCommitCoordinator$OutputCommitCoordinatorEndpoint: OutputCommitCoordinator stopped!
[2025-02-27T11:59:50.836+0000] {spark_submit.py:490} INFO - 25/02/27 11:59:50 INFO SparkContext: Successfully stopped SparkContext
[2025-02-27T11:59:50.839+0000] {spark_submit.py:490} INFO - Traceback (most recent call last):
[2025-02-27T11:59:50.840+0000] {spark_submit.py:490} INFO - File "/opt/***/dags/spark_join.py", line 29, in <module>
[2025-02-27T11:59:50.840+0000] {spark_submit.py:490} INFO - main()
[2025-02-27T11:59:50.840+0000] {spark_submit.py:490} INFO - File "/opt/***/dags/spark_join.py", line 6, in main
[2025-02-27T11:59:50.842+0000] {spark_submit.py:490} INFO - .appName("JoinVelibTables") \
[2025-02-27T11:59:50.842+0000] {spark_submit.py:490} INFO - File "/home/***/.local/lib/python3.7/site-packages/pyspark/python/lib/pyspark.zip/pyspark/sql/session.py", line 477, in getOrCreate
[2025-02-27T11:59:50.842+0000] {spark_submit.py:490} INFO - File "/home/***/.local/lib/python3.7/site-packages/pyspark/python/lib/pyspark.zip/pyspark/context.py", line 512, in getOrCreate
[2025-02-27T11:59:50.842+0000] {spark_submit.py:490} INFO - File "/home/***/.local/lib/python3.7/site-packages/pyspark/python/lib/pyspark.zip/pyspark/context.py", line 212, in __init__
[2025-02-27T11:59:50.843+0000] {spark_submit.py:490} INFO - File "/home/***/.local/lib/python3.7/site-packages/pyspark/python/lib/pyspark.zip/pyspark/context.py", line 287, in _do_init
[2025-02-27T11:59:50.844+0000] {spark_submit.py:490} INFO - File "/home/***/.local/lib/python3.7/site-packages/pyspark/python/lib/pyspark.zip/pyspark/context.py", line 417, in _initialize_context
[2025-02-27T11:59:50.844+0000] {spark_submit.py:490} INFO - File "/home/***/.local/lib/python3.7/site-packages/pyspark/python/lib/py4j-0.10.9.7-src.zip/py4j/java_gateway.py", line 1588, in __call__
[2025-02-27T11:59:50.845+0000] {spark_submit.py:490} INFO - File "/home/***/.local/lib/python3.7/site-packages/pyspark/python/lib/py4j-0.10.9.7-src.zip/py4j/protocol.py", line 328, in get_return_value
[2025-02-27T11:59:50.845+0000] {spark_submit.py:490} INFO - py4j.protocol.Py4JJavaError: An error occurred while calling None.org.apache.spark.api.java.JavaSparkContext.
[2025-02-27T11:59:50.845+0000] {spark_submit.py:490} INFO - : org.apache.spark.SparkException: Could not parse Master URL: 'spark-master:7077'
[2025-02-27T11:59:50.845+0000] {spark_submit.py:490} INFO - at org.apache.spark.SparkContext$.org$apache$spark$SparkContext$$createTaskScheduler(SparkContext.scala:3028)
[2025-02-27T11:59:50.845+0000] {spark_submit.py:490} INFO - at org.apache.spark.SparkContext.<init>(SparkContext.scala:563)
[2025-02-27T11:59:50.846+0000] {spark_submit.py:490} INFO - at org.apache.spark.api.java.JavaSparkContext.<init>(JavaSparkContext.scala:58)
[2025-02-27T11:59:50.847+0000] {spark_submit.py:490} INFO - at java.base/jdk.internal.reflect.NativeConstructorAccessorImpl.newInstance0(Native Method)
[2025-02-27T11:59:50.848+0000] {spark_submit.py:490} INFO - at java.base/jdk.internal.reflect.NativeConstructorAccessorImpl.newInstance(NativeConstructorAccessorImpl.java:62)
[2025-02-27T11:59:50.848+0000] {spark_submit.py:490} INFO - at java.base/jdk.internal.reflect.DelegatingConstructorAccessorImpl.newInstance(DelegatingConstructorAccessorImpl.java:45)
[2025-02-27T11:59:50.849+0000] {spark_submit.py:490} INFO - at java.base/java.lang.reflect.Constructor.newInstance(Constructor.java:490)
[2025-02-27T11:59:50.849+0000] {spark_submit.py:490} INFO - at py4j.reflection.MethodInvoker.invoke(MethodInvoker.java:247)
[2025-02-27T11:59:50.850+0000] {spark_submit.py:490} INFO - at py4j.reflection.ReflectionEngine.invoke(ReflectionEngine.java:374)
[2025-02-27T11:59:50.850+0000] {spark_submit.py:490} INFO - at py4j.Gateway.invoke(Gateway.java:238)
[2025-02-27T11:59:50.851+0000] {spark_submit.py:490} INFO - at py4j.commands.ConstructorCommand.invokeConstructor(ConstructorCommand.java:80)
[2025-02-27T11:59:50.851+0000] {spark_submit.py:490} INFO - at py4j.commands.ConstructorCommand.execute(ConstructorCommand.java:69)
[2025-02-27T11:59:50.852+0000] {spark_submit.py:490} INFO - at py4j.ClientServerConnection.waitForCommands(ClientServerConnection.java:182)
[2025-02-27T11:59:50.852+0000] {spark_submit.py:490} INFO - at py4j.ClientServerConnection.run(ClientServerConnection.java:106)
[2025-02-27T11:59:50.852+0000] {spark_submit.py:490} INFO - at java.base/java.lang.Thread.run(Thread.java:829)
[2025-02-27T11:59:50.852+0000] {spark_submit.py:490} INFO - 
[2025-02-27T11:59:50.909+0000] {spark_submit.py:490} INFO - 25/02/27 11:59:50 INFO ShutdownHookManager: Shutdown hook called
[2025-02-27T11:59:50.910+0000] {spark_submit.py:490} INFO - 25/02/27 11:59:50 INFO ShutdownHookManager: Deleting directory /tmp/spark-3876955d-5c78-474f-9fda-b2479bb908f7
[2025-02-27T11:59:50.914+0000] {spark_submit.py:490} INFO - 25/02/27 11:59:50 INFO ShutdownHookManager: Deleting directory /tmp/spark-a7c861a2-cc84-4967-b9f7-0f6c0e4fb5fe
[2025-02-27T11:59:51.006+0000] {taskinstance.py:1847} ERROR - Task failed with exception
Traceback (most recent call last):
  File "/home/airflow/.local/lib/python3.7/site-packages/airflow/providers/apache/spark/operators/spark_submit.py", line 157, in execute
    self._hook.submit(self._application)
  File "/home/airflow/.local/lib/python3.7/site-packages/airflow/providers/apache/spark/hooks/spark_submit.py", line 422, in submit
    f"Cannot execute: {self._mask_cmd(spark_submit_cmd)}. Error code is: {returncode}."
airflow.exceptions.AirflowException: Cannot execute: spark-submit --master spark-master:7077 --conf spark.master=spark://spark-master:7077 --name spark_join --verbose /opt/***/dags/spark_join.py. Error code is: 1.
[2025-02-27T11:59:51.012+0000] {taskinstance.py:1373} INFO - Marking task as FAILED. dag_id=api_to_db_dag, task_id=spark_join_task, execution_date=20250227T115945, start_date=20250227T115946, end_date=20250227T115951
[2025-02-27T11:59:51.034+0000] {standard_task_runner.py:109} ERROR - Failed to execute job 4 for task spark_join_task (Cannot execute: spark-submit --master spark-master:7077 --conf spark.master=spark://spark-master:7077 --name spark_join --verbose /opt/***/dags/spark_join.py. Error code is: 1.; 212)
[2025-02-27T11:59:51.086+0000] {local_task_job_runner.py:232} INFO - Task exited with return code 1
[2025-02-27T11:59:51.117+0000] {taskinstance.py:2674} INFO - 0 downstream tasks scheduled from follow-on schedule check
