[2025-03-01T09:02:24.644+0000] {taskinstance.py:1125} INFO - Dependencies all met for dep_context=non-requeueable deps ti=<TaskInstance: api_to_db_dag.index_parquet_to_elasticsearch scheduled__2025-03-01T09:00:00+00:00 [queued]>
[2025-03-01T09:02:24.651+0000] {taskinstance.py:1125} INFO - Dependencies all met for dep_context=requeueable deps ti=<TaskInstance: api_to_db_dag.index_parquet_to_elasticsearch scheduled__2025-03-01T09:00:00+00:00 [queued]>
[2025-03-01T09:02:24.652+0000] {taskinstance.py:1331} INFO - Starting attempt 1 of 1
[2025-03-01T09:02:24.662+0000] {taskinstance.py:1350} INFO - Executing <Task(PythonOperator): index_parquet_to_elasticsearch> on 2025-03-01 09:00:00+00:00
[2025-03-01T09:02:24.675+0000] {standard_task_runner.py:57} INFO - Started process 2092 to run task
[2025-03-01T09:02:24.678+0000] {standard_task_runner.py:84} INFO - Running: ['***', 'tasks', 'run', 'api_to_db_dag', 'index_parquet_to_elasticsearch', 'scheduled__2025-03-01T09:00:00+00:00', '--job-id', '16', '--raw', '--subdir', 'DAGS_FOLDER/dag.py', '--cfg-path', '/tmp/tmp9ibm6bop']
[2025-03-01T09:02:24.689+0000] {standard_task_runner.py:85} INFO - Job 16: Subtask index_parquet_to_elasticsearch
[2025-03-01T09:02:24.771+0000] {task_command.py:410} INFO - Running <TaskInstance: api_to_db_dag.index_parquet_to_elasticsearch scheduled__2025-03-01T09:00:00+00:00 [running]> on host 92fe18bc4d20
[2025-03-01T09:02:24.829+0000] {taskinstance.py:1570} INFO - Exporting env vars: AIRFLOW_CTX_DAG_OWNER='***' AIRFLOW_CTX_DAG_ID='api_to_db_dag' AIRFLOW_CTX_TASK_ID='index_parquet_to_elasticsearch' AIRFLOW_CTX_EXECUTION_DATE='2025-03-01T09:00:00+00:00' AIRFLOW_CTX_TRY_NUMBER='1' AIRFLOW_CTX_DAG_RUN_ID='scheduled__2025-03-01T09:00:00+00:00'
[2025-03-01T09:02:24.918+0000] {logging_mixin.py:149} WARNING - /home/***/.local/lib/python3.7/site-packages/pandas/core/array_algos/replace.py:84 FutureWarning: elementwise comparison failed; returning scalar instead, but in the future will perform elementwise comparison
[2025-03-01T09:02:25.386+0000] {base.py:271} INFO - PUT http://elasticsearch:9200/velib_analytics [status:200 request:0.442s]
[2025-03-01T09:02:25.387+0000] {logging_mixin.py:149} INFO - Index 'velib_analytics' créé avec mapping.
[2025-03-01T09:02:25.642+0000] {base.py:271} INFO - POST http://elasticsearch:9200/_bulk [status:200 request:0.230s]
[2025-03-01T09:02:25.797+0000] {base.py:271} INFO - POST http://elasticsearch:9200/_bulk [status:200 request:0.142s]
[2025-03-01T09:02:25.916+0000] {base.py:271} INFO - POST http://elasticsearch:9200/_bulk [status:200 request:0.109s]
[2025-03-01T09:02:25.918+0000] {logging_mixin.py:149} INFO - Les données ont été ajoutées dans l'index 'velib_analytics'.
[2025-03-01T09:02:25.920+0000] {python.py:183} INFO - Done. Returned value was: None
[2025-03-01T09:02:25.933+0000] {taskinstance.py:1373} INFO - Marking task as SUCCESS. dag_id=api_to_db_dag, task_id=index_parquet_to_elasticsearch, execution_date=20250301T090000, start_date=20250301T090224, end_date=20250301T090225
[2025-03-01T09:02:25.978+0000] {local_task_job_runner.py:232} INFO - Task exited with return code 0
[2025-03-01T09:02:26.024+0000] {taskinstance.py:2674} INFO - 0 downstream tasks scheduled from follow-on schedule check
