[2025-02-27T15:26:18.098+0000] {taskinstance.py:1125} INFO - Dependencies all met for dep_context=non-requeueable deps ti=<TaskInstance: api_to_db_dag.create_station_informations_table manual__2025-02-27T15:26:17.005238+00:00 [queued]>
[2025-02-27T15:26:18.105+0000] {taskinstance.py:1125} INFO - Dependencies all met for dep_context=requeueable deps ti=<TaskInstance: api_to_db_dag.create_station_informations_table manual__2025-02-27T15:26:17.005238+00:00 [queued]>
[2025-02-27T15:26:18.105+0000] {taskinstance.py:1331} INFO - Starting attempt 1 of 1
[2025-02-27T15:26:18.114+0000] {taskinstance.py:1350} INFO - Executing <Task(PostgresOperator): create_station_informations_table> on 2025-02-27 15:26:17.005238+00:00
[2025-02-27T15:26:18.120+0000] {standard_task_runner.py:57} INFO - Started process 398 to run task
[2025-02-27T15:26:18.124+0000] {standard_task_runner.py:84} INFO - Running: ['***', 'tasks', 'run', 'api_to_db_dag', 'create_station_informations_table', 'manual__2025-02-27T15:26:17.005238+00:00', '--job-id', '20', '--raw', '--subdir', 'DAGS_FOLDER/dag.py', '--cfg-path', '/tmp/tmp9pkknrjq']
[2025-02-27T15:26:18.139+0000] {standard_task_runner.py:85} INFO - Job 20: Subtask create_station_informations_table
[2025-02-27T15:26:18.263+0000] {task_command.py:410} INFO - Running <TaskInstance: api_to_db_dag.create_station_informations_table manual__2025-02-27T15:26:17.005238+00:00 [running]> on host 16d64e3c1ef2
[2025-02-27T15:26:18.374+0000] {taskinstance.py:1570} INFO - Exporting env vars: AIRFLOW_CTX_DAG_OWNER='***' AIRFLOW_CTX_DAG_ID='api_to_db_dag' AIRFLOW_CTX_TASK_ID='create_station_informations_table' AIRFLOW_CTX_EXECUTION_DATE='2025-02-27T15:26:17.005238+00:00' AIRFLOW_CTX_TRY_NUMBER='1' AIRFLOW_CTX_DAG_RUN_ID='manual__2025-02-27T15:26:17.005238+00:00'
[2025-02-27T15:26:18.375+0000] {sql.py:262} INFO - Executing: 
        BEGIN;
            -- Vérifiez d'abord si la table n'existe pas avant de la créer
            DO $$
            BEGIN
                IF NOT EXISTS (SELECT FROM pg_tables WHERE schemaname = 'public' AND tablename = 'velib_station_details') THEN
                    CREATE TABLE public.velib_station_details (
                        station_id BIGINT PRIMARY KEY,
                        capacity INT,
                        lat DOUBLE PRECISION,
                        lon DOUBLE PRECISION,
                        name VARCHAR(255)
                    );
                END IF;
            END
            $$;
        COMMIT;
        
[2025-02-27T15:26:18.384+0000] {base.py:73} INFO - Using connection ID 'postgres_default' for task execution.
[2025-02-27T15:26:18.464+0000] {base.py:73} INFO - Using connection ID 'postgres_default' for task execution.
[2025-02-27T15:26:18.467+0000] {sql.py:375} INFO - Running statement: 
        BEGIN;
            -- Vérifiez d'abord si la table n'existe pas avant de la créer
            DO $$
            BEGIN
                IF NOT EXISTS (SELECT FROM pg_tables WHERE schemaname = 'public' AND tablename = 'velib_station_details') THEN
                    CREATE TABLE public.velib_station_details (
                        station_id BIGINT PRIMARY KEY,
                        capacity INT,
                        lat DOUBLE PRECISION,
                        lon DOUBLE PRECISION,
                        name VARCHAR(255)
                    );
                END IF;
            END
            $$;
        COMMIT;
        , parameters: None
[2025-02-27T15:26:18.477+0000] {taskinstance.py:1373} INFO - Marking task as SUCCESS. dag_id=api_to_db_dag, task_id=create_station_informations_table, execution_date=20250227T152617, start_date=20250227T152618, end_date=20250227T152618
[2025-02-27T15:26:18.515+0000] {local_task_job_runner.py:232} INFO - Task exited with return code 0
[2025-02-27T15:26:18.533+0000] {taskinstance.py:2674} INFO - 1 downstream tasks scheduled from follow-on schedule check
