[2025-02-26T17:31:54.152+0000] {taskinstance.py:1087} INFO - Dependencies all met for <TaskInstance: api_to_db_dag.create_velib_station_status_table manual__2025-02-26T17:31:53.281543+00:00 [queued]>
[2025-02-26T17:31:54.159+0000] {taskinstance.py:1087} INFO - Dependencies all met for <TaskInstance: api_to_db_dag.create_velib_station_status_table manual__2025-02-26T17:31:53.281543+00:00 [queued]>
[2025-02-26T17:31:54.159+0000] {taskinstance.py:1283} INFO - 
--------------------------------------------------------------------------------
[2025-02-26T17:31:54.161+0000] {taskinstance.py:1284} INFO - Starting attempt 1 of 1
[2025-02-26T17:31:54.162+0000] {taskinstance.py:1285} INFO - 
--------------------------------------------------------------------------------
[2025-02-26T17:31:54.169+0000] {taskinstance.py:1304} INFO - Executing <Task(PostgresOperator): create_velib_station_status_table> on 2025-02-26 17:31:53.281543+00:00
[2025-02-26T17:31:54.174+0000] {standard_task_runner.py:55} INFO - Started process 183 to run task
[2025-02-26T17:31:54.177+0000] {standard_task_runner.py:82} INFO - Running: ['***', 'tasks', 'run', 'api_to_db_dag', 'create_velib_station_status_table', 'manual__2025-02-26T17:31:53.281543+00:00', '--job-id', '3', '--raw', '--subdir', 'DAGS_FOLDER/dag.py', '--cfg-path', '/tmp/tmp_dqtbcrv']
[2025-02-26T17:31:54.179+0000] {standard_task_runner.py:83} INFO - Job 3: Subtask create_velib_station_status_table
[2025-02-26T17:31:54.215+0000] {task_command.py:389} INFO - Running <TaskInstance: api_to_db_dag.create_velib_station_status_table manual__2025-02-26T17:31:53.281543+00:00 [running]> on host 77ec537a1947
[2025-02-26T17:31:54.258+0000] {taskinstance.py:1513} INFO - Exporting the following env vars:
AIRFLOW_CTX_DAG_OWNER=***
AIRFLOW_CTX_DAG_ID=api_to_db_dag
AIRFLOW_CTX_TASK_ID=create_velib_station_status_table
AIRFLOW_CTX_EXECUTION_DATE=2025-02-26T17:31:53.281543+00:00
AIRFLOW_CTX_TRY_NUMBER=1
AIRFLOW_CTX_DAG_RUN_ID=manual__2025-02-26T17:31:53.281543+00:00
[2025-02-26T17:31:54.258+0000] {sql.py:253} INFO - Executing: 
            CREATE TABLE IF NOT EXISTS velib_station(
                record_time TIMESTAMP DEFAULT CURRENT_TIMESTAMP,
                station_id INT,
                is_installed BOOLEAN,
                is_renting BOOLEAN,
                is_returning BOOLEAN,
                last_reported TIMESTAMP,
                numBikesAvailable INT,
                numDocksAvailable INT,
                num_bikes_available INT,
                num_ebikes_available INT,
                num_mechanical_bikes_available INT,
                num_docks_available INT
            );
            
[2025-02-26T17:31:54.263+0000] {base.py:73} INFO - Using connection ID 'postgres_default' for task execution.
[2025-02-26T17:31:54.415+0000] {base.py:73} INFO - Using connection ID 'postgres_default' for task execution.
[2025-02-26T17:31:54.417+0000] {sql.py:364} INFO - Running statement: 
            CREATE TABLE IF NOT EXISTS velib_station(
                record_time TIMESTAMP DEFAULT CURRENT_TIMESTAMP,
                station_id INT,
                is_installed BOOLEAN,
                is_renting BOOLEAN,
                is_returning BOOLEAN,
                last_reported TIMESTAMP,
                numBikesAvailable INT,
                numDocksAvailable INT,
                num_bikes_available INT,
                num_ebikes_available INT,
                num_mechanical_bikes_available INT,
                num_docks_available INT
            );
            , parameters: None
[2025-02-26T17:31:54.424+0000] {taskinstance.py:1327} INFO - Marking task as SUCCESS. dag_id=api_to_db_dag, task_id=create_velib_station_status_table, execution_date=20250226T173153, start_date=20250226T173154, end_date=20250226T173154
[2025-02-26T17:31:54.440+0000] {local_task_job.py:159} INFO - Task exited with return code 0
[2025-02-26T17:31:54.456+0000] {taskinstance.py:2582} INFO - 1 downstream tasks scheduled from follow-on schedule check
