[2025-02-27T22:42:20.493+0000] {taskinstance.py:1125} INFO - Dependencies all met for dep_context=non-requeueable deps ti=<TaskInstance: api_to_db_dag.process_daily_data manual__2025-02-27T22:42:04.234785+00:00 [queued]>
[2025-02-27T22:42:20.498+0000] {taskinstance.py:1125} INFO - Dependencies all met for dep_context=requeueable deps ti=<TaskInstance: api_to_db_dag.process_daily_data manual__2025-02-27T22:42:04.234785+00:00 [queued]>
[2025-02-27T22:42:20.499+0000] {taskinstance.py:1331} INFO - Starting attempt 1 of 1
[2025-02-27T22:42:20.506+0000] {taskinstance.py:1350} INFO - Executing <Task(PythonOperator): process_daily_data> on 2025-02-27 22:42:04.234785+00:00
[2025-02-27T22:42:20.510+0000] {standard_task_runner.py:57} INFO - Started process 7039 to run task
[2025-02-27T22:42:20.510+0000] {clientserver.py:543} INFO - Closing down clientserver connection
[2025-02-27T22:42:20.513+0000] {standard_task_runner.py:84} INFO - Running: ['***', 'tasks', 'run', 'api_to_db_dag', 'process_daily_data', 'manual__2025-02-27T22:42:04.234785+00:00', '--job-id', '90', '--raw', '--subdir', 'DAGS_FOLDER/dag.py', '--cfg-path', '/tmp/tmpbkk9xe1s']
[2025-02-27T22:42:20.514+0000] {standard_task_runner.py:85} INFO - Job 90: Subtask process_daily_data
[2025-02-27T22:42:20.544+0000] {task_command.py:410} INFO - Running <TaskInstance: api_to_db_dag.process_daily_data manual__2025-02-27T22:42:04.234785+00:00 [running]> on host 53fdc8261bae
[2025-02-27T22:42:20.589+0000] {taskinstance.py:1570} INFO - Exporting env vars: AIRFLOW_CTX_DAG_OWNER='***' AIRFLOW_CTX_DAG_ID='api_to_db_dag' AIRFLOW_CTX_TASK_ID='process_daily_data' AIRFLOW_CTX_EXECUTION_DATE='2025-02-27T22:42:04.234785+00:00' AIRFLOW_CTX_TRY_NUMBER='1' AIRFLOW_CTX_DAG_RUN_ID='manual__2025-02-27T22:42:04.234785+00:00'
[2025-02-27T22:42:21.277+0000] {taskinstance.py:1847} ERROR - Task failed with exception
Traceback (most recent call last):
  File "/home/airflow/.local/lib/python3.7/site-packages/airflow/operators/python.py", line 181, in execute
    return_value = self.execute_callable()
  File "/home/airflow/.local/lib/python3.7/site-packages/airflow/operators/python.py", line 198, in execute_callable
    return self.python_callable(*self.op_args, **self.op_kwargs)
  File "/opt/airflow/dags/dag.py", line 33, in combine_data
    daily_df = aggregate_daily_data(current_day_directory)
  File "/opt/airflow/dags/dag.py", line 26, in aggregate_daily_data
    daily_df = spark.read.format("parquet").load(directory_path)
  File "/home/airflow/.local/lib/python3.7/site-packages/pyspark/sql/readwriter.py", line 300, in load
    return self._df(self._jreader.load(path))
  File "/home/airflow/.local/lib/python3.7/site-packages/py4j/java_gateway.py", line 1323, in __call__
    answer, self.gateway_client, self.target_id, self.name)
  File "/home/airflow/.local/lib/python3.7/site-packages/pyspark/errors/exceptions/captured.py", line 175, in deco
    raise converted from None
pyspark.errors.exceptions.captured.AnalysisException: [PATH_NOT_FOUND] Path does not exist: file:/Users/user/Desktop/datalake-project/datalake/formatted/velib_api/station_information/20250227.
[2025-02-27T22:42:21.290+0000] {taskinstance.py:1373} INFO - Marking task as FAILED. dag_id=api_to_db_dag, task_id=process_daily_data, execution_date=20250227T224204, start_date=20250227T224220, end_date=20250227T224221
[2025-02-27T22:42:21.296+0000] {standard_task_runner.py:109} ERROR - Failed to execute job 90 for task process_daily_data ([PATH_NOT_FOUND] Path does not exist: file:/Users/user/Desktop/datalake-project/datalake/formatted/velib_api/station_information/20250227.; 7039)
[2025-02-27T22:42:21.316+0000] {local_task_job_runner.py:232} INFO - Task exited with return code 1
[2025-02-27T22:42:21.327+0000] {taskinstance.py:2674} INFO - 0 downstream tasks scheduled from follow-on schedule check
