[2025-03-02T19:30:05.044+0000] {taskinstance.py:1125} INFO - Dependencies all met for dep_context=non-requeueable deps ti=<TaskInstance: api_to_db_dag.process_raw_velib_station scheduled__2025-03-02T19:15:00+00:00 [queued]>
[2025-03-02T19:30:05.070+0000] {taskinstance.py:1125} INFO - Dependencies all met for dep_context=requeueable deps ti=<TaskInstance: api_to_db_dag.process_raw_velib_station scheduled__2025-03-02T19:15:00+00:00 [queued]>
[2025-03-02T19:30:05.070+0000] {taskinstance.py:1331} INFO - Starting attempt 1 of 2
[2025-03-02T19:30:05.079+0000] {taskinstance.py:1350} INFO - Executing <Task(PythonOperator): process_raw_velib_station> on 2025-03-02 19:15:00+00:00
[2025-03-02T19:30:05.084+0000] {standard_task_runner.py:57} INFO - Started process 85885 to run task
[2025-03-02T19:30:05.086+0000] {standard_task_runner.py:84} INFO - Running: ['***', 'tasks', 'run', 'api_to_db_dag', 'process_raw_velib_station', 'scheduled__2025-03-02T19:15:00+00:00', '--job-id', '215', '--raw', '--subdir', 'DAGS_FOLDER/dag.py', '--cfg-path', '/tmp/tmpdpuykmun']
[2025-03-02T19:30:05.089+0000] {standard_task_runner.py:85} INFO - Job 215: Subtask process_raw_velib_station
[2025-03-02T19:30:05.117+0000] {task_command.py:410} INFO - Running <TaskInstance: api_to_db_dag.process_raw_velib_station scheduled__2025-03-02T19:15:00+00:00 [running]> on host 3befbd719c1b
[2025-03-02T19:30:05.171+0000] {taskinstance.py:1570} INFO - Exporting env vars: AIRFLOW_CTX_DAG_OWNER='***' AIRFLOW_CTX_DAG_ID='api_to_db_dag' AIRFLOW_CTX_TASK_ID='process_raw_velib_station' AIRFLOW_CTX_EXECUTION_DATE='2025-03-02T19:15:00+00:00' AIRFLOW_CTX_TRY_NUMBER='1' AIRFLOW_CTX_DAG_RUN_ID='scheduled__2025-03-02T19:15:00+00:00'
[2025-03-02T19:30:05.189+0000] {logging_mixin.py:149} INFO - Error processing file /mnt/data/raw/velib_api/velib_stations/20250301/202503011730.json: [Errno 21] Failed to open local file '/mnt/data/formatted/velib_api/velib_stations/20250301/202503011730.snappy.parquet'. Detail: [errno 21] Is a directory
[2025-03-02T19:30:05.198+0000] {logging_mixin.py:149} INFO - Error processing file /mnt/data/raw/velib_api/velib_stations/20250301/202503010009.json: [Errno 21] Failed to open local file '/mnt/data/formatted/velib_api/velib_stations/20250301/202503010009.snappy.parquet'. Detail: [errno 21] Is a directory
[2025-03-02T19:30:05.262+0000] {logging_mixin.py:149} INFO - Error processing file /mnt/data/raw/velib_api/velib_stations/20250301/202503011100.json: [Errno 21] Failed to open local file '/mnt/data/formatted/velib_api/velib_stations/20250301/202503011100.snappy.parquet'. Detail: [errno 21] Is a directory
[2025-03-02T19:30:05.273+0000] {logging_mixin.py:149} INFO - Error processing file /mnt/data/raw/velib_api/velib_stations/20250301/202503011415.json: [Errno 21] Failed to open local file '/mnt/data/formatted/velib_api/velib_stations/20250301/202503011415.snappy.parquet'. Detail: [errno 21] Is a directory
[2025-03-02T19:30:05.282+0000] {logging_mixin.py:149} INFO - Error processing file /mnt/data/raw/velib_api/velib_stations/20250301/202503011045.json: [Errno 21] Failed to open local file '/mnt/data/formatted/velib_api/velib_stations/20250301/202503011045.snappy.parquet'. Detail: [errno 21] Is a directory
[2025-03-02T19:30:05.310+0000] {logging_mixin.py:149} INFO - Error processing file /mnt/data/raw/velib_api/velib_stations/20250301/202503011815.json: [Errno 21] Failed to open local file '/mnt/data/formatted/velib_api/velib_stations/20250301/202503011815.snappy.parquet'. Detail: [errno 21] Is a directory
[2025-03-02T19:30:05.333+0000] {logging_mixin.py:149} INFO - Error processing file /mnt/data/raw/velib_api/velib_stations/20250301/202503010005.json: [Errno 21] Failed to open local file '/mnt/data/formatted/velib_api/velib_stations/20250301/202503010005.snappy.parquet'. Detail: [errno 21] Is a directory
[2025-03-02T19:30:05.345+0000] {logging_mixin.py:149} INFO - Error processing file /mnt/data/raw/velib_api/velib_stations/20250301/202503010012.json: [Errno 21] Failed to open local file '/mnt/data/formatted/velib_api/velib_stations/20250301/202503010012.snappy.parquet'. Detail: [errno 21] Is a directory
[2025-03-02T19:30:05.361+0000] {logging_mixin.py:149} INFO - Error processing file /mnt/data/raw/velib_api/velib_stations/20250301/202503011615.json: [Errno 21] Failed to open local file '/mnt/data/formatted/velib_api/velib_stations/20250301/202503011615.snappy.parquet'. Detail: [errno 21] Is a directory
[2025-03-02T19:30:05.374+0000] {logging_mixin.py:149} INFO - Error processing file /mnt/data/raw/velib_api/velib_stations/20250301/202503011245.json: [Errno 21] Failed to open local file '/mnt/data/formatted/velib_api/velib_stations/20250301/202503011245.snappy.parquet'. Detail: [errno 21] Is a directory
[2025-03-02T19:30:05.387+0000] {logging_mixin.py:149} INFO - Error processing file /mnt/data/raw/velib_api/velib_stations/20250301/202503010004.json: [Errno 21] Failed to open local file '/mnt/data/formatted/velib_api/velib_stations/20250301/202503010004.snappy.parquet'. Detail: [errno 21] Is a directory
[2025-03-02T19:30:05.399+0000] {logging_mixin.py:149} INFO - Error processing file /mnt/data/raw/velib_api/velib_stations/20250301/202503011300.json: [Errno 21] Failed to open local file '/mnt/data/formatted/velib_api/velib_stations/20250301/202503011300.snappy.parquet'. Detail: [errno 21] Is a directory
[2025-03-02T19:30:05.409+0000] {logging_mixin.py:149} INFO - Error processing file /mnt/data/raw/velib_api/velib_stations/20250301/202503011930.json: [Errno 21] Failed to open local file '/mnt/data/formatted/velib_api/velib_stations/20250301/202503011930.snappy.parquet'. Detail: [errno 21] Is a directory
[2025-03-02T19:30:05.421+0000] {logging_mixin.py:149} INFO - Error processing file /mnt/data/raw/velib_api/velib_stations/20250301/202503011530.json: [Errno 21] Failed to open local file '/mnt/data/formatted/velib_api/velib_stations/20250301/202503011530.snappy.parquet'. Detail: [errno 21] Is a directory
[2025-03-02T19:30:05.430+0000] {logging_mixin.py:149} INFO - Error processing file /mnt/data/raw/velib_api/velib_stations/20250301/202503012035.json: [Errno 21] Failed to open local file '/mnt/data/formatted/velib_api/velib_stations/20250301/202503012035.snappy.parquet'. Detail: [errno 21] Is a directory
[2025-03-02T19:30:05.470+0000] {logging_mixin.py:149} INFO - Error processing file /mnt/data/raw/velib_api/velib_stations/20250301/202503011215.json: [Errno 21] Failed to open local file '/mnt/data/formatted/velib_api/velib_stations/20250301/202503011215.snappy.parquet'. Detail: [errno 21] Is a directory
[2025-03-02T19:30:05.480+0000] {logging_mixin.py:149} INFO - Error processing file /mnt/data/raw/velib_api/velib_stations/20250301/202503011645.json: [Errno 21] Failed to open local file '/mnt/data/formatted/velib_api/velib_stations/20250301/202503011645.snappy.parquet'. Detail: [errno 21] Is a directory
[2025-03-02T19:30:05.493+0000] {logging_mixin.py:149} INFO - Error processing file /mnt/data/raw/velib_api/velib_stations/20250301/202503011130.json: [Errno 21] Failed to open local file '/mnt/data/formatted/velib_api/velib_stations/20250301/202503011130.snappy.parquet'. Detail: [errno 21] Is a directory
[2025-03-02T19:30:05.501+0000] {logging_mixin.py:149} INFO - Error processing file /mnt/data/raw/velib_api/velib_stations/20250301/202503011330.json: [Errno 21] Failed to open local file '/mnt/data/formatted/velib_api/velib_stations/20250301/202503011330.snappy.parquet'. Detail: [errno 21] Is a directory
[2025-03-02T19:30:05.783+0000] {logging_mixin.py:149} INFO - Error processing file /mnt/data/raw/velib_api/velib_stations/20250301/202503010940.json: [Errno 21] Failed to open local file '/mnt/data/formatted/velib_api/velib_stations/20250301/202503010940.snappy.parquet'. Detail: [errno 21] Is a directory
[2025-03-02T19:30:05.791+0000] {logging_mixin.py:149} INFO - Error processing file /mnt/data/raw/velib_api/velib_stations/20250301/202503010002.json: [Errno 21] Failed to open local file '/mnt/data/formatted/velib_api/velib_stations/20250301/202503010002.snappy.parquet'. Detail: [errno 21] Is a directory
[2025-03-02T19:30:05.799+0000] {logging_mixin.py:149} INFO - Error processing file /mnt/data/raw/velib_api/velib_stations/20250301/202503010901.json: [Errno 21] Failed to open local file '/mnt/data/formatted/velib_api/velib_stations/20250301/202503010901.snappy.parquet'. Detail: [errno 21] Is a directory
[2025-03-02T19:30:05.810+0000] {logging_mixin.py:149} INFO - Error processing file /mnt/data/raw/velib_api/velib_stations/20250301/202503011845.json: [Errno 21] Failed to open local file '/mnt/data/formatted/velib_api/velib_stations/20250301/202503011845.snappy.parquet'. Detail: [errno 21] Is a directory
[2025-03-02T19:30:05.825+0000] {logging_mixin.py:149} INFO - Error processing file /mnt/data/raw/velib_api/velib_stations/20250301/202503011900.json: [Errno 21] Failed to open local file '/mnt/data/formatted/velib_api/velib_stations/20250301/202503011900.snappy.parquet'. Detail: [errno 21] Is a directory
[2025-03-02T19:30:05.837+0000] {logging_mixin.py:149} INFO - Error processing file /mnt/data/raw/velib_api/velib_stations/20250301/202503011500.json: [Errno 21] Failed to open local file '/mnt/data/formatted/velib_api/velib_stations/20250301/202503011500.snappy.parquet'. Detail: [errno 21] Is a directory
[2025-03-02T19:30:05.849+0000] {logging_mixin.py:149} INFO - Error processing file /mnt/data/raw/velib_api/velib_stations/20250301/202503011015.json: [Errno 21] Failed to open local file '/mnt/data/formatted/velib_api/velib_stations/20250301/202503011015.snappy.parquet'. Detail: [errno 21] Is a directory
[2025-03-02T19:30:05.858+0000] {logging_mixin.py:149} INFO - Error processing file /mnt/data/raw/velib_api/velib_stations/20250301/202503011445.json: [Errno 21] Failed to open local file '/mnt/data/formatted/velib_api/velib_stations/20250301/202503011445.snappy.parquet'. Detail: [errno 21] Is a directory
[2025-03-02T19:30:05.871+0000] {logging_mixin.py:149} INFO - Error processing file /mnt/data/raw/velib_api/velib_stations/20250301/202503011702.json: [Errno 21] Failed to open local file '/mnt/data/formatted/velib_api/velib_stations/20250301/202503011702.snappy.parquet'. Detail: [errno 21] Is a directory
[2025-03-02T19:30:05.879+0000] {logging_mixin.py:149} INFO - Error processing file /mnt/data/raw/velib_api/velib_stations/20250301/202503010902.json: [Errno 21] Failed to open local file '/mnt/data/formatted/velib_api/velib_stations/20250301/202503010902.snappy.parquet'. Detail: [errno 21] Is a directory
[2025-03-02T19:30:05.907+0000] {logging_mixin.py:149} INFO - Error processing file /mnt/data/raw/velib_api/velib_stations/20250301/202503011000.json: [Errno 21] Failed to open local file '/mnt/data/formatted/velib_api/velib_stations/20250301/202503011000.snappy.parquet'. Detail: [errno 21] Is a directory
[2025-03-02T19:30:05.923+0000] {logging_mixin.py:149} INFO - Error processing file /mnt/data/raw/velib_api/velib_stations/20250301/202503011515.json: [Errno 21] Failed to open local file '/mnt/data/formatted/velib_api/velib_stations/20250301/202503011515.snappy.parquet'. Detail: [errno 21] Is a directory
[2025-03-02T19:30:05.933+0000] {logging_mixin.py:149} INFO - Error processing file /mnt/data/raw/velib_api/velib_stations/20250301/202503011145.json: [Errno 21] Failed to open local file '/mnt/data/formatted/velib_api/velib_stations/20250301/202503011145.snappy.parquet'. Detail: [errno 21] Is a directory
[2025-03-02T19:30:05.943+0000] {logging_mixin.py:149} INFO - Error processing file /mnt/data/raw/velib_api/velib_stations/20250301/202503011915.json: [Errno 21] Failed to open local file '/mnt/data/formatted/velib_api/velib_stations/20250301/202503011915.snappy.parquet'. Detail: [errno 21] Is a directory
[2025-03-02T19:30:05.957+0000] {logging_mixin.py:149} INFO - Error processing file /mnt/data/raw/velib_api/velib_stations/20250301/202503011630.json: [Errno 21] Failed to open local file '/mnt/data/formatted/velib_api/velib_stations/20250301/202503011630.snappy.parquet'. Detail: [errno 21] Is a directory
[2025-03-02T19:30:05.984+0000] {logging_mixin.py:149} INFO - Error processing file /mnt/data/raw/velib_api/velib_stations/20250301/202503011830.json: [Errno 21] Failed to open local file '/mnt/data/formatted/velib_api/velib_stations/20250301/202503011830.snappy.parquet'. Detail: [errno 21] Is a directory
[2025-03-02T19:30:05.995+0000] {logging_mixin.py:149} INFO - Error processing file /mnt/data/raw/velib_api/velib_stations/20250301/202503011430.json: [Errno 21] Failed to open local file '/mnt/data/formatted/velib_api/velib_stations/20250301/202503011430.snappy.parquet'. Detail: [errno 21] Is a directory
[2025-03-02T19:30:06.004+0000] {logging_mixin.py:149} INFO - Error processing file /mnt/data/raw/velib_api/velib_stations/20250301/202503010000.json: [Errno 21] Failed to open local file '/mnt/data/formatted/velib_api/velib_stations/20250301/202503010000.snappy.parquet'. Detail: [errno 21] Is a directory
[2025-03-02T19:30:06.013+0000] {logging_mixin.py:149} INFO - Error processing file /mnt/data/raw/velib_api/velib_stations/20250301/202503011715.json: [Errno 21] Failed to open local file '/mnt/data/formatted/velib_api/velib_stations/20250301/202503011715.snappy.parquet'. Detail: [errno 21] Is a directory
[2025-03-02T19:30:06.022+0000] {logging_mixin.py:149} INFO - Error processing file /mnt/data/raw/velib_api/velib_stations/20250301/202503011345.json: [Errno 21] Failed to open local file '/mnt/data/formatted/velib_api/velib_stations/20250301/202503011345.snappy.parquet'. Detail: [errno 21] Is a directory
[2025-03-02T19:30:06.031+0000] {logging_mixin.py:149} INFO - Error processing file /mnt/data/raw/velib_api/velib_stations/20250301/202503011200.json: [Errno 21] Failed to open local file '/mnt/data/formatted/velib_api/velib_stations/20250301/202503011200.snappy.parquet'. Detail: [errno 21] Is a directory
[2025-03-02T19:30:06.055+0000] {logging_mixin.py:149} INFO - Error processing file /mnt/data/raw/velib_api/velib_stations/20250301/202503011030.json: [Errno 21] Failed to open local file '/mnt/data/formatted/velib_api/velib_stations/20250301/202503011030.snappy.parquet'. Detail: [errno 21] Is a directory
[2025-03-02T19:30:06.077+0000] {logging_mixin.py:149} INFO - Error processing file /mnt/data/raw/velib_api/velib_stations/20250301/202503011548.json: [Errno 21] Failed to open local file '/mnt/data/formatted/velib_api/velib_stations/20250301/202503011548.snappy.parquet'. Detail: [errno 21] Is a directory
[2025-03-02T19:30:06.090+0000] {logging_mixin.py:149} INFO - Error processing file /mnt/data/raw/velib_api/velib_stations/20250301/202503011315.json: [Errno 21] Failed to open local file '/mnt/data/formatted/velib_api/velib_stations/20250301/202503011315.snappy.parquet'. Detail: [errno 21] Is a directory
[2025-03-02T19:30:06.103+0000] {logging_mixin.py:149} INFO - Error processing file /mnt/data/raw/velib_api/velib_stations/20250301/202503011745.json: [Errno 21] Failed to open local file '/mnt/data/formatted/velib_api/velib_stations/20250301/202503011745.snappy.parquet'. Detail: [errno 21] Is a directory
[2025-03-02T19:30:06.113+0000] {logging_mixin.py:149} INFO - Error processing file /mnt/data/raw/velib_api/velib_stations/20250301/202503011600.json: [Errno 21] Failed to open local file '/mnt/data/formatted/velib_api/velib_stations/20250301/202503011600.snappy.parquet'. Detail: [errno 21] Is a directory
[2025-03-02T19:30:06.121+0000] {logging_mixin.py:149} INFO - Error processing file /mnt/data/raw/velib_api/velib_stations/20250301/202503010011.json: [Errno 21] Failed to open local file '/mnt/data/formatted/velib_api/velib_stations/20250301/202503010011.snappy.parquet'. Detail: [errno 21] Is a directory
[2025-03-02T19:30:06.129+0000] {logging_mixin.py:149} INFO - Error processing file /mnt/data/raw/velib_api/velib_stations/20250301/202503010945.json: [Errno 21] Failed to open local file '/mnt/data/formatted/velib_api/velib_stations/20250301/202503010945.snappy.parquet'. Detail: [errno 21] Is a directory
[2025-03-02T19:30:06.165+0000] {logging_mixin.py:149} INFO - Error processing file /mnt/data/raw/velib_api/velib_stations/20250301/202503011945.json: [Errno 21] Failed to open local file '/mnt/data/formatted/velib_api/velib_stations/20250301/202503011945.snappy.parquet'. Detail: [errno 21] Is a directory
[2025-03-02T19:30:06.176+0000] {logging_mixin.py:149} INFO - Error processing file /mnt/data/raw/velib_api/velib_stations/20250301/202503011800.json: [Errno 21] Failed to open local file '/mnt/data/formatted/velib_api/velib_stations/20250301/202503011800.snappy.parquet'. Detail: [errno 21] Is a directory
[2025-03-02T19:30:06.209+0000] {logging_mixin.py:149} INFO - Error processing file /mnt/data/raw/velib_api/velib_stations/20250301/202503011400.json: [Errno 21] Failed to open local file '/mnt/data/formatted/velib_api/velib_stations/20250301/202503011400.snappy.parquet'. Detail: [errno 21] Is a directory
[2025-03-02T19:30:06.220+0000] {logging_mixin.py:149} INFO - Error processing file /mnt/data/raw/velib_api/velib_stations/20250301/202503011115.json: [Errno 21] Failed to open local file '/mnt/data/formatted/velib_api/velib_stations/20250301/202503011115.snappy.parquet'. Detail: [errno 21] Is a directory
[2025-03-02T19:30:06.229+0000] {logging_mixin.py:149} INFO - Error processing file /mnt/data/raw/velib_api/velib_stations/20250301/202503010006.json: [Errno 21] Failed to open local file '/mnt/data/formatted/velib_api/velib_stations/20250301/202503010006.snappy.parquet'. Detail: [errno 21] Is a directory
[2025-03-02T19:30:06.257+0000] {logging_mixin.py:149} INFO - Error processing file /mnt/data/raw/velib_api/velib_stations/20250301/202503010010.json: [Errno 21] Failed to open local file '/mnt/data/formatted/velib_api/velib_stations/20250301/202503010010.snappy.parquet'. Detail: [errno 21] Is a directory
[2025-03-02T19:30:06.285+0000] {logging_mixin.py:149} INFO - Error processing file /mnt/data/raw/velib_api/velib_stations/20250301/202503011230.json: [Errno 21] Failed to open local file '/mnt/data/formatted/velib_api/velib_stations/20250301/202503011230.snappy.parquet'. Detail: [errno 21] Is a directory
[2025-03-02T19:30:06.320+0000] {logging_mixin.py:149} INFO - Error processing file /mnt/data/raw/velib_api/velib_stations/20250228/202502282010.json: [Errno 21] Failed to open local file '/mnt/data/formatted/velib_api/velib_stations/20250228/202502282010.snappy.parquet'. Detail: [errno 21] Is a directory
[2025-03-02T19:30:06.398+0000] {logging_mixin.py:149} INFO - Error processing file /mnt/data/raw/velib_api/velib_stations/20250228/202502281954.json: [Errno 21] Failed to open local file '/mnt/data/formatted/velib_api/velib_stations/20250228/202502281954.snappy.parquet'. Detail: [errno 21] Is a directory
[2025-03-02T19:30:06.409+0000] {logging_mixin.py:149} INFO - Error processing file /mnt/data/raw/velib_api/velib_stations/20250228/202502282102.json: [Errno 21] Failed to open local file '/mnt/data/formatted/velib_api/velib_stations/20250228/202502282102.snappy.parquet'. Detail: [errno 21] Is a directory
[2025-03-02T19:30:06.422+0000] {logging_mixin.py:149} INFO - Error processing file /mnt/data/raw/velib_api/velib_stations/20250228/202502281942.json: [Errno 21] Failed to open local file '/mnt/data/formatted/velib_api/velib_stations/20250228/202502281942.snappy.parquet'. Detail: [errno 21] Is a directory
[2025-03-02T19:30:06.433+0000] {logging_mixin.py:149} INFO - Error processing file /mnt/data/raw/velib_api/velib_stations/20250228/202502282114.json: [Errno 21] Failed to open local file '/mnt/data/formatted/velib_api/velib_stations/20250228/202502282114.snappy.parquet'. Detail: [errno 21] Is a directory
[2025-03-02T19:30:06.442+0000] {logging_mixin.py:149} INFO - Error processing file /mnt/data/raw/velib_api/velib_stations/20250228/202502281915.json: [Errno 21] Failed to open local file '/mnt/data/formatted/velib_api/velib_stations/20250228/202502281915.snappy.parquet'. Detail: [errno 21] Is a directory
[2025-03-02T19:30:06.466+0000] {logging_mixin.py:149} INFO - Error processing file /mnt/data/raw/velib_api/velib_stations/20250228/202502282006.json: [Errno 21] Failed to open local file '/mnt/data/formatted/velib_api/velib_stations/20250228/202502282006.snappy.parquet'. Detail: [errno 21] Is a directory
[2025-03-02T19:30:06.489+0000] {logging_mixin.py:149} INFO - Error processing file /mnt/data/raw/velib_api/velib_stations/20250228/202502282342.json: [Errno 21] Failed to open local file '/mnt/data/formatted/velib_api/velib_stations/20250228/202502282342.snappy.parquet'. Detail: [errno 21] Is a directory
[2025-03-02T19:30:06.502+0000] {logging_mixin.py:149} INFO - Error processing file /mnt/data/raw/velib_api/velib_stations/20250228/202502281958.json: [Errno 21] Failed to open local file '/mnt/data/formatted/velib_api/velib_stations/20250228/202502281958.snappy.parquet'. Detail: [errno 21] Is a directory
[2025-03-02T19:30:06.518+0000] {logging_mixin.py:149} INFO - Error processing file /mnt/data/raw/velib_api/velib_stations/20250228/202502281348.json: [Errno 21] Failed to open local file '/mnt/data/formatted/velib_api/velib_stations/20250228/202502281348.snappy.parquet'. Detail: [errno 21] Is a directory
[2025-03-02T19:30:06.527+0000] {logging_mixin.py:149} INFO - Error processing file /mnt/data/raw/velib_api/velib_stations/20250228/202502282026.json: [Errno 21] Failed to open local file '/mnt/data/formatted/velib_api/velib_stations/20250228/202502282026.snappy.parquet'. Detail: [errno 21] Is a directory
[2025-03-02T19:30:06.537+0000] {logging_mixin.py:149} INFO - Error processing file /mnt/data/raw/velib_api/velib_stations/20250228/202502282030.json: [Errno 21] Failed to open local file '/mnt/data/formatted/velib_api/velib_stations/20250228/202502282030.snappy.parquet'. Detail: [errno 21] Is a directory
[2025-03-02T19:30:06.547+0000] {logging_mixin.py:149} INFO - Error processing file /mnt/data/raw/velib_api/velib_stations/20250228/202502282318.json: [Errno 21] Failed to open local file '/mnt/data/formatted/velib_api/velib_stations/20250228/202502282318.snappy.parquet'. Detail: [errno 21] Is a directory
[2025-03-02T19:30:06.561+0000] {logging_mixin.py:149} INFO - Error processing file /mnt/data/raw/velib_api/velib_stations/20250228/202502281922.json: [Errno 21] Failed to open local file '/mnt/data/formatted/velib_api/velib_stations/20250228/202502281922.snappy.parquet'. Detail: [errno 21] Is a directory
[2025-03-02T19:30:06.574+0000] {logging_mixin.py:149} INFO - Error processing file /mnt/data/raw/velib_api/velib_stations/20250228/202502281758.json: [Errno 21] Failed to open local file '/mnt/data/formatted/velib_api/velib_stations/20250228/202502281758.snappy.parquet'. Detail: [errno 21] Is a directory
[2025-03-02T19:30:06.582+0000] {logging_mixin.py:149} INFO - Error processing file /mnt/data/raw/velib_api/velib_stations/20250228/202502281934.json: [Errno 21] Failed to open local file '/mnt/data/formatted/velib_api/velib_stations/20250228/202502281934.snappy.parquet'. Detail: [errno 21] Is a directory
[2025-03-02T19:30:06.591+0000] {logging_mixin.py:149} INFO - Error processing file /mnt/data/raw/velib_api/velib_stations/20250228/202502282359.json: [Errno 21] Failed to open local file '/mnt/data/formatted/velib_api/velib_stations/20250228/202502282359.snappy.parquet'. Detail: [errno 21] Is a directory
[2025-03-02T19:30:06.599+0000] {logging_mixin.py:149} INFO - Error processing file /mnt/data/raw/velib_api/velib_stations/20250228/202502281918.json: [Errno 21] Failed to open local file '/mnt/data/formatted/velib_api/velib_stations/20250228/202502281918.snappy.parquet'. Detail: [errno 21] Is a directory
[2025-03-02T19:30:06.609+0000] {logging_mixin.py:149} INFO - Error processing file /mnt/data/raw/velib_api/velib_stations/20250228/202502282322.json: [Errno 21] Failed to open local file '/mnt/data/formatted/velib_api/velib_stations/20250228/202502282322.snappy.parquet'. Detail: [errno 21] Is a directory
[2025-03-02T19:30:06.617+0000] {logging_mixin.py:149} INFO - Error processing file /mnt/data/raw/velib_api/velib_stations/20250228/202502282230.json: [Errno 21] Failed to open local file '/mnt/data/formatted/velib_api/velib_stations/20250228/202502282230.snappy.parquet'. Detail: [errno 21] Is a directory
[2025-03-02T19:30:06.652+0000] {logging_mixin.py:149} INFO - Error processing file /mnt/data/raw/velib_api/velib_stations/20250228/202502282158.json: [Errno 21] Failed to open local file '/mnt/data/formatted/velib_api/velib_stations/20250228/202502282158.snappy.parquet'. Detail: [errno 21] Is a directory
[2025-03-02T19:30:06.662+0000] {logging_mixin.py:149} INFO - Error processing file /mnt/data/raw/velib_api/velib_stations/20250228/202502282206.json: [Errno 21] Failed to open local file '/mnt/data/formatted/velib_api/velib_stations/20250228/202502282206.snappy.parquet'. Detail: [errno 21] Is a directory
[2025-03-02T19:30:06.673+0000] {logging_mixin.py:149} INFO - Error processing file /mnt/data/raw/velib_api/velib_stations/20250228/202502282314.json: [Errno 21] Failed to open local file '/mnt/data/formatted/velib_api/velib_stations/20250228/202502282314.snappy.parquet'. Detail: [errno 21] Is a directory
[2025-03-02T19:30:06.681+0000] {logging_mixin.py:149} INFO - Error processing file /mnt/data/raw/velib_api/velib_stations/20250228/202502282302.json: [Errno 21] Failed to open local file '/mnt/data/formatted/velib_api/velib_stations/20250228/202502282302.snappy.parquet'. Detail: [errno 21] Is a directory
[2025-03-02T19:30:06.691+0000] {logging_mixin.py:149} INFO - Error processing file /mnt/data/raw/velib_api/velib_stations/20250228/202502281938.json: [Errno 21] Failed to open local file '/mnt/data/formatted/velib_api/velib_stations/20250228/202502281938.snappy.parquet'. Detail: [errno 21] Is a directory
[2025-03-02T19:30:06.701+0000] {logging_mixin.py:149} INFO - Error processing file /mnt/data/raw/velib_api/velib_stations/20250228/202502282210.json: [Errno 21] Failed to open local file '/mnt/data/formatted/velib_api/velib_stations/20250228/202502282210.snappy.parquet'. Detail: [errno 21] Is a directory
[2025-03-02T19:30:06.710+0000] {logging_mixin.py:149} INFO - Error processing file /mnt/data/raw/velib_api/velib_stations/20250228/202502282050.json: [Errno 21] Failed to open local file '/mnt/data/formatted/velib_api/velib_stations/20250228/202502282050.snappy.parquet'. Detail: [errno 21] Is a directory
[2025-03-02T19:30:06.721+0000] {logging_mixin.py:149} INFO - Error processing file /mnt/data/raw/velib_api/velib_stations/20250228/202502281739.json: [Errno 21] Failed to open local file '/mnt/data/formatted/velib_api/velib_stations/20250228/202502281739.snappy.parquet'. Detail: [errno 21] Is a directory
[2025-03-02T19:30:06.733+0000] {logging_mixin.py:149} INFO - Error processing file /mnt/data/raw/velib_api/velib_stations/20250228/202502282046.json: [Errno 21] Failed to open local file '/mnt/data/formatted/velib_api/velib_stations/20250228/202502282046.snappy.parquet'. Detail: [errno 21] Is a directory
[2025-03-02T19:30:06.744+0000] {logging_mixin.py:149} INFO - Error processing file /mnt/data/raw/velib_api/velib_stations/20250228/202502282338.json: [Errno 21] Failed to open local file '/mnt/data/formatted/velib_api/velib_stations/20250228/202502282338.snappy.parquet'. Detail: [errno 21] Is a directory
[2025-03-02T19:30:06.753+0000] {logging_mixin.py:149} INFO - Error processing file /mnt/data/raw/velib_api/velib_stations/20250228/202502281909.json: [Errno 21] Failed to open local file '/mnt/data/formatted/velib_api/velib_stations/20250228/202502281909.snappy.parquet'. Detail: [errno 21] Is a directory
[2025-03-02T19:30:06.765+0000] {logging_mixin.py:149} INFO - Error processing file /mnt/data/raw/velib_api/velib_stations/20250228/202502281231.json: [Errno 21] Failed to open local file '/mnt/data/formatted/velib_api/velib_stations/20250228/202502281231.snappy.parquet'. Detail: [errno 21] Is a directory
[2025-03-02T19:30:06.785+0000] {logging_mixin.py:149} INFO - Error processing file /mnt/data/raw/velib_api/velib_stations/20250228/202502282108.json: [Errno 21] Failed to open local file '/mnt/data/formatted/velib_api/velib_stations/20250228/202502282108.snappy.parquet'. Detail: [errno 21] Is a directory
[2025-03-02T19:30:06.795+0000] {logging_mixin.py:149} INFO - Error processing file /mnt/data/raw/velib_api/velib_stations/20250228/202502281732.json: [Errno 21] Failed to open local file '/mnt/data/formatted/velib_api/velib_stations/20250228/202502281732.snappy.parquet'. Detail: [errno 21] Is a directory
[2025-03-02T19:30:06.805+0000] {logging_mixin.py:149} INFO - Error processing file /mnt/data/raw/velib_api/velib_stations/20250228/202502281948.json: [Errno 21] Failed to open local file '/mnt/data/formatted/velib_api/velib_stations/20250228/202502281948.snappy.parquet'. Detail: [errno 21] Is a directory
[2025-03-02T19:30:06.813+0000] {logging_mixin.py:149} INFO - Error processing file /mnt/data/raw/velib_api/velib_stations/20250228/202502282020.json: [Errno 21] Failed to open local file '/mnt/data/formatted/velib_api/velib_stations/20250228/202502282020.snappy.parquet'. Detail: [errno 21] Is a directory
[2025-03-02T19:30:06.823+0000] {logging_mixin.py:149} INFO - Error processing file /mnt/data/raw/velib_api/velib_stations/20250228/202502282036.json: [Errno 21] Failed to open local file '/mnt/data/formatted/velib_api/velib_stations/20250228/202502282036.snappy.parquet'. Detail: [errno 21] Is a directory
[2025-03-02T19:30:06.831+0000] {logging_mixin.py:149} INFO - Error processing file /mnt/data/raw/velib_api/velib_stations/20250228/202502282016.json: [Errno 21] Failed to open local file '/mnt/data/formatted/velib_api/velib_stations/20250228/202502282016.snappy.parquet'. Detail: [errno 21] Is a directory
[2025-03-02T19:30:06.839+0000] {logging_mixin.py:149} INFO - Error processing file /mnt/data/raw/velib_api/velib_stations/20250228/202502281952.json: [Errno 21] Failed to open local file '/mnt/data/formatted/velib_api/velib_stations/20250228/202502281952.snappy.parquet'. Detail: [errno 21] Is a directory
[2025-03-02T19:30:06.850+0000] {logging_mixin.py:149} INFO - Error processing file /mnt/data/raw/velib_api/velib_stations/20250228/202502281817.json: [Errno 21] Failed to open local file '/mnt/data/formatted/velib_api/velib_stations/20250228/202502281817.snappy.parquet'. Detail: [errno 21] Is a directory
[2025-03-02T19:30:06.860+0000] {logging_mixin.py:149} INFO - Error processing file /mnt/data/raw/velib_api/velib_stations/20250228/202502282104.json: [Errno 21] Failed to open local file '/mnt/data/formatted/velib_api/velib_stations/20250228/202502282104.snappy.parquet'. Detail: [errno 21] Is a directory
[2025-03-02T19:30:06.868+0000] {logging_mixin.py:149} INFO - Error processing file /mnt/data/raw/velib_api/velib_stations/20250228/202502281728.json: [Errno 21] Failed to open local file '/mnt/data/formatted/velib_api/velib_stations/20250228/202502281728.snappy.parquet'. Detail: [errno 21] Is a directory
[2025-03-02T19:30:06.876+0000] {logging_mixin.py:149} INFO - Error processing file /mnt/data/raw/velib_api/velib_stations/20250228/202502281944.json: [Errno 21] Failed to open local file '/mnt/data/formatted/velib_api/velib_stations/20250228/202502281944.snappy.parquet'. Detail: [errno 21] Is a directory
[2025-03-02T19:30:06.886+0000] {logging_mixin.py:149} INFO - Error processing file /mnt/data/raw/velib_api/velib_stations/20250228/202502282112.json: [Errno 21] Failed to open local file '/mnt/data/formatted/velib_api/velib_stations/20250228/202502282112.snappy.parquet'. Detail: [errno 21] Is a directory
[2025-03-02T19:30:06.898+0000] {logging_mixin.py:149} INFO - Error processing file /mnt/data/raw/velib_api/velib_stations/20250228/202502282000.json: [Errno 21] Failed to open local file '/mnt/data/formatted/velib_api/velib_stations/20250228/202502282000.snappy.parquet'. Detail: [errno 21] Is a directory
[2025-03-02T19:30:06.908+0000] {logging_mixin.py:149} INFO - Error processing file /mnt/data/raw/velib_api/velib_stations/20250228/202502282256.json: [Errno 21] Failed to open local file '/mnt/data/formatted/velib_api/velib_stations/20250228/202502282256.snappy.parquet'. Detail: [errno 21] Is a directory
[2025-03-02T19:30:06.918+0000] {logging_mixin.py:149} INFO - Error processing file /mnt/data/raw/velib_api/velib_stations/20250228/202502282344.json: [Errno 21] Failed to open local file '/mnt/data/formatted/velib_api/velib_stations/20250228/202502282344.snappy.parquet'. Detail: [errno 21] Is a directory
[2025-03-02T19:30:06.926+0000] {logging_mixin.py:149} INFO - Error processing file /mnt/data/raw/velib_api/velib_stations/20250228/202502281354.json: [Errno 21] Failed to open local file '/mnt/data/formatted/velib_api/velib_stations/20250228/202502281354.snappy.parquet'. Detail: [errno 21] Is a directory
[2025-03-02T19:30:06.936+0000] {logging_mixin.py:149} INFO - Error processing file /mnt/data/raw/velib_api/velib_stations/20250228/202502282200.json: [Errno 21] Failed to open local file '/mnt/data/formatted/velib_api/velib_stations/20250228/202502282200.snappy.parquet'. Detail: [errno 21] Is a directory
[2025-03-02T19:30:06.947+0000] {logging_mixin.py:149} INFO - Error processing file /mnt/data/raw/velib_api/velib_stations/20250228/202502282312.json: [Errno 21] Failed to open local file '/mnt/data/formatted/velib_api/velib_stations/20250228/202502282312.snappy.parquet'. Detail: [errno 21] Is a directory
[2025-03-02T19:30:06.956+0000] {logging_mixin.py:149} INFO - Error processing file /mnt/data/raw/velib_api/velib_stations/20250228/202502281928.json: [Errno 21] Failed to open local file '/mnt/data/formatted/velib_api/velib_stations/20250228/202502281928.snappy.parquet'. Detail: [errno 21] Is a directory
[2025-03-02T19:30:07.038+0000] {logging_mixin.py:149} INFO - Error processing file /mnt/data/raw/velib_api/velib_stations/20250228/202502282304.json: [Errno 21] Failed to open local file '/mnt/data/formatted/velib_api/velib_stations/20250228/202502282304.snappy.parquet'. Detail: [errno 21] Is a directory
[2025-03-02T19:30:07.046+0000] {logging_mixin.py:149} INFO - Error processing file /mnt/data/raw/velib_api/velib_stations/20250228/202502282216.json: [Errno 21] Failed to open local file '/mnt/data/formatted/velib_api/velib_stations/20250228/202502282216.snappy.parquet'. Detail: [errno 21] Is a directory
[2025-03-02T19:30:07.055+0000] {logging_mixin.py:149} INFO - Error processing file /mnt/data/raw/velib_api/velib_stations/20250228/202502281338.json: [Errno 21] Failed to open local file '/mnt/data/formatted/velib_api/velib_stations/20250228/202502281338.snappy.parquet'. Detail: [errno 21] Is a directory
[2025-03-02T19:30:07.064+0000] {logging_mixin.py:149} INFO - Error processing file /mnt/data/raw/velib_api/velib_stations/20250228/202502282328.json: [Errno 21] Failed to open local file '/mnt/data/formatted/velib_api/velib_stations/20250228/202502282328.snappy.parquet'. Detail: [errno 21] Is a directory
[2025-03-02T19:30:07.072+0000] {logging_mixin.py:149} INFO - Error processing file /mnt/data/raw/velib_api/velib_stations/20250228/202502282056.json: [Errno 21] Failed to open local file '/mnt/data/formatted/velib_api/velib_stations/20250228/202502282056.snappy.parquet'. Detail: [errno 21] Is a directory
[2025-03-02T19:30:07.082+0000] {logging_mixin.py:149} INFO - Error processing file /mnt/data/raw/velib_api/velib_stations/20250228/202502282040.json: [Errno 21] Failed to open local file '/mnt/data/formatted/velib_api/velib_stations/20250228/202502282040.snappy.parquet'. Detail: [errno 21] Is a directory
[2025-03-02T19:30:07.094+0000] {logging_mixin.py:149} INFO - Error processing file /mnt/data/raw/velib_api/velib_stations/20250228/202502281924.json: [Errno 21] Failed to open local file '/mnt/data/formatted/velib_api/velib_stations/20250228/202502281924.snappy.parquet'. Detail: [errno 21] Is a directory
[2025-03-02T19:30:07.104+0000] {logging_mixin.py:149} INFO - Error processing file /mnt/data/raw/velib_api/velib_stations/20250228/202502282308.json: [Errno 21] Failed to open local file '/mnt/data/formatted/velib_api/velib_stations/20250228/202502282308.snappy.parquet'. Detail: [errno 21] Is a directory
[2025-03-02T19:30:07.114+0000] {logging_mixin.py:149} INFO - Error processing file /mnt/data/raw/velib_api/velib_stations/20250228/202502281932.json: [Errno 21] Failed to open local file '/mnt/data/formatted/velib_api/velib_stations/20250228/202502281932.snappy.parquet'. Detail: [errno 21] Is a directory
[2025-03-02T19:30:07.124+0000] {logging_mixin.py:149} INFO - Error processing file /mnt/data/raw/velib_api/velib_stations/20250228/202502281436.json: [Errno 21] Failed to open local file '/mnt/data/formatted/velib_api/velib_stations/20250228/202502281436.snappy.parquet'. Detail: [errno 21] Is a directory
[2025-03-02T19:30:07.133+0000] {logging_mixin.py:149} INFO - Error processing file /mnt/data/raw/velib_api/velib_stations/20250228/202502282324.json: [Errno 21] Failed to open local file '/mnt/data/formatted/velib_api/velib_stations/20250228/202502282324.snappy.parquet'. Detail: [errno 21] Is a directory
[2025-03-02T19:30:07.142+0000] {logging_mixin.py:149} INFO - Error processing file /mnt/data/raw/velib_api/velib_stations/20250228/202502282236.json: [Errno 21] Failed to open local file '/mnt/data/formatted/velib_api/velib_stations/20250228/202502282236.snappy.parquet'. Detail: [errno 21] Is a directory
[2025-03-02T19:30:07.152+0000] {logging_mixin.py:149} INFO - Error processing file /mnt/data/raw/velib_api/velib_stations/20250228/202502282220.json: [Errno 21] Failed to open local file '/mnt/data/formatted/velib_api/velib_stations/20250228/202502282220.snappy.parquet'. Detail: [errno 21] Is a directory
[2025-03-02T19:30:07.163+0000] {logging_mixin.py:149} INFO - Error processing file /mnt/data/raw/velib_api/velib_stations/20250228/202502282332.json: [Errno 21] Failed to open local file '/mnt/data/formatted/velib_api/velib_stations/20250228/202502282332.snappy.parquet'. Detail: [errno 21] Is a directory
[2025-03-02T19:30:07.173+0000] {logging_mixin.py:149} INFO - Error processing file /mnt/data/raw/velib_api/velib_stations/20250228/202502282258.json: [Errno 21] Failed to open local file '/mnt/data/formatted/velib_api/velib_stations/20250228/202502282258.snappy.parquet'. Detail: [errno 21] Is a directory
[2025-03-02T19:30:07.183+0000] {logging_mixin.py:149} INFO - Error processing file /mnt/data/raw/velib_api/velib_stations/20250228/202502282034.json: [Errno 21] Failed to open local file '/mnt/data/formatted/velib_api/velib_stations/20250228/202502282034.snappy.parquet'. Detail: [errno 21] Is a directory
[2025-03-02T19:30:07.193+0000] {logging_mixin.py:149} INFO - Error processing file /mnt/data/raw/velib_api/velib_stations/20250228/202502282022.json: [Errno 21] Failed to open local file '/mnt/data/formatted/velib_api/velib_stations/20250228/202502282022.snappy.parquet'. Detail: [errno 21] Is a directory
[2025-03-02T19:30:07.203+0000] {logging_mixin.py:149} INFO - Error processing file /mnt/data/raw/velib_api/velib_stations/20250228/202502281819.json: [Errno 21] Failed to open local file '/mnt/data/formatted/velib_api/velib_stations/20250228/202502281819.snappy.parquet'. Detail: [errno 21] Is a directory
[2025-03-02T19:30:07.211+0000] {logging_mixin.py:149} INFO - Error processing file /mnt/data/raw/velib_api/velib_stations/20250228/202502282018.json: [Errno 21] Failed to open local file '/mnt/data/formatted/velib_api/velib_stations/20250228/202502282018.snappy.parquet'. Detail: [errno 21] Is a directory
[2025-03-02T19:30:07.224+0000] {logging_mixin.py:149} INFO - Error processing file /mnt/data/raw/velib_api/velib_stations/20250228/202502282346.json: [Errno 21] Failed to open local file '/mnt/data/formatted/velib_api/velib_stations/20250228/202502282346.snappy.parquet'. Detail: [errno 21] Is a directory
[2025-03-02T19:30:07.239+0000] {logging_mixin.py:149} INFO - Error processing file /mnt/data/raw/velib_api/velib_stations/20250228/202502282038.json: [Errno 21] Failed to open local file '/mnt/data/formatted/velib_api/velib_stations/20250228/202502282038.snappy.parquet'. Detail: [errno 21] Is a directory
[2025-03-02T19:30:07.251+0000] {logging_mixin.py:149} INFO - Error processing file /mnt/data/raw/velib_api/velib_stations/20250228/202502282254.json: [Errno 21] Failed to open local file '/mnt/data/formatted/velib_api/velib_stations/20250228/202502282254.snappy.parquet'. Detail: [errno 21] Is a directory
[2025-03-02T19:30:07.262+0000] {logging_mixin.py:149} INFO - Error processing file /mnt/data/raw/velib_api/velib_stations/20250228/202502282002.json: [Errno 21] Failed to open local file '/mnt/data/formatted/velib_api/velib_stations/20250228/202502282002.snappy.parquet'. Detail: [errno 21] Is a directory
[2025-03-02T19:30:07.274+0000] {logging_mixin.py:149} INFO - Error processing file /mnt/data/raw/velib_api/velib_stations/20250228/202502282110.json: [Errno 21] Failed to open local file '/mnt/data/formatted/velib_api/velib_stations/20250228/202502282110.snappy.parquet'. Detail: [errno 21] Is a directory
[2025-03-02T19:30:07.282+0000] {logging_mixin.py:149} INFO - Error processing file /mnt/data/raw/velib_api/velib_stations/20250228/202502281803.json: [Errno 21] Failed to open local file '/mnt/data/formatted/velib_api/velib_stations/20250228/202502281803.snappy.parquet'. Detail: [errno 21] Is a directory
[2025-03-02T19:30:07.293+0000] {logging_mixin.py:149} INFO - Error processing file /mnt/data/raw/velib_api/velib_stations/20250228/202502281946.json: [Errno 21] Failed to open local file '/mnt/data/formatted/velib_api/velib_stations/20250228/202502281946.snappy.parquet'. Detail: [errno 21] Is a directory
[2025-03-02T19:30:07.307+0000] {logging_mixin.py:149} INFO - Error processing file /mnt/data/raw/velib_api/velib_stations/20250228/202502282106.json: [Errno 21] Failed to open local file '/mnt/data/formatted/velib_api/velib_stations/20250228/202502282106.snappy.parquet'. Detail: [errno 21] Is a directory
[2025-03-02T19:30:07.320+0000] {logging_mixin.py:149} INFO - Error processing file /mnt/data/raw/velib_api/velib_stations/20250228/202502281950.json: [Errno 21] Failed to open local file '/mnt/data/formatted/velib_api/velib_stations/20250228/202502281950.snappy.parquet'. Detail: [errno 21] Is a directory
[2025-03-02T19:30:07.330+0000] {logging_mixin.py:149} INFO - Error processing file /mnt/data/raw/velib_api/velib_stations/20250228/202502282014.json: [Errno 21] Failed to open local file '/mnt/data/formatted/velib_api/velib_stations/20250228/202502282014.snappy.parquet'. Detail: [errno 21] Is a directory
[2025-03-02T19:30:07.340+0000] {logging_mixin.py:149} INFO - Error processing file /mnt/data/raw/velib_api/velib_stations/20250228/202502281843.json: [Errno 21] Failed to open local file '/mnt/data/formatted/velib_api/velib_stations/20250228/202502281843.snappy.parquet'. Detail: [errno 21] Is a directory
[2025-03-02T19:30:07.349+0000] {logging_mixin.py:149} INFO - Error processing file /mnt/data/raw/velib_api/velib_stations/20250228/202502282042.json: [Errno 21] Failed to open local file '/mnt/data/formatted/velib_api/velib_stations/20250228/202502282042.snappy.parquet'. Detail: [errno 21] Is a directory
[2025-03-02T19:30:07.358+0000] {logging_mixin.py:149} INFO - Error processing file /mnt/data/raw/velib_api/velib_stations/20250228/202502282054.json: [Errno 21] Failed to open local file '/mnt/data/formatted/velib_api/velib_stations/20250228/202502282054.snappy.parquet'. Detail: [errno 21] Is a directory
[2025-03-02T19:30:07.367+0000] {logging_mixin.py:149} INFO - Error processing file /mnt/data/raw/velib_api/velib_stations/20250228/202502281438.json: [Errno 21] Failed to open local file '/mnt/data/formatted/velib_api/velib_stations/20250228/202502281438.snappy.parquet'. Detail: [errno 21] Is a directory
[2025-03-02T19:30:07.376+0000] {logging_mixin.py:149} INFO - Error processing file /mnt/data/raw/velib_api/velib_stations/20250228/202502282214.json: [Errno 21] Failed to open local file '/mnt/data/formatted/velib_api/velib_stations/20250228/202502282214.snappy.parquet'. Detail: [errno 21] Is a directory
[2025-03-02T19:30:07.385+0000] {logging_mixin.py:149} INFO - Error processing file /mnt/data/raw/velib_api/velib_stations/20250228/202502282306.json: [Errno 21] Failed to open local file '/mnt/data/formatted/velib_api/velib_stations/20250228/202502282306.snappy.parquet'. Detail: [errno 21] Is a directory
[2025-03-02T19:30:07.394+0000] {logging_mixin.py:149} INFO - Error processing file /mnt/data/raw/velib_api/velib_stations/20250228/202502282310.json: [Errno 21] Failed to open local file '/mnt/data/formatted/velib_api/velib_stations/20250228/202502282310.snappy.parquet'. Detail: [errno 21] Is a directory
[2025-03-02T19:30:07.403+0000] {logging_mixin.py:149} INFO - Error processing file /mnt/data/raw/velib_api/velib_stations/20250228/202502281300.json: [Errno 21] Failed to open local file '/mnt/data/formatted/velib_api/velib_stations/20250228/202502281300.snappy.parquet'. Detail: [errno 21] Is a directory
[2025-03-02T19:30:07.412+0000] {logging_mixin.py:149} INFO - Error processing file /mnt/data/raw/velib_api/velib_stations/20250228/202502282202.json: [Errno 21] Failed to open local file '/mnt/data/formatted/velib_api/velib_stations/20250228/202502282202.snappy.parquet'. Detail: [errno 21] Is a directory
[2025-03-02T19:30:07.420+0000] {logging_mixin.py:149} INFO - Error processing file /mnt/data/raw/velib_api/velib_stations/20250228/202502281838.json: [Errno 21] Failed to open local file '/mnt/data/formatted/velib_api/velib_stations/20250228/202502281838.snappy.parquet'. Detail: [errno 21] Is a directory
[2025-03-02T19:30:07.429+0000] {logging_mixin.py:149} INFO - Error processing file /mnt/data/raw/velib_api/velib_stations/20250228/202502282330.json: [Errno 21] Failed to open local file '/mnt/data/formatted/velib_api/velib_stations/20250228/202502282330.snappy.parquet'. Detail: [errno 21] Is a directory
[2025-03-02T19:30:07.438+0000] {logging_mixin.py:149} INFO - Error processing file /mnt/data/raw/velib_api/velib_stations/20250228/202502281232.json: [Errno 21] Failed to open local file '/mnt/data/formatted/velib_api/velib_stations/20250228/202502281232.snappy.parquet'. Detail: [errno 21] Is a directory
[2025-03-02T19:30:07.448+0000] {logging_mixin.py:149} INFO - Error processing file /mnt/data/raw/velib_api/velib_stations/20250228/202502282222.json: [Errno 21] Failed to open local file '/mnt/data/formatted/velib_api/velib_stations/20250228/202502282222.snappy.parquet'. Detail: [errno 21] Is a directory
[2025-03-02T19:30:07.457+0000] {logging_mixin.py:149} INFO - Error processing file /mnt/data/raw/velib_api/velib_stations/20250228/202502282058.json: [Errno 21] Failed to open local file '/mnt/data/formatted/velib_api/velib_stations/20250228/202502282058.snappy.parquet'. Detail: [errno 21] Is a directory
[2025-03-02T19:30:07.467+0000] {logging_mixin.py:149} INFO - Error processing file /mnt/data/raw/velib_api/velib_stations/20250228/202502282234.json: [Errno 21] Failed to open local file '/mnt/data/formatted/velib_api/velib_stations/20250228/202502282234.snappy.parquet'. Detail: [errno 21] Is a directory
[2025-03-02T19:30:07.577+0000] {logging_mixin.py:149} INFO - Error processing file /mnt/data/raw/velib_api/velib_stations/20250228/202502282218.json: [Errno 21] Failed to open local file '/mnt/data/formatted/velib_api/velib_stations/20250228/202502282218.snappy.parquet'. Detail: [errno 21] Is a directory
[2025-03-02T19:30:07.589+0000] {logging_mixin.py:149} INFO - Error processing file /mnt/data/raw/velib_api/velib_stations/20250228/202502281930.json: [Errno 21] Failed to open local file '/mnt/data/formatted/velib_api/velib_stations/20250228/202502281930.snappy.parquet'. Detail: [errno 21] Is a directory
[2025-03-02T19:30:07.601+0000] {logging_mixin.py:149} INFO - Error processing file /mnt/data/raw/velib_api/velib_stations/20250228/202502281926.json: [Errno 21] Failed to open local file '/mnt/data/formatted/velib_api/velib_stations/20250228/202502281926.snappy.parquet'. Detail: [errno 21] Is a directory
[2025-03-02T19:30:07.612+0000] {logging_mixin.py:149} INFO - Error processing file /mnt/data/raw/velib_api/velib_stations/20250228/202502282340.json: [Errno 21] Failed to open local file '/mnt/data/formatted/velib_api/velib_stations/20250228/202502282340.snappy.parquet'. Detail: [errno 21] Is a directory
[2025-03-02T19:30:07.623+0000] {logging_mixin.py:149} INFO - Error processing file /mnt/data/raw/velib_api/velib_stations/20250228/202502282252.json: [Errno 21] Failed to open local file '/mnt/data/formatted/velib_api/velib_stations/20250228/202502282252.snappy.parquet'. Detail: [errno 21] Is a directory
[2025-03-02T19:30:07.632+0000] {logging_mixin.py:149} INFO - Error processing file /mnt/data/raw/velib_api/velib_stations/20250228/202502282028.json: [Errno 21] Failed to open local file '/mnt/data/formatted/velib_api/velib_stations/20250228/202502282028.snappy.parquet'. Detail: [errno 21] Is a directory
[2025-03-02T19:30:07.645+0000] {logging_mixin.py:149} INFO - Error processing file /mnt/data/raw/velib_api/velib_stations/20250228/202502281741.json: [Errno 21] Failed to open local file '/mnt/data/formatted/velib_api/velib_stations/20250228/202502281741.snappy.parquet'. Detail: [errno 21] Is a directory
[2025-03-02T19:30:07.655+0000] {logging_mixin.py:149} INFO - Error processing file /mnt/data/raw/velib_api/velib_stations/20250228/202502281346.json: [Errno 21] Failed to open local file '/mnt/data/formatted/velib_api/velib_stations/20250228/202502281346.snappy.parquet'. Detail: [errno 21] Is a directory
[2025-03-02T19:30:07.670+0000] {logging_mixin.py:149} INFO - Error processing file /mnt/data/raw/velib_api/velib_stations/20250228/202502282004.json: [Errno 21] Failed to open local file '/mnt/data/formatted/velib_api/velib_stations/20250228/202502282004.snappy.parquet'. Detail: [errno 21] Is a directory
[2025-03-02T19:30:07.683+0000] {logging_mixin.py:149} INFO - Error processing file /mnt/data/raw/velib_api/velib_stations/20250228/202502282116.json: [Errno 21] Failed to open local file '/mnt/data/formatted/velib_api/velib_stations/20250228/202502282116.snappy.parquet'. Detail: [errno 21] Is a directory
[2025-03-02T19:30:07.694+0000] {logging_mixin.py:149} INFO - Error processing file /mnt/data/raw/velib_api/velib_stations/20250228/202502281413.json: [Errno 21] Failed to open local file '/mnt/data/formatted/velib_api/velib_stations/20250228/202502281413.snappy.parquet'. Detail: [errno 21] Is a directory
[2025-03-02T19:30:07.706+0000] {logging_mixin.py:149} INFO - Error processing file /mnt/data/raw/velib_api/velib_stations/20250228/202502281940.json: [Errno 21] Failed to open local file '/mnt/data/formatted/velib_api/velib_stations/20250228/202502281940.snappy.parquet'. Detail: [errno 21] Is a directory
[2025-03-02T19:30:07.716+0000] {logging_mixin.py:149} INFO - Error processing file /mnt/data/raw/velib_api/velib_stations/20250228/202502282100.json: [Errno 21] Failed to open local file '/mnt/data/formatted/velib_api/velib_stations/20250228/202502282100.snappy.parquet'. Detail: [errno 21] Is a directory
[2025-03-02T19:30:07.726+0000] {logging_mixin.py:149} INFO - Error processing file /mnt/data/raw/velib_api/velib_stations/20250228/202502281956.json: [Errno 21] Failed to open local file '/mnt/data/formatted/velib_api/velib_stations/20250228/202502281956.snappy.parquet'. Detail: [errno 21] Is a directory
[2025-03-02T19:30:07.735+0000] {logging_mixin.py:149} INFO - Error processing file /mnt/data/raw/velib_api/velib_stations/20250228/202502282157.json: [Errno 21] Failed to open local file '/mnt/data/formatted/velib_api/velib_stations/20250228/202502282157.snappy.parquet'. Detail: [errno 21] Is a directory
[2025-03-02T19:30:07.746+0000] {logging_mixin.py:149} INFO - Error processing file /mnt/data/raw/velib_api/velib_stations/20250228/202502282012.json: [Errno 21] Failed to open local file '/mnt/data/formatted/velib_api/velib_stations/20250228/202502282012.snappy.parquet'. Detail: [errno 21] Is a directory
[2025-03-02T19:30:07.755+0000] {logging_mixin.py:149} INFO - Error processing file /mnt/data/raw/velib_api/velib_stations/20250228/202502282032.json: [Errno 21] Failed to open local file '/mnt/data/formatted/velib_api/velib_stations/20250228/202502282032.snappy.parquet'. Detail: [errno 21] Is a directory
[2025-03-02T19:30:07.765+0000] {logging_mixin.py:149} INFO - Error processing file /mnt/data/raw/velib_api/velib_stations/20250228/202502282024.json: [Errno 21] Failed to open local file '/mnt/data/formatted/velib_api/velib_stations/20250228/202502282024.snappy.parquet'. Detail: [errno 21] Is a directory
[2025-03-02T19:30:07.775+0000] {logging_mixin.py:149} INFO - Error processing file /mnt/data/raw/velib_api/velib_stations/20250228/202502281825.json: [Errno 21] Failed to open local file '/mnt/data/formatted/velib_api/velib_stations/20250228/202502281825.snappy.parquet'. Detail: [errno 21] Is a directory
[2025-03-02T19:30:07.787+0000] {logging_mixin.py:149} INFO - Error processing file /mnt/data/raw/velib_api/velib_stations/20250228/202502282008.json: [Errno 21] Failed to open local file '/mnt/data/formatted/velib_api/velib_stations/20250228/202502282008.snappy.parquet'. Detail: [errno 21] Is a directory
[2025-03-02T19:30:07.796+0000] {logging_mixin.py:149} INFO - Error processing file /mnt/data/raw/velib_api/velib_stations/20250228/202502282336.json: [Errno 21] Failed to open local file '/mnt/data/formatted/velib_api/velib_stations/20250228/202502282336.snappy.parquet'. Detail: [errno 21] Is a directory
[2025-03-02T19:30:07.805+0000] {logging_mixin.py:149} INFO - Error processing file /mnt/data/raw/velib_api/velib_stations/20250228/202502282048.json: [Errno 21] Failed to open local file '/mnt/data/formatted/velib_api/velib_stations/20250228/202502282048.snappy.parquet'. Detail: [errno 21] Is a directory
[2025-03-02T19:30:07.815+0000] {logging_mixin.py:149} INFO - Error processing file /mnt/data/raw/velib_api/velib_stations/20250228/202502281234.json: [Errno 21] Failed to open local file '/mnt/data/formatted/velib_api/velib_stations/20250228/202502281234.snappy.parquet'. Detail: [errno 21] Is a directory
[2025-03-02T19:30:07.823+0000] {logging_mixin.py:149} INFO - Error processing file /mnt/data/raw/velib_api/velib_stations/20250228/202502282224.json: [Errno 21] Failed to open local file '/mnt/data/formatted/velib_api/velib_stations/20250228/202502282224.snappy.parquet'. Detail: [errno 21] Is a directory
[2025-03-02T19:30:07.831+0000] {logging_mixin.py:149} INFO - Error processing file /mnt/data/raw/velib_api/velib_stations/20250228/202502282232.json: [Errno 21] Failed to open local file '/mnt/data/formatted/velib_api/velib_stations/20250228/202502282232.snappy.parquet'. Detail: [errno 21] Is a directory
[2025-03-02T19:30:07.845+0000] {logging_mixin.py:149} INFO - Error processing file /mnt/data/raw/velib_api/velib_stations/20250228/202502282320.json: [Errno 21] Failed to open local file '/mnt/data/formatted/velib_api/velib_stations/20250228/202502282320.snappy.parquet'. Detail: [errno 21] Is a directory
[2025-03-02T19:30:07.855+0000] {logging_mixin.py:149} INFO - Error processing file /mnt/data/raw/velib_api/velib_stations/20250228/202502281936.json: [Errno 21] Failed to open local file '/mnt/data/formatted/velib_api/velib_stations/20250228/202502281936.snappy.parquet'. Detail: [errno 21] Is a directory
[2025-03-02T19:30:07.864+0000] {logging_mixin.py:149} INFO - Error processing file /mnt/data/raw/velib_api/velib_stations/20250228/202502281920.json: [Errno 21] Failed to open local file '/mnt/data/formatted/velib_api/velib_stations/20250228/202502281920.snappy.parquet'. Detail: [errno 21] Is a directory
[2025-03-02T19:30:07.873+0000] {logging_mixin.py:149} INFO - Error processing file /mnt/data/raw/velib_api/velib_stations/20250228/202502282208.json: [Errno 21] Failed to open local file '/mnt/data/formatted/velib_api/velib_stations/20250228/202502282208.snappy.parquet'. Detail: [errno 21] Is a directory
[2025-03-02T19:30:07.884+0000] {logging_mixin.py:149} INFO - Error processing file /mnt/data/raw/velib_api/velib_stations/20250228/202502282228.json: [Errno 21] Failed to open local file '/mnt/data/formatted/velib_api/velib_stations/20250228/202502282228.snappy.parquet'. Detail: [errno 21] Is a directory
[2025-03-02T19:30:07.899+0000] {logging_mixin.py:149} INFO - Error processing file /mnt/data/raw/velib_api/velib_stations/20250228/202502281238.json: [Errno 21] Failed to open local file '/mnt/data/formatted/velib_api/velib_stations/20250228/202502281238.snappy.parquet'. Detail: [errno 21] Is a directory
[2025-03-02T19:30:07.910+0000] {logging_mixin.py:149} INFO - Error processing file /mnt/data/raw/velib_api/velib_stations/20250228/202502282044.json: [Errno 21] Failed to open local file '/mnt/data/formatted/velib_api/velib_stations/20250228/202502282044.snappy.parquet'. Detail: [errno 21] Is a directory
[2025-03-02T19:30:07.922+0000] {logging_mixin.py:149} INFO - Error processing file /mnt/data/raw/velib_api/velib_stations/20250228/202502282052.json: [Errno 21] Failed to open local file '/mnt/data/formatted/velib_api/velib_stations/20250228/202502282052.snappy.parquet'. Detail: [errno 21] Is a directory
[2025-03-02T19:30:07.931+0000] {logging_mixin.py:149} INFO - Error processing file /mnt/data/raw/velib_api/velib_stations/20250228/202502281916.json: [Errno 21] Failed to open local file '/mnt/data/formatted/velib_api/velib_stations/20250228/202502281916.snappy.parquet'. Detail: [errno 21] Is a directory
[2025-03-02T19:30:07.942+0000] {logging_mixin.py:149} INFO - Error processing file /mnt/data/raw/velib_api/velib_stations/20250228/202502282212.json: [Errno 21] Failed to open local file '/mnt/data/formatted/velib_api/velib_stations/20250228/202502282212.snappy.parquet'. Detail: [errno 21] Is a directory
[2025-03-02T19:30:07.953+0000] {logging_mixin.py:149} INFO - Error processing file /mnt/data/raw/velib_api/velib_stations/20250228/202502281828.json: [Errno 21] Failed to open local file '/mnt/data/formatted/velib_api/velib_stations/20250228/202502281828.snappy.parquet'. Detail: [errno 21] Is a directory
[2025-03-02T19:30:07.964+0000] {logging_mixin.py:149} INFO - Error processing file /mnt/data/raw/velib_api/velib_stations/20250228/202502282300.json: [Errno 21] Failed to open local file '/mnt/data/formatted/velib_api/velib_stations/20250228/202502282300.snappy.parquet'. Detail: [errno 21] Is a directory
[2025-03-02T19:30:07.972+0000] {logging_mixin.py:149} INFO - Error processing file /mnt/data/raw/velib_api/velib_stations/20250228/202502282316.json: [Errno 21] Failed to open local file '/mnt/data/formatted/velib_api/velib_stations/20250228/202502282316.snappy.parquet'. Detail: [errno 21] Is a directory
[2025-03-02T19:30:07.981+0000] {logging_mixin.py:149} INFO - Error processing file /mnt/data/raw/velib_api/velib_stations/20250228/202502281306.json: [Errno 21] Failed to open local file '/mnt/data/formatted/velib_api/velib_stations/20250228/202502281306.snappy.parquet'. Detail: [errno 21] Is a directory
[2025-03-02T19:30:07.991+0000] {logging_mixin.py:149} INFO - Error processing file /mnt/data/raw/velib_api/velib_stations/20250228/202502282204.json: [Errno 21] Failed to open local file '/mnt/data/formatted/velib_api/velib_stations/20250228/202502282204.snappy.parquet'. Detail: [errno 21] Is a directory
[2025-03-02T19:30:08.001+0000] {logging_mixin.py:149} INFO - Error processing file /mnt/data/raw/velib_api/velib_stations/20250227/202502272248.json: [Errno 21] Failed to open local file '/mnt/data/formatted/velib_api/velib_stations/20250227/202502272248.snappy.parquet'. Detail: [errno 21] Is a directory
[2025-03-02T19:30:08.013+0000] {logging_mixin.py:149} INFO - Error processing file /mnt/data/raw/velib_api/velib_stations/20250227/202502272253.json: [Errno 21] Failed to open local file '/mnt/data/formatted/velib_api/velib_stations/20250227/202502272253.snappy.parquet'. Detail: [errno 21] Is a directory
[2025-03-02T19:30:08.024+0000] {logging_mixin.py:149} INFO - Error processing file /mnt/data/raw/velib_api/velib_stations/20250227/202502272245.json: [Errno 21] Failed to open local file '/mnt/data/formatted/velib_api/velib_stations/20250227/202502272245.snappy.parquet'. Detail: [errno 21] Is a directory
[2025-03-02T19:30:08.032+0000] {logging_mixin.py:149} INFO - Error processing file /mnt/data/raw/velib_api/velib_stations/20250227/202502272300.json: [Errno 21] Failed to open local file '/mnt/data/formatted/velib_api/velib_stations/20250227/202502272300.snappy.parquet'. Detail: [errno 21] Is a directory
[2025-03-02T19:30:08.045+0000] {logging_mixin.py:149} INFO - Error processing file /mnt/data/raw/velib_api/velib_stations/20250227/202502272242.json: [Errno 21] Failed to open local file '/mnt/data/formatted/velib_api/velib_stations/20250227/202502272242.snappy.parquet'. Detail: [errno 21] Is a directory
[2025-03-02T19:30:08.054+0000] {logging_mixin.py:149} INFO - Error processing file /mnt/data/raw/velib_api/velib_stations/20250227/202502272306.json: [Errno 21] Failed to open local file '/mnt/data/formatted/velib_api/velib_stations/20250227/202502272306.snappy.parquet'. Detail: [errno 21] Is a directory
[2025-03-02T19:30:08.068+0000] {logging_mixin.py:149} INFO - Error processing file /mnt/data/raw/velib_api/velib_stations/20250227/202502272234.json: [Errno 21] Failed to open local file '/mnt/data/formatted/velib_api/velib_stations/20250227/202502272234.snappy.parquet'. Detail: [errno 21] Is a directory
[2025-03-02T19:30:08.077+0000] {logging_mixin.py:149} INFO - Error processing file /mnt/data/raw/velib_api/velib_stations/20250227/202502272259.json: [Errno 21] Failed to open local file '/mnt/data/formatted/velib_api/velib_stations/20250227/202502272259.snappy.parquet'. Detail: [errno 21] Is a directory
[2025-03-02T19:30:08.085+0000] {logging_mixin.py:149} INFO - Error processing file /mnt/data/raw/velib_api/velib_stations/20250227/202502272304.json: [Errno 21] Failed to open local file '/mnt/data/formatted/velib_api/velib_stations/20250227/202502272304.snappy.parquet'. Detail: [errno 21] Is a directory
[2025-03-02T19:30:08.096+0000] {logging_mixin.py:149} INFO - Error processing file /mnt/data/raw/velib_api/velib_stations/20250227/202502272312.json: [Errno 21] Failed to open local file '/mnt/data/formatted/velib_api/velib_stations/20250227/202502272312.snappy.parquet'. Detail: [errno 21] Is a directory
[2025-03-02T19:30:08.110+0000] {logging_mixin.py:149} INFO - Error processing file /mnt/data/raw/velib_api/velib_stations/20250227/202502272334.json: [Errno 21] Failed to open local file '/mnt/data/formatted/velib_api/velib_stations/20250227/202502272334.snappy.parquet'. Detail: [errno 21] Is a directory
[2025-03-02T19:30:08.188+0000] {logging_mixin.py:149} INFO - Error processing file /mnt/data/raw/velib_api/velib_stations/20250227/202502272302.json: [Errno 21] Failed to open local file '/mnt/data/formatted/velib_api/velib_stations/20250227/202502272302.snappy.parquet'. Detail: [errno 21] Is a directory
[2025-03-02T19:30:08.581+0000] {python.py:183} INFO - Done. Returned value was: None
[2025-03-02T19:30:08.588+0000] {taskinstance.py:1373} INFO - Marking task as SUCCESS. dag_id=api_to_db_dag, task_id=process_raw_velib_station, execution_date=20250302T191500, start_date=20250302T193005, end_date=20250302T193008
[2025-03-02T19:30:08.605+0000] {local_task_job_runner.py:232} INFO - Task exited with return code 0
[2025-03-02T19:30:08.636+0000] {taskinstance.py:2674} INFO - 1 downstream tasks scheduled from follow-on schedule check
