[2025-02-27T14:17:30.393+0000] {taskinstance.py:1125} INFO - Dependencies all met for dep_context=non-requeueable deps ti=<TaskInstance: api_to_db_dag.spark_join_task manual__2025-02-27T14:17:25.845084+00:00 [queued]>
[2025-02-27T14:17:30.398+0000] {taskinstance.py:1125} INFO - Dependencies all met for dep_context=requeueable deps ti=<TaskInstance: api_to_db_dag.spark_join_task manual__2025-02-27T14:17:25.845084+00:00 [queued]>
[2025-02-27T14:17:30.398+0000] {taskinstance.py:1331} INFO - Starting attempt 1 of 1
[2025-02-27T14:17:30.406+0000] {taskinstance.py:1350} INFO - Executing <Task(SparkSubmitOperator): spark_join_task> on 2025-02-27 14:17:25.845084+00:00
[2025-02-27T14:17:30.409+0000] {standard_task_runner.py:57} INFO - Started process 210 to run task
[2025-02-27T14:17:30.411+0000] {standard_task_runner.py:84} INFO - Running: ['***', 'tasks', 'run', 'api_to_db_dag', 'spark_join_task', 'manual__2025-02-27T14:17:25.845084+00:00', '--job-id', '10', '--raw', '--subdir', 'DAGS_FOLDER/dag.py', '--cfg-path', '/tmp/tmpxnj2nhwp']
[2025-02-27T14:17:30.412+0000] {standard_task_runner.py:85} INFO - Job 10: Subtask spark_join_task
[2025-02-27T14:17:30.443+0000] {task_command.py:410} INFO - Running <TaskInstance: api_to_db_dag.spark_join_task manual__2025-02-27T14:17:25.845084+00:00 [running]> on host c6d37e3f50d8
[2025-02-27T14:17:30.487+0000] {taskinstance.py:1570} INFO - Exporting env vars: AIRFLOW_CTX_DAG_OWNER='***' AIRFLOW_CTX_DAG_ID='api_to_db_dag' AIRFLOW_CTX_TASK_ID='spark_join_task' AIRFLOW_CTX_EXECUTION_DATE='2025-02-27T14:17:25.845084+00:00' AIRFLOW_CTX_TRY_NUMBER='1' AIRFLOW_CTX_DAG_RUN_ID='manual__2025-02-27T14:17:25.845084+00:00'
[2025-02-27T14:17:30.492+0000] {base.py:73} INFO - Using connection ID 'spark_default' for task execution.
[2025-02-27T14:17:30.493+0000] {spark_submit.py:339} INFO - Spark-Submit cmd: spark-submit --master spark-master:7077 --conf spark.master=spark://spark-master:7077 --name spark_join --verbose /opt/***/dags/spark_join.py
[2025-02-27T14:17:31.663+0000] {spark_submit.py:490} INFO - Using properties file: null
[2025-02-27T14:17:31.736+0000] {spark_submit.py:490} INFO - Parsed arguments:
[2025-02-27T14:17:31.737+0000] {spark_submit.py:490} INFO - master                  spark-master:7077
[2025-02-27T14:17:31.738+0000] {spark_submit.py:490} INFO - remote                  null
[2025-02-27T14:17:31.738+0000] {spark_submit.py:490} INFO - deployMode              null
[2025-02-27T14:17:31.738+0000] {spark_submit.py:490} INFO - executorMemory          null
[2025-02-27T14:17:31.738+0000] {spark_submit.py:490} INFO - executorCores           null
[2025-02-27T14:17:31.739+0000] {spark_submit.py:490} INFO - totalExecutorCores      null
[2025-02-27T14:17:31.739+0000] {spark_submit.py:490} INFO - propertiesFile          null
[2025-02-27T14:17:31.739+0000] {spark_submit.py:490} INFO - driverMemory            null
[2025-02-27T14:17:31.739+0000] {spark_submit.py:490} INFO - driverCores             null
[2025-02-27T14:17:31.739+0000] {spark_submit.py:490} INFO - driverExtraClassPath    null
[2025-02-27T14:17:31.740+0000] {spark_submit.py:490} INFO - driverExtraLibraryPath  null
[2025-02-27T14:17:31.740+0000] {spark_submit.py:490} INFO - driverExtraJavaOptions  null
[2025-02-27T14:17:31.740+0000] {spark_submit.py:490} INFO - supervise               false
[2025-02-27T14:17:31.740+0000] {spark_submit.py:490} INFO - queue                   null
[2025-02-27T14:17:31.740+0000] {spark_submit.py:490} INFO - numExecutors            null
[2025-02-27T14:17:31.741+0000] {spark_submit.py:490} INFO - files                   null
[2025-02-27T14:17:31.741+0000] {spark_submit.py:490} INFO - pyFiles                 null
[2025-02-27T14:17:31.741+0000] {spark_submit.py:490} INFO - archives                null
[2025-02-27T14:17:31.741+0000] {spark_submit.py:490} INFO - mainClass               null
[2025-02-27T14:17:31.741+0000] {spark_submit.py:490} INFO - primaryResource         file:/opt/***/dags/spark_join.py
[2025-02-27T14:17:31.741+0000] {spark_submit.py:490} INFO - name                    spark_join
[2025-02-27T14:17:31.741+0000] {spark_submit.py:490} INFO - childArgs               []
[2025-02-27T14:17:31.742+0000] {spark_submit.py:490} INFO - jars                    null
[2025-02-27T14:17:31.742+0000] {spark_submit.py:490} INFO - packages                null
[2025-02-27T14:17:31.742+0000] {spark_submit.py:490} INFO - packagesExclusions      null
[2025-02-27T14:17:31.742+0000] {spark_submit.py:490} INFO - repositories            null
[2025-02-27T14:17:31.742+0000] {spark_submit.py:490} INFO - verbose                 true
[2025-02-27T14:17:31.742+0000] {spark_submit.py:490} INFO - 
[2025-02-27T14:17:31.742+0000] {spark_submit.py:490} INFO - Spark properties used, including those specified through
[2025-02-27T14:17:31.743+0000] {spark_submit.py:490} INFO - --conf and those from the properties file null:
[2025-02-27T14:17:31.743+0000] {spark_submit.py:490} INFO - (spark.master,spark://spark-master:7077)
[2025-02-27T14:17:31.743+0000] {spark_submit.py:490} INFO - 
[2025-02-27T14:17:31.743+0000] {spark_submit.py:490} INFO - 
[2025-02-27T14:17:31.996+0000] {spark_submit.py:490} INFO - Main class:
[2025-02-27T14:17:31.998+0000] {spark_submit.py:490} INFO - org.apache.spark.deploy.PythonRunner
[2025-02-27T14:17:31.998+0000] {spark_submit.py:490} INFO - Arguments:
[2025-02-27T14:17:31.999+0000] {spark_submit.py:490} INFO - file:/opt/***/dags/spark_join.py
[2025-02-27T14:17:31.999+0000] {spark_submit.py:490} INFO - null
[2025-02-27T14:17:32.000+0000] {spark_submit.py:490} INFO - Spark config:
[2025-02-27T14:17:32.001+0000] {spark_submit.py:490} INFO - (spark.app.name,spark_join)
[2025-02-27T14:17:32.002+0000] {spark_submit.py:490} INFO - (spark.app.submitTime,1740665851979)
[2025-02-27T14:17:32.005+0000] {spark_submit.py:490} INFO - (spark.master,spark-master:7077)
[2025-02-27T14:17:32.006+0000] {spark_submit.py:490} INFO - (spark.submit.deployMode,client)
[2025-02-27T14:17:32.006+0000] {spark_submit.py:490} INFO - (spark.submit.pyFiles,)
[2025-02-27T14:17:32.007+0000] {spark_submit.py:490} INFO - Classpath elements:
[2025-02-27T14:17:32.007+0000] {spark_submit.py:490} INFO - 
[2025-02-27T14:17:32.008+0000] {spark_submit.py:490} INFO - 
[2025-02-27T14:17:32.009+0000] {spark_submit.py:490} INFO - 
[2025-02-27T14:17:32.667+0000] {spark_submit.py:490} INFO - 25/02/27 14:17:32 INFO SparkContext: Running Spark version 3.4.4
[2025-02-27T14:17:32.709+0000] {spark_submit.py:490} INFO - 25/02/27 14:17:32 WARN NativeCodeLoader: Unable to load native-hadoop library for your platform... using builtin-java classes where applicable
[2025-02-27T14:17:32.760+0000] {spark_submit.py:490} INFO - 25/02/27 14:17:32 INFO ResourceUtils: ==============================================================
[2025-02-27T14:17:32.761+0000] {spark_submit.py:490} INFO - 25/02/27 14:17:32 INFO ResourceUtils: No custom resources configured for spark.driver.
[2025-02-27T14:17:32.761+0000] {spark_submit.py:490} INFO - 25/02/27 14:17:32 INFO ResourceUtils: ==============================================================
[2025-02-27T14:17:32.761+0000] {spark_submit.py:490} INFO - 25/02/27 14:17:32 INFO SparkContext: Submitted application: JoinVelibTables
[2025-02-27T14:17:32.776+0000] {spark_submit.py:490} INFO - 25/02/27 14:17:32 INFO ResourceProfile: Default ResourceProfile created, executor resources: Map(memory -> name: memory, amount: 1024, script: , vendor: , offHeap -> name: offHeap, amount: 0, script: , vendor: ), task resources: Map(cpus -> name: cpus, amount: 1.0)
[2025-02-27T14:17:32.784+0000] {spark_submit.py:490} INFO - 25/02/27 14:17:32 INFO ResourceProfile: Limiting resource is cpu
[2025-02-27T14:17:32.784+0000] {spark_submit.py:490} INFO - 25/02/27 14:17:32 INFO ResourceProfileManager: Added ResourceProfile id: 0
[2025-02-27T14:17:32.818+0000] {spark_submit.py:490} INFO - 25/02/27 14:17:32 INFO SecurityManager: Changing view acls to: ***
[2025-02-27T14:17:32.818+0000] {spark_submit.py:490} INFO - 25/02/27 14:17:32 INFO SecurityManager: Changing modify acls to: ***
[2025-02-27T14:17:32.818+0000] {spark_submit.py:490} INFO - 25/02/27 14:17:32 INFO SecurityManager: Changing view acls groups to:
[2025-02-27T14:17:32.818+0000] {spark_submit.py:490} INFO - 25/02/27 14:17:32 INFO SecurityManager: Changing modify acls groups to:
[2025-02-27T14:17:32.818+0000] {spark_submit.py:490} INFO - 25/02/27 14:17:32 INFO SecurityManager: SecurityManager: authentication disabled; ui acls disabled; users with view permissions: ***; groups with view permissions: EMPTY; users with modify permissions: ***; groups with modify permissions: EMPTY
[2025-02-27T14:17:32.956+0000] {spark_submit.py:490} INFO - 25/02/27 14:17:32 INFO Utils: Successfully started service 'sparkDriver' on port 37007.
[2025-02-27T14:17:32.974+0000] {spark_submit.py:490} INFO - 25/02/27 14:17:32 INFO SparkEnv: Registering MapOutputTracker
[2025-02-27T14:17:32.994+0000] {spark_submit.py:490} INFO - 25/02/27 14:17:32 INFO SparkEnv: Registering BlockManagerMaster
[2025-02-27T14:17:33.004+0000] {spark_submit.py:490} INFO - 25/02/27 14:17:33 INFO BlockManagerMasterEndpoint: Using org.apache.spark.storage.DefaultTopologyMapper for getting topology information
[2025-02-27T14:17:33.004+0000] {spark_submit.py:490} INFO - 25/02/27 14:17:33 INFO BlockManagerMasterEndpoint: BlockManagerMasterEndpoint up
[2025-02-27T14:17:33.006+0000] {spark_submit.py:490} INFO - 25/02/27 14:17:33 INFO SparkEnv: Registering BlockManagerMasterHeartbeat
[2025-02-27T14:17:33.022+0000] {spark_submit.py:490} INFO - 25/02/27 14:17:33 INFO DiskBlockManager: Created local directory at /tmp/blockmgr-8dd8c553-14a1-42e9-af57-7e0ce927130f
[2025-02-27T14:17:33.032+0000] {spark_submit.py:490} INFO - 25/02/27 14:17:33 INFO MemoryStore: MemoryStore started with capacity 434.4 MiB
[2025-02-27T14:17:33.041+0000] {spark_submit.py:490} INFO - 25/02/27 14:17:33 INFO SparkEnv: Registering OutputCommitCoordinator
[2025-02-27T14:17:33.123+0000] {spark_submit.py:490} INFO - 25/02/27 14:17:33 INFO JettyUtils: Start Jetty 0.0.0.0:4040 for SparkUI
[2025-02-27T14:17:33.165+0000] {spark_submit.py:490} INFO - 25/02/27 14:17:33 INFO Utils: Successfully started service 'SparkUI' on port 4040.
[2025-02-27T14:17:33.231+0000] {spark_submit.py:490} INFO - 25/02/27 14:17:33 INFO StandaloneAppClient$ClientEndpoint: Connecting to master spark://spark-master:7077...
[2025-02-27T14:17:33.262+0000] {spark_submit.py:490} INFO - 25/02/27 14:17:33 INFO TransportClientFactory: Successfully created connection to spark-master/172.18.0.3:7077 after 20 ms (0 ms spent in bootstraps)
[2025-02-27T14:17:33.347+0000] {spark_submit.py:490} INFO - 25/02/27 14:17:33 INFO StandaloneSchedulerBackend: Connected to Spark cluster with app ID app-20250227141733-0001
[2025-02-27T14:17:33.355+0000] {spark_submit.py:490} INFO - 25/02/27 14:17:33 INFO StandaloneAppClient$ClientEndpoint: Executor added: app-20250227141733-0001/0 on worker-20250227141450-172.18.0.5-36165 (172.18.0.5:36165) with 8 core(s)
[2025-02-27T14:17:33.362+0000] {spark_submit.py:490} INFO - 25/02/27 14:17:33 INFO StandaloneSchedulerBackend: Granted executor ID app-20250227141733-0001/0 on hostPort 172.18.0.5:36165 with 8 core(s), 1024.0 MiB RAM
[2025-02-27T14:17:33.364+0000] {spark_submit.py:490} INFO - 25/02/27 14:17:33 INFO Utils: Successfully started service 'org.apache.spark.network.netty.NettyBlockTransferService' on port 37319.
[2025-02-27T14:17:33.365+0000] {spark_submit.py:490} INFO - 25/02/27 14:17:33 INFO NettyBlockTransferService: Server created on c6d37e3f50d8:37319
[2025-02-27T14:17:33.367+0000] {spark_submit.py:490} INFO - 25/02/27 14:17:33 INFO BlockManager: Using org.apache.spark.storage.RandomBlockReplicationPolicy for block replication policy
[2025-02-27T14:17:33.374+0000] {spark_submit.py:490} INFO - 25/02/27 14:17:33 INFO BlockManagerMaster: Registering BlockManager BlockManagerId(driver, c6d37e3f50d8, 37319, None)
[2025-02-27T14:17:33.378+0000] {spark_submit.py:490} INFO - 25/02/27 14:17:33 INFO BlockManagerMasterEndpoint: Registering block manager c6d37e3f50d8:37319 with 434.4 MiB RAM, BlockManagerId(driver, c6d37e3f50d8, 37319, None)
[2025-02-27T14:17:33.383+0000] {spark_submit.py:490} INFO - 25/02/27 14:17:33 INFO BlockManagerMaster: Registered BlockManager BlockManagerId(driver, c6d37e3f50d8, 37319, None)
[2025-02-27T14:17:33.385+0000] {spark_submit.py:490} INFO - 25/02/27 14:17:33 INFO BlockManager: Initialized BlockManager: BlockManagerId(driver, c6d37e3f50d8, 37319, None)
[2025-02-27T14:17:33.488+0000] {spark_submit.py:490} INFO - 25/02/27 14:17:33 INFO StandaloneAppClient$ClientEndpoint: Executor updated: app-20250227141733-0001/0 is now RUNNING
[2025-02-27T14:17:33.609+0000] {spark_submit.py:490} INFO - 25/02/27 14:17:33 INFO StandaloneSchedulerBackend: SchedulerBackend is ready for scheduling beginning after reached minRegisteredResourcesRatio: 0.0
[2025-02-27T14:17:33.631+0000] {spark_submit.py:490} INFO - /home/***/.local/lib/python3.7/site-packages/pyspark/python/lib/pyspark.zip/pyspark/context.py:317: FutureWarning: Python 3.7 support is deprecated in Spark 3.4.
[2025-02-27T14:17:33.632+0000] {spark_submit.py:490} INFO - warnings.warn("Python 3.7 support is deprecated in Spark 3.4.", FutureWarning)
[2025-02-27T14:17:33.827+0000] {spark_submit.py:490} INFO - 25/02/27 14:17:33 INFO SharedState: Setting hive.metastore.warehouse.dir ('null') to the value of spark.sql.warehouse.dir.
[2025-02-27T14:17:33.832+0000] {spark_submit.py:490} INFO - 25/02/27 14:17:33 INFO SharedState: Warehouse path is 'file:/opt/***/spark-warehouse'.
[2025-02-27T14:17:34.577+0000] {spark_submit.py:490} INFO - Traceback (most recent call last):
[2025-02-27T14:17:34.577+0000] {spark_submit.py:490} INFO - File "/opt/***/dags/spark_join.py", line 30, in <module>
[2025-02-27T14:17:34.578+0000] {spark_submit.py:490} INFO - main()
[2025-02-27T14:17:34.578+0000] {spark_submit.py:490} INFO - File "/opt/***/dags/spark_join.py", line 18, in main
[2025-02-27T14:17:34.578+0000] {spark_submit.py:490} INFO - stations_df = spark.read.jdbc(url=jdbc_url, table="velib_stations", properties=connection_properties)
[2025-02-27T14:17:34.578+0000] {spark_submit.py:490} INFO - File "/home/***/.local/lib/python3.7/site-packages/pyspark/python/lib/pyspark.zip/pyspark/sql/readwriter.py", line 927, in jdbc
[2025-02-27T14:17:34.579+0000] {spark_submit.py:490} INFO - File "/home/***/.local/lib/python3.7/site-packages/pyspark/python/lib/py4j-0.10.9.7-src.zip/py4j/java_gateway.py", line 1323, in __call__
[2025-02-27T14:17:34.579+0000] {spark_submit.py:490} INFO - File "/home/***/.local/lib/python3.7/site-packages/pyspark/python/lib/pyspark.zip/pyspark/errors/exceptions/captured.py", line 169, in deco
[2025-02-27T14:17:34.579+0000] {spark_submit.py:490} INFO - File "/home/***/.local/lib/python3.7/site-packages/pyspark/python/lib/py4j-0.10.9.7-src.zip/py4j/protocol.py", line 328, in get_return_value
[2025-02-27T14:17:34.580+0000] {spark_submit.py:490} INFO - py4j.protocol.Py4JJavaError: An error occurred while calling o25.jdbc.
[2025-02-27T14:17:34.581+0000] {spark_submit.py:490} INFO - : java.lang.ClassNotFoundException: org.postgresql.Driver
[2025-02-27T14:17:34.581+0000] {spark_submit.py:490} INFO - at java.base/java.net.URLClassLoader.findClass(URLClassLoader.java:476)
[2025-02-27T14:17:34.582+0000] {spark_submit.py:490} INFO - at java.base/java.lang.ClassLoader.loadClass(ClassLoader.java:594)
[2025-02-27T14:17:34.582+0000] {spark_submit.py:490} INFO - at java.base/java.lang.ClassLoader.loadClass(ClassLoader.java:527)
[2025-02-27T14:17:34.583+0000] {spark_submit.py:490} INFO - at org.apache.spark.sql.execution.datasources.jdbc.DriverRegistry$.register(DriverRegistry.scala:46)
[2025-02-27T14:17:34.583+0000] {spark_submit.py:490} INFO - at org.apache.spark.sql.execution.datasources.jdbc.JDBCOptions.$anonfun$driverClass$1(JDBCOptions.scala:103)
[2025-02-27T14:17:34.583+0000] {spark_submit.py:490} INFO - at org.apache.spark.sql.execution.datasources.jdbc.JDBCOptions.$anonfun$driverClass$1$adapted(JDBCOptions.scala:103)
[2025-02-27T14:17:34.584+0000] {spark_submit.py:490} INFO - at scala.Option.foreach(Option.scala:407)
[2025-02-27T14:17:34.584+0000] {spark_submit.py:490} INFO - at org.apache.spark.sql.execution.datasources.jdbc.JDBCOptions.<init>(JDBCOptions.scala:103)
[2025-02-27T14:17:34.585+0000] {spark_submit.py:490} INFO - at org.apache.spark.sql.execution.datasources.jdbc.JDBCOptions.<init>(JDBCOptions.scala:41)
[2025-02-27T14:17:34.587+0000] {spark_submit.py:490} INFO - at org.apache.spark.sql.execution.datasources.jdbc.JdbcRelationProvider.createRelation(JdbcRelationProvider.scala:34)
[2025-02-27T14:17:34.587+0000] {spark_submit.py:490} INFO - at org.apache.spark.sql.execution.datasources.DataSource.resolveRelation(DataSource.scala:346)
[2025-02-27T14:17:34.588+0000] {spark_submit.py:490} INFO - at org.apache.spark.sql.DataFrameReader.loadV1Source(DataFrameReader.scala:229)
[2025-02-27T14:17:34.588+0000] {spark_submit.py:490} INFO - at org.apache.spark.sql.DataFrameReader.$anonfun$load$2(DataFrameReader.scala:211)
[2025-02-27T14:17:34.588+0000] {spark_submit.py:490} INFO - at scala.Option.getOrElse(Option.scala:189)
[2025-02-27T14:17:34.589+0000] {spark_submit.py:490} INFO - at org.apache.spark.sql.DataFrameReader.load(DataFrameReader.scala:211)
[2025-02-27T14:17:34.589+0000] {spark_submit.py:490} INFO - at org.apache.spark.sql.DataFrameReader.load(DataFrameReader.scala:172)
[2025-02-27T14:17:34.589+0000] {spark_submit.py:490} INFO - at org.apache.spark.sql.DataFrameReader.jdbc(DataFrameReader.scala:249)
[2025-02-27T14:17:34.590+0000] {spark_submit.py:490} INFO - at java.base/jdk.internal.reflect.NativeMethodAccessorImpl.invoke0(Native Method)
[2025-02-27T14:17:34.590+0000] {spark_submit.py:490} INFO - at java.base/jdk.internal.reflect.NativeMethodAccessorImpl.invoke(NativeMethodAccessorImpl.java:62)
[2025-02-27T14:17:34.590+0000] {spark_submit.py:490} INFO - at java.base/jdk.internal.reflect.DelegatingMethodAccessorImpl.invoke(DelegatingMethodAccessorImpl.java:43)
[2025-02-27T14:17:34.591+0000] {spark_submit.py:490} INFO - at java.base/java.lang.reflect.Method.invoke(Method.java:566)
[2025-02-27T14:17:34.591+0000] {spark_submit.py:490} INFO - at py4j.reflection.MethodInvoker.invoke(MethodInvoker.java:244)
[2025-02-27T14:17:34.591+0000] {spark_submit.py:490} INFO - at py4j.reflection.ReflectionEngine.invoke(ReflectionEngine.java:374)
[2025-02-27T14:17:34.592+0000] {spark_submit.py:490} INFO - at py4j.Gateway.invoke(Gateway.java:282)
[2025-02-27T14:17:34.592+0000] {spark_submit.py:490} INFO - at py4j.commands.AbstractCommand.invokeMethod(AbstractCommand.java:132)
[2025-02-27T14:17:34.592+0000] {spark_submit.py:490} INFO - at py4j.commands.CallCommand.execute(CallCommand.java:79)
[2025-02-27T14:17:34.592+0000] {spark_submit.py:490} INFO - at py4j.ClientServerConnection.waitForCommands(ClientServerConnection.java:182)
[2025-02-27T14:17:34.593+0000] {spark_submit.py:490} INFO - at py4j.ClientServerConnection.run(ClientServerConnection.java:106)
[2025-02-27T14:17:34.593+0000] {spark_submit.py:490} INFO - at java.base/java.lang.Thread.run(Thread.java:829)
[2025-02-27T14:17:34.593+0000] {spark_submit.py:490} INFO - 
[2025-02-27T14:17:34.629+0000] {spark_submit.py:490} INFO - 25/02/27 14:17:34 INFO SparkContext: Invoking stop() from shutdown hook
[2025-02-27T14:17:34.630+0000] {spark_submit.py:490} INFO - 25/02/27 14:17:34 INFO SparkContext: SparkContext is stopping with exitCode 0.
[2025-02-27T14:17:34.649+0000] {spark_submit.py:490} INFO - 25/02/27 14:17:34 INFO SparkUI: Stopped Spark web UI at http://c6d37e3f50d8:4040
[2025-02-27T14:17:34.654+0000] {spark_submit.py:490} INFO - 25/02/27 14:17:34 INFO StandaloneSchedulerBackend: Shutting down all executors
[2025-02-27T14:17:34.657+0000] {spark_submit.py:490} INFO - 25/02/27 14:17:34 INFO StandaloneSchedulerBackend$StandaloneDriverEndpoint: Asking each executor to shut down
[2025-02-27T14:17:34.671+0000] {spark_submit.py:490} INFO - 25/02/27 14:17:34 INFO MapOutputTrackerMasterEndpoint: MapOutputTrackerMasterEndpoint stopped!
[2025-02-27T14:17:34.690+0000] {spark_submit.py:490} INFO - 25/02/27 14:17:34 INFO MemoryStore: MemoryStore cleared
[2025-02-27T14:17:34.691+0000] {spark_submit.py:490} INFO - 25/02/27 14:17:34 INFO BlockManager: BlockManager stopped
[2025-02-27T14:17:34.696+0000] {spark_submit.py:490} INFO - 25/02/27 14:17:34 INFO BlockManagerMaster: BlockManagerMaster stopped
[2025-02-27T14:17:34.700+0000] {spark_submit.py:490} INFO - 25/02/27 14:17:34 INFO OutputCommitCoordinator$OutputCommitCoordinatorEndpoint: OutputCommitCoordinator stopped!
[2025-02-27T14:17:34.709+0000] {spark_submit.py:490} INFO - 25/02/27 14:17:34 INFO SparkContext: Successfully stopped SparkContext
[2025-02-27T14:17:34.709+0000] {spark_submit.py:490} INFO - 25/02/27 14:17:34 INFO ShutdownHookManager: Shutdown hook called
[2025-02-27T14:17:34.710+0000] {spark_submit.py:490} INFO - 25/02/27 14:17:34 INFO ShutdownHookManager: Deleting directory /tmp/spark-9dc87908-1eae-4e38-b6b5-aa7357c8938d
[2025-02-27T14:17:34.713+0000] {spark_submit.py:490} INFO - 25/02/27 14:17:34 INFO ShutdownHookManager: Deleting directory /tmp/spark-3575fd65-4b77-4f77-8f3a-9455194c4d45/pyspark-b2a37bbe-7e2c-43cc-aede-a72a752cafcf
[2025-02-27T14:17:34.725+0000] {spark_submit.py:490} INFO - 25/02/27 14:17:34 INFO ShutdownHookManager: Deleting directory /tmp/spark-3575fd65-4b77-4f77-8f3a-9455194c4d45
[2025-02-27T14:17:34.785+0000] {taskinstance.py:1847} ERROR - Task failed with exception
Traceback (most recent call last):
  File "/home/airflow/.local/lib/python3.7/site-packages/airflow/providers/apache/spark/operators/spark_submit.py", line 157, in execute
    self._hook.submit(self._application)
  File "/home/airflow/.local/lib/python3.7/site-packages/airflow/providers/apache/spark/hooks/spark_submit.py", line 422, in submit
    f"Cannot execute: {self._mask_cmd(spark_submit_cmd)}. Error code is: {returncode}."
airflow.exceptions.AirflowException: Cannot execute: spark-submit --master spark-master:7077 --conf spark.master=spark://spark-master:7077 --name spark_join --verbose /opt/***/dags/spark_join.py. Error code is: 1.
[2025-02-27T14:17:34.790+0000] {taskinstance.py:1373} INFO - Marking task as FAILED. dag_id=api_to_db_dag, task_id=spark_join_task, execution_date=20250227T141725, start_date=20250227T141730, end_date=20250227T141734
[2025-02-27T14:17:34.802+0000] {standard_task_runner.py:109} ERROR - Failed to execute job 10 for task spark_join_task (Cannot execute: spark-submit --master spark-master:7077 --conf spark.master=spark://spark-master:7077 --name spark_join --verbose /opt/***/dags/spark_join.py. Error code is: 1.; 210)
[2025-02-27T14:17:34.841+0000] {local_task_job_runner.py:232} INFO - Task exited with return code 1
[2025-02-27T14:17:34.861+0000] {taskinstance.py:2674} INFO - 0 downstream tasks scheduled from follow-on schedule check
