[2025-02-26T15:59:22.998+0000] {taskinstance.py:1087} INFO - Dependencies all met for <TaskInstance: api_to_db_dag.insert_velib_data manual__2025-02-26T15:59:19.971504+00:00 [queued]>
[2025-02-26T15:59:23.005+0000] {taskinstance.py:1087} INFO - Dependencies all met for <TaskInstance: api_to_db_dag.insert_velib_data manual__2025-02-26T15:59:19.971504+00:00 [queued]>
[2025-02-26T15:59:23.005+0000] {taskinstance.py:1283} INFO - 
--------------------------------------------------------------------------------
[2025-02-26T15:59:23.005+0000] {taskinstance.py:1284} INFO - Starting attempt 1 of 1
[2025-02-26T15:59:23.005+0000] {taskinstance.py:1285} INFO - 
--------------------------------------------------------------------------------
[2025-02-26T15:59:23.012+0000] {taskinstance.py:1304} INFO - Executing <Task(PostgresOperator): insert_velib_data> on 2025-02-26 15:59:19.971504+00:00
[2025-02-26T15:59:23.015+0000] {standard_task_runner.py:55} INFO - Started process 196 to run task
[2025-02-26T15:59:23.017+0000] {standard_task_runner.py:82} INFO - Running: ['***', 'tasks', 'run', 'api_to_db_dag', 'insert_velib_data', 'manual__2025-02-26T15:59:19.971504+00:00', '--job-id', '7', '--raw', '--subdir', 'DAGS_FOLDER/dag.py', '--cfg-path', '/tmp/tmpw6ksmgeh']
[2025-02-26T15:59:23.018+0000] {standard_task_runner.py:83} INFO - Job 7: Subtask insert_velib_data
[2025-02-26T15:59:23.058+0000] {task_command.py:389} INFO - Running <TaskInstance: api_to_db_dag.insert_velib_data manual__2025-02-26T15:59:19.971504+00:00 [running]> on host ecfbe5877a87
[2025-02-26T15:59:23.138+0000] {taskinstance.py:1513} INFO - Exporting the following env vars:
AIRFLOW_CTX_DAG_OWNER=***
AIRFLOW_CTX_DAG_ID=api_to_db_dag
AIRFLOW_CTX_TASK_ID=insert_velib_data
AIRFLOW_CTX_EXECUTION_DATE=2025-02-26T15:59:19.971504+00:00
AIRFLOW_CTX_TRY_NUMBER=1
AIRFLOW_CTX_DAG_RUN_ID=manual__2025-02-26T15:59:19.971504+00:00
[2025-02-26T15:59:23.138+0000] {sql.py:253} INFO - Executing: 
        INSERT INTO velib_station_status (
            station_id,
            is_installed,
            is_renting,
            is_returning,
            last_reported,
            numBikesAvailable,
            numDocksAvailable,
            num_bikes_available,
            num_ebikes_available,
            num_mechanical_bikes_available,
            num_docks_available
        ) VALUES (
            None,
            None,
            None,
            None,
            None,
            None,
            None,
            None,
            None,
            None,
            None
        );

        
[2025-02-26T15:59:23.143+0000] {base.py:73} INFO - Using connection ID 'postgres_default' for task execution.
[2025-02-26T15:59:23.232+0000] {base.py:73} INFO - Using connection ID 'postgres_default' for task execution.
[2025-02-26T15:59:23.234+0000] {sql.py:364} INFO - Running statement: 
        INSERT INTO velib_station_status (
            station_id,
            is_installed,
            is_renting,
            is_returning,
            last_reported,
            numBikesAvailable,
            numDocksAvailable,
            num_bikes_available,
            num_ebikes_available,
            num_mechanical_bikes_available,
            num_docks_available
        ) VALUES (
            None,
            None,
            None,
            None,
            None,
            None,
            None,
            None,
            None,
            None,
            None
        );

        , parameters: None
[2025-02-26T15:59:23.234+0000] {taskinstance.py:1772} ERROR - Task failed with exception
Traceback (most recent call last):
  File "/home/airflow/.local/lib/python3.7/site-packages/airflow/providers/common/sql/operators/sql.py", line 261, in execute
    return_last=self.return_last,
  File "/home/airflow/.local/lib/python3.7/site-packages/airflow/providers/common/sql/hooks/sql.py", line 338, in run
    self._run_command(cur, sql_statement, parameters)
  File "/home/airflow/.local/lib/python3.7/site-packages/airflow/providers/common/sql/hooks/sql.py", line 369, in _run_command
    cur.execute(sql_statement)
psycopg2.errors.UndefinedColumn: column "none" does not exist
LINE 15:             None,
                     ^

[2025-02-26T15:59:23.238+0000] {taskinstance.py:1327} INFO - Marking task as FAILED. dag_id=api_to_db_dag, task_id=insert_velib_data, execution_date=20250226T155919, start_date=20250226T155922, end_date=20250226T155923
[2025-02-26T15:59:23.244+0000] {standard_task_runner.py:105} ERROR - Failed to execute job 7 for task insert_velib_data (column "none" does not exist
LINE 15:             None,
                     ^
; 196)
[2025-02-26T15:59:23.279+0000] {local_task_job.py:159} INFO - Task exited with return code 1
[2025-02-26T15:59:23.289+0000] {taskinstance.py:2582} INFO - 0 downstream tasks scheduled from follow-on schedule check
