[2025-03-02T19:12:57.894+0000] {taskinstance.py:1125} INFO - Dependencies all met for dep_context=non-requeueable deps ti=<TaskInstance: api_to_db_dag.combine_analyse_data manual__2025-03-02T19:06:07.855037+00:00 [queued]>
[2025-03-02T19:12:57.908+0000] {taskinstance.py:1125} INFO - Dependencies all met for dep_context=requeueable deps ti=<TaskInstance: api_to_db_dag.combine_analyse_data manual__2025-03-02T19:06:07.855037+00:00 [queued]>
[2025-03-02T19:12:57.908+0000] {taskinstance.py:1331} INFO - Starting attempt 1 of 2
[2025-03-02T19:12:57.946+0000] {taskinstance.py:1350} INFO - Executing <Task(PythonOperator): combine_analyse_data> on 2025-03-02 19:06:07.855037+00:00
[2025-03-02T19:12:57.970+0000] {standard_task_runner.py:57} INFO - Started process 63675 to run task
[2025-03-02T19:12:57.970+0000] {clientserver.py:543} INFO - Closing down clientserver connection
[2025-03-02T19:12:57.981+0000] {standard_task_runner.py:84} INFO - Running: ['***', 'tasks', 'run', 'api_to_db_dag', 'combine_analyse_data', 'manual__2025-03-02T19:06:07.855037+00:00', '--job-id', '179', '--raw', '--subdir', 'DAGS_FOLDER/dag.py', '--cfg-path', '/tmp/tmph30anhby']
[2025-03-02T19:12:58.006+0000] {standard_task_runner.py:85} INFO - Job 179: Subtask combine_analyse_data
[2025-03-02T19:12:58.120+0000] {task_command.py:410} INFO - Running <TaskInstance: api_to_db_dag.combine_analyse_data manual__2025-03-02T19:06:07.855037+00:00 [running]> on host 3befbd719c1b
[2025-03-02T19:12:58.248+0000] {taskinstance.py:1570} INFO - Exporting env vars: AIRFLOW_CTX_DAG_OWNER='***' AIRFLOW_CTX_DAG_ID='api_to_db_dag' AIRFLOW_CTX_TASK_ID='combine_analyse_data' AIRFLOW_CTX_EXECUTION_DATE='2025-03-02T19:06:07.855037+00:00' AIRFLOW_CTX_TRY_NUMBER='1' AIRFLOW_CTX_DAG_RUN_ID='manual__2025-03-02T19:06:07.855037+00:00'
[2025-03-02T19:20:03.303+0000] {local_task_job_runner.py:299} WARNING - State of this instance has been externally set to None. Terminating instance.
[2025-03-02T19:20:03.339+0000] {process_utils.py:135} INFO - Sending Signals.SIGTERM to group 63675. PIDs of all processes in the group: [63675]
[2025-03-02T19:20:03.339+0000] {process_utils.py:86} INFO - Sending the signal Signals.SIGTERM to group 63675
[2025-03-02T19:20:03.344+0000] {taskinstance.py:1540} ERROR - Received SIGTERM. Terminating subprocesses.
[2025-03-02T19:20:03.406+0000] {taskinstance.py:1847} ERROR - Task failed with exception
Traceback (most recent call last):
  File "/home/airflow/.local/lib/python3.7/site-packages/airflow/operators/python.py", line 181, in execute
    return_value = self.execute_callable()
  File "/home/airflow/.local/lib/python3.7/site-packages/airflow/operators/python.py", line 198, in execute_callable
    return self.python_callable(*self.op_args, **self.op_kwargs)
  File "/opt/airflow/lib/data_combiner.py", line 57, in combine_data
    spark.stop()
  File "/home/airflow/.local/lib/python3.7/site-packages/pyspark/sql/session.py", line 1599, in stop
    self._sc.stop()
  File "/home/airflow/.local/lib/python3.7/site-packages/pyspark/context.py", line 663, in stop
    self._accumulatorServer.shutdown()
  File "/home/airflow/.local/lib/python3.7/site-packages/pyspark/accumulators.py", line 302, in shutdown
    SocketServer.TCPServer.shutdown(self)
  File "/usr/local/lib/python3.7/socketserver.py", line 252, in shutdown
    self.__is_shut_down.wait()
  File "/usr/local/lib/python3.7/threading.py", line 552, in wait
    signaled = self._cond.wait(timeout)
  File "/usr/local/lib/python3.7/threading.py", line 296, in wait
    waiter.acquire()
  File "/home/airflow/.local/lib/python3.7/site-packages/airflow/models/taskinstance.py", line 1542, in signal_handler
    raise AirflowException("Task received SIGTERM signal")
airflow.exceptions.AirflowException: Task received SIGTERM signal
[2025-03-02T19:20:03.422+0000] {taskinstance.py:1373} INFO - Marking task as FAILED. dag_id=api_to_db_dag, task_id=combine_analyse_data, execution_date=20250302T190607, start_date=20250302T191257, end_date=20250302T192003
[2025-03-02T19:20:03.455+0000] {standard_task_runner.py:109} ERROR - Failed to execute job 179 for task combine_analyse_data ((psycopg2.errors.ForeignKeyViolation) insert or update on table "task_fail" violates foreign key constraint "task_fail_ti_fkey"
DETAIL:  Key (dag_id, task_id, run_id, map_index)=(api_to_db_dag, combine_analyse_data, manual__2025-03-02T19:06:07.855037+00:00, -1) is not present in table "task_instance".

[SQL: INSERT INTO task_fail (task_id, dag_id, run_id, map_index, start_date, end_date, duration) VALUES (%(task_id)s, %(dag_id)s, %(run_id)s, %(map_index)s, %(start_date)s, %(end_date)s, %(duration)s) RETURNING task_fail.id]
[parameters: {'task_id': 'combine_analyse_data', 'dag_id': 'api_to_db_dag', 'run_id': 'manual__2025-03-02T19:06:07.855037+00:00', 'map_index': -1, 'start_date': datetime.datetime(2025, 3, 2, 19, 12, 57, 895532, tzinfo=Timezone('UTC')), 'end_date': datetime.datetime(2025, 3, 2, 19, 20, 3, 419118, tzinfo=Timezone('UTC')), 'duration': 425}]
(Background on this error at: https://sqlalche.me/e/14/gkpj); 63675)
[2025-03-02T19:20:03.523+0000] {process_utils.py:79} INFO - Process psutil.Process(pid=63675, status='terminated', exitcode=1, started='19:12:57') (63675) terminated with exit code 1
