[2025-02-27T22:34:06.764+0000] {taskinstance.py:1125} INFO - Dependencies all met for dep_context=non-requeueable deps ti=<TaskInstance: api_to_db_dag.spark_join_task manual__2025-02-27T22:34:05.670494+00:00 [queued]>
[2025-02-27T22:34:06.770+0000] {taskinstance.py:1125} INFO - Dependencies all met for dep_context=requeueable deps ti=<TaskInstance: api_to_db_dag.spark_join_task manual__2025-02-27T22:34:05.670494+00:00 [queued]>
[2025-02-27T22:34:06.770+0000] {taskinstance.py:1331} INFO - Starting attempt 1 of 1
[2025-02-27T22:34:06.777+0000] {taskinstance.py:1350} INFO - Executing <Task(SparkSubmitOperator): spark_join_task> on 2025-02-27 22:34:05.670494+00:00
[2025-02-27T22:34:06.781+0000] {standard_task_runner.py:57} INFO - Started process 5005 to run task
[2025-02-27T22:34:06.784+0000] {standard_task_runner.py:84} INFO - Running: ['***', 'tasks', 'run', 'api_to_db_dag', 'spark_join_task', 'manual__2025-02-27T22:34:05.670494+00:00', '--job-id', '77', '--raw', '--subdir', 'DAGS_FOLDER/dag.py', '--cfg-path', '/tmp/tmpo0en_291']
[2025-02-27T22:34:06.787+0000] {standard_task_runner.py:85} INFO - Job 77: Subtask spark_join_task
[2025-02-27T22:34:06.862+0000] {task_command.py:410} INFO - Running <TaskInstance: api_to_db_dag.spark_join_task manual__2025-02-27T22:34:05.670494+00:00 [running]> on host 53fdc8261bae
[2025-02-27T22:34:07.124+0000] {taskinstance.py:1570} INFO - Exporting env vars: AIRFLOW_CTX_DAG_OWNER='***' AIRFLOW_CTX_DAG_ID='api_to_db_dag' AIRFLOW_CTX_TASK_ID='spark_join_task' AIRFLOW_CTX_EXECUTION_DATE='2025-02-27T22:34:05.670494+00:00' AIRFLOW_CTX_TRY_NUMBER='1' AIRFLOW_CTX_DAG_RUN_ID='manual__2025-02-27T22:34:05.670494+00:00'
[2025-02-27T22:34:07.131+0000] {base.py:73} INFO - Using connection ID 'spark_default' for task execution.
[2025-02-27T22:34:07.132+0000] {spark_submit.py:339} INFO - Spark-Submit cmd: spark-submit --master spark-master:7077 --conf spark.master=spark://spark-master:7077 --conf spark.driver.extraClassPath=/opt/bitnami/spark/jars/postgresql-42.7.5.jar --conf spark.executor.extraClassPath=/opt/bitnami/spark/jars/postgresql-42.7.5.jar --conf spark.jars=/opt/bitnami/spark/jars/postgresql-42.7.5.jar --name spark_join --verbose /opt/***/dags/spark_join.py
[2025-02-27T22:34:08.199+0000] {spark_submit.py:490} INFO - Using properties file: null
[2025-02-27T22:34:08.305+0000] {spark_submit.py:490} INFO - Parsed arguments:
[2025-02-27T22:34:08.305+0000] {spark_submit.py:490} INFO - master                  spark-master:7077
[2025-02-27T22:34:08.305+0000] {spark_submit.py:490} INFO - remote                  null
[2025-02-27T22:34:08.306+0000] {spark_submit.py:490} INFO - deployMode              null
[2025-02-27T22:34:08.306+0000] {spark_submit.py:490} INFO - executorMemory          null
[2025-02-27T22:34:08.306+0000] {spark_submit.py:490} INFO - executorCores           null
[2025-02-27T22:34:08.306+0000] {spark_submit.py:490} INFO - totalExecutorCores      null
[2025-02-27T22:34:08.306+0000] {spark_submit.py:490} INFO - propertiesFile          null
[2025-02-27T22:34:08.306+0000] {spark_submit.py:490} INFO - driverMemory            null
[2025-02-27T22:34:08.306+0000] {spark_submit.py:490} INFO - driverCores             null
[2025-02-27T22:34:08.306+0000] {spark_submit.py:490} INFO - driverExtraClassPath    /opt/bitnami/spark/jars/postgresql-42.7.5.jar
[2025-02-27T22:34:08.306+0000] {spark_submit.py:490} INFO - driverExtraLibraryPath  null
[2025-02-27T22:34:08.306+0000] {spark_submit.py:490} INFO - driverExtraJavaOptions  null
[2025-02-27T22:34:08.306+0000] {spark_submit.py:490} INFO - supervise               false
[2025-02-27T22:34:08.306+0000] {spark_submit.py:490} INFO - queue                   null
[2025-02-27T22:34:08.306+0000] {spark_submit.py:490} INFO - numExecutors            null
[2025-02-27T22:34:08.307+0000] {spark_submit.py:490} INFO - files                   null
[2025-02-27T22:34:08.307+0000] {spark_submit.py:490} INFO - pyFiles                 null
[2025-02-27T22:34:08.307+0000] {spark_submit.py:490} INFO - archives                null
[2025-02-27T22:34:08.307+0000] {spark_submit.py:490} INFO - mainClass               null
[2025-02-27T22:34:08.308+0000] {spark_submit.py:490} INFO - primaryResource         file:/opt/***/dags/spark_join.py
[2025-02-27T22:34:08.308+0000] {spark_submit.py:490} INFO - name                    spark_join
[2025-02-27T22:34:08.308+0000] {spark_submit.py:490} INFO - childArgs               []
[2025-02-27T22:34:08.308+0000] {spark_submit.py:490} INFO - jars                    /opt/bitnami/spark/jars/postgresql-42.7.5.jar
[2025-02-27T22:34:08.308+0000] {spark_submit.py:490} INFO - packages                null
[2025-02-27T22:34:08.308+0000] {spark_submit.py:490} INFO - packagesExclusions      null
[2025-02-27T22:34:08.308+0000] {spark_submit.py:490} INFO - repositories            null
[2025-02-27T22:34:08.308+0000] {spark_submit.py:490} INFO - verbose                 true
[2025-02-27T22:34:08.308+0000] {spark_submit.py:490} INFO - 
[2025-02-27T22:34:08.308+0000] {spark_submit.py:490} INFO - Spark properties used, including those specified through
[2025-02-27T22:34:08.308+0000] {spark_submit.py:490} INFO - --conf and those from the properties file null:
[2025-02-27T22:34:08.308+0000] {spark_submit.py:490} INFO - (spark.driver.extraClassPath,/opt/bitnami/spark/jars/postgresql-42.7.5.jar)
[2025-02-27T22:34:08.309+0000] {spark_submit.py:490} INFO - (spark.executor.extraClassPath,/opt/bitnami/spark/jars/postgresql-42.7.5.jar)
[2025-02-27T22:34:08.309+0000] {spark_submit.py:490} INFO - (spark.jars,/opt/bitnami/spark/jars/postgresql-42.7.5.jar)
[2025-02-27T22:34:08.309+0000] {spark_submit.py:490} INFO - (spark.master,spark://spark-master:7077)
[2025-02-27T22:34:08.309+0000] {spark_submit.py:490} INFO - 
[2025-02-27T22:34:08.309+0000] {spark_submit.py:490} INFO - 
[2025-02-27T22:34:08.533+0000] {spark_submit.py:490} INFO - 25/02/27 22:34:08 WARN NativeCodeLoader: Unable to load native-hadoop library for your platform... using builtin-java classes where applicable
[2025-02-27T22:34:08.662+0000] {spark_submit.py:490} INFO - Main class:
[2025-02-27T22:34:08.662+0000] {spark_submit.py:490} INFO - org.apache.spark.deploy.PythonRunner
[2025-02-27T22:34:08.663+0000] {spark_submit.py:490} INFO - Arguments:
[2025-02-27T22:34:08.663+0000] {spark_submit.py:490} INFO - file:/opt/***/dags/spark_join.py
[2025-02-27T22:34:08.663+0000] {spark_submit.py:490} INFO - null
[2025-02-27T22:34:08.664+0000] {spark_submit.py:490} INFO - Spark config:
[2025-02-27T22:34:08.664+0000] {spark_submit.py:490} INFO - (spark.app.name,spark_join)
[2025-02-27T22:34:08.664+0000] {spark_submit.py:490} INFO - (spark.app.submitTime,1740695648649)
[2025-02-27T22:34:08.664+0000] {spark_submit.py:490} INFO - (spark.driver.extraClassPath,/opt/bitnami/spark/jars/postgresql-42.7.5.jar)
[2025-02-27T22:34:08.664+0000] {spark_submit.py:490} INFO - (spark.executor.extraClassPath,/opt/bitnami/spark/jars/postgresql-42.7.5.jar)
[2025-02-27T22:34:08.665+0000] {spark_submit.py:490} INFO - (spark.jars,file:///opt/bitnami/spark/jars/postgresql-42.7.5.jar)
[2025-02-27T22:34:08.665+0000] {spark_submit.py:490} INFO - (spark.master,spark-master:7077)
[2025-02-27T22:34:08.665+0000] {spark_submit.py:490} INFO - (spark.repl.local.jars,file:///opt/bitnami/spark/jars/postgresql-42.7.5.jar)
[2025-02-27T22:34:08.665+0000] {spark_submit.py:490} INFO - (spark.submit.deployMode,client)
[2025-02-27T22:34:08.665+0000] {spark_submit.py:490} INFO - (spark.submit.pyFiles,)
[2025-02-27T22:34:08.665+0000] {spark_submit.py:490} INFO - Classpath elements:
[2025-02-27T22:34:08.665+0000] {spark_submit.py:490} INFO - file:///opt/bitnami/spark/jars/postgresql-42.7.5.jar
[2025-02-27T22:34:08.666+0000] {spark_submit.py:490} INFO - 
[2025-02-27T22:34:08.666+0000] {spark_submit.py:490} INFO - 
[2025-02-27T22:34:09.158+0000] {spark_submit.py:490} INFO - 25/02/27 22:34:09 INFO SparkContext: Running Spark version 3.4.4
[2025-02-27T22:34:09.174+0000] {spark_submit.py:490} INFO - 25/02/27 22:34:09 INFO ResourceUtils: ==============================================================
[2025-02-27T22:34:09.175+0000] {spark_submit.py:490} INFO - 25/02/27 22:34:09 INFO ResourceUtils: No custom resources configured for spark.driver.
[2025-02-27T22:34:09.175+0000] {spark_submit.py:490} INFO - 25/02/27 22:34:09 INFO ResourceUtils: ==============================================================
[2025-02-27T22:34:09.175+0000] {spark_submit.py:490} INFO - 25/02/27 22:34:09 INFO SparkContext: Submitted application: JoinVelibTables
[2025-02-27T22:34:09.189+0000] {spark_submit.py:490} INFO - 25/02/27 22:34:09 INFO ResourceProfile: Default ResourceProfile created, executor resources: Map(cores -> name: cores, amount: 4, script: , vendor: , memory -> name: memory, amount: 4096, script: , vendor: , offHeap -> name: offHeap, amount: 0, script: , vendor: ), task resources: Map(cpus -> name: cpus, amount: 1.0)
[2025-02-27T22:34:09.205+0000] {spark_submit.py:490} INFO - 25/02/27 22:34:09 INFO ResourceProfile: Limiting resource is cpus at 4 tasks per executor
[2025-02-27T22:34:09.206+0000] {spark_submit.py:490} INFO - 25/02/27 22:34:09 INFO ResourceProfileManager: Added ResourceProfile id: 0
[2025-02-27T22:34:09.239+0000] {spark_submit.py:490} INFO - 25/02/27 22:34:09 INFO SecurityManager: Changing view acls to: ***
[2025-02-27T22:34:09.240+0000] {spark_submit.py:490} INFO - 25/02/27 22:34:09 INFO SecurityManager: Changing modify acls to: ***
[2025-02-27T22:34:09.240+0000] {spark_submit.py:490} INFO - 25/02/27 22:34:09 INFO SecurityManager: Changing view acls groups to:
[2025-02-27T22:34:09.240+0000] {spark_submit.py:490} INFO - 25/02/27 22:34:09 INFO SecurityManager: Changing modify acls groups to:
[2025-02-27T22:34:09.240+0000] {spark_submit.py:490} INFO - 25/02/27 22:34:09 INFO SecurityManager: SecurityManager: authentication disabled; ui acls disabled; users with view permissions: ***; groups with view permissions: EMPTY; users with modify permissions: ***; groups with modify permissions: EMPTY
[2025-02-27T22:34:09.372+0000] {spark_submit.py:490} INFO - 25/02/27 22:34:09 INFO Utils: Successfully started service 'sparkDriver' on port 38317.
[2025-02-27T22:34:09.389+0000] {spark_submit.py:490} INFO - 25/02/27 22:34:09 INFO SparkEnv: Registering MapOutputTracker
[2025-02-27T22:34:09.409+0000] {spark_submit.py:490} INFO - 25/02/27 22:34:09 INFO SparkEnv: Registering BlockManagerMaster
[2025-02-27T22:34:09.420+0000] {spark_submit.py:490} INFO - 25/02/27 22:34:09 INFO BlockManagerMasterEndpoint: Using org.apache.spark.storage.DefaultTopologyMapper for getting topology information
[2025-02-27T22:34:09.420+0000] {spark_submit.py:490} INFO - 25/02/27 22:34:09 INFO BlockManagerMasterEndpoint: BlockManagerMasterEndpoint up
[2025-02-27T22:34:09.423+0000] {spark_submit.py:490} INFO - 25/02/27 22:34:09 INFO SparkEnv: Registering BlockManagerMasterHeartbeat
[2025-02-27T22:34:09.439+0000] {spark_submit.py:490} INFO - 25/02/27 22:34:09 INFO DiskBlockManager: Created local directory at /tmp/blockmgr-c7ca3c4f-30cf-479e-8c5d-92c4914f5d12
[2025-02-27T22:34:09.450+0000] {spark_submit.py:490} INFO - 25/02/27 22:34:09 INFO MemoryStore: MemoryStore started with capacity 434.4 MiB
[2025-02-27T22:34:09.460+0000] {spark_submit.py:490} INFO - 25/02/27 22:34:09 INFO SparkEnv: Registering OutputCommitCoordinator
[2025-02-27T22:34:09.545+0000] {spark_submit.py:490} INFO - 25/02/27 22:34:09 INFO JettyUtils: Start Jetty 0.0.0.0:4040 for SparkUI
[2025-02-27T22:34:09.584+0000] {spark_submit.py:490} INFO - 25/02/27 22:34:09 INFO Utils: Successfully started service 'SparkUI' on port 4040.
[2025-02-27T22:34:09.607+0000] {spark_submit.py:490} INFO - 25/02/27 22:34:09 INFO SparkContext: Added JAR file:///opt/bitnami/spark/jars/postgresql-42.7.5.jar at spark://53fdc8261bae:38317/jars/postgresql-42.7.5.jar with timestamp 1740695649152
[2025-02-27T22:34:09.667+0000] {spark_submit.py:490} INFO - 25/02/27 22:34:09 INFO StandaloneAppClient$ClientEndpoint: Connecting to master spark://spark-master:7077...
[2025-02-27T22:34:09.696+0000] {spark_submit.py:490} INFO - 25/02/27 22:34:09 INFO TransportClientFactory: Successfully created connection to spark-master/172.18.0.3:7077 after 17 ms (0 ms spent in bootstraps)
[2025-02-27T22:34:09.823+0000] {spark_submit.py:490} INFO - 25/02/27 22:34:09 INFO StandaloneSchedulerBackend: Connected to Spark cluster with app ID app-20250227223409-0010
[2025-02-27T22:34:09.838+0000] {spark_submit.py:490} INFO - 25/02/27 22:34:09 INFO StandaloneAppClient$ClientEndpoint: Executor added: app-20250227223409-0010/0 on worker-20250227203627-172.18.0.4-43141 (172.18.0.4:43141) with 4 core(s)
[2025-02-27T22:34:09.846+0000] {spark_submit.py:490} INFO - 25/02/27 22:34:09 INFO StandaloneSchedulerBackend: Granted executor ID app-20250227223409-0010/0 on hostPort 172.18.0.4:43141 with 4 core(s), 4.0 GiB RAM
[2025-02-27T22:34:09.847+0000] {spark_submit.py:490} INFO - 25/02/27 22:34:09 INFO Utils: Successfully started service 'org.apache.spark.network.netty.NettyBlockTransferService' on port 34919.
[2025-02-27T22:34:09.848+0000] {spark_submit.py:490} INFO - 25/02/27 22:34:09 INFO NettyBlockTransferService: Server created on 53fdc8261bae:34919
[2025-02-27T22:34:09.848+0000] {spark_submit.py:490} INFO - 25/02/27 22:34:09 INFO BlockManager: Using org.apache.spark.storage.RandomBlockReplicationPolicy for block replication policy
[2025-02-27T22:34:09.853+0000] {spark_submit.py:490} INFO - 25/02/27 22:34:09 INFO BlockManagerMaster: Registering BlockManager BlockManagerId(driver, 53fdc8261bae, 34919, None)
[2025-02-27T22:34:09.856+0000] {spark_submit.py:490} INFO - 25/02/27 22:34:09 INFO BlockManagerMasterEndpoint: Registering block manager 53fdc8261bae:34919 with 434.4 MiB RAM, BlockManagerId(driver, 53fdc8261bae, 34919, None)
[2025-02-27T22:34:09.859+0000] {spark_submit.py:490} INFO - 25/02/27 22:34:09 INFO BlockManagerMaster: Registered BlockManager BlockManagerId(driver, 53fdc8261bae, 34919, None)
[2025-02-27T22:34:09.860+0000] {spark_submit.py:490} INFO - 25/02/27 22:34:09 INFO BlockManager: Initialized BlockManager: BlockManagerId(driver, 53fdc8261bae, 34919, None)
[2025-02-27T22:34:09.894+0000] {spark_submit.py:490} INFO - 25/02/27 22:34:09 INFO StandaloneAppClient$ClientEndpoint: Executor updated: app-20250227223409-0010/0 is now RUNNING
[2025-02-27T22:34:10.038+0000] {spark_submit.py:490} INFO - 25/02/27 22:34:10 INFO StandaloneSchedulerBackend: SchedulerBackend is ready for scheduling beginning after reached minRegisteredResourcesRatio: 0.0
[2025-02-27T22:34:10.057+0000] {spark_submit.py:490} INFO - /home/***/.local/lib/python3.7/site-packages/pyspark/python/lib/pyspark.zip/pyspark/context.py:317: FutureWarning: Python 3.7 support is deprecated in Spark 3.4.
[2025-02-27T22:34:10.059+0000] {spark_submit.py:490} INFO - warnings.warn("Python 3.7 support is deprecated in Spark 3.4.", FutureWarning)
[2025-02-27T22:34:10.175+0000] {spark_submit.py:490} INFO - 25/02/27 22:34:10 INFO SharedState: Setting hive.metastore.warehouse.dir ('null') to the value of spark.sql.warehouse.dir.
[2025-02-27T22:34:10.177+0000] {spark_submit.py:490} INFO - 25/02/27 22:34:10 INFO SharedState: Warehouse path is 'file:/opt/***/spark-warehouse'.
[2025-02-27T22:34:10.943+0000] {spark_submit.py:490} INFO - Traceback (most recent call last):
[2025-02-27T22:34:10.943+0000] {spark_submit.py:490} INFO - File "/opt/***/dags/spark_join.py", line 41, in <module>
[2025-02-27T22:34:10.944+0000] {spark_submit.py:490} INFO - main()
[2025-02-27T22:34:10.944+0000] {spark_submit.py:490} INFO - File "/opt/***/dags/spark_join.py", line 22, in main
[2025-02-27T22:34:10.944+0000] {spark_submit.py:490} INFO - stations_df = spark.read.jdbc(url=jdbc_url, table="velib_stations", properties=connection_properties)
[2025-02-27T22:34:10.944+0000] {spark_submit.py:490} INFO - File "/home/***/.local/lib/python3.7/site-packages/pyspark/python/lib/pyspark.zip/pyspark/sql/readwriter.py", line 927, in jdbc
[2025-02-27T22:34:10.944+0000] {spark_submit.py:490} INFO - File "/home/***/.local/lib/python3.7/site-packages/pyspark/python/lib/py4j-0.10.9.7-src.zip/py4j/java_gateway.py", line 1323, in __call__
[2025-02-27T22:34:10.944+0000] {spark_submit.py:490} INFO - File "/home/***/.local/lib/python3.7/site-packages/pyspark/python/lib/pyspark.zip/pyspark/errors/exceptions/captured.py", line 169, in deco
[2025-02-27T22:34:10.945+0000] {spark_submit.py:490} INFO - File "/home/***/.local/lib/python3.7/site-packages/pyspark/python/lib/py4j-0.10.9.7-src.zip/py4j/protocol.py", line 328, in get_return_value
[2025-02-27T22:34:10.945+0000] {spark_submit.py:490} INFO - py4j.protocol.Py4JJavaError: An error occurred while calling o35.jdbc.
[2025-02-27T22:34:10.945+0000] {spark_submit.py:490} INFO - : org.postgresql.util.PSQLException: ERROR: relation "velib_stations" does not exist
[2025-02-27T22:34:10.945+0000] {spark_submit.py:490} INFO - Position: 15
[2025-02-27T22:34:10.945+0000] {spark_submit.py:490} INFO - at org.postgresql.core.v3.QueryExecutorImpl.receiveErrorResponse(QueryExecutorImpl.java:2733)
[2025-02-27T22:34:10.945+0000] {spark_submit.py:490} INFO - at org.postgresql.core.v3.QueryExecutorImpl.processResults(QueryExecutorImpl.java:2420)
[2025-02-27T22:34:10.946+0000] {spark_submit.py:490} INFO - at org.postgresql.core.v3.QueryExecutorImpl.execute(QueryExecutorImpl.java:372)
[2025-02-27T22:34:10.946+0000] {spark_submit.py:490} INFO - at org.postgresql.jdbc.PgStatement.executeInternal(PgStatement.java:517)
[2025-02-27T22:34:10.946+0000] {spark_submit.py:490} INFO - at org.postgresql.jdbc.PgStatement.execute(PgStatement.java:434)
[2025-02-27T22:34:10.946+0000] {spark_submit.py:490} INFO - at org.postgresql.jdbc.PgPreparedStatement.executeWithFlags(PgPreparedStatement.java:194)
[2025-02-27T22:34:10.946+0000] {spark_submit.py:490} INFO - at org.postgresql.jdbc.PgPreparedStatement.executeQuery(PgPreparedStatement.java:137)
[2025-02-27T22:34:10.946+0000] {spark_submit.py:490} INFO - at org.apache.spark.sql.execution.datasources.jdbc.JDBCRDD$.getQueryOutputSchema(JDBCRDD.scala:68)
[2025-02-27T22:34:10.946+0000] {spark_submit.py:490} INFO - at org.apache.spark.sql.execution.datasources.jdbc.JDBCRDD$.resolveTable(JDBCRDD.scala:58)
[2025-02-27T22:34:10.946+0000] {spark_submit.py:490} INFO - at org.apache.spark.sql.execution.datasources.jdbc.JDBCRelation$.getSchema(JDBCRelation.scala:241)
[2025-02-27T22:34:10.947+0000] {spark_submit.py:490} INFO - at org.apache.spark.sql.execution.datasources.jdbc.JdbcRelationProvider.createRelation(JdbcRelationProvider.scala:37)
[2025-02-27T22:34:10.947+0000] {spark_submit.py:490} INFO - at org.apache.spark.sql.execution.datasources.DataSource.resolveRelation(DataSource.scala:346)
[2025-02-27T22:34:10.947+0000] {spark_submit.py:490} INFO - at org.apache.spark.sql.DataFrameReader.loadV1Source(DataFrameReader.scala:229)
[2025-02-27T22:34:10.947+0000] {spark_submit.py:490} INFO - at org.apache.spark.sql.DataFrameReader.$anonfun$load$2(DataFrameReader.scala:211)
[2025-02-27T22:34:10.947+0000] {spark_submit.py:490} INFO - at scala.Option.getOrElse(Option.scala:189)
[2025-02-27T22:34:10.948+0000] {spark_submit.py:490} INFO - at org.apache.spark.sql.DataFrameReader.load(DataFrameReader.scala:211)
[2025-02-27T22:34:10.948+0000] {spark_submit.py:490} INFO - at org.apache.spark.sql.DataFrameReader.load(DataFrameReader.scala:172)
[2025-02-27T22:34:10.948+0000] {spark_submit.py:490} INFO - at org.apache.spark.sql.DataFrameReader.jdbc(DataFrameReader.scala:249)
[2025-02-27T22:34:10.948+0000] {spark_submit.py:490} INFO - at java.base/jdk.internal.reflect.NativeMethodAccessorImpl.invoke0(Native Method)
[2025-02-27T22:34:10.948+0000] {spark_submit.py:490} INFO - at java.base/jdk.internal.reflect.NativeMethodAccessorImpl.invoke(NativeMethodAccessorImpl.java:62)
[2025-02-27T22:34:10.948+0000] {spark_submit.py:490} INFO - at java.base/jdk.internal.reflect.DelegatingMethodAccessorImpl.invoke(DelegatingMethodAccessorImpl.java:43)
[2025-02-27T22:34:10.949+0000] {spark_submit.py:490} INFO - at java.base/java.lang.reflect.Method.invoke(Method.java:566)
[2025-02-27T22:34:10.949+0000] {spark_submit.py:490} INFO - at py4j.reflection.MethodInvoker.invoke(MethodInvoker.java:244)
[2025-02-27T22:34:10.949+0000] {spark_submit.py:490} INFO - at py4j.reflection.ReflectionEngine.invoke(ReflectionEngine.java:374)
[2025-02-27T22:34:10.949+0000] {spark_submit.py:490} INFO - at py4j.Gateway.invoke(Gateway.java:282)
[2025-02-27T22:34:10.949+0000] {spark_submit.py:490} INFO - at py4j.commands.AbstractCommand.invokeMethod(AbstractCommand.java:132)
[2025-02-27T22:34:10.949+0000] {spark_submit.py:490} INFO - at py4j.commands.CallCommand.execute(CallCommand.java:79)
[2025-02-27T22:34:10.950+0000] {spark_submit.py:490} INFO - at py4j.ClientServerConnection.waitForCommands(ClientServerConnection.java:182)
[2025-02-27T22:34:10.950+0000] {spark_submit.py:490} INFO - at py4j.ClientServerConnection.run(ClientServerConnection.java:106)
[2025-02-27T22:34:10.950+0000] {spark_submit.py:490} INFO - at java.base/java.lang.Thread.run(Thread.java:829)
[2025-02-27T22:34:10.950+0000] {spark_submit.py:490} INFO - 
[2025-02-27T22:34:10.970+0000] {spark_submit.py:490} INFO - 25/02/27 22:34:10 INFO SparkContext: Invoking stop() from shutdown hook
[2025-02-27T22:34:10.970+0000] {spark_submit.py:490} INFO - 25/02/27 22:34:10 INFO SparkContext: SparkContext is stopping with exitCode 0.
[2025-02-27T22:34:10.977+0000] {spark_submit.py:490} INFO - 25/02/27 22:34:10 INFO SparkUI: Stopped Spark web UI at http://53fdc8261bae:4040
[2025-02-27T22:34:10.980+0000] {spark_submit.py:490} INFO - 25/02/27 22:34:10 INFO StandaloneSchedulerBackend: Shutting down all executors
[2025-02-27T22:34:10.982+0000] {spark_submit.py:490} INFO - 25/02/27 22:34:10 INFO StandaloneSchedulerBackend$StandaloneDriverEndpoint: Asking each executor to shut down
[2025-02-27T22:34:10.994+0000] {spark_submit.py:490} INFO - 25/02/27 22:34:10 INFO MapOutputTrackerMasterEndpoint: MapOutputTrackerMasterEndpoint stopped!
[2025-02-27T22:34:11.004+0000] {spark_submit.py:490} INFO - 25/02/27 22:34:11 INFO MemoryStore: MemoryStore cleared
[2025-02-27T22:34:11.005+0000] {spark_submit.py:490} INFO - 25/02/27 22:34:11 INFO BlockManager: BlockManager stopped
[2025-02-27T22:34:11.010+0000] {spark_submit.py:490} INFO - 25/02/27 22:34:11 INFO BlockManagerMaster: BlockManagerMaster stopped
[2025-02-27T22:34:11.011+0000] {spark_submit.py:490} INFO - 25/02/27 22:34:11 INFO OutputCommitCoordinator$OutputCommitCoordinatorEndpoint: OutputCommitCoordinator stopped!
[2025-02-27T22:34:11.019+0000] {spark_submit.py:490} INFO - 25/02/27 22:34:11 INFO SparkContext: Successfully stopped SparkContext
[2025-02-27T22:34:11.019+0000] {spark_submit.py:490} INFO - 25/02/27 22:34:11 INFO ShutdownHookManager: Shutdown hook called
[2025-02-27T22:34:11.019+0000] {spark_submit.py:490} INFO - 25/02/27 22:34:11 INFO ShutdownHookManager: Deleting directory /tmp/spark-6f5de13b-1bc2-4b1e-b8c1-5154c73e9986
[2025-02-27T22:34:11.022+0000] {spark_submit.py:490} INFO - 25/02/27 22:34:11 INFO ShutdownHookManager: Deleting directory /tmp/spark-2eb48d8f-4876-4e49-a04b-2e648907babc
[2025-02-27T22:34:11.026+0000] {spark_submit.py:490} INFO - 25/02/27 22:34:11 INFO ShutdownHookManager: Deleting directory /tmp/spark-2eb48d8f-4876-4e49-a04b-2e648907babc/pyspark-d3b2f91b-f4bd-4598-82d8-37b3895a8764
[2025-02-27T22:34:11.062+0000] {taskinstance.py:1847} ERROR - Task failed with exception
Traceback (most recent call last):
  File "/home/airflow/.local/lib/python3.7/site-packages/airflow/providers/apache/spark/operators/spark_submit.py", line 157, in execute
    self._hook.submit(self._application)
  File "/home/airflow/.local/lib/python3.7/site-packages/airflow/providers/apache/spark/hooks/spark_submit.py", line 422, in submit
    f"Cannot execute: {self._mask_cmd(spark_submit_cmd)}. Error code is: {returncode}."
airflow.exceptions.AirflowException: Cannot execute: spark-submit --master spark-master:7077 --conf spark.master=spark://spark-master:7077 --conf spark.driver.extraClassPath=/opt/bitnami/spark/jars/postgresql-42.7.5.jar --conf spark.executor.extraClassPath=/opt/bitnami/spark/jars/postgresql-42.7.5.jar --conf spark.jars=/opt/bitnami/spark/jars/postgresql-42.7.5.jar --name spark_join --verbose /opt/***/dags/spark_join.py. Error code is: 1.
[2025-02-27T22:34:11.064+0000] {taskinstance.py:1373} INFO - Marking task as FAILED. dag_id=api_to_db_dag, task_id=spark_join_task, execution_date=20250227T223405, start_date=20250227T223406, end_date=20250227T223411
[2025-02-27T22:34:11.073+0000] {standard_task_runner.py:109} ERROR - Failed to execute job 77 for task spark_join_task (Cannot execute: spark-submit --master spark-master:7077 --conf spark.master=spark://spark-master:7077 --conf spark.driver.extraClassPath=/opt/bitnami/spark/jars/postgresql-42.7.5.jar --conf spark.executor.extraClassPath=/opt/bitnami/spark/jars/postgresql-42.7.5.jar --conf spark.jars=/opt/bitnami/spark/jars/postgresql-42.7.5.jar --name spark_join --verbose /opt/***/dags/spark_join.py. Error code is: 1.; 5005)
[2025-02-27T22:34:11.114+0000] {local_task_job_runner.py:232} INFO - Task exited with return code 1
[2025-02-27T22:34:11.128+0000] {taskinstance.py:2674} INFO - 0 downstream tasks scheduled from follow-on schedule check
