[2025-02-27T13:22:33.806+0000] {taskinstance.py:1125} INFO - Dependencies all met for dep_context=non-requeueable deps ti=<TaskInstance: api_to_db_dag.create_velib_station_status_table manual__2025-02-27T13:22:32.899581+00:00 [queued]>
[2025-02-27T13:22:33.811+0000] {taskinstance.py:1125} INFO - Dependencies all met for dep_context=requeueable deps ti=<TaskInstance: api_to_db_dag.create_velib_station_status_table manual__2025-02-27T13:22:32.899581+00:00 [queued]>
[2025-02-27T13:22:33.811+0000] {taskinstance.py:1331} INFO - Starting attempt 1 of 1
[2025-02-27T13:22:33.819+0000] {taskinstance.py:1350} INFO - Executing <Task(PostgresOperator): create_velib_station_status_table> on 2025-02-27 13:22:32.899581+00:00
[2025-02-27T13:22:33.822+0000] {standard_task_runner.py:57} INFO - Started process 178 to run task
[2025-02-27T13:22:33.828+0000] {standard_task_runner.py:84} INFO - Running: ['***', 'tasks', 'run', 'api_to_db_dag', 'create_velib_station_status_table', 'manual__2025-02-27T13:22:32.899581+00:00', '--job-id', '5', '--raw', '--subdir', 'DAGS_FOLDER/dag.py', '--cfg-path', '/tmp/tmptbdxjw2q']
[2025-02-27T13:22:33.830+0000] {standard_task_runner.py:85} INFO - Job 5: Subtask create_velib_station_status_table
[2025-02-27T13:22:33.878+0000] {task_command.py:410} INFO - Running <TaskInstance: api_to_db_dag.create_velib_station_status_table manual__2025-02-27T13:22:32.899581+00:00 [running]> on host f51c37a32fa6
[2025-02-27T13:22:33.936+0000] {taskinstance.py:1570} INFO - Exporting env vars: AIRFLOW_CTX_DAG_OWNER='***' AIRFLOW_CTX_DAG_ID='api_to_db_dag' AIRFLOW_CTX_TASK_ID='create_velib_station_status_table' AIRFLOW_CTX_EXECUTION_DATE='2025-02-27T13:22:32.899581+00:00' AIRFLOW_CTX_TRY_NUMBER='1' AIRFLOW_CTX_DAG_RUN_ID='manual__2025-02-27T13:22:32.899581+00:00'
[2025-02-27T13:22:33.937+0000] {sql.py:262} INFO - Executing: 
        DO $$
        BEGIN
            -- Vérifiez d'abord si le type existe et le supprimer
            IF EXISTS (SELECT 1 FROM pg_type WHERE typname = 'velib_stations') THEN
                EXECUTE 'DROP TYPE IF EXISTS velib_stations CASCADE';
            END IF;
            -- Ensuite, créez la table si elle n'existe pas
            IF NOT EXISTS (
                SELECT 1 FROM information_schema.tables 
                WHERE table_schema = 'public' AND table_name = 'velib_stations'
            ) THEN
                EXECUTE '
                    CREATE TABLE velib_stations(
                        station_id BIGINT,
                        is_installed INT,
                        is_renting INT,
                        is_returning INT,
                        last_reported TIMESTAMP,
                        numBikesAvailable INT,
                        numDocksAvailable INT,
                        num_bikes_available INT,
                        num_ebikes_available INT,
                        num_mechanical_bikes_available INT,
                        num_docks_available INT,
                        PRIMARY KEY (station_id, last_reported)
                    );
                ';
            END IF;
        END
        $$;
    
[2025-02-27T13:22:33.945+0000] {base.py:73} INFO - Using connection ID 'postgres_default' for task execution.
[2025-02-27T13:22:34.072+0000] {base.py:73} INFO - Using connection ID 'postgres_default' for task execution.
[2025-02-27T13:22:34.076+0000] {sql.py:375} INFO - Running statement: 
        DO $$
        BEGIN
            -- Vérifiez d'abord si le type existe et le supprimer
            IF EXISTS (SELECT 1 FROM pg_type WHERE typname = 'velib_stations') THEN
                EXECUTE 'DROP TYPE IF EXISTS velib_stations CASCADE';
            END IF;
            -- Ensuite, créez la table si elle n'existe pas
            IF NOT EXISTS (
                SELECT 1 FROM information_schema.tables 
                WHERE table_schema = 'public' AND table_name = 'velib_stations'
            ) THEN
                EXECUTE '
                    CREATE TABLE velib_stations(
                        station_id BIGINT,
                        is_installed INT,
                        is_renting INT,
                        is_returning INT,
                        last_reported TIMESTAMP,
                        numBikesAvailable INT,
                        numDocksAvailable INT,
                        num_bikes_available INT,
                        num_ebikes_available INT,
                        num_mechanical_bikes_available INT,
                        num_docks_available INT,
                        PRIMARY KEY (station_id, last_reported)
                    );
                ';
            END IF;
        END
        $$;
    , parameters: None
[2025-02-27T13:22:34.093+0000] {taskinstance.py:1373} INFO - Marking task as SUCCESS. dag_id=api_to_db_dag, task_id=create_velib_station_status_table, execution_date=20250227T132232, start_date=20250227T132233, end_date=20250227T132234
[2025-02-27T13:22:34.126+0000] {local_task_job_runner.py:232} INFO - Task exited with return code 0
[2025-02-27T13:22:34.144+0000] {taskinstance.py:2674} INFO - 1 downstream tasks scheduled from follow-on schedule check
