[2025-02-27T13:33:15.643+0000] {taskinstance.py:1125} INFO - Dependencies all met for dep_context=non-requeueable deps ti=<TaskInstance: api_to_db_dag.spark_join_task manual__2025-02-27T13:33:10.326176+00:00 [queued]>
[2025-02-27T13:33:15.648+0000] {taskinstance.py:1125} INFO - Dependencies all met for dep_context=requeueable deps ti=<TaskInstance: api_to_db_dag.spark_join_task manual__2025-02-27T13:33:10.326176+00:00 [queued]>
[2025-02-27T13:33:15.648+0000] {taskinstance.py:1331} INFO - Starting attempt 1 of 1
[2025-02-27T13:33:15.654+0000] {taskinstance.py:1350} INFO - Executing <Task(SparkSubmitOperator): spark_join_task> on 2025-02-27 13:33:10.326176+00:00
[2025-02-27T13:33:15.657+0000] {standard_task_runner.py:57} INFO - Started process 195 to run task
[2025-02-27T13:33:15.659+0000] {standard_task_runner.py:84} INFO - Running: ['***', 'tasks', 'run', 'api_to_db_dag', 'spark_join_task', 'manual__2025-02-27T13:33:10.326176+00:00', '--job-id', '10', '--raw', '--subdir', 'DAGS_FOLDER/dag.py', '--cfg-path', '/tmp/tmp5ug795b1']
[2025-02-27T13:33:15.660+0000] {standard_task_runner.py:85} INFO - Job 10: Subtask spark_join_task
[2025-02-27T13:33:15.684+0000] {task_command.py:410} INFO - Running <TaskInstance: api_to_db_dag.spark_join_task manual__2025-02-27T13:33:10.326176+00:00 [running]> on host 302ea8356a15
[2025-02-27T13:33:15.725+0000] {taskinstance.py:1570} INFO - Exporting env vars: AIRFLOW_CTX_DAG_OWNER='***' AIRFLOW_CTX_DAG_ID='api_to_db_dag' AIRFLOW_CTX_TASK_ID='spark_join_task' AIRFLOW_CTX_EXECUTION_DATE='2025-02-27T13:33:10.326176+00:00' AIRFLOW_CTX_TRY_NUMBER='1' AIRFLOW_CTX_DAG_RUN_ID='manual__2025-02-27T13:33:10.326176+00:00'
[2025-02-27T13:33:15.729+0000] {base.py:73} INFO - Using connection ID 'spark_default' for task execution.
[2025-02-27T13:33:15.729+0000] {spark_submit.py:339} INFO - Spark-Submit cmd: spark-submit --master spark-master:7077 --conf spark.master=spark://spark-master:7077 --name spark_join --verbose --queue root.default /opt/***/dags/spark_join.py
[2025-02-27T13:33:16.724+0000] {spark_submit.py:490} INFO - Using properties file: null
[2025-02-27T13:33:16.782+0000] {spark_submit.py:490} INFO - Parsed arguments:
[2025-02-27T13:33:16.782+0000] {spark_submit.py:490} INFO - master                  spark-master:7077
[2025-02-27T13:33:16.783+0000] {spark_submit.py:490} INFO - remote                  null
[2025-02-27T13:33:16.783+0000] {spark_submit.py:490} INFO - deployMode              null
[2025-02-27T13:33:16.783+0000] {spark_submit.py:490} INFO - executorMemory          null
[2025-02-27T13:33:16.783+0000] {spark_submit.py:490} INFO - executorCores           null
[2025-02-27T13:33:16.783+0000] {spark_submit.py:490} INFO - totalExecutorCores      null
[2025-02-27T13:33:16.783+0000] {spark_submit.py:490} INFO - propertiesFile          null
[2025-02-27T13:33:16.783+0000] {spark_submit.py:490} INFO - driverMemory            null
[2025-02-27T13:33:16.783+0000] {spark_submit.py:490} INFO - driverCores             null
[2025-02-27T13:33:16.783+0000] {spark_submit.py:490} INFO - driverExtraClassPath    null
[2025-02-27T13:33:16.784+0000] {spark_submit.py:490} INFO - driverExtraLibraryPath  null
[2025-02-27T13:33:16.784+0000] {spark_submit.py:490} INFO - driverExtraJavaOptions  null
[2025-02-27T13:33:16.784+0000] {spark_submit.py:490} INFO - supervise               false
[2025-02-27T13:33:16.784+0000] {spark_submit.py:490} INFO - queue                   root.default
[2025-02-27T13:33:16.784+0000] {spark_submit.py:490} INFO - numExecutors            null
[2025-02-27T13:33:16.784+0000] {spark_submit.py:490} INFO - files                   null
[2025-02-27T13:33:16.784+0000] {spark_submit.py:490} INFO - pyFiles                 null
[2025-02-27T13:33:16.784+0000] {spark_submit.py:490} INFO - archives                null
[2025-02-27T13:33:16.785+0000] {spark_submit.py:490} INFO - mainClass               null
[2025-02-27T13:33:16.785+0000] {spark_submit.py:490} INFO - primaryResource         file:/opt/***/dags/spark_join.py
[2025-02-27T13:33:16.785+0000] {spark_submit.py:490} INFO - name                    spark_join
[2025-02-27T13:33:16.785+0000] {spark_submit.py:490} INFO - childArgs               []
[2025-02-27T13:33:16.785+0000] {spark_submit.py:490} INFO - jars                    null
[2025-02-27T13:33:16.785+0000] {spark_submit.py:490} INFO - packages                null
[2025-02-27T13:33:16.786+0000] {spark_submit.py:490} INFO - packagesExclusions      null
[2025-02-27T13:33:16.786+0000] {spark_submit.py:490} INFO - repositories            null
[2025-02-27T13:33:16.786+0000] {spark_submit.py:490} INFO - verbose                 true
[2025-02-27T13:33:16.786+0000] {spark_submit.py:490} INFO - 
[2025-02-27T13:33:16.786+0000] {spark_submit.py:490} INFO - Spark properties used, including those specified through
[2025-02-27T13:33:16.786+0000] {spark_submit.py:490} INFO - --conf and those from the properties file null:
[2025-02-27T13:33:16.786+0000] {spark_submit.py:490} INFO - (spark.master,spark://spark-master:7077)
[2025-02-27T13:33:16.787+0000] {spark_submit.py:490} INFO - 
[2025-02-27T13:33:16.787+0000] {spark_submit.py:490} INFO - 
[2025-02-27T13:33:16.944+0000] {spark_submit.py:490} INFO - Main class:
[2025-02-27T13:33:16.944+0000] {spark_submit.py:490} INFO - org.apache.spark.deploy.PythonRunner
[2025-02-27T13:33:16.944+0000] {spark_submit.py:490} INFO - Arguments:
[2025-02-27T13:33:16.944+0000] {spark_submit.py:490} INFO - file:/opt/***/dags/spark_join.py
[2025-02-27T13:33:16.945+0000] {spark_submit.py:490} INFO - null
[2025-02-27T13:33:16.946+0000] {spark_submit.py:490} INFO - Spark config:
[2025-02-27T13:33:16.946+0000] {spark_submit.py:490} INFO - (spark.app.name,spark_join)
[2025-02-27T13:33:16.946+0000] {spark_submit.py:490} INFO - (spark.app.submitTime,1740663196931)
[2025-02-27T13:33:16.946+0000] {spark_submit.py:490} INFO - (spark.master,spark-master:7077)
[2025-02-27T13:33:16.946+0000] {spark_submit.py:490} INFO - (spark.submit.deployMode,client)
[2025-02-27T13:33:16.946+0000] {spark_submit.py:490} INFO - (spark.submit.pyFiles,)
[2025-02-27T13:33:16.946+0000] {spark_submit.py:490} INFO - Classpath elements:
[2025-02-27T13:33:16.946+0000] {spark_submit.py:490} INFO - 
[2025-02-27T13:33:16.946+0000] {spark_submit.py:490} INFO - 
[2025-02-27T13:33:16.946+0000] {spark_submit.py:490} INFO - 
[2025-02-27T13:33:17.565+0000] {spark_submit.py:490} INFO - 25/02/27 13:33:17 INFO SparkContext: Running Spark version 3.4.4
[2025-02-27T13:33:17.609+0000] {spark_submit.py:490} INFO - 25/02/27 13:33:17 WARN NativeCodeLoader: Unable to load native-hadoop library for your platform... using builtin-java classes where applicable
[2025-02-27T13:33:17.652+0000] {spark_submit.py:490} INFO - 25/02/27 13:33:17 INFO ResourceUtils: ==============================================================
[2025-02-27T13:33:17.653+0000] {spark_submit.py:490} INFO - 25/02/27 13:33:17 INFO ResourceUtils: No custom resources configured for spark.driver.
[2025-02-27T13:33:17.653+0000] {spark_submit.py:490} INFO - 25/02/27 13:33:17 INFO ResourceUtils: ==============================================================
[2025-02-27T13:33:17.653+0000] {spark_submit.py:490} INFO - 25/02/27 13:33:17 INFO SparkContext: Submitted application: JoinVelibTables
[2025-02-27T13:33:17.664+0000] {spark_submit.py:490} INFO - 25/02/27 13:33:17 INFO ResourceProfile: Default ResourceProfile created, executor resources: Map(cores -> name: cores, amount: 1, script: , vendor: , memory -> name: memory, amount: 1024, script: , vendor: , offHeap -> name: offHeap, amount: 0, script: , vendor: ), task resources: Map(cpus -> name: cpus, amount: 1.0)
[2025-02-27T13:33:17.671+0000] {spark_submit.py:490} INFO - 25/02/27 13:33:17 INFO ResourceProfile: Limiting resource is cpu
[2025-02-27T13:33:17.671+0000] {spark_submit.py:490} INFO - 25/02/27 13:33:17 INFO ResourceProfileManager: Added ResourceProfile id: 0
[2025-02-27T13:33:17.702+0000] {spark_submit.py:490} INFO - 25/02/27 13:33:17 INFO SecurityManager: Changing view acls to: ***
[2025-02-27T13:33:17.702+0000] {spark_submit.py:490} INFO - 25/02/27 13:33:17 INFO SecurityManager: Changing modify acls to: ***
[2025-02-27T13:33:17.702+0000] {spark_submit.py:490} INFO - 25/02/27 13:33:17 INFO SecurityManager: Changing view acls groups to:
[2025-02-27T13:33:17.702+0000] {spark_submit.py:490} INFO - 25/02/27 13:33:17 INFO SecurityManager: Changing modify acls groups to:
[2025-02-27T13:33:17.702+0000] {spark_submit.py:490} INFO - 25/02/27 13:33:17 INFO SecurityManager: SecurityManager: authentication disabled; ui acls disabled; users with view permissions: ***; groups with view permissions: EMPTY; users with modify permissions: ***; groups with modify permissions: EMPTY
[2025-02-27T13:33:17.834+0000] {spark_submit.py:490} INFO - 25/02/27 13:33:17 INFO Utils: Successfully started service 'sparkDriver' on port 35101.
[2025-02-27T13:33:17.851+0000] {spark_submit.py:490} INFO - 25/02/27 13:33:17 INFO SparkEnv: Registering MapOutputTracker
[2025-02-27T13:33:17.870+0000] {spark_submit.py:490} INFO - 25/02/27 13:33:17 INFO SparkEnv: Registering BlockManagerMaster
[2025-02-27T13:33:17.881+0000] {spark_submit.py:490} INFO - 25/02/27 13:33:17 INFO BlockManagerMasterEndpoint: Using org.apache.spark.storage.DefaultTopologyMapper for getting topology information
[2025-02-27T13:33:17.881+0000] {spark_submit.py:490} INFO - 25/02/27 13:33:17 INFO BlockManagerMasterEndpoint: BlockManagerMasterEndpoint up
[2025-02-27T13:33:17.884+0000] {spark_submit.py:490} INFO - 25/02/27 13:33:17 INFO SparkEnv: Registering BlockManagerMasterHeartbeat
[2025-02-27T13:33:17.899+0000] {spark_submit.py:490} INFO - 25/02/27 13:33:17 INFO DiskBlockManager: Created local directory at /tmp/blockmgr-b90dfe56-2803-470b-831a-7c88f575a5b8
[2025-02-27T13:33:17.908+0000] {spark_submit.py:490} INFO - 25/02/27 13:33:17 INFO MemoryStore: MemoryStore started with capacity 434.4 MiB
[2025-02-27T13:33:17.918+0000] {spark_submit.py:490} INFO - 25/02/27 13:33:17 INFO SparkEnv: Registering OutputCommitCoordinator
[2025-02-27T13:33:17.996+0000] {spark_submit.py:490} INFO - 25/02/27 13:33:17 INFO JettyUtils: Start Jetty 0.0.0.0:4040 for SparkUI
[2025-02-27T13:33:18.029+0000] {spark_submit.py:490} INFO - 25/02/27 13:33:18 INFO Utils: Successfully started service 'SparkUI' on port 4040.
[2025-02-27T13:33:18.057+0000] {spark_submit.py:490} INFO - 25/02/27 13:33:18 ERROR SparkContext: Error initializing SparkContext.
[2025-02-27T13:33:18.057+0000] {spark_submit.py:490} INFO - org.apache.spark.SparkException: Could not parse Master URL: 'spark-master:7077'
[2025-02-27T13:33:18.057+0000] {spark_submit.py:490} INFO - at org.apache.spark.SparkContext$.org$apache$spark$SparkContext$$createTaskScheduler(SparkContext.scala:3028)
[2025-02-27T13:33:18.057+0000] {spark_submit.py:490} INFO - at org.apache.spark.SparkContext.<init>(SparkContext.scala:563)
[2025-02-27T13:33:18.057+0000] {spark_submit.py:490} INFO - at org.apache.spark.api.java.JavaSparkContext.<init>(JavaSparkContext.scala:58)
[2025-02-27T13:33:18.058+0000] {spark_submit.py:490} INFO - at java.base/jdk.internal.reflect.NativeConstructorAccessorImpl.newInstance0(Native Method)
[2025-02-27T13:33:18.058+0000] {spark_submit.py:490} INFO - at java.base/jdk.internal.reflect.NativeConstructorAccessorImpl.newInstance(NativeConstructorAccessorImpl.java:62)
[2025-02-27T13:33:18.058+0000] {spark_submit.py:490} INFO - at java.base/jdk.internal.reflect.DelegatingConstructorAccessorImpl.newInstance(DelegatingConstructorAccessorImpl.java:45)
[2025-02-27T13:33:18.058+0000] {spark_submit.py:490} INFO - at java.base/java.lang.reflect.Constructor.newInstance(Constructor.java:490)
[2025-02-27T13:33:18.058+0000] {spark_submit.py:490} INFO - at py4j.reflection.MethodInvoker.invoke(MethodInvoker.java:247)
[2025-02-27T13:33:18.058+0000] {spark_submit.py:490} INFO - at py4j.reflection.ReflectionEngine.invoke(ReflectionEngine.java:374)
[2025-02-27T13:33:18.058+0000] {spark_submit.py:490} INFO - at py4j.Gateway.invoke(Gateway.java:238)
[2025-02-27T13:33:18.058+0000] {spark_submit.py:490} INFO - at py4j.commands.ConstructorCommand.invokeConstructor(ConstructorCommand.java:80)
[2025-02-27T13:33:18.058+0000] {spark_submit.py:490} INFO - at py4j.commands.ConstructorCommand.execute(ConstructorCommand.java:69)
[2025-02-27T13:33:18.059+0000] {spark_submit.py:490} INFO - at py4j.ClientServerConnection.waitForCommands(ClientServerConnection.java:182)
[2025-02-27T13:33:18.059+0000] {spark_submit.py:490} INFO - at py4j.ClientServerConnection.run(ClientServerConnection.java:106)
[2025-02-27T13:33:18.059+0000] {spark_submit.py:490} INFO - at java.base/java.lang.Thread.run(Thread.java:829)
[2025-02-27T13:33:18.059+0000] {spark_submit.py:490} INFO - 25/02/27 13:33:18 INFO SparkContext: SparkContext is stopping with exitCode 0.
[2025-02-27T13:33:18.064+0000] {spark_submit.py:490} INFO - 25/02/27 13:33:18 INFO SparkUI: Stopped Spark web UI at http://302ea8356a15:4040
[2025-02-27T13:33:18.076+0000] {spark_submit.py:490} INFO - 25/02/27 13:33:18 INFO MapOutputTrackerMasterEndpoint: MapOutputTrackerMasterEndpoint stopped!
[2025-02-27T13:33:18.084+0000] {spark_submit.py:490} INFO - 25/02/27 13:33:18 INFO MemoryStore: MemoryStore cleared
[2025-02-27T13:33:18.084+0000] {spark_submit.py:490} INFO - 25/02/27 13:33:18 INFO BlockManager: BlockManager stopped
[2025-02-27T13:33:18.088+0000] {spark_submit.py:490} INFO - 25/02/27 13:33:18 INFO BlockManagerMaster: BlockManagerMaster stopped
[2025-02-27T13:33:18.088+0000] {spark_submit.py:490} INFO - 25/02/27 13:33:18 WARN MetricsSystem: Stopping a MetricsSystem that is not running
[2025-02-27T13:33:18.089+0000] {spark_submit.py:490} INFO - 25/02/27 13:33:18 INFO OutputCommitCoordinator$OutputCommitCoordinatorEndpoint: OutputCommitCoordinator stopped!
[2025-02-27T13:33:18.094+0000] {spark_submit.py:490} INFO - 25/02/27 13:33:18 INFO SparkContext: Successfully stopped SparkContext
[2025-02-27T13:33:18.095+0000] {spark_submit.py:490} INFO - Traceback (most recent call last):
[2025-02-27T13:33:18.095+0000] {spark_submit.py:490} INFO - File "/opt/***/dags/spark_join.py", line 29, in <module>
[2025-02-27T13:33:18.095+0000] {spark_submit.py:490} INFO - main()
[2025-02-27T13:33:18.095+0000] {spark_submit.py:490} INFO - File "/opt/***/dags/spark_join.py", line 6, in main
[2025-02-27T13:33:18.095+0000] {spark_submit.py:490} INFO - .appName("JoinVelibTables") \
[2025-02-27T13:33:18.095+0000] {spark_submit.py:490} INFO - File "/home/***/.local/lib/python3.7/site-packages/pyspark/python/lib/pyspark.zip/pyspark/sql/session.py", line 477, in getOrCreate
[2025-02-27T13:33:18.096+0000] {spark_submit.py:490} INFO - File "/home/***/.local/lib/python3.7/site-packages/pyspark/python/lib/pyspark.zip/pyspark/context.py", line 512, in getOrCreate
[2025-02-27T13:33:18.096+0000] {spark_submit.py:490} INFO - File "/home/***/.local/lib/python3.7/site-packages/pyspark/python/lib/pyspark.zip/pyspark/context.py", line 212, in __init__
[2025-02-27T13:33:18.096+0000] {spark_submit.py:490} INFO - File "/home/***/.local/lib/python3.7/site-packages/pyspark/python/lib/pyspark.zip/pyspark/context.py", line 287, in _do_init
[2025-02-27T13:33:18.096+0000] {spark_submit.py:490} INFO - File "/home/***/.local/lib/python3.7/site-packages/pyspark/python/lib/pyspark.zip/pyspark/context.py", line 417, in _initialize_context
[2025-02-27T13:33:18.096+0000] {spark_submit.py:490} INFO - File "/home/***/.local/lib/python3.7/site-packages/pyspark/python/lib/py4j-0.10.9.7-src.zip/py4j/java_gateway.py", line 1588, in __call__
[2025-02-27T13:33:18.096+0000] {spark_submit.py:490} INFO - File "/home/***/.local/lib/python3.7/site-packages/pyspark/python/lib/py4j-0.10.9.7-src.zip/py4j/protocol.py", line 328, in get_return_value
[2025-02-27T13:33:18.097+0000] {spark_submit.py:490} INFO - py4j.protocol.Py4JJavaError: An error occurred while calling None.org.apache.spark.api.java.JavaSparkContext.
[2025-02-27T13:33:18.097+0000] {spark_submit.py:490} INFO - : org.apache.spark.SparkException: Could not parse Master URL: 'spark-master:7077'
[2025-02-27T13:33:18.097+0000] {spark_submit.py:490} INFO - at org.apache.spark.SparkContext$.org$apache$spark$SparkContext$$createTaskScheduler(SparkContext.scala:3028)
[2025-02-27T13:33:18.097+0000] {spark_submit.py:490} INFO - at org.apache.spark.SparkContext.<init>(SparkContext.scala:563)
[2025-02-27T13:33:18.098+0000] {spark_submit.py:490} INFO - at org.apache.spark.api.java.JavaSparkContext.<init>(JavaSparkContext.scala:58)
[2025-02-27T13:33:18.098+0000] {spark_submit.py:490} INFO - at java.base/jdk.internal.reflect.NativeConstructorAccessorImpl.newInstance0(Native Method)
[2025-02-27T13:33:18.098+0000] {spark_submit.py:490} INFO - at java.base/jdk.internal.reflect.NativeConstructorAccessorImpl.newInstance(NativeConstructorAccessorImpl.java:62)
[2025-02-27T13:33:18.098+0000] {spark_submit.py:490} INFO - at java.base/jdk.internal.reflect.DelegatingConstructorAccessorImpl.newInstance(DelegatingConstructorAccessorImpl.java:45)
[2025-02-27T13:33:18.098+0000] {spark_submit.py:490} INFO - at java.base/java.lang.reflect.Constructor.newInstance(Constructor.java:490)
[2025-02-27T13:33:18.098+0000] {spark_submit.py:490} INFO - at py4j.reflection.MethodInvoker.invoke(MethodInvoker.java:247)
[2025-02-27T13:33:18.098+0000] {spark_submit.py:490} INFO - at py4j.reflection.ReflectionEngine.invoke(ReflectionEngine.java:374)
[2025-02-27T13:33:18.098+0000] {spark_submit.py:490} INFO - at py4j.Gateway.invoke(Gateway.java:238)
[2025-02-27T13:33:18.098+0000] {spark_submit.py:490} INFO - at py4j.commands.ConstructorCommand.invokeConstructor(ConstructorCommand.java:80)
[2025-02-27T13:33:18.098+0000] {spark_submit.py:490} INFO - at py4j.commands.ConstructorCommand.execute(ConstructorCommand.java:69)
[2025-02-27T13:33:18.098+0000] {spark_submit.py:490} INFO - at py4j.ClientServerConnection.waitForCommands(ClientServerConnection.java:182)
[2025-02-27T13:33:18.098+0000] {spark_submit.py:490} INFO - at py4j.ClientServerConnection.run(ClientServerConnection.java:106)
[2025-02-27T13:33:18.098+0000] {spark_submit.py:490} INFO - at java.base/java.lang.Thread.run(Thread.java:829)
[2025-02-27T13:33:18.098+0000] {spark_submit.py:490} INFO - 
[2025-02-27T13:33:18.117+0000] {spark_submit.py:490} INFO - 25/02/27 13:33:18 INFO ShutdownHookManager: Shutdown hook called
[2025-02-27T13:33:18.117+0000] {spark_submit.py:490} INFO - 25/02/27 13:33:18 INFO ShutdownHookManager: Deleting directory /tmp/spark-410baaa2-ee61-4d49-b71d-7abc71e1ffc8
[2025-02-27T13:33:18.120+0000] {spark_submit.py:490} INFO - 25/02/27 13:33:18 INFO ShutdownHookManager: Deleting directory /tmp/spark-9658e65e-3c7c-495d-8244-ef69a66d40ac
[2025-02-27T13:33:18.157+0000] {taskinstance.py:1847} ERROR - Task failed with exception
Traceback (most recent call last):
  File "/home/airflow/.local/lib/python3.7/site-packages/airflow/providers/apache/spark/operators/spark_submit.py", line 157, in execute
    self._hook.submit(self._application)
  File "/home/airflow/.local/lib/python3.7/site-packages/airflow/providers/apache/spark/hooks/spark_submit.py", line 422, in submit
    f"Cannot execute: {self._mask_cmd(spark_submit_cmd)}. Error code is: {returncode}."
airflow.exceptions.AirflowException: Cannot execute: spark-submit --master spark-master:7077 --conf spark.master=spark://spark-master:7077 --name spark_join --verbose --queue root.default /opt/***/dags/spark_join.py. Error code is: 1.
[2025-02-27T13:33:18.160+0000] {taskinstance.py:1373} INFO - Marking task as FAILED. dag_id=api_to_db_dag, task_id=spark_join_task, execution_date=20250227T133310, start_date=20250227T133315, end_date=20250227T133318
[2025-02-27T13:33:18.170+0000] {standard_task_runner.py:109} ERROR - Failed to execute job 10 for task spark_join_task (Cannot execute: spark-submit --master spark-master:7077 --conf spark.master=spark://spark-master:7077 --name spark_join --verbose --queue root.default /opt/***/dags/spark_join.py. Error code is: 1.; 195)
[2025-02-27T13:33:18.191+0000] {local_task_job_runner.py:232} INFO - Task exited with return code 1
[2025-02-27T13:33:18.207+0000] {taskinstance.py:2674} INFO - 0 downstream tasks scheduled from follow-on schedule check
