[2025-03-01T22:45:03.337+0000] {taskinstance.py:1125} INFO - Dependencies all met for dep_context=non-requeueable deps ti=<TaskInstance: api_to_db_dag.save_raw_station_information scheduled__2025-03-01T22:30:00+00:00 [queued]>
[2025-03-01T22:45:03.344+0000] {taskinstance.py:1125} INFO - Dependencies all met for dep_context=requeueable deps ti=<TaskInstance: api_to_db_dag.save_raw_station_information scheduled__2025-03-01T22:30:00+00:00 [queued]>
[2025-03-01T22:45:03.346+0000] {taskinstance.py:1331} INFO - Starting attempt 1 of 2
[2025-03-01T22:45:03.354+0000] {taskinstance.py:1350} INFO - Executing <Task(PythonOperator): save_raw_station_information> on 2025-03-01 22:30:00+00:00
[2025-03-01T22:45:03.358+0000] {standard_task_runner.py:57} INFO - Started process 19024 to run task
[2025-03-01T22:45:03.360+0000] {standard_task_runner.py:84} INFO - Running: ['***', 'tasks', 'run', 'api_to_db_dag', 'save_raw_station_information', 'scheduled__2025-03-01T22:30:00+00:00', '--job-id', '489', '--raw', '--subdir', 'DAGS_FOLDER/dag.py', '--cfg-path', '/tmp/tmpzbli_ef1']
[2025-03-01T22:45:03.362+0000] {standard_task_runner.py:85} INFO - Job 489: Subtask save_raw_station_information
[2025-03-01T22:45:03.387+0000] {task_command.py:410} INFO - Running <TaskInstance: api_to_db_dag.save_raw_station_information scheduled__2025-03-01T22:30:00+00:00 [running]> on host 7d0564f8eb8b
[2025-03-01T22:45:03.437+0000] {taskinstance.py:1570} INFO - Exporting env vars: AIRFLOW_CTX_DAG_OWNER='***' AIRFLOW_CTX_DAG_ID='api_to_db_dag' AIRFLOW_CTX_TASK_ID='save_raw_station_information' AIRFLOW_CTX_EXECUTION_DATE='2025-03-01T22:30:00+00:00' AIRFLOW_CTX_TRY_NUMBER='1' AIRFLOW_CTX_DAG_RUN_ID='scheduled__2025-03-01T22:30:00+00:00'
[2025-03-01T22:45:03.542+0000] {datalake_saver.py:49} INFO - Data saved successfully to /mnt/data/raw/velib_api/velib_stations/20250301/202503012245.json
[2025-03-01T22:45:03.542+0000] {python.py:183} INFO - Done. Returned value was: /mnt/data/raw/velib_api/velib_stations/20250301/202503012245.json
[2025-03-01T22:45:03.558+0000] {taskinstance.py:1373} INFO - Marking task as SUCCESS. dag_id=api_to_db_dag, task_id=save_raw_station_information, execution_date=20250301T223000, start_date=20250301T224503, end_date=20250301T224503
[2025-03-01T22:45:03.583+0000] {local_task_job_runner.py:232} INFO - Task exited with return code 0
[2025-03-01T22:45:03.601+0000] {taskinstance.py:2674} INFO - 0 downstream tasks scheduled from follow-on schedule check
[2025-03-01T22:47:39.236+0000] {taskinstance.py:1125} INFO - Dependencies all met for dep_context=non-requeueable deps ti=<TaskInstance: api_to_db_dag.save_raw_station_information scheduled__2025-03-01T22:30:00+00:00 [queued]>
[2025-03-01T22:47:39.242+0000] {taskinstance.py:1125} INFO - Dependencies all met for dep_context=requeueable deps ti=<TaskInstance: api_to_db_dag.save_raw_station_information scheduled__2025-03-01T22:30:00+00:00 [queued]>
[2025-03-01T22:47:39.242+0000] {taskinstance.py:1331} INFO - Starting attempt 1 of 2
[2025-03-01T22:47:39.250+0000] {taskinstance.py:1350} INFO - Executing <Task(PythonOperator): save_raw_station_information> on 2025-03-01 22:30:00+00:00
[2025-03-01T22:47:39.253+0000] {standard_task_runner.py:57} INFO - Started process 21518 to run task
[2025-03-01T22:47:39.256+0000] {standard_task_runner.py:84} INFO - Running: ['***', 'tasks', 'run', 'api_to_db_dag', 'save_raw_station_information', 'scheduled__2025-03-01T22:30:00+00:00', '--job-id', '505', '--raw', '--subdir', 'DAGS_FOLDER/dag.py', '--cfg-path', '/tmp/tmp9k0qyebg']
[2025-03-01T22:47:39.259+0000] {standard_task_runner.py:85} INFO - Job 505: Subtask save_raw_station_information
[2025-03-01T22:47:39.291+0000] {task_command.py:410} INFO - Running <TaskInstance: api_to_db_dag.save_raw_station_information scheduled__2025-03-01T22:30:00+00:00 [running]> on host 7d0564f8eb8b
[2025-03-01T22:47:39.343+0000] {taskinstance.py:1570} INFO - Exporting env vars: AIRFLOW_CTX_DAG_OWNER='***' AIRFLOW_CTX_DAG_ID='api_to_db_dag' AIRFLOW_CTX_TASK_ID='save_raw_station_information' AIRFLOW_CTX_EXECUTION_DATE='2025-03-01T22:30:00+00:00' AIRFLOW_CTX_TRY_NUMBER='1' AIRFLOW_CTX_DAG_RUN_ID='scheduled__2025-03-01T22:30:00+00:00'
[2025-03-01T22:47:39.438+0000] {datalake_saver.py:49} INFO - Data saved successfully to /mnt/data/raw/velib_api/velib_stations/20250301/202503012247.json
[2025-03-01T22:47:39.438+0000] {python.py:183} INFO - Done. Returned value was: /mnt/data/raw/velib_api/velib_stations/20250301/202503012247.json
[2025-03-01T22:47:39.450+0000] {taskinstance.py:1373} INFO - Marking task as SUCCESS. dag_id=api_to_db_dag, task_id=save_raw_station_information, execution_date=20250301T223000, start_date=20250301T224739, end_date=20250301T224739
[2025-03-01T22:47:39.476+0000] {local_task_job_runner.py:232} INFO - Task exited with return code 0
[2025-03-01T22:47:39.497+0000] {taskinstance.py:2674} INFO - 1 downstream tasks scheduled from follow-on schedule check
